INFO:logs/DIP_log_model_gaussian_kernel=128_sigma=1.log_model:first model = 
ConvLista_T(
  (apply_A): ConvTranspose2d(175, 1, kernel_size=(11, 11), stride=(8, 8), bias=False)
  (apply_B): Conv2d(1, 175, kernel_size=(11, 11), stride=(8, 8), bias=False)
  (apply_C): Sequential(
    (0): ConvTranspose2d(175, 1, kernel_size=(11, 11), stride=(8, 8))
  )
  (soft_threshold): SoftThreshold()
)

INFO:logs/DIP_log_model_gaussian_kernel=128_sigma=1.log_model:config_dict = {'uuid': 'DIP_project_gaussian_kernel=128_sigma=1', 'kernel_size': 11, 'stride': 8, 'num_filters': 175, 'lr': 0.0002, 'unfoldings': 12, 'lr_decay': 0.35, 'patch_size': 128, 'num_epochs': 250, 'lr_step': 50, 'eps': 0.001, 'threshold': 0.01, 'noise_std': 0.09803921568627451, 'gaussian_size': 128, 'gaussian_sigma': 1}

INFO:logs/DIP_log_model_gaussian_kernel=128_sigma=1.log:Training model...
INFO:logs/DIP_log_model_gaussian_kernel=128_sigma=1.log:train PSNR: 27.46908519944793
INFO:logs/DIP_log_model_gaussian_kernel=128_sigma=1.log:test PSNR: 28.802967206634992
INFO:logs/DIP_log_model_gaussian_kernel=128_sigma=1.log:train PSNR: 28.829349715780907
INFO:logs/DIP_log_model_gaussian_kernel=128_sigma=1.log:test PSNR: 29.89038232778047
INFO:logs/DIP_log_model_gaussian_kernel=128_sigma=1.log:train PSNR: 30.00452787255586
INFO:logs/DIP_log_model_gaussian_kernel=128_sigma=1.log:test PSNR: 30.74677666628361
INFO:logs/DIP_log_model_gaussian_kernel=128_sigma=1.log:train PSNR: 30.76741778473933
INFO:logs/DIP_log_model_gaussian_kernel=128_sigma=1.log:test PSNR: 31.786267062615448
INFO:logs/DIP_log_model_gaussian_kernel=128_sigma=1.log:train PSNR: 31.713804857510553
INFO:logs/DIP_log_model_gaussian_kernel=128_sigma=1.log:test PSNR: 32.53580193306854
INFO:logs/DIP_log_model_gaussian_kernel=128_sigma=1.log:train PSNR: 30.579291973415035
INFO:logs/DIP_log_model_gaussian_kernel=128_sigma=1.log:test PSNR: 32.064625282070615
INFO:logs/DIP_log_model_gaussian_kernel=128_sigma=1.log:train PSNR: 31.984037666072098
INFO:logs/DIP_log_model_gaussian_kernel=128_sigma=1.log:test PSNR: 32.41284673821499
INFO:logs/DIP_log_model_gaussian_kernel=128_sigma=1.log:train PSNR: 31.754934423908768
INFO:logs/DIP_log_model_gaussian_kernel=128_sigma=1.log:test PSNR: 31.875180588651112
INFO:logs/DIP_log_model_gaussian_kernel=128_sigma=1.log:train PSNR: 32.36190040595462
INFO:logs/DIP_log_model_gaussian_kernel=128_sigma=1.log:test PSNR: 32.903104403746944
INFO:logs/DIP_log_model_gaussian_kernel=128_sigma=1.log:train PSNR: 32.260401260085516
INFO:logs/DIP_log_model_gaussian_kernel=128_sigma=1.log:test PSNR: 33.20620749695346
INFO:logs/DIP_log_model_gaussian_kernel=128_sigma=1.log:train PSNR: 32.1968579381027
INFO:logs/DIP_log_model_gaussian_kernel=128_sigma=1.log:test PSNR: 33.285449805729066
INFO:logs/DIP_log_model_gaussian_kernel=128_sigma=1.log:train PSNR: 32.83302734207867
INFO:logs/DIP_log_model_gaussian_kernel=128_sigma=1.log:test PSNR: 33.790091272374205
INFO:logs/DIP_log_model_gaussian_kernel=128_sigma=1.log:train PSNR: 33.240305606100904
INFO:logs/DIP_log_model_gaussian_kernel=128_sigma=1.log:test PSNR: 34.133093129310794
INFO:logs/DIP_log_model_gaussian_kernel=128_sigma=1.log:train PSNR: 33.36446799743591
INFO:logs/DIP_log_model_gaussian_kernel=128_sigma=1.log:test PSNR: 28.18121648998256
INFO:logs/DIP_log_model_gaussian_kernel=128_sigma=1.log:train PSNR: 31.68940261633819
INFO:logs/DIP_log_model_gaussian_kernel=128_sigma=1.log:test PSNR: 33.25120346721065
INFO:logs/DIP_log_model_gaussian_kernel=128_sigma=1.log:train PSNR: 32.96602876406191
INFO:logs/DIP_log_model_gaussian_kernel=128_sigma=1.log:test PSNR: 33.91425149428663
INFO:logs/DIP_log_model_gaussian_kernel=128_sigma=1.log:train PSNR: 33.267444505982084
INFO:logs/DIP_log_model_gaussian_kernel=128_sigma=1.log:test PSNR: 34.42040558357351
INFO:logs/DIP_log_model_gaussian_kernel=128_sigma=1.log:train PSNR: 33.72406457773879
INFO:logs/DIP_log_model_gaussian_kernel=128_sigma=1.log:test PSNR: 34.75476930856351
INFO:logs/DIP_log_model_gaussian_kernel=128_sigma=1.log:train PSNR: 34.083767693842525
INFO:logs/DIP_log_model_gaussian_kernel=128_sigma=1.log:test PSNR: 35.06828901925825
INFO:logs/DIP_log_model_gaussian_kernel=128_sigma=1.log:train PSNR: 33.31410246196432
INFO:logs/DIP_log_model_gaussian_kernel=128_sigma=1.log:test PSNR: 29.499757251564375
INFO:logs/DIP_log_model_gaussian_kernel=128_sigma=1.log:train PSNR: 31.68566902890266
INFO:logs/DIP_log_model_gaussian_kernel=128_sigma=1.log:test PSNR: 33.28019951030356
INFO:logs/DIP_log_model_gaussian_kernel=128_sigma=1.log:train PSNR: 33.114264585906604
INFO:logs/DIP_log_model_gaussian_kernel=128_sigma=1.log:test PSNR: 34.17196662872652
INFO:logs/DIP_log_model_gaussian_kernel=128_sigma=1.log:train PSNR: 33.62052725629645
INFO:logs/DIP_log_model_gaussian_kernel=128_sigma=1.log:test PSNR: 34.73325156661719
INFO:logs/DIP_log_model_gaussian_kernel=128_sigma=1.log:train PSNR: 33.95673450378128
INFO:logs/DIP_log_model_gaussian_kernel=128_sigma=1.log:test PSNR: 35.07032530154284
INFO:logs/DIP_log_model_gaussian_kernel=128_sigma=1.log:train PSNR: 34.42031623698763
INFO:logs/DIP_log_model_gaussian_kernel=128_sigma=1.log:test PSNR: 35.377676032347196
INFO:logs/DIP_log_model_gaussian_kernel=128_sigma=1.log:train PSNR: 34.49837008671161
INFO:logs/DIP_log_model_gaussian_kernel=128_sigma=1.log:test PSNR: 35.50957139320218
INFO:logs/DIP_log_model_gaussian_kernel=128_sigma=1.log:train PSNR: 34.56526838945712
INFO:logs/DIP_log_model_gaussian_kernel=128_sigma=1.log:test PSNR: 35.61533189953521
INFO:logs/DIP_log_model_gaussian_kernel=128_sigma=1.log:train PSNR: 34.84420688506997
INFO:logs/DIP_log_model_gaussian_kernel=128_sigma=1.log:test PSNR: 35.751794599081
INFO:logs/DIP_log_model_gaussian_kernel=128_sigma=1.log:train PSNR: 34.99286568098231
INFO:logs/DIP_log_model_gaussian_kernel=128_sigma=1.log:test PSNR: 35.77656083700692
INFO:logs/DIP_log_model_gaussian_kernel=128_sigma=1.log:train PSNR: 34.8991087189568
INFO:logs/DIP_log_model_gaussian_kernel=128_sigma=1.log:test PSNR: 35.90907178644044
INFO:logs/DIP_log_model_gaussian_kernel=128_sigma=1.log:train PSNR: 34.995771949950075
INFO:logs/DIP_log_model_gaussian_kernel=128_sigma=1.log:test PSNR: 36.15324300874022
INFO:logs/DIP_log_model_gaussian_kernel=128_sigma=1.log:train PSNR: 34.9354785363996
INFO:logs/DIP_log_model_gaussian_kernel=128_sigma=1.log:test PSNR: 36.229784037682734
INFO:logs/DIP_log_model_gaussian_kernel=128_sigma=1.log:train PSNR: 35.12996231674511
INFO:logs/DIP_log_model_gaussian_kernel=128_sigma=1.log:test PSNR: 36.33377001386369
INFO:logs/DIP_log_model_gaussian_kernel=128_sigma=1.log:train PSNR: 34.62702372992422
INFO:logs/DIP_log_model_gaussian_kernel=128_sigma=1.log:test PSNR: 36.24547607886161
INFO:logs/DIP_log_model_gaussian_kernel=128_sigma=1.log:train PSNR: 35.378412379838146
INFO:logs/DIP_log_model_gaussian_kernel=128_sigma=1.log:test PSNR: 36.487653301002275
INFO:logs/DIP_log_model_gaussian_kernel=128_sigma=1.log:train PSNR: 35.52412387968345
INFO:logs/DIP_log_model_gaussian_kernel=128_sigma=1.log:test PSNR: 36.54699392836702
INFO:logs/DIP_log_model_gaussian_kernel=128_sigma=1.log:train PSNR: 35.39927999449804
INFO:logs/DIP_log_model_gaussian_kernel=128_sigma=1.log:test PSNR: 36.65426613561857
INFO:logs/DIP_log_model_gaussian_kernel=128_sigma=1.log:train PSNR: 32.97627192802892
INFO:logs/DIP_log_model_gaussian_kernel=128_sigma=1.log:test PSNR: 34.17148886352785
INFO:logs/DIP_log_model_gaussian_kernel=128_sigma=1.log:train PSNR: 33.811576733392485
INFO:logs/DIP_log_model_gaussian_kernel=128_sigma=1.log:test PSNR: 35.33867550820837
INFO:logs/DIP_log_model_gaussian_kernel=128_sigma=1.log:train PSNR: 34.58423838799785
INFO:logs/DIP_log_model_gaussian_kernel=128_sigma=1.log:test PSNR: 35.885549716589956
INFO:logs/DIP_log_model_gaussian_kernel=128_sigma=1.log:train PSNR: 34.69730059369215
INFO:logs/DIP_log_model_gaussian_kernel=128_sigma=1.log:test PSNR: 36.04737014525383
INFO:logs/DIP_log_model_gaussian_kernel=128_sigma=1.log:train PSNR: 34.98246604099196
INFO:logs/DIP_log_model_gaussian_kernel=128_sigma=1.log:test PSNR: 35.540823918504564
INFO:logs/DIP_log_model_gaussian_kernel=128_sigma=1.log:train PSNR: 35.15915748074982
INFO:logs/DIP_log_model_gaussian_kernel=128_sigma=1.log:test PSNR: 36.34998142477497
INFO:logs/DIP_log_model_gaussian_kernel=128_sigma=1.log:train PSNR: 35.385280529644184
INFO:logs/DIP_log_model_gaussian_kernel=128_sigma=1.log:test PSNR: 36.663069278560364
INFO:logs/DIP_log_model_gaussian_kernel=128_sigma=1.log:train PSNR: 35.33232990498362
INFO:logs/DIP_log_model_gaussian_kernel=128_sigma=1.log:test PSNR: 36.73047619113761
INFO:logs/DIP_log_model_gaussian_kernel=128_sigma=1.log:train PSNR: 34.789941038876336
INFO:logs/DIP_log_model_gaussian_kernel=128_sigma=1.log:test PSNR: 35.67847497211502
INFO:logs/DIP_log_model_gaussian_kernel=128_sigma=1.log:train PSNR: 35.39303656008975
INFO:logs/DIP_log_model_gaussian_kernel=128_sigma=1.log:test PSNR: 36.695234987768956
INFO:logs/DIP_log_model_gaussian_kernel=128_sigma=1.log:train PSNR: 35.93023287140994
INFO:logs/DIP_log_model_gaussian_kernel=128_sigma=1.log:test PSNR: 36.881571707702605
INFO:logs/DIP_log_model_gaussian_kernel=128_sigma=1.log:train PSNR: 35.75474810571596
INFO:logs/DIP_log_model_gaussian_kernel=128_sigma=1.log:test PSNR: 36.89206119298668
INFO:logs/DIP_log_model_gaussian_kernel=128_sigma=1.log:train PSNR: 35.6491015856973
INFO:logs/DIP_log_model_gaussian_kernel=128_sigma=1.log:test PSNR: 36.87632224202604
INFO:logs/DIP_log_model_gaussian_kernel=128_sigma=1.log:train PSNR: 36.110101765109256
INFO:logs/DIP_log_model_gaussian_kernel=128_sigma=1.log:test PSNR: 37.13372371152237
INFO:logs/DIP_log_model_gaussian_kernel=128_sigma=1.log:train PSNR: 35.93190955610936
INFO:logs/DIP_log_model_gaussian_kernel=128_sigma=1.log:test PSNR: 37.16582585791814
INFO:logs/DIP_log_model_gaussian_kernel=128_sigma=1.log:train PSNR: 35.700929676598065
INFO:logs/DIP_log_model_gaussian_kernel=128_sigma=1.log:test PSNR: 37.1572693054831
INFO:logs/DIP_log_model_gaussian_kernel=128_sigma=1.log:train PSNR: 35.94682094326044
INFO:logs/DIP_log_model_gaussian_kernel=128_sigma=1.log:test PSNR: 37.274605825912445
INFO:logs/DIP_log_model_gaussian_kernel=128_sigma=1.log:train PSNR: 35.90266527091369
INFO:logs/DIP_log_model_gaussian_kernel=128_sigma=1.log:test PSNR: 37.30560062667041
INFO:logs/DIP_log_model_gaussian_kernel=128_sigma=1.log:train PSNR: 35.99816167080178
INFO:logs/DIP_log_model_gaussian_kernel=128_sigma=1.log:test PSNR: 37.13225605663186
INFO:logs/DIP_log_model_gaussian_kernel=128_sigma=1.log:train PSNR: 36.036521882580594
INFO:logs/DIP_log_model_gaussian_kernel=128_sigma=1.log:test PSNR: 37.33580019628921
INFO:logs/DIP_log_model_gaussian_kernel=128_sigma=1.log:train PSNR: 36.065049427296834
INFO:logs/DIP_log_model_gaussian_kernel=128_sigma=1.log:test PSNR: 37.373361221384435
INFO:logs/DIP_log_model_gaussian_kernel=128_sigma=1.log:train PSNR: 36.09884890482624
INFO:logs/DIP_log_model_gaussian_kernel=128_sigma=1.log:test PSNR: 37.46428448659378
INFO:logs/DIP_log_model_gaussian_kernel=128_sigma=1.log:train PSNR: 36.20993109313194
INFO:logs/DIP_log_model_gaussian_kernel=128_sigma=1.log:test PSNR: 37.502085099385916
INFO:logs/DIP_log_model_gaussian_kernel=128_sigma=1.log:train PSNR: 36.25480283692078
INFO:logs/DIP_log_model_gaussian_kernel=128_sigma=1.log:test PSNR: 37.536462403198456
INFO:logs/DIP_log_model_gaussian_kernel=128_sigma=1.log:train PSNR: 36.24485837993431
INFO:logs/DIP_log_model_gaussian_kernel=128_sigma=1.log:test PSNR: 37.59939134156915
INFO:logs/DIP_log_model_gaussian_kernel=128_sigma=1.log:train PSNR: 36.51783970844902
INFO:logs/DIP_log_model_gaussian_kernel=128_sigma=1.log:test PSNR: 37.586914990321205
INFO:logs/DIP_log_model_gaussian_kernel=128_sigma=1.log:train PSNR: 36.32073877208686
INFO:logs/DIP_log_model_gaussian_kernel=128_sigma=1.log:test PSNR: 37.64275966431018
INFO:logs/DIP_log_model_gaussian_kernel=128_sigma=1.log:train PSNR: 36.32072742446593
INFO:logs/DIP_log_model_gaussian_kernel=128_sigma=1.log:test PSNR: 37.70369691539832
INFO:logs/DIP_log_model_gaussian_kernel=128_sigma=1.log:train PSNR: 36.398660545043015
INFO:logs/DIP_log_model_gaussian_kernel=128_sigma=1.log:test PSNR: 37.788720102149156
INFO:logs/DIP_log_model_gaussian_kernel=128_sigma=1.log:train PSNR: 36.4791505803616
INFO:logs/DIP_log_model_gaussian_kernel=128_sigma=1.log:test PSNR: 37.775917181053146
INFO:logs/DIP_log_model_gaussian_kernel=128_sigma=1.log:train PSNR: 36.45193193741204
INFO:logs/DIP_log_model_gaussian_kernel=128_sigma=1.log:test PSNR: 37.783382942854665
INFO:logs/DIP_log_model_gaussian_kernel=128_sigma=1.log:train PSNR: 36.5428583349252
INFO:logs/DIP_log_model_gaussian_kernel=128_sigma=1.log:test PSNR: 37.84289861744327
INFO:logs/DIP_log_model_gaussian_kernel=128_sigma=1.log:train PSNR: 36.58938738354262
INFO:logs/DIP_log_model_gaussian_kernel=128_sigma=1.log:test PSNR: 37.727868481936724
INFO:logs/DIP_log_model_gaussian_kernel=128_sigma=1.log:train PSNR: 36.58853639508118
INFO:logs/DIP_log_model_gaussian_kernel=128_sigma=1.log:test PSNR: 37.892004956256756
INFO:logs/DIP_log_model_gaussian_kernel=128_sigma=1.log:train PSNR: 36.61739910890656
INFO:logs/DIP_log_model_gaussian_kernel=128_sigma=1.log:test PSNR: 37.844967161289965
INFO:logs/DIP_log_model_gaussian_kernel=128_sigma=1.log:train PSNR: 36.60937006325037
INFO:logs/DIP_log_model_gaussian_kernel=128_sigma=1.log:test PSNR: 37.9839842358319
INFO:logs/DIP_log_model_gaussian_kernel=128_sigma=1.log:train PSNR: 36.7299158583678
INFO:logs/DIP_log_model_gaussian_kernel=128_sigma=1.log:test PSNR: 37.9831756354357
INFO:logs/DIP_log_model_gaussian_kernel=128_sigma=1.log:train PSNR: 36.815584823807114
INFO:logs/DIP_log_model_gaussian_kernel=128_sigma=1.log:test PSNR: 37.95898574811694
INFO:logs/DIP_log_model_gaussian_kernel=128_sigma=1.log:train PSNR: 36.650103962449435
INFO:logs/DIP_log_model_gaussian_kernel=128_sigma=1.log:test PSNR: 37.99382907810871
INFO:logs/DIP_log_model_gaussian_kernel=128_sigma=1.log:train PSNR: 36.540917615416916
INFO:logs/DIP_log_model_gaussian_kernel=128_sigma=1.log:test PSNR: 38.00586349467009
INFO:logs/DIP_log_model_gaussian_kernel=128_sigma=1.log:train PSNR: 36.92642118636798
INFO:logs/DIP_log_model_gaussian_kernel=128_sigma=1.log:test PSNR: 37.94350337721565
INFO:logs/DIP_log_model_gaussian_kernel=128_sigma=1.log:train PSNR: 36.588548020958406
INFO:logs/DIP_log_model_gaussian_kernel=128_sigma=1.log:test PSNR: 38.05462992053164
INFO:logs/DIP_log_model_gaussian_kernel=128_sigma=1.log:train PSNR: 36.89893832256181
INFO:logs/DIP_log_model_gaussian_kernel=128_sigma=1.log:test PSNR: 38.01281550445193
INFO:logs/DIP_log_model_gaussian_kernel=128_sigma=1.log:train PSNR: 36.98407170913647
INFO:logs/DIP_log_model_gaussian_kernel=128_sigma=1.log:test PSNR: 38.04705994733626
INFO:logs/DIP_log_model_gaussian_kernel=128_sigma=1.log:train PSNR: 36.96358032118384
INFO:logs/DIP_log_model_gaussian_kernel=128_sigma=1.log:test PSNR: 38.01844021497613
INFO:logs/DIP_log_model_gaussian_kernel=128_sigma=1.log:train PSNR: 36.737568011805344
INFO:logs/DIP_log_model_gaussian_kernel=128_sigma=1.log:test PSNR: 38.10564933390815
INFO:logs/DIP_log_model_gaussian_kernel=128_sigma=1.log:train PSNR: 36.73884554069259
INFO:logs/DIP_log_model_gaussian_kernel=128_sigma=1.log:test PSNR: 38.076579395336005
INFO:logs/DIP_log_model_gaussian_kernel=128_sigma=1.log:train PSNR: 36.84205056629893
INFO:logs/DIP_log_model_gaussian_kernel=128_sigma=1.log:test PSNR: 38.09684560557381
INFO:logs/DIP_log_model_gaussian_kernel=128_sigma=1.log:train PSNR: 36.98705719201276
INFO:logs/DIP_log_model_gaussian_kernel=128_sigma=1.log:test PSNR: 38.09059685570183
INFO:logs/DIP_log_model_gaussian_kernel=128_sigma=1.log:train PSNR: 36.918665445559576
INFO:logs/DIP_log_model_gaussian_kernel=128_sigma=1.log:test PSNR: 38.073202275014125
INFO:logs/DIP_log_model_gaussian_kernel=128_sigma=1.log:train PSNR: 36.9720455505177
INFO:logs/DIP_log_model_gaussian_kernel=128_sigma=1.log:test PSNR: 38.138633304614686
INFO:logs/DIP_log_model_gaussian_kernel=128_sigma=1.log:train PSNR: 36.86655638243541
INFO:logs/DIP_log_model_gaussian_kernel=128_sigma=1.log:test PSNR: 38.11688286284719
INFO:logs/DIP_log_model_gaussian_kernel=128_sigma=1.log:train PSNR: 37.054940008014476
INFO:logs/DIP_log_model_gaussian_kernel=128_sigma=1.log:test PSNR: 38.14264336895439
INFO:logs/DIP_log_model_gaussian_kernel=128_sigma=1.log:train PSNR: 37.06317636252194
INFO:logs/DIP_log_model_gaussian_kernel=128_sigma=1.log:test PSNR: 38.05345105094939
INFO:logs/DIP_log_model_gaussian_kernel=128_sigma=1.log:train PSNR: 36.73566155792292
INFO:logs/DIP_log_model_gaussian_kernel=128_sigma=1.log:test PSNR: 38.16155174816739
INFO:logs/DIP_log_model_gaussian_kernel=128_sigma=1.log:train PSNR: 36.88098971271565
INFO:logs/DIP_log_model_gaussian_kernel=128_sigma=1.log:test PSNR: 38.140962821962475
INFO:logs/DIP_log_model_gaussian_kernel=128_sigma=1.log:train PSNR: 36.73598396299153
INFO:logs/DIP_log_model_gaussian_kernel=128_sigma=1.log:test PSNR: 38.141262060201434
INFO:logs/DIP_log_model_gaussian_kernel=128_sigma=1.log:train PSNR: 36.89919787804848
INFO:logs/DIP_log_model_gaussian_kernel=128_sigma=1.log:test PSNR: 38.177193329371136
INFO:logs/DIP_log_model_gaussian_kernel=128_sigma=1.log:train PSNR: 36.987967138586654
INFO:logs/DIP_log_model_gaussian_kernel=128_sigma=1.log:test PSNR: 38.187350551552626
INFO:logs/DIP_log_model_gaussian_kernel=128_sigma=1.log:train PSNR: 36.72081025193797
INFO:logs/DIP_log_model_gaussian_kernel=128_sigma=1.log:test PSNR: 38.16474443851782
INFO:logs/DIP_log_model_gaussian_kernel=128_sigma=1.log:train PSNR: 37.18835488710158
INFO:logs/DIP_log_model_gaussian_kernel=128_sigma=1.log:test PSNR: 38.04237160428895
INFO:logs/DIP_log_model_gaussian_kernel=128_sigma=1.log:train PSNR: 36.867939466535454
INFO:logs/DIP_log_model_gaussian_kernel=128_sigma=1.log:test PSNR: 38.11244144498216
INFO:logs/DIP_log_model_gaussian_kernel=128_sigma=1.log:train PSNR: 37.19253544499503
INFO:logs/DIP_log_model_gaussian_kernel=128_sigma=1.log:test PSNR: 38.146676833352075
INFO:logs/DIP_log_model_gaussian_kernel=128_sigma=1.log:train PSNR: 36.978229163933115
INFO:logs/DIP_log_model_gaussian_kernel=128_sigma=1.log:test PSNR: 38.22178395437722
INFO:logs/DIP_log_model_gaussian_kernel=128_sigma=1.log:train PSNR: 37.06818113976902
INFO:logs/DIP_log_model_gaussian_kernel=128_sigma=1.log:test PSNR: 38.20935937095653
INFO:logs/DIP_log_model_gaussian_kernel=128_sigma=1.log:train PSNR: 37.406065595459445
INFO:logs/DIP_log_model_gaussian_kernel=128_sigma=1.log:test PSNR: 38.21127763894144
INFO:logs/DIP_log_model_gaussian_kernel=128_sigma=1.log:train PSNR: 37.10852580528287
INFO:logs/DIP_log_model_gaussian_kernel=128_sigma=1.log:test PSNR: 38.22058565703579
INFO:logs/DIP_log_model_gaussian_kernel=128_sigma=1.log:train PSNR: 37.09373628363783
INFO:logs/DIP_log_model_gaussian_kernel=128_sigma=1.log:test PSNR: 38.219145497539444
INFO:logs/DIP_log_model_gaussian_kernel=128_sigma=1.log:train PSNR: 37.14919619218235
INFO:logs/DIP_log_model_gaussian_kernel=128_sigma=1.log:test PSNR: 38.2110890724057
INFO:logs/DIP_log_model_gaussian_kernel=128_sigma=1.log:train PSNR: 36.964759267260305
INFO:logs/DIP_log_model_gaussian_kernel=128_sigma=1.log:test PSNR: 38.224668927737035
INFO:logs/DIP_log_model_gaussian_kernel=128_sigma=1.log:train PSNR: 37.244331747011465
INFO:logs/DIP_log_model_gaussian_kernel=128_sigma=1.log:test PSNR: 38.2162036778449
INFO:logs/DIP_log_model_gaussian_kernel=128_sigma=1.log:train PSNR: 37.23663907228411
INFO:logs/DIP_log_model_gaussian_kernel=128_sigma=1.log:test PSNR: 38.24545205713594
INFO:logs/DIP_log_model_gaussian_kernel=128_sigma=1.log:train PSNR: 37.182188788804886
INFO:logs/DIP_log_model_gaussian_kernel=128_sigma=1.log:test PSNR: 38.23581191324016
INFO:logs/DIP_log_model_gaussian_kernel=128_sigma=1.log:train PSNR: 37.22911588312311
INFO:logs/DIP_log_model_gaussian_kernel=128_sigma=1.log:test PSNR: 38.256967076068165
INFO:logs/DIP_log_model_gaussian_kernel=128_sigma=1.log:train PSNR: 37.21766484061801
INFO:logs/DIP_log_model_gaussian_kernel=128_sigma=1.log:test PSNR: 38.246884186572366
INFO:logs/DIP_log_model_gaussian_kernel=128_sigma=1.log:train PSNR: 37.25357824906003
INFO:logs/DIP_log_model_gaussian_kernel=128_sigma=1.log:test PSNR: 38.21455443000885
INFO:logs/DIP_log_model_gaussian_kernel=128_sigma=1.log:train PSNR: 37.437843241141906
INFO:logs/DIP_log_model_gaussian_kernel=128_sigma=1.log:test PSNR: 38.264098542144836
INFO:logs/DIP_log_model_gaussian_kernel=128_sigma=1.log:train PSNR: 37.05294071381039
INFO:logs/DIP_log_model_gaussian_kernel=128_sigma=1.log:test PSNR: 38.285879988018
INFO:logs/DIP_log_model_gaussian_kernel=128_sigma=1.log:train PSNR: 37.24401529213911
INFO:logs/DIP_log_model_gaussian_kernel=128_sigma=1.log:test PSNR: 38.23589793713536
INFO:logs/DIP_log_model_gaussian_kernel=128_sigma=1.log:train PSNR: 37.340760287516375
INFO:logs/DIP_log_model_gaussian_kernel=128_sigma=1.log:test PSNR: 38.257491771501826
INFO:logs/DIP_log_model_gaussian_kernel=128_sigma=1.log:train PSNR: 37.1638877981834
INFO:logs/DIP_log_model_gaussian_kernel=128_sigma=1.log:test PSNR: 38.24483429671516
INFO:logs/DIP_log_model_gaussian_kernel=128_sigma=1.log:train PSNR: 37.14843664472482
INFO:logs/DIP_log_model_gaussian_kernel=128_sigma=1.log:test PSNR: 38.25610662657276
INFO:logs/DIP_log_model_gaussian_kernel=128_sigma=1.log:train PSNR: 37.195143709861284
INFO:logs/DIP_log_model_gaussian_kernel=128_sigma=1.log:test PSNR: 38.260340939873196
INFO:logs/DIP_log_model_gaussian_kernel=128_sigma=1.log:train PSNR: 37.274870394898464
INFO:logs/DIP_log_model_gaussian_kernel=128_sigma=1.log:test PSNR: 38.26397133735095
INFO:logs/DIP_log_model_gaussian_kernel=128_sigma=1.log:train PSNR: 37.15438676978255
INFO:logs/DIP_log_model_gaussian_kernel=128_sigma=1.log:test PSNR: 38.27789253775232
INFO:logs/DIP_log_model_gaussian_kernel=128_sigma=1.log:train PSNR: 37.17531232415444
INFO:logs/DIP_log_model_gaussian_kernel=128_sigma=1.log:test PSNR: 38.28601419749549
INFO:logs/DIP_log_model_gaussian_kernel=128_sigma=1.log:train PSNR: 37.19014477124963
INFO:logs/DIP_log_model_gaussian_kernel=128_sigma=1.log:test PSNR: 38.25496109592678
INFO:logs/DIP_log_model_gaussian_kernel=128_sigma=1.log:train PSNR: 37.118312737361435
INFO:logs/DIP_log_model_gaussian_kernel=128_sigma=1.log:test PSNR: 38.27929182179256
INFO:logs/DIP_log_model_gaussian_kernel=128_sigma=1.log:train PSNR: 37.055315640313744
INFO:logs/DIP_log_model_gaussian_kernel=128_sigma=1.log:test PSNR: 38.2558533485582
INFO:logs/DIP_log_model_gaussian_kernel=128_sigma=1.log:train PSNR: 37.36757672774474
INFO:logs/DIP_log_model_gaussian_kernel=128_sigma=1.log:test PSNR: 38.26772966631734
INFO:logs/DIP_log_model_gaussian_kernel=128_sigma=1.log:train PSNR: 37.163214545799704
INFO:logs/DIP_log_model_gaussian_kernel=128_sigma=1.log:test PSNR: 38.271815103740124
INFO:logs/DIP_log_model_gaussian_kernel=128_sigma=1.log:train PSNR: 37.18343272243191
INFO:logs/DIP_log_model_gaussian_kernel=128_sigma=1.log:test PSNR: 38.26398714637021
INFO:logs/DIP_log_model_gaussian_kernel=128_sigma=1.log:train PSNR: 37.272018075967715
INFO:logs/DIP_log_model_gaussian_kernel=128_sigma=1.log:test PSNR: 38.260060270905235
INFO:logs/DIP_log_model_gaussian_kernel=128_sigma=1.log:train PSNR: 37.05967110154851
INFO:logs/DIP_log_model_gaussian_kernel=128_sigma=1.log:test PSNR: 38.268798081347406
INFO:logs/DIP_log_model_gaussian_kernel=128_sigma=1.log:train PSNR: 37.11883901735271
INFO:logs/DIP_log_model_gaussian_kernel=128_sigma=1.log:test PSNR: 38.263175767210484
INFO:logs/DIP_log_model_gaussian_kernel=128_sigma=1.log:train PSNR: 37.310777161396246
INFO:logs/DIP_log_model_gaussian_kernel=128_sigma=1.log:test PSNR: 38.26586058576363
INFO:logs/DIP_log_model_gaussian_kernel=128_sigma=1.log:train PSNR: 37.05018534722273
INFO:logs/DIP_log_model_gaussian_kernel=128_sigma=1.log:test PSNR: 38.277620775378644
INFO:logs/DIP_log_model_gaussian_kernel=128_sigma=1.log:train PSNR: 37.15633082144451
INFO:logs/DIP_log_model_gaussian_kernel=128_sigma=1.log:test PSNR: 38.26329974368191
INFO:logs/DIP_log_model_gaussian_kernel=128_sigma=1.log:train PSNR: 37.07436826887917
INFO:logs/DIP_log_model_gaussian_kernel=128_sigma=1.log:test PSNR: 38.27343603840349
INFO:logs/DIP_log_model_gaussian_kernel=128_sigma=1.log:train PSNR: 37.285844118787345
INFO:logs/DIP_log_model_gaussian_kernel=128_sigma=1.log:test PSNR: 38.273881017639624
INFO:logs/DIP_log_model_gaussian_kernel=128_sigma=1.log:train PSNR: 37.35860813988174
INFO:logs/DIP_log_model_gaussian_kernel=128_sigma=1.log:test PSNR: 38.282983504345026
INFO:logs/DIP_log_model_gaussian_kernel=128_sigma=1.log:train PSNR: 37.32587325181886
INFO:logs/DIP_log_model_gaussian_kernel=128_sigma=1.log:test PSNR: 38.26952489685425
INFO:logs/DIP_log_model_gaussian_kernel=128_sigma=1.log:train PSNR: 37.08267339195026
INFO:logs/DIP_log_model_gaussian_kernel=128_sigma=1.log:test PSNR: 38.26446216554314
INFO:logs/DIP_log_model_gaussian_kernel=128_sigma=1.log:train PSNR: 37.1569694888651
INFO:logs/DIP_log_model_gaussian_kernel=128_sigma=1.log:test PSNR: 38.28752894169965
INFO:logs/DIP_log_model_gaussian_kernel=128_sigma=1.log:train PSNR: 37.26147770203289
INFO:logs/DIP_log_model_gaussian_kernel=128_sigma=1.log:test PSNR: 38.28413930892003
INFO:logs/DIP_log_model_gaussian_kernel=128_sigma=1.log:train PSNR: 37.35375609129512
INFO:logs/DIP_log_model_gaussian_kernel=128_sigma=1.log:test PSNR: 38.27555899248421
INFO:logs/DIP_log_model_gaussian_kernel=128_sigma=1.log:train PSNR: 37.481181257836255
INFO:logs/DIP_log_model_gaussian_kernel=128_sigma=1.log:test PSNR: 38.29606718318671
INFO:logs/DIP_log_model_gaussian_kernel=128_sigma=1.log:train PSNR: 37.050102367829304
INFO:logs/DIP_log_model_gaussian_kernel=128_sigma=1.log:test PSNR: 38.26237060519577
INFO:logs/DIP_log_model_gaussian_kernel=128_sigma=1.log:train PSNR: 37.17176446156639
INFO:logs/DIP_log_model_gaussian_kernel=128_sigma=1.log:test PSNR: 38.29464396116334
INFO:logs/DIP_log_model_gaussian_kernel=128_sigma=1.log:train PSNR: 37.54136754311625
INFO:logs/DIP_log_model_gaussian_kernel=128_sigma=1.log:test PSNR: 38.27690813524774
INFO:logs/DIP_log_model_gaussian_kernel=128_sigma=1.log:train PSNR: 37.300962807884964
INFO:logs/DIP_log_model_gaussian_kernel=128_sigma=1.log:test PSNR: 38.29214949889344
INFO:logs/DIP_log_model_gaussian_kernel=128_sigma=1.log:train PSNR: 37.289077905963545
INFO:logs/DIP_log_model_gaussian_kernel=128_sigma=1.log:test PSNR: 38.282163528096326
INFO:logs/DIP_log_model_gaussian_kernel=128_sigma=1.log:train PSNR: 37.656072932866984
INFO:logs/DIP_log_model_gaussian_kernel=128_sigma=1.log:test PSNR: 38.270257118923915
INFO:logs/DIP_log_model_gaussian_kernel=128_sigma=1.log:train PSNR: 37.451086838648834
INFO:logs/DIP_log_model_gaussian_kernel=128_sigma=1.log:test PSNR: 38.29063633227784
INFO:logs/DIP_log_model_gaussian_kernel=128_sigma=1.log:train PSNR: 37.139349701054066
INFO:logs/DIP_log_model_gaussian_kernel=128_sigma=1.log:test PSNR: 38.28501598555092
INFO:logs/DIP_log_model_gaussian_kernel=128_sigma=1.log:train PSNR: 37.634646843816135
INFO:logs/DIP_log_model_gaussian_kernel=128_sigma=1.log:test PSNR: 38.29417076929065
INFO:logs/DIP_log_model_gaussian_kernel=128_sigma=1.log:train PSNR: 37.3576729808288
INFO:logs/DIP_log_model_gaussian_kernel=128_sigma=1.log:test PSNR: 38.295279634222624
INFO:logs/DIP_log_model_gaussian_kernel=128_sigma=1.log:train PSNR: 37.00254688929707
INFO:logs/DIP_log_model_gaussian_kernel=128_sigma=1.log:test PSNR: 38.28722316381385
INFO:logs/DIP_log_model_gaussian_kernel=128_sigma=1.log:train PSNR: 37.250366160558265
INFO:logs/DIP_log_model_gaussian_kernel=128_sigma=1.log:test PSNR: 38.27702280688281
INFO:logs/DIP_log_model_gaussian_kernel=128_sigma=1.log:train PSNR: 37.338213733530566
INFO:logs/DIP_log_model_gaussian_kernel=128_sigma=1.log:test PSNR: 38.286275065885036
INFO:logs/DIP_log_model_gaussian_kernel=128_sigma=1.log:train PSNR: 37.07958006271184
INFO:logs/DIP_log_model_gaussian_kernel=128_sigma=1.log:test PSNR: 38.28692217537741
INFO:logs/DIP_log_model_gaussian_kernel=128_sigma=1.log:train PSNR: 37.3726826637962
INFO:logs/DIP_log_model_gaussian_kernel=128_sigma=1.log:test PSNR: 38.28217629799508
INFO:logs/DIP_log_model_gaussian_kernel=128_sigma=1.log:train PSNR: 37.161761973014734
INFO:logs/DIP_log_model_gaussian_kernel=128_sigma=1.log:test PSNR: 38.286485807839114
INFO:logs/DIP_log_model_gaussian_kernel=128_sigma=1.log:train PSNR: 37.34399970375078
INFO:logs/DIP_log_model_gaussian_kernel=128_sigma=1.log:test PSNR: 38.2912498548096
INFO:logs/DIP_log_model_gaussian_kernel=128_sigma=1.log:train PSNR: 37.3472523263045
INFO:logs/DIP_log_model_gaussian_kernel=128_sigma=1.log:test PSNR: 38.29090752753157
INFO:logs/DIP_log_model_gaussian_kernel=128_sigma=1.log:train PSNR: 37.13995766105435
INFO:logs/DIP_log_model_gaussian_kernel=128_sigma=1.log:test PSNR: 38.286815367696065
INFO:logs/DIP_log_model_gaussian_kernel=128_sigma=1.log:train PSNR: 37.029012930718515
INFO:logs/DIP_log_model_gaussian_kernel=128_sigma=1.log:test PSNR: 38.28860539367865
INFO:logs/DIP_log_model_gaussian_kernel=128_sigma=1.log:train PSNR: 37.22723299679832
INFO:logs/DIP_log_model_gaussian_kernel=128_sigma=1.log:test PSNR: 38.290436397324626
INFO:logs/DIP_log_model_gaussian_kernel=128_sigma=1.log:train PSNR: 37.45013943395733
INFO:logs/DIP_log_model_gaussian_kernel=128_sigma=1.log:test PSNR: 38.29350733339254
INFO:logs/DIP_log_model_gaussian_kernel=128_sigma=1.log:train PSNR: 37.18650322638764
INFO:logs/DIP_log_model_gaussian_kernel=128_sigma=1.log:test PSNR: 38.28629406311667
INFO:logs/DIP_log_model_gaussian_kernel=128_sigma=1.log:train PSNR: 37.24017901670464
INFO:logs/DIP_log_model_gaussian_kernel=128_sigma=1.log:test PSNR: 38.285789927639065
INFO:logs/DIP_log_model_gaussian_kernel=128_sigma=1.log:train PSNR: 37.130672927787124
INFO:logs/DIP_log_model_gaussian_kernel=128_sigma=1.log:test PSNR: 38.28218326751106
INFO:logs/DIP_log_model_gaussian_kernel=128_sigma=1.log:train PSNR: 37.23487867230546
INFO:logs/DIP_log_model_gaussian_kernel=128_sigma=1.log:test PSNR: 38.28672327569012
INFO:logs/DIP_log_model_gaussian_kernel=128_sigma=1.log:train PSNR: 37.129761416065065
INFO:logs/DIP_log_model_gaussian_kernel=128_sigma=1.log:test PSNR: 38.27739361151246
INFO:logs/DIP_log_model_gaussian_kernel=128_sigma=1.log:train PSNR: 37.25061835844848
INFO:logs/DIP_log_model_gaussian_kernel=128_sigma=1.log:test PSNR: 38.29328185504994
INFO:logs/DIP_log_model_gaussian_kernel=128_sigma=1.log:train PSNR: 37.14367831502832
INFO:logs/DIP_log_model_gaussian_kernel=128_sigma=1.log:test PSNR: 38.28439003287625
INFO:logs/DIP_log_model_gaussian_kernel=128_sigma=1.log:train PSNR: 37.55867139094186
INFO:logs/DIP_log_model_gaussian_kernel=128_sigma=1.log:test PSNR: 38.284979291900434
INFO:logs/DIP_log_model_gaussian_kernel=128_sigma=1.log:train PSNR: 37.42851880824735
INFO:logs/DIP_log_model_gaussian_kernel=128_sigma=1.log:test PSNR: 38.28514414976929
INFO:logs/DIP_log_model_gaussian_kernel=128_sigma=1.log:train PSNR: 37.237023196809034
INFO:logs/DIP_log_model_gaussian_kernel=128_sigma=1.log:test PSNR: 38.29107258810955
INFO:logs/DIP_log_model_gaussian_kernel=128_sigma=1.log:train PSNR: 37.280888915452486
INFO:logs/DIP_log_model_gaussian_kernel=128_sigma=1.log:test PSNR: 38.292794638290616
INFO:logs/DIP_log_model_gaussian_kernel=128_sigma=1.log:train PSNR: 37.370706986744494
INFO:logs/DIP_log_model_gaussian_kernel=128_sigma=1.log:test PSNR: 38.29079454248371
INFO:logs/DIP_log_model_gaussian_kernel=128_sigma=1.log:train PSNR: 37.2831685714064
INFO:logs/DIP_log_model_gaussian_kernel=128_sigma=1.log:test PSNR: 38.2858155977969
INFO:logs/DIP_log_model_gaussian_kernel=128_sigma=1.log:train PSNR: 37.358045945402175
INFO:logs/DIP_log_model_gaussian_kernel=128_sigma=1.log:test PSNR: 38.28672217137567
INFO:logs/DIP_log_model_gaussian_kernel=128_sigma=1.log:train PSNR: 37.322112096957916
INFO:logs/DIP_log_model_gaussian_kernel=128_sigma=1.log:test PSNR: 38.286363310060814
INFO:logs/DIP_log_model_gaussian_kernel=128_sigma=1.log:train PSNR: 37.260766084890896
INFO:logs/DIP_log_model_gaussian_kernel=128_sigma=1.log:test PSNR: 38.28733065450193
INFO:logs/DIP_log_model_gaussian_kernel=128_sigma=1.log:train PSNR: 37.112689634309504
INFO:logs/DIP_log_model_gaussian_kernel=128_sigma=1.log:test PSNR: 38.2939888379719
INFO:logs/DIP_log_model_gaussian_kernel=128_sigma=1.log:train PSNR: 37.260855364888364
INFO:logs/DIP_log_model_gaussian_kernel=128_sigma=1.log:test PSNR: 38.291108835767744
INFO:logs/DIP_log_model_gaussian_kernel=128_sigma=1.log:train PSNR: 37.12788081714912
INFO:logs/DIP_log_model_gaussian_kernel=128_sigma=1.log:test PSNR: 38.28676830297536
INFO:logs/DIP_log_model_gaussian_kernel=128_sigma=1.log:train PSNR: 37.251889678094905
INFO:logs/DIP_log_model_gaussian_kernel=128_sigma=1.log:test PSNR: 38.28606288935039
INFO:logs/DIP_log_model_gaussian_kernel=128_sigma=1.log:train PSNR: 37.279471019650636
INFO:logs/DIP_log_model_gaussian_kernel=128_sigma=1.log:test PSNR: 38.28764052772075
INFO:logs/DIP_log_model_gaussian_kernel=128_sigma=1.log:train PSNR: 37.28559837669407
INFO:logs/DIP_log_model_gaussian_kernel=128_sigma=1.log:test PSNR: 38.28737621102882
INFO:logs/DIP_log_model_gaussian_kernel=128_sigma=1.log:train PSNR: 37.30944518529467
INFO:logs/DIP_log_model_gaussian_kernel=128_sigma=1.log:test PSNR: 38.29027411809921
INFO:logs/DIP_log_model_gaussian_kernel=128_sigma=1.log:train PSNR: 37.04495349674822
INFO:logs/DIP_log_model_gaussian_kernel=128_sigma=1.log:test PSNR: 38.2827927177257
INFO:logs/DIP_log_model_gaussian_kernel=128_sigma=1.log:train PSNR: 37.08921624036078
INFO:logs/DIP_log_model_gaussian_kernel=128_sigma=1.log:test PSNR: 38.28603843954102
INFO:logs/DIP_log_model_gaussian_kernel=128_sigma=1.log:train PSNR: 37.273050418493305
INFO:logs/DIP_log_model_gaussian_kernel=128_sigma=1.log:test PSNR: 38.29216031537023
INFO:logs/DIP_log_model_gaussian_kernel=128_sigma=1.log:train PSNR: 37.49617283704303
INFO:logs/DIP_log_model_gaussian_kernel=128_sigma=1.log:test PSNR: 38.294954435890936
INFO:logs/DIP_log_model_gaussian_kernel=128_sigma=1.log:train PSNR: 37.385546248025086
INFO:logs/DIP_log_model_gaussian_kernel=128_sigma=1.log:test PSNR: 38.2891755090394
INFO:logs/DIP_log_model_gaussian_kernel=128_sigma=1.log:train PSNR: 37.50607704819334
INFO:logs/DIP_log_model_gaussian_kernel=128_sigma=1.log:test PSNR: 38.28840778804425
INFO:logs/DIP_log_model_gaussian_kernel=128_sigma=1.log:train PSNR: 37.313648028661284
INFO:logs/DIP_log_model_gaussian_kernel=128_sigma=1.log:test PSNR: 38.29259076117972
INFO:logs/DIP_log_model_gaussian_kernel=128_sigma=1.log:train PSNR: 37.06441175461209
INFO:logs/DIP_log_model_gaussian_kernel=128_sigma=1.log:test PSNR: 38.29634343979068
INFO:logs/DIP_log_model_gaussian_kernel=128_sigma=1.log:train PSNR: 37.482768734215846
INFO:logs/DIP_log_model_gaussian_kernel=128_sigma=1.log:test PSNR: 38.29249634954907
INFO:logs/DIP_log_model_gaussian_kernel=128_sigma=1.log:train PSNR: 37.289825123555325
INFO:logs/DIP_log_model_gaussian_kernel=128_sigma=1.log:test PSNR: 38.297417160341375
INFO:logs/DIP_log_model_gaussian_kernel=128_sigma=1.log:train PSNR: 37.43396566141767
INFO:logs/DIP_log_model_gaussian_kernel=128_sigma=1.log:test PSNR: 38.2974773739296
INFO:logs/DIP_log_model_gaussian_kernel=128_sigma=1.log:train PSNR: 37.264065381227404
INFO:logs/DIP_log_model_gaussian_kernel=128_sigma=1.log:test PSNR: 38.295425903475916
INFO:logs/DIP_log_model_gaussian_kernel=128_sigma=1.log:train PSNR: 37.22330540314654
INFO:logs/DIP_log_model_gaussian_kernel=128_sigma=1.log:test PSNR: 38.293032070604795
INFO:logs/DIP_log_model_gaussian_kernel=128_sigma=1.log:train PSNR: 37.41655657254233
INFO:logs/DIP_log_model_gaussian_kernel=128_sigma=1.log:test PSNR: 38.29476461273331
INFO:logs/DIP_log_model_gaussian_kernel=128_sigma=1.log:train PSNR: 37.151601220036746
INFO:logs/DIP_log_model_gaussian_kernel=128_sigma=1.log:test PSNR: 38.28982789333924
INFO:logs/DIP_log_model_gaussian_kernel=128_sigma=1.log:train PSNR: 37.172644855528254
INFO:logs/DIP_log_model_gaussian_kernel=128_sigma=1.log:test PSNR: 38.29280970156917
INFO:logs/DIP_log_model_gaussian_kernel=128_sigma=1.log:train PSNR: 37.208391730972885
INFO:logs/DIP_log_model_gaussian_kernel=128_sigma=1.log:test PSNR: 38.29291454625478
INFO:logs/DIP_log_model_gaussian_kernel=128_sigma=1.log:train PSNR: 37.18354339583809
INFO:logs/DIP_log_model_gaussian_kernel=128_sigma=1.log:test PSNR: 38.29375469432676
INFO:logs/DIP_log_model_gaussian_kernel=128_sigma=1.log:train PSNR: 37.20807055059375
INFO:logs/DIP_log_model_gaussian_kernel=128_sigma=1.log:test PSNR: 38.293657677024584
INFO:logs/DIP_log_model_gaussian_kernel=128_sigma=1.log:train PSNR: 37.3095955640668
INFO:logs/DIP_log_model_gaussian_kernel=128_sigma=1.log:test PSNR: 38.29464422882879
INFO:logs/DIP_log_model_gaussian_kernel=128_sigma=1.log:train PSNR: 37.090132648819726
INFO:logs/DIP_log_model_gaussian_kernel=128_sigma=1.log:test PSNR: 38.29323307394021
INFO:logs/DIP_log_model_gaussian_kernel=128_sigma=1.log:train PSNR: 37.29125878022615
INFO:logs/DIP_log_model_gaussian_kernel=128_sigma=1.log:test PSNR: 38.29207932449106
INFO:logs/DIP_log_model_gaussian_kernel=128_sigma=1.log:train PSNR: 37.284254384613575
INFO:logs/DIP_log_model_gaussian_kernel=128_sigma=1.log:test PSNR: 38.29153483225281
INFO:logs/DIP_log_model_gaussian_kernel=128_sigma=1.log:train PSNR: 37.21822053631805
INFO:logs/DIP_log_model_gaussian_kernel=128_sigma=1.log:test PSNR: 38.292966755259556
INFO:logs/DIP_log_model_gaussian_kernel=128_sigma=1.log:train PSNR: 37.33885970583657
INFO:logs/DIP_log_model_gaussian_kernel=128_sigma=1.log:test PSNR: 38.29343053848071
INFO:logs/DIP_log_model_gaussian_kernel=128_sigma=1.log:train PSNR: 37.31309483573761
INFO:logs/DIP_log_model_gaussian_kernel=128_sigma=1.log:test PSNR: 38.29346415679143
INFO:logs/DIP_log_model_gaussian_kernel=128_sigma=1.log:train PSNR: 37.33038814346279
INFO:logs/DIP_log_model_gaussian_kernel=128_sigma=1.log:test PSNR: 38.29150131204702
INFO:logs/DIP_log_model_gaussian_kernel=128_sigma=1.log:train PSNR: 37.40116313406999
INFO:logs/DIP_log_model_gaussian_kernel=128_sigma=1.log:test PSNR: 38.291603595024306
INFO:logs/DIP_log_model_gaussian_kernel=128_sigma=1.log:train PSNR: 37.376336889648925
INFO:logs/DIP_log_model_gaussian_kernel=128_sigma=1.log:test PSNR: 38.291608127130104
INFO:logs/DIP_log_model_gaussian_kernel=128_sigma=1.log:train PSNR: 37.42590002352074
INFO:logs/DIP_log_model_gaussian_kernel=128_sigma=1.log:test PSNR: 38.29217602094795
INFO:logs/DIP_log_model_gaussian_kernel=128_sigma=1.log:train PSNR: 37.16281745516142
INFO:logs/DIP_log_model_gaussian_kernel=128_sigma=1.log:test PSNR: 38.29140092263963
INFO:logs/DIP_log_model_gaussian_kernel=128_sigma=1.log:train PSNR: 37.181574145068474
INFO:logs/DIP_log_model_gaussian_kernel=128_sigma=1.log:test PSNR: 38.29074196175798
INFO:logs/DIP_log_model_gaussian_kernel=128_sigma=1.log:train PSNR: 37.45005919514499
INFO:logs/DIP_log_model_gaussian_kernel=128_sigma=1.log:test PSNR: 38.29198626464717
INFO:logs/DIP_log_model_gaussian_kernel=128_sigma=1.log:train PSNR: 37.09249910478762
INFO:logs/DIP_log_model_gaussian_kernel=128_sigma=1.log:test PSNR: 38.29210042721044
INFO:logs/DIP_log_model_gaussian_kernel=128_sigma=1.log:train PSNR: 37.319000805433454
INFO:logs/DIP_log_model_gaussian_kernel=128_sigma=1.log:test PSNR: 38.29195067350768
INFO:logs/DIP_log_model_gaussian_kernel=128_sigma=1.log:train PSNR: 37.23504545206294
INFO:logs/DIP_log_model_gaussian_kernel=128_sigma=1.log:test PSNR: 38.29182242198181
INFO:logs/DIP_log_model_gaussian_kernel=128_sigma=1.log:train PSNR: 37.45128979288054
INFO:logs/DIP_log_model_gaussian_kernel=128_sigma=1.log:test PSNR: 38.292221712534065
INFO:logs/DIP_log_model_gaussian_kernel=128_sigma=1.log:train PSNR: 37.24061893170919
INFO:logs/DIP_log_model_gaussian_kernel=128_sigma=1.log:test PSNR: 38.29257229222284
INFO:logs/DIP_log_model_gaussian_kernel=128_sigma=1.log:train PSNR: 37.36253030695215
INFO:logs/DIP_log_model_gaussian_kernel=128_sigma=1.log:test PSNR: 38.29192641866967
INFO:logs/DIP_log_model_gaussian_kernel=128_sigma=1.log:train PSNR: 37.08582626726158
INFO:logs/DIP_log_model_gaussian_kernel=128_sigma=1.log:test PSNR: 38.291933824553325
INFO:logs/DIP_log_model_gaussian_kernel=128_sigma=1.log:train PSNR: 37.126549615236705
INFO:logs/DIP_log_model_gaussian_kernel=128_sigma=1.log:test PSNR: 38.291764043950145
INFO:logs/DIP_log_model_gaussian_kernel=128_sigma=1.log:train PSNR: 37.25107608063429
INFO:logs/DIP_log_model_gaussian_kernel=128_sigma=1.log:test PSNR: 38.291647853843145
INFO:logs/DIP_log_model_gaussian_kernel=128_sigma=1.log:train PSNR: 37.30768086901251
INFO:logs/DIP_log_model_gaussian_kernel=128_sigma=1.log:test PSNR: 38.29153424674547
INFO:logs/DIP_log_model_gaussian_kernel=128_sigma=1.log:train PSNR: 37.19643114408752
INFO:logs/DIP_log_model_gaussian_kernel=128_sigma=1.log:test PSNR: 38.29092612288809
INFO:logs/DIP_log_model_gaussian_kernel=128_sigma=1.log:train PSNR: 37.26455256643791
INFO:logs/DIP_log_model_gaussian_kernel=128_sigma=1.log:test PSNR: 38.29125006896043
INFO:logs/DIP_log_model_gaussian_kernel=128_sigma=1.log:train PSNR: 37.38847879018794
INFO:logs/DIP_log_model_gaussian_kernel=128_sigma=1.log:test PSNR: 38.29093436853486
INFO:logs/DIP_log_model_gaussian_kernel=128_sigma=1.log:train PSNR: 37.236357066486605
INFO:logs/DIP_log_model_gaussian_kernel=128_sigma=1.log:test PSNR: 38.29172527964047
INFO:logs/DIP_log_model_gaussian_kernel=128_sigma=1.log:train PSNR: 37.44584282606588
INFO:logs/DIP_log_model_gaussian_kernel=128_sigma=1.log:test PSNR: 38.291376500024064
INFO:logs/DIP_log_model_gaussian_kernel=128_sigma=1.log:train PSNR: 37.50639593806507
INFO:logs/DIP_log_model_gaussian_kernel=128_sigma=1.log:test PSNR: 38.291502528715526
INFO:logs/DIP_log_model_gaussian_kernel=128_sigma=1.log:train PSNR: 37.39126672087398
INFO:logs/DIP_log_model_gaussian_kernel=128_sigma=1.log:test PSNR: 38.291205985610866
INFO:logs/DIP_log_model_gaussian_kernel=128_sigma=1.log:train PSNR: 37.12771029018809
INFO:logs/DIP_log_model_gaussian_kernel=128_sigma=1.log:test PSNR: 38.29094245582081
INFO:logs/DIP_log_model_gaussian_kernel=128_sigma=1.log:train PSNR: 37.34165823406648
INFO:logs/DIP_log_model_gaussian_kernel=128_sigma=1.log:test PSNR: 38.29126802109137
INFO:logs/DIP_log_model_gaussian_kernel=128_sigma=1.log:train PSNR: 37.53704208400191
INFO:logs/DIP_log_model_gaussian_kernel=128_sigma=1.log:test PSNR: 38.291575782544605
INFO:logs/DIP_log_model_gaussian_kernel=128_sigma=1.log:train PSNR: 37.20309970744079
INFO:logs/DIP_log_model_gaussian_kernel=128_sigma=1.log:test PSNR: 38.29161991985084
INFO:logs/DIP_log_model_gaussian_kernel=128_sigma=1.log:train PSNR: 37.31095984519773
INFO:logs/DIP_log_model_gaussian_kernel=128_sigma=1.log:test PSNR: 38.291862549319916
INFO:logs/DIP_log_model_gaussian_kernel=128_sigma=1.log:train PSNR: 37.39869270720885
INFO:logs/DIP_log_model_gaussian_kernel=128_sigma=1.log:test PSNR: 38.29225361735494
INFO:logs/DIP_log_model_gaussian_kernel=128_sigma=1.log:train PSNR: 37.32149757443001
INFO:logs/DIP_log_model_gaussian_kernel=128_sigma=1.log:test PSNR: 38.29237696350222
INFO:logs/DIP_log_model_gaussian_kernel=128_sigma=1.log:train PSNR: 37.415983800229
INFO:logs/DIP_log_model_gaussian_kernel=128_sigma=1.log:test PSNR: 38.29161252369957
INFO:logs/DIP_log_model_gaussian_kernel=128_sigma=1.log:train PSNR: 37.447497542101395
INFO:logs/DIP_log_model_gaussian_kernel=128_sigma=1.log:test PSNR: 38.290935960821834
INFO:logs/DIP_log_model_gaussian_kernel=128_sigma=1.log:train PSNR: 37.22940163937881
INFO:logs/DIP_log_model_gaussian_kernel=128_sigma=1.log:test PSNR: 38.291234272202075
INFO:logs/DIP_log_model_gaussian_kernel=128_sigma=1.log:train PSNR: 37.39728102137851
INFO:logs/DIP_log_model_gaussian_kernel=128_sigma=1.log:test PSNR: 38.291741595160715
