INFO:logs/DIP_log_model_gaussian_+_noise.log_model:first model = 
ConvLista_T(
  (apply_A): ConvTranspose2d(175, 1, kernel_size=(11, 11), stride=(8, 8), bias=False)
  (apply_B): Conv2d(1, 175, kernel_size=(11, 11), stride=(8, 8), bias=False)
  (apply_C): Sequential(
    (0): ConvTranspose2d(175, 1, kernel_size=(11, 11), stride=(8, 8))
  )
  (soft_threshold): SoftThreshold()
)

INFO:logs/DIP_log_model_gaussian_+_noise.log_model:config_dict = {'uuid': 'DIP_project_gaussian_+_noise', 'kernel_size': 11, 'stride': 8, 'num_filters': 175, 'lr': 0.0002, 'unfoldings': 12, 'lr_decay': 0.35, 'patch_size': 128, 'num_epochs': 250, 'lr_step': 50, 'eps': 0.001, 'threshold': 0.01, 'noise_std': 0.09803921568627451, 'gaussian_size': 64}

INFO:logs/DIP_log_model_gaussian_+_noise.log:Training model...
INFO:logs/DIP_log_model_gaussian_+_noise.log:train PSNR: 20.404810141566813
INFO:logs/DIP_log_model_gaussian_+_noise.log:test PSNR: 21.839737850897137
INFO:logs/DIP_log_model_gaussian_+_noise.log:train PSNR: 22.02095330698461
INFO:logs/DIP_log_model_gaussian_+_noise.log:test PSNR: 22.59271899795123
INFO:logs/DIP_log_model_gaussian_+_noise.log:train PSNR: 22.56924793873764
INFO:logs/DIP_log_model_gaussian_+_noise.log:test PSNR: 22.99788432227473
INFO:logs/DIP_log_model_gaussian_+_noise.log:train PSNR: 22.980435940373855
INFO:logs/DIP_log_model_gaussian_+_noise.log:test PSNR: 23.155714721629813
INFO:logs/DIP_log_model_gaussian_+_noise.log:train PSNR: 23.240017610583802
INFO:logs/DIP_log_model_gaussian_+_noise.log:test PSNR: 23.5062469565853
INFO:logs/DIP_log_model_gaussian_+_noise.log:train PSNR: 23.292514080885827
INFO:logs/DIP_log_model_gaussian_+_noise.log:test PSNR: 23.4850613715405
INFO:logs/DIP_log_model_gaussian_+_noise.log:train PSNR: 23.621841043329063
INFO:logs/DIP_log_model_gaussian_+_noise.log:test PSNR: 23.951385130963644
INFO:logs/DIP_log_model_gaussian_+_noise.log:train PSNR: 23.76014604430536
INFO:logs/DIP_log_model_gaussian_+_noise.log:test PSNR: 24.126030187071724
INFO:logs/DIP_log_model_gaussian_+_noise.log:train PSNR: 24.137176969495957
INFO:logs/DIP_log_model_gaussian_+_noise.log:test PSNR: 24.4608594779054
INFO:logs/DIP_log_model_gaussian_+_noise.log:train PSNR: 24.430496099958905
INFO:logs/DIP_log_model_gaussian_+_noise.log:test PSNR: 24.578574189283817
INFO:logs/DIP_log_model_gaussian_+_noise.log:train PSNR: 24.8834883834402
INFO:logs/DIP_log_model_gaussian_+_noise.log:test PSNR: 24.68867980341455
INFO:logs/DIP_log_model_gaussian_+_noise.log:train PSNR: 25.13927113145203
INFO:logs/DIP_log_model_gaussian_+_noise.log:test PSNR: 25.20930775653385
INFO:logs/DIP_log_model_gaussian_+_noise.log:train PSNR: 25.184367160749076
INFO:logs/DIP_log_model_gaussian_+_noise.log:test PSNR: 25.297871551837215
INFO:logs/DIP_log_model_gaussian_+_noise.log:train PSNR: 25.435776354916587
INFO:logs/DIP_log_model_gaussian_+_noise.log:test PSNR: 25.59436844775984
INFO:logs/DIP_log_model_gaussian_+_noise.log:train PSNR: 25.53010960410867
INFO:logs/DIP_log_model_gaussian_+_noise.log:test PSNR: 25.782220192455473
INFO:logs/DIP_log_model_gaussian_+_noise.log:train PSNR: 25.64312021327176
INFO:logs/DIP_log_model_gaussian_+_noise.log:test PSNR: 25.78150733766435
INFO:logs/DIP_log_model_gaussian_+_noise.log:train PSNR: 25.938102351737278
INFO:logs/DIP_log_model_gaussian_+_noise.log:test PSNR: 26.229209970136043
INFO:logs/DIP_log_model_gaussian_+_noise.log:train PSNR: 25.920458516695057
INFO:logs/DIP_log_model_gaussian_+_noise.log:test PSNR: 26.217441711196976
INFO:logs/DIP_log_model_gaussian_+_noise.log:train PSNR: 26.218543661246063
INFO:logs/DIP_log_model_gaussian_+_noise.log:test PSNR: 26.499960059547384
INFO:logs/DIP_log_model_gaussian_+_noise.log:train PSNR: 26.478001145650595
INFO:logs/DIP_log_model_gaussian_+_noise.log:test PSNR: 26.634009003325783
INFO:logs/DIP_log_model_gaussian_+_noise.log:train PSNR: 26.61238735378757
INFO:logs/DIP_log_model_gaussian_+_noise.log:test PSNR: 26.795694459510422
INFO:logs/DIP_log_model_gaussian_+_noise.log:train PSNR: 26.71455939058269
INFO:logs/DIP_log_model_gaussian_+_noise.log:test PSNR: 26.87649813996464
INFO:logs/DIP_log_model_gaussian_+_noise.log:train PSNR: 26.685234554075507
INFO:logs/DIP_log_model_gaussian_+_noise.log:test PSNR: 26.93498157549663
INFO:logs/DIP_log_model_gaussian_+_noise.log:train PSNR: 26.674233154468794
INFO:logs/DIP_log_model_gaussian_+_noise.log:test PSNR: 27.07816284444164
INFO:logs/DIP_log_model_gaussian_+_noise.log:train PSNR: 26.09401339337738
INFO:logs/DIP_log_model_gaussian_+_noise.log:test PSNR: 26.52812661131593
INFO:logs/DIP_log_model_gaussian_+_noise.log:train PSNR: 26.52309299410273
INFO:logs/DIP_log_model_gaussian_+_noise.log:test PSNR: 26.850917302387902
INFO:logs/DIP_log_model_gaussian_+_noise.log:train PSNR: 26.763897087330086
INFO:logs/DIP_log_model_gaussian_+_noise.log:test PSNR: 26.97910810366051
INFO:logs/DIP_log_model_gaussian_+_noise.log:train PSNR: 26.82547715506493
INFO:logs/DIP_log_model_gaussian_+_noise.log:test PSNR: 27.024566541006635
INFO:logs/DIP_log_model_gaussian_+_noise.log:train PSNR: 27.047394309939413
INFO:logs/DIP_log_model_gaussian_+_noise.log:test PSNR: 27.085288341505258
INFO:logs/DIP_log_model_gaussian_+_noise.log:train PSNR: 27.047313430795516
INFO:logs/DIP_log_model_gaussian_+_noise.log:test PSNR: 27.140119823658605
INFO:logs/DIP_log_model_gaussian_+_noise.log:train PSNR: 26.82630612908576
INFO:logs/DIP_log_model_gaussian_+_noise.log:test PSNR: 27.17687000753242
INFO:logs/DIP_log_model_gaussian_+_noise.log:train PSNR: 27.170953891967738
INFO:logs/DIP_log_model_gaussian_+_noise.log:test PSNR: 27.19218075803812
INFO:logs/DIP_log_model_gaussian_+_noise.log:train PSNR: 26.979690661973
INFO:logs/DIP_log_model_gaussian_+_noise.log:test PSNR: 27.17167601244205
INFO:logs/DIP_log_model_gaussian_+_noise.log:train PSNR: 26.981986792934492
INFO:logs/DIP_log_model_gaussian_+_noise.log:test PSNR: 27.24860326556679
INFO:logs/DIP_log_model_gaussian_+_noise.log:train PSNR: 27.20160338765925
INFO:logs/DIP_log_model_gaussian_+_noise.log:test PSNR: 27.257725413394205
INFO:logs/DIP_log_model_gaussian_+_noise.log:train PSNR: 27.244910605768002
INFO:logs/DIP_log_model_gaussian_+_noise.log:test PSNR: 27.33105626215784
INFO:logs/DIP_log_model_gaussian_+_noise.log:train PSNR: 27.266119060113002
INFO:logs/DIP_log_model_gaussian_+_noise.log:test PSNR: 27.36591917394304
INFO:logs/DIP_log_model_gaussian_+_noise.log:train PSNR: 27.297525213090566
INFO:logs/DIP_log_model_gaussian_+_noise.log:test PSNR: 27.35200126668579
INFO:logs/DIP_log_model_gaussian_+_noise.log:train PSNR: 27.22827874574445
INFO:logs/DIP_log_model_gaussian_+_noise.log:test PSNR: 27.37740679175941
INFO:logs/DIP_log_model_gaussian_+_noise.log:train PSNR: 27.30306881561457
INFO:logs/DIP_log_model_gaussian_+_noise.log:test PSNR: 27.395888625301012
INFO:logs/DIP_log_model_gaussian_+_noise.log:train PSNR: 27.194667808973996
INFO:logs/DIP_log_model_gaussian_+_noise.log:test PSNR: 27.438788268688562
INFO:logs/DIP_log_model_gaussian_+_noise.log:train PSNR: 27.196025592776373
INFO:logs/DIP_log_model_gaussian_+_noise.log:test PSNR: 27.45611453882096
INFO:logs/DIP_log_model_gaussian_+_noise.log:train PSNR: 27.234116651529163
INFO:logs/DIP_log_model_gaussian_+_noise.log:test PSNR: 27.46859235433026
INFO:logs/DIP_log_model_gaussian_+_noise.log:train PSNR: 27.424759016844963
INFO:logs/DIP_log_model_gaussian_+_noise.log:test PSNR: 27.509245110191255
INFO:logs/DIP_log_model_gaussian_+_noise.log:train PSNR: 27.4659951859888
INFO:logs/DIP_log_model_gaussian_+_noise.log:test PSNR: 27.511198300215142
INFO:logs/DIP_log_model_gaussian_+_noise.log:train PSNR: 27.382037350710853
INFO:logs/DIP_log_model_gaussian_+_noise.log:test PSNR: 27.46935408693152
INFO:logs/DIP_log_model_gaussian_+_noise.log:train PSNR: 27.519180098532104
INFO:logs/DIP_log_model_gaussian_+_noise.log:test PSNR: 27.52764824487621
INFO:logs/DIP_log_model_gaussian_+_noise.log:train PSNR: 27.458657471367577
INFO:logs/DIP_log_model_gaussian_+_noise.log:test PSNR: 27.54461394702057
INFO:logs/DIP_log_model_gaussian_+_noise.log:train PSNR: 27.42656863752224
INFO:logs/DIP_log_model_gaussian_+_noise.log:test PSNR: 27.594065602116046
INFO:logs/DIP_log_model_gaussian_+_noise.log:train PSNR: 27.497983637004854
INFO:logs/DIP_log_model_gaussian_+_noise.log:test PSNR: 27.59265345861624
INFO:logs/DIP_log_model_gaussian_+_noise.log:train PSNR: 27.60623180237893
INFO:logs/DIP_log_model_gaussian_+_noise.log:test PSNR: 27.61470234833251
INFO:logs/DIP_log_model_gaussian_+_noise.log:train PSNR: 27.49405884143081
INFO:logs/DIP_log_model_gaussian_+_noise.log:test PSNR: 27.643284039452666
INFO:logs/DIP_log_model_gaussian_+_noise.log:train PSNR: 27.791171669221765
INFO:logs/DIP_log_model_gaussian_+_noise.log:test PSNR: 27.63487430602323
INFO:logs/DIP_log_model_gaussian_+_noise.log:train PSNR: 27.573614823308
INFO:logs/DIP_log_model_gaussian_+_noise.log:test PSNR: 27.651069233791876
INFO:logs/DIP_log_model_gaussian_+_noise.log:train PSNR: 27.657955343383634
INFO:logs/DIP_log_model_gaussian_+_noise.log:test PSNR: 27.64913027923635
INFO:logs/DIP_log_model_gaussian_+_noise.log:train PSNR: 27.67818117114191
INFO:logs/DIP_log_model_gaussian_+_noise.log:test PSNR: 27.65916574129907
INFO:logs/DIP_log_model_gaussian_+_noise.log:train PSNR: 27.475020785895925
INFO:logs/DIP_log_model_gaussian_+_noise.log:test PSNR: 27.680823743275738
INFO:logs/DIP_log_model_gaussian_+_noise.log:train PSNR: 27.63525368974446
INFO:logs/DIP_log_model_gaussian_+_noise.log:test PSNR: 27.676873316595426
INFO:logs/DIP_log_model_gaussian_+_noise.log:train PSNR: 27.549898956519893
INFO:logs/DIP_log_model_gaussian_+_noise.log:test PSNR: 27.675359096426863
INFO:logs/DIP_log_model_gaussian_+_noise.log:train PSNR: 27.630576224287267
INFO:logs/DIP_log_model_gaussian_+_noise.log:test PSNR: 27.689677845883025
INFO:logs/DIP_log_model_gaussian_+_noise.log:train PSNR: 27.671892376904793
INFO:logs/DIP_log_model_gaussian_+_noise.log:test PSNR: 27.686944179684502
INFO:logs/DIP_log_model_gaussian_+_noise.log:train PSNR: 27.644989280216414
INFO:logs/DIP_log_model_gaussian_+_noise.log:test PSNR: 27.704099358309776
INFO:logs/DIP_log_model_gaussian_+_noise.log:train PSNR: 27.762031144840233
INFO:logs/DIP_log_model_gaussian_+_noise.log:test PSNR: 27.709887949343795
INFO:logs/DIP_log_model_gaussian_+_noise.log:train PSNR: 27.826803213663368
INFO:logs/DIP_log_model_gaussian_+_noise.log:test PSNR: 27.71287305726457
INFO:logs/DIP_log_model_gaussian_+_noise.log:train PSNR: 27.66872859746604
INFO:logs/DIP_log_model_gaussian_+_noise.log:test PSNR: 27.718436293624066
INFO:logs/DIP_log_model_gaussian_+_noise.log:train PSNR: 27.5174489338335
INFO:logs/DIP_log_model_gaussian_+_noise.log:test PSNR: 27.699466709929787
INFO:logs/DIP_log_model_gaussian_+_noise.log:train PSNR: 27.78939285135265
INFO:logs/DIP_log_model_gaussian_+_noise.log:test PSNR: 27.718424209287214
INFO:logs/DIP_log_model_gaussian_+_noise.log:train PSNR: 27.77557301143318
INFO:logs/DIP_log_model_gaussian_+_noise.log:test PSNR: 27.71301306847857
INFO:logs/DIP_log_model_gaussian_+_noise.log:train PSNR: 27.62183265008927
INFO:logs/DIP_log_model_gaussian_+_noise.log:test PSNR: 27.739001254359408
INFO:logs/DIP_log_model_gaussian_+_noise.log:train PSNR: 27.798310316918236
INFO:logs/DIP_log_model_gaussian_+_noise.log:test PSNR: 27.754405794611525
INFO:logs/DIP_log_model_gaussian_+_noise.log:train PSNR: 27.766268143712686
INFO:logs/DIP_log_model_gaussian_+_noise.log:test PSNR: 27.738254206008687
INFO:logs/DIP_log_model_gaussian_+_noise.log:train PSNR: 27.750823681906336
INFO:logs/DIP_log_model_gaussian_+_noise.log:test PSNR: 27.763780722110184
INFO:logs/DIP_log_model_gaussian_+_noise.log:train PSNR: 27.62654615243256
INFO:logs/DIP_log_model_gaussian_+_noise.log:test PSNR: 27.76778237885415
INFO:logs/DIP_log_model_gaussian_+_noise.log:train PSNR: 27.612606474689716
INFO:logs/DIP_log_model_gaussian_+_noise.log:test PSNR: 27.773470708818568
INFO:logs/DIP_log_model_gaussian_+_noise.log:train PSNR: 27.66305459153402
INFO:logs/DIP_log_model_gaussian_+_noise.log:test PSNR: 27.78076562404162
INFO:logs/DIP_log_model_gaussian_+_noise.log:train PSNR: 27.605435508651386
INFO:logs/DIP_log_model_gaussian_+_noise.log:test PSNR: 27.780607363823908
INFO:logs/DIP_log_model_gaussian_+_noise.log:train PSNR: 27.6869027524411
INFO:logs/DIP_log_model_gaussian_+_noise.log:test PSNR: 27.786479446718843
INFO:logs/DIP_log_model_gaussian_+_noise.log:train PSNR: 27.644990771228738
INFO:logs/DIP_log_model_gaussian_+_noise.log:test PSNR: 27.789995405641953
INFO:logs/DIP_log_model_gaussian_+_noise.log:train PSNR: 27.836227554143026
INFO:logs/DIP_log_model_gaussian_+_noise.log:test PSNR: 27.794174031741754
INFO:logs/DIP_log_model_gaussian_+_noise.log:train PSNR: 27.779348449814037
INFO:logs/DIP_log_model_gaussian_+_noise.log:test PSNR: 27.787312972567346
INFO:logs/DIP_log_model_gaussian_+_noise.log:train PSNR: 27.77898615464807
INFO:logs/DIP_log_model_gaussian_+_noise.log:test PSNR: 27.793984508105247
INFO:logs/DIP_log_model_gaussian_+_noise.log:train PSNR: 27.654769818637156
INFO:logs/DIP_log_model_gaussian_+_noise.log:test PSNR: 27.79767110243162
INFO:logs/DIP_log_model_gaussian_+_noise.log:train PSNR: 27.76297073150084
INFO:logs/DIP_log_model_gaussian_+_noise.log:test PSNR: 27.799384103548977
INFO:logs/DIP_log_model_gaussian_+_noise.log:train PSNR: 27.800314023497002
INFO:logs/DIP_log_model_gaussian_+_noise.log:test PSNR: 27.803940649728414
INFO:logs/DIP_log_model_gaussian_+_noise.log:train PSNR: 27.74108709068784
INFO:logs/DIP_log_model_gaussian_+_noise.log:test PSNR: 27.796675382870436
INFO:logs/DIP_log_model_gaussian_+_noise.log:train PSNR: 27.6832946559621
INFO:logs/DIP_log_model_gaussian_+_noise.log:test PSNR: 27.80771213159282
INFO:logs/DIP_log_model_gaussian_+_noise.log:train PSNR: 27.726944002282888
INFO:logs/DIP_log_model_gaussian_+_noise.log:test PSNR: 27.815822158874738
INFO:logs/DIP_log_model_gaussian_+_noise.log:train PSNR: 27.778718228702168
INFO:logs/DIP_log_model_gaussian_+_noise.log:test PSNR: 27.80442247506832
INFO:logs/DIP_log_model_gaussian_+_noise.log:train PSNR: 27.61206868091414
INFO:logs/DIP_log_model_gaussian_+_noise.log:test PSNR: 27.80815490457944
INFO:logs/DIP_log_model_gaussian_+_noise.log:train PSNR: 27.784762225262988
INFO:logs/DIP_log_model_gaussian_+_noise.log:test PSNR: 27.81557625731793
INFO:logs/DIP_log_model_gaussian_+_noise.log:train PSNR: 27.65444129091516
INFO:logs/DIP_log_model_gaussian_+_noise.log:test PSNR: 27.81139588715223
INFO:logs/DIP_log_model_gaussian_+_noise.log:train PSNR: 27.801523511494185
INFO:logs/DIP_log_model_gaussian_+_noise.log:test PSNR: 27.821346915003442
INFO:logs/DIP_log_model_gaussian_+_noise.log:train PSNR: 27.82303609871115
INFO:logs/DIP_log_model_gaussian_+_noise.log:test PSNR: 27.82933373451951
INFO:logs/DIP_log_model_gaussian_+_noise.log:train PSNR: 27.63866460387758
INFO:logs/DIP_log_model_gaussian_+_noise.log:test PSNR: 27.81553400027054
INFO:logs/DIP_log_model_gaussian_+_noise.log:train PSNR: 27.749118711997177
INFO:logs/DIP_log_model_gaussian_+_noise.log:test PSNR: 27.821778210521096
INFO:logs/DIP_log_model_gaussian_+_noise.log:train PSNR: 27.803452453647164
INFO:logs/DIP_log_model_gaussian_+_noise.log:test PSNR: 27.826266322954048
INFO:logs/DIP_log_model_gaussian_+_noise.log:train PSNR: 27.623835049928754
INFO:logs/DIP_log_model_gaussian_+_noise.log:test PSNR: 27.825564723263604
INFO:logs/DIP_log_model_gaussian_+_noise.log:train PSNR: 27.848219032528007
INFO:logs/DIP_log_model_gaussian_+_noise.log:test PSNR: 27.832753378584602
INFO:logs/DIP_log_model_gaussian_+_noise.log:train PSNR: 27.673472420488483
INFO:logs/DIP_log_model_gaussian_+_noise.log:test PSNR: 27.834322401052475
INFO:logs/DIP_log_model_gaussian_+_noise.log:train PSNR: 27.603325541083098
INFO:logs/DIP_log_model_gaussian_+_noise.log:test PSNR: 27.83476479621823
INFO:logs/DIP_log_model_gaussian_+_noise.log:train PSNR: 27.89831677040965
INFO:logs/DIP_log_model_gaussian_+_noise.log:test PSNR: 27.840617779769545
INFO:logs/DIP_log_model_gaussian_+_noise.log:train PSNR: 27.730404345729884
INFO:logs/DIP_log_model_gaussian_+_noise.log:test PSNR: 27.84253105856267
INFO:logs/DIP_log_model_gaussian_+_noise.log:train PSNR: 27.79618078018573
INFO:logs/DIP_log_model_gaussian_+_noise.log:test PSNR: 27.843234172644273
INFO:logs/DIP_log_model_gaussian_+_noise.log:train PSNR: 27.736403589866228
INFO:logs/DIP_log_model_gaussian_+_noise.log:test PSNR: 27.83760038520947
INFO:logs/DIP_log_model_gaussian_+_noise.log:train PSNR: 27.787095508575153
INFO:logs/DIP_log_model_gaussian_+_noise.log:test PSNR: 27.84126599900212
INFO:logs/DIP_log_model_gaussian_+_noise.log:train PSNR: 27.826987953163016
INFO:logs/DIP_log_model_gaussian_+_noise.log:test PSNR: 27.840150294941942
INFO:logs/DIP_log_model_gaussian_+_noise.log:train PSNR: 27.788388948758662
INFO:logs/DIP_log_model_gaussian_+_noise.log:test PSNR: 27.841026962615075
INFO:logs/DIP_log_model_gaussian_+_noise.log:train PSNR: 27.79384053216714
INFO:logs/DIP_log_model_gaussian_+_noise.log:test PSNR: 27.844223475881705
INFO:logs/DIP_log_model_gaussian_+_noise.log:train PSNR: 27.838681957864342
INFO:logs/DIP_log_model_gaussian_+_noise.log:test PSNR: 27.841591022981323
INFO:logs/DIP_log_model_gaussian_+_noise.log:train PSNR: 27.814498487302657
INFO:logs/DIP_log_model_gaussian_+_noise.log:test PSNR: 27.858227293649538
INFO:logs/DIP_log_model_gaussian_+_noise.log:train PSNR: 27.920237074577436
INFO:logs/DIP_log_model_gaussian_+_noise.log:test PSNR: 27.837941060057595
INFO:logs/DIP_log_model_gaussian_+_noise.log:train PSNR: 27.756945185135194
INFO:logs/DIP_log_model_gaussian_+_noise.log:test PSNR: 27.83979291536682
INFO:logs/DIP_log_model_gaussian_+_noise.log:train PSNR: 27.78735106976806
INFO:logs/DIP_log_model_gaussian_+_noise.log:test PSNR: 27.843141431709743
INFO:logs/DIP_log_model_gaussian_+_noise.log:train PSNR: 27.879073368726417
INFO:logs/DIP_log_model_gaussian_+_noise.log:test PSNR: 27.85016598378439
INFO:logs/DIP_log_model_gaussian_+_noise.log:train PSNR: 27.702333528740652
INFO:logs/DIP_log_model_gaussian_+_noise.log:test PSNR: 27.84184300493834
INFO:logs/DIP_log_model_gaussian_+_noise.log:train PSNR: 27.78184203085507
INFO:logs/DIP_log_model_gaussian_+_noise.log:test PSNR: 27.849823315787713
INFO:logs/DIP_log_model_gaussian_+_noise.log:train PSNR: 27.783371302819994
INFO:logs/DIP_log_model_gaussian_+_noise.log:test PSNR: 27.850981385388557
INFO:logs/DIP_log_model_gaussian_+_noise.log:train PSNR: 27.879022119561437
INFO:logs/DIP_log_model_gaussian_+_noise.log:test PSNR: 27.853534124960156
INFO:logs/DIP_log_model_gaussian_+_noise.log:train PSNR: 27.819014725470883
INFO:logs/DIP_log_model_gaussian_+_noise.log:test PSNR: 27.847923919283325
INFO:logs/DIP_log_model_gaussian_+_noise.log:train PSNR: 27.74692578152914
INFO:logs/DIP_log_model_gaussian_+_noise.log:test PSNR: 27.853872465292337
INFO:logs/DIP_log_model_gaussian_+_noise.log:train PSNR: 27.81306475175999
INFO:logs/DIP_log_model_gaussian_+_noise.log:test PSNR: 27.844948246500188
INFO:logs/DIP_log_model_gaussian_+_noise.log:train PSNR: 27.630439803610436
INFO:logs/DIP_log_model_gaussian_+_noise.log:test PSNR: 27.85155154865342
INFO:logs/DIP_log_model_gaussian_+_noise.log:train PSNR: 27.811053300807355
INFO:logs/DIP_log_model_gaussian_+_noise.log:test PSNR: 27.855514265167592
INFO:logs/DIP_log_model_gaussian_+_noise.log:train PSNR: 27.8402942974113
INFO:logs/DIP_log_model_gaussian_+_noise.log:test PSNR: 27.854394657650374
INFO:logs/DIP_log_model_gaussian_+_noise.log:train PSNR: 27.883164719129084
INFO:logs/DIP_log_model_gaussian_+_noise.log:test PSNR: 27.84955772429921
INFO:logs/DIP_log_model_gaussian_+_noise.log:train PSNR: 27.78521789599827
INFO:logs/DIP_log_model_gaussian_+_noise.log:test PSNR: 27.85433046186489
INFO:logs/DIP_log_model_gaussian_+_noise.log:train PSNR: 27.82289133145417
INFO:logs/DIP_log_model_gaussian_+_noise.log:test PSNR: 27.861536452655674
INFO:logs/DIP_log_model_gaussian_+_noise.log:train PSNR: 27.63211824356847
INFO:logs/DIP_log_model_gaussian_+_noise.log:test PSNR: 27.852592061240262
INFO:logs/DIP_log_model_gaussian_+_noise.log:train PSNR: 27.864354013487922
INFO:logs/DIP_log_model_gaussian_+_noise.log:test PSNR: 27.859664421407263
INFO:logs/DIP_log_model_gaussian_+_noise.log:train PSNR: 27.854283388902495
INFO:logs/DIP_log_model_gaussian_+_noise.log:test PSNR: 27.859459708119903
INFO:logs/DIP_log_model_gaussian_+_noise.log:train PSNR: 27.83932704074013
INFO:logs/DIP_log_model_gaussian_+_noise.log:test PSNR: 27.856240816041648
INFO:logs/DIP_log_model_gaussian_+_noise.log:train PSNR: 27.675095347543454
INFO:logs/DIP_log_model_gaussian_+_noise.log:test PSNR: 27.860687980545954
INFO:logs/DIP_log_model_gaussian_+_noise.log:train PSNR: 27.74231710952457
INFO:logs/DIP_log_model_gaussian_+_noise.log:test PSNR: 27.860520067736424
INFO:logs/DIP_log_model_gaussian_+_noise.log:train PSNR: 28.012196004735365
INFO:logs/DIP_log_model_gaussian_+_noise.log:test PSNR: 27.85804193992527
INFO:logs/DIP_log_model_gaussian_+_noise.log:train PSNR: 27.81887800968708
INFO:logs/DIP_log_model_gaussian_+_noise.log:test PSNR: 27.859483086535327
INFO:logs/DIP_log_model_gaussian_+_noise.log:train PSNR: 27.665982797736667
INFO:logs/DIP_log_model_gaussian_+_noise.log:test PSNR: 27.857425698643407
INFO:logs/DIP_log_model_gaussian_+_noise.log:train PSNR: 27.816742955921796
INFO:logs/DIP_log_model_gaussian_+_noise.log:test PSNR: 27.856726633627733
INFO:logs/DIP_log_model_gaussian_+_noise.log:train PSNR: 27.85587613586418
INFO:logs/DIP_log_model_gaussian_+_noise.log:test PSNR: 27.858960591688543
INFO:logs/DIP_log_model_gaussian_+_noise.log:train PSNR: 27.930101458741504
INFO:logs/DIP_log_model_gaussian_+_noise.log:test PSNR: 27.86066138449987
INFO:logs/DIP_log_model_gaussian_+_noise.log:train PSNR: 27.5852824694495
INFO:logs/DIP_log_model_gaussian_+_noise.log:test PSNR: 27.864140850108775
INFO:logs/DIP_log_model_gaussian_+_noise.log:train PSNR: 27.803419358785085
INFO:logs/DIP_log_model_gaussian_+_noise.log:test PSNR: 27.86105711658289
INFO:logs/DIP_log_model_gaussian_+_noise.log:train PSNR: 27.66472891774095
INFO:logs/DIP_log_model_gaussian_+_noise.log:test PSNR: 27.861616163882285
INFO:logs/DIP_log_model_gaussian_+_noise.log:train PSNR: 27.90452636021029
INFO:logs/DIP_log_model_gaussian_+_noise.log:test PSNR: 27.854141109820155
INFO:logs/DIP_log_model_gaussian_+_noise.log:train PSNR: 27.863063623344615
INFO:logs/DIP_log_model_gaussian_+_noise.log:test PSNR: 27.869408654603607
INFO:logs/DIP_log_model_gaussian_+_noise.log:train PSNR: 27.904731863952936
INFO:logs/DIP_log_model_gaussian_+_noise.log:test PSNR: 27.859761632953937
INFO:logs/DIP_log_model_gaussian_+_noise.log:train PSNR: 27.65429483051285
INFO:logs/DIP_log_model_gaussian_+_noise.log:test PSNR: 27.858015279006892
INFO:logs/DIP_log_model_gaussian_+_noise.log:train PSNR: 27.692142008094752
INFO:logs/DIP_log_model_gaussian_+_noise.log:test PSNR: 27.859737040813016
INFO:logs/DIP_log_model_gaussian_+_noise.log:train PSNR: 27.66432756721456
INFO:logs/DIP_log_model_gaussian_+_noise.log:test PSNR: 27.853505930033077
INFO:logs/DIP_log_model_gaussian_+_noise.log:train PSNR: 27.833141196909416
INFO:logs/DIP_log_model_gaussian_+_noise.log:test PSNR: 27.861338285275796
INFO:logs/DIP_log_model_gaussian_+_noise.log:train PSNR: 27.75020732842235
INFO:logs/DIP_log_model_gaussian_+_noise.log:test PSNR: 27.856779608477588
INFO:logs/DIP_log_model_gaussian_+_noise.log:train PSNR: 27.808766315362522
INFO:logs/DIP_log_model_gaussian_+_noise.log:test PSNR: 27.858716250306955
INFO:logs/DIP_log_model_gaussian_+_noise.log:train PSNR: 27.725777964073803
INFO:logs/DIP_log_model_gaussian_+_noise.log:test PSNR: 27.864907451066685
INFO:logs/DIP_log_model_gaussian_+_noise.log:train PSNR: 27.910225783862828
INFO:logs/DIP_log_model_gaussian_+_noise.log:test PSNR: 27.863695236389244
INFO:logs/DIP_log_model_gaussian_+_noise.log:train PSNR: 27.718846196821367
INFO:logs/DIP_log_model_gaussian_+_noise.log:test PSNR: 27.865302849279136
INFO:logs/DIP_log_model_gaussian_+_noise.log:train PSNR: 27.92681206423397
INFO:logs/DIP_log_model_gaussian_+_noise.log:test PSNR: 27.864481004248468
INFO:logs/DIP_log_model_gaussian_+_noise.log:train PSNR: 27.768730065006633
INFO:logs/DIP_log_model_gaussian_+_noise.log:test PSNR: 27.860398123523673
INFO:logs/DIP_log_model_gaussian_+_noise.log:train PSNR: 27.828137532464346
INFO:logs/DIP_log_model_gaussian_+_noise.log:test PSNR: 27.866162125281
INFO:logs/DIP_log_model_gaussian_+_noise.log:train PSNR: 27.766661893404194
INFO:logs/DIP_log_model_gaussian_+_noise.log:test PSNR: 27.860692621611427
INFO:logs/DIP_log_model_gaussian_+_noise.log:train PSNR: 27.90848022915102
INFO:logs/DIP_log_model_gaussian_+_noise.log:test PSNR: 27.856748754052404
INFO:logs/DIP_log_model_gaussian_+_noise.log:train PSNR: 27.73458576684508
INFO:logs/DIP_log_model_gaussian_+_noise.log:test PSNR: 27.865683645668085
INFO:logs/DIP_log_model_gaussian_+_noise.log:train PSNR: 27.87861256266598
INFO:logs/DIP_log_model_gaussian_+_noise.log:test PSNR: 27.871303186918823
INFO:logs/DIP_log_model_gaussian_+_noise.log:train PSNR: 27.950258370427136
INFO:logs/DIP_log_model_gaussian_+_noise.log:test PSNR: 27.865126730190298
INFO:logs/DIP_log_model_gaussian_+_noise.log:train PSNR: 27.87243109449851
INFO:logs/DIP_log_model_gaussian_+_noise.log:test PSNR: 27.86825566230553
INFO:logs/DIP_log_model_gaussian_+_noise.log:train PSNR: 27.859645499976065
INFO:logs/DIP_log_model_gaussian_+_noise.log:test PSNR: 27.866217766493087
INFO:logs/DIP_log_model_gaussian_+_noise.log:train PSNR: 27.880409050165387
INFO:logs/DIP_log_model_gaussian_+_noise.log:test PSNR: 27.86521816854424
INFO:logs/DIP_log_model_gaussian_+_noise.log:train PSNR: 27.780867629007364
INFO:logs/DIP_log_model_gaussian_+_noise.log:test PSNR: 27.866760125979503
INFO:logs/DIP_log_model_gaussian_+_noise.log:train PSNR: 27.786505905093414
INFO:logs/DIP_log_model_gaussian_+_noise.log:test PSNR: 27.866369886524723
INFO:logs/DIP_log_model_gaussian_+_noise.log:train PSNR: 27.726928184581357
INFO:logs/DIP_log_model_gaussian_+_noise.log:test PSNR: 27.86400732258753
INFO:logs/DIP_log_model_gaussian_+_noise.log:train PSNR: 27.544062585531982
INFO:logs/DIP_log_model_gaussian_+_noise.log:test PSNR: 27.86238244920977
INFO:logs/DIP_log_model_gaussian_+_noise.log:train PSNR: 27.703472793574484
INFO:logs/DIP_log_model_gaussian_+_noise.log:test PSNR: 27.868559051746157
INFO:logs/DIP_log_model_gaussian_+_noise.log:train PSNR: 27.914515378959326
INFO:logs/DIP_log_model_gaussian_+_noise.log:test PSNR: 27.86625158577621
INFO:logs/DIP_log_model_gaussian_+_noise.log:train PSNR: 27.98355100197835
INFO:logs/DIP_log_model_gaussian_+_noise.log:test PSNR: 27.86735059112385
INFO:logs/DIP_log_model_gaussian_+_noise.log:train PSNR: 27.9665379017934
INFO:logs/DIP_log_model_gaussian_+_noise.log:test PSNR: 27.864742439573636
INFO:logs/DIP_log_model_gaussian_+_noise.log:train PSNR: 27.86554889703898
INFO:logs/DIP_log_model_gaussian_+_noise.log:test PSNR: 27.869468420167767
INFO:logs/DIP_log_model_gaussian_+_noise.log:train PSNR: 27.754716806139886
INFO:logs/DIP_log_model_gaussian_+_noise.log:test PSNR: 27.85996217082141
INFO:logs/DIP_log_model_gaussian_+_noise.log:train PSNR: 27.726803684721173
INFO:logs/DIP_log_model_gaussian_+_noise.log:test PSNR: 27.866076765801765
INFO:logs/DIP_log_model_gaussian_+_noise.log:train PSNR: 27.682223282699415
INFO:logs/DIP_log_model_gaussian_+_noise.log:test PSNR: 27.86540492751467
INFO:logs/DIP_log_model_gaussian_+_noise.log:train PSNR: 27.693569615441373
INFO:logs/DIP_log_model_gaussian_+_noise.log:test PSNR: 27.87164724043518
INFO:logs/DIP_log_model_gaussian_+_noise.log:train PSNR: 27.84155374836276
INFO:logs/DIP_log_model_gaussian_+_noise.log:test PSNR: 27.86710849260522
INFO:logs/DIP_log_model_gaussian_+_noise.log:train PSNR: 27.888995363010473
INFO:logs/DIP_log_model_gaussian_+_noise.log:test PSNR: 27.866114105942017
INFO:logs/DIP_log_model_gaussian_+_noise.log:train PSNR: 27.78312360715365
INFO:logs/DIP_log_model_gaussian_+_noise.log:test PSNR: 27.866926093123336
INFO:logs/DIP_log_model_gaussian_+_noise.log:train PSNR: 27.689913342017867
INFO:logs/DIP_log_model_gaussian_+_noise.log:test PSNR: 27.870887538672996
INFO:logs/DIP_log_model_gaussian_+_noise.log:train PSNR: 27.90341200030353
INFO:logs/DIP_log_model_gaussian_+_noise.log:test PSNR: 27.861452175125688
INFO:logs/DIP_log_model_gaussian_+_noise.log:train PSNR: 27.973811396446024
INFO:logs/DIP_log_model_gaussian_+_noise.log:test PSNR: 27.86276994173067
INFO:logs/DIP_log_model_gaussian_+_noise.log:train PSNR: 27.808844129271137
INFO:logs/DIP_log_model_gaussian_+_noise.log:test PSNR: 27.858656305008846
INFO:logs/DIP_log_model_gaussian_+_noise.log:train PSNR: 27.651607996514727
INFO:logs/DIP_log_model_gaussian_+_noise.log:test PSNR: 27.869026660126238
INFO:logs/DIP_log_model_gaussian_+_noise.log:train PSNR: 27.85441332196704
INFO:logs/DIP_log_model_gaussian_+_noise.log:test PSNR: 27.865427668535332
INFO:logs/DIP_log_model_gaussian_+_noise.log:train PSNR: 27.855465785601073
INFO:logs/DIP_log_model_gaussian_+_noise.log:test PSNR: 27.87174658840641
INFO:logs/DIP_log_model_gaussian_+_noise.log:train PSNR: 27.873298135610423
INFO:logs/DIP_log_model_gaussian_+_noise.log:test PSNR: 27.87118190363784
INFO:logs/DIP_log_model_gaussian_+_noise.log:train PSNR: 27.9163397643268
INFO:logs/DIP_log_model_gaussian_+_noise.log:test PSNR: 27.859978190176967
INFO:logs/DIP_log_model_gaussian_+_noise.log:train PSNR: 27.789640134455784
INFO:logs/DIP_log_model_gaussian_+_noise.log:test PSNR: 27.86814541262851
INFO:logs/DIP_log_model_gaussian_+_noise.log:train PSNR: 27.784851789942522
INFO:logs/DIP_log_model_gaussian_+_noise.log:test PSNR: 27.867369537787447
INFO:logs/DIP_log_model_gaussian_+_noise.log:train PSNR: 27.825178028567144
INFO:logs/DIP_log_model_gaussian_+_noise.log:test PSNR: 27.868841547410394
INFO:logs/DIP_log_model_gaussian_+_noise.log:train PSNR: 27.81163755926383
INFO:logs/DIP_log_model_gaussian_+_noise.log:test PSNR: 27.86961017570568
INFO:logs/DIP_log_model_gaussian_+_noise.log:train PSNR: 27.716262301148586
INFO:logs/DIP_log_model_gaussian_+_noise.log:test PSNR: 27.86875979207356
INFO:logs/DIP_log_model_gaussian_+_noise.log:train PSNR: 27.794927134372806
INFO:logs/DIP_log_model_gaussian_+_noise.log:test PSNR: 27.865274580371636
INFO:logs/DIP_log_model_gaussian_+_noise.log:train PSNR: 27.749045815329684
INFO:logs/DIP_log_model_gaussian_+_noise.log:test PSNR: 27.86186943076009
INFO:logs/DIP_log_model_gaussian_+_noise.log:train PSNR: 27.684203640883393
INFO:logs/DIP_log_model_gaussian_+_noise.log:test PSNR: 27.866436226964023
INFO:logs/DIP_log_model_gaussian_+_noise.log:train PSNR: 27.860166848276414
INFO:logs/DIP_log_model_gaussian_+_noise.log:test PSNR: 27.864183127208733
INFO:logs/DIP_log_model_gaussian_+_noise.log:train PSNR: 27.810777673253778
INFO:logs/DIP_log_model_gaussian_+_noise.log:test PSNR: 27.869031378993782
INFO:logs/DIP_log_model_gaussian_+_noise.log:train PSNR: 27.851090900458136
INFO:logs/DIP_log_model_gaussian_+_noise.log:test PSNR: 27.869699228356755
INFO:logs/DIP_log_model_gaussian_+_noise.log:train PSNR: 27.744958052846243
INFO:logs/DIP_log_model_gaussian_+_noise.log:test PSNR: 27.870405527416303
INFO:logs/DIP_log_model_gaussian_+_noise.log:train PSNR: 28.062160887056486
INFO:logs/DIP_log_model_gaussian_+_noise.log:test PSNR: 27.861391623509284
INFO:logs/DIP_log_model_gaussian_+_noise.log:train PSNR: 27.881473474691123
INFO:logs/DIP_log_model_gaussian_+_noise.log:test PSNR: 27.866134074386427
INFO:logs/DIP_log_model_gaussian_+_noise.log:train PSNR: 27.848623964887864
INFO:logs/DIP_log_model_gaussian_+_noise.log:test PSNR: 27.871752392627652
INFO:logs/DIP_log_model_gaussian_+_noise.log:train PSNR: 27.961482670431806
INFO:logs/DIP_log_model_gaussian_+_noise.log:test PSNR: 27.863838183228115
INFO:logs/DIP_log_model_gaussian_+_noise.log:train PSNR: 27.833115429899358
INFO:logs/DIP_log_model_gaussian_+_noise.log:test PSNR: 27.86806435087474
INFO:logs/DIP_log_model_gaussian_+_noise.log:train PSNR: 27.856050089698307
INFO:logs/DIP_log_model_gaussian_+_noise.log:test PSNR: 27.865032265851422
INFO:logs/DIP_log_model_gaussian_+_noise.log:train PSNR: 27.653268389183587
INFO:logs/DIP_log_model_gaussian_+_noise.log:test PSNR: 27.86876235864107
INFO:logs/DIP_log_model_gaussian_+_noise.log:train PSNR: 27.950794454778613
INFO:logs/DIP_log_model_gaussian_+_noise.log:test PSNR: 27.869382716127188
INFO:logs/DIP_log_model_gaussian_+_noise.log:train PSNR: 27.771870197647473
INFO:logs/DIP_log_model_gaussian_+_noise.log:test PSNR: 27.86715474213702
INFO:logs/DIP_log_model_gaussian_+_noise.log:train PSNR: 27.783123678946588
INFO:logs/DIP_log_model_gaussian_+_noise.log:test PSNR: 27.863512097051444
INFO:logs/DIP_log_model_gaussian_+_noise.log:train PSNR: 27.805990690987475
INFO:logs/DIP_log_model_gaussian_+_noise.log:test PSNR: 27.868301983450852
INFO:logs/DIP_log_model_gaussian_+_noise.log:train PSNR: 27.788777377470534
INFO:logs/DIP_log_model_gaussian_+_noise.log:test PSNR: 27.866634918310403
INFO:logs/DIP_log_model_gaussian_+_noise.log:train PSNR: 27.807844358893014
INFO:logs/DIP_log_model_gaussian_+_noise.log:test PSNR: 27.868377828050424
INFO:logs/DIP_log_model_gaussian_+_noise.log:train PSNR: 27.81548772299959
INFO:logs/DIP_log_model_gaussian_+_noise.log:test PSNR: 27.86351618597161
INFO:logs/DIP_log_model_gaussian_+_noise.log:train PSNR: 27.85492579360601
INFO:logs/DIP_log_model_gaussian_+_noise.log:test PSNR: 27.870389834285497
INFO:logs/DIP_log_model_gaussian_+_noise.log:train PSNR: 27.938419655870035
INFO:logs/DIP_log_model_gaussian_+_noise.log:test PSNR: 27.863930573141488
INFO:logs/DIP_log_model_gaussian_+_noise.log:train PSNR: 27.888321800718618
INFO:logs/DIP_log_model_gaussian_+_noise.log:test PSNR: 27.871816549162926
INFO:logs/DIP_log_model_gaussian_+_noise.log:train PSNR: 27.837118851195292
INFO:logs/DIP_log_model_gaussian_+_noise.log:test PSNR: 27.864774407464704
INFO:logs/DIP_log_model_gaussian_+_noise.log:train PSNR: 27.83066156649751
INFO:logs/DIP_log_model_gaussian_+_noise.log:test PSNR: 27.868257795865105
INFO:logs/DIP_log_model_gaussian_+_noise.log:train PSNR: 27.721453864566335
INFO:logs/DIP_log_model_gaussian_+_noise.log:test PSNR: 27.868351534512698
INFO:logs/DIP_log_model_gaussian_+_noise.log:train PSNR: 27.93978844041909
INFO:logs/DIP_log_model_gaussian_+_noise.log:test PSNR: 27.865932427654357
INFO:logs/DIP_log_model_gaussian_+_noise.log:train PSNR: 27.861037974859972
INFO:logs/DIP_log_model_gaussian_+_noise.log:test PSNR: 27.8660934868687
INFO:logs/DIP_log_model_gaussian_+_noise.log:train PSNR: 27.97748834755486
INFO:logs/DIP_log_model_gaussian_+_noise.log:test PSNR: 27.871783741674147
INFO:logs/DIP_log_model_gaussian_+_noise.log:train PSNR: 27.75865408208286
INFO:logs/DIP_log_model_gaussian_+_noise.log:test PSNR: 27.86128043986062
INFO:logs/DIP_log_model_gaussian_+_noise.log:train PSNR: 27.851488034926547
INFO:logs/DIP_log_model_gaussian_+_noise.log:test PSNR: 27.870379061043565
INFO:logs/DIP_log_model_gaussian_+_noise.log:train PSNR: 27.829416996351377
INFO:logs/DIP_log_model_gaussian_+_noise.log:test PSNR: 27.868731368400933
INFO:logs/DIP_log_model_gaussian_+_noise.log:train PSNR: 28.019604945767153
INFO:logs/DIP_log_model_gaussian_+_noise.log:test PSNR: 27.864738652191075
INFO:logs/DIP_log_model_gaussian_+_noise.log:train PSNR: 27.710129938751404
INFO:logs/DIP_log_model_gaussian_+_noise.log:test PSNR: 27.86748947524087
INFO:logs/DIP_log_model_gaussian_+_noise.log:train PSNR: 27.886683358752332
INFO:logs/DIP_log_model_gaussian_+_noise.log:test PSNR: 27.8697630179169
INFO:logs/DIP_log_model_gaussian_+_noise.log:train PSNR: 27.929925843931468
INFO:logs/DIP_log_model_gaussian_+_noise.log:test PSNR: 27.866988924526655
INFO:logs/DIP_log_model_gaussian_+_noise.log:train PSNR: 27.666601835249
INFO:logs/DIP_log_model_gaussian_+_noise.log:test PSNR: 27.871455447967488
INFO:logs/DIP_log_model_gaussian_+_noise.log:train PSNR: 27.775209428713755
INFO:logs/DIP_log_model_gaussian_+_noise.log:test PSNR: 27.86836663958096
INFO:logs/DIP_log_model_gaussian_+_noise.log:train PSNR: 27.88379995262346
INFO:logs/DIP_log_model_gaussian_+_noise.log:test PSNR: 27.862632997843093
INFO:logs/DIP_log_model_gaussian_+_noise.log:train PSNR: 27.939337273105398
INFO:logs/DIP_log_model_gaussian_+_noise.log:test PSNR: 27.8713345886594
INFO:logs/DIP_log_model_gaussian_+_noise.log:train PSNR: 27.799467140554388
INFO:logs/DIP_log_model_gaussian_+_noise.log:test PSNR: 27.87572380448807
INFO:logs/DIP_log_model_gaussian_+_noise.log:train PSNR: 27.898303809572848
INFO:logs/DIP_log_model_gaussian_+_noise.log:test PSNR: 27.865636647487495
INFO:logs/DIP_log_model_gaussian_+_noise.log:train PSNR: 27.953385097530347
INFO:logs/DIP_log_model_gaussian_+_noise.log:test PSNR: 27.86884170852002
INFO:logs/DIP_log_model_gaussian_+_noise.log:train PSNR: 27.67259620699928
INFO:logs/DIP_log_model_gaussian_+_noise.log:test PSNR: 27.860959444175776
INFO:logs/DIP_log_model_gaussian_+_noise.log:train PSNR: 27.711093253952765
INFO:logs/DIP_log_model_gaussian_+_noise.log:test PSNR: 27.869344386632257
INFO:logs/DIP_log_model_gaussian_+_noise.log:train PSNR: 27.73452040992215
INFO:logs/DIP_log_model_gaussian_+_noise.log:test PSNR: 27.867790962006676
INFO:logs/DIP_log_model_gaussian_+_noise.log:train PSNR: 27.759795964835117
INFO:logs/DIP_log_model_gaussian_+_noise.log:test PSNR: 27.87122269657139
INFO:logs/DIP_log_model_gaussian_+_noise.log:train PSNR: 27.695018764911037
INFO:logs/DIP_log_model_gaussian_+_noise.log:test PSNR: 27.861040245822373
INFO:logs/DIP_log_model_gaussian_+_noise.log:train PSNR: 27.67103434529952
INFO:logs/DIP_log_model_gaussian_+_noise.log:test PSNR: 27.865927552818945
INFO:logs/DIP_log_model_gaussian_+_noise.log:train PSNR: 27.850603231918033
INFO:logs/DIP_log_model_gaussian_+_noise.log:test PSNR: 27.86688438716929
INFO:logs/DIP_log_model_gaussian_+_noise.log:train PSNR: 27.851123272940292
INFO:logs/DIP_log_model_gaussian_+_noise.log:test PSNR: 27.868163368922275
INFO:logs/DIP_log_model_gaussian_+_noise.log:train PSNR: 27.72358935711832
INFO:logs/DIP_log_model_gaussian_+_noise.log:test PSNR: 27.87127723984158
INFO:logs/DIP_log_model_gaussian_+_noise.log:train PSNR: 27.989926292226137
INFO:logs/DIP_log_model_gaussian_+_noise.log:test PSNR: 27.86948401743203
INFO:logs/DIP_log_model_gaussian_+_noise.log:train PSNR: 27.77809495499127
INFO:logs/DIP_log_model_gaussian_+_noise.log:test PSNR: 27.867400340946126
