INFO:logs/DIP_log_model_gaussian_kernel=16_sigma=1.log_model:first model = 
ConvLista_T(
  (apply_A): ConvTranspose2d(175, 1, kernel_size=(11, 11), stride=(8, 8), bias=False)
  (apply_B): Conv2d(1, 175, kernel_size=(11, 11), stride=(8, 8), bias=False)
  (apply_C): Sequential(
    (0): ConvTranspose2d(175, 1, kernel_size=(11, 11), stride=(8, 8))
  )
  (soft_threshold): SoftThreshold()
)

INFO:logs/DIP_log_model_gaussian_kernel=16_sigma=1.log_model:config_dict = {'uuid': 'DIP_project_gaussian_kernel=16_sigma=1', 'kernel_size': 11, 'stride': 8, 'num_filters': 175, 'lr': 0.0002, 'unfoldings': 12, 'lr_decay': 0.35, 'patch_size': 128, 'num_epochs': 250, 'lr_step': 50, 'eps': 0.001, 'threshold': 0.01, 'noise_std': 0.09803921568627451, 'gaussian_size': 16, 'gaussian_sigma': 1}

INFO:logs/DIP_log_model_gaussian_kernel=16_sigma=1.log:Training model...
INFO:logs/DIP_log_model_gaussian_kernel=16_sigma=1.log:train PSNR: 27.509180267831876
INFO:logs/DIP_log_model_gaussian_kernel=16_sigma=1.log:test PSNR: 28.921278121895313
INFO:logs/DIP_log_model_gaussian_kernel=16_sigma=1.log:train PSNR: 29.237150766118145
INFO:logs/DIP_log_model_gaussian_kernel=16_sigma=1.log:test PSNR: 30.302599380383505
INFO:logs/DIP_log_model_gaussian_kernel=16_sigma=1.log:train PSNR: 30.097138563824412
INFO:logs/DIP_log_model_gaussian_kernel=16_sigma=1.log:test PSNR: 31.13057772511976
INFO:logs/DIP_log_model_gaussian_kernel=16_sigma=1.log:train PSNR: 30.69936189325964
INFO:logs/DIP_log_model_gaussian_kernel=16_sigma=1.log:test PSNR: 31.516894997580348
INFO:logs/DIP_log_model_gaussian_kernel=16_sigma=1.log:train PSNR: 31.3794926714032
INFO:logs/DIP_log_model_gaussian_kernel=16_sigma=1.log:test PSNR: 32.08517856501992
INFO:logs/DIP_log_model_gaussian_kernel=16_sigma=1.log:train PSNR: 31.973801619066172
INFO:logs/DIP_log_model_gaussian_kernel=16_sigma=1.log:test PSNR: 32.63184825088679
INFO:logs/DIP_log_model_gaussian_kernel=16_sigma=1.log:train PSNR: 32.30920467019844
INFO:logs/DIP_log_model_gaussian_kernel=16_sigma=1.log:test PSNR: 32.86184943546989
INFO:logs/DIP_log_model_gaussian_kernel=16_sigma=1.log:train PSNR: 32.301298924450386
INFO:logs/DIP_log_model_gaussian_kernel=16_sigma=1.log:test PSNR: 33.07784441027656
INFO:logs/DIP_log_model_gaussian_kernel=16_sigma=1.log:train PSNR: 33.19801593467961
INFO:logs/DIP_log_model_gaussian_kernel=16_sigma=1.log:test PSNR: 33.712257638260944
INFO:logs/DIP_log_model_gaussian_kernel=16_sigma=1.log:train PSNR: 33.302647377118056
INFO:logs/DIP_log_model_gaussian_kernel=16_sigma=1.log:test PSNR: 34.07906086521971
INFO:logs/DIP_log_model_gaussian_kernel=16_sigma=1.log:train PSNR: 33.60516196383297
INFO:logs/DIP_log_model_gaussian_kernel=16_sigma=1.log:test PSNR: 34.514513077530424
INFO:logs/DIP_log_model_gaussian_kernel=16_sigma=1.log:train PSNR: 32.8356224780728
INFO:logs/DIP_log_model_gaussian_kernel=16_sigma=1.log:test PSNR: 34.545873702587116
INFO:logs/DIP_log_model_gaussian_kernel=16_sigma=1.log:train PSNR: 34.11536120661863
INFO:logs/DIP_log_model_gaussian_kernel=16_sigma=1.log:test PSNR: 34.95090126482803
INFO:logs/DIP_log_model_gaussian_kernel=16_sigma=1.log:train PSNR: 33.34848439532836
INFO:logs/DIP_log_model_gaussian_kernel=16_sigma=1.log:test PSNR: 32.61464625156606
INFO:logs/DIP_log_model_gaussian_kernel=16_sigma=1.log:train PSNR: 33.798158720017746
INFO:logs/DIP_log_model_gaussian_kernel=16_sigma=1.log:test PSNR: 34.916386464078016
INFO:logs/DIP_log_model_gaussian_kernel=16_sigma=1.log:train PSNR: 34.18693502771851
INFO:logs/DIP_log_model_gaussian_kernel=16_sigma=1.log:test PSNR: 35.42052060765683
INFO:logs/DIP_log_model_gaussian_kernel=16_sigma=1.log:train PSNR: 34.155689701307544
INFO:logs/DIP_log_model_gaussian_kernel=16_sigma=1.log:test PSNR: 34.528546628473876
INFO:logs/DIP_log_model_gaussian_kernel=16_sigma=1.log:train PSNR: 34.56759762167931
INFO:logs/DIP_log_model_gaussian_kernel=16_sigma=1.log:test PSNR: 35.94856996164678
INFO:logs/DIP_log_model_gaussian_kernel=16_sigma=1.log:train PSNR: 34.80767554414326
INFO:logs/DIP_log_model_gaussian_kernel=16_sigma=1.log:test PSNR: 35.84107028211887
INFO:logs/DIP_log_model_gaussian_kernel=16_sigma=1.log:train PSNR: 34.17769479633155
INFO:logs/DIP_log_model_gaussian_kernel=16_sigma=1.log:test PSNR: 33.20606191441215
INFO:logs/DIP_log_model_gaussian_kernel=16_sigma=1.log:train PSNR: 34.765456648210936
INFO:logs/DIP_log_model_gaussian_kernel=16_sigma=1.log:test PSNR: 36.06374462512605
INFO:logs/DIP_log_model_gaussian_kernel=16_sigma=1.log:train PSNR: 34.89596672707005
INFO:logs/DIP_log_model_gaussian_kernel=16_sigma=1.log:test PSNR: 36.475692360142915
INFO:logs/DIP_log_model_gaussian_kernel=16_sigma=1.log:train PSNR: 35.43291727857039
INFO:logs/DIP_log_model_gaussian_kernel=16_sigma=1.log:test PSNR: 36.65703367088826
INFO:logs/DIP_log_model_gaussian_kernel=16_sigma=1.log:train PSNR: 35.12199803790802
INFO:logs/DIP_log_model_gaussian_kernel=16_sigma=1.log:test PSNR: 35.98592977413699
INFO:logs/DIP_log_model_gaussian_kernel=16_sigma=1.log:train PSNR: 35.11646206236844
INFO:logs/DIP_log_model_gaussian_kernel=16_sigma=1.log:test PSNR: 36.795508188194574
INFO:logs/DIP_log_model_gaussian_kernel=16_sigma=1.log:train PSNR: 35.71660077953337
INFO:logs/DIP_log_model_gaussian_kernel=16_sigma=1.log:test PSNR: 37.063283137796624
INFO:logs/DIP_log_model_gaussian_kernel=16_sigma=1.log:train PSNR: 36.06788194562563
INFO:logs/DIP_log_model_gaussian_kernel=16_sigma=1.log:test PSNR: 37.164770287834976
INFO:logs/DIP_log_model_gaussian_kernel=16_sigma=1.log:train PSNR: 36.26024082292017
INFO:logs/DIP_log_model_gaussian_kernel=16_sigma=1.log:test PSNR: 37.12551165634869
INFO:logs/DIP_log_model_gaussian_kernel=16_sigma=1.log:train PSNR: 36.14309943888921
INFO:logs/DIP_log_model_gaussian_kernel=16_sigma=1.log:test PSNR: 37.140127258461725
INFO:logs/DIP_log_model_gaussian_kernel=16_sigma=1.log:train PSNR: 36.21836197956214
INFO:logs/DIP_log_model_gaussian_kernel=16_sigma=1.log:test PSNR: 37.3733440932512
INFO:logs/DIP_log_model_gaussian_kernel=16_sigma=1.log:train PSNR: 36.15172848917183
INFO:logs/DIP_log_model_gaussian_kernel=16_sigma=1.log:test PSNR: 37.64043410297507
INFO:logs/DIP_log_model_gaussian_kernel=16_sigma=1.log:train PSNR: 36.22715057187998
INFO:logs/DIP_log_model_gaussian_kernel=16_sigma=1.log:test PSNR: 37.2111953252181
INFO:logs/DIP_log_model_gaussian_kernel=16_sigma=1.log:train PSNR: 36.47687743232207
INFO:logs/DIP_log_model_gaussian_kernel=16_sigma=1.log:test PSNR: 37.807059710804374
INFO:logs/DIP_log_model_gaussian_kernel=16_sigma=1.log:train PSNR: 36.614835785556124
INFO:logs/DIP_log_model_gaussian_kernel=16_sigma=1.log:test PSNR: 37.93358244929057
INFO:logs/DIP_log_model_gaussian_kernel=16_sigma=1.log:train PSNR: 36.57014328274907
INFO:logs/DIP_log_model_gaussian_kernel=16_sigma=1.log:test PSNR: 37.962944763071064
INFO:logs/DIP_log_model_gaussian_kernel=16_sigma=1.log:train PSNR: 37.00097597108017
INFO:logs/DIP_log_model_gaussian_kernel=16_sigma=1.log:test PSNR: 38.11340427482097
INFO:logs/DIP_log_model_gaussian_kernel=16_sigma=1.log:train PSNR: 36.40735893442023
INFO:logs/DIP_log_model_gaussian_kernel=16_sigma=1.log:test PSNR: 37.917827176485545
INFO:logs/DIP_log_model_gaussian_kernel=16_sigma=1.log:train PSNR: 36.86362543097911
INFO:logs/DIP_log_model_gaussian_kernel=16_sigma=1.log:test PSNR: 38.162122969065756
INFO:logs/DIP_log_model_gaussian_kernel=16_sigma=1.log:train PSNR: 36.91253920284154
INFO:logs/DIP_log_model_gaussian_kernel=16_sigma=1.log:test PSNR: 38.15431490476953
INFO:logs/DIP_log_model_gaussian_kernel=16_sigma=1.log:train PSNR: 37.2461145601286
INFO:logs/DIP_log_model_gaussian_kernel=16_sigma=1.log:test PSNR: 38.25251571580862
INFO:logs/DIP_log_model_gaussian_kernel=16_sigma=1.log:train PSNR: 37.043801754118476
INFO:logs/DIP_log_model_gaussian_kernel=16_sigma=1.log:test PSNR: 38.305846491798874
INFO:logs/DIP_log_model_gaussian_kernel=16_sigma=1.log:train PSNR: 37.39722010779078
INFO:logs/DIP_log_model_gaussian_kernel=16_sigma=1.log:test PSNR: 38.457685803412225
INFO:logs/DIP_log_model_gaussian_kernel=16_sigma=1.log:train PSNR: 37.09568145613898
INFO:logs/DIP_log_model_gaussian_kernel=16_sigma=1.log:test PSNR: 37.84124084890935
INFO:logs/DIP_log_model_gaussian_kernel=16_sigma=1.log:train PSNR: 35.336586722649415
INFO:logs/DIP_log_model_gaussian_kernel=16_sigma=1.log:test PSNR: 37.93001278927925
INFO:logs/DIP_log_model_gaussian_kernel=16_sigma=1.log:train PSNR: 37.10820132536258
INFO:logs/DIP_log_model_gaussian_kernel=16_sigma=1.log:test PSNR: 38.13561307293768
INFO:logs/DIP_log_model_gaussian_kernel=16_sigma=1.log:train PSNR: 37.08463168485041
INFO:logs/DIP_log_model_gaussian_kernel=16_sigma=1.log:test PSNR: 38.3242017658336
INFO:logs/DIP_log_model_gaussian_kernel=16_sigma=1.log:train PSNR: 37.13952101203144
INFO:logs/DIP_log_model_gaussian_kernel=16_sigma=1.log:test PSNR: 38.415868794964815
INFO:logs/DIP_log_model_gaussian_kernel=16_sigma=1.log:train PSNR: 37.47860186001571
INFO:logs/DIP_log_model_gaussian_kernel=16_sigma=1.log:test PSNR: 38.490464430252054
INFO:logs/DIP_log_model_gaussian_kernel=16_sigma=1.log:train PSNR: 37.89944342494883
INFO:logs/DIP_log_model_gaussian_kernel=16_sigma=1.log:test PSNR: 38.51812778259241
INFO:logs/DIP_log_model_gaussian_kernel=16_sigma=1.log:train PSNR: 37.29956251503556
INFO:logs/DIP_log_model_gaussian_kernel=16_sigma=1.log:test PSNR: 38.51402587766181
INFO:logs/DIP_log_model_gaussian_kernel=16_sigma=1.log:train PSNR: 37.68307764032848
INFO:logs/DIP_log_model_gaussian_kernel=16_sigma=1.log:test PSNR: 38.62453787967398
INFO:logs/DIP_log_model_gaussian_kernel=16_sigma=1.log:train PSNR: 37.673332470649505
INFO:logs/DIP_log_model_gaussian_kernel=16_sigma=1.log:test PSNR: 38.69978885584245
INFO:logs/DIP_log_model_gaussian_kernel=16_sigma=1.log:train PSNR: 37.73260295513527
INFO:logs/DIP_log_model_gaussian_kernel=16_sigma=1.log:test PSNR: 38.72808663006696
INFO:logs/DIP_log_model_gaussian_kernel=16_sigma=1.log:train PSNR: 37.944751029581326
INFO:logs/DIP_log_model_gaussian_kernel=16_sigma=1.log:test PSNR: 38.68507785901869
INFO:logs/DIP_log_model_gaussian_kernel=16_sigma=1.log:train PSNR: 37.77466905982658
INFO:logs/DIP_log_model_gaussian_kernel=16_sigma=1.log:test PSNR: 38.69920875042258
INFO:logs/DIP_log_model_gaussian_kernel=16_sigma=1.log:train PSNR: 37.6603106573215
INFO:logs/DIP_log_model_gaussian_kernel=16_sigma=1.log:test PSNR: 38.717264901149285
INFO:logs/DIP_log_model_gaussian_kernel=16_sigma=1.log:train PSNR: 37.819161311479505
INFO:logs/DIP_log_model_gaussian_kernel=16_sigma=1.log:test PSNR: 38.681254370083195
INFO:logs/DIP_log_model_gaussian_kernel=16_sigma=1.log:train PSNR: 37.70726047669953
INFO:logs/DIP_log_model_gaussian_kernel=16_sigma=1.log:test PSNR: 38.665444824261
INFO:logs/DIP_log_model_gaussian_kernel=16_sigma=1.log:train PSNR: 37.84762817393161
INFO:logs/DIP_log_model_gaussian_kernel=16_sigma=1.log:test PSNR: 38.695307299426624
INFO:logs/DIP_log_model_gaussian_kernel=16_sigma=1.log:train PSNR: 37.80829305977739
INFO:logs/DIP_log_model_gaussian_kernel=16_sigma=1.log:test PSNR: 38.88609093374463
INFO:logs/DIP_log_model_gaussian_kernel=16_sigma=1.log:train PSNR: 37.99925721141118
INFO:logs/DIP_log_model_gaussian_kernel=16_sigma=1.log:test PSNR: 38.575001193850845
INFO:logs/DIP_log_model_gaussian_kernel=16_sigma=1.log:train PSNR: 37.78579701598699
INFO:logs/DIP_log_model_gaussian_kernel=16_sigma=1.log:test PSNR: 38.88166263625962
INFO:logs/DIP_log_model_gaussian_kernel=16_sigma=1.log:train PSNR: 38.11054526290396
INFO:logs/DIP_log_model_gaussian_kernel=16_sigma=1.log:test PSNR: 38.94038289431354
INFO:logs/DIP_log_model_gaussian_kernel=16_sigma=1.log:train PSNR: 38.21076128789094
INFO:logs/DIP_log_model_gaussian_kernel=16_sigma=1.log:test PSNR: 38.941831492114886
INFO:logs/DIP_log_model_gaussian_kernel=16_sigma=1.log:train PSNR: 38.01041057644155
INFO:logs/DIP_log_model_gaussian_kernel=16_sigma=1.log:test PSNR: 38.9440322531945
INFO:logs/DIP_log_model_gaussian_kernel=16_sigma=1.log:train PSNR: 38.06937004689017
INFO:logs/DIP_log_model_gaussian_kernel=16_sigma=1.log:test PSNR: 38.948168700770516
INFO:logs/DIP_log_model_gaussian_kernel=16_sigma=1.log:train PSNR: 38.28765886851245
INFO:logs/DIP_log_model_gaussian_kernel=16_sigma=1.log:test PSNR: 38.991084095010386
INFO:logs/DIP_log_model_gaussian_kernel=16_sigma=1.log:train PSNR: 38.178999807903956
INFO:logs/DIP_log_model_gaussian_kernel=16_sigma=1.log:test PSNR: 39.0271158034812
INFO:logs/DIP_log_model_gaussian_kernel=16_sigma=1.log:train PSNR: 38.017405482403184
INFO:logs/DIP_log_model_gaussian_kernel=16_sigma=1.log:test PSNR: 38.98704157409708
INFO:logs/DIP_log_model_gaussian_kernel=16_sigma=1.log:train PSNR: 38.38209546833028
INFO:logs/DIP_log_model_gaussian_kernel=16_sigma=1.log:test PSNR: 38.99496571530524
INFO:logs/DIP_log_model_gaussian_kernel=16_sigma=1.log:train PSNR: 38.305321153955695
INFO:logs/DIP_log_model_gaussian_kernel=16_sigma=1.log:test PSNR: 39.05105260679449
INFO:logs/DIP_log_model_gaussian_kernel=16_sigma=1.log:train PSNR: 37.86295836294947
INFO:logs/DIP_log_model_gaussian_kernel=16_sigma=1.log:test PSNR: 39.0546875460464
INFO:logs/DIP_log_model_gaussian_kernel=16_sigma=1.log:train PSNR: 38.62384634553473
INFO:logs/DIP_log_model_gaussian_kernel=16_sigma=1.log:test PSNR: 39.100168235709035
INFO:logs/DIP_log_model_gaussian_kernel=16_sigma=1.log:train PSNR: 38.6178042007057
INFO:logs/DIP_log_model_gaussian_kernel=16_sigma=1.log:test PSNR: 39.09340197452878
INFO:logs/DIP_log_model_gaussian_kernel=16_sigma=1.log:train PSNR: 38.47355545411699
INFO:logs/DIP_log_model_gaussian_kernel=16_sigma=1.log:test PSNR: 39.06774526056694
INFO:logs/DIP_log_model_gaussian_kernel=16_sigma=1.log:train PSNR: 38.61941006525316
INFO:logs/DIP_log_model_gaussian_kernel=16_sigma=1.log:test PSNR: 39.10996003276163
INFO:logs/DIP_log_model_gaussian_kernel=16_sigma=1.log:train PSNR: 38.31027619446648
INFO:logs/DIP_log_model_gaussian_kernel=16_sigma=1.log:test PSNR: 39.09826117083121
INFO:logs/DIP_log_model_gaussian_kernel=16_sigma=1.log:train PSNR: 38.27589335132664
INFO:logs/DIP_log_model_gaussian_kernel=16_sigma=1.log:test PSNR: 39.134384319019695
INFO:logs/DIP_log_model_gaussian_kernel=16_sigma=1.log:train PSNR: 38.81380044367604
INFO:logs/DIP_log_model_gaussian_kernel=16_sigma=1.log:test PSNR: 39.13883662726331
INFO:logs/DIP_log_model_gaussian_kernel=16_sigma=1.log:train PSNR: 38.286862082321015
INFO:logs/DIP_log_model_gaussian_kernel=16_sigma=1.log:test PSNR: 39.115502792635596
INFO:logs/DIP_log_model_gaussian_kernel=16_sigma=1.log:train PSNR: 38.87856490404218
INFO:logs/DIP_log_model_gaussian_kernel=16_sigma=1.log:test PSNR: 39.12346572333217
INFO:logs/DIP_log_model_gaussian_kernel=16_sigma=1.log:train PSNR: 38.47532293741989
INFO:logs/DIP_log_model_gaussian_kernel=16_sigma=1.log:test PSNR: 39.1619782484526
INFO:logs/DIP_log_model_gaussian_kernel=16_sigma=1.log:train PSNR: 38.864939171810555
INFO:logs/DIP_log_model_gaussian_kernel=16_sigma=1.log:test PSNR: 39.07227549411179
INFO:logs/DIP_log_model_gaussian_kernel=16_sigma=1.log:train PSNR: 38.34811074866293
INFO:logs/DIP_log_model_gaussian_kernel=16_sigma=1.log:test PSNR: 39.10243374903819
INFO:logs/DIP_log_model_gaussian_kernel=16_sigma=1.log:train PSNR: 38.44507466743515
INFO:logs/DIP_log_model_gaussian_kernel=16_sigma=1.log:test PSNR: 39.16926576811775
INFO:logs/DIP_log_model_gaussian_kernel=16_sigma=1.log:train PSNR: 38.92716499642908
INFO:logs/DIP_log_model_gaussian_kernel=16_sigma=1.log:test PSNR: 39.14375214310837
INFO:logs/DIP_log_model_gaussian_kernel=16_sigma=1.log:train PSNR: 38.504774168985456
INFO:logs/DIP_log_model_gaussian_kernel=16_sigma=1.log:test PSNR: 39.13946372256031
INFO:logs/DIP_log_model_gaussian_kernel=16_sigma=1.log:train PSNR: 38.56696771875909
INFO:logs/DIP_log_model_gaussian_kernel=16_sigma=1.log:test PSNR: 39.18178332355574
INFO:logs/DIP_log_model_gaussian_kernel=16_sigma=1.log:train PSNR: 38.81011847021662
INFO:logs/DIP_log_model_gaussian_kernel=16_sigma=1.log:test PSNR: 39.18699385473426
INFO:logs/DIP_log_model_gaussian_kernel=16_sigma=1.log:train PSNR: 38.5385477035812
INFO:logs/DIP_log_model_gaussian_kernel=16_sigma=1.log:test PSNR: 39.188794667226034
INFO:logs/DIP_log_model_gaussian_kernel=16_sigma=1.log:train PSNR: 38.54563849391311
INFO:logs/DIP_log_model_gaussian_kernel=16_sigma=1.log:test PSNR: 39.21675274211542
INFO:logs/DIP_log_model_gaussian_kernel=16_sigma=1.log:train PSNR: 38.692959815597305
INFO:logs/DIP_log_model_gaussian_kernel=16_sigma=1.log:test PSNR: 39.22116560349879
INFO:logs/DIP_log_model_gaussian_kernel=16_sigma=1.log:train PSNR: 38.742575649015514
INFO:logs/DIP_log_model_gaussian_kernel=16_sigma=1.log:test PSNR: 39.20709686654983
INFO:logs/DIP_log_model_gaussian_kernel=16_sigma=1.log:train PSNR: 38.628359086353406
INFO:logs/DIP_log_model_gaussian_kernel=16_sigma=1.log:test PSNR: 39.22029471159857
INFO:logs/DIP_log_model_gaussian_kernel=16_sigma=1.log:train PSNR: 38.726419803197516
INFO:logs/DIP_log_model_gaussian_kernel=16_sigma=1.log:test PSNR: 39.228511542331304
INFO:logs/DIP_log_model_gaussian_kernel=16_sigma=1.log:train PSNR: 38.894420048319105
INFO:logs/DIP_log_model_gaussian_kernel=16_sigma=1.log:test PSNR: 39.197606658252425
INFO:logs/DIP_log_model_gaussian_kernel=16_sigma=1.log:train PSNR: 38.85004435362192
INFO:logs/DIP_log_model_gaussian_kernel=16_sigma=1.log:test PSNR: 39.21777847323391
INFO:logs/DIP_log_model_gaussian_kernel=16_sigma=1.log:train PSNR: 38.66104063669869
INFO:logs/DIP_log_model_gaussian_kernel=16_sigma=1.log:test PSNR: 39.20684317774493
INFO:logs/DIP_log_model_gaussian_kernel=16_sigma=1.log:train PSNR: 38.73419158935094
INFO:logs/DIP_log_model_gaussian_kernel=16_sigma=1.log:test PSNR: 39.26289956908586
INFO:logs/DIP_log_model_gaussian_kernel=16_sigma=1.log:train PSNR: 38.91049807714815
INFO:logs/DIP_log_model_gaussian_kernel=16_sigma=1.log:test PSNR: 39.214632058513395
INFO:logs/DIP_log_model_gaussian_kernel=16_sigma=1.log:train PSNR: 38.95047596204659
INFO:logs/DIP_log_model_gaussian_kernel=16_sigma=1.log:test PSNR: 39.25030815230493
INFO:logs/DIP_log_model_gaussian_kernel=16_sigma=1.log:train PSNR: 38.7101339519007
INFO:logs/DIP_log_model_gaussian_kernel=16_sigma=1.log:test PSNR: 39.25735659832439
INFO:logs/DIP_log_model_gaussian_kernel=16_sigma=1.log:train PSNR: 38.71518155269466
INFO:logs/DIP_log_model_gaussian_kernel=16_sigma=1.log:test PSNR: 39.264976296350625
INFO:logs/DIP_log_model_gaussian_kernel=16_sigma=1.log:train PSNR: 38.826250354084905
INFO:logs/DIP_log_model_gaussian_kernel=16_sigma=1.log:test PSNR: 39.28692057043101
INFO:logs/DIP_log_model_gaussian_kernel=16_sigma=1.log:train PSNR: 38.89976464029233
INFO:logs/DIP_log_model_gaussian_kernel=16_sigma=1.log:test PSNR: 39.26712429902173
INFO:logs/DIP_log_model_gaussian_kernel=16_sigma=1.log:train PSNR: 38.894247348546024
INFO:logs/DIP_log_model_gaussian_kernel=16_sigma=1.log:test PSNR: 39.25589253452645
INFO:logs/DIP_log_model_gaussian_kernel=16_sigma=1.log:train PSNR: 38.92925937895949
INFO:logs/DIP_log_model_gaussian_kernel=16_sigma=1.log:test PSNR: 39.27124806277135
INFO:logs/DIP_log_model_gaussian_kernel=16_sigma=1.log:train PSNR: 38.9211496522141
INFO:logs/DIP_log_model_gaussian_kernel=16_sigma=1.log:test PSNR: 39.27282037098413
INFO:logs/DIP_log_model_gaussian_kernel=16_sigma=1.log:train PSNR: 38.788599262411736
INFO:logs/DIP_log_model_gaussian_kernel=16_sigma=1.log:test PSNR: 39.27248615190081
INFO:logs/DIP_log_model_gaussian_kernel=16_sigma=1.log:train PSNR: 38.83081408172335
INFO:logs/DIP_log_model_gaussian_kernel=16_sigma=1.log:test PSNR: 39.25448123647741
INFO:logs/DIP_log_model_gaussian_kernel=16_sigma=1.log:train PSNR: 38.8467642993054
INFO:logs/DIP_log_model_gaussian_kernel=16_sigma=1.log:test PSNR: 39.2834973656584
INFO:logs/DIP_log_model_gaussian_kernel=16_sigma=1.log:train PSNR: 38.715716497973375
INFO:logs/DIP_log_model_gaussian_kernel=16_sigma=1.log:test PSNR: 39.283533715487096
INFO:logs/DIP_log_model_gaussian_kernel=16_sigma=1.log:train PSNR: 38.98917071253446
INFO:logs/DIP_log_model_gaussian_kernel=16_sigma=1.log:test PSNR: 39.277127229797145
INFO:logs/DIP_log_model_gaussian_kernel=16_sigma=1.log:train PSNR: 38.62814589835869
INFO:logs/DIP_log_model_gaussian_kernel=16_sigma=1.log:test PSNR: 39.27771561976983
INFO:logs/DIP_log_model_gaussian_kernel=16_sigma=1.log:train PSNR: 38.92293457549381
INFO:logs/DIP_log_model_gaussian_kernel=16_sigma=1.log:test PSNR: 39.28159402839714
INFO:logs/DIP_log_model_gaussian_kernel=16_sigma=1.log:train PSNR: 39.02155871250524
INFO:logs/DIP_log_model_gaussian_kernel=16_sigma=1.log:test PSNR: 39.28396282927265
INFO:logs/DIP_log_model_gaussian_kernel=16_sigma=1.log:train PSNR: 38.85512508042978
INFO:logs/DIP_log_model_gaussian_kernel=16_sigma=1.log:test PSNR: 39.27670289351294
INFO:logs/DIP_log_model_gaussian_kernel=16_sigma=1.log:train PSNR: 39.05839742700387
INFO:logs/DIP_log_model_gaussian_kernel=16_sigma=1.log:test PSNR: 39.25593842845869
INFO:logs/DIP_log_model_gaussian_kernel=16_sigma=1.log:train PSNR: 38.79327235448678
INFO:logs/DIP_log_model_gaussian_kernel=16_sigma=1.log:test PSNR: 39.26708173469319
INFO:logs/DIP_log_model_gaussian_kernel=16_sigma=1.log:train PSNR: 39.03131242479589
INFO:logs/DIP_log_model_gaussian_kernel=16_sigma=1.log:test PSNR: 39.28895287664717
INFO:logs/DIP_log_model_gaussian_kernel=16_sigma=1.log:train PSNR: 38.97996284995749
INFO:logs/DIP_log_model_gaussian_kernel=16_sigma=1.log:test PSNR: 39.29443908229504
INFO:logs/DIP_log_model_gaussian_kernel=16_sigma=1.log:train PSNR: 38.78688238098717
INFO:logs/DIP_log_model_gaussian_kernel=16_sigma=1.log:test PSNR: 39.32735932802265
INFO:logs/DIP_log_model_gaussian_kernel=16_sigma=1.log:train PSNR: 38.92012631994458
INFO:logs/DIP_log_model_gaussian_kernel=16_sigma=1.log:test PSNR: 39.30279623225141
INFO:logs/DIP_log_model_gaussian_kernel=16_sigma=1.log:train PSNR: 39.026982221962164
INFO:logs/DIP_log_model_gaussian_kernel=16_sigma=1.log:test PSNR: 39.28096545730066
INFO:logs/DIP_log_model_gaussian_kernel=16_sigma=1.log:train PSNR: 39.22733464909459
INFO:logs/DIP_log_model_gaussian_kernel=16_sigma=1.log:test PSNR: 39.29477675206205
INFO:logs/DIP_log_model_gaussian_kernel=16_sigma=1.log:train PSNR: 39.00889260046649
INFO:logs/DIP_log_model_gaussian_kernel=16_sigma=1.log:test PSNR: 39.28852389974628
INFO:logs/DIP_log_model_gaussian_kernel=16_sigma=1.log:train PSNR: 38.98885027312202
INFO:logs/DIP_log_model_gaussian_kernel=16_sigma=1.log:test PSNR: 39.291456169738815
INFO:logs/DIP_log_model_gaussian_kernel=16_sigma=1.log:train PSNR: 39.13645376072043
INFO:logs/DIP_log_model_gaussian_kernel=16_sigma=1.log:test PSNR: 39.3053783719272
INFO:logs/DIP_log_model_gaussian_kernel=16_sigma=1.log:train PSNR: 39.09199782329919
INFO:logs/DIP_log_model_gaussian_kernel=16_sigma=1.log:test PSNR: 39.29578018999026
INFO:logs/DIP_log_model_gaussian_kernel=16_sigma=1.log:train PSNR: 38.933766254492376
INFO:logs/DIP_log_model_gaussian_kernel=16_sigma=1.log:test PSNR: 39.298791788894675
INFO:logs/DIP_log_model_gaussian_kernel=16_sigma=1.log:train PSNR: 39.04350375124679
INFO:logs/DIP_log_model_gaussian_kernel=16_sigma=1.log:test PSNR: 39.31767930445971
INFO:logs/DIP_log_model_gaussian_kernel=16_sigma=1.log:train PSNR: 38.9913617149686
INFO:logs/DIP_log_model_gaussian_kernel=16_sigma=1.log:test PSNR: 39.29242627312226
INFO:logs/DIP_log_model_gaussian_kernel=16_sigma=1.log:train PSNR: 39.0081564058627
INFO:logs/DIP_log_model_gaussian_kernel=16_sigma=1.log:test PSNR: 39.29530111255367
INFO:logs/DIP_log_model_gaussian_kernel=16_sigma=1.log:train PSNR: 38.901846347416395
INFO:logs/DIP_log_model_gaussian_kernel=16_sigma=1.log:test PSNR: 39.29231442723854
INFO:logs/DIP_log_model_gaussian_kernel=16_sigma=1.log:train PSNR: 39.213903688126464
INFO:logs/DIP_log_model_gaussian_kernel=16_sigma=1.log:test PSNR: 39.28399647973532
INFO:logs/DIP_log_model_gaussian_kernel=16_sigma=1.log:train PSNR: 38.92546242498088
INFO:logs/DIP_log_model_gaussian_kernel=16_sigma=1.log:test PSNR: 39.31334767455368
INFO:logs/DIP_log_model_gaussian_kernel=16_sigma=1.log:train PSNR: 39.10704994259593
INFO:logs/DIP_log_model_gaussian_kernel=16_sigma=1.log:test PSNR: 39.321064662461524
INFO:logs/DIP_log_model_gaussian_kernel=16_sigma=1.log:train PSNR: 38.91485491599768
INFO:logs/DIP_log_model_gaussian_kernel=16_sigma=1.log:test PSNR: 39.2997165742958
INFO:logs/DIP_log_model_gaussian_kernel=16_sigma=1.log:train PSNR: 38.7779688241615
INFO:logs/DIP_log_model_gaussian_kernel=16_sigma=1.log:test PSNR: 39.322950428778334
INFO:logs/DIP_log_model_gaussian_kernel=16_sigma=1.log:train PSNR: 39.14125888667754
INFO:logs/DIP_log_model_gaussian_kernel=16_sigma=1.log:test PSNR: 39.31535837490145
INFO:logs/DIP_log_model_gaussian_kernel=16_sigma=1.log:train PSNR: 38.94486118036921
INFO:logs/DIP_log_model_gaussian_kernel=16_sigma=1.log:test PSNR: 39.3160477910229
INFO:logs/DIP_log_model_gaussian_kernel=16_sigma=1.log:train PSNR: 39.203651596396284
INFO:logs/DIP_log_model_gaussian_kernel=16_sigma=1.log:test PSNR: 39.31898072286176
INFO:logs/DIP_log_model_gaussian_kernel=16_sigma=1.log:train PSNR: 39.017168316884515
INFO:logs/DIP_log_model_gaussian_kernel=16_sigma=1.log:test PSNR: 39.316317090733236
INFO:logs/DIP_log_model_gaussian_kernel=16_sigma=1.log:train PSNR: 39.2526584183248
INFO:logs/DIP_log_model_gaussian_kernel=16_sigma=1.log:test PSNR: 39.298535226449694
INFO:logs/DIP_log_model_gaussian_kernel=16_sigma=1.log:train PSNR: 38.85798295945077
INFO:logs/DIP_log_model_gaussian_kernel=16_sigma=1.log:test PSNR: 39.313571953445916
INFO:logs/DIP_log_model_gaussian_kernel=16_sigma=1.log:train PSNR: 39.07214036968884
INFO:logs/DIP_log_model_gaussian_kernel=16_sigma=1.log:test PSNR: 39.318215147887486
INFO:logs/DIP_log_model_gaussian_kernel=16_sigma=1.log:train PSNR: 39.166623108290516
INFO:logs/DIP_log_model_gaussian_kernel=16_sigma=1.log:test PSNR: 39.32486963805181
INFO:logs/DIP_log_model_gaussian_kernel=16_sigma=1.log:train PSNR: 39.15858470642104
INFO:logs/DIP_log_model_gaussian_kernel=16_sigma=1.log:test PSNR: 39.310276749447326
INFO:logs/DIP_log_model_gaussian_kernel=16_sigma=1.log:train PSNR: 38.919511027890884
INFO:logs/DIP_log_model_gaussian_kernel=16_sigma=1.log:test PSNR: 39.29896495620051
INFO:logs/DIP_log_model_gaussian_kernel=16_sigma=1.log:train PSNR: 39.03011619607475
INFO:logs/DIP_log_model_gaussian_kernel=16_sigma=1.log:test PSNR: 39.30283040136386
INFO:logs/DIP_log_model_gaussian_kernel=16_sigma=1.log:train PSNR: 39.01764303874671
INFO:logs/DIP_log_model_gaussian_kernel=16_sigma=1.log:test PSNR: 39.31545099799413
INFO:logs/DIP_log_model_gaussian_kernel=16_sigma=1.log:train PSNR: 39.15153075685997
INFO:logs/DIP_log_model_gaussian_kernel=16_sigma=1.log:test PSNR: 39.31185462698686
INFO:logs/DIP_log_model_gaussian_kernel=16_sigma=1.log:train PSNR: 38.83862832631562
INFO:logs/DIP_log_model_gaussian_kernel=16_sigma=1.log:test PSNR: 39.305902829193684
INFO:logs/DIP_log_model_gaussian_kernel=16_sigma=1.log:train PSNR: 39.10976196894699
INFO:logs/DIP_log_model_gaussian_kernel=16_sigma=1.log:test PSNR: 39.31883020526419
INFO:logs/DIP_log_model_gaussian_kernel=16_sigma=1.log:train PSNR: 39.06519494961953
INFO:logs/DIP_log_model_gaussian_kernel=16_sigma=1.log:test PSNR: 39.31650797535422
INFO:logs/DIP_log_model_gaussian_kernel=16_sigma=1.log:train PSNR: 39.37707196211018
INFO:logs/DIP_log_model_gaussian_kernel=16_sigma=1.log:test PSNR: 39.30775596252046
INFO:logs/DIP_log_model_gaussian_kernel=16_sigma=1.log:train PSNR: 38.92448504203204
INFO:logs/DIP_log_model_gaussian_kernel=16_sigma=1.log:test PSNR: 39.30960903232808
INFO:logs/DIP_log_model_gaussian_kernel=16_sigma=1.log:train PSNR: 39.0274496942371
INFO:logs/DIP_log_model_gaussian_kernel=16_sigma=1.log:test PSNR: 39.31631646782465
INFO:logs/DIP_log_model_gaussian_kernel=16_sigma=1.log:train PSNR: 38.63386827895539
INFO:logs/DIP_log_model_gaussian_kernel=16_sigma=1.log:test PSNR: 39.327479969385585
INFO:logs/DIP_log_model_gaussian_kernel=16_sigma=1.log:train PSNR: 38.84431348445288
INFO:logs/DIP_log_model_gaussian_kernel=16_sigma=1.log:test PSNR: 39.3199911705551
INFO:logs/DIP_log_model_gaussian_kernel=16_sigma=1.log:train PSNR: 38.95686026434141
INFO:logs/DIP_log_model_gaussian_kernel=16_sigma=1.log:test PSNR: 39.312008976499364
INFO:logs/DIP_log_model_gaussian_kernel=16_sigma=1.log:train PSNR: 39.15228530262621
INFO:logs/DIP_log_model_gaussian_kernel=16_sigma=1.log:test PSNR: 39.31328703025642
INFO:logs/DIP_log_model_gaussian_kernel=16_sigma=1.log:train PSNR: 39.07049852498579
INFO:logs/DIP_log_model_gaussian_kernel=16_sigma=1.log:test PSNR: 39.32163342534276
INFO:logs/DIP_log_model_gaussian_kernel=16_sigma=1.log:train PSNR: 38.91787562302682
INFO:logs/DIP_log_model_gaussian_kernel=16_sigma=1.log:test PSNR: 39.32664440655918
INFO:logs/DIP_log_model_gaussian_kernel=16_sigma=1.log:train PSNR: 39.0577789184124
INFO:logs/DIP_log_model_gaussian_kernel=16_sigma=1.log:test PSNR: 39.329118878996496
INFO:logs/DIP_log_model_gaussian_kernel=16_sigma=1.log:train PSNR: 38.924645770374646
INFO:logs/DIP_log_model_gaussian_kernel=16_sigma=1.log:test PSNR: 39.327704750946
INFO:logs/DIP_log_model_gaussian_kernel=16_sigma=1.log:train PSNR: 38.819597943872694
INFO:logs/DIP_log_model_gaussian_kernel=16_sigma=1.log:test PSNR: 39.33116758208497
INFO:logs/DIP_log_model_gaussian_kernel=16_sigma=1.log:train PSNR: 39.08078096013581
INFO:logs/DIP_log_model_gaussian_kernel=16_sigma=1.log:test PSNR: 39.33574588244244
INFO:logs/DIP_log_model_gaussian_kernel=16_sigma=1.log:train PSNR: 39.14695817309317
INFO:logs/DIP_log_model_gaussian_kernel=16_sigma=1.log:test PSNR: 39.32907663411916
INFO:logs/DIP_log_model_gaussian_kernel=16_sigma=1.log:train PSNR: 39.26823193346051
INFO:logs/DIP_log_model_gaussian_kernel=16_sigma=1.log:test PSNR: 39.332132131210585
INFO:logs/DIP_log_model_gaussian_kernel=16_sigma=1.log:train PSNR: 39.1032760748519
INFO:logs/DIP_log_model_gaussian_kernel=16_sigma=1.log:test PSNR: 39.32147830049033
INFO:logs/DIP_log_model_gaussian_kernel=16_sigma=1.log:train PSNR: 39.287445277004934
INFO:logs/DIP_log_model_gaussian_kernel=16_sigma=1.log:test PSNR: 39.338682216187536
INFO:logs/DIP_log_model_gaussian_kernel=16_sigma=1.log:train PSNR: 39.167640512039675
INFO:logs/DIP_log_model_gaussian_kernel=16_sigma=1.log:test PSNR: 39.32450405002191
INFO:logs/DIP_log_model_gaussian_kernel=16_sigma=1.log:train PSNR: 38.85671891679883
INFO:logs/DIP_log_model_gaussian_kernel=16_sigma=1.log:test PSNR: 39.32833529155852
INFO:logs/DIP_log_model_gaussian_kernel=16_sigma=1.log:train PSNR: 39.19077985300417
INFO:logs/DIP_log_model_gaussian_kernel=16_sigma=1.log:test PSNR: 39.32884570683127
INFO:logs/DIP_log_model_gaussian_kernel=16_sigma=1.log:train PSNR: 38.65896555328395
INFO:logs/DIP_log_model_gaussian_kernel=16_sigma=1.log:test PSNR: 39.33547248556106
INFO:logs/DIP_log_model_gaussian_kernel=16_sigma=1.log:train PSNR: 39.31747556705689
INFO:logs/DIP_log_model_gaussian_kernel=16_sigma=1.log:test PSNR: 39.33598026652663
INFO:logs/DIP_log_model_gaussian_kernel=16_sigma=1.log:train PSNR: 39.14998677288813
INFO:logs/DIP_log_model_gaussian_kernel=16_sigma=1.log:test PSNR: 39.337984755880335
INFO:logs/DIP_log_model_gaussian_kernel=16_sigma=1.log:train PSNR: 38.84664908567083
INFO:logs/DIP_log_model_gaussian_kernel=16_sigma=1.log:test PSNR: 39.326992402223404
INFO:logs/DIP_log_model_gaussian_kernel=16_sigma=1.log:train PSNR: 39.25738303078201
INFO:logs/DIP_log_model_gaussian_kernel=16_sigma=1.log:test PSNR: 39.32816271096418
INFO:logs/DIP_log_model_gaussian_kernel=16_sigma=1.log:train PSNR: 38.903526807137595
INFO:logs/DIP_log_model_gaussian_kernel=16_sigma=1.log:test PSNR: 39.33130571499823
INFO:logs/DIP_log_model_gaussian_kernel=16_sigma=1.log:train PSNR: 38.87126173403253
INFO:logs/DIP_log_model_gaussian_kernel=16_sigma=1.log:test PSNR: 39.33053144839147
INFO:logs/DIP_log_model_gaussian_kernel=16_sigma=1.log:train PSNR: 39.34757524512759
INFO:logs/DIP_log_model_gaussian_kernel=16_sigma=1.log:test PSNR: 39.33005749845025
INFO:logs/DIP_log_model_gaussian_kernel=16_sigma=1.log:train PSNR: 38.96976389616497
INFO:logs/DIP_log_model_gaussian_kernel=16_sigma=1.log:test PSNR: 39.3290932590513
INFO:logs/DIP_log_model_gaussian_kernel=16_sigma=1.log:train PSNR: 39.50060895986539
INFO:logs/DIP_log_model_gaussian_kernel=16_sigma=1.log:test PSNR: 39.325994190371546
INFO:logs/DIP_log_model_gaussian_kernel=16_sigma=1.log:train PSNR: 39.0017330517206
INFO:logs/DIP_log_model_gaussian_kernel=16_sigma=1.log:test PSNR: 39.33450539713642
INFO:logs/DIP_log_model_gaussian_kernel=16_sigma=1.log:train PSNR: 39.17579218325004
INFO:logs/DIP_log_model_gaussian_kernel=16_sigma=1.log:test PSNR: 39.32878324959452
INFO:logs/DIP_log_model_gaussian_kernel=16_sigma=1.log:train PSNR: 39.175194283443005
INFO:logs/DIP_log_model_gaussian_kernel=16_sigma=1.log:test PSNR: 39.326832481990884
INFO:logs/DIP_log_model_gaussian_kernel=16_sigma=1.log:train PSNR: 39.066515526754806
INFO:logs/DIP_log_model_gaussian_kernel=16_sigma=1.log:test PSNR: 39.32969296353437
INFO:logs/DIP_log_model_gaussian_kernel=16_sigma=1.log:train PSNR: 39.15674411225888
INFO:logs/DIP_log_model_gaussian_kernel=16_sigma=1.log:test PSNR: 39.33293586080203
INFO:logs/DIP_log_model_gaussian_kernel=16_sigma=1.log:train PSNR: 39.042147005257924
INFO:logs/DIP_log_model_gaussian_kernel=16_sigma=1.log:test PSNR: 39.328396494220726
INFO:logs/DIP_log_model_gaussian_kernel=16_sigma=1.log:train PSNR: 38.97319745905371
INFO:logs/DIP_log_model_gaussian_kernel=16_sigma=1.log:test PSNR: 39.33159386751107
INFO:logs/DIP_log_model_gaussian_kernel=16_sigma=1.log:train PSNR: 39.25407075868413
INFO:logs/DIP_log_model_gaussian_kernel=16_sigma=1.log:test PSNR: 39.325620638691646
INFO:logs/DIP_log_model_gaussian_kernel=16_sigma=1.log:train PSNR: 39.00618979753152
INFO:logs/DIP_log_model_gaussian_kernel=16_sigma=1.log:test PSNR: 39.32643245148605
INFO:logs/DIP_log_model_gaussian_kernel=16_sigma=1.log:train PSNR: 39.04816639796884
INFO:logs/DIP_log_model_gaussian_kernel=16_sigma=1.log:test PSNR: 39.325554339252825
INFO:logs/DIP_log_model_gaussian_kernel=16_sigma=1.log:train PSNR: 38.94149420634897
INFO:logs/DIP_log_model_gaussian_kernel=16_sigma=1.log:test PSNR: 39.328879756248654
INFO:logs/DIP_log_model_gaussian_kernel=16_sigma=1.log:train PSNR: 39.16572107644416
INFO:logs/DIP_log_model_gaussian_kernel=16_sigma=1.log:test PSNR: 39.33266460231984
INFO:logs/DIP_log_model_gaussian_kernel=16_sigma=1.log:train PSNR: 39.1520085588637
INFO:logs/DIP_log_model_gaussian_kernel=16_sigma=1.log:test PSNR: 39.33927893226219
INFO:logs/DIP_log_model_gaussian_kernel=16_sigma=1.log:train PSNR: 39.233654313319285
INFO:logs/DIP_log_model_gaussian_kernel=16_sigma=1.log:test PSNR: 39.3395458749392
INFO:logs/DIP_log_model_gaussian_kernel=16_sigma=1.log:train PSNR: 39.00873226944376
INFO:logs/DIP_log_model_gaussian_kernel=16_sigma=1.log:test PSNR: 39.33443323489875
INFO:logs/DIP_log_model_gaussian_kernel=16_sigma=1.log:train PSNR: 38.917230155958315
INFO:logs/DIP_log_model_gaussian_kernel=16_sigma=1.log:test PSNR: 39.334810942642775
INFO:logs/DIP_log_model_gaussian_kernel=16_sigma=1.log:train PSNR: 38.777590888650266
INFO:logs/DIP_log_model_gaussian_kernel=16_sigma=1.log:test PSNR: 39.334667950292975
INFO:logs/DIP_log_model_gaussian_kernel=16_sigma=1.log:train PSNR: 38.75064151080523
INFO:logs/DIP_log_model_gaussian_kernel=16_sigma=1.log:test PSNR: 39.33235335167625
INFO:logs/DIP_log_model_gaussian_kernel=16_sigma=1.log:train PSNR: 38.916265339605076
INFO:logs/DIP_log_model_gaussian_kernel=16_sigma=1.log:test PSNR: 39.33164573425514
INFO:logs/DIP_log_model_gaussian_kernel=16_sigma=1.log:train PSNR: 39.10376549317623
INFO:logs/DIP_log_model_gaussian_kernel=16_sigma=1.log:test PSNR: 39.330388156345
INFO:logs/DIP_log_model_gaussian_kernel=16_sigma=1.log:train PSNR: 39.180193351152305
INFO:logs/DIP_log_model_gaussian_kernel=16_sigma=1.log:test PSNR: 39.335499461590345
INFO:logs/DIP_log_model_gaussian_kernel=16_sigma=1.log:train PSNR: 39.120150933736106
INFO:logs/DIP_log_model_gaussian_kernel=16_sigma=1.log:test PSNR: 39.333467746983025
INFO:logs/DIP_log_model_gaussian_kernel=16_sigma=1.log:train PSNR: 39.078440826004
INFO:logs/DIP_log_model_gaussian_kernel=16_sigma=1.log:test PSNR: 39.33607310655216
INFO:logs/DIP_log_model_gaussian_kernel=16_sigma=1.log:train PSNR: 38.83560423634716
INFO:logs/DIP_log_model_gaussian_kernel=16_sigma=1.log:test PSNR: 39.33330997361131
INFO:logs/DIP_log_model_gaussian_kernel=16_sigma=1.log:train PSNR: 39.00205483531965
INFO:logs/DIP_log_model_gaussian_kernel=16_sigma=1.log:test PSNR: 39.33369154368605
INFO:logs/DIP_log_model_gaussian_kernel=16_sigma=1.log:train PSNR: 39.04796424927683
INFO:logs/DIP_log_model_gaussian_kernel=16_sigma=1.log:test PSNR: 39.33358770281137
INFO:logs/DIP_log_model_gaussian_kernel=16_sigma=1.log:train PSNR: 38.856425196877574
INFO:logs/DIP_log_model_gaussian_kernel=16_sigma=1.log:test PSNR: 39.332929603112085
INFO:logs/DIP_log_model_gaussian_kernel=16_sigma=1.log:train PSNR: 38.94483826188233
INFO:logs/DIP_log_model_gaussian_kernel=16_sigma=1.log:test PSNR: 39.33378372117226
INFO:logs/DIP_log_model_gaussian_kernel=16_sigma=1.log:train PSNR: 39.10773879644853
INFO:logs/DIP_log_model_gaussian_kernel=16_sigma=1.log:test PSNR: 39.332439436050485
INFO:logs/DIP_log_model_gaussian_kernel=16_sigma=1.log:train PSNR: 39.36265405942005
INFO:logs/DIP_log_model_gaussian_kernel=16_sigma=1.log:test PSNR: 39.3339583184207
INFO:logs/DIP_log_model_gaussian_kernel=16_sigma=1.log:train PSNR: 39.120282395241276
INFO:logs/DIP_log_model_gaussian_kernel=16_sigma=1.log:test PSNR: 39.33096525293203
INFO:logs/DIP_log_model_gaussian_kernel=16_sigma=1.log:train PSNR: 39.0455116083267
INFO:logs/DIP_log_model_gaussian_kernel=16_sigma=1.log:test PSNR: 39.33176513610547
INFO:logs/DIP_log_model_gaussian_kernel=16_sigma=1.log:train PSNR: 39.26260703042324
INFO:logs/DIP_log_model_gaussian_kernel=16_sigma=1.log:test PSNR: 39.33182724423815
INFO:logs/DIP_log_model_gaussian_kernel=16_sigma=1.log:train PSNR: 39.116114749559486
INFO:logs/DIP_log_model_gaussian_kernel=16_sigma=1.log:test PSNR: 39.33214765058575
INFO:logs/DIP_log_model_gaussian_kernel=16_sigma=1.log:train PSNR: 39.031026258232735
INFO:logs/DIP_log_model_gaussian_kernel=16_sigma=1.log:test PSNR: 39.337373864938556
INFO:logs/DIP_log_model_gaussian_kernel=16_sigma=1.log:train PSNR: 39.163496862089765
INFO:logs/DIP_log_model_gaussian_kernel=16_sigma=1.log:test PSNR: 39.33535283840841
INFO:logs/DIP_log_model_gaussian_kernel=16_sigma=1.log:train PSNR: 39.172149474106824
INFO:logs/DIP_log_model_gaussian_kernel=16_sigma=1.log:test PSNR: 39.33425474376037
INFO:logs/DIP_log_model_gaussian_kernel=16_sigma=1.log:train PSNR: 39.140696698400475
INFO:logs/DIP_log_model_gaussian_kernel=16_sigma=1.log:test PSNR: 39.33600982120697
INFO:logs/DIP_log_model_gaussian_kernel=16_sigma=1.log:train PSNR: 38.927334699635225
INFO:logs/DIP_log_model_gaussian_kernel=16_sigma=1.log:test PSNR: 39.335702210345694
INFO:logs/DIP_log_model_gaussian_kernel=16_sigma=1.log:train PSNR: 38.718579001354804
INFO:logs/DIP_log_model_gaussian_kernel=16_sigma=1.log:test PSNR: 39.33421748587696
INFO:logs/DIP_log_model_gaussian_kernel=16_sigma=1.log:train PSNR: 38.97762699630016
INFO:logs/DIP_log_model_gaussian_kernel=16_sigma=1.log:test PSNR: 39.333637154192395
INFO:logs/DIP_log_model_gaussian_kernel=16_sigma=1.log:train PSNR: 38.951896242901654
INFO:logs/DIP_log_model_gaussian_kernel=16_sigma=1.log:test PSNR: 39.33253765276655
INFO:logs/DIP_log_model_gaussian_kernel=16_sigma=1.log:train PSNR: 39.15837185575877
INFO:logs/DIP_log_model_gaussian_kernel=16_sigma=1.log:test PSNR: 39.333032908681645
INFO:logs/DIP_log_model_gaussian_kernel=16_sigma=1.log:train PSNR: 38.90164119343354
INFO:logs/DIP_log_model_gaussian_kernel=16_sigma=1.log:test PSNR: 39.333052390242344
INFO:logs/DIP_log_model_gaussian_kernel=16_sigma=1.log:train PSNR: 39.082219433313895
INFO:logs/DIP_log_model_gaussian_kernel=16_sigma=1.log:test PSNR: 39.33452302245712
INFO:logs/DIP_log_model_gaussian_kernel=16_sigma=1.log:train PSNR: 39.195014023122425
INFO:logs/DIP_log_model_gaussian_kernel=16_sigma=1.log:test PSNR: 39.33297433293119
INFO:logs/DIP_log_model_gaussian_kernel=16_sigma=1.log:train PSNR: 39.1834698182651
INFO:logs/DIP_log_model_gaussian_kernel=16_sigma=1.log:test PSNR: 39.331268614280525
INFO:logs/DIP_log_model_gaussian_kernel=16_sigma=1.log:train PSNR: 38.94074788961283
INFO:logs/DIP_log_model_gaussian_kernel=16_sigma=1.log:test PSNR: 39.331241002368664
INFO:logs/DIP_log_model_gaussian_kernel=16_sigma=1.log:train PSNR: 39.049485039357414
INFO:logs/DIP_log_model_gaussian_kernel=16_sigma=1.log:test PSNR: 39.33077652420656
INFO:logs/DIP_log_model_gaussian_kernel=16_sigma=1.log:train PSNR: 39.16716787713835
INFO:logs/DIP_log_model_gaussian_kernel=16_sigma=1.log:test PSNR: 39.33137907307943
INFO:logs/DIP_log_model_gaussian_kernel=16_sigma=1.log:train PSNR: 38.99051807924742
INFO:logs/DIP_log_model_gaussian_kernel=16_sigma=1.log:test PSNR: 39.33178312157682
INFO:logs/DIP_log_model_gaussian_kernel=16_sigma=1.log:train PSNR: 38.87564006056654
INFO:logs/DIP_log_model_gaussian_kernel=16_sigma=1.log:test PSNR: 39.330179065214296
INFO:logs/DIP_log_model_gaussian_kernel=16_sigma=1.log:train PSNR: 39.328569435517835
INFO:logs/DIP_log_model_gaussian_kernel=16_sigma=1.log:test PSNR: 39.331847565542375
INFO:logs/DIP_log_model_gaussian_kernel=16_sigma=1.log:train PSNR: 39.15351411157116
INFO:logs/DIP_log_model_gaussian_kernel=16_sigma=1.log:test PSNR: 39.33223054733691
INFO:logs/DIP_log_model_gaussian_kernel=16_sigma=1.log:train PSNR: 39.10827748661643
INFO:logs/DIP_log_model_gaussian_kernel=16_sigma=1.log:test PSNR: 39.332455319854986
INFO:logs/DIP_log_model_gaussian_kernel=16_sigma=1.log:train PSNR: 39.21307662912948
INFO:logs/DIP_log_model_gaussian_kernel=16_sigma=1.log:test PSNR: 39.332299815981685
INFO:logs/DIP_log_model_gaussian_kernel=16_sigma=1.log:train PSNR: 39.09613999813313
INFO:logs/DIP_log_model_gaussian_kernel=16_sigma=1.log:test PSNR: 39.33224010945381
INFO:logs/DIP_log_model_gaussian_kernel=16_sigma=1.log:train PSNR: 39.10255491832757
INFO:logs/DIP_log_model_gaussian_kernel=16_sigma=1.log:test PSNR: 39.33227977718885
INFO:logs/DIP_log_model_gaussian_kernel=16_sigma=1.log:train PSNR: 38.91276960063212
INFO:logs/DIP_log_model_gaussian_kernel=16_sigma=1.log:test PSNR: 39.33229878394358
INFO:logs/DIP_log_model_gaussian_kernel=16_sigma=1.log:train PSNR: 39.1178033301178
INFO:logs/DIP_log_model_gaussian_kernel=16_sigma=1.log:test PSNR: 39.33162031842462
INFO:logs/DIP_log_model_gaussian_kernel=16_sigma=1.log:train PSNR: 39.01967059588663
INFO:logs/DIP_log_model_gaussian_kernel=16_sigma=1.log:test PSNR: 39.33244039718288
INFO:logs/DIP_log_model_gaussian_kernel=16_sigma=1.log:train PSNR: 39.14756791187952
INFO:logs/DIP_log_model_gaussian_kernel=16_sigma=1.log:test PSNR: 39.332203704069386
INFO:logs/DIP_log_model_gaussian_kernel=16_sigma=1.log:train PSNR: 38.967933345343056
INFO:logs/DIP_log_model_gaussian_kernel=16_sigma=1.log:test PSNR: 39.33278069892463
INFO:logs/DIP_log_model_gaussian_kernel=16_sigma=1.log:train PSNR: 38.75050150040712
INFO:logs/DIP_log_model_gaussian_kernel=16_sigma=1.log:test PSNR: 39.33210893689607
INFO:logs/DIP_log_model_gaussian_kernel=16_sigma=1.log:train PSNR: 38.91997704116088
INFO:logs/DIP_log_model_gaussian_kernel=16_sigma=1.log:test PSNR: 39.33191818724272
