INFO:logs/DIP_log_model_gaussian_kernel=16_sigma=2.log_model:first model = 
ConvLista_T(
  (apply_A): ConvTranspose2d(175, 1, kernel_size=(11, 11), stride=(8, 8), bias=False)
  (apply_B): Conv2d(1, 175, kernel_size=(11, 11), stride=(8, 8), bias=False)
  (apply_C): Sequential(
    (0): ConvTranspose2d(175, 1, kernel_size=(11, 11), stride=(8, 8))
  )
  (soft_threshold): SoftThreshold()
)

INFO:logs/DIP_log_model_gaussian_kernel=16_sigma=2.log_model:config_dict = {'uuid': 'DIP_project_gaussian_kernel=16_sigma=2', 'kernel_size': 11, 'stride': 8, 'num_filters': 175, 'lr': 0.0002, 'unfoldings': 12, 'lr_decay': 0.35, 'patch_size': 128, 'num_epochs': 250, 'lr_step': 50, 'eps': 0.001, 'threshold': 0.01, 'noise_std': 0.09803921568627451, 'gaussian_size': 16, 'gaussian_sigma': 2}

INFO:logs/DIP_log_model_gaussian_kernel=16_sigma=2.log:Training model...
INFO:logs/DIP_log_model_gaussian_kernel=16_sigma=2.log:train PSNR: 24.493410063863376
INFO:logs/DIP_log_model_gaussian_kernel=16_sigma=2.log:test PSNR: 25.4447936304786
INFO:logs/DIP_log_model_gaussian_kernel=16_sigma=2.log:train PSNR: 25.155527861412146
INFO:logs/DIP_log_model_gaussian_kernel=16_sigma=2.log:test PSNR: 25.88445545062023
INFO:logs/DIP_log_model_gaussian_kernel=16_sigma=2.log:train PSNR: 25.579575975618145
INFO:logs/DIP_log_model_gaussian_kernel=16_sigma=2.log:test PSNR: 26.293051685883228
INFO:logs/DIP_log_model_gaussian_kernel=16_sigma=2.log:train PSNR: 26.098714572186285
INFO:logs/DIP_log_model_gaussian_kernel=16_sigma=2.log:test PSNR: 26.621612707432515
INFO:logs/DIP_log_model_gaussian_kernel=16_sigma=2.log:train PSNR: 26.3303521497662
INFO:logs/DIP_log_model_gaussian_kernel=16_sigma=2.log:test PSNR: 26.844974062164454
INFO:logs/DIP_log_model_gaussian_kernel=16_sigma=2.log:train PSNR: 26.711455974845133
INFO:logs/DIP_log_model_gaussian_kernel=16_sigma=2.log:test PSNR: 27.086438719945754
INFO:logs/DIP_log_model_gaussian_kernel=16_sigma=2.log:train PSNR: 27.09392319460452
INFO:logs/DIP_log_model_gaussian_kernel=16_sigma=2.log:test PSNR: 27.557056219947476
INFO:logs/DIP_log_model_gaussian_kernel=16_sigma=2.log:train PSNR: 27.376314351234125
INFO:logs/DIP_log_model_gaussian_kernel=16_sigma=2.log:test PSNR: 27.808733471011326
INFO:logs/DIP_log_model_gaussian_kernel=16_sigma=2.log:train PSNR: 27.472518803413738
INFO:logs/DIP_log_model_gaussian_kernel=16_sigma=2.log:test PSNR: 27.93639684660979
INFO:logs/DIP_log_model_gaussian_kernel=16_sigma=2.log:train PSNR: 27.604031952500495
INFO:logs/DIP_log_model_gaussian_kernel=16_sigma=2.log:test PSNR: 28.101728521423013
INFO:logs/DIP_log_model_gaussian_kernel=16_sigma=2.log:train PSNR: 27.989030892975798
INFO:logs/DIP_log_model_gaussian_kernel=16_sigma=2.log:test PSNR: 28.167058522214386
INFO:logs/DIP_log_model_gaussian_kernel=16_sigma=2.log:train PSNR: 27.859006384368048
INFO:logs/DIP_log_model_gaussian_kernel=16_sigma=2.log:test PSNR: 27.98266438923058
INFO:logs/DIP_log_model_gaussian_kernel=16_sigma=2.log:train PSNR: 28.23587749340485
INFO:logs/DIP_log_model_gaussian_kernel=16_sigma=2.log:test PSNR: 28.447643110951873
INFO:logs/DIP_log_model_gaussian_kernel=16_sigma=2.log:train PSNR: 28.422528182706312
INFO:logs/DIP_log_model_gaussian_kernel=16_sigma=2.log:test PSNR: 28.62716643146318
INFO:logs/DIP_log_model_gaussian_kernel=16_sigma=2.log:train PSNR: 28.561232162139337
INFO:logs/DIP_log_model_gaussian_kernel=16_sigma=2.log:test PSNR: 28.800693026590945
INFO:logs/DIP_log_model_gaussian_kernel=16_sigma=2.log:train PSNR: 28.5831680647986
INFO:logs/DIP_log_model_gaussian_kernel=16_sigma=2.log:test PSNR: 28.909863986869112
INFO:logs/DIP_log_model_gaussian_kernel=16_sigma=2.log:train PSNR: 28.746159117209096
INFO:logs/DIP_log_model_gaussian_kernel=16_sigma=2.log:test PSNR: 28.99845809355069
INFO:logs/DIP_log_model_gaussian_kernel=16_sigma=2.log:train PSNR: 28.686599835250814
INFO:logs/DIP_log_model_gaussian_kernel=16_sigma=2.log:test PSNR: 29.085402155841273
INFO:logs/DIP_log_model_gaussian_kernel=16_sigma=2.log:train PSNR: 28.844465183358867
INFO:logs/DIP_log_model_gaussian_kernel=16_sigma=2.log:test PSNR: 26.387461768632203
INFO:logs/DIP_log_model_gaussian_kernel=16_sigma=2.log:train PSNR: 28.48671115530056
INFO:logs/DIP_log_model_gaussian_kernel=16_sigma=2.log:test PSNR: 28.01579861920946
INFO:logs/DIP_log_model_gaussian_kernel=16_sigma=2.log:train PSNR: 28.934154289885957
INFO:logs/DIP_log_model_gaussian_kernel=16_sigma=2.log:test PSNR: 29.221014683105892
INFO:logs/DIP_log_model_gaussian_kernel=16_sigma=2.log:train PSNR: 28.967568789430857
INFO:logs/DIP_log_model_gaussian_kernel=16_sigma=2.log:test PSNR: 28.273157579237207
INFO:logs/DIP_log_model_gaussian_kernel=16_sigma=2.log:train PSNR: 28.933100861627334
INFO:logs/DIP_log_model_gaussian_kernel=16_sigma=2.log:test PSNR: 29.276497834270938
INFO:logs/DIP_log_model_gaussian_kernel=16_sigma=2.log:train PSNR: 28.86220784810155
INFO:logs/DIP_log_model_gaussian_kernel=16_sigma=2.log:test PSNR: 29.3454241716857
INFO:logs/DIP_log_model_gaussian_kernel=16_sigma=2.log:train PSNR: 29.13585060709549
INFO:logs/DIP_log_model_gaussian_kernel=16_sigma=2.log:test PSNR: 29.199248299159063
INFO:logs/DIP_log_model_gaussian_kernel=16_sigma=2.log:train PSNR: 29.59154751001296
INFO:logs/DIP_log_model_gaussian_kernel=16_sigma=2.log:test PSNR: 29.551336124021443
INFO:logs/DIP_log_model_gaussian_kernel=16_sigma=2.log:train PSNR: 29.67597194729343
INFO:logs/DIP_log_model_gaussian_kernel=16_sigma=2.log:test PSNR: 29.60157697013845
INFO:logs/DIP_log_model_gaussian_kernel=16_sigma=2.log:train PSNR: 29.51522271856102
INFO:logs/DIP_log_model_gaussian_kernel=16_sigma=2.log:test PSNR: 29.586444707528297
INFO:logs/DIP_log_model_gaussian_kernel=16_sigma=2.log:train PSNR: 29.221821776064495
INFO:logs/DIP_log_model_gaussian_kernel=16_sigma=2.log:test PSNR: 29.64523167608499
INFO:logs/DIP_log_model_gaussian_kernel=16_sigma=2.log:train PSNR: 29.376448355923728
INFO:logs/DIP_log_model_gaussian_kernel=16_sigma=2.log:test PSNR: 29.6431063123014
INFO:logs/DIP_log_model_gaussian_kernel=16_sigma=2.log:train PSNR: 29.60730802640127
INFO:logs/DIP_log_model_gaussian_kernel=16_sigma=2.log:test PSNR: 29.562356352044347
INFO:logs/DIP_log_model_gaussian_kernel=16_sigma=2.log:train PSNR: 30.058333865126215
INFO:logs/DIP_log_model_gaussian_kernel=16_sigma=2.log:test PSNR: 29.69163783197942
INFO:logs/DIP_log_model_gaussian_kernel=16_sigma=2.log:train PSNR: 29.66642535775753
INFO:logs/DIP_log_model_gaussian_kernel=16_sigma=2.log:test PSNR: 29.64947939729723
INFO:logs/DIP_log_model_gaussian_kernel=16_sigma=2.log:train PSNR: 29.757634285621194
INFO:logs/DIP_log_model_gaussian_kernel=16_sigma=2.log:test PSNR: 29.70608562857656
INFO:logs/DIP_log_model_gaussian_kernel=16_sigma=2.log:train PSNR: 29.20211116531707
INFO:logs/DIP_log_model_gaussian_kernel=16_sigma=2.log:test PSNR: 26.31984633883559
INFO:logs/DIP_log_model_gaussian_kernel=16_sigma=2.log:train PSNR: 29.07449879777111
INFO:logs/DIP_log_model_gaussian_kernel=16_sigma=2.log:test PSNR: 29.714162527654697
INFO:logs/DIP_log_model_gaussian_kernel=16_sigma=2.log:train PSNR: 30.086416745980344
INFO:logs/DIP_log_model_gaussian_kernel=16_sigma=2.log:test PSNR: 29.788732632867532
INFO:logs/DIP_log_model_gaussian_kernel=16_sigma=2.log:train PSNR: 30.037073483841002
INFO:logs/DIP_log_model_gaussian_kernel=16_sigma=2.log:test PSNR: 29.7463955672354
INFO:logs/DIP_log_model_gaussian_kernel=16_sigma=2.log:train PSNR: 29.68525552937969
INFO:logs/DIP_log_model_gaussian_kernel=16_sigma=2.log:test PSNR: 29.804328731756367
INFO:logs/DIP_log_model_gaussian_kernel=16_sigma=2.log:train PSNR: 29.57281066217458
INFO:logs/DIP_log_model_gaussian_kernel=16_sigma=2.log:test PSNR: 29.818350144195506
INFO:logs/DIP_log_model_gaussian_kernel=16_sigma=2.log:train PSNR: 29.756378680606197
INFO:logs/DIP_log_model_gaussian_kernel=16_sigma=2.log:test PSNR: 29.869970546863723
INFO:logs/DIP_log_model_gaussian_kernel=16_sigma=2.log:train PSNR: 29.6569213746439
INFO:logs/DIP_log_model_gaussian_kernel=16_sigma=2.log:test PSNR: 26.204820194640583
INFO:logs/DIP_log_model_gaussian_kernel=16_sigma=2.log:train PSNR: 29.66028962033185
INFO:logs/DIP_log_model_gaussian_kernel=16_sigma=2.log:test PSNR: 29.863098779023396
INFO:logs/DIP_log_model_gaussian_kernel=16_sigma=2.log:train PSNR: 29.92547198387037
INFO:logs/DIP_log_model_gaussian_kernel=16_sigma=2.log:test PSNR: 29.869585054998755
INFO:logs/DIP_log_model_gaussian_kernel=16_sigma=2.log:train PSNR: 30.00796088368778
INFO:logs/DIP_log_model_gaussian_kernel=16_sigma=2.log:test PSNR: 29.927581204375745
INFO:logs/DIP_log_model_gaussian_kernel=16_sigma=2.log:train PSNR: 29.730867794420174
INFO:logs/DIP_log_model_gaussian_kernel=16_sigma=2.log:test PSNR: 29.84778150899254
INFO:logs/DIP_log_model_gaussian_kernel=16_sigma=2.log:train PSNR: 29.83571963798892
INFO:logs/DIP_log_model_gaussian_kernel=16_sigma=2.log:test PSNR: 29.93132327182774
INFO:logs/DIP_log_model_gaussian_kernel=16_sigma=2.log:train PSNR: 30.00787355986067
INFO:logs/DIP_log_model_gaussian_kernel=16_sigma=2.log:test PSNR: 29.944898750515488
INFO:logs/DIP_log_model_gaussian_kernel=16_sigma=2.log:train PSNR: 29.772862423321172
INFO:logs/DIP_log_model_gaussian_kernel=16_sigma=2.log:test PSNR: 29.87361789725848
INFO:logs/DIP_log_model_gaussian_kernel=16_sigma=2.log:train PSNR: 29.80801769344132
INFO:logs/DIP_log_model_gaussian_kernel=16_sigma=2.log:test PSNR: 29.95758131360086
INFO:logs/DIP_log_model_gaussian_kernel=16_sigma=2.log:train PSNR: 29.85725572524625
INFO:logs/DIP_log_model_gaussian_kernel=16_sigma=2.log:test PSNR: 29.990118290918417
INFO:logs/DIP_log_model_gaussian_kernel=16_sigma=2.log:train PSNR: 30.14841153474187
INFO:logs/DIP_log_model_gaussian_kernel=16_sigma=2.log:test PSNR: 30.002601679412606
INFO:logs/DIP_log_model_gaussian_kernel=16_sigma=2.log:train PSNR: 30.330163033789013
INFO:logs/DIP_log_model_gaussian_kernel=16_sigma=2.log:test PSNR: 30.00415505751433
INFO:logs/DIP_log_model_gaussian_kernel=16_sigma=2.log:train PSNR: 30.362035768956833
INFO:logs/DIP_log_model_gaussian_kernel=16_sigma=2.log:test PSNR: 30.01375843462424
INFO:logs/DIP_log_model_gaussian_kernel=16_sigma=2.log:train PSNR: 30.045427334513874
INFO:logs/DIP_log_model_gaussian_kernel=16_sigma=2.log:test PSNR: 30.0618171771141
INFO:logs/DIP_log_model_gaussian_kernel=16_sigma=2.log:train PSNR: 30.18060299838379
INFO:logs/DIP_log_model_gaussian_kernel=16_sigma=2.log:test PSNR: 30.046399112462794
INFO:logs/DIP_log_model_gaussian_kernel=16_sigma=2.log:train PSNR: 30.125488974517292
INFO:logs/DIP_log_model_gaussian_kernel=16_sigma=2.log:test PSNR: 30.075027351884145
INFO:logs/DIP_log_model_gaussian_kernel=16_sigma=2.log:train PSNR: 30.3953918404553
INFO:logs/DIP_log_model_gaussian_kernel=16_sigma=2.log:test PSNR: 29.95484262986034
INFO:logs/DIP_log_model_gaussian_kernel=16_sigma=2.log:train PSNR: 30.12301460030856
INFO:logs/DIP_log_model_gaussian_kernel=16_sigma=2.log:test PSNR: 30.075017771886
INFO:logs/DIP_log_model_gaussian_kernel=16_sigma=2.log:train PSNR: 30.339085786002478
INFO:logs/DIP_log_model_gaussian_kernel=16_sigma=2.log:test PSNR: 30.048222539581303
INFO:logs/DIP_log_model_gaussian_kernel=16_sigma=2.log:train PSNR: 30.380815893434097
INFO:logs/DIP_log_model_gaussian_kernel=16_sigma=2.log:test PSNR: 30.04654861567531
INFO:logs/DIP_log_model_gaussian_kernel=16_sigma=2.log:train PSNR: 30.222800821666365
INFO:logs/DIP_log_model_gaussian_kernel=16_sigma=2.log:test PSNR: 30.07057519735293
INFO:logs/DIP_log_model_gaussian_kernel=16_sigma=2.log:train PSNR: 30.13095673795581
INFO:logs/DIP_log_model_gaussian_kernel=16_sigma=2.log:test PSNR: 30.090276196727707
INFO:logs/DIP_log_model_gaussian_kernel=16_sigma=2.log:train PSNR: 30.11882624692167
INFO:logs/DIP_log_model_gaussian_kernel=16_sigma=2.log:test PSNR: 30.079830062206447
INFO:logs/DIP_log_model_gaussian_kernel=16_sigma=2.log:train PSNR: 30.101922958890714
INFO:logs/DIP_log_model_gaussian_kernel=16_sigma=2.log:test PSNR: 30.003092538058226
INFO:logs/DIP_log_model_gaussian_kernel=16_sigma=2.log:train PSNR: 30.254944919922774
INFO:logs/DIP_log_model_gaussian_kernel=16_sigma=2.log:test PSNR: 30.086921881907674
INFO:logs/DIP_log_model_gaussian_kernel=16_sigma=2.log:train PSNR: 30.301506436618386
INFO:logs/DIP_log_model_gaussian_kernel=16_sigma=2.log:test PSNR: 30.06080787549182
INFO:logs/DIP_log_model_gaussian_kernel=16_sigma=2.log:train PSNR: 30.22768030033363
INFO:logs/DIP_log_model_gaussian_kernel=16_sigma=2.log:test PSNR: 30.09826804288677
INFO:logs/DIP_log_model_gaussian_kernel=16_sigma=2.log:train PSNR: 30.08197055626033
INFO:logs/DIP_log_model_gaussian_kernel=16_sigma=2.log:test PSNR: 30.07496515616868
INFO:logs/DIP_log_model_gaussian_kernel=16_sigma=2.log:train PSNR: 30.32184746700086
INFO:logs/DIP_log_model_gaussian_kernel=16_sigma=2.log:test PSNR: 30.04028997966485
INFO:logs/DIP_log_model_gaussian_kernel=16_sigma=2.log:train PSNR: 30.436573968559305
INFO:logs/DIP_log_model_gaussian_kernel=16_sigma=2.log:test PSNR: 30.07812765888879
INFO:logs/DIP_log_model_gaussian_kernel=16_sigma=2.log:train PSNR: 30.23394405822385
INFO:logs/DIP_log_model_gaussian_kernel=16_sigma=2.log:test PSNR: 30.136057481517096
INFO:logs/DIP_log_model_gaussian_kernel=16_sigma=2.log:train PSNR: 30.351524290824806
INFO:logs/DIP_log_model_gaussian_kernel=16_sigma=2.log:test PSNR: 30.117196717862267
INFO:logs/DIP_log_model_gaussian_kernel=16_sigma=2.log:train PSNR: 30.189534518508644
INFO:logs/DIP_log_model_gaussian_kernel=16_sigma=2.log:test PSNR: 30.00715979165527
INFO:logs/DIP_log_model_gaussian_kernel=16_sigma=2.log:train PSNR: 30.305722881932446
INFO:logs/DIP_log_model_gaussian_kernel=16_sigma=2.log:test PSNR: 30.091188574544475
INFO:logs/DIP_log_model_gaussian_kernel=16_sigma=2.log:train PSNR: 30.374135995286757
INFO:logs/DIP_log_model_gaussian_kernel=16_sigma=2.log:test PSNR: 30.13189473854248
INFO:logs/DIP_log_model_gaussian_kernel=16_sigma=2.log:train PSNR: 30.651069898942676
INFO:logs/DIP_log_model_gaussian_kernel=16_sigma=2.log:test PSNR: 30.12995451044564
INFO:logs/DIP_log_model_gaussian_kernel=16_sigma=2.log:train PSNR: 30.400214855746615
INFO:logs/DIP_log_model_gaussian_kernel=16_sigma=2.log:test PSNR: 30.136393283326765
INFO:logs/DIP_log_model_gaussian_kernel=16_sigma=2.log:train PSNR: 30.66276688014917
INFO:logs/DIP_log_model_gaussian_kernel=16_sigma=2.log:test PSNR: 30.14193018409955
INFO:logs/DIP_log_model_gaussian_kernel=16_sigma=2.log:train PSNR: 30.473206360493492
INFO:logs/DIP_log_model_gaussian_kernel=16_sigma=2.log:test PSNR: 30.152697468684984
INFO:logs/DIP_log_model_gaussian_kernel=16_sigma=2.log:train PSNR: 30.42042024452056
INFO:logs/DIP_log_model_gaussian_kernel=16_sigma=2.log:test PSNR: 30.140929331825404
INFO:logs/DIP_log_model_gaussian_kernel=16_sigma=2.log:train PSNR: 30.479669089252535
INFO:logs/DIP_log_model_gaussian_kernel=16_sigma=2.log:test PSNR: 30.15268283407032
INFO:logs/DIP_log_model_gaussian_kernel=16_sigma=2.log:train PSNR: 30.632376123281176
INFO:logs/DIP_log_model_gaussian_kernel=16_sigma=2.log:test PSNR: 30.14097746832734
INFO:logs/DIP_log_model_gaussian_kernel=16_sigma=2.log:train PSNR: 30.388279577643992
INFO:logs/DIP_log_model_gaussian_kernel=16_sigma=2.log:test PSNR: 30.14152669978253
INFO:logs/DIP_log_model_gaussian_kernel=16_sigma=2.log:train PSNR: 30.321656207622596
INFO:logs/DIP_log_model_gaussian_kernel=16_sigma=2.log:test PSNR: 30.155566512860037
INFO:logs/DIP_log_model_gaussian_kernel=16_sigma=2.log:train PSNR: 30.48418360122254
INFO:logs/DIP_log_model_gaussian_kernel=16_sigma=2.log:test PSNR: 30.151264927892626
INFO:logs/DIP_log_model_gaussian_kernel=16_sigma=2.log:train PSNR: 30.488147569935865
INFO:logs/DIP_log_model_gaussian_kernel=16_sigma=2.log:test PSNR: 30.147680788786314
INFO:logs/DIP_log_model_gaussian_kernel=16_sigma=2.log:train PSNR: 30.296815084940864
INFO:logs/DIP_log_model_gaussian_kernel=16_sigma=2.log:test PSNR: 30.15945358126231
INFO:logs/DIP_log_model_gaussian_kernel=16_sigma=2.log:train PSNR: 30.350916853070917
INFO:logs/DIP_log_model_gaussian_kernel=16_sigma=2.log:test PSNR: 30.12381813321305
INFO:logs/DIP_log_model_gaussian_kernel=16_sigma=2.log:train PSNR: 30.16404841784161
INFO:logs/DIP_log_model_gaussian_kernel=16_sigma=2.log:test PSNR: 30.162275799157367
INFO:logs/DIP_log_model_gaussian_kernel=16_sigma=2.log:train PSNR: 30.672272653278263
INFO:logs/DIP_log_model_gaussian_kernel=16_sigma=2.log:test PSNR: 30.18347861815815
INFO:logs/DIP_log_model_gaussian_kernel=16_sigma=2.log:train PSNR: 30.556710063013185
INFO:logs/DIP_log_model_gaussian_kernel=16_sigma=2.log:test PSNR: 30.170611661128767
INFO:logs/DIP_log_model_gaussian_kernel=16_sigma=2.log:train PSNR: 30.47939039047583
INFO:logs/DIP_log_model_gaussian_kernel=16_sigma=2.log:test PSNR: 30.16162327291252
INFO:logs/DIP_log_model_gaussian_kernel=16_sigma=2.log:train PSNR: 30.60884845554211
INFO:logs/DIP_log_model_gaussian_kernel=16_sigma=2.log:test PSNR: 30.169348692162636
INFO:logs/DIP_log_model_gaussian_kernel=16_sigma=2.log:train PSNR: 30.34741448889222
INFO:logs/DIP_log_model_gaussian_kernel=16_sigma=2.log:test PSNR: 30.16818912774855
INFO:logs/DIP_log_model_gaussian_kernel=16_sigma=2.log:train PSNR: 30.75114214303793
INFO:logs/DIP_log_model_gaussian_kernel=16_sigma=2.log:test PSNR: 30.17257757619155
INFO:logs/DIP_log_model_gaussian_kernel=16_sigma=2.log:train PSNR: 30.582682693836272
INFO:logs/DIP_log_model_gaussian_kernel=16_sigma=2.log:test PSNR: 30.163097989347854
INFO:logs/DIP_log_model_gaussian_kernel=16_sigma=2.log:train PSNR: 30.526559352129784
INFO:logs/DIP_log_model_gaussian_kernel=16_sigma=2.log:test PSNR: 30.140869457430185
INFO:logs/DIP_log_model_gaussian_kernel=16_sigma=2.log:train PSNR: 30.308396761684786
INFO:logs/DIP_log_model_gaussian_kernel=16_sigma=2.log:test PSNR: 30.147624257756085
INFO:logs/DIP_log_model_gaussian_kernel=16_sigma=2.log:train PSNR: 30.47527558655495
INFO:logs/DIP_log_model_gaussian_kernel=16_sigma=2.log:test PSNR: 30.151342140810044
INFO:logs/DIP_log_model_gaussian_kernel=16_sigma=2.log:train PSNR: 30.47841457832393
INFO:logs/DIP_log_model_gaussian_kernel=16_sigma=2.log:test PSNR: 30.18206835756895
INFO:logs/DIP_log_model_gaussian_kernel=16_sigma=2.log:train PSNR: 30.239028577414896
INFO:logs/DIP_log_model_gaussian_kernel=16_sigma=2.log:test PSNR: 30.18454005817838
INFO:logs/DIP_log_model_gaussian_kernel=16_sigma=2.log:train PSNR: 30.607154636579217
INFO:logs/DIP_log_model_gaussian_kernel=16_sigma=2.log:test PSNR: 30.184018224635658
INFO:logs/DIP_log_model_gaussian_kernel=16_sigma=2.log:train PSNR: 30.681255736110728
INFO:logs/DIP_log_model_gaussian_kernel=16_sigma=2.log:test PSNR: 30.18835751591774
INFO:logs/DIP_log_model_gaussian_kernel=16_sigma=2.log:train PSNR: 30.663118514751464
INFO:logs/DIP_log_model_gaussian_kernel=16_sigma=2.log:test PSNR: 30.18143007571414
INFO:logs/DIP_log_model_gaussian_kernel=16_sigma=2.log:train PSNR: 30.368552266611978
INFO:logs/DIP_log_model_gaussian_kernel=16_sigma=2.log:test PSNR: 30.182355132956847
INFO:logs/DIP_log_model_gaussian_kernel=16_sigma=2.log:train PSNR: 30.59874226583334
INFO:logs/DIP_log_model_gaussian_kernel=16_sigma=2.log:test PSNR: 30.18254081915396
INFO:logs/DIP_log_model_gaussian_kernel=16_sigma=2.log:train PSNR: 30.55357952091096
INFO:logs/DIP_log_model_gaussian_kernel=16_sigma=2.log:test PSNR: 30.176808785907685
INFO:logs/DIP_log_model_gaussian_kernel=16_sigma=2.log:train PSNR: 30.54063219722032
INFO:logs/DIP_log_model_gaussian_kernel=16_sigma=2.log:test PSNR: 30.177330338002804
INFO:logs/DIP_log_model_gaussian_kernel=16_sigma=2.log:train PSNR: 30.426642653335715
INFO:logs/DIP_log_model_gaussian_kernel=16_sigma=2.log:test PSNR: 30.183055406205686
INFO:logs/DIP_log_model_gaussian_kernel=16_sigma=2.log:train PSNR: 30.831006848840413
INFO:logs/DIP_log_model_gaussian_kernel=16_sigma=2.log:test PSNR: 30.178055818246623
INFO:logs/DIP_log_model_gaussian_kernel=16_sigma=2.log:train PSNR: 30.446231367383184
INFO:logs/DIP_log_model_gaussian_kernel=16_sigma=2.log:test PSNR: 30.164672577998218
INFO:logs/DIP_log_model_gaussian_kernel=16_sigma=2.log:train PSNR: 30.433404551115267
INFO:logs/DIP_log_model_gaussian_kernel=16_sigma=2.log:test PSNR: 30.19198303701962
INFO:logs/DIP_log_model_gaussian_kernel=16_sigma=2.log:train PSNR: 30.434741034892767
INFO:logs/DIP_log_model_gaussian_kernel=16_sigma=2.log:test PSNR: 30.182751391122626
INFO:logs/DIP_log_model_gaussian_kernel=16_sigma=2.log:train PSNR: 30.705001736573486
INFO:logs/DIP_log_model_gaussian_kernel=16_sigma=2.log:test PSNR: 30.176533423126525
INFO:logs/DIP_log_model_gaussian_kernel=16_sigma=2.log:train PSNR: 30.477670636092164
INFO:logs/DIP_log_model_gaussian_kernel=16_sigma=2.log:test PSNR: 30.170873446067148
INFO:logs/DIP_log_model_gaussian_kernel=16_sigma=2.log:train PSNR: 30.497404222419387
INFO:logs/DIP_log_model_gaussian_kernel=16_sigma=2.log:test PSNR: 30.18454091250439
INFO:logs/DIP_log_model_gaussian_kernel=16_sigma=2.log:train PSNR: 30.763765927910274
INFO:logs/DIP_log_model_gaussian_kernel=16_sigma=2.log:test PSNR: 30.18708808335037
INFO:logs/DIP_log_model_gaussian_kernel=16_sigma=2.log:train PSNR: 30.319091267006385
INFO:logs/DIP_log_model_gaussian_kernel=16_sigma=2.log:test PSNR: 30.18421520134037
INFO:logs/DIP_log_model_gaussian_kernel=16_sigma=2.log:train PSNR: 30.584245242171576
INFO:logs/DIP_log_model_gaussian_kernel=16_sigma=2.log:test PSNR: 30.18580941648758
INFO:logs/DIP_log_model_gaussian_kernel=16_sigma=2.log:train PSNR: 30.432510213137633
INFO:logs/DIP_log_model_gaussian_kernel=16_sigma=2.log:test PSNR: 30.17616283162534
INFO:logs/DIP_log_model_gaussian_kernel=16_sigma=2.log:train PSNR: 30.557615938652088
INFO:logs/DIP_log_model_gaussian_kernel=16_sigma=2.log:test PSNR: 30.18400838056179
INFO:logs/DIP_log_model_gaussian_kernel=16_sigma=2.log:train PSNR: 30.618771890996946
INFO:logs/DIP_log_model_gaussian_kernel=16_sigma=2.log:test PSNR: 30.18660501879393
INFO:logs/DIP_log_model_gaussian_kernel=16_sigma=2.log:train PSNR: 30.510049018954543
INFO:logs/DIP_log_model_gaussian_kernel=16_sigma=2.log:test PSNR: 30.177135634059997
INFO:logs/DIP_log_model_gaussian_kernel=16_sigma=2.log:train PSNR: 30.463491844692545
INFO:logs/DIP_log_model_gaussian_kernel=16_sigma=2.log:test PSNR: 30.188152967595435
INFO:logs/DIP_log_model_gaussian_kernel=16_sigma=2.log:train PSNR: 30.606688057875786
INFO:logs/DIP_log_model_gaussian_kernel=16_sigma=2.log:test PSNR: 30.18679669487053
INFO:logs/DIP_log_model_gaussian_kernel=16_sigma=2.log:train PSNR: 30.331704061507367
INFO:logs/DIP_log_model_gaussian_kernel=16_sigma=2.log:test PSNR: 30.187006941758113
INFO:logs/DIP_log_model_gaussian_kernel=16_sigma=2.log:train PSNR: 30.557472206460158
INFO:logs/DIP_log_model_gaussian_kernel=16_sigma=2.log:test PSNR: 30.196317237713924
INFO:logs/DIP_log_model_gaussian_kernel=16_sigma=2.log:train PSNR: 30.45797703329314
INFO:logs/DIP_log_model_gaussian_kernel=16_sigma=2.log:test PSNR: 30.190904780854293
INFO:logs/DIP_log_model_gaussian_kernel=16_sigma=2.log:train PSNR: 30.632139715218813
INFO:logs/DIP_log_model_gaussian_kernel=16_sigma=2.log:test PSNR: 30.184642495347415
INFO:logs/DIP_log_model_gaussian_kernel=16_sigma=2.log:train PSNR: 30.59683470921964
INFO:logs/DIP_log_model_gaussian_kernel=16_sigma=2.log:test PSNR: 30.181425793181415
INFO:logs/DIP_log_model_gaussian_kernel=16_sigma=2.log:train PSNR: 30.495848257659265
INFO:logs/DIP_log_model_gaussian_kernel=16_sigma=2.log:test PSNR: 30.18171989439829
INFO:logs/DIP_log_model_gaussian_kernel=16_sigma=2.log:train PSNR: 30.78406950910391
INFO:logs/DIP_log_model_gaussian_kernel=16_sigma=2.log:test PSNR: 30.181974276771264
INFO:logs/DIP_log_model_gaussian_kernel=16_sigma=2.log:train PSNR: 30.493257397823054
INFO:logs/DIP_log_model_gaussian_kernel=16_sigma=2.log:test PSNR: 30.185797361457343
INFO:logs/DIP_log_model_gaussian_kernel=16_sigma=2.log:train PSNR: 30.660355983915963
INFO:logs/DIP_log_model_gaussian_kernel=16_sigma=2.log:test PSNR: 30.18395685541735
INFO:logs/DIP_log_model_gaussian_kernel=16_sigma=2.log:train PSNR: 30.215924618118624
INFO:logs/DIP_log_model_gaussian_kernel=16_sigma=2.log:test PSNR: 30.17978615588789
INFO:logs/DIP_log_model_gaussian_kernel=16_sigma=2.log:train PSNR: 30.66515947809339
INFO:logs/DIP_log_model_gaussian_kernel=16_sigma=2.log:test PSNR: 30.18233413848547
INFO:logs/DIP_log_model_gaussian_kernel=16_sigma=2.log:train PSNR: 30.518003842270883
INFO:logs/DIP_log_model_gaussian_kernel=16_sigma=2.log:test PSNR: 30.180202641333683
INFO:logs/DIP_log_model_gaussian_kernel=16_sigma=2.log:train PSNR: 30.551549135424484
INFO:logs/DIP_log_model_gaussian_kernel=16_sigma=2.log:test PSNR: 30.184952872349896
INFO:logs/DIP_log_model_gaussian_kernel=16_sigma=2.log:train PSNR: 30.83052237005517
INFO:logs/DIP_log_model_gaussian_kernel=16_sigma=2.log:test PSNR: 30.18631148174749
INFO:logs/DIP_log_model_gaussian_kernel=16_sigma=2.log:train PSNR: 30.452586126467796
INFO:logs/DIP_log_model_gaussian_kernel=16_sigma=2.log:test PSNR: 30.18617209246516
INFO:logs/DIP_log_model_gaussian_kernel=16_sigma=2.log:train PSNR: 30.663192881624752
INFO:logs/DIP_log_model_gaussian_kernel=16_sigma=2.log:test PSNR: 30.19158207153617
INFO:logs/DIP_log_model_gaussian_kernel=16_sigma=2.log:train PSNR: 30.74039451585564
INFO:logs/DIP_log_model_gaussian_kernel=16_sigma=2.log:test PSNR: 30.18866394592847
INFO:logs/DIP_log_model_gaussian_kernel=16_sigma=2.log:train PSNR: 30.612392123121865
INFO:logs/DIP_log_model_gaussian_kernel=16_sigma=2.log:test PSNR: 30.18662716157184
INFO:logs/DIP_log_model_gaussian_kernel=16_sigma=2.log:train PSNR: 30.59691182287941
INFO:logs/DIP_log_model_gaussian_kernel=16_sigma=2.log:test PSNR: 30.183509733333214
INFO:logs/DIP_log_model_gaussian_kernel=16_sigma=2.log:train PSNR: 30.53646382519821
INFO:logs/DIP_log_model_gaussian_kernel=16_sigma=2.log:test PSNR: 30.18602720647877
INFO:logs/DIP_log_model_gaussian_kernel=16_sigma=2.log:train PSNR: 30.710486263311854
INFO:logs/DIP_log_model_gaussian_kernel=16_sigma=2.log:test PSNR: 30.1876221681045
INFO:logs/DIP_log_model_gaussian_kernel=16_sigma=2.log:train PSNR: 30.50127816055851
INFO:logs/DIP_log_model_gaussian_kernel=16_sigma=2.log:test PSNR: 30.19283502812263
INFO:logs/DIP_log_model_gaussian_kernel=16_sigma=2.log:train PSNR: 30.441550884288187
INFO:logs/DIP_log_model_gaussian_kernel=16_sigma=2.log:test PSNR: 30.185299258550373
INFO:logs/DIP_log_model_gaussian_kernel=16_sigma=2.log:train PSNR: 30.20730614144448
INFO:logs/DIP_log_model_gaussian_kernel=16_sigma=2.log:test PSNR: 30.184946825228703
INFO:logs/DIP_log_model_gaussian_kernel=16_sigma=2.log:train PSNR: 30.590357364578626
INFO:logs/DIP_log_model_gaussian_kernel=16_sigma=2.log:test PSNR: 30.18561710619834
INFO:logs/DIP_log_model_gaussian_kernel=16_sigma=2.log:train PSNR: 30.452469929270197
INFO:logs/DIP_log_model_gaussian_kernel=16_sigma=2.log:test PSNR: 30.1870313719062
INFO:logs/DIP_log_model_gaussian_kernel=16_sigma=2.log:train PSNR: 30.483437819324344
INFO:logs/DIP_log_model_gaussian_kernel=16_sigma=2.log:test PSNR: 30.186335904840718
INFO:logs/DIP_log_model_gaussian_kernel=16_sigma=2.log:train PSNR: 30.572384337915253
INFO:logs/DIP_log_model_gaussian_kernel=16_sigma=2.log:test PSNR: 30.190207309558527
INFO:logs/DIP_log_model_gaussian_kernel=16_sigma=2.log:train PSNR: 30.78619095290478
INFO:logs/DIP_log_model_gaussian_kernel=16_sigma=2.log:test PSNR: 30.193285696701015
INFO:logs/DIP_log_model_gaussian_kernel=16_sigma=2.log:train PSNR: 30.526597856574107
INFO:logs/DIP_log_model_gaussian_kernel=16_sigma=2.log:test PSNR: 30.190567772140838
INFO:logs/DIP_log_model_gaussian_kernel=16_sigma=2.log:train PSNR: 30.651974903236376
INFO:logs/DIP_log_model_gaussian_kernel=16_sigma=2.log:test PSNR: 30.189869035254713
INFO:logs/DIP_log_model_gaussian_kernel=16_sigma=2.log:train PSNR: 30.61913978605169
INFO:logs/DIP_log_model_gaussian_kernel=16_sigma=2.log:test PSNR: 30.192445198161288
INFO:logs/DIP_log_model_gaussian_kernel=16_sigma=2.log:train PSNR: 30.450496961455837
INFO:logs/DIP_log_model_gaussian_kernel=16_sigma=2.log:test PSNR: 30.190107929947573
INFO:logs/DIP_log_model_gaussian_kernel=16_sigma=2.log:train PSNR: 30.585953930411073
INFO:logs/DIP_log_model_gaussian_kernel=16_sigma=2.log:test PSNR: 30.192280122027427
INFO:logs/DIP_log_model_gaussian_kernel=16_sigma=2.log:train PSNR: 30.657954210367624
INFO:logs/DIP_log_model_gaussian_kernel=16_sigma=2.log:test PSNR: 30.18807945986965
INFO:logs/DIP_log_model_gaussian_kernel=16_sigma=2.log:train PSNR: 30.808561198056626
INFO:logs/DIP_log_model_gaussian_kernel=16_sigma=2.log:test PSNR: 30.19040906153395
INFO:logs/DIP_log_model_gaussian_kernel=16_sigma=2.log:train PSNR: 30.488042701831663
INFO:logs/DIP_log_model_gaussian_kernel=16_sigma=2.log:test PSNR: 30.19203779306318
INFO:logs/DIP_log_model_gaussian_kernel=16_sigma=2.log:train PSNR: 30.418474255343828
INFO:logs/DIP_log_model_gaussian_kernel=16_sigma=2.log:test PSNR: 30.19011938541496
INFO:logs/DIP_log_model_gaussian_kernel=16_sigma=2.log:train PSNR: 30.48249017311581
INFO:logs/DIP_log_model_gaussian_kernel=16_sigma=2.log:test PSNR: 30.190588510286496
INFO:logs/DIP_log_model_gaussian_kernel=16_sigma=2.log:train PSNR: 30.721961471936247
INFO:logs/DIP_log_model_gaussian_kernel=16_sigma=2.log:test PSNR: 30.19061209969875
INFO:logs/DIP_log_model_gaussian_kernel=16_sigma=2.log:train PSNR: 30.42251414191301
INFO:logs/DIP_log_model_gaussian_kernel=16_sigma=2.log:test PSNR: 30.18514979076928
INFO:logs/DIP_log_model_gaussian_kernel=16_sigma=2.log:train PSNR: 30.662382319095624
INFO:logs/DIP_log_model_gaussian_kernel=16_sigma=2.log:test PSNR: 30.190809285893746
INFO:logs/DIP_log_model_gaussian_kernel=16_sigma=2.log:train PSNR: 30.5535561723221
INFO:logs/DIP_log_model_gaussian_kernel=16_sigma=2.log:test PSNR: 30.190203424095124
INFO:logs/DIP_log_model_gaussian_kernel=16_sigma=2.log:train PSNR: 30.63853569806011
INFO:logs/DIP_log_model_gaussian_kernel=16_sigma=2.log:test PSNR: 30.18658997976832
INFO:logs/DIP_log_model_gaussian_kernel=16_sigma=2.log:train PSNR: 30.447372609225113
INFO:logs/DIP_log_model_gaussian_kernel=16_sigma=2.log:test PSNR: 30.185935595491355
INFO:logs/DIP_log_model_gaussian_kernel=16_sigma=2.log:train PSNR: 30.702486681307555
INFO:logs/DIP_log_model_gaussian_kernel=16_sigma=2.log:test PSNR: 30.18709426324208
INFO:logs/DIP_log_model_gaussian_kernel=16_sigma=2.log:train PSNR: 30.672725768991363
INFO:logs/DIP_log_model_gaussian_kernel=16_sigma=2.log:test PSNR: 30.18751381826436
INFO:logs/DIP_log_model_gaussian_kernel=16_sigma=2.log:train PSNR: 30.52604750952803
INFO:logs/DIP_log_model_gaussian_kernel=16_sigma=2.log:test PSNR: 30.18608188834828
INFO:logs/DIP_log_model_gaussian_kernel=16_sigma=2.log:train PSNR: 30.360952603464472
INFO:logs/DIP_log_model_gaussian_kernel=16_sigma=2.log:test PSNR: 30.187302752471872
INFO:logs/DIP_log_model_gaussian_kernel=16_sigma=2.log:train PSNR: 30.612949250978815
INFO:logs/DIP_log_model_gaussian_kernel=16_sigma=2.log:test PSNR: 30.18956332211466
INFO:logs/DIP_log_model_gaussian_kernel=16_sigma=2.log:train PSNR: 30.36890365994649
INFO:logs/DIP_log_model_gaussian_kernel=16_sigma=2.log:test PSNR: 30.188925544881357
INFO:logs/DIP_log_model_gaussian_kernel=16_sigma=2.log:train PSNR: 30.506419586728526
INFO:logs/DIP_log_model_gaussian_kernel=16_sigma=2.log:test PSNR: 30.190000767797855
INFO:logs/DIP_log_model_gaussian_kernel=16_sigma=2.log:train PSNR: 30.71884810840113
INFO:logs/DIP_log_model_gaussian_kernel=16_sigma=2.log:test PSNR: 30.18896847367952
INFO:logs/DIP_log_model_gaussian_kernel=16_sigma=2.log:train PSNR: 30.668819554441303
INFO:logs/DIP_log_model_gaussian_kernel=16_sigma=2.log:test PSNR: 30.188054955047914
INFO:logs/DIP_log_model_gaussian_kernel=16_sigma=2.log:train PSNR: 30.657467413460086
INFO:logs/DIP_log_model_gaussian_kernel=16_sigma=2.log:test PSNR: 30.187685439727368
INFO:logs/DIP_log_model_gaussian_kernel=16_sigma=2.log:train PSNR: 30.434079847480163
INFO:logs/DIP_log_model_gaussian_kernel=16_sigma=2.log:test PSNR: 30.189043086906683
INFO:logs/DIP_log_model_gaussian_kernel=16_sigma=2.log:train PSNR: 30.816324818581524
INFO:logs/DIP_log_model_gaussian_kernel=16_sigma=2.log:test PSNR: 30.186467296738087
INFO:logs/DIP_log_model_gaussian_kernel=16_sigma=2.log:train PSNR: 30.52013593376838
INFO:logs/DIP_log_model_gaussian_kernel=16_sigma=2.log:test PSNR: 30.187476209401485
INFO:logs/DIP_log_model_gaussian_kernel=16_sigma=2.log:train PSNR: 30.38782807503088
INFO:logs/DIP_log_model_gaussian_kernel=16_sigma=2.log:test PSNR: 30.187645103757312
INFO:logs/DIP_log_model_gaussian_kernel=16_sigma=2.log:train PSNR: 30.677150667364597
INFO:logs/DIP_log_model_gaussian_kernel=16_sigma=2.log:test PSNR: 30.189263612959365
INFO:logs/DIP_log_model_gaussian_kernel=16_sigma=2.log:train PSNR: 30.625826268706824
INFO:logs/DIP_log_model_gaussian_kernel=16_sigma=2.log:test PSNR: 30.189330637222792
INFO:logs/DIP_log_model_gaussian_kernel=16_sigma=2.log:train PSNR: 30.423025518178882
INFO:logs/DIP_log_model_gaussian_kernel=16_sigma=2.log:test PSNR: 30.19014101501506
INFO:logs/DIP_log_model_gaussian_kernel=16_sigma=2.log:train PSNR: 30.57214682899305
INFO:logs/DIP_log_model_gaussian_kernel=16_sigma=2.log:test PSNR: 30.18964053923158
INFO:logs/DIP_log_model_gaussian_kernel=16_sigma=2.log:train PSNR: 30.785080849410736
INFO:logs/DIP_log_model_gaussian_kernel=16_sigma=2.log:test PSNR: 30.190371774373126
INFO:logs/DIP_log_model_gaussian_kernel=16_sigma=2.log:train PSNR: 30.59327609169615
INFO:logs/DIP_log_model_gaussian_kernel=16_sigma=2.log:test PSNR: 30.189897054379344
INFO:logs/DIP_log_model_gaussian_kernel=16_sigma=2.log:train PSNR: 30.60010454644937
INFO:logs/DIP_log_model_gaussian_kernel=16_sigma=2.log:test PSNR: 30.18761464304571
INFO:logs/DIP_log_model_gaussian_kernel=16_sigma=2.log:train PSNR: 30.56152367743306
INFO:logs/DIP_log_model_gaussian_kernel=16_sigma=2.log:test PSNR: 30.1886390444693
INFO:logs/DIP_log_model_gaussian_kernel=16_sigma=2.log:train PSNR: 30.73722082019001
INFO:logs/DIP_log_model_gaussian_kernel=16_sigma=2.log:test PSNR: 30.189354104003467
INFO:logs/DIP_log_model_gaussian_kernel=16_sigma=2.log:train PSNR: 30.85214226157275
INFO:logs/DIP_log_model_gaussian_kernel=16_sigma=2.log:test PSNR: 30.188885721842812
INFO:logs/DIP_log_model_gaussian_kernel=16_sigma=2.log:train PSNR: 30.632857085413175
INFO:logs/DIP_log_model_gaussian_kernel=16_sigma=2.log:test PSNR: 30.18881703967692
INFO:logs/DIP_log_model_gaussian_kernel=16_sigma=2.log:train PSNR: 30.20697921900584
INFO:logs/DIP_log_model_gaussian_kernel=16_sigma=2.log:test PSNR: 30.189306985150854
INFO:logs/DIP_log_model_gaussian_kernel=16_sigma=2.log:train PSNR: 30.65014702028195
INFO:logs/DIP_log_model_gaussian_kernel=16_sigma=2.log:test PSNR: 30.189843339934015
INFO:logs/DIP_log_model_gaussian_kernel=16_sigma=2.log:train PSNR: 30.70203318821724
INFO:logs/DIP_log_model_gaussian_kernel=16_sigma=2.log:test PSNR: 30.189672217270495
INFO:logs/DIP_log_model_gaussian_kernel=16_sigma=2.log:train PSNR: 30.693494510874082
INFO:logs/DIP_log_model_gaussian_kernel=16_sigma=2.log:test PSNR: 30.189431810906314
INFO:logs/DIP_log_model_gaussian_kernel=16_sigma=2.log:train PSNR: 30.5732902927697
INFO:logs/DIP_log_model_gaussian_kernel=16_sigma=2.log:test PSNR: 30.189528992206686
INFO:logs/DIP_log_model_gaussian_kernel=16_sigma=2.log:train PSNR: 30.412631309671823
INFO:logs/DIP_log_model_gaussian_kernel=16_sigma=2.log:test PSNR: 30.189826962126897
INFO:logs/DIP_log_model_gaussian_kernel=16_sigma=2.log:train PSNR: 30.742520725725313
INFO:logs/DIP_log_model_gaussian_kernel=16_sigma=2.log:test PSNR: 30.18985103500491
INFO:logs/DIP_log_model_gaussian_kernel=16_sigma=2.log:train PSNR: 30.60948726684799
INFO:logs/DIP_log_model_gaussian_kernel=16_sigma=2.log:test PSNR: 30.190000034745843
INFO:logs/DIP_log_model_gaussian_kernel=16_sigma=2.log:train PSNR: 30.7741215516937
INFO:logs/DIP_log_model_gaussian_kernel=16_sigma=2.log:test PSNR: 30.18955656888226
INFO:logs/DIP_log_model_gaussian_kernel=16_sigma=2.log:train PSNR: 30.506393443321556
INFO:logs/DIP_log_model_gaussian_kernel=16_sigma=2.log:test PSNR: 30.188828423428873
INFO:logs/DIP_log_model_gaussian_kernel=16_sigma=2.log:train PSNR: 30.81937995666457
INFO:logs/DIP_log_model_gaussian_kernel=16_sigma=2.log:test PSNR: 30.18899860399049
INFO:logs/DIP_log_model_gaussian_kernel=16_sigma=2.log:train PSNR: 30.710738111209775
INFO:logs/DIP_log_model_gaussian_kernel=16_sigma=2.log:test PSNR: 30.189885133385072
INFO:logs/DIP_log_model_gaussian_kernel=16_sigma=2.log:train PSNR: 30.38664796833566
INFO:logs/DIP_log_model_gaussian_kernel=16_sigma=2.log:test PSNR: 30.190022573176492
INFO:logs/DIP_log_model_gaussian_kernel=16_sigma=2.log:train PSNR: 30.481193321883303
INFO:logs/DIP_log_model_gaussian_kernel=16_sigma=2.log:test PSNR: 30.189720371322718
INFO:logs/DIP_log_model_gaussian_kernel=16_sigma=2.log:train PSNR: 30.488100363876057
INFO:logs/DIP_log_model_gaussian_kernel=16_sigma=2.log:test PSNR: 30.190092039277776
INFO:logs/DIP_log_model_gaussian_kernel=16_sigma=2.log:train PSNR: 30.466947559332755
INFO:logs/DIP_log_model_gaussian_kernel=16_sigma=2.log:test PSNR: 30.18940626050397
INFO:logs/DIP_log_model_gaussian_kernel=16_sigma=2.log:train PSNR: 30.617898275662213
INFO:logs/DIP_log_model_gaussian_kernel=16_sigma=2.log:test PSNR: 30.18938699471085
INFO:logs/DIP_log_model_gaussian_kernel=16_sigma=2.log:train PSNR: 30.62882093441053
INFO:logs/DIP_log_model_gaussian_kernel=16_sigma=2.log:test PSNR: 30.189356975651876
INFO:logs/DIP_log_model_gaussian_kernel=16_sigma=2.log:train PSNR: 30.812620514923847
INFO:logs/DIP_log_model_gaussian_kernel=16_sigma=2.log:test PSNR: 30.189884548985862
INFO:logs/DIP_log_model_gaussian_kernel=16_sigma=2.log:train PSNR: 30.365992225836212
INFO:logs/DIP_log_model_gaussian_kernel=16_sigma=2.log:test PSNR: 30.18951030753981
INFO:logs/DIP_log_model_gaussian_kernel=16_sigma=2.log:train PSNR: 30.463487650706462
INFO:logs/DIP_log_model_gaussian_kernel=16_sigma=2.log:test PSNR: 30.190181082190694
INFO:logs/DIP_log_model_gaussian_kernel=16_sigma=2.log:train PSNR: 30.593018542353946
INFO:logs/DIP_log_model_gaussian_kernel=16_sigma=2.log:test PSNR: 30.18962183349742
INFO:logs/DIP_log_model_gaussian_kernel=16_sigma=2.log:train PSNR: 30.39431362256545
INFO:logs/DIP_log_model_gaussian_kernel=16_sigma=2.log:test PSNR: 30.189820750949213
INFO:logs/DIP_log_model_gaussian_kernel=16_sigma=2.log:train PSNR: 30.682627191542846
INFO:logs/DIP_log_model_gaussian_kernel=16_sigma=2.log:test PSNR: 30.189537255549
INFO:logs/DIP_log_model_gaussian_kernel=16_sigma=2.log:train PSNR: 30.713390080337625
INFO:logs/DIP_log_model_gaussian_kernel=16_sigma=2.log:test PSNR: 30.189201370109707
INFO:logs/DIP_log_model_gaussian_kernel=16_sigma=2.log:train PSNR: 30.525724925156247
INFO:logs/DIP_log_model_gaussian_kernel=16_sigma=2.log:test PSNR: 30.189086272360736
INFO:logs/DIP_log_model_gaussian_kernel=16_sigma=2.log:train PSNR: 30.613561586039452
INFO:logs/DIP_log_model_gaussian_kernel=16_sigma=2.log:test PSNR: 30.189279507931875
INFO:logs/DIP_log_model_gaussian_kernel=16_sigma=2.log:train PSNR: 30.697316184831102
INFO:logs/DIP_log_model_gaussian_kernel=16_sigma=2.log:test PSNR: 30.189686028843926
INFO:logs/DIP_log_model_gaussian_kernel=16_sigma=2.log:train PSNR: 30.630208823404235
INFO:logs/DIP_log_model_gaussian_kernel=16_sigma=2.log:test PSNR: 30.188857584972062
INFO:logs/DIP_log_model_gaussian_kernel=16_sigma=2.log:train PSNR: 30.804281441590415
INFO:logs/DIP_log_model_gaussian_kernel=16_sigma=2.log:test PSNR: 30.18940870649019
INFO:logs/DIP_log_model_gaussian_kernel=16_sigma=2.log:train PSNR: 30.52069491030688
INFO:logs/DIP_log_model_gaussian_kernel=16_sigma=2.log:test PSNR: 30.189633303759912
INFO:logs/DIP_log_model_gaussian_kernel=16_sigma=2.log:train PSNR: 30.640043066988074
INFO:logs/DIP_log_model_gaussian_kernel=16_sigma=2.log:test PSNR: 30.18951736487216
INFO:logs/DIP_log_model_gaussian_kernel=16_sigma=2.log:train PSNR: 30.572736657699735
INFO:logs/DIP_log_model_gaussian_kernel=16_sigma=2.log:test PSNR: 30.18955819810038
INFO:logs/DIP_log_model_gaussian_kernel=16_sigma=2.log:train PSNR: 30.435203304691736
INFO:logs/DIP_log_model_gaussian_kernel=16_sigma=2.log:test PSNR: 30.18982240826725
INFO:logs/DIP_log_model_gaussian_kernel=16_sigma=2.log:train PSNR: 30.613890002140064
INFO:logs/DIP_log_model_gaussian_kernel=16_sigma=2.log:test PSNR: 30.189739402116142
INFO:logs/DIP_log_model_gaussian_kernel=16_sigma=2.log:train PSNR: 30.634073528774987
INFO:logs/DIP_log_model_gaussian_kernel=16_sigma=2.log:test PSNR: 30.189660962832
INFO:logs/DIP_log_model_gaussian_kernel=16_sigma=2.log:train PSNR: 30.482678768548173
INFO:logs/DIP_log_model_gaussian_kernel=16_sigma=2.log:test PSNR: 30.189423804507882
INFO:logs/DIP_log_model_gaussian_kernel=16_sigma=2.log:train PSNR: 30.633703539911092
INFO:logs/DIP_log_model_gaussian_kernel=16_sigma=2.log:test PSNR: 30.190045201722697
INFO:logs/DIP_log_model_gaussian_kernel=16_sigma=2.log:train PSNR: 30.558869911826584
INFO:logs/DIP_log_model_gaussian_kernel=16_sigma=2.log:test PSNR: 30.189847747548896
INFO:logs/DIP_log_model_gaussian_kernel=16_sigma=2.log:train PSNR: 30.66071215194298
INFO:logs/DIP_log_model_gaussian_kernel=16_sigma=2.log:test PSNR: 30.19001623047142
INFO:logs/DIP_log_model_gaussian_kernel=16_sigma=2.log:train PSNR: 31.071248169689422
INFO:logs/DIP_log_model_gaussian_kernel=16_sigma=2.log:test PSNR: 30.189980300583375
INFO:logs/DIP_log_model_gaussian_kernel=16_sigma=2.log:train PSNR: 30.46300087018138
INFO:logs/DIP_log_model_gaussian_kernel=16_sigma=2.log:test PSNR: 30.189681668971758
INFO:logs/DIP_log_model_gaussian_kernel=16_sigma=2.log:train PSNR: 30.535096477939994
INFO:logs/DIP_log_model_gaussian_kernel=16_sigma=2.log:test PSNR: 30.19004628264698
INFO:logs/DIP_log_model_gaussian_kernel=16_sigma=2.log:train PSNR: 30.85756581259216
INFO:logs/DIP_log_model_gaussian_kernel=16_sigma=2.log:test PSNR: 30.19014252985941
INFO:logs/DIP_log_model_gaussian_kernel=16_sigma=2.log:train PSNR: 30.55879857750794
INFO:logs/DIP_log_model_gaussian_kernel=16_sigma=2.log:test PSNR: 30.190025585901882
INFO:logs/DIP_log_model_gaussian_kernel=16_sigma=2.log:train PSNR: 30.63748835126051
INFO:logs/DIP_log_model_gaussian_kernel=16_sigma=2.log:test PSNR: 30.18989842512136
INFO:logs/DIP_log_model_gaussian_kernel=16_sigma=2.log:train PSNR: 30.765296930513006
INFO:logs/DIP_log_model_gaussian_kernel=16_sigma=2.log:test PSNR: 30.189721031895342
INFO:logs/DIP_log_model_gaussian_kernel=16_sigma=2.log:train PSNR: 30.744776633472227
INFO:logs/DIP_log_model_gaussian_kernel=16_sigma=2.log:test PSNR: 30.18973076870762
INFO:logs/DIP_log_model_gaussian_kernel=16_sigma=2.log:train PSNR: 30.660065902137614
INFO:logs/DIP_log_model_gaussian_kernel=16_sigma=2.log:test PSNR: 30.18997626814243
INFO:logs/DIP_log_model_gaussian_kernel=16_sigma=2.log:train PSNR: 30.600765939264758
INFO:logs/DIP_log_model_gaussian_kernel=16_sigma=2.log:test PSNR: 30.1900584805482
INFO:logs/DIP_log_model_gaussian_kernel=16_sigma=2.log:train PSNR: 30.27990056214356
INFO:logs/DIP_log_model_gaussian_kernel=16_sigma=2.log:test PSNR: 30.18995862625349
INFO:logs/DIP_log_model_gaussian_kernel=16_sigma=2.log:train PSNR: 30.389898777987764
INFO:logs/DIP_log_model_gaussian_kernel=16_sigma=2.log:test PSNR: 30.189684649944738
INFO:logs/DIP_log_model_gaussian_kernel=16_sigma=2.log:train PSNR: 30.728847313208934
INFO:logs/DIP_log_model_gaussian_kernel=16_sigma=2.log:test PSNR: 30.189793192677758
INFO:logs/DIP_log_model_gaussian_kernel=16_sigma=2.log:train PSNR: 30.699914016340422
INFO:logs/DIP_log_model_gaussian_kernel=16_sigma=2.log:test PSNR: 30.18984302673769
