INFO:logs/DIP_log_model_gaussian_kernel=64_sigma=2.log_model:first model = 
ConvLista_T(
  (apply_A): ConvTranspose2d(175, 1, kernel_size=(11, 11), stride=(8, 8), bias=False)
  (apply_B): Conv2d(1, 175, kernel_size=(11, 11), stride=(8, 8), bias=False)
  (apply_C): Sequential(
    (0): ConvTranspose2d(175, 1, kernel_size=(11, 11), stride=(8, 8))
  )
  (soft_threshold): SoftThreshold()
)

INFO:logs/DIP_log_model_gaussian_kernel=64_sigma=2.log_model:config_dict = {'uuid': 'DIP_project_gaussian_kernel=64_sigma=2', 'kernel_size': 11, 'stride': 8, 'num_filters': 175, 'lr': 0.0002, 'unfoldings': 12, 'lr_decay': 0.35, 'patch_size': 128, 'num_epochs': 250, 'lr_step': 50, 'eps': 0.001, 'threshold': 0.01, 'noise_std': 0.09803921568627451, 'gaussian_size': 64, 'gaussian_sigma': 2}

INFO:logs/DIP_log_model_gaussian_kernel=64_sigma=2.log:Training model...
INFO:logs/DIP_log_model_gaussian_kernel=64_sigma=2.log:train PSNR: 23.853838128531947
INFO:logs/DIP_log_model_gaussian_kernel=64_sigma=2.log:test PSNR: 24.826803259654756
INFO:logs/DIP_log_model_gaussian_kernel=64_sigma=2.log:train PSNR: 24.675612314602464
INFO:logs/DIP_log_model_gaussian_kernel=64_sigma=2.log:test PSNR: 22.959813447715156
INFO:logs/DIP_log_model_gaussian_kernel=64_sigma=2.log:train PSNR: 25.134945149661714
INFO:logs/DIP_log_model_gaussian_kernel=64_sigma=2.log:test PSNR: 25.708317013002073
INFO:logs/DIP_log_model_gaussian_kernel=64_sigma=2.log:train PSNR: 25.301659529280464
INFO:logs/DIP_log_model_gaussian_kernel=64_sigma=2.log:test PSNR: 25.39803574917515
INFO:logs/DIP_log_model_gaussian_kernel=64_sigma=2.log:train PSNR: 25.891007422147922
INFO:logs/DIP_log_model_gaussian_kernel=64_sigma=2.log:test PSNR: 26.23462688187388
INFO:logs/DIP_log_model_gaussian_kernel=64_sigma=2.log:train PSNR: 25.960330766568642
INFO:logs/DIP_log_model_gaussian_kernel=64_sigma=2.log:test PSNR: 26.46559534848608
INFO:logs/DIP_log_model_gaussian_kernel=64_sigma=2.log:train PSNR: 26.28236549489975
INFO:logs/DIP_log_model_gaussian_kernel=64_sigma=2.log:test PSNR: 26.930422475519315
INFO:logs/DIP_log_model_gaussian_kernel=64_sigma=2.log:train PSNR: 26.304926475897606
INFO:logs/DIP_log_model_gaussian_kernel=64_sigma=2.log:test PSNR: 27.154671833694092
INFO:logs/DIP_log_model_gaussian_kernel=64_sigma=2.log:train PSNR: 26.848277993309434
INFO:logs/DIP_log_model_gaussian_kernel=64_sigma=2.log:test PSNR: 27.437614613616674
INFO:logs/DIP_log_model_gaussian_kernel=64_sigma=2.log:train PSNR: 27.517399977615636
INFO:logs/DIP_log_model_gaussian_kernel=64_sigma=2.log:test PSNR: 27.767188456189725
INFO:logs/DIP_log_model_gaussian_kernel=64_sigma=2.log:train PSNR: 27.084645280451802
INFO:logs/DIP_log_model_gaussian_kernel=64_sigma=2.log:test PSNR: 27.694067055981037
INFO:logs/DIP_log_model_gaussian_kernel=64_sigma=2.log:train PSNR: 27.801134463483876
INFO:logs/DIP_log_model_gaussian_kernel=64_sigma=2.log:test PSNR: 27.993563224187294
INFO:logs/DIP_log_model_gaussian_kernel=64_sigma=2.log:train PSNR: 27.916952239642477
INFO:logs/DIP_log_model_gaussian_kernel=64_sigma=2.log:test PSNR: 28.08105972507357
INFO:logs/DIP_log_model_gaussian_kernel=64_sigma=2.log:train PSNR: 27.66982118082348
INFO:logs/DIP_log_model_gaussian_kernel=64_sigma=2.log:test PSNR: 28.224581822214244
INFO:logs/DIP_log_model_gaussian_kernel=64_sigma=2.log:train PSNR: 27.81162368776127
INFO:logs/DIP_log_model_gaussian_kernel=64_sigma=2.log:test PSNR: 28.319388696268216
INFO:logs/DIP_log_model_gaussian_kernel=64_sigma=2.log:train PSNR: 27.922179311668664
INFO:logs/DIP_log_model_gaussian_kernel=64_sigma=2.log:test PSNR: 21.331258381887608
INFO:logs/DIP_log_model_gaussian_kernel=64_sigma=2.log:train PSNR: 27.42922348363622
INFO:logs/DIP_log_model_gaussian_kernel=64_sigma=2.log:test PSNR: 28.32812185720499
INFO:logs/DIP_log_model_gaussian_kernel=64_sigma=2.log:train PSNR: 28.178884743312857
INFO:logs/DIP_log_model_gaussian_kernel=64_sigma=2.log:test PSNR: 28.458416340167762
INFO:logs/DIP_log_model_gaussian_kernel=64_sigma=2.log:train PSNR: 27.966863887649623
INFO:logs/DIP_log_model_gaussian_kernel=64_sigma=2.log:test PSNR: 28.421195745537606
INFO:logs/DIP_log_model_gaussian_kernel=64_sigma=2.log:train PSNR: 28.420715306932397
INFO:logs/DIP_log_model_gaussian_kernel=64_sigma=2.log:test PSNR: 28.592636682542864
INFO:logs/DIP_log_model_gaussian_kernel=64_sigma=2.log:train PSNR: 27.884857433227946
INFO:logs/DIP_log_model_gaussian_kernel=64_sigma=2.log:test PSNR: 26.357360616110995
INFO:logs/DIP_log_model_gaussian_kernel=64_sigma=2.log:train PSNR: 27.669456957542657
INFO:logs/DIP_log_model_gaussian_kernel=64_sigma=2.log:test PSNR: 28.373404197942833
INFO:logs/DIP_log_model_gaussian_kernel=64_sigma=2.log:train PSNR: 28.295761224632205
INFO:logs/DIP_log_model_gaussian_kernel=64_sigma=2.log:test PSNR: 28.47734699694351
INFO:logs/DIP_log_model_gaussian_kernel=64_sigma=2.log:train PSNR: 28.46305587261106
INFO:logs/DIP_log_model_gaussian_kernel=64_sigma=2.log:test PSNR: 28.553229820509152
INFO:logs/DIP_log_model_gaussian_kernel=64_sigma=2.log:train PSNR: 28.355133851116427
INFO:logs/DIP_log_model_gaussian_kernel=64_sigma=2.log:test PSNR: 28.641170044195928
INFO:logs/DIP_log_model_gaussian_kernel=64_sigma=2.log:train PSNR: 28.74696734683502
INFO:logs/DIP_log_model_gaussian_kernel=64_sigma=2.log:test PSNR: 28.77685148582071
INFO:logs/DIP_log_model_gaussian_kernel=64_sigma=2.log:train PSNR: 28.777877921229322
INFO:logs/DIP_log_model_gaussian_kernel=64_sigma=2.log:test PSNR: 28.808835731985397
INFO:logs/DIP_log_model_gaussian_kernel=64_sigma=2.log:train PSNR: 28.78766405680978
INFO:logs/DIP_log_model_gaussian_kernel=64_sigma=2.log:test PSNR: 28.846309852805216
INFO:logs/DIP_log_model_gaussian_kernel=64_sigma=2.log:train PSNR: 28.893910346490294
INFO:logs/DIP_log_model_gaussian_kernel=64_sigma=2.log:test PSNR: 28.89677569590006
INFO:logs/DIP_log_model_gaussian_kernel=64_sigma=2.log:train PSNR: 28.789178394468898
INFO:logs/DIP_log_model_gaussian_kernel=64_sigma=2.log:test PSNR: 28.894794983254037
INFO:logs/DIP_log_model_gaussian_kernel=64_sigma=2.log:train PSNR: 28.818064539032047
INFO:logs/DIP_log_model_gaussian_kernel=64_sigma=2.log:test PSNR: 28.92314745111772
INFO:logs/DIP_log_model_gaussian_kernel=64_sigma=2.log:train PSNR: 28.795811778283582
INFO:logs/DIP_log_model_gaussian_kernel=64_sigma=2.log:test PSNR: 28.936983889785324
INFO:logs/DIP_log_model_gaussian_kernel=64_sigma=2.log:train PSNR: 28.779756950421095
INFO:logs/DIP_log_model_gaussian_kernel=64_sigma=2.log:test PSNR: 29.02166497423044
INFO:logs/DIP_log_model_gaussian_kernel=64_sigma=2.log:train PSNR: 29.06972141812641
INFO:logs/DIP_log_model_gaussian_kernel=64_sigma=2.log:test PSNR: 29.009582376291988
INFO:logs/DIP_log_model_gaussian_kernel=64_sigma=2.log:train PSNR: 29.013641737552653
INFO:logs/DIP_log_model_gaussian_kernel=64_sigma=2.log:test PSNR: 29.023214063586448
INFO:logs/DIP_log_model_gaussian_kernel=64_sigma=2.log:train PSNR: 29.132127323731584
INFO:logs/DIP_log_model_gaussian_kernel=64_sigma=2.log:test PSNR: 29.041991617852123
INFO:logs/DIP_log_model_gaussian_kernel=64_sigma=2.log:train PSNR: 29.275942890067302
INFO:logs/DIP_log_model_gaussian_kernel=64_sigma=2.log:test PSNR: 28.99035341257411
INFO:logs/DIP_log_model_gaussian_kernel=64_sigma=2.log:train PSNR: 29.08092699595159
INFO:logs/DIP_log_model_gaussian_kernel=64_sigma=2.log:test PSNR: 29.084517177934
INFO:logs/DIP_log_model_gaussian_kernel=64_sigma=2.log:train PSNR: 29.18476277547205
INFO:logs/DIP_log_model_gaussian_kernel=64_sigma=2.log:test PSNR: 29.055009051125115
INFO:logs/DIP_log_model_gaussian_kernel=64_sigma=2.log:train PSNR: 29.502422361836626
INFO:logs/DIP_log_model_gaussian_kernel=64_sigma=2.log:test PSNR: 29.102094362582854
INFO:logs/DIP_log_model_gaussian_kernel=64_sigma=2.log:train PSNR: 29.173712889261513
INFO:logs/DIP_log_model_gaussian_kernel=64_sigma=2.log:test PSNR: 29.090336497995317
INFO:logs/DIP_log_model_gaussian_kernel=64_sigma=2.log:train PSNR: 29.15514310745106
INFO:logs/DIP_log_model_gaussian_kernel=64_sigma=2.log:test PSNR: 29.10212865730098
INFO:logs/DIP_log_model_gaussian_kernel=64_sigma=2.log:train PSNR: 29.015052602551247
INFO:logs/DIP_log_model_gaussian_kernel=64_sigma=2.log:test PSNR: 29.09181324686002
INFO:logs/DIP_log_model_gaussian_kernel=64_sigma=2.log:train PSNR: 28.77627450537397
INFO:logs/DIP_log_model_gaussian_kernel=64_sigma=2.log:test PSNR: 29.170770021110837
INFO:logs/DIP_log_model_gaussian_kernel=64_sigma=2.log:train PSNR: 29.393888756942548
INFO:logs/DIP_log_model_gaussian_kernel=64_sigma=2.log:test PSNR: 29.118858698792643
INFO:logs/DIP_log_model_gaussian_kernel=64_sigma=2.log:train PSNR: 29.149752993673
INFO:logs/DIP_log_model_gaussian_kernel=64_sigma=2.log:test PSNR: 29.16627923638631
INFO:logs/DIP_log_model_gaussian_kernel=64_sigma=2.log:train PSNR: 29.24894629375117
INFO:logs/DIP_log_model_gaussian_kernel=64_sigma=2.log:test PSNR: 29.14136859850613
INFO:logs/DIP_log_model_gaussian_kernel=64_sigma=2.log:train PSNR: 29.266757813108917
INFO:logs/DIP_log_model_gaussian_kernel=64_sigma=2.log:test PSNR: 29.18194057926814
INFO:logs/DIP_log_model_gaussian_kernel=64_sigma=2.log:train PSNR: 29.263587396772614
INFO:logs/DIP_log_model_gaussian_kernel=64_sigma=2.log:test PSNR: 29.17716979979417
INFO:logs/DIP_log_model_gaussian_kernel=64_sigma=2.log:train PSNR: 29.19158623726743
INFO:logs/DIP_log_model_gaussian_kernel=64_sigma=2.log:test PSNR: 28.523928718242225
INFO:logs/DIP_log_model_gaussian_kernel=64_sigma=2.log:train PSNR: 29.4307379388315
INFO:logs/DIP_log_model_gaussian_kernel=64_sigma=2.log:test PSNR: 29.23072469500705
INFO:logs/DIP_log_model_gaussian_kernel=64_sigma=2.log:train PSNR: 29.44939401387137
INFO:logs/DIP_log_model_gaussian_kernel=64_sigma=2.log:test PSNR: 29.222525707353665
INFO:logs/DIP_log_model_gaussian_kernel=64_sigma=2.log:train PSNR: 29.43493345985045
INFO:logs/DIP_log_model_gaussian_kernel=64_sigma=2.log:test PSNR: 29.192013779797428
INFO:logs/DIP_log_model_gaussian_kernel=64_sigma=2.log:train PSNR: 29.35737163450855
INFO:logs/DIP_log_model_gaussian_kernel=64_sigma=2.log:test PSNR: 29.234075635652488
INFO:logs/DIP_log_model_gaussian_kernel=64_sigma=2.log:train PSNR: 29.66275790096622
INFO:logs/DIP_log_model_gaussian_kernel=64_sigma=2.log:test PSNR: 29.066969836075966
INFO:logs/DIP_log_model_gaussian_kernel=64_sigma=2.log:train PSNR: 29.653866320271128
INFO:logs/DIP_log_model_gaussian_kernel=64_sigma=2.log:test PSNR: 29.201369045376605
INFO:logs/DIP_log_model_gaussian_kernel=64_sigma=2.log:train PSNR: 29.50199964718516
INFO:logs/DIP_log_model_gaussian_kernel=64_sigma=2.log:test PSNR: 29.239951852339754
INFO:logs/DIP_log_model_gaussian_kernel=64_sigma=2.log:train PSNR: 29.546703274213137
INFO:logs/DIP_log_model_gaussian_kernel=64_sigma=2.log:test PSNR: 29.203051144958703
INFO:logs/DIP_log_model_gaussian_kernel=64_sigma=2.log:train PSNR: 29.514351479069642
INFO:logs/DIP_log_model_gaussian_kernel=64_sigma=2.log:test PSNR: 29.245781028656577
INFO:logs/DIP_log_model_gaussian_kernel=64_sigma=2.log:train PSNR: 29.85248970647091
INFO:logs/DIP_log_model_gaussian_kernel=64_sigma=2.log:test PSNR: 29.225418491361985
INFO:logs/DIP_log_model_gaussian_kernel=64_sigma=2.log:train PSNR: 29.49852686202492
INFO:logs/DIP_log_model_gaussian_kernel=64_sigma=2.log:test PSNR: 29.222443312162437
INFO:logs/DIP_log_model_gaussian_kernel=64_sigma=2.log:train PSNR: 29.642209763410403
INFO:logs/DIP_log_model_gaussian_kernel=64_sigma=2.log:test PSNR: 29.2615148600626
INFO:logs/DIP_log_model_gaussian_kernel=64_sigma=2.log:train PSNR: 29.854142726769492
INFO:logs/DIP_log_model_gaussian_kernel=64_sigma=2.log:test PSNR: 29.261860379604418
INFO:logs/DIP_log_model_gaussian_kernel=64_sigma=2.log:train PSNR: 29.542068319568706
INFO:logs/DIP_log_model_gaussian_kernel=64_sigma=2.log:test PSNR: 29.28769424204513
INFO:logs/DIP_log_model_gaussian_kernel=64_sigma=2.log:train PSNR: 29.759373278889015
INFO:logs/DIP_log_model_gaussian_kernel=64_sigma=2.log:test PSNR: 29.252091067917505
INFO:logs/DIP_log_model_gaussian_kernel=64_sigma=2.log:train PSNR: 29.64283792829163
INFO:logs/DIP_log_model_gaussian_kernel=64_sigma=2.log:test PSNR: 29.24171858652495
INFO:logs/DIP_log_model_gaussian_kernel=64_sigma=2.log:train PSNR: 29.365738406164354
INFO:logs/DIP_log_model_gaussian_kernel=64_sigma=2.log:test PSNR: 29.26899436275081
INFO:logs/DIP_log_model_gaussian_kernel=64_sigma=2.log:train PSNR: 29.595088294502634
INFO:logs/DIP_log_model_gaussian_kernel=64_sigma=2.log:test PSNR: 29.262087873634083
INFO:logs/DIP_log_model_gaussian_kernel=64_sigma=2.log:train PSNR: 29.759449046691074
INFO:logs/DIP_log_model_gaussian_kernel=64_sigma=2.log:test PSNR: 29.295720794883877
INFO:logs/DIP_log_model_gaussian_kernel=64_sigma=2.log:train PSNR: 29.64219656478383
INFO:logs/DIP_log_model_gaussian_kernel=64_sigma=2.log:test PSNR: 29.27794904431322
INFO:logs/DIP_log_model_gaussian_kernel=64_sigma=2.log:train PSNR: 29.826826207120632
INFO:logs/DIP_log_model_gaussian_kernel=64_sigma=2.log:test PSNR: 29.31054486911711
INFO:logs/DIP_log_model_gaussian_kernel=64_sigma=2.log:train PSNR: 29.718525945334243
INFO:logs/DIP_log_model_gaussian_kernel=64_sigma=2.log:test PSNR: 29.293823328944224
INFO:logs/DIP_log_model_gaussian_kernel=64_sigma=2.log:train PSNR: 29.63986681791459
INFO:logs/DIP_log_model_gaussian_kernel=64_sigma=2.log:test PSNR: 29.105817602845487
INFO:logs/DIP_log_model_gaussian_kernel=64_sigma=2.log:train PSNR: 29.81700094801213
INFO:logs/DIP_log_model_gaussian_kernel=64_sigma=2.log:test PSNR: 29.285595865759312
INFO:logs/DIP_log_model_gaussian_kernel=64_sigma=2.log:train PSNR: 29.70091981149318
INFO:logs/DIP_log_model_gaussian_kernel=64_sigma=2.log:test PSNR: 29.295627988685347
INFO:logs/DIP_log_model_gaussian_kernel=64_sigma=2.log:train PSNR: 29.951551002099457
INFO:logs/DIP_log_model_gaussian_kernel=64_sigma=2.log:test PSNR: 29.313659601787812
INFO:logs/DIP_log_model_gaussian_kernel=64_sigma=2.log:train PSNR: 29.799271776823684
INFO:logs/DIP_log_model_gaussian_kernel=64_sigma=2.log:test PSNR: 29.293978464268815
INFO:logs/DIP_log_model_gaussian_kernel=64_sigma=2.log:train PSNR: 29.840174283392415
INFO:logs/DIP_log_model_gaussian_kernel=64_sigma=2.log:test PSNR: 29.316271859984145
INFO:logs/DIP_log_model_gaussian_kernel=64_sigma=2.log:train PSNR: 29.930662852440793
INFO:logs/DIP_log_model_gaussian_kernel=64_sigma=2.log:test PSNR: 29.30272511352748
INFO:logs/DIP_log_model_gaussian_kernel=64_sigma=2.log:train PSNR: 30.111561354805854
INFO:logs/DIP_log_model_gaussian_kernel=64_sigma=2.log:test PSNR: 29.298160025103822
INFO:logs/DIP_log_model_gaussian_kernel=64_sigma=2.log:train PSNR: 29.726744585395313
INFO:logs/DIP_log_model_gaussian_kernel=64_sigma=2.log:test PSNR: 29.292250185220244
INFO:logs/DIP_log_model_gaussian_kernel=64_sigma=2.log:train PSNR: 29.833368567367128
INFO:logs/DIP_log_model_gaussian_kernel=64_sigma=2.log:test PSNR: 29.29831124907517
INFO:logs/DIP_log_model_gaussian_kernel=64_sigma=2.log:train PSNR: 29.724969113983853
INFO:logs/DIP_log_model_gaussian_kernel=64_sigma=2.log:test PSNR: 29.293324423159447
INFO:logs/DIP_log_model_gaussian_kernel=64_sigma=2.log:train PSNR: 29.814182063443724
INFO:logs/DIP_log_model_gaussian_kernel=64_sigma=2.log:test PSNR: 29.314908727119665
INFO:logs/DIP_log_model_gaussian_kernel=64_sigma=2.log:train PSNR: 29.94917058239193
INFO:logs/DIP_log_model_gaussian_kernel=64_sigma=2.log:test PSNR: 29.303224299649596
INFO:logs/DIP_log_model_gaussian_kernel=64_sigma=2.log:train PSNR: 29.801397919777912
INFO:logs/DIP_log_model_gaussian_kernel=64_sigma=2.log:test PSNR: 29.26531893822917
INFO:logs/DIP_log_model_gaussian_kernel=64_sigma=2.log:train PSNR: 30.06296631778271
INFO:logs/DIP_log_model_gaussian_kernel=64_sigma=2.log:test PSNR: 29.308202645110274
INFO:logs/DIP_log_model_gaussian_kernel=64_sigma=2.log:train PSNR: 29.668960714066834
INFO:logs/DIP_log_model_gaussian_kernel=64_sigma=2.log:test PSNR: 29.295512635247725
INFO:logs/DIP_log_model_gaussian_kernel=64_sigma=2.log:train PSNR: 29.853207164122363
INFO:logs/DIP_log_model_gaussian_kernel=64_sigma=2.log:test PSNR: 29.288942775405644
INFO:logs/DIP_log_model_gaussian_kernel=64_sigma=2.log:train PSNR: 29.70991220788868
INFO:logs/DIP_log_model_gaussian_kernel=64_sigma=2.log:test PSNR: 29.280058149348907
INFO:logs/DIP_log_model_gaussian_kernel=64_sigma=2.log:train PSNR: 30.008932820892365
INFO:logs/DIP_log_model_gaussian_kernel=64_sigma=2.log:test PSNR: 29.308902599511367
INFO:logs/DIP_log_model_gaussian_kernel=64_sigma=2.log:train PSNR: 29.807010119773004
INFO:logs/DIP_log_model_gaussian_kernel=64_sigma=2.log:test PSNR: 29.314955918038955
INFO:logs/DIP_log_model_gaussian_kernel=64_sigma=2.log:train PSNR: 29.75123852975209
INFO:logs/DIP_log_model_gaussian_kernel=64_sigma=2.log:test PSNR: 29.31382130945403
INFO:logs/DIP_log_model_gaussian_kernel=64_sigma=2.log:train PSNR: 30.00340716462398
INFO:logs/DIP_log_model_gaussian_kernel=64_sigma=2.log:test PSNR: 29.31287728218901
INFO:logs/DIP_log_model_gaussian_kernel=64_sigma=2.log:train PSNR: 29.784397805991965
INFO:logs/DIP_log_model_gaussian_kernel=64_sigma=2.log:test PSNR: 29.327283910235213
INFO:logs/DIP_log_model_gaussian_kernel=64_sigma=2.log:train PSNR: 30.28827299919975
INFO:logs/DIP_log_model_gaussian_kernel=64_sigma=2.log:test PSNR: 29.29039857387758
INFO:logs/DIP_log_model_gaussian_kernel=64_sigma=2.log:train PSNR: 29.86954063994391
INFO:logs/DIP_log_model_gaussian_kernel=64_sigma=2.log:test PSNR: 29.313873151443886
INFO:logs/DIP_log_model_gaussian_kernel=64_sigma=2.log:train PSNR: 29.634015435777734
INFO:logs/DIP_log_model_gaussian_kernel=64_sigma=2.log:test PSNR: 29.359129697363286
INFO:logs/DIP_log_model_gaussian_kernel=64_sigma=2.log:train PSNR: 29.754855517154894
INFO:logs/DIP_log_model_gaussian_kernel=64_sigma=2.log:test PSNR: 29.333370193416528
INFO:logs/DIP_log_model_gaussian_kernel=64_sigma=2.log:train PSNR: 30.10147526572543
INFO:logs/DIP_log_model_gaussian_kernel=64_sigma=2.log:test PSNR: 29.351222783142333
INFO:logs/DIP_log_model_gaussian_kernel=64_sigma=2.log:train PSNR: 29.945672402871352
INFO:logs/DIP_log_model_gaussian_kernel=64_sigma=2.log:test PSNR: 29.346847121150756
INFO:logs/DIP_log_model_gaussian_kernel=64_sigma=2.log:train PSNR: 29.726309506772175
INFO:logs/DIP_log_model_gaussian_kernel=64_sigma=2.log:test PSNR: 29.33280842323572
INFO:logs/DIP_log_model_gaussian_kernel=64_sigma=2.log:train PSNR: 29.876534001905515
INFO:logs/DIP_log_model_gaussian_kernel=64_sigma=2.log:test PSNR: 29.34735069524048
INFO:logs/DIP_log_model_gaussian_kernel=64_sigma=2.log:train PSNR: 30.016580070541874
INFO:logs/DIP_log_model_gaussian_kernel=64_sigma=2.log:test PSNR: 29.33022493394549
INFO:logs/DIP_log_model_gaussian_kernel=64_sigma=2.log:train PSNR: 29.972589650724952
INFO:logs/DIP_log_model_gaussian_kernel=64_sigma=2.log:test PSNR: 29.349719882583326
INFO:logs/DIP_log_model_gaussian_kernel=64_sigma=2.log:train PSNR: 30.163252775747484
INFO:logs/DIP_log_model_gaussian_kernel=64_sigma=2.log:test PSNR: 29.331421782475427
INFO:logs/DIP_log_model_gaussian_kernel=64_sigma=2.log:train PSNR: 29.833828929995043
INFO:logs/DIP_log_model_gaussian_kernel=64_sigma=2.log:test PSNR: 29.32973727990122
INFO:logs/DIP_log_model_gaussian_kernel=64_sigma=2.log:train PSNR: 29.714866923053233
INFO:logs/DIP_log_model_gaussian_kernel=64_sigma=2.log:test PSNR: 29.354422188751492
INFO:logs/DIP_log_model_gaussian_kernel=64_sigma=2.log:train PSNR: 30.04655884841061
INFO:logs/DIP_log_model_gaussian_kernel=64_sigma=2.log:test PSNR: 29.342078443571182
INFO:logs/DIP_log_model_gaussian_kernel=64_sigma=2.log:train PSNR: 30.044705895331486
INFO:logs/DIP_log_model_gaussian_kernel=64_sigma=2.log:test PSNR: 29.33650491240326
INFO:logs/DIP_log_model_gaussian_kernel=64_sigma=2.log:train PSNR: 30.000336018353476
INFO:logs/DIP_log_model_gaussian_kernel=64_sigma=2.log:test PSNR: 29.338392498669148
INFO:logs/DIP_log_model_gaussian_kernel=64_sigma=2.log:train PSNR: 29.868465607788835
INFO:logs/DIP_log_model_gaussian_kernel=64_sigma=2.log:test PSNR: 29.34867847980214
INFO:logs/DIP_log_model_gaussian_kernel=64_sigma=2.log:train PSNR: 30.145157257076463
INFO:logs/DIP_log_model_gaussian_kernel=64_sigma=2.log:test PSNR: 29.341545174873673
INFO:logs/DIP_log_model_gaussian_kernel=64_sigma=2.log:train PSNR: 29.862872274900077
INFO:logs/DIP_log_model_gaussian_kernel=64_sigma=2.log:test PSNR: 29.33341071515021
INFO:logs/DIP_log_model_gaussian_kernel=64_sigma=2.log:train PSNR: 29.805326478246204
INFO:logs/DIP_log_model_gaussian_kernel=64_sigma=2.log:test PSNR: 29.344480633073253
INFO:logs/DIP_log_model_gaussian_kernel=64_sigma=2.log:train PSNR: 29.99915621205975
INFO:logs/DIP_log_model_gaussian_kernel=64_sigma=2.log:test PSNR: 29.34950148943978
INFO:logs/DIP_log_model_gaussian_kernel=64_sigma=2.log:train PSNR: 30.008070403867762
INFO:logs/DIP_log_model_gaussian_kernel=64_sigma=2.log:test PSNR: 29.352089020588718
INFO:logs/DIP_log_model_gaussian_kernel=64_sigma=2.log:train PSNR: 29.786687920650614
INFO:logs/DIP_log_model_gaussian_kernel=64_sigma=2.log:test PSNR: 29.342878553465034
INFO:logs/DIP_log_model_gaussian_kernel=64_sigma=2.log:train PSNR: 30.181899404504513
INFO:logs/DIP_log_model_gaussian_kernel=64_sigma=2.log:test PSNR: 29.34746575982872
INFO:logs/DIP_log_model_gaussian_kernel=64_sigma=2.log:train PSNR: 29.966909592553698
INFO:logs/DIP_log_model_gaussian_kernel=64_sigma=2.log:test PSNR: 29.359579701385478
INFO:logs/DIP_log_model_gaussian_kernel=64_sigma=2.log:train PSNR: 30.191623354198963
INFO:logs/DIP_log_model_gaussian_kernel=64_sigma=2.log:test PSNR: 29.34390317844293
INFO:logs/DIP_log_model_gaussian_kernel=64_sigma=2.log:train PSNR: 29.790130051363967
INFO:logs/DIP_log_model_gaussian_kernel=64_sigma=2.log:test PSNR: 29.368382650923472
INFO:logs/DIP_log_model_gaussian_kernel=64_sigma=2.log:train PSNR: 30.109354142487643
INFO:logs/DIP_log_model_gaussian_kernel=64_sigma=2.log:test PSNR: 29.34072309654041
INFO:logs/DIP_log_model_gaussian_kernel=64_sigma=2.log:train PSNR: 30.036763214395144
INFO:logs/DIP_log_model_gaussian_kernel=64_sigma=2.log:test PSNR: 29.358810097517118
INFO:logs/DIP_log_model_gaussian_kernel=64_sigma=2.log:train PSNR: 29.98203116249027
INFO:logs/DIP_log_model_gaussian_kernel=64_sigma=2.log:test PSNR: 29.343494717078674
INFO:logs/DIP_log_model_gaussian_kernel=64_sigma=2.log:train PSNR: 29.671009453590266
INFO:logs/DIP_log_model_gaussian_kernel=64_sigma=2.log:test PSNR: 29.344845587165064
INFO:logs/DIP_log_model_gaussian_kernel=64_sigma=2.log:train PSNR: 30.04079940273233
INFO:logs/DIP_log_model_gaussian_kernel=64_sigma=2.log:test PSNR: 29.358183596339373
INFO:logs/DIP_log_model_gaussian_kernel=64_sigma=2.log:train PSNR: 30.1259395074505
INFO:logs/DIP_log_model_gaussian_kernel=64_sigma=2.log:test PSNR: 29.350220550322685
INFO:logs/DIP_log_model_gaussian_kernel=64_sigma=2.log:train PSNR: 30.162556165134372
INFO:logs/DIP_log_model_gaussian_kernel=64_sigma=2.log:test PSNR: 29.353452229552126
INFO:logs/DIP_log_model_gaussian_kernel=64_sigma=2.log:train PSNR: 30.043637357950765
INFO:logs/DIP_log_model_gaussian_kernel=64_sigma=2.log:test PSNR: 29.345637825591922
INFO:logs/DIP_log_model_gaussian_kernel=64_sigma=2.log:train PSNR: 30.102197419836166
INFO:logs/DIP_log_model_gaussian_kernel=64_sigma=2.log:test PSNR: 29.35452945377328
INFO:logs/DIP_log_model_gaussian_kernel=64_sigma=2.log:train PSNR: 29.629258016492255
INFO:logs/DIP_log_model_gaussian_kernel=64_sigma=2.log:test PSNR: 29.358616530077267
INFO:logs/DIP_log_model_gaussian_kernel=64_sigma=2.log:train PSNR: 29.782286412563476
INFO:logs/DIP_log_model_gaussian_kernel=64_sigma=2.log:test PSNR: 29.355963687338242
INFO:logs/DIP_log_model_gaussian_kernel=64_sigma=2.log:train PSNR: 29.788194455985675
INFO:logs/DIP_log_model_gaussian_kernel=64_sigma=2.log:test PSNR: 29.358221334434873
INFO:logs/DIP_log_model_gaussian_kernel=64_sigma=2.log:train PSNR: 30.056846566227804
INFO:logs/DIP_log_model_gaussian_kernel=64_sigma=2.log:test PSNR: 29.355391941981217
INFO:logs/DIP_log_model_gaussian_kernel=64_sigma=2.log:train PSNR: 30.134788487257705
INFO:logs/DIP_log_model_gaussian_kernel=64_sigma=2.log:test PSNR: 29.345260920359504
INFO:logs/DIP_log_model_gaussian_kernel=64_sigma=2.log:train PSNR: 30.142749328557375
INFO:logs/DIP_log_model_gaussian_kernel=64_sigma=2.log:test PSNR: 29.344254671502306
INFO:logs/DIP_log_model_gaussian_kernel=64_sigma=2.log:train PSNR: 30.27746139955534
INFO:logs/DIP_log_model_gaussian_kernel=64_sigma=2.log:test PSNR: 29.347373546555357
INFO:logs/DIP_log_model_gaussian_kernel=64_sigma=2.log:train PSNR: 30.0204588298348
INFO:logs/DIP_log_model_gaussian_kernel=64_sigma=2.log:test PSNR: 29.339356364452016
INFO:logs/DIP_log_model_gaussian_kernel=64_sigma=2.log:train PSNR: 29.986646646977213
INFO:logs/DIP_log_model_gaussian_kernel=64_sigma=2.log:test PSNR: 29.352682672204438
INFO:logs/DIP_log_model_gaussian_kernel=64_sigma=2.log:train PSNR: 29.851971416327853
INFO:logs/DIP_log_model_gaussian_kernel=64_sigma=2.log:test PSNR: 29.357517605893584
INFO:logs/DIP_log_model_gaussian_kernel=64_sigma=2.log:train PSNR: 30.130680608788946
INFO:logs/DIP_log_model_gaussian_kernel=64_sigma=2.log:test PSNR: 29.347723201099114
INFO:logs/DIP_log_model_gaussian_kernel=64_sigma=2.log:train PSNR: 29.95987936257622
INFO:logs/DIP_log_model_gaussian_kernel=64_sigma=2.log:test PSNR: 29.358239391909443
INFO:logs/DIP_log_model_gaussian_kernel=64_sigma=2.log:train PSNR: 30.00879111224251
INFO:logs/DIP_log_model_gaussian_kernel=64_sigma=2.log:test PSNR: 29.35187179579549
INFO:logs/DIP_log_model_gaussian_kernel=64_sigma=2.log:train PSNR: 30.02337297377453
INFO:logs/DIP_log_model_gaussian_kernel=64_sigma=2.log:test PSNR: 29.34970550469707
INFO:logs/DIP_log_model_gaussian_kernel=64_sigma=2.log:train PSNR: 30.003876023423462
INFO:logs/DIP_log_model_gaussian_kernel=64_sigma=2.log:test PSNR: 29.355783915206825
INFO:logs/DIP_log_model_gaussian_kernel=64_sigma=2.log:train PSNR: 29.899804887971207
INFO:logs/DIP_log_model_gaussian_kernel=64_sigma=2.log:test PSNR: 29.36085397179251
INFO:logs/DIP_log_model_gaussian_kernel=64_sigma=2.log:train PSNR: 30.10770541617514
INFO:logs/DIP_log_model_gaussian_kernel=64_sigma=2.log:test PSNR: 29.35851962561924
INFO:logs/DIP_log_model_gaussian_kernel=64_sigma=2.log:train PSNR: 30.08109558468688
INFO:logs/DIP_log_model_gaussian_kernel=64_sigma=2.log:test PSNR: 29.35317641743695
INFO:logs/DIP_log_model_gaussian_kernel=64_sigma=2.log:train PSNR: 29.906545119201425
INFO:logs/DIP_log_model_gaussian_kernel=64_sigma=2.log:test PSNR: 29.35547961379691
INFO:logs/DIP_log_model_gaussian_kernel=64_sigma=2.log:train PSNR: 29.990381397389275
INFO:logs/DIP_log_model_gaussian_kernel=64_sigma=2.log:test PSNR: 29.356064550523907
INFO:logs/DIP_log_model_gaussian_kernel=64_sigma=2.log:train PSNR: 29.57155830663588
INFO:logs/DIP_log_model_gaussian_kernel=64_sigma=2.log:test PSNR: 29.35752000537265
INFO:logs/DIP_log_model_gaussian_kernel=64_sigma=2.log:train PSNR: 29.798077396812193
INFO:logs/DIP_log_model_gaussian_kernel=64_sigma=2.log:test PSNR: 29.360063308177534
INFO:logs/DIP_log_model_gaussian_kernel=64_sigma=2.log:train PSNR: 30.175255696796977
INFO:logs/DIP_log_model_gaussian_kernel=64_sigma=2.log:test PSNR: 29.359898314479043
INFO:logs/DIP_log_model_gaussian_kernel=64_sigma=2.log:train PSNR: 30.10492148953597
INFO:logs/DIP_log_model_gaussian_kernel=64_sigma=2.log:test PSNR: 29.351832706578197
INFO:logs/DIP_log_model_gaussian_kernel=64_sigma=2.log:train PSNR: 29.939763506305635
INFO:logs/DIP_log_model_gaussian_kernel=64_sigma=2.log:test PSNR: 29.36356793324699
INFO:logs/DIP_log_model_gaussian_kernel=64_sigma=2.log:train PSNR: 29.953325868913183
INFO:logs/DIP_log_model_gaussian_kernel=64_sigma=2.log:test PSNR: 29.36117712986372
INFO:logs/DIP_log_model_gaussian_kernel=64_sigma=2.log:train PSNR: 30.04045378816133
INFO:logs/DIP_log_model_gaussian_kernel=64_sigma=2.log:test PSNR: 29.356487621656633
INFO:logs/DIP_log_model_gaussian_kernel=64_sigma=2.log:train PSNR: 30.057587469157458
INFO:logs/DIP_log_model_gaussian_kernel=64_sigma=2.log:test PSNR: 29.360513170476327
INFO:logs/DIP_log_model_gaussian_kernel=64_sigma=2.log:train PSNR: 30.003881041230343
INFO:logs/DIP_log_model_gaussian_kernel=64_sigma=2.log:test PSNR: 29.35876664171783
INFO:logs/DIP_log_model_gaussian_kernel=64_sigma=2.log:train PSNR: 29.87536102697783
INFO:logs/DIP_log_model_gaussian_kernel=64_sigma=2.log:test PSNR: 29.35363256528187
INFO:logs/DIP_log_model_gaussian_kernel=64_sigma=2.log:train PSNR: 29.949359724705953
INFO:logs/DIP_log_model_gaussian_kernel=64_sigma=2.log:test PSNR: 29.35507980284901
INFO:logs/DIP_log_model_gaussian_kernel=64_sigma=2.log:train PSNR: 30.022610162635857
INFO:logs/DIP_log_model_gaussian_kernel=64_sigma=2.log:test PSNR: 29.35069788516277
INFO:logs/DIP_log_model_gaussian_kernel=64_sigma=2.log:train PSNR: 29.735519113484305
INFO:logs/DIP_log_model_gaussian_kernel=64_sigma=2.log:test PSNR: 29.357868726932246
INFO:logs/DIP_log_model_gaussian_kernel=64_sigma=2.log:train PSNR: 29.830063653886448
INFO:logs/DIP_log_model_gaussian_kernel=64_sigma=2.log:test PSNR: 29.356084532199976
INFO:logs/DIP_log_model_gaussian_kernel=64_sigma=2.log:train PSNR: 30.0631159251464
INFO:logs/DIP_log_model_gaussian_kernel=64_sigma=2.log:test PSNR: 29.357085648800936
INFO:logs/DIP_log_model_gaussian_kernel=64_sigma=2.log:train PSNR: 29.96521944526423
INFO:logs/DIP_log_model_gaussian_kernel=64_sigma=2.log:test PSNR: 29.35912864905682
INFO:logs/DIP_log_model_gaussian_kernel=64_sigma=2.log:train PSNR: 29.97780443041893
INFO:logs/DIP_log_model_gaussian_kernel=64_sigma=2.log:test PSNR: 29.357001855148894
INFO:logs/DIP_log_model_gaussian_kernel=64_sigma=2.log:train PSNR: 29.666894288308953
INFO:logs/DIP_log_model_gaussian_kernel=64_sigma=2.log:test PSNR: 29.35644654950386
INFO:logs/DIP_log_model_gaussian_kernel=64_sigma=2.log:train PSNR: 30.133085778942714
INFO:logs/DIP_log_model_gaussian_kernel=64_sigma=2.log:test PSNR: 29.355372296707525
INFO:logs/DIP_log_model_gaussian_kernel=64_sigma=2.log:train PSNR: 30.082114765536033
INFO:logs/DIP_log_model_gaussian_kernel=64_sigma=2.log:test PSNR: 29.35493891119441
INFO:logs/DIP_log_model_gaussian_kernel=64_sigma=2.log:train PSNR: 30.13131681124039
INFO:logs/DIP_log_model_gaussian_kernel=64_sigma=2.log:test PSNR: 29.362915281034837
INFO:logs/DIP_log_model_gaussian_kernel=64_sigma=2.log:train PSNR: 30.1821156485125
INFO:logs/DIP_log_model_gaussian_kernel=64_sigma=2.log:test PSNR: 29.356424578315476
INFO:logs/DIP_log_model_gaussian_kernel=64_sigma=2.log:train PSNR: 30.1098483713636
INFO:logs/DIP_log_model_gaussian_kernel=64_sigma=2.log:test PSNR: 29.355213649534633
INFO:logs/DIP_log_model_gaussian_kernel=64_sigma=2.log:train PSNR: 29.983400333239032
INFO:logs/DIP_log_model_gaussian_kernel=64_sigma=2.log:test PSNR: 29.355571725541438
INFO:logs/DIP_log_model_gaussian_kernel=64_sigma=2.log:train PSNR: 29.905651345381457
INFO:logs/DIP_log_model_gaussian_kernel=64_sigma=2.log:test PSNR: 29.35461908902788
INFO:logs/DIP_log_model_gaussian_kernel=64_sigma=2.log:train PSNR: 29.820107580902075
INFO:logs/DIP_log_model_gaussian_kernel=64_sigma=2.log:test PSNR: 29.357579553325635
INFO:logs/DIP_log_model_gaussian_kernel=64_sigma=2.log:train PSNR: 29.852343370782034
INFO:logs/DIP_log_model_gaussian_kernel=64_sigma=2.log:test PSNR: 29.358080104411606
INFO:logs/DIP_log_model_gaussian_kernel=64_sigma=2.log:train PSNR: 29.923932779055313
INFO:logs/DIP_log_model_gaussian_kernel=64_sigma=2.log:test PSNR: 29.359731896333177
INFO:logs/DIP_log_model_gaussian_kernel=64_sigma=2.log:train PSNR: 29.750471055443136
INFO:logs/DIP_log_model_gaussian_kernel=64_sigma=2.log:test PSNR: 29.360625012337305
INFO:logs/DIP_log_model_gaussian_kernel=64_sigma=2.log:train PSNR: 30.228580192868293
INFO:logs/DIP_log_model_gaussian_kernel=64_sigma=2.log:test PSNR: 29.359612429731186
INFO:logs/DIP_log_model_gaussian_kernel=64_sigma=2.log:train PSNR: 30.342431114555232
INFO:logs/DIP_log_model_gaussian_kernel=64_sigma=2.log:test PSNR: 29.35698437284145
INFO:logs/DIP_log_model_gaussian_kernel=64_sigma=2.log:train PSNR: 29.99802192803661
INFO:logs/DIP_log_model_gaussian_kernel=64_sigma=2.log:test PSNR: 29.35746879039053
INFO:logs/DIP_log_model_gaussian_kernel=64_sigma=2.log:train PSNR: 30.033046459681817
INFO:logs/DIP_log_model_gaussian_kernel=64_sigma=2.log:test PSNR: 29.35723073600775
INFO:logs/DIP_log_model_gaussian_kernel=64_sigma=2.log:train PSNR: 29.892564968087235
INFO:logs/DIP_log_model_gaussian_kernel=64_sigma=2.log:test PSNR: 29.358512734478428
INFO:logs/DIP_log_model_gaussian_kernel=64_sigma=2.log:train PSNR: 30.111065266825754
INFO:logs/DIP_log_model_gaussian_kernel=64_sigma=2.log:test PSNR: 29.356861011172878
INFO:logs/DIP_log_model_gaussian_kernel=64_sigma=2.log:train PSNR: 29.915585286192023
INFO:logs/DIP_log_model_gaussian_kernel=64_sigma=2.log:test PSNR: 29.357965494391856
INFO:logs/DIP_log_model_gaussian_kernel=64_sigma=2.log:train PSNR: 29.807842705475473
INFO:logs/DIP_log_model_gaussian_kernel=64_sigma=2.log:test PSNR: 29.35743147986987
INFO:logs/DIP_log_model_gaussian_kernel=64_sigma=2.log:train PSNR: 29.910124501271287
INFO:logs/DIP_log_model_gaussian_kernel=64_sigma=2.log:test PSNR: 29.357318403350078
INFO:logs/DIP_log_model_gaussian_kernel=64_sigma=2.log:train PSNR: 29.885333510678393
INFO:logs/DIP_log_model_gaussian_kernel=64_sigma=2.log:test PSNR: 29.358221689367983
INFO:logs/DIP_log_model_gaussian_kernel=64_sigma=2.log:train PSNR: 30.108202799533217
INFO:logs/DIP_log_model_gaussian_kernel=64_sigma=2.log:test PSNR: 29.360327585766676
INFO:logs/DIP_log_model_gaussian_kernel=64_sigma=2.log:train PSNR: 29.700936186250555
INFO:logs/DIP_log_model_gaussian_kernel=64_sigma=2.log:test PSNR: 29.360611717636385
INFO:logs/DIP_log_model_gaussian_kernel=64_sigma=2.log:train PSNR: 30.090924537930736
INFO:logs/DIP_log_model_gaussian_kernel=64_sigma=2.log:test PSNR: 29.360939570784833
INFO:logs/DIP_log_model_gaussian_kernel=64_sigma=2.log:train PSNR: 30.015066772885927
INFO:logs/DIP_log_model_gaussian_kernel=64_sigma=2.log:test PSNR: 29.361436537884575
INFO:logs/DIP_log_model_gaussian_kernel=64_sigma=2.log:train PSNR: 29.87955649449652
INFO:logs/DIP_log_model_gaussian_kernel=64_sigma=2.log:test PSNR: 29.36270886774159
INFO:logs/DIP_log_model_gaussian_kernel=64_sigma=2.log:train PSNR: 29.99891598358456
INFO:logs/DIP_log_model_gaussian_kernel=64_sigma=2.log:test PSNR: 29.360101995996867
INFO:logs/DIP_log_model_gaussian_kernel=64_sigma=2.log:train PSNR: 30.127483566435455
INFO:logs/DIP_log_model_gaussian_kernel=64_sigma=2.log:test PSNR: 29.36072364382112
INFO:logs/DIP_log_model_gaussian_kernel=64_sigma=2.log:train PSNR: 29.982028085730718
INFO:logs/DIP_log_model_gaussian_kernel=64_sigma=2.log:test PSNR: 29.359208327130037
INFO:logs/DIP_log_model_gaussian_kernel=64_sigma=2.log:train PSNR: 29.80017263953975
INFO:logs/DIP_log_model_gaussian_kernel=64_sigma=2.log:test PSNR: 29.358331586029948
INFO:logs/DIP_log_model_gaussian_kernel=64_sigma=2.log:train PSNR: 30.129842105460764
INFO:logs/DIP_log_model_gaussian_kernel=64_sigma=2.log:test PSNR: 29.35923069888011
INFO:logs/DIP_log_model_gaussian_kernel=64_sigma=2.log:train PSNR: 29.807344517265705
INFO:logs/DIP_log_model_gaussian_kernel=64_sigma=2.log:test PSNR: 29.360309704676776
INFO:logs/DIP_log_model_gaussian_kernel=64_sigma=2.log:train PSNR: 30.01611392781457
INFO:logs/DIP_log_model_gaussian_kernel=64_sigma=2.log:test PSNR: 29.35989473730262
INFO:logs/DIP_log_model_gaussian_kernel=64_sigma=2.log:train PSNR: 30.121933423938245
INFO:logs/DIP_log_model_gaussian_kernel=64_sigma=2.log:test PSNR: 29.359254585268232
INFO:logs/DIP_log_model_gaussian_kernel=64_sigma=2.log:train PSNR: 29.91442086949966
INFO:logs/DIP_log_model_gaussian_kernel=64_sigma=2.log:test PSNR: 29.360566377980586
INFO:logs/DIP_log_model_gaussian_kernel=64_sigma=2.log:train PSNR: 30.07910007170527
INFO:logs/DIP_log_model_gaussian_kernel=64_sigma=2.log:test PSNR: 29.360422144402555
INFO:logs/DIP_log_model_gaussian_kernel=64_sigma=2.log:train PSNR: 29.885426065817132
INFO:logs/DIP_log_model_gaussian_kernel=64_sigma=2.log:test PSNR: 29.360916737379544
INFO:logs/DIP_log_model_gaussian_kernel=64_sigma=2.log:train PSNR: 30.101049356597226
INFO:logs/DIP_log_model_gaussian_kernel=64_sigma=2.log:test PSNR: 29.359989665302113
INFO:logs/DIP_log_model_gaussian_kernel=64_sigma=2.log:train PSNR: 30.019316240864132
INFO:logs/DIP_log_model_gaussian_kernel=64_sigma=2.log:test PSNR: 29.359504479620256
INFO:logs/DIP_log_model_gaussian_kernel=64_sigma=2.log:train PSNR: 29.98505249765629
INFO:logs/DIP_log_model_gaussian_kernel=64_sigma=2.log:test PSNR: 29.35939075695491
INFO:logs/DIP_log_model_gaussian_kernel=64_sigma=2.log:train PSNR: 29.749025401086385
INFO:logs/DIP_log_model_gaussian_kernel=64_sigma=2.log:test PSNR: 29.35817207568013
INFO:logs/DIP_log_model_gaussian_kernel=64_sigma=2.log:train PSNR: 30.008284826968502
INFO:logs/DIP_log_model_gaussian_kernel=64_sigma=2.log:test PSNR: 29.358561695906406
INFO:logs/DIP_log_model_gaussian_kernel=64_sigma=2.log:train PSNR: 30.001673753061425
INFO:logs/DIP_log_model_gaussian_kernel=64_sigma=2.log:test PSNR: 29.358611046171877
INFO:logs/DIP_log_model_gaussian_kernel=64_sigma=2.log:train PSNR: 29.99980013741104
INFO:logs/DIP_log_model_gaussian_kernel=64_sigma=2.log:test PSNR: 29.359724057956466
INFO:logs/DIP_log_model_gaussian_kernel=64_sigma=2.log:train PSNR: 30.087370801522884
INFO:logs/DIP_log_model_gaussian_kernel=64_sigma=2.log:test PSNR: 29.358871509060094
INFO:logs/DIP_log_model_gaussian_kernel=64_sigma=2.log:train PSNR: 29.87342073247512
INFO:logs/DIP_log_model_gaussian_kernel=64_sigma=2.log:test PSNR: 29.359528126500237
INFO:logs/DIP_log_model_gaussian_kernel=64_sigma=2.log:train PSNR: 29.879349769283582
INFO:logs/DIP_log_model_gaussian_kernel=64_sigma=2.log:test PSNR: 29.359391880498634
INFO:logs/DIP_log_model_gaussian_kernel=64_sigma=2.log:train PSNR: 30.016549683261253
INFO:logs/DIP_log_model_gaussian_kernel=64_sigma=2.log:test PSNR: 29.358636475044488
INFO:logs/DIP_log_model_gaussian_kernel=64_sigma=2.log:train PSNR: 30.020099417532595
INFO:logs/DIP_log_model_gaussian_kernel=64_sigma=2.log:test PSNR: 29.358912535122016
INFO:logs/DIP_log_model_gaussian_kernel=64_sigma=2.log:train PSNR: 29.75757120398841
INFO:logs/DIP_log_model_gaussian_kernel=64_sigma=2.log:test PSNR: 29.35847893607977
INFO:logs/DIP_log_model_gaussian_kernel=64_sigma=2.log:train PSNR: 30.020869655811246
INFO:logs/DIP_log_model_gaussian_kernel=64_sigma=2.log:test PSNR: 29.359173304688948
INFO:logs/DIP_log_model_gaussian_kernel=64_sigma=2.log:train PSNR: 30.118444090288683
INFO:logs/DIP_log_model_gaussian_kernel=64_sigma=2.log:test PSNR: 29.360318338529705
INFO:logs/DIP_log_model_gaussian_kernel=64_sigma=2.log:train PSNR: 29.78112826294925
INFO:logs/DIP_log_model_gaussian_kernel=64_sigma=2.log:test PSNR: 29.360445620715275
INFO:logs/DIP_log_model_gaussian_kernel=64_sigma=2.log:train PSNR: 29.922094678207106
INFO:logs/DIP_log_model_gaussian_kernel=64_sigma=2.log:test PSNR: 29.35994935853884
INFO:logs/DIP_log_model_gaussian_kernel=64_sigma=2.log:train PSNR: 30.031793101674435
INFO:logs/DIP_log_model_gaussian_kernel=64_sigma=2.log:test PSNR: 29.359322629299676
INFO:logs/DIP_log_model_gaussian_kernel=64_sigma=2.log:train PSNR: 30.074258992376215
INFO:logs/DIP_log_model_gaussian_kernel=64_sigma=2.log:test PSNR: 29.360116076510753
INFO:logs/DIP_log_model_gaussian_kernel=64_sigma=2.log:train PSNR: 29.708174206090412
INFO:logs/DIP_log_model_gaussian_kernel=64_sigma=2.log:test PSNR: 29.360207481042284
INFO:logs/DIP_log_model_gaussian_kernel=64_sigma=2.log:train PSNR: 30.12710171845262
INFO:logs/DIP_log_model_gaussian_kernel=64_sigma=2.log:test PSNR: 29.3610186735336
INFO:logs/DIP_log_model_gaussian_kernel=64_sigma=2.log:train PSNR: 29.81090180622726
INFO:logs/DIP_log_model_gaussian_kernel=64_sigma=2.log:test PSNR: 29.361052674396237
INFO:logs/DIP_log_model_gaussian_kernel=64_sigma=2.log:train PSNR: 30.083216582277842
INFO:logs/DIP_log_model_gaussian_kernel=64_sigma=2.log:test PSNR: 29.36068188909232
INFO:logs/DIP_log_model_gaussian_kernel=64_sigma=2.log:train PSNR: 29.81881178002506
INFO:logs/DIP_log_model_gaussian_kernel=64_sigma=2.log:test PSNR: 29.36048593044009
INFO:logs/DIP_log_model_gaussian_kernel=64_sigma=2.log:train PSNR: 29.690989141465582
INFO:logs/DIP_log_model_gaussian_kernel=64_sigma=2.log:test PSNR: 29.36036394345667
INFO:logs/DIP_log_model_gaussian_kernel=64_sigma=2.log:train PSNR: 30.09833966762391
INFO:logs/DIP_log_model_gaussian_kernel=64_sigma=2.log:test PSNR: 29.36038607031935
INFO:logs/DIP_log_model_gaussian_kernel=64_sigma=2.log:train PSNR: 30.064266969332046
INFO:logs/DIP_log_model_gaussian_kernel=64_sigma=2.log:test PSNR: 29.360384370833497
INFO:logs/DIP_log_model_gaussian_kernel=64_sigma=2.log:train PSNR: 29.849130937257385
INFO:logs/DIP_log_model_gaussian_kernel=64_sigma=2.log:test PSNR: 29.36072687219649
INFO:logs/DIP_log_model_gaussian_kernel=64_sigma=2.log:train PSNR: 29.866983933820737
INFO:logs/DIP_log_model_gaussian_kernel=64_sigma=2.log:test PSNR: 29.360554176045973
INFO:logs/DIP_log_model_gaussian_kernel=64_sigma=2.log:train PSNR: 30.233160244383374
INFO:logs/DIP_log_model_gaussian_kernel=64_sigma=2.log:test PSNR: 29.360570278166108
INFO:logs/DIP_log_model_gaussian_kernel=64_sigma=2.log:train PSNR: 30.078217504011736
INFO:logs/DIP_log_model_gaussian_kernel=64_sigma=2.log:test PSNR: 29.360528385754098
INFO:logs/DIP_log_model_gaussian_kernel=64_sigma=2.log:train PSNR: 30.222995082092982
INFO:logs/DIP_log_model_gaussian_kernel=64_sigma=2.log:test PSNR: 29.360034516749987
INFO:logs/DIP_log_model_gaussian_kernel=64_sigma=2.log:train PSNR: 30.157106927460173
INFO:logs/DIP_log_model_gaussian_kernel=64_sigma=2.log:test PSNR: 29.360566173612337
INFO:logs/DIP_log_model_gaussian_kernel=64_sigma=2.log:train PSNR: 29.985501415426576
INFO:logs/DIP_log_model_gaussian_kernel=64_sigma=2.log:test PSNR: 29.36046062026212
INFO:logs/DIP_log_model_gaussian_kernel=64_sigma=2.log:train PSNR: 29.882456083555986
INFO:logs/DIP_log_model_gaussian_kernel=64_sigma=2.log:test PSNR: 29.359911086363223
INFO:logs/DIP_log_model_gaussian_kernel=64_sigma=2.log:train PSNR: 30.065288607602053
INFO:logs/DIP_log_model_gaussian_kernel=64_sigma=2.log:test PSNR: 29.360290613726544
INFO:logs/DIP_log_model_gaussian_kernel=64_sigma=2.log:train PSNR: 29.863783624426702
INFO:logs/DIP_log_model_gaussian_kernel=64_sigma=2.log:test PSNR: 29.359704761212036
INFO:logs/DIP_log_model_gaussian_kernel=64_sigma=2.log:train PSNR: 29.895920183724304
INFO:logs/DIP_log_model_gaussian_kernel=64_sigma=2.log:test PSNR: 29.35993522131525
INFO:logs/DIP_log_model_gaussian_kernel=64_sigma=2.log:train PSNR: 29.99710863540765
INFO:logs/DIP_log_model_gaussian_kernel=64_sigma=2.log:test PSNR: 29.35981118343281
INFO:logs/DIP_log_model_gaussian_kernel=64_sigma=2.log:train PSNR: 30.304013388148707
INFO:logs/DIP_log_model_gaussian_kernel=64_sigma=2.log:test PSNR: 29.359998170859917
INFO:logs/DIP_log_model_gaussian_kernel=64_sigma=2.log:train PSNR: 30.111196671044816
INFO:logs/DIP_log_model_gaussian_kernel=64_sigma=2.log:test PSNR: 29.359365084223448
INFO:logs/DIP_log_model_gaussian_kernel=64_sigma=2.log:train PSNR: 29.941058371353233
INFO:logs/DIP_log_model_gaussian_kernel=64_sigma=2.log:test PSNR: 29.3596804030387
INFO:logs/DIP_log_model_gaussian_kernel=64_sigma=2.log:train PSNR: 29.680322068274513
INFO:logs/DIP_log_model_gaussian_kernel=64_sigma=2.log:test PSNR: 29.359656860071627
INFO:logs/DIP_log_model_gaussian_kernel=64_sigma=2.log:train PSNR: 30.050314306016546
INFO:logs/DIP_log_model_gaussian_kernel=64_sigma=2.log:test PSNR: 29.35906766171982
