INFO:logs/DIP_log_model_sinc_kernel=64.log_model:first model = 
ConvLista_T(
  (apply_A): ConvTranspose2d(175, 1, kernel_size=(11, 11), stride=(8, 8), bias=False)
  (apply_B): Conv2d(1, 175, kernel_size=(11, 11), stride=(8, 8), bias=False)
  (apply_C): Sequential(
    (0): ConvTranspose2d(175, 1, kernel_size=(11, 11), stride=(8, 8))
  )
  (soft_threshold): SoftThreshold()
)

INFO:logs/DIP_log_model_sinc_kernel=64.log_model:config_dict = {'uuid': 'DIP_project_sinc_kernel=64', 'kernel_size': 11, 'stride': 8, 'num_filters': 175, 'lr': 0.0002, 'unfoldings': 12, 'lr_decay': 0.35, 'patch_size': 128, 'num_epochs': 250, 'lr_step': 50, 'eps': 0.001, 'threshold': 0.01, 'noise_std': 0.09803921568627451, 'sinc_size': 64}

INFO:logs/DIP_log_model_sinc_kernel=64.log:Training model...
INFO:logs/DIP_log_model_sinc_kernel=64.log:train PSNR: 28.643140068389087
INFO:logs/DIP_log_model_sinc_kernel=64.log:test PSNR: 28.565273106666247
INFO:logs/DIP_log_model_sinc_kernel=64.log:train PSNR: 29.460535184416667
INFO:logs/DIP_log_model_sinc_kernel=64.log:test PSNR: 29.62995510244812
INFO:logs/DIP_log_model_sinc_kernel=64.log:train PSNR: 29.846420672364516
INFO:logs/DIP_log_model_sinc_kernel=64.log:test PSNR: 29.914585934134067
INFO:logs/DIP_log_model_sinc_kernel=64.log:train PSNR: 29.813625364241485
INFO:logs/DIP_log_model_sinc_kernel=64.log:test PSNR: 30.019489929536345
INFO:logs/DIP_log_model_sinc_kernel=64.log:train PSNR: 30.34806906089313
INFO:logs/DIP_log_model_sinc_kernel=64.log:test PSNR: 30.148777166289225
INFO:logs/DIP_log_model_sinc_kernel=64.log:train PSNR: 30.392194818147917
INFO:logs/DIP_log_model_sinc_kernel=64.log:test PSNR: 30.28236344477429
INFO:logs/DIP_log_model_sinc_kernel=64.log:train PSNR: 30.33539091343311
INFO:logs/DIP_log_model_sinc_kernel=64.log:test PSNR: 30.351378521674004
INFO:logs/DIP_log_model_sinc_kernel=64.log:train PSNR: 30.623726989903847
INFO:logs/DIP_log_model_sinc_kernel=64.log:test PSNR: 30.51498586521775
INFO:logs/DIP_log_model_sinc_kernel=64.log:train PSNR: 30.507884046990984
INFO:logs/DIP_log_model_sinc_kernel=64.log:test PSNR: 30.600479576637888
INFO:logs/DIP_log_model_sinc_kernel=64.log:train PSNR: 30.941843759197667
INFO:logs/DIP_log_model_sinc_kernel=64.log:test PSNR: 30.68834344504492
INFO:logs/DIP_log_model_sinc_kernel=64.log:train PSNR: 30.78366379420996
INFO:logs/DIP_log_model_sinc_kernel=64.log:test PSNR: 30.71801013663036
INFO:logs/DIP_log_model_sinc_kernel=64.log:train PSNR: 30.838211614690294
INFO:logs/DIP_log_model_sinc_kernel=64.log:test PSNR: 30.90374371929144
INFO:logs/DIP_log_model_sinc_kernel=64.log:train PSNR: 30.92896183578212
INFO:logs/DIP_log_model_sinc_kernel=64.log:test PSNR: 31.078160406219716
INFO:logs/DIP_log_model_sinc_kernel=64.log:train PSNR: 31.198160072329895
INFO:logs/DIP_log_model_sinc_kernel=64.log:test PSNR: 31.10680843078347
INFO:logs/DIP_log_model_sinc_kernel=64.log:train PSNR: 31.51313859052035
INFO:logs/DIP_log_model_sinc_kernel=64.log:test PSNR: 30.330542603601984
INFO:logs/DIP_log_model_sinc_kernel=64.log:train PSNR: 31.40126699303702
INFO:logs/DIP_log_model_sinc_kernel=64.log:test PSNR: 31.00897389977234
INFO:logs/DIP_log_model_sinc_kernel=64.log:train PSNR: 31.449185212826357
INFO:logs/DIP_log_model_sinc_kernel=64.log:test PSNR: 31.56481053903129
INFO:logs/DIP_log_model_sinc_kernel=64.log:train PSNR: 31.622899340403215
INFO:logs/DIP_log_model_sinc_kernel=64.log:test PSNR: 31.688437041563287
INFO:logs/DIP_log_model_sinc_kernel=64.log:train PSNR: 31.32350163741579
INFO:logs/DIP_log_model_sinc_kernel=64.log:test PSNR: 28.46098544824841
INFO:logs/DIP_log_model_sinc_kernel=64.log:train PSNR: 31.74799195421865
INFO:logs/DIP_log_model_sinc_kernel=64.log:test PSNR: 31.79901225901083
INFO:logs/DIP_log_model_sinc_kernel=64.log:train PSNR: 32.04108420181775
INFO:logs/DIP_log_model_sinc_kernel=64.log:test PSNR: 32.0227231394704
INFO:logs/DIP_log_model_sinc_kernel=64.log:train PSNR: 32.15261732201058
INFO:logs/DIP_log_model_sinc_kernel=64.log:test PSNR: 32.09987866273085
INFO:logs/DIP_log_model_sinc_kernel=64.log:train PSNR: 32.24255207390027
INFO:logs/DIP_log_model_sinc_kernel=64.log:test PSNR: 32.24773043825388
INFO:logs/DIP_log_model_sinc_kernel=64.log:train PSNR: 32.3705719871883
INFO:logs/DIP_log_model_sinc_kernel=64.log:test PSNR: 32.369015979686786
INFO:logs/DIP_log_model_sinc_kernel=64.log:train PSNR: 32.37418666899803
INFO:logs/DIP_log_model_sinc_kernel=64.log:test PSNR: 32.55294278550919
INFO:logs/DIP_log_model_sinc_kernel=64.log:train PSNR: 32.35645452276741
INFO:logs/DIP_log_model_sinc_kernel=64.log:test PSNR: 32.599199048174
INFO:logs/DIP_log_model_sinc_kernel=64.log:train PSNR: 32.23785611222021
INFO:logs/DIP_log_model_sinc_kernel=64.log:test PSNR: 32.654088690040986
INFO:logs/DIP_log_model_sinc_kernel=64.log:train PSNR: 32.66455552596125
INFO:logs/DIP_log_model_sinc_kernel=64.log:test PSNR: 32.69566879080629
INFO:logs/DIP_log_model_sinc_kernel=64.log:train PSNR: 32.19667959364701
INFO:logs/DIP_log_model_sinc_kernel=64.log:test PSNR: 32.70821606945796
INFO:logs/DIP_log_model_sinc_kernel=64.log:train PSNR: 32.25370186438457
INFO:logs/DIP_log_model_sinc_kernel=64.log:test PSNR: 32.78201091818078
INFO:logs/DIP_log_model_sinc_kernel=64.log:train PSNR: 32.58509936735373
INFO:logs/DIP_log_model_sinc_kernel=64.log:test PSNR: 32.81328109602705
INFO:logs/DIP_log_model_sinc_kernel=64.log:train PSNR: 32.75796535369613
INFO:logs/DIP_log_model_sinc_kernel=64.log:test PSNR: 32.86669739342001
INFO:logs/DIP_log_model_sinc_kernel=64.log:train PSNR: 32.87968742001062
INFO:logs/DIP_log_model_sinc_kernel=64.log:test PSNR: 32.8527932276963
INFO:logs/DIP_log_model_sinc_kernel=64.log:train PSNR: 32.62618547448113
INFO:logs/DIP_log_model_sinc_kernel=64.log:test PSNR: 32.90378772821593
INFO:logs/DIP_log_model_sinc_kernel=64.log:train PSNR: 32.80002231764754
INFO:logs/DIP_log_model_sinc_kernel=64.log:test PSNR: 32.965895377909256
INFO:logs/DIP_log_model_sinc_kernel=64.log:train PSNR: 33.05167532326576
INFO:logs/DIP_log_model_sinc_kernel=64.log:test PSNR: 32.957583912895444
INFO:logs/DIP_log_model_sinc_kernel=64.log:train PSNR: 32.72107299279951
INFO:logs/DIP_log_model_sinc_kernel=64.log:test PSNR: 33.04074866081444
INFO:logs/DIP_log_model_sinc_kernel=64.log:train PSNR: 32.57572138790422
INFO:logs/DIP_log_model_sinc_kernel=64.log:test PSNR: 33.07818417685331
INFO:logs/DIP_log_model_sinc_kernel=64.log:train PSNR: 32.84901073025502
INFO:logs/DIP_log_model_sinc_kernel=64.log:test PSNR: 33.05328857631644
INFO:logs/DIP_log_model_sinc_kernel=64.log:train PSNR: 33.186350835344356
INFO:logs/DIP_log_model_sinc_kernel=64.log:test PSNR: 33.137481326532836
INFO:logs/DIP_log_model_sinc_kernel=64.log:train PSNR: 32.65463416326637
INFO:logs/DIP_log_model_sinc_kernel=64.log:test PSNR: 33.06364893708892
INFO:logs/DIP_log_model_sinc_kernel=64.log:train PSNR: 32.99295659484713
INFO:logs/DIP_log_model_sinc_kernel=64.log:test PSNR: 33.202631971041605
INFO:logs/DIP_log_model_sinc_kernel=64.log:train PSNR: 32.975606721278446
INFO:logs/DIP_log_model_sinc_kernel=64.log:test PSNR: 33.2101650403309
INFO:logs/DIP_log_model_sinc_kernel=64.log:train PSNR: 32.972156964827896
INFO:logs/DIP_log_model_sinc_kernel=64.log:test PSNR: 33.19465401299139
INFO:logs/DIP_log_model_sinc_kernel=64.log:train PSNR: 32.91265764636044
INFO:logs/DIP_log_model_sinc_kernel=64.log:test PSNR: 33.23582989142768
INFO:logs/DIP_log_model_sinc_kernel=64.log:train PSNR: 32.92676986851267
INFO:logs/DIP_log_model_sinc_kernel=64.log:test PSNR: 33.30304330526022
INFO:logs/DIP_log_model_sinc_kernel=64.log:train PSNR: 32.98974265080366
INFO:logs/DIP_log_model_sinc_kernel=64.log:test PSNR: 33.32735421442871
INFO:logs/DIP_log_model_sinc_kernel=64.log:train PSNR: 33.032868780533796
INFO:logs/DIP_log_model_sinc_kernel=64.log:test PSNR: 33.283497520029236
INFO:logs/DIP_log_model_sinc_kernel=64.log:train PSNR: 32.68830150311299
INFO:logs/DIP_log_model_sinc_kernel=64.log:test PSNR: 33.327399049542755
INFO:logs/DIP_log_model_sinc_kernel=64.log:train PSNR: 33.09194547428207
INFO:logs/DIP_log_model_sinc_kernel=64.log:test PSNR: 33.348072766976685
INFO:logs/DIP_log_model_sinc_kernel=64.log:train PSNR: 33.24935897062613
INFO:logs/DIP_log_model_sinc_kernel=64.log:test PSNR: 33.3976542949052
INFO:logs/DIP_log_model_sinc_kernel=64.log:train PSNR: 33.15123867311807
INFO:logs/DIP_log_model_sinc_kernel=64.log:test PSNR: 33.427748478472864
INFO:logs/DIP_log_model_sinc_kernel=64.log:train PSNR: 33.29360192497503
INFO:logs/DIP_log_model_sinc_kernel=64.log:test PSNR: 33.43449556366026
INFO:logs/DIP_log_model_sinc_kernel=64.log:train PSNR: 33.16630028976427
INFO:logs/DIP_log_model_sinc_kernel=64.log:test PSNR: 33.45030407338798
INFO:logs/DIP_log_model_sinc_kernel=64.log:train PSNR: 33.182792453759426
INFO:logs/DIP_log_model_sinc_kernel=64.log:test PSNR: 33.4547308528109
INFO:logs/DIP_log_model_sinc_kernel=64.log:train PSNR: 33.252207789913854
INFO:logs/DIP_log_model_sinc_kernel=64.log:test PSNR: 33.454545186534716
INFO:logs/DIP_log_model_sinc_kernel=64.log:train PSNR: 33.03671409458051
INFO:logs/DIP_log_model_sinc_kernel=64.log:test PSNR: 33.433370847454576
INFO:logs/DIP_log_model_sinc_kernel=64.log:train PSNR: 33.24985056030497
INFO:logs/DIP_log_model_sinc_kernel=64.log:test PSNR: 33.49057526282237
INFO:logs/DIP_log_model_sinc_kernel=64.log:train PSNR: 33.05430392581093
INFO:logs/DIP_log_model_sinc_kernel=64.log:test PSNR: 33.455612257062114
INFO:logs/DIP_log_model_sinc_kernel=64.log:train PSNR: 33.28857098085523
INFO:logs/DIP_log_model_sinc_kernel=64.log:test PSNR: 33.49486161648464
INFO:logs/DIP_log_model_sinc_kernel=64.log:train PSNR: 33.05879272782444
INFO:logs/DIP_log_model_sinc_kernel=64.log:test PSNR: 33.50282672276514
INFO:logs/DIP_log_model_sinc_kernel=64.log:train PSNR: 33.236149914902015
INFO:logs/DIP_log_model_sinc_kernel=64.log:test PSNR: 33.4967126444552
INFO:logs/DIP_log_model_sinc_kernel=64.log:train PSNR: 33.10031914596515
INFO:logs/DIP_log_model_sinc_kernel=64.log:test PSNR: 33.50507646437844
INFO:logs/DIP_log_model_sinc_kernel=64.log:train PSNR: 33.30873765542452
INFO:logs/DIP_log_model_sinc_kernel=64.log:test PSNR: 33.53481117538933
INFO:logs/DIP_log_model_sinc_kernel=64.log:train PSNR: 33.23465968627059
INFO:logs/DIP_log_model_sinc_kernel=64.log:test PSNR: 33.53391429292784
INFO:logs/DIP_log_model_sinc_kernel=64.log:train PSNR: 33.373665477898015
INFO:logs/DIP_log_model_sinc_kernel=64.log:test PSNR: 33.53247666228584
INFO:logs/DIP_log_model_sinc_kernel=64.log:train PSNR: 33.342073625633404
INFO:logs/DIP_log_model_sinc_kernel=64.log:test PSNR: 33.52185526152571
INFO:logs/DIP_log_model_sinc_kernel=64.log:train PSNR: 33.27229832107396
INFO:logs/DIP_log_model_sinc_kernel=64.log:test PSNR: 33.568095485766094
INFO:logs/DIP_log_model_sinc_kernel=64.log:train PSNR: 33.25954108603387
INFO:logs/DIP_log_model_sinc_kernel=64.log:test PSNR: 33.56542325330468
INFO:logs/DIP_log_model_sinc_kernel=64.log:train PSNR: 33.09480876932779
INFO:logs/DIP_log_model_sinc_kernel=64.log:test PSNR: 33.56561066530941
INFO:logs/DIP_log_model_sinc_kernel=64.log:train PSNR: 33.5052284040467
INFO:logs/DIP_log_model_sinc_kernel=64.log:test PSNR: 33.56611661123344
INFO:logs/DIP_log_model_sinc_kernel=64.log:train PSNR: 33.52081596821163
INFO:logs/DIP_log_model_sinc_kernel=64.log:test PSNR: 33.593805340643485
INFO:logs/DIP_log_model_sinc_kernel=64.log:train PSNR: 33.44860204478993
INFO:logs/DIP_log_model_sinc_kernel=64.log:test PSNR: 33.57894905907028
INFO:logs/DIP_log_model_sinc_kernel=64.log:train PSNR: 33.090150302094834
INFO:logs/DIP_log_model_sinc_kernel=64.log:test PSNR: 33.60341176424123
INFO:logs/DIP_log_model_sinc_kernel=64.log:train PSNR: 33.30059512362
INFO:logs/DIP_log_model_sinc_kernel=64.log:test PSNR: 33.60810410742053
INFO:logs/DIP_log_model_sinc_kernel=64.log:train PSNR: 33.39990848571161
INFO:logs/DIP_log_model_sinc_kernel=64.log:test PSNR: 33.621748641506514
INFO:logs/DIP_log_model_sinc_kernel=64.log:train PSNR: 33.27712173846403
INFO:logs/DIP_log_model_sinc_kernel=64.log:test PSNR: 33.627153058925025
INFO:logs/DIP_log_model_sinc_kernel=64.log:train PSNR: 33.27957035256758
INFO:logs/DIP_log_model_sinc_kernel=64.log:test PSNR: 33.63070415019124
INFO:logs/DIP_log_model_sinc_kernel=64.log:train PSNR: 33.54344738079386
INFO:logs/DIP_log_model_sinc_kernel=64.log:test PSNR: 33.630749648291136
INFO:logs/DIP_log_model_sinc_kernel=64.log:train PSNR: 33.44834465469131
INFO:logs/DIP_log_model_sinc_kernel=64.log:test PSNR: 33.634624372942824
INFO:logs/DIP_log_model_sinc_kernel=64.log:train PSNR: 33.47668856112237
INFO:logs/DIP_log_model_sinc_kernel=64.log:test PSNR: 33.640109809724365
INFO:logs/DIP_log_model_sinc_kernel=64.log:train PSNR: 33.473148458204044
INFO:logs/DIP_log_model_sinc_kernel=64.log:test PSNR: 33.64538042994973
INFO:logs/DIP_log_model_sinc_kernel=64.log:train PSNR: 33.52233168612882
INFO:logs/DIP_log_model_sinc_kernel=64.log:test PSNR: 33.648550509297905
INFO:logs/DIP_log_model_sinc_kernel=64.log:train PSNR: 33.52645055617598
INFO:logs/DIP_log_model_sinc_kernel=64.log:test PSNR: 33.65035944904642
INFO:logs/DIP_log_model_sinc_kernel=64.log:train PSNR: 33.117544284895864
INFO:logs/DIP_log_model_sinc_kernel=64.log:test PSNR: 33.644997322573396
INFO:logs/DIP_log_model_sinc_kernel=64.log:train PSNR: 33.30616633042143
INFO:logs/DIP_log_model_sinc_kernel=64.log:test PSNR: 33.64870886721395
INFO:logs/DIP_log_model_sinc_kernel=64.log:train PSNR: 33.35089178015523
INFO:logs/DIP_log_model_sinc_kernel=64.log:test PSNR: 33.662126127859736
INFO:logs/DIP_log_model_sinc_kernel=64.log:train PSNR: 33.33946163727354
INFO:logs/DIP_log_model_sinc_kernel=64.log:test PSNR: 33.651031454396424
INFO:logs/DIP_log_model_sinc_kernel=64.log:train PSNR: 33.394157147850215
INFO:logs/DIP_log_model_sinc_kernel=64.log:test PSNR: 33.658063090231124
INFO:logs/DIP_log_model_sinc_kernel=64.log:train PSNR: 33.357880415409426
INFO:logs/DIP_log_model_sinc_kernel=64.log:test PSNR: 33.656470213309746
INFO:logs/DIP_log_model_sinc_kernel=64.log:train PSNR: 33.817795568573324
INFO:logs/DIP_log_model_sinc_kernel=64.log:test PSNR: 33.66611526466925
INFO:logs/DIP_log_model_sinc_kernel=64.log:train PSNR: 33.600020410537766
INFO:logs/DIP_log_model_sinc_kernel=64.log:test PSNR: 33.66709172296447
INFO:logs/DIP_log_model_sinc_kernel=64.log:train PSNR: 33.64412470924314
INFO:logs/DIP_log_model_sinc_kernel=64.log:test PSNR: 33.66561953149909
INFO:logs/DIP_log_model_sinc_kernel=64.log:train PSNR: 33.291238595366465
INFO:logs/DIP_log_model_sinc_kernel=64.log:test PSNR: 33.66952651067018
INFO:logs/DIP_log_model_sinc_kernel=64.log:train PSNR: 33.460371686167406
INFO:logs/DIP_log_model_sinc_kernel=64.log:test PSNR: 33.671785839462416
INFO:logs/DIP_log_model_sinc_kernel=64.log:train PSNR: 33.36794931041532
INFO:logs/DIP_log_model_sinc_kernel=64.log:test PSNR: 33.67515919374827
INFO:logs/DIP_log_model_sinc_kernel=64.log:train PSNR: 33.495103215326196
INFO:logs/DIP_log_model_sinc_kernel=64.log:test PSNR: 33.68019385932794
INFO:logs/DIP_log_model_sinc_kernel=64.log:train PSNR: 33.132445126465626
INFO:logs/DIP_log_model_sinc_kernel=64.log:test PSNR: 33.677900482071834
INFO:logs/DIP_log_model_sinc_kernel=64.log:train PSNR: 33.3021874190351
INFO:logs/DIP_log_model_sinc_kernel=64.log:test PSNR: 33.669596191562086
INFO:logs/DIP_log_model_sinc_kernel=64.log:train PSNR: 33.331774424382694
INFO:logs/DIP_log_model_sinc_kernel=64.log:test PSNR: 33.671928191074834
INFO:logs/DIP_log_model_sinc_kernel=64.log:train PSNR: 33.32648606821775
INFO:logs/DIP_log_model_sinc_kernel=64.log:test PSNR: 33.686808225070486
INFO:logs/DIP_log_model_sinc_kernel=64.log:train PSNR: 33.05852932629076
INFO:logs/DIP_log_model_sinc_kernel=64.log:test PSNR: 33.681287797850736
INFO:logs/DIP_log_model_sinc_kernel=64.log:train PSNR: 33.439758185170156
INFO:logs/DIP_log_model_sinc_kernel=64.log:test PSNR: 33.68813213301429
INFO:logs/DIP_log_model_sinc_kernel=64.log:train PSNR: 33.386986610042406
INFO:logs/DIP_log_model_sinc_kernel=64.log:test PSNR: 33.691317571216565
INFO:logs/DIP_log_model_sinc_kernel=64.log:train PSNR: 33.2960040897521
INFO:logs/DIP_log_model_sinc_kernel=64.log:test PSNR: 33.69488917312632
INFO:logs/DIP_log_model_sinc_kernel=64.log:train PSNR: 33.65280024135669
INFO:logs/DIP_log_model_sinc_kernel=64.log:test PSNR: 33.69398163288314
INFO:logs/DIP_log_model_sinc_kernel=64.log:train PSNR: 33.33260743897906
INFO:logs/DIP_log_model_sinc_kernel=64.log:test PSNR: 33.693115126364376
INFO:logs/DIP_log_model_sinc_kernel=64.log:train PSNR: 33.54555598561949
INFO:logs/DIP_log_model_sinc_kernel=64.log:test PSNR: 33.69754470117026
INFO:logs/DIP_log_model_sinc_kernel=64.log:train PSNR: 33.27931948687162
INFO:logs/DIP_log_model_sinc_kernel=64.log:test PSNR: 33.69640449625334
INFO:logs/DIP_log_model_sinc_kernel=64.log:train PSNR: 33.45339256841829
INFO:logs/DIP_log_model_sinc_kernel=64.log:test PSNR: 33.69958611421995
INFO:logs/DIP_log_model_sinc_kernel=64.log:train PSNR: 33.40601597220354
INFO:logs/DIP_log_model_sinc_kernel=64.log:test PSNR: 33.69923346757211
INFO:logs/DIP_log_model_sinc_kernel=64.log:train PSNR: 33.48937898133161
INFO:logs/DIP_log_model_sinc_kernel=64.log:test PSNR: 33.69828933997711
INFO:logs/DIP_log_model_sinc_kernel=64.log:train PSNR: 33.556335975434074
INFO:logs/DIP_log_model_sinc_kernel=64.log:test PSNR: 33.696527251127264
INFO:logs/DIP_log_model_sinc_kernel=64.log:train PSNR: 33.20520987570421
INFO:logs/DIP_log_model_sinc_kernel=64.log:test PSNR: 33.70427808615682
INFO:logs/DIP_log_model_sinc_kernel=64.log:train PSNR: 33.363549285152054
INFO:logs/DIP_log_model_sinc_kernel=64.log:test PSNR: 33.701445922582856
INFO:logs/DIP_log_model_sinc_kernel=64.log:train PSNR: 33.51429237058936
INFO:logs/DIP_log_model_sinc_kernel=64.log:test PSNR: 33.70185356730697
INFO:logs/DIP_log_model_sinc_kernel=64.log:train PSNR: 33.23452950059735
INFO:logs/DIP_log_model_sinc_kernel=64.log:test PSNR: 33.70319879602912
INFO:logs/DIP_log_model_sinc_kernel=64.log:train PSNR: 33.559493007299096
INFO:logs/DIP_log_model_sinc_kernel=64.log:test PSNR: 33.70142491412279
INFO:logs/DIP_log_model_sinc_kernel=64.log:train PSNR: 33.45803707636715
INFO:logs/DIP_log_model_sinc_kernel=64.log:test PSNR: 33.70554543410603
INFO:logs/DIP_log_model_sinc_kernel=64.log:train PSNR: 33.55819958733225
INFO:logs/DIP_log_model_sinc_kernel=64.log:test PSNR: 33.702517622342214
INFO:logs/DIP_log_model_sinc_kernel=64.log:train PSNR: 33.41812192884902
INFO:logs/DIP_log_model_sinc_kernel=64.log:test PSNR: 33.7057635547366
INFO:logs/DIP_log_model_sinc_kernel=64.log:train PSNR: 33.683709525277564
INFO:logs/DIP_log_model_sinc_kernel=64.log:test PSNR: 33.70762787243962
INFO:logs/DIP_log_model_sinc_kernel=64.log:train PSNR: 32.97555307712635
INFO:logs/DIP_log_model_sinc_kernel=64.log:test PSNR: 33.70954669170602
INFO:logs/DIP_log_model_sinc_kernel=64.log:train PSNR: 33.29941440333031
INFO:logs/DIP_log_model_sinc_kernel=64.log:test PSNR: 33.711858421158816
INFO:logs/DIP_log_model_sinc_kernel=64.log:train PSNR: 33.62579778375257
INFO:logs/DIP_log_model_sinc_kernel=64.log:test PSNR: 33.70498997305318
INFO:logs/DIP_log_model_sinc_kernel=64.log:train PSNR: 33.33192967357714
INFO:logs/DIP_log_model_sinc_kernel=64.log:test PSNR: 33.713227189286336
INFO:logs/DIP_log_model_sinc_kernel=64.log:train PSNR: 33.62278219748028
INFO:logs/DIP_log_model_sinc_kernel=64.log:test PSNR: 33.71332924453343
INFO:logs/DIP_log_model_sinc_kernel=64.log:train PSNR: 33.34642520482777
INFO:logs/DIP_log_model_sinc_kernel=64.log:test PSNR: 33.71354296210367
INFO:logs/DIP_log_model_sinc_kernel=64.log:train PSNR: 33.92940811552887
INFO:logs/DIP_log_model_sinc_kernel=64.log:test PSNR: 33.714336029108985
INFO:logs/DIP_log_model_sinc_kernel=64.log:train PSNR: 33.752278514637496
INFO:logs/DIP_log_model_sinc_kernel=64.log:test PSNR: 33.715153392368514
INFO:logs/DIP_log_model_sinc_kernel=64.log:train PSNR: 33.448699324970896
INFO:logs/DIP_log_model_sinc_kernel=64.log:test PSNR: 33.71623888580275
INFO:logs/DIP_log_model_sinc_kernel=64.log:train PSNR: 33.46667327815084
INFO:logs/DIP_log_model_sinc_kernel=64.log:test PSNR: 33.715189111680466
INFO:logs/DIP_log_model_sinc_kernel=64.log:train PSNR: 33.62388204708228
INFO:logs/DIP_log_model_sinc_kernel=64.log:test PSNR: 33.716184525000095
INFO:logs/DIP_log_model_sinc_kernel=64.log:train PSNR: 33.43774288642623
INFO:logs/DIP_log_model_sinc_kernel=64.log:test PSNR: 33.71706023751997
INFO:logs/DIP_log_model_sinc_kernel=64.log:train PSNR: 33.429560809771274
INFO:logs/DIP_log_model_sinc_kernel=64.log:test PSNR: 33.71561926093771
INFO:logs/DIP_log_model_sinc_kernel=64.log:train PSNR: 33.17435388484067
INFO:logs/DIP_log_model_sinc_kernel=64.log:test PSNR: 33.71647042655419
INFO:logs/DIP_log_model_sinc_kernel=64.log:train PSNR: 33.287842550292076
INFO:logs/DIP_log_model_sinc_kernel=64.log:test PSNR: 33.71675848231308
INFO:logs/DIP_log_model_sinc_kernel=64.log:train PSNR: 33.29004492197075
INFO:logs/DIP_log_model_sinc_kernel=64.log:test PSNR: 33.71687349117316
INFO:logs/DIP_log_model_sinc_kernel=64.log:train PSNR: 33.67714934657365
INFO:logs/DIP_log_model_sinc_kernel=64.log:test PSNR: 33.71729679392887
INFO:logs/DIP_log_model_sinc_kernel=64.log:train PSNR: 33.39529158078368
INFO:logs/DIP_log_model_sinc_kernel=64.log:test PSNR: 33.71593778298406
INFO:logs/DIP_log_model_sinc_kernel=64.log:train PSNR: 33.36223724069737
INFO:logs/DIP_log_model_sinc_kernel=64.log:test PSNR: 33.71939487532734
INFO:logs/DIP_log_model_sinc_kernel=64.log:train PSNR: 33.44368338535609
INFO:logs/DIP_log_model_sinc_kernel=64.log:test PSNR: 33.720614213677
INFO:logs/DIP_log_model_sinc_kernel=64.log:train PSNR: 33.331145194100564
INFO:logs/DIP_log_model_sinc_kernel=64.log:test PSNR: 33.719897059580774
INFO:logs/DIP_log_model_sinc_kernel=64.log:train PSNR: 33.14464179368649
INFO:logs/DIP_log_model_sinc_kernel=64.log:test PSNR: 33.718990431066146
INFO:logs/DIP_log_model_sinc_kernel=64.log:train PSNR: 33.54372116091783
INFO:logs/DIP_log_model_sinc_kernel=64.log:test PSNR: 33.719237546679466
INFO:logs/DIP_log_model_sinc_kernel=64.log:train PSNR: 33.32437968663038
INFO:logs/DIP_log_model_sinc_kernel=64.log:test PSNR: 33.721634001977996
INFO:logs/DIP_log_model_sinc_kernel=64.log:train PSNR: 33.60583287682626
INFO:logs/DIP_log_model_sinc_kernel=64.log:test PSNR: 33.720768109941034
INFO:logs/DIP_log_model_sinc_kernel=64.log:train PSNR: 33.60107376910791
INFO:logs/DIP_log_model_sinc_kernel=64.log:test PSNR: 33.72217348669477
INFO:logs/DIP_log_model_sinc_kernel=64.log:train PSNR: 33.480166584762436
INFO:logs/DIP_log_model_sinc_kernel=64.log:test PSNR: 33.723300895656166
INFO:logs/DIP_log_model_sinc_kernel=64.log:train PSNR: 33.23901270173529
INFO:logs/DIP_log_model_sinc_kernel=64.log:test PSNR: 33.723639287889235
INFO:logs/DIP_log_model_sinc_kernel=64.log:train PSNR: 33.35351424698647
INFO:logs/DIP_log_model_sinc_kernel=64.log:test PSNR: 33.72288015979163
INFO:logs/DIP_log_model_sinc_kernel=64.log:train PSNR: 33.42311658141898
INFO:logs/DIP_log_model_sinc_kernel=64.log:test PSNR: 33.72370158761728
INFO:logs/DIP_log_model_sinc_kernel=64.log:train PSNR: 33.523188943713905
INFO:logs/DIP_log_model_sinc_kernel=64.log:test PSNR: 33.72331919623776
INFO:logs/DIP_log_model_sinc_kernel=64.log:train PSNR: 33.27266423808047
INFO:logs/DIP_log_model_sinc_kernel=64.log:test PSNR: 33.72321187473728
INFO:logs/DIP_log_model_sinc_kernel=64.log:train PSNR: 33.56562226772938
INFO:logs/DIP_log_model_sinc_kernel=64.log:test PSNR: 33.72374686296869
INFO:logs/DIP_log_model_sinc_kernel=64.log:train PSNR: 33.571084354268365
INFO:logs/DIP_log_model_sinc_kernel=64.log:test PSNR: 33.72466973453515
INFO:logs/DIP_log_model_sinc_kernel=64.log:train PSNR: 33.33784847606775
INFO:logs/DIP_log_model_sinc_kernel=64.log:test PSNR: 33.72448972002857
INFO:logs/DIP_log_model_sinc_kernel=64.log:train PSNR: 33.171653093560685
INFO:logs/DIP_log_model_sinc_kernel=64.log:test PSNR: 33.72419601652146
INFO:logs/DIP_log_model_sinc_kernel=64.log:train PSNR: 33.50885788781985
INFO:logs/DIP_log_model_sinc_kernel=64.log:test PSNR: 33.72485462429398
INFO:logs/DIP_log_model_sinc_kernel=64.log:train PSNR: 33.27069521438041
INFO:logs/DIP_log_model_sinc_kernel=64.log:test PSNR: 33.72439812582796
INFO:logs/DIP_log_model_sinc_kernel=64.log:train PSNR: 33.46694946566596
INFO:logs/DIP_log_model_sinc_kernel=64.log:test PSNR: 33.72423007163289
INFO:logs/DIP_log_model_sinc_kernel=64.log:train PSNR: 33.44300662233101
INFO:logs/DIP_log_model_sinc_kernel=64.log:test PSNR: 33.72427903721933
INFO:logs/DIP_log_model_sinc_kernel=64.log:train PSNR: 33.17216396201406
INFO:logs/DIP_log_model_sinc_kernel=64.log:test PSNR: 33.72434167884249
INFO:logs/DIP_log_model_sinc_kernel=64.log:train PSNR: 33.245358177347846
INFO:logs/DIP_log_model_sinc_kernel=64.log:test PSNR: 33.7245042571988
INFO:logs/DIP_log_model_sinc_kernel=64.log:train PSNR: 33.492914855511586
INFO:logs/DIP_log_model_sinc_kernel=64.log:test PSNR: 33.724729301685386
INFO:logs/DIP_log_model_sinc_kernel=64.log:train PSNR: 33.24667647429178
INFO:logs/DIP_log_model_sinc_kernel=64.log:test PSNR: 33.72480420440413
INFO:logs/DIP_log_model_sinc_kernel=64.log:train PSNR: 33.670904440402175
INFO:logs/DIP_log_model_sinc_kernel=64.log:test PSNR: 33.724993403621966
INFO:logs/DIP_log_model_sinc_kernel=64.log:train PSNR: 33.50118824077098
INFO:logs/DIP_log_model_sinc_kernel=64.log:test PSNR: 33.72368576265616
INFO:logs/DIP_log_model_sinc_kernel=64.log:train PSNR: 33.341017276777585
INFO:logs/DIP_log_model_sinc_kernel=64.log:test PSNR: 33.724164897986554
INFO:logs/DIP_log_model_sinc_kernel=64.log:train PSNR: 33.27000099506938
INFO:logs/DIP_log_model_sinc_kernel=64.log:test PSNR: 33.72277493229492
INFO:logs/DIP_log_model_sinc_kernel=64.log:train PSNR: 33.54079913121884
INFO:logs/DIP_log_model_sinc_kernel=64.log:test PSNR: 33.72367478521989
INFO:logs/DIP_log_model_sinc_kernel=64.log:train PSNR: 33.29121809420392
INFO:logs/DIP_log_model_sinc_kernel=64.log:test PSNR: 33.72441375457914
INFO:logs/DIP_log_model_sinc_kernel=64.log:train PSNR: 33.39401091234894
INFO:logs/DIP_log_model_sinc_kernel=64.log:test PSNR: 33.72428209499107
INFO:logs/DIP_log_model_sinc_kernel=64.log:train PSNR: 33.41084292321083
INFO:logs/DIP_log_model_sinc_kernel=64.log:test PSNR: 33.72477729465444
INFO:logs/DIP_log_model_sinc_kernel=64.log:train PSNR: 33.48956321124301
INFO:logs/DIP_log_model_sinc_kernel=64.log:test PSNR: 33.72526036415852
INFO:logs/DIP_log_model_sinc_kernel=64.log:train PSNR: 33.29351637749731
INFO:logs/DIP_log_model_sinc_kernel=64.log:test PSNR: 33.72537008640353
INFO:logs/DIP_log_model_sinc_kernel=64.log:train PSNR: 33.21361973270085
INFO:logs/DIP_log_model_sinc_kernel=64.log:test PSNR: 33.72494758369036
INFO:logs/DIP_log_model_sinc_kernel=64.log:train PSNR: 33.28159333624486
INFO:logs/DIP_log_model_sinc_kernel=64.log:test PSNR: 33.72498448167113
INFO:logs/DIP_log_model_sinc_kernel=64.log:train PSNR: 33.726325831996306
INFO:logs/DIP_log_model_sinc_kernel=64.log:test PSNR: 33.72503628762865
INFO:logs/DIP_log_model_sinc_kernel=64.log:train PSNR: 33.55706629050068
INFO:logs/DIP_log_model_sinc_kernel=64.log:test PSNR: 33.72513404789752
INFO:logs/DIP_log_model_sinc_kernel=64.log:train PSNR: 33.490654219578026
INFO:logs/DIP_log_model_sinc_kernel=64.log:test PSNR: 33.72509213036471
INFO:logs/DIP_log_model_sinc_kernel=64.log:train PSNR: 33.33007387492476
INFO:logs/DIP_log_model_sinc_kernel=64.log:test PSNR: 33.72571249987198
INFO:logs/DIP_log_model_sinc_kernel=64.log:train PSNR: 33.34818056467793
INFO:logs/DIP_log_model_sinc_kernel=64.log:test PSNR: 33.72560268484008
INFO:logs/DIP_log_model_sinc_kernel=64.log:train PSNR: 33.5100169427602
INFO:logs/DIP_log_model_sinc_kernel=64.log:test PSNR: 33.72550309235994
INFO:logs/DIP_log_model_sinc_kernel=64.log:train PSNR: 33.62033353422842
INFO:logs/DIP_log_model_sinc_kernel=64.log:test PSNR: 33.725250510361015
INFO:logs/DIP_log_model_sinc_kernel=64.log:train PSNR: 33.70528292253847
INFO:logs/DIP_log_model_sinc_kernel=64.log:test PSNR: 33.72527719625828
INFO:logs/DIP_log_model_sinc_kernel=64.log:train PSNR: 33.17162083393355
INFO:logs/DIP_log_model_sinc_kernel=64.log:test PSNR: 33.72528750533791
INFO:logs/DIP_log_model_sinc_kernel=64.log:train PSNR: 33.293237847586184
INFO:logs/DIP_log_model_sinc_kernel=64.log:test PSNR: 33.72507099989731
INFO:logs/DIP_log_model_sinc_kernel=64.log:train PSNR: 33.59831246018387
INFO:logs/DIP_log_model_sinc_kernel=64.log:test PSNR: 33.72510478504306
INFO:logs/DIP_log_model_sinc_kernel=64.log:train PSNR: 33.645635784772196
INFO:logs/DIP_log_model_sinc_kernel=64.log:test PSNR: 33.72520160097341
INFO:logs/DIP_log_model_sinc_kernel=64.log:train PSNR: 33.49966678505609
INFO:logs/DIP_log_model_sinc_kernel=64.log:test PSNR: 33.725176945133896
INFO:logs/DIP_log_model_sinc_kernel=64.log:train PSNR: 33.406970369219636
INFO:logs/DIP_log_model_sinc_kernel=64.log:test PSNR: 33.72476144822802
INFO:logs/DIP_log_model_sinc_kernel=64.log:train PSNR: 33.64407335067496
INFO:logs/DIP_log_model_sinc_kernel=64.log:test PSNR: 33.7254002176749
INFO:logs/DIP_log_model_sinc_kernel=64.log:train PSNR: 33.222007709338435
INFO:logs/DIP_log_model_sinc_kernel=64.log:test PSNR: 33.72565398754117
INFO:logs/DIP_log_model_sinc_kernel=64.log:train PSNR: 33.673975811407296
INFO:logs/DIP_log_model_sinc_kernel=64.log:test PSNR: 33.72561310940267
INFO:logs/DIP_log_model_sinc_kernel=64.log:train PSNR: 33.37329699322676
INFO:logs/DIP_log_model_sinc_kernel=64.log:test PSNR: 33.72558488824642
INFO:logs/DIP_log_model_sinc_kernel=64.log:train PSNR: 33.33008274099493
INFO:logs/DIP_log_model_sinc_kernel=64.log:test PSNR: 33.72543606267935
INFO:logs/DIP_log_model_sinc_kernel=64.log:train PSNR: 33.643015173765846
INFO:logs/DIP_log_model_sinc_kernel=64.log:test PSNR: 33.72538129374296
INFO:logs/DIP_log_model_sinc_kernel=64.log:train PSNR: 33.32355415462683
INFO:logs/DIP_log_model_sinc_kernel=64.log:test PSNR: 33.72554473489933
INFO:logs/DIP_log_model_sinc_kernel=64.log:train PSNR: 33.35025869039757
INFO:logs/DIP_log_model_sinc_kernel=64.log:test PSNR: 33.725482596286994
INFO:logs/DIP_log_model_sinc_kernel=64.log:train PSNR: 33.437092432561364
INFO:logs/DIP_log_model_sinc_kernel=64.log:test PSNR: 33.725807165086266
INFO:logs/DIP_log_model_sinc_kernel=64.log:train PSNR: 33.64336399392816
INFO:logs/DIP_log_model_sinc_kernel=64.log:test PSNR: 33.725737861900406
INFO:logs/DIP_log_model_sinc_kernel=64.log:train PSNR: 33.5809339959541
INFO:logs/DIP_log_model_sinc_kernel=64.log:test PSNR: 33.72589987252462
INFO:logs/DIP_log_model_sinc_kernel=64.log:train PSNR: 33.48512414742462
INFO:logs/DIP_log_model_sinc_kernel=64.log:test PSNR: 33.72590553737547
INFO:logs/DIP_log_model_sinc_kernel=64.log:train PSNR: 33.54227372593644
INFO:logs/DIP_log_model_sinc_kernel=64.log:test PSNR: 33.726014367551855
INFO:logs/DIP_log_model_sinc_kernel=64.log:train PSNR: 33.4302486594337
INFO:logs/DIP_log_model_sinc_kernel=64.log:test PSNR: 33.726030171264945
INFO:logs/DIP_log_model_sinc_kernel=64.log:train PSNR: 33.274359764782574
INFO:logs/DIP_log_model_sinc_kernel=64.log:test PSNR: 33.72606317046747
INFO:logs/DIP_log_model_sinc_kernel=64.log:train PSNR: 33.69291422673668
INFO:logs/DIP_log_model_sinc_kernel=64.log:test PSNR: 33.72580215881601
INFO:logs/DIP_log_model_sinc_kernel=64.log:train PSNR: 33.39383366655705
INFO:logs/DIP_log_model_sinc_kernel=64.log:test PSNR: 33.72602503552212
INFO:logs/DIP_log_model_sinc_kernel=64.log:train PSNR: 33.65097563955547
INFO:logs/DIP_log_model_sinc_kernel=64.log:test PSNR: 33.72608318183923
INFO:logs/DIP_log_model_sinc_kernel=64.log:train PSNR: 33.30414308523173
INFO:logs/DIP_log_model_sinc_kernel=64.log:test PSNR: 33.72613414641899
INFO:logs/DIP_log_model_sinc_kernel=64.log:train PSNR: 33.41413530261212
INFO:logs/DIP_log_model_sinc_kernel=64.log:test PSNR: 33.72610931279862
INFO:logs/DIP_log_model_sinc_kernel=64.log:train PSNR: 33.481017599416475
INFO:logs/DIP_log_model_sinc_kernel=64.log:test PSNR: 33.726136025114286
INFO:logs/DIP_log_model_sinc_kernel=64.log:train PSNR: 33.37471523082305
INFO:logs/DIP_log_model_sinc_kernel=64.log:test PSNR: 33.726130899234455
INFO:logs/DIP_log_model_sinc_kernel=64.log:train PSNR: 33.653281906422244
INFO:logs/DIP_log_model_sinc_kernel=64.log:test PSNR: 33.726193023400945
INFO:logs/DIP_log_model_sinc_kernel=64.log:train PSNR: 33.332597533534646
INFO:logs/DIP_log_model_sinc_kernel=64.log:test PSNR: 33.72613528336986
INFO:logs/DIP_log_model_sinc_kernel=64.log:train PSNR: 33.56789735949163
INFO:logs/DIP_log_model_sinc_kernel=64.log:test PSNR: 33.726290693501085
INFO:logs/DIP_log_model_sinc_kernel=64.log:train PSNR: 33.47916486156915
INFO:logs/DIP_log_model_sinc_kernel=64.log:test PSNR: 33.72636580855483
INFO:logs/DIP_log_model_sinc_kernel=64.log:train PSNR: 33.351234783301166
INFO:logs/DIP_log_model_sinc_kernel=64.log:test PSNR: 33.726249402536325
INFO:logs/DIP_log_model_sinc_kernel=64.log:train PSNR: 33.32414880555026
INFO:logs/DIP_log_model_sinc_kernel=64.log:test PSNR: 33.72627718907137
INFO:logs/DIP_log_model_sinc_kernel=64.log:train PSNR: 33.28766347152766
INFO:logs/DIP_log_model_sinc_kernel=64.log:test PSNR: 33.72631323860892
INFO:logs/DIP_log_model_sinc_kernel=64.log:train PSNR: 33.56489031528462
INFO:logs/DIP_log_model_sinc_kernel=64.log:test PSNR: 33.72629948668586
INFO:logs/DIP_log_model_sinc_kernel=64.log:train PSNR: 33.21408821220404
INFO:logs/DIP_log_model_sinc_kernel=64.log:test PSNR: 33.72625412124502
INFO:logs/DIP_log_model_sinc_kernel=64.log:train PSNR: 33.3754326254941
INFO:logs/DIP_log_model_sinc_kernel=64.log:test PSNR: 33.72625288510398
INFO:logs/DIP_log_model_sinc_kernel=64.log:train PSNR: 33.54011774941745
INFO:logs/DIP_log_model_sinc_kernel=64.log:test PSNR: 33.72640960311858
INFO:logs/DIP_log_model_sinc_kernel=64.log:train PSNR: 33.24817489797032
INFO:logs/DIP_log_model_sinc_kernel=64.log:test PSNR: 33.72640214265198
INFO:logs/DIP_log_model_sinc_kernel=64.log:train PSNR: 33.50209757242412
INFO:logs/DIP_log_model_sinc_kernel=64.log:test PSNR: 33.72629848589327
INFO:logs/DIP_log_model_sinc_kernel=64.log:train PSNR: 33.2034893156401
INFO:logs/DIP_log_model_sinc_kernel=64.log:test PSNR: 33.72627922049804
INFO:logs/DIP_log_model_sinc_kernel=64.log:train PSNR: 33.52088728300804
INFO:logs/DIP_log_model_sinc_kernel=64.log:test PSNR: 33.72631069535651
INFO:logs/DIP_log_model_sinc_kernel=64.log:train PSNR: 33.56168793667416
INFO:logs/DIP_log_model_sinc_kernel=64.log:test PSNR: 33.726286019714024
INFO:logs/DIP_log_model_sinc_kernel=64.log:train PSNR: 33.6180712011758
INFO:logs/DIP_log_model_sinc_kernel=64.log:test PSNR: 33.72632347950526
INFO:logs/DIP_log_model_sinc_kernel=64.log:train PSNR: 33.45448185560647
INFO:logs/DIP_log_model_sinc_kernel=64.log:test PSNR: 33.7263827822064
INFO:logs/DIP_log_model_sinc_kernel=64.log:train PSNR: 33.60539097119789
INFO:logs/DIP_log_model_sinc_kernel=64.log:test PSNR: 33.726371285347
INFO:logs/DIP_log_model_sinc_kernel=64.log:train PSNR: 33.41977900965162
INFO:logs/DIP_log_model_sinc_kernel=64.log:test PSNR: 33.72639469612664
INFO:logs/DIP_log_model_sinc_kernel=64.log:train PSNR: 33.31189454412123
INFO:logs/DIP_log_model_sinc_kernel=64.log:test PSNR: 33.72630953597374
INFO:logs/DIP_log_model_sinc_kernel=64.log:train PSNR: 33.77706438683997
INFO:logs/DIP_log_model_sinc_kernel=64.log:test PSNR: 33.72632216388296
INFO:logs/DIP_log_model_sinc_kernel=64.log:train PSNR: 33.76844329939099
INFO:logs/DIP_log_model_sinc_kernel=64.log:test PSNR: 33.726335464001714
INFO:logs/DIP_log_model_sinc_kernel=64.log:train PSNR: 33.55353819394495
INFO:logs/DIP_log_model_sinc_kernel=64.log:test PSNR: 33.72634897894483
INFO:logs/DIP_log_model_sinc_kernel=64.log:train PSNR: 33.33371244038778
INFO:logs/DIP_log_model_sinc_kernel=64.log:test PSNR: 33.72632180845496
INFO:logs/DIP_log_model_sinc_kernel=64.log:train PSNR: 33.43467179195032
INFO:logs/DIP_log_model_sinc_kernel=64.log:test PSNR: 33.72635867139985
INFO:logs/DIP_log_model_sinc_kernel=64.log:train PSNR: 33.504277886499864
INFO:logs/DIP_log_model_sinc_kernel=64.log:test PSNR: 33.72637401895973
INFO:logs/DIP_log_model_sinc_kernel=64.log:train PSNR: 33.32487754858038
INFO:logs/DIP_log_model_sinc_kernel=64.log:test PSNR: 33.7263782029641
INFO:logs/DIP_log_model_sinc_kernel=64.log:train PSNR: 33.64755548300053
INFO:logs/DIP_log_model_sinc_kernel=64.log:test PSNR: 33.72636849484517
INFO:logs/DIP_log_model_sinc_kernel=64.log:train PSNR: 33.71105298955708
INFO:logs/DIP_log_model_sinc_kernel=64.log:test PSNR: 33.72635798132188
INFO:logs/DIP_log_model_sinc_kernel=64.log:train PSNR: 33.49269374555087
INFO:logs/DIP_log_model_sinc_kernel=64.log:test PSNR: 33.72628324619316
INFO:logs/DIP_log_model_sinc_kernel=64.log:train PSNR: 33.332946252763314
INFO:logs/DIP_log_model_sinc_kernel=64.log:test PSNR: 33.72633468954873
INFO:logs/DIP_log_model_sinc_kernel=64.log:train PSNR: 33.33112263004864
INFO:logs/DIP_log_model_sinc_kernel=64.log:test PSNR: 33.726337336240675
INFO:logs/DIP_log_model_sinc_kernel=64.log:train PSNR: 33.15101648198923
INFO:logs/DIP_log_model_sinc_kernel=64.log:test PSNR: 33.72632162372894
INFO:logs/DIP_log_model_sinc_kernel=64.log:train PSNR: 33.64587541268226
INFO:logs/DIP_log_model_sinc_kernel=64.log:test PSNR: 33.72633231868933
INFO:logs/DIP_log_model_sinc_kernel=64.log:train PSNR: 33.56832600663214
INFO:logs/DIP_log_model_sinc_kernel=64.log:test PSNR: 33.72630990723505
