INFO:logs/DIP_log_model_gaussian_kernel=16_sigma=25.log_model:first model = 
ConvLista_T(
  (apply_A): ConvTranspose2d(175, 1, kernel_size=(11, 11), stride=(8, 8), bias=False)
  (apply_B): Conv2d(1, 175, kernel_size=(11, 11), stride=(8, 8), bias=False)
  (apply_C): Sequential(
    (0): ConvTranspose2d(175, 1, kernel_size=(11, 11), stride=(8, 8))
  )
  (soft_threshold): SoftThreshold()
)

INFO:logs/DIP_log_model_gaussian_kernel=16_sigma=25.log_model:config_dict = {'uuid': 'DIP_project_gaussian_kernel=16_sigma=25', 'kernel_size': 11, 'stride': 8, 'num_filters': 175, 'lr': 0.0002, 'unfoldings': 12, 'lr_decay': 0.35, 'patch_size': 128, 'num_epochs': 250, 'lr_step': 50, 'eps': 0.001, 'threshold': 0.01, 'noise_std': 0.09803921568627451, 'gaussian_size': 16, 'gaussian_sigma': 25}

INFO:logs/DIP_log_model_gaussian_kernel=16_sigma=25.log:Training model...
INFO:logs/DIP_log_model_gaussian_kernel=16_sigma=25.log:train PSNR: 21.143451290709084
INFO:logs/DIP_log_model_gaussian_kernel=16_sigma=25.log:test PSNR: 21.485144455480572
INFO:logs/DIP_log_model_gaussian_kernel=16_sigma=25.log:train PSNR: 21.564327637386167
INFO:logs/DIP_log_model_gaussian_kernel=16_sigma=25.log:test PSNR: 22.3453694797353
INFO:logs/DIP_log_model_gaussian_kernel=16_sigma=25.log:train PSNR: 22.584382831906375
INFO:logs/DIP_log_model_gaussian_kernel=16_sigma=25.log:test PSNR: 23.725143978650433
INFO:logs/DIP_log_model_gaussian_kernel=16_sigma=25.log:train PSNR: 23.49008109185019
INFO:logs/DIP_log_model_gaussian_kernel=16_sigma=25.log:test PSNR: 24.14836692900584
INFO:logs/DIP_log_model_gaussian_kernel=16_sigma=25.log:train PSNR: 23.967502657615857
INFO:logs/DIP_log_model_gaussian_kernel=16_sigma=25.log:test PSNR: 24.524759938652856
INFO:logs/DIP_log_model_gaussian_kernel=16_sigma=25.log:train PSNR: 24.233904297304214
INFO:logs/DIP_log_model_gaussian_kernel=16_sigma=25.log:test PSNR: 24.895509340911314
INFO:logs/DIP_log_model_gaussian_kernel=16_sigma=25.log:train PSNR: 24.504156470517998
INFO:logs/DIP_log_model_gaussian_kernel=16_sigma=25.log:test PSNR: 25.349637072355666
INFO:logs/DIP_log_model_gaussian_kernel=16_sigma=25.log:train PSNR: 24.7605875234226
INFO:logs/DIP_log_model_gaussian_kernel=16_sigma=25.log:test PSNR: 25.378440326593132
INFO:logs/DIP_log_model_gaussian_kernel=16_sigma=25.log:train PSNR: 25.037347323128305
INFO:logs/DIP_log_model_gaussian_kernel=16_sigma=25.log:test PSNR: 25.757224650196136
INFO:logs/DIP_log_model_gaussian_kernel=16_sigma=25.log:train PSNR: 25.272260677299307
INFO:logs/DIP_log_model_gaussian_kernel=16_sigma=25.log:test PSNR: 25.779294972853947
INFO:logs/DIP_log_model_gaussian_kernel=16_sigma=25.log:train PSNR: 25.6327972082016
INFO:logs/DIP_log_model_gaussian_kernel=16_sigma=25.log:test PSNR: 26.13712394261953
INFO:logs/DIP_log_model_gaussian_kernel=16_sigma=25.log:train PSNR: 25.540481989968853
INFO:logs/DIP_log_model_gaussian_kernel=16_sigma=25.log:test PSNR: 24.955924553192105
INFO:logs/DIP_log_model_gaussian_kernel=16_sigma=25.log:train PSNR: 25.47006796039865
INFO:logs/DIP_log_model_gaussian_kernel=16_sigma=25.log:test PSNR: 26.157668622001566
INFO:logs/DIP_log_model_gaussian_kernel=16_sigma=25.log:train PSNR: 25.75925048499335
INFO:logs/DIP_log_model_gaussian_kernel=16_sigma=25.log:test PSNR: 26.532372332994658
INFO:logs/DIP_log_model_gaussian_kernel=16_sigma=25.log:train PSNR: 25.94068880342238
INFO:logs/DIP_log_model_gaussian_kernel=16_sigma=25.log:test PSNR: 25.96001235173882
INFO:logs/DIP_log_model_gaussian_kernel=16_sigma=25.log:train PSNR: 26.17235515643024
INFO:logs/DIP_log_model_gaussian_kernel=16_sigma=25.log:test PSNR: 26.509253100850206
INFO:logs/DIP_log_model_gaussian_kernel=16_sigma=25.log:train PSNR: 26.360973479552623
INFO:logs/DIP_log_model_gaussian_kernel=16_sigma=25.log:test PSNR: 26.216010390712114
INFO:logs/DIP_log_model_gaussian_kernel=16_sigma=25.log:train PSNR: 26.20425961539868
INFO:logs/DIP_log_model_gaussian_kernel=16_sigma=25.log:test PSNR: 26.877915878450562
INFO:logs/DIP_log_model_gaussian_kernel=16_sigma=25.log:train PSNR: 26.253616514007618
INFO:logs/DIP_log_model_gaussian_kernel=16_sigma=25.log:test PSNR: 27.158468501203565
INFO:logs/DIP_log_model_gaussian_kernel=16_sigma=25.log:train PSNR: 26.75395077701085
INFO:logs/DIP_log_model_gaussian_kernel=16_sigma=25.log:test PSNR: 27.074477630514615
INFO:logs/DIP_log_model_gaussian_kernel=16_sigma=25.log:train PSNR: 26.553505584835865
INFO:logs/DIP_log_model_gaussian_kernel=16_sigma=25.log:test PSNR: 27.254278782151445
INFO:logs/DIP_log_model_gaussian_kernel=16_sigma=25.log:train PSNR: 26.56756574789799
INFO:logs/DIP_log_model_gaussian_kernel=16_sigma=25.log:test PSNR: 27.532196881162186
INFO:logs/DIP_log_model_gaussian_kernel=16_sigma=25.log:train PSNR: 26.67179238752452
INFO:logs/DIP_log_model_gaussian_kernel=16_sigma=25.log:test PSNR: 27.644200148513814
INFO:logs/DIP_log_model_gaussian_kernel=16_sigma=25.log:train PSNR: 26.7482114923415
INFO:logs/DIP_log_model_gaussian_kernel=16_sigma=25.log:test PSNR: 27.73273539359823
INFO:logs/DIP_log_model_gaussian_kernel=16_sigma=25.log:train PSNR: 27.056686795129362
INFO:logs/DIP_log_model_gaussian_kernel=16_sigma=25.log:test PSNR: 27.96802156270908
INFO:logs/DIP_log_model_gaussian_kernel=16_sigma=25.log:train PSNR: 27.45382969312544
INFO:logs/DIP_log_model_gaussian_kernel=16_sigma=25.log:test PSNR: 28.072005931054413
INFO:logs/DIP_log_model_gaussian_kernel=16_sigma=25.log:train PSNR: 27.573803118287294
INFO:logs/DIP_log_model_gaussian_kernel=16_sigma=25.log:test PSNR: 28.15346971429922
INFO:logs/DIP_log_model_gaussian_kernel=16_sigma=25.log:train PSNR: 27.51093542719268
INFO:logs/DIP_log_model_gaussian_kernel=16_sigma=25.log:test PSNR: 28.212642368993905
INFO:logs/DIP_log_model_gaussian_kernel=16_sigma=25.log:train PSNR: 27.485863073861072
INFO:logs/DIP_log_model_gaussian_kernel=16_sigma=25.log:test PSNR: 28.218870637333083
INFO:logs/DIP_log_model_gaussian_kernel=16_sigma=25.log:train PSNR: 27.406423351438786
INFO:logs/DIP_log_model_gaussian_kernel=16_sigma=25.log:test PSNR: 28.369180577006624
INFO:logs/DIP_log_model_gaussian_kernel=16_sigma=25.log:train PSNR: 27.584750604203805
INFO:logs/DIP_log_model_gaussian_kernel=16_sigma=25.log:test PSNR: 28.200177632486195
INFO:logs/DIP_log_model_gaussian_kernel=16_sigma=25.log:train PSNR: 27.715824832060655
INFO:logs/DIP_log_model_gaussian_kernel=16_sigma=25.log:test PSNR: 28.31323378968585
INFO:logs/DIP_log_model_gaussian_kernel=16_sigma=25.log:train PSNR: 27.912389822364016
INFO:logs/DIP_log_model_gaussian_kernel=16_sigma=25.log:test PSNR: 28.440080002490454
INFO:logs/DIP_log_model_gaussian_kernel=16_sigma=25.log:train PSNR: 27.50174297794983
INFO:logs/DIP_log_model_gaussian_kernel=16_sigma=25.log:test PSNR: 28.49929246459817
INFO:logs/DIP_log_model_gaussian_kernel=16_sigma=25.log:train PSNR: 27.537844793502224
INFO:logs/DIP_log_model_gaussian_kernel=16_sigma=25.log:test PSNR: 28.329952189331266
INFO:logs/DIP_log_model_gaussian_kernel=16_sigma=25.log:train PSNR: 27.740297440674183
INFO:logs/DIP_log_model_gaussian_kernel=16_sigma=25.log:test PSNR: 28.267417864871614
INFO:logs/DIP_log_model_gaussian_kernel=16_sigma=25.log:train PSNR: 27.812122571922945
INFO:logs/DIP_log_model_gaussian_kernel=16_sigma=25.log:test PSNR: 28.619962794444245
INFO:logs/DIP_log_model_gaussian_kernel=16_sigma=25.log:train PSNR: 28.120966988720866
INFO:logs/DIP_log_model_gaussian_kernel=16_sigma=25.log:test PSNR: 28.43482699980514
INFO:logs/DIP_log_model_gaussian_kernel=16_sigma=25.log:train PSNR: 27.78378638122848
INFO:logs/DIP_log_model_gaussian_kernel=16_sigma=25.log:test PSNR: 28.72647741645388
INFO:logs/DIP_log_model_gaussian_kernel=16_sigma=25.log:train PSNR: 27.800069349316985
INFO:logs/DIP_log_model_gaussian_kernel=16_sigma=25.log:test PSNR: 28.67991593984168
INFO:logs/DIP_log_model_gaussian_kernel=16_sigma=25.log:train PSNR: 28.04552977685562
INFO:logs/DIP_log_model_gaussian_kernel=16_sigma=25.log:test PSNR: 28.766790752351078
INFO:logs/DIP_log_model_gaussian_kernel=16_sigma=25.log:train PSNR: 28.05270990265817
INFO:logs/DIP_log_model_gaussian_kernel=16_sigma=25.log:test PSNR: 28.735526500187866
INFO:logs/DIP_log_model_gaussian_kernel=16_sigma=25.log:train PSNR: 27.88099029044605
INFO:logs/DIP_log_model_gaussian_kernel=16_sigma=25.log:test PSNR: 28.85525004017634
INFO:logs/DIP_log_model_gaussian_kernel=16_sigma=25.log:train PSNR: 28.185102080913254
INFO:logs/DIP_log_model_gaussian_kernel=16_sigma=25.log:test PSNR: 28.63106875932555
INFO:logs/DIP_log_model_gaussian_kernel=16_sigma=25.log:train PSNR: 28.182138495019196
INFO:logs/DIP_log_model_gaussian_kernel=16_sigma=25.log:test PSNR: 28.68027186048307
INFO:logs/DIP_log_model_gaussian_kernel=16_sigma=25.log:train PSNR: 28.355851877385017
INFO:logs/DIP_log_model_gaussian_kernel=16_sigma=25.log:test PSNR: 29.00599337412781
INFO:logs/DIP_log_model_gaussian_kernel=16_sigma=25.log:train PSNR: 27.908354163259595
INFO:logs/DIP_log_model_gaussian_kernel=16_sigma=25.log:test PSNR: 29.02927578461312
INFO:logs/DIP_log_model_gaussian_kernel=16_sigma=25.log:train PSNR: 27.893541264174832
INFO:logs/DIP_log_model_gaussian_kernel=16_sigma=25.log:test PSNR: 28.830836017175262
INFO:logs/DIP_log_model_gaussian_kernel=16_sigma=25.log:train PSNR: 28.16813907622128
INFO:logs/DIP_log_model_gaussian_kernel=16_sigma=25.log:test PSNR: 29.072957863232503
INFO:logs/DIP_log_model_gaussian_kernel=16_sigma=25.log:train PSNR: 28.278089433849267
INFO:logs/DIP_log_model_gaussian_kernel=16_sigma=25.log:test PSNR: 28.807906594291808
INFO:logs/DIP_log_model_gaussian_kernel=16_sigma=25.log:train PSNR: 28.533632428001777
INFO:logs/DIP_log_model_gaussian_kernel=16_sigma=25.log:test PSNR: 29.205454190428853
INFO:logs/DIP_log_model_gaussian_kernel=16_sigma=25.log:train PSNR: 28.588457961077758
INFO:logs/DIP_log_model_gaussian_kernel=16_sigma=25.log:test PSNR: 29.204161740329194
INFO:logs/DIP_log_model_gaussian_kernel=16_sigma=25.log:train PSNR: 28.598003174092064
INFO:logs/DIP_log_model_gaussian_kernel=16_sigma=25.log:test PSNR: 29.260322255278453
INFO:logs/DIP_log_model_gaussian_kernel=16_sigma=25.log:train PSNR: 28.747309584916366
INFO:logs/DIP_log_model_gaussian_kernel=16_sigma=25.log:test PSNR: 29.256376500341577
INFO:logs/DIP_log_model_gaussian_kernel=16_sigma=25.log:train PSNR: 28.541070484395075
INFO:logs/DIP_log_model_gaussian_kernel=16_sigma=25.log:test PSNR: 29.261482827178355
INFO:logs/DIP_log_model_gaussian_kernel=16_sigma=25.log:train PSNR: 28.51166825451204
INFO:logs/DIP_log_model_gaussian_kernel=16_sigma=25.log:test PSNR: 29.2951654727705
INFO:logs/DIP_log_model_gaussian_kernel=16_sigma=25.log:train PSNR: 28.590307555882386
INFO:logs/DIP_log_model_gaussian_kernel=16_sigma=25.log:test PSNR: 29.300486225540833
INFO:logs/DIP_log_model_gaussian_kernel=16_sigma=25.log:train PSNR: 28.69927192388454
INFO:logs/DIP_log_model_gaussian_kernel=16_sigma=25.log:test PSNR: 29.333282387694293
INFO:logs/DIP_log_model_gaussian_kernel=16_sigma=25.log:train PSNR: 28.729510260834374
INFO:logs/DIP_log_model_gaussian_kernel=16_sigma=25.log:test PSNR: 29.19196861821779
INFO:logs/DIP_log_model_gaussian_kernel=16_sigma=25.log:train PSNR: 28.360142831978006
INFO:logs/DIP_log_model_gaussian_kernel=16_sigma=25.log:test PSNR: 29.37186255854479
INFO:logs/DIP_log_model_gaussian_kernel=16_sigma=25.log:train PSNR: 28.71686427197328
INFO:logs/DIP_log_model_gaussian_kernel=16_sigma=25.log:test PSNR: 29.36483598160358
INFO:logs/DIP_log_model_gaussian_kernel=16_sigma=25.log:train PSNR: 28.658265879555014
INFO:logs/DIP_log_model_gaussian_kernel=16_sigma=25.log:test PSNR: 29.336866417692292
INFO:logs/DIP_log_model_gaussian_kernel=16_sigma=25.log:train PSNR: 28.71908680339257
INFO:logs/DIP_log_model_gaussian_kernel=16_sigma=25.log:test PSNR: 29.41490592843613
INFO:logs/DIP_log_model_gaussian_kernel=16_sigma=25.log:train PSNR: 28.808883400263735
INFO:logs/DIP_log_model_gaussian_kernel=16_sigma=25.log:test PSNR: 29.40978080230451
INFO:logs/DIP_log_model_gaussian_kernel=16_sigma=25.log:train PSNR: 28.509443676977863
INFO:logs/DIP_log_model_gaussian_kernel=16_sigma=25.log:test PSNR: 29.35991395330723
INFO:logs/DIP_log_model_gaussian_kernel=16_sigma=25.log:train PSNR: 28.411745596561314
INFO:logs/DIP_log_model_gaussian_kernel=16_sigma=25.log:test PSNR: 29.45688599620886
INFO:logs/DIP_log_model_gaussian_kernel=16_sigma=25.log:train PSNR: 28.39652196243887
INFO:logs/DIP_log_model_gaussian_kernel=16_sigma=25.log:test PSNR: 29.457583680067607
INFO:logs/DIP_log_model_gaussian_kernel=16_sigma=25.log:train PSNR: 28.525986958216222
INFO:logs/DIP_log_model_gaussian_kernel=16_sigma=25.log:test PSNR: 29.431695003064856
INFO:logs/DIP_log_model_gaussian_kernel=16_sigma=25.log:train PSNR: 28.62221282277498
INFO:logs/DIP_log_model_gaussian_kernel=16_sigma=25.log:test PSNR: 29.48697417147326
INFO:logs/DIP_log_model_gaussian_kernel=16_sigma=25.log:train PSNR: 28.71460345917272
INFO:logs/DIP_log_model_gaussian_kernel=16_sigma=25.log:test PSNR: 29.49364274936218
INFO:logs/DIP_log_model_gaussian_kernel=16_sigma=25.log:train PSNR: 28.792573145529087
INFO:logs/DIP_log_model_gaussian_kernel=16_sigma=25.log:test PSNR: 29.403571270408598
INFO:logs/DIP_log_model_gaussian_kernel=16_sigma=25.log:train PSNR: 28.7093559299434
INFO:logs/DIP_log_model_gaussian_kernel=16_sigma=25.log:test PSNR: 29.475337188351265
INFO:logs/DIP_log_model_gaussian_kernel=16_sigma=25.log:train PSNR: 28.671312758607307
INFO:logs/DIP_log_model_gaussian_kernel=16_sigma=25.log:test PSNR: 29.4735741280501
INFO:logs/DIP_log_model_gaussian_kernel=16_sigma=25.log:train PSNR: 28.784613622430076
INFO:logs/DIP_log_model_gaussian_kernel=16_sigma=25.log:test PSNR: 29.522275778431034
INFO:logs/DIP_log_model_gaussian_kernel=16_sigma=25.log:train PSNR: 28.75123139012803
INFO:logs/DIP_log_model_gaussian_kernel=16_sigma=25.log:test PSNR: 29.494415005080892
INFO:logs/DIP_log_model_gaussian_kernel=16_sigma=25.log:train PSNR: 28.51146983681851
INFO:logs/DIP_log_model_gaussian_kernel=16_sigma=25.log:test PSNR: 29.562626030018244
INFO:logs/DIP_log_model_gaussian_kernel=16_sigma=25.log:train PSNR: 28.824474358974726
INFO:logs/DIP_log_model_gaussian_kernel=16_sigma=25.log:test PSNR: 29.589285287284127
INFO:logs/DIP_log_model_gaussian_kernel=16_sigma=25.log:train PSNR: 28.814414327348945
INFO:logs/DIP_log_model_gaussian_kernel=16_sigma=25.log:test PSNR: 29.582271470467276
INFO:logs/DIP_log_model_gaussian_kernel=16_sigma=25.log:train PSNR: 28.914157598733823
INFO:logs/DIP_log_model_gaussian_kernel=16_sigma=25.log:test PSNR: 29.57581593421707
INFO:logs/DIP_log_model_gaussian_kernel=16_sigma=25.log:train PSNR: 28.652648932493193
INFO:logs/DIP_log_model_gaussian_kernel=16_sigma=25.log:test PSNR: 29.60929251615479
INFO:logs/DIP_log_model_gaussian_kernel=16_sigma=25.log:train PSNR: 28.639690318906318
INFO:logs/DIP_log_model_gaussian_kernel=16_sigma=25.log:test PSNR: 29.62336156497093
INFO:logs/DIP_log_model_gaussian_kernel=16_sigma=25.log:train PSNR: 28.705358163067473
INFO:logs/DIP_log_model_gaussian_kernel=16_sigma=25.log:test PSNR: 29.58578425515934
INFO:logs/DIP_log_model_gaussian_kernel=16_sigma=25.log:train PSNR: 28.76640239345445
INFO:logs/DIP_log_model_gaussian_kernel=16_sigma=25.log:test PSNR: 29.615863495222282
INFO:logs/DIP_log_model_gaussian_kernel=16_sigma=25.log:train PSNR: 29.04416826574433
INFO:logs/DIP_log_model_gaussian_kernel=16_sigma=25.log:test PSNR: 29.58043478529793
INFO:logs/DIP_log_model_gaussian_kernel=16_sigma=25.log:train PSNR: 29.019043619610688
INFO:logs/DIP_log_model_gaussian_kernel=16_sigma=25.log:test PSNR: 29.6222448023329
INFO:logs/DIP_log_model_gaussian_kernel=16_sigma=25.log:train PSNR: 28.937030194435568
INFO:logs/DIP_log_model_gaussian_kernel=16_sigma=25.log:test PSNR: 29.63395832285843
INFO:logs/DIP_log_model_gaussian_kernel=16_sigma=25.log:train PSNR: 28.812462351586092
INFO:logs/DIP_log_model_gaussian_kernel=16_sigma=25.log:test PSNR: 29.645333023763577
INFO:logs/DIP_log_model_gaussian_kernel=16_sigma=25.log:train PSNR: 28.839779136236977
INFO:logs/DIP_log_model_gaussian_kernel=16_sigma=25.log:test PSNR: 29.59210548398433
INFO:logs/DIP_log_model_gaussian_kernel=16_sigma=25.log:train PSNR: 28.824652177199788
INFO:logs/DIP_log_model_gaussian_kernel=16_sigma=25.log:test PSNR: 29.637912895791573
INFO:logs/DIP_log_model_gaussian_kernel=16_sigma=25.log:train PSNR: 29.011039908058965
INFO:logs/DIP_log_model_gaussian_kernel=16_sigma=25.log:test PSNR: 29.554074320348544
INFO:logs/DIP_log_model_gaussian_kernel=16_sigma=25.log:train PSNR: 29.013342659419063
INFO:logs/DIP_log_model_gaussian_kernel=16_sigma=25.log:test PSNR: 29.625426417121954
INFO:logs/DIP_log_model_gaussian_kernel=16_sigma=25.log:train PSNR: 28.811578524564936
INFO:logs/DIP_log_model_gaussian_kernel=16_sigma=25.log:test PSNR: 29.655636662870368
INFO:logs/DIP_log_model_gaussian_kernel=16_sigma=25.log:train PSNR: 28.782976736814625
INFO:logs/DIP_log_model_gaussian_kernel=16_sigma=25.log:test PSNR: 29.64147662402964
INFO:logs/DIP_log_model_gaussian_kernel=16_sigma=25.log:train PSNR: 28.783831094230727
INFO:logs/DIP_log_model_gaussian_kernel=16_sigma=25.log:test PSNR: 29.657710029728843
INFO:logs/DIP_log_model_gaussian_kernel=16_sigma=25.log:train PSNR: 29.08467315970496
INFO:logs/DIP_log_model_gaussian_kernel=16_sigma=25.log:test PSNR: 29.68770843518019
INFO:logs/DIP_log_model_gaussian_kernel=16_sigma=25.log:train PSNR: 28.81792545995462
INFO:logs/DIP_log_model_gaussian_kernel=16_sigma=25.log:test PSNR: 29.679398212891208
INFO:logs/DIP_log_model_gaussian_kernel=16_sigma=25.log:train PSNR: 28.875491613908896
INFO:logs/DIP_log_model_gaussian_kernel=16_sigma=25.log:test PSNR: 29.68402039367016
INFO:logs/DIP_log_model_gaussian_kernel=16_sigma=25.log:train PSNR: 28.92429565547014
INFO:logs/DIP_log_model_gaussian_kernel=16_sigma=25.log:test PSNR: 29.532359894076983
INFO:logs/DIP_log_model_gaussian_kernel=16_sigma=25.log:train PSNR: 28.950644368058054
INFO:logs/DIP_log_model_gaussian_kernel=16_sigma=25.log:test PSNR: 29.63609213705459
INFO:logs/DIP_log_model_gaussian_kernel=16_sigma=25.log:train PSNR: 29.02819932503606
INFO:logs/DIP_log_model_gaussian_kernel=16_sigma=25.log:test PSNR: 29.69305150127765
INFO:logs/DIP_log_model_gaussian_kernel=16_sigma=25.log:train PSNR: 28.832862781970142
INFO:logs/DIP_log_model_gaussian_kernel=16_sigma=25.log:test PSNR: 29.71051214990603
INFO:logs/DIP_log_model_gaussian_kernel=16_sigma=25.log:train PSNR: 29.07828908906145
INFO:logs/DIP_log_model_gaussian_kernel=16_sigma=25.log:test PSNR: 29.71357046332127
INFO:logs/DIP_log_model_gaussian_kernel=16_sigma=25.log:train PSNR: 28.936879502886303
INFO:logs/DIP_log_model_gaussian_kernel=16_sigma=25.log:test PSNR: 29.715677447146486
INFO:logs/DIP_log_model_gaussian_kernel=16_sigma=25.log:train PSNR: 28.795743796682036
INFO:logs/DIP_log_model_gaussian_kernel=16_sigma=25.log:test PSNR: 29.709944087719627
INFO:logs/DIP_log_model_gaussian_kernel=16_sigma=25.log:train PSNR: 28.89726441068293
INFO:logs/DIP_log_model_gaussian_kernel=16_sigma=25.log:test PSNR: 29.720368844829903
INFO:logs/DIP_log_model_gaussian_kernel=16_sigma=25.log:train PSNR: 29.046277815476895
INFO:logs/DIP_log_model_gaussian_kernel=16_sigma=25.log:test PSNR: 29.725181266102826
INFO:logs/DIP_log_model_gaussian_kernel=16_sigma=25.log:train PSNR: 29.019827027460178
INFO:logs/DIP_log_model_gaussian_kernel=16_sigma=25.log:test PSNR: 29.70601155620384
INFO:logs/DIP_log_model_gaussian_kernel=16_sigma=25.log:train PSNR: 28.971185375034718
INFO:logs/DIP_log_model_gaussian_kernel=16_sigma=25.log:test PSNR: 29.728223330658267
INFO:logs/DIP_log_model_gaussian_kernel=16_sigma=25.log:train PSNR: 28.987114518340327
INFO:logs/DIP_log_model_gaussian_kernel=16_sigma=25.log:test PSNR: 29.71208065606467
INFO:logs/DIP_log_model_gaussian_kernel=16_sigma=25.log:train PSNR: 28.990596970644408
INFO:logs/DIP_log_model_gaussian_kernel=16_sigma=25.log:test PSNR: 29.713547777374767
INFO:logs/DIP_log_model_gaussian_kernel=16_sigma=25.log:train PSNR: 28.754480848908052
INFO:logs/DIP_log_model_gaussian_kernel=16_sigma=25.log:test PSNR: 29.718691828678537
INFO:logs/DIP_log_model_gaussian_kernel=16_sigma=25.log:train PSNR: 28.958435735106406
INFO:logs/DIP_log_model_gaussian_kernel=16_sigma=25.log:test PSNR: 29.72848431053632
INFO:logs/DIP_log_model_gaussian_kernel=16_sigma=25.log:train PSNR: 28.60048716046982
INFO:logs/DIP_log_model_gaussian_kernel=16_sigma=25.log:test PSNR: 29.734653189061312
INFO:logs/DIP_log_model_gaussian_kernel=16_sigma=25.log:train PSNR: 28.90900642704198
INFO:logs/DIP_log_model_gaussian_kernel=16_sigma=25.log:test PSNR: 29.724236821186157
INFO:logs/DIP_log_model_gaussian_kernel=16_sigma=25.log:train PSNR: 28.919652003150727
INFO:logs/DIP_log_model_gaussian_kernel=16_sigma=25.log:test PSNR: 29.727407685222687
INFO:logs/DIP_log_model_gaussian_kernel=16_sigma=25.log:train PSNR: 28.9204407436368
INFO:logs/DIP_log_model_gaussian_kernel=16_sigma=25.log:test PSNR: 29.720132005834216
INFO:logs/DIP_log_model_gaussian_kernel=16_sigma=25.log:train PSNR: 29.036038272157064
INFO:logs/DIP_log_model_gaussian_kernel=16_sigma=25.log:test PSNR: 29.741282575445734
INFO:logs/DIP_log_model_gaussian_kernel=16_sigma=25.log:train PSNR: 29.141094470051783
INFO:logs/DIP_log_model_gaussian_kernel=16_sigma=25.log:test PSNR: 29.740724747714122
INFO:logs/DIP_log_model_gaussian_kernel=16_sigma=25.log:train PSNR: 28.918312780270693
INFO:logs/DIP_log_model_gaussian_kernel=16_sigma=25.log:test PSNR: 29.727768159915314
INFO:logs/DIP_log_model_gaussian_kernel=16_sigma=25.log:train PSNR: 28.934755985400173
INFO:logs/DIP_log_model_gaussian_kernel=16_sigma=25.log:test PSNR: 29.73147371514726
INFO:logs/DIP_log_model_gaussian_kernel=16_sigma=25.log:train PSNR: 28.847395813432197
INFO:logs/DIP_log_model_gaussian_kernel=16_sigma=25.log:test PSNR: 29.739998105983005
INFO:logs/DIP_log_model_gaussian_kernel=16_sigma=25.log:train PSNR: 29.04957950615352
INFO:logs/DIP_log_model_gaussian_kernel=16_sigma=25.log:test PSNR: 29.755764421222114
INFO:logs/DIP_log_model_gaussian_kernel=16_sigma=25.log:train PSNR: 28.957786006054253
INFO:logs/DIP_log_model_gaussian_kernel=16_sigma=25.log:test PSNR: 29.757281407585452
INFO:logs/DIP_log_model_gaussian_kernel=16_sigma=25.log:train PSNR: 28.877579210477215
INFO:logs/DIP_log_model_gaussian_kernel=16_sigma=25.log:test PSNR: 29.745007862833024
INFO:logs/DIP_log_model_gaussian_kernel=16_sigma=25.log:train PSNR: 28.94852926507471
INFO:logs/DIP_log_model_gaussian_kernel=16_sigma=25.log:test PSNR: 29.74356707122693
INFO:logs/DIP_log_model_gaussian_kernel=16_sigma=25.log:train PSNR: 28.8424001468144
INFO:logs/DIP_log_model_gaussian_kernel=16_sigma=25.log:test PSNR: 29.759126963895465
INFO:logs/DIP_log_model_gaussian_kernel=16_sigma=25.log:train PSNR: 29.247901433780118
INFO:logs/DIP_log_model_gaussian_kernel=16_sigma=25.log:test PSNR: 29.76128939696459
INFO:logs/DIP_log_model_gaussian_kernel=16_sigma=25.log:train PSNR: 29.064768732590395
INFO:logs/DIP_log_model_gaussian_kernel=16_sigma=25.log:test PSNR: 29.761581612265406
INFO:logs/DIP_log_model_gaussian_kernel=16_sigma=25.log:train PSNR: 28.857310818468832
INFO:logs/DIP_log_model_gaussian_kernel=16_sigma=25.log:test PSNR: 29.752499779447287
INFO:logs/DIP_log_model_gaussian_kernel=16_sigma=25.log:train PSNR: 28.88849612175085
INFO:logs/DIP_log_model_gaussian_kernel=16_sigma=25.log:test PSNR: 29.756981493198627
INFO:logs/DIP_log_model_gaussian_kernel=16_sigma=25.log:train PSNR: 28.89289916141022
INFO:logs/DIP_log_model_gaussian_kernel=16_sigma=25.log:test PSNR: 29.764193410009185
INFO:logs/DIP_log_model_gaussian_kernel=16_sigma=25.log:train PSNR: 28.99576031048814
INFO:logs/DIP_log_model_gaussian_kernel=16_sigma=25.log:test PSNR: 29.764198205219028
INFO:logs/DIP_log_model_gaussian_kernel=16_sigma=25.log:train PSNR: 28.959235063746075
INFO:logs/DIP_log_model_gaussian_kernel=16_sigma=25.log:test PSNR: 29.761017666208655
INFO:logs/DIP_log_model_gaussian_kernel=16_sigma=25.log:train PSNR: 29.199526739900442
INFO:logs/DIP_log_model_gaussian_kernel=16_sigma=25.log:test PSNR: 29.756778062498864
INFO:logs/DIP_log_model_gaussian_kernel=16_sigma=25.log:train PSNR: 29.081085322803183
INFO:logs/DIP_log_model_gaussian_kernel=16_sigma=25.log:test PSNR: 29.766836099863156
INFO:logs/DIP_log_model_gaussian_kernel=16_sigma=25.log:train PSNR: 28.83126190136542
INFO:logs/DIP_log_model_gaussian_kernel=16_sigma=25.log:test PSNR: 29.750829655266074
INFO:logs/DIP_log_model_gaussian_kernel=16_sigma=25.log:train PSNR: 28.94547429580064
INFO:logs/DIP_log_model_gaussian_kernel=16_sigma=25.log:test PSNR: 29.76178121344827
INFO:logs/DIP_log_model_gaussian_kernel=16_sigma=25.log:train PSNR: 28.88893201422262
INFO:logs/DIP_log_model_gaussian_kernel=16_sigma=25.log:test PSNR: 29.7614754092977
INFO:logs/DIP_log_model_gaussian_kernel=16_sigma=25.log:train PSNR: 28.975689466980192
INFO:logs/DIP_log_model_gaussian_kernel=16_sigma=25.log:test PSNR: 29.76479676372733
INFO:logs/DIP_log_model_gaussian_kernel=16_sigma=25.log:train PSNR: 29.024732294740698
INFO:logs/DIP_log_model_gaussian_kernel=16_sigma=25.log:test PSNR: 29.769504064858417
INFO:logs/DIP_log_model_gaussian_kernel=16_sigma=25.log:train PSNR: 29.078891010940453
INFO:logs/DIP_log_model_gaussian_kernel=16_sigma=25.log:test PSNR: 29.755687846467264
INFO:logs/DIP_log_model_gaussian_kernel=16_sigma=25.log:train PSNR: 29.092969030135535
INFO:logs/DIP_log_model_gaussian_kernel=16_sigma=25.log:test PSNR: 29.74722832424193
INFO:logs/DIP_log_model_gaussian_kernel=16_sigma=25.log:train PSNR: 29.039311161562996
INFO:logs/DIP_log_model_gaussian_kernel=16_sigma=25.log:test PSNR: 29.77034473272422
INFO:logs/DIP_log_model_gaussian_kernel=16_sigma=25.log:train PSNR: 29.077711280465493
INFO:logs/DIP_log_model_gaussian_kernel=16_sigma=25.log:test PSNR: 29.761836797389027
INFO:logs/DIP_log_model_gaussian_kernel=16_sigma=25.log:train PSNR: 28.73764105850758
INFO:logs/DIP_log_model_gaussian_kernel=16_sigma=25.log:test PSNR: 29.769577925743516
INFO:logs/DIP_log_model_gaussian_kernel=16_sigma=25.log:train PSNR: 28.776771948772147
INFO:logs/DIP_log_model_gaussian_kernel=16_sigma=25.log:test PSNR: 29.76649271398778
INFO:logs/DIP_log_model_gaussian_kernel=16_sigma=25.log:train PSNR: 29.015206615195083
INFO:logs/DIP_log_model_gaussian_kernel=16_sigma=25.log:test PSNR: 29.77454045584831
INFO:logs/DIP_log_model_gaussian_kernel=16_sigma=25.log:train PSNR: 29.003186970399838
INFO:logs/DIP_log_model_gaussian_kernel=16_sigma=25.log:test PSNR: 29.765519365871153
INFO:logs/DIP_log_model_gaussian_kernel=16_sigma=25.log:train PSNR: 29.204148146373292
INFO:logs/DIP_log_model_gaussian_kernel=16_sigma=25.log:test PSNR: 29.77179080780485
INFO:logs/DIP_log_model_gaussian_kernel=16_sigma=25.log:train PSNR: 28.675820683472686
INFO:logs/DIP_log_model_gaussian_kernel=16_sigma=25.log:test PSNR: 29.77433378465162
INFO:logs/DIP_log_model_gaussian_kernel=16_sigma=25.log:train PSNR: 28.904613616476883
INFO:logs/DIP_log_model_gaussian_kernel=16_sigma=25.log:test PSNR: 29.77927923244135
INFO:logs/DIP_log_model_gaussian_kernel=16_sigma=25.log:train PSNR: 28.704497816966406
INFO:logs/DIP_log_model_gaussian_kernel=16_sigma=25.log:test PSNR: 29.776522974329538
INFO:logs/DIP_log_model_gaussian_kernel=16_sigma=25.log:train PSNR: 29.185625530103493
INFO:logs/DIP_log_model_gaussian_kernel=16_sigma=25.log:test PSNR: 29.778825945803302
INFO:logs/DIP_log_model_gaussian_kernel=16_sigma=25.log:train PSNR: 29.058571233783002
INFO:logs/DIP_log_model_gaussian_kernel=16_sigma=25.log:test PSNR: 29.774991902090985
INFO:logs/DIP_log_model_gaussian_kernel=16_sigma=25.log:train PSNR: 29.093260028774743
INFO:logs/DIP_log_model_gaussian_kernel=16_sigma=25.log:test PSNR: 29.77406792847505
INFO:logs/DIP_log_model_gaussian_kernel=16_sigma=25.log:train PSNR: 28.961046428996326
INFO:logs/DIP_log_model_gaussian_kernel=16_sigma=25.log:test PSNR: 29.773770576507562
INFO:logs/DIP_log_model_gaussian_kernel=16_sigma=25.log:train PSNR: 29.021445754079604
INFO:logs/DIP_log_model_gaussian_kernel=16_sigma=25.log:test PSNR: 29.773067906568443
INFO:logs/DIP_log_model_gaussian_kernel=16_sigma=25.log:train PSNR: 28.98352773196756
INFO:logs/DIP_log_model_gaussian_kernel=16_sigma=25.log:test PSNR: 29.772417072349604
INFO:logs/DIP_log_model_gaussian_kernel=16_sigma=25.log:train PSNR: 28.958884375664258
INFO:logs/DIP_log_model_gaussian_kernel=16_sigma=25.log:test PSNR: 29.77781222271965
INFO:logs/DIP_log_model_gaussian_kernel=16_sigma=25.log:train PSNR: 29.139953744962924
INFO:logs/DIP_log_model_gaussian_kernel=16_sigma=25.log:test PSNR: 29.772133201154507
INFO:logs/DIP_log_model_gaussian_kernel=16_sigma=25.log:train PSNR: 29.114697106297978
INFO:logs/DIP_log_model_gaussian_kernel=16_sigma=25.log:test PSNR: 29.776601385208025
INFO:logs/DIP_log_model_gaussian_kernel=16_sigma=25.log:train PSNR: 28.90605897654424
INFO:logs/DIP_log_model_gaussian_kernel=16_sigma=25.log:test PSNR: 29.778352459722736
INFO:logs/DIP_log_model_gaussian_kernel=16_sigma=25.log:train PSNR: 28.992839063959103
INFO:logs/DIP_log_model_gaussian_kernel=16_sigma=25.log:test PSNR: 29.778659449758205
INFO:logs/DIP_log_model_gaussian_kernel=16_sigma=25.log:train PSNR: 29.16269810558755
INFO:logs/DIP_log_model_gaussian_kernel=16_sigma=25.log:test PSNR: 29.778706799953195
INFO:logs/DIP_log_model_gaussian_kernel=16_sigma=25.log:train PSNR: 29.05233307833447
INFO:logs/DIP_log_model_gaussian_kernel=16_sigma=25.log:test PSNR: 29.77847653512103
INFO:logs/DIP_log_model_gaussian_kernel=16_sigma=25.log:train PSNR: 29.12665360458395
INFO:logs/DIP_log_model_gaussian_kernel=16_sigma=25.log:test PSNR: 29.777286222981704
INFO:logs/DIP_log_model_gaussian_kernel=16_sigma=25.log:train PSNR: 28.926710769357193
INFO:logs/DIP_log_model_gaussian_kernel=16_sigma=25.log:test PSNR: 29.77811728445985
INFO:logs/DIP_log_model_gaussian_kernel=16_sigma=25.log:train PSNR: 28.91430147533958
INFO:logs/DIP_log_model_gaussian_kernel=16_sigma=25.log:test PSNR: 29.78029866597676
INFO:logs/DIP_log_model_gaussian_kernel=16_sigma=25.log:train PSNR: 29.08380587510481
INFO:logs/DIP_log_model_gaussian_kernel=16_sigma=25.log:test PSNR: 29.779896378272802
INFO:logs/DIP_log_model_gaussian_kernel=16_sigma=25.log:train PSNR: 29.07315606819072
INFO:logs/DIP_log_model_gaussian_kernel=16_sigma=25.log:test PSNR: 29.780606819627394
INFO:logs/DIP_log_model_gaussian_kernel=16_sigma=25.log:train PSNR: 28.93880841810473
INFO:logs/DIP_log_model_gaussian_kernel=16_sigma=25.log:test PSNR: 29.77850518355872
INFO:logs/DIP_log_model_gaussian_kernel=16_sigma=25.log:train PSNR: 29.00390595299975
INFO:logs/DIP_log_model_gaussian_kernel=16_sigma=25.log:test PSNR: 29.783290429520502
INFO:logs/DIP_log_model_gaussian_kernel=16_sigma=25.log:train PSNR: 28.893434144736734
INFO:logs/DIP_log_model_gaussian_kernel=16_sigma=25.log:test PSNR: 29.782551093731286
INFO:logs/DIP_log_model_gaussian_kernel=16_sigma=25.log:train PSNR: 28.948958170465914
INFO:logs/DIP_log_model_gaussian_kernel=16_sigma=25.log:test PSNR: 29.781104700640586
INFO:logs/DIP_log_model_gaussian_kernel=16_sigma=25.log:train PSNR: 29.053518127053895
INFO:logs/DIP_log_model_gaussian_kernel=16_sigma=25.log:test PSNR: 29.771293362740426
INFO:logs/DIP_log_model_gaussian_kernel=16_sigma=25.log:train PSNR: 28.906011958472146
INFO:logs/DIP_log_model_gaussian_kernel=16_sigma=25.log:test PSNR: 29.78120150410225
INFO:logs/DIP_log_model_gaussian_kernel=16_sigma=25.log:train PSNR: 29.143924717191165
INFO:logs/DIP_log_model_gaussian_kernel=16_sigma=25.log:test PSNR: 29.781266253827127
INFO:logs/DIP_log_model_gaussian_kernel=16_sigma=25.log:train PSNR: 28.76662900901786
INFO:logs/DIP_log_model_gaussian_kernel=16_sigma=25.log:test PSNR: 29.774073139171673
INFO:logs/DIP_log_model_gaussian_kernel=16_sigma=25.log:train PSNR: 28.82844795466072
INFO:logs/DIP_log_model_gaussian_kernel=16_sigma=25.log:test PSNR: 29.779681871837994
INFO:logs/DIP_log_model_gaussian_kernel=16_sigma=25.log:train PSNR: 29.027950996080314
INFO:logs/DIP_log_model_gaussian_kernel=16_sigma=25.log:test PSNR: 29.779209963305863
INFO:logs/DIP_log_model_gaussian_kernel=16_sigma=25.log:train PSNR: 29.075522022472352
INFO:logs/DIP_log_model_gaussian_kernel=16_sigma=25.log:test PSNR: 29.780268075517945
INFO:logs/DIP_log_model_gaussian_kernel=16_sigma=25.log:train PSNR: 28.79114381137906
INFO:logs/DIP_log_model_gaussian_kernel=16_sigma=25.log:test PSNR: 29.77952601032296
INFO:logs/DIP_log_model_gaussian_kernel=16_sigma=25.log:train PSNR: 28.935915974519137
INFO:logs/DIP_log_model_gaussian_kernel=16_sigma=25.log:test PSNR: 29.77786780987181
INFO:logs/DIP_log_model_gaussian_kernel=16_sigma=25.log:train PSNR: 28.829089290820892
INFO:logs/DIP_log_model_gaussian_kernel=16_sigma=25.log:test PSNR: 29.7813063711016
INFO:logs/DIP_log_model_gaussian_kernel=16_sigma=25.log:train PSNR: 29.034717162708148
INFO:logs/DIP_log_model_gaussian_kernel=16_sigma=25.log:test PSNR: 29.78200979662686
INFO:logs/DIP_log_model_gaussian_kernel=16_sigma=25.log:train PSNR: 28.90976247983238
INFO:logs/DIP_log_model_gaussian_kernel=16_sigma=25.log:test PSNR: 29.7797764558687
INFO:logs/DIP_log_model_gaussian_kernel=16_sigma=25.log:train PSNR: 29.005666861982814
INFO:logs/DIP_log_model_gaussian_kernel=16_sigma=25.log:test PSNR: 29.77969353091732
INFO:logs/DIP_log_model_gaussian_kernel=16_sigma=25.log:train PSNR: 28.881200292454672
INFO:logs/DIP_log_model_gaussian_kernel=16_sigma=25.log:test PSNR: 29.780542030212956
INFO:logs/DIP_log_model_gaussian_kernel=16_sigma=25.log:train PSNR: 29.161820560750954
INFO:logs/DIP_log_model_gaussian_kernel=16_sigma=25.log:test PSNR: 29.782264423446577
INFO:logs/DIP_log_model_gaussian_kernel=16_sigma=25.log:train PSNR: 29.37173061701094
INFO:logs/DIP_log_model_gaussian_kernel=16_sigma=25.log:test PSNR: 29.78179323606119
INFO:logs/DIP_log_model_gaussian_kernel=16_sigma=25.log:train PSNR: 28.951282302101653
INFO:logs/DIP_log_model_gaussian_kernel=16_sigma=25.log:test PSNR: 29.779876668092385
INFO:logs/DIP_log_model_gaussian_kernel=16_sigma=25.log:train PSNR: 29.377528298043753
INFO:logs/DIP_log_model_gaussian_kernel=16_sigma=25.log:test PSNR: 29.78006634802597
INFO:logs/DIP_log_model_gaussian_kernel=16_sigma=25.log:train PSNR: 28.929226005905093
INFO:logs/DIP_log_model_gaussian_kernel=16_sigma=25.log:test PSNR: 29.780947174858543
INFO:logs/DIP_log_model_gaussian_kernel=16_sigma=25.log:train PSNR: 28.824210338973426
INFO:logs/DIP_log_model_gaussian_kernel=16_sigma=25.log:test PSNR: 29.783686684091954
INFO:logs/DIP_log_model_gaussian_kernel=16_sigma=25.log:train PSNR: 28.937113479259203
INFO:logs/DIP_log_model_gaussian_kernel=16_sigma=25.log:test PSNR: 29.781799864341956
INFO:logs/DIP_log_model_gaussian_kernel=16_sigma=25.log:train PSNR: 29.137713049195852
INFO:logs/DIP_log_model_gaussian_kernel=16_sigma=25.log:test PSNR: 29.781036158470798
INFO:logs/DIP_log_model_gaussian_kernel=16_sigma=25.log:train PSNR: 28.840347170488094
INFO:logs/DIP_log_model_gaussian_kernel=16_sigma=25.log:test PSNR: 29.78004397609136
INFO:logs/DIP_log_model_gaussian_kernel=16_sigma=25.log:train PSNR: 28.790578814556042
INFO:logs/DIP_log_model_gaussian_kernel=16_sigma=25.log:test PSNR: 29.78230312914271
INFO:logs/DIP_log_model_gaussian_kernel=16_sigma=25.log:train PSNR: 28.880846626709598
INFO:logs/DIP_log_model_gaussian_kernel=16_sigma=25.log:test PSNR: 29.77931694418142
INFO:logs/DIP_log_model_gaussian_kernel=16_sigma=25.log:train PSNR: 28.931814028166258
INFO:logs/DIP_log_model_gaussian_kernel=16_sigma=25.log:test PSNR: 29.779759775247232
INFO:logs/DIP_log_model_gaussian_kernel=16_sigma=25.log:train PSNR: 29.26108154965882
INFO:logs/DIP_log_model_gaussian_kernel=16_sigma=25.log:test PSNR: 29.781120057640706
INFO:logs/DIP_log_model_gaussian_kernel=16_sigma=25.log:train PSNR: 28.946585224584187
INFO:logs/DIP_log_model_gaussian_kernel=16_sigma=25.log:test PSNR: 29.782126677562786
INFO:logs/DIP_log_model_gaussian_kernel=16_sigma=25.log:train PSNR: 28.869856519995675
INFO:logs/DIP_log_model_gaussian_kernel=16_sigma=25.log:test PSNR: 29.781580556302487
INFO:logs/DIP_log_model_gaussian_kernel=16_sigma=25.log:train PSNR: 28.911114308021116
INFO:logs/DIP_log_model_gaussian_kernel=16_sigma=25.log:test PSNR: 29.782122652977538
INFO:logs/DIP_log_model_gaussian_kernel=16_sigma=25.log:train PSNR: 29.018645448668654
INFO:logs/DIP_log_model_gaussian_kernel=16_sigma=25.log:test PSNR: 29.781318489640753
INFO:logs/DIP_log_model_gaussian_kernel=16_sigma=25.log:train PSNR: 28.900771009393235
INFO:logs/DIP_log_model_gaussian_kernel=16_sigma=25.log:test PSNR: 29.782477437385136
INFO:logs/DIP_log_model_gaussian_kernel=16_sigma=25.log:train PSNR: 29.093561775261225
INFO:logs/DIP_log_model_gaussian_kernel=16_sigma=25.log:test PSNR: 29.78216036864413
INFO:logs/DIP_log_model_gaussian_kernel=16_sigma=25.log:train PSNR: 28.819910590979674
INFO:logs/DIP_log_model_gaussian_kernel=16_sigma=25.log:test PSNR: 29.78268862873577
INFO:logs/DIP_log_model_gaussian_kernel=16_sigma=25.log:train PSNR: 29.13693135836956
INFO:logs/DIP_log_model_gaussian_kernel=16_sigma=25.log:test PSNR: 29.783071741297356
INFO:logs/DIP_log_model_gaussian_kernel=16_sigma=25.log:train PSNR: 28.997609160447332
INFO:logs/DIP_log_model_gaussian_kernel=16_sigma=25.log:test PSNR: 29.78264003767315
INFO:logs/DIP_log_model_gaussian_kernel=16_sigma=25.log:train PSNR: 29.236454036459385
INFO:logs/DIP_log_model_gaussian_kernel=16_sigma=25.log:test PSNR: 29.783149893352984
INFO:logs/DIP_log_model_gaussian_kernel=16_sigma=25.log:train PSNR: 29.006766582795986
INFO:logs/DIP_log_model_gaussian_kernel=16_sigma=25.log:test PSNR: 29.783051980761257
INFO:logs/DIP_log_model_gaussian_kernel=16_sigma=25.log:train PSNR: 29.092388867712227
INFO:logs/DIP_log_model_gaussian_kernel=16_sigma=25.log:test PSNR: 29.782108638835044
INFO:logs/DIP_log_model_gaussian_kernel=16_sigma=25.log:train PSNR: 28.768522769830273
INFO:logs/DIP_log_model_gaussian_kernel=16_sigma=25.log:test PSNR: 29.78220892020138
INFO:logs/DIP_log_model_gaussian_kernel=16_sigma=25.log:train PSNR: 28.84156895286649
INFO:logs/DIP_log_model_gaussian_kernel=16_sigma=25.log:test PSNR: 29.783161983509512
INFO:logs/DIP_log_model_gaussian_kernel=16_sigma=25.log:train PSNR: 29.076579698963883
INFO:logs/DIP_log_model_gaussian_kernel=16_sigma=25.log:test PSNR: 29.78393459565357
INFO:logs/DIP_log_model_gaussian_kernel=16_sigma=25.log:train PSNR: 29.119494514020833
INFO:logs/DIP_log_model_gaussian_kernel=16_sigma=25.log:test PSNR: 29.783077205018557
INFO:logs/DIP_log_model_gaussian_kernel=16_sigma=25.log:train PSNR: 29.124530135303036
INFO:logs/DIP_log_model_gaussian_kernel=16_sigma=25.log:test PSNR: 29.783637806441817
INFO:logs/DIP_log_model_gaussian_kernel=16_sigma=25.log:train PSNR: 28.83343681850463
INFO:logs/DIP_log_model_gaussian_kernel=16_sigma=25.log:test PSNR: 29.78291750228332
INFO:logs/DIP_log_model_gaussian_kernel=16_sigma=25.log:train PSNR: 29.105831966991847
INFO:logs/DIP_log_model_gaussian_kernel=16_sigma=25.log:test PSNR: 29.783246365434454
INFO:logs/DIP_log_model_gaussian_kernel=16_sigma=25.log:train PSNR: 29.178401656652035
INFO:logs/DIP_log_model_gaussian_kernel=16_sigma=25.log:test PSNR: 29.782456143591695
INFO:logs/DIP_log_model_gaussian_kernel=16_sigma=25.log:train PSNR: 29.105556688117936
INFO:logs/DIP_log_model_gaussian_kernel=16_sigma=25.log:test PSNR: 29.782250563049825
INFO:logs/DIP_log_model_gaussian_kernel=16_sigma=25.log:train PSNR: 28.934390926280173
INFO:logs/DIP_log_model_gaussian_kernel=16_sigma=25.log:test PSNR: 29.781941657648872
INFO:logs/DIP_log_model_gaussian_kernel=16_sigma=25.log:train PSNR: 29.25788542729604
INFO:logs/DIP_log_model_gaussian_kernel=16_sigma=25.log:test PSNR: 29.781467525370925
INFO:logs/DIP_log_model_gaussian_kernel=16_sigma=25.log:train PSNR: 29.181170237850154
INFO:logs/DIP_log_model_gaussian_kernel=16_sigma=25.log:test PSNR: 29.783751588252002
INFO:logs/DIP_log_model_gaussian_kernel=16_sigma=25.log:train PSNR: 29.2605814282741
INFO:logs/DIP_log_model_gaussian_kernel=16_sigma=25.log:test PSNR: 29.783552479885095
INFO:logs/DIP_log_model_gaussian_kernel=16_sigma=25.log:train PSNR: 29.1623581960362
INFO:logs/DIP_log_model_gaussian_kernel=16_sigma=25.log:test PSNR: 29.782577135508262
INFO:logs/DIP_log_model_gaussian_kernel=16_sigma=25.log:train PSNR: 28.834679711576193
INFO:logs/DIP_log_model_gaussian_kernel=16_sigma=25.log:test PSNR: 29.78278462855988
INFO:logs/DIP_log_model_gaussian_kernel=16_sigma=25.log:train PSNR: 29.024888574164436
INFO:logs/DIP_log_model_gaussian_kernel=16_sigma=25.log:test PSNR: 29.78241313793045
INFO:logs/DIP_log_model_gaussian_kernel=16_sigma=25.log:train PSNR: 28.953191018482705
INFO:logs/DIP_log_model_gaussian_kernel=16_sigma=25.log:test PSNR: 29.782706990435877
INFO:logs/DIP_log_model_gaussian_kernel=16_sigma=25.log:train PSNR: 29.163636650796427
INFO:logs/DIP_log_model_gaussian_kernel=16_sigma=25.log:test PSNR: 29.782482773064675
INFO:logs/DIP_log_model_gaussian_kernel=16_sigma=25.log:train PSNR: 29.175800620345925
INFO:logs/DIP_log_model_gaussian_kernel=16_sigma=25.log:test PSNR: 29.78262625435418
INFO:logs/DIP_log_model_gaussian_kernel=16_sigma=25.log:train PSNR: 29.26775048748306
INFO:logs/DIP_log_model_gaussian_kernel=16_sigma=25.log:test PSNR: 29.782947459903003
INFO:logs/DIP_log_model_gaussian_kernel=16_sigma=25.log:train PSNR: 28.92597079064401
INFO:logs/DIP_log_model_gaussian_kernel=16_sigma=25.log:test PSNR: 29.782849870369628
INFO:logs/DIP_log_model_gaussian_kernel=16_sigma=25.log:train PSNR: 28.97690104256468
INFO:logs/DIP_log_model_gaussian_kernel=16_sigma=25.log:test PSNR: 29.78289161601841
INFO:logs/DIP_log_model_gaussian_kernel=16_sigma=25.log:train PSNR: 29.0975070495735
INFO:logs/DIP_log_model_gaussian_kernel=16_sigma=25.log:test PSNR: 29.782903622136867
INFO:logs/DIP_log_model_gaussian_kernel=16_sigma=25.log:train PSNR: 28.97628934975267
INFO:logs/DIP_log_model_gaussian_kernel=16_sigma=25.log:test PSNR: 29.783372293745757
INFO:logs/DIP_log_model_gaussian_kernel=16_sigma=25.log:train PSNR: 29.185965056674245
INFO:logs/DIP_log_model_gaussian_kernel=16_sigma=25.log:test PSNR: 29.783504669301266
INFO:logs/DIP_log_model_gaussian_kernel=16_sigma=25.log:train PSNR: 28.817947757366316
INFO:logs/DIP_log_model_gaussian_kernel=16_sigma=25.log:test PSNR: 29.78330136489454
INFO:logs/DIP_log_model_gaussian_kernel=16_sigma=25.log:train PSNR: 29.076530011017642
INFO:logs/DIP_log_model_gaussian_kernel=16_sigma=25.log:test PSNR: 29.782951088039425
INFO:logs/DIP_log_model_gaussian_kernel=16_sigma=25.log:train PSNR: 28.815842964497044
INFO:logs/DIP_log_model_gaussian_kernel=16_sigma=25.log:test PSNR: 29.78281200020799
INFO:logs/DIP_log_model_gaussian_kernel=16_sigma=25.log:train PSNR: 29.252044514965394
INFO:logs/DIP_log_model_gaussian_kernel=16_sigma=25.log:test PSNR: 29.782926916259992
INFO:logs/DIP_log_model_gaussian_kernel=16_sigma=25.log:train PSNR: 28.83599089116761
INFO:logs/DIP_log_model_gaussian_kernel=16_sigma=25.log:test PSNR: 29.78300792857177
INFO:logs/DIP_log_model_gaussian_kernel=16_sigma=25.log:train PSNR: 28.926721157732057
INFO:logs/DIP_log_model_gaussian_kernel=16_sigma=25.log:test PSNR: 29.78292859251708
INFO:logs/DIP_log_model_gaussian_kernel=16_sigma=25.log:train PSNR: 28.88390264237862
INFO:logs/DIP_log_model_gaussian_kernel=16_sigma=25.log:test PSNR: 29.78294151274146
INFO:logs/DIP_log_model_gaussian_kernel=16_sigma=25.log:train PSNR: 29.14619033191786
INFO:logs/DIP_log_model_gaussian_kernel=16_sigma=25.log:test PSNR: 29.783528976457777
INFO:logs/DIP_log_model_gaussian_kernel=16_sigma=25.log:train PSNR: 29.361410217095052
INFO:logs/DIP_log_model_gaussian_kernel=16_sigma=25.log:test PSNR: 29.783601125567806
INFO:logs/DIP_log_model_gaussian_kernel=16_sigma=25.log:train PSNR: 29.01454874327841
INFO:logs/DIP_log_model_gaussian_kernel=16_sigma=25.log:test PSNR: 29.783576425590226
INFO:logs/DIP_log_model_gaussian_kernel=16_sigma=25.log:train PSNR: 28.844563367306865
INFO:logs/DIP_log_model_gaussian_kernel=16_sigma=25.log:test PSNR: 29.783208726027354
INFO:logs/DIP_log_model_gaussian_kernel=16_sigma=25.log:train PSNR: 29.131672310782204
INFO:logs/DIP_log_model_gaussian_kernel=16_sigma=25.log:test PSNR: 29.783381908450764
