
INFO:logs/DIP_log_model_gaussian_kernel=4_sigma=25.log_model:first model = 
ConvLista_T(
  (apply_A): ConvTranspose2d(175, 1, kernel_size=(11, 11), stride=(8, 8), bias=False)
  (apply_B): Conv2d(1, 175, kernel_size=(11, 11), stride=(8, 8), bias=False)
  (apply_C): Sequential(
    (0): ConvTranspose2d(175, 1, kernel_size=(11, 11), stride=(8, 8))
  )
  (soft_threshold): SoftThreshold()
)

INFO:logs/DIP_log_model_gaussian_kernel=4_sigma=25.log_model:config_dict = {'uuid': 'DIP_project_gaussian_kernel=4_sigma=25', 'kernel_size': 11, 'stride': 8, 'num_filters': 175, 'lr': 0.0002, 'unfoldings': 12, 'lr_decay': 0.35, 'patch_size': 128, 'num_epochs': 250, 'lr_step': 50, 'eps': 0.001, 'threshold': 0.01, 'noise_std': 0.09803921568627451, 'gaussian_size': 4, 'gaussian_sigma': 25}

INFO:logs/DIP_log_model_gaussian_kernel=4_sigma=25.log:train PSNR: 32.6351962196152
INFO:logs/DIP_log_model_gaussian_kernel=4_sigma=25.log:test PSNR: 33.48560346002254
INFO:logs/DIP_log_model_gaussian_kernel=4_sigma=25.log:train PSNR: 32.64287592733863
INFO:logs/DIP_log_model_gaussian_kernel=4_sigma=25.log:test PSNR: 33.638757125942114
INFO:logs/DIP_log_model_gaussian_kernel=4_sigma=25.log:train PSNR: 32.99089257007661
INFO:logs/DIP_log_model_gaussian_kernel=4_sigma=25.log:test PSNR: 33.73133377956039
INFO:logs/DIP_log_model_gaussian_kernel=4_sigma=25.log:train PSNR: 32.94597189536106
INFO:logs/DIP_log_model_gaussian_kernel=4_sigma=25.log:test PSNR: 33.87612203221231
INFO:logs/DIP_log_model_gaussian_kernel=4_sigma=25.log:train PSNR: 32.98174561367144
INFO:logs/DIP_log_model_gaussian_kernel=4_sigma=25.log:test PSNR: 34.053000842053564
INFO:logs/DIP_log_model_gaussian_kernel=4_sigma=25.log:train PSNR: 33.19945041970957
INFO:logs/DIP_log_model_gaussian_kernel=4_sigma=25.log:test PSNR: 34.20944600395021
INFO:logs/DIP_log_model_gaussian_kernel=4_sigma=25.log:train PSNR: 33.55711689209753
INFO:logs/DIP_log_model_gaussian_kernel=4_sigma=25.log:test PSNR: 34.168880161876956
INFO:logs/DIP_log_model_gaussian_kernel=4_sigma=25.log:train PSNR: 33.479042157553785
INFO:logs/DIP_log_model_gaussian_kernel=4_sigma=25.log:test PSNR: 34.444324951765864
INFO:logs/DIP_log_model_gaussian_kernel=4_sigma=25.log:train PSNR: 32.85386172241075
INFO:logs/DIP_log_model_gaussian_kernel=4_sigma=25.log:test PSNR: 34.45044695640135
INFO:logs/DIP_log_model_gaussian_kernel=4_sigma=25.log:train PSNR: 33.703011543391135
INFO:logs/DIP_log_model_gaussian_kernel=4_sigma=25.log:test PSNR: 34.681663962474005
INFO:logs/DIP_log_model_gaussian_kernel=4_sigma=25.log:train PSNR: 34.0223455923271
INFO:logs/DIP_log_model_gaussian_kernel=4_sigma=25.log:test PSNR: 34.77200110659595
INFO:logs/DIP_log_model_gaussian_kernel=4_sigma=25.log:train PSNR: 34.08970397669785
INFO:logs/DIP_log_model_gaussian_kernel=4_sigma=25.log:test PSNR: 34.93108609624115
INFO:logs/DIP_log_model_gaussian_kernel=4_sigma=25.log:train PSNR: 34.12892559646886
INFO:logs/DIP_log_model_gaussian_kernel=4_sigma=25.log:test PSNR: 34.99586941892079
INFO:logs/DIP_log_model_gaussian_kernel=4_sigma=25.log:train PSNR: 33.43655710678459
INFO:logs/DIP_log_model_gaussian_kernel=4_sigma=25.log:test PSNR: 34.98583483137906
INFO:logs/DIP_log_model_gaussian_kernel=4_sigma=25.log:train PSNR: 34.108707737146545
INFO:logs/DIP_log_model_gaussian_kernel=4_sigma=25.log:test PSNR: 35.14483689027043
INFO:logs/DIP_log_model_gaussian_kernel=4_sigma=25.log:train PSNR: 34.297641237140994
INFO:logs/DIP_log_model_gaussian_kernel=4_sigma=25.log:test PSNR: 35.26049543960818
INFO:logs/DIP_log_model_gaussian_kernel=4_sigma=25.log:train PSNR: 34.35380048687448
INFO:logs/DIP_log_model_gaussian_kernel=4_sigma=25.log:test PSNR: 35.21252091419686
INFO:logs/DIP_log_model_gaussian_kernel=4_sigma=25.log:train PSNR: 33.516477532449464
INFO:logs/DIP_log_model_gaussian_kernel=4_sigma=25.log:test PSNR: 35.034372993917266
INFO:logs/DIP_log_model_gaussian_kernel=4_sigma=25.log:train PSNR: 34.54890773977733
INFO:logs/DIP_log_model_gaussian_kernel=4_sigma=25.log:test PSNR: 35.42898726700062
INFO:logs/DIP_log_model_gaussian_kernel=4_sigma=25.log:train PSNR: 34.64900451501534
INFO:logs/DIP_log_model_gaussian_kernel=4_sigma=25.log:test PSNR: 35.549354938941256
INFO:logs/DIP_log_model_gaussian_kernel=4_sigma=25.log:train PSNR: 34.709713815963916
INFO:logs/DIP_log_model_gaussian_kernel=4_sigma=25.log:test PSNR: 35.603561029802336
INFO:logs/DIP_log_model_gaussian_kernel=4_sigma=25.log:train PSNR: 34.76155464654311
INFO:logs/DIP_log_model_gaussian_kernel=4_sigma=25.log:test PSNR: 35.63393664110911
INFO:logs/DIP_log_model_gaussian_kernel=4_sigma=25.log:train PSNR: 34.86353564925725
INFO:logs/DIP_log_model_gaussian_kernel=4_sigma=25.log:test PSNR: 35.83385084835214
INFO:logs/DIP_log_model_gaussian_kernel=4_sigma=25.log:train PSNR: 33.757215481111956
INFO:logs/DIP_log_model_gaussian_kernel=4_sigma=25.log:test PSNR: 34.47007011804117
INFO:logs/DIP_log_model_gaussian_kernel=4_sigma=25.log:train PSNR: 34.563559767343904
INFO:logs/DIP_log_model_gaussian_kernel=4_sigma=25.log:test PSNR: 35.73088853239602
INFO:logs/DIP_log_model_gaussian_kernel=4_sigma=25.log:train PSNR: 35.24590317229466
INFO:logs/DIP_log_model_gaussian_kernel=4_sigma=25.log:test PSNR: 35.904793833966885
INFO:logs/DIP_log_model_gaussian_kernel=4_sigma=25.log:train PSNR: 35.33136444685323
INFO:logs/DIP_log_model_gaussian_kernel=4_sigma=25.log:test PSNR: 35.95960725524559
INFO:logs/DIP_log_model_gaussian_kernel=4_sigma=25.log:train PSNR: 35.33711326335358
INFO:logs/DIP_log_model_gaussian_kernel=4_sigma=25.log:test PSNR: 35.99839143616551
INFO:logs/DIP_log_model_gaussian_kernel=4_sigma=25.log:train PSNR: 35.16855984553353
INFO:logs/DIP_log_model_gaussian_kernel=4_sigma=25.log:test PSNR: 36.015511022866704
INFO:logs/DIP_log_model_gaussian_kernel=4_sigma=25.log:train PSNR: 35.22007156277705
INFO:logs/DIP_log_model_gaussian_kernel=4_sigma=25.log:test PSNR: 36.02563292445395
INFO:logs/DIP_log_model_gaussian_kernel=4_sigma=25.log:train PSNR: 35.732603535626154
INFO:logs/DIP_log_model_gaussian_kernel=4_sigma=25.log:test PSNR: 36.113982264220425
INFO:logs/DIP_log_model_gaussian_kernel=4_sigma=25.log:train PSNR: 35.42244617137731
INFO:logs/DIP_log_model_gaussian_kernel=4_sigma=25.log:test PSNR: 36.07198017039495
INFO:logs/DIP_log_model_gaussian_kernel=4_sigma=25.log:train PSNR: 35.33702862900508
INFO:logs/DIP_log_model_gaussian_kernel=4_sigma=25.log:test PSNR: 36.20645925995243
INFO:logs/DIP_log_model_gaussian_kernel=4_sigma=25.log:train PSNR: 35.60323886702531
INFO:logs/DIP_log_model_gaussian_kernel=4_sigma=25.log:test PSNR: 36.214411594394875
INFO:logs/DIP_log_model_gaussian_kernel=4_sigma=25.log:train PSNR: 35.50801525425926
INFO:logs/DIP_log_model_gaussian_kernel=4_sigma=25.log:test PSNR: 36.27446079392767
INFO:logs/DIP_log_model_gaussian_kernel=4_sigma=25.log:train PSNR: 35.65953101201718
INFO:logs/DIP_log_model_gaussian_kernel=4_sigma=25.log:test PSNR: 36.16083162810956
INFO:logs/DIP_log_model_gaussian_kernel=4_sigma=25.log:train PSNR: 35.504670470788675
INFO:logs/DIP_log_model_gaussian_kernel=4_sigma=25.log:test PSNR: 36.383505288056064
INFO:logs/DIP_log_model_gaussian_kernel=4_sigma=25.log:train PSNR: 35.781675420325435
INFO:logs/DIP_log_model_gaussian_kernel=4_sigma=25.log:test PSNR: 36.355062747506004
INFO:logs/DIP_log_model_gaussian_kernel=4_sigma=25.log:train PSNR: 36.138577060631725
INFO:logs/DIP_log_model_gaussian_kernel=4_sigma=25.log:test PSNR: 36.3909980411396
INFO:logs/DIP_log_model_gaussian_kernel=4_sigma=25.log:train PSNR: 35.70766190384865
INFO:logs/DIP_log_model_gaussian_kernel=4_sigma=25.log:test PSNR: 36.47415356161793
INFO:logs/DIP_log_model_gaussian_kernel=4_sigma=25.log:train PSNR: 35.914969973796296
INFO:logs/DIP_log_model_gaussian_kernel=4_sigma=25.log:test PSNR: 36.478219267380034
INFO:logs/DIP_log_model_gaussian_kernel=4_sigma=25.log:train PSNR: 35.87447668579396
INFO:logs/DIP_log_model_gaussian_kernel=4_sigma=25.log:test PSNR: 36.49998662764921
INFO:logs/DIP_log_model_gaussian_kernel=4_sigma=25.log:train PSNR: 35.85864657372349
INFO:logs/DIP_log_model_gaussian_kernel=4_sigma=25.log:test PSNR: 36.523644850639535
INFO:logs/DIP_log_model_gaussian_kernel=4_sigma=25.log:train PSNR: 35.80050205329867
INFO:logs/DIP_log_model_gaussian_kernel=4_sigma=25.log:test PSNR: 36.50766653056043
INFO:logs/DIP_log_model_gaussian_kernel=4_sigma=25.log:train PSNR: 36.06605116873761
INFO:logs/DIP_log_model_gaussian_kernel=4_sigma=25.log:test PSNR: 36.60549071254092
INFO:logs/DIP_log_model_gaussian_kernel=4_sigma=25.log:train PSNR: 35.45813841812102
INFO:logs/DIP_log_model_gaussian_kernel=4_sigma=25.log:test PSNR: 36.69182375831656
INFO:logs/DIP_log_model_gaussian_kernel=4_sigma=25.log:train PSNR: 35.99886750887852
INFO:logs/DIP_log_model_gaussian_kernel=4_sigma=25.log:test PSNR: 36.63930237265034
INFO:logs/DIP_log_model_gaussian_kernel=4_sigma=25.log:train PSNR: 36.2965478892183
INFO:logs/DIP_log_model_gaussian_kernel=4_sigma=25.log:test PSNR: 36.6604100729707
INFO:logs/DIP_log_model_gaussian_kernel=4_sigma=25.log:train PSNR: 36.456591350905114
INFO:logs/DIP_log_model_gaussian_kernel=4_sigma=25.log:test PSNR: 36.5912081159828
INFO:logs/DIP_log_model_gaussian_kernel=4_sigma=25.log:train PSNR: 36.392825334644286
INFO:logs/DIP_log_model_gaussian_kernel=4_sigma=25.log:test PSNR: 36.66027533545172
INFO:logs/DIP_log_model_gaussian_kernel=4_sigma=25.log:train PSNR: 36.315614939558586
INFO:logs/DIP_log_model_gaussian_kernel=4_sigma=25.log:test PSNR: 36.72945537551664
INFO:logs/DIP_log_model_gaussian_kernel=4_sigma=25.log:train PSNR: 36.21315621009486
INFO:logs/DIP_log_model_gaussian_kernel=4_sigma=25.log:test PSNR: 36.726711315636294
INFO:logs/DIP_log_model_gaussian_kernel=4_sigma=25.log:train PSNR: 36.40109142896733
INFO:logs/DIP_log_model_gaussian_kernel=4_sigma=25.log:test PSNR: 36.727548744377145
INFO:logs/DIP_log_model_gaussian_kernel=4_sigma=25.log:train PSNR: 36.301143693191875
INFO:logs/DIP_log_model_gaussian_kernel=4_sigma=25.log:test PSNR: 36.73258434203189
INFO:logs/DIP_log_model_gaussian_kernel=4_sigma=25.log:train PSNR: 36.26299796898402
INFO:logs/DIP_log_model_gaussian_kernel=4_sigma=25.log:test PSNR: 36.75509978119801
INFO:logs/DIP_log_model_gaussian_kernel=4_sigma=25.log:train PSNR: 36.591636791520244
INFO:logs/DIP_log_model_gaussian_kernel=4_sigma=25.log:test PSNR: 36.7576309574568
INFO:logs/DIP_log_model_gaussian_kernel=4_sigma=25.log:train PSNR: 36.456844772619085
INFO:logs/DIP_log_model_gaussian_kernel=4_sigma=25.log:test PSNR: 36.75332170111152
INFO:logs/DIP_log_model_gaussian_kernel=4_sigma=25.log:train PSNR: 36.44376740977407
INFO:logs/DIP_log_model_gaussian_kernel=4_sigma=25.log:test PSNR: 36.75036819533982
INFO:logs/DIP_log_model_gaussian_kernel=4_sigma=25.log:train PSNR: 36.48980870085041
INFO:logs/DIP_log_model_gaussian_kernel=4_sigma=25.log:test PSNR: 36.82972436345179
INFO:logs/DIP_log_model_gaussian_kernel=4_sigma=25.log:train PSNR: 36.145956192337664
INFO:logs/DIP_log_model_gaussian_kernel=4_sigma=25.log:test PSNR: 36.785777463462686
INFO:logs/DIP_log_model_gaussian_kernel=4_sigma=25.log:train PSNR: 36.278085505208
INFO:logs/DIP_log_model_gaussian_kernel=4_sigma=25.log:test PSNR: 36.79569160642567
INFO:logs/DIP_log_model_gaussian_kernel=4_sigma=25.log:train PSNR: 36.292004654399534
INFO:logs/DIP_log_model_gaussian_kernel=4_sigma=25.log:test PSNR: 36.83151016997235
INFO:logs/DIP_log_model_gaussian_kernel=4_sigma=25.log:train PSNR: 36.53892543454626
INFO:logs/DIP_log_model_gaussian_kernel=4_sigma=25.log:test PSNR: 36.84052848080152
INFO:logs/DIP_log_model_gaussian_kernel=4_sigma=25.log:train PSNR: 36.42554221829852
INFO:logs/DIP_log_model_gaussian_kernel=4_sigma=25.log:test PSNR: 36.85761283280292
INFO:logs/DIP_log_model_gaussian_kernel=4_sigma=25.log:train PSNR: 36.143916705560954
INFO:logs/DIP_log_model_gaussian_kernel=4_sigma=25.log:test PSNR: 36.863106133637594
INFO:logs/DIP_log_model_gaussian_kernel=4_sigma=25.log:train PSNR: 36.44208090087278
INFO:logs/DIP_log_model_gaussian_kernel=4_sigma=25.log:test PSNR: 36.872012085367544
INFO:logs/DIP_log_model_gaussian_kernel=4_sigma=25.log:train PSNR: 36.774545445488684
INFO:logs/DIP_log_model_gaussian_kernel=4_sigma=25.log:test PSNR: 36.84806564650154
INFO:logs/DIP_log_model_gaussian_kernel=4_sigma=25.log:train PSNR: 36.672394807503835
INFO:logs/DIP_log_model_gaussian_kernel=4_sigma=25.log:test PSNR: 36.90299469415241
INFO:logs/DIP_log_model_gaussian_kernel=4_sigma=25.log:train PSNR: 36.465865781388175
INFO:logs/DIP_log_model_gaussian_kernel=4_sigma=25.log:test PSNR: 36.93709402347048
INFO:logs/DIP_log_model_gaussian_kernel=4_sigma=25.log:train PSNR: 36.73012251278066
INFO:logs/DIP_log_model_gaussian_kernel=4_sigma=25.log:test PSNR: 36.91436326395885
INFO:logs/DIP_log_model_gaussian_kernel=4_sigma=25.log:train PSNR: 36.859993546921
INFO:logs/DIP_log_model_gaussian_kernel=4_sigma=25.log:test PSNR: 36.918929915240064
INFO:logs/DIP_log_model_gaussian_kernel=4_sigma=25.log:train PSNR: 36.72861141871239
INFO:logs/DIP_log_model_gaussian_kernel=4_sigma=25.log:test PSNR: 36.73007658390225
INFO:logs/DIP_log_model_gaussian_kernel=4_sigma=25.log:train PSNR: 36.44235854910029
INFO:logs/DIP_log_model_gaussian_kernel=4_sigma=25.log:test PSNR: 36.9815966854005
INFO:logs/DIP_log_model_gaussian_kernel=4_sigma=25.log:train PSNR: 36.335410372495886
INFO:logs/DIP_log_model_gaussian_kernel=4_sigma=25.log:test PSNR: 36.98992701832131
INFO:logs/DIP_log_model_gaussian_kernel=4_sigma=25.log:train PSNR: 36.67994565577485
INFO:logs/DIP_log_model_gaussian_kernel=4_sigma=25.log:test PSNR: 36.97378126378117
INFO:logs/DIP_log_model_gaussian_kernel=4_sigma=25.log:train PSNR: 36.58540993669605
INFO:logs/DIP_log_model_gaussian_kernel=4_sigma=25.log:test PSNR: 37.01965852435161
INFO:logs/DIP_log_model_gaussian_kernel=4_sigma=25.log:train PSNR: 36.44437076403808
INFO:logs/DIP_log_model_gaussian_kernel=4_sigma=25.log:test PSNR: 36.97568053111434
INFO:logs/DIP_log_model_gaussian_kernel=4_sigma=25.log:train PSNR: 36.72378530057913
INFO:logs/DIP_log_model_gaussian_kernel=4_sigma=25.log:test PSNR: 37.012910054658974
INFO:logs/DIP_log_model_gaussian_kernel=4_sigma=25.log:train PSNR: 36.78047435263586
INFO:logs/DIP_log_model_gaussian_kernel=4_sigma=25.log:test PSNR: 37.00118780565578
INFO:logs/DIP_log_model_gaussian_kernel=4_sigma=25.log:train PSNR: 36.833119910955105
INFO:logs/DIP_log_model_gaussian_kernel=4_sigma=25.log:test PSNR: 36.960858208156615
INFO:logs/DIP_log_model_gaussian_kernel=4_sigma=25.log:train PSNR: 36.881013969864256
INFO:logs/DIP_log_model_gaussian_kernel=4_sigma=25.log:test PSNR: 37.00515322346862
INFO:logs/DIP_log_model_gaussian_kernel=4_sigma=25.log:train PSNR: 36.620267343585425
INFO:logs/DIP_log_model_gaussian_kernel=4_sigma=25.log:test PSNR: 37.03073631611059
INFO:logs/DIP_log_model_gaussian_kernel=4_sigma=25.log:train PSNR: 36.572167419026485
INFO:logs/DIP_log_model_gaussian_kernel=4_sigma=25.log:test PSNR: 37.03549204783687
INFO:logs/DIP_log_model_gaussian_kernel=4_sigma=25.log:train PSNR: 36.82244473497317
INFO:logs/DIP_log_model_gaussian_kernel=4_sigma=25.log:test PSNR: 36.99186311817398
INFO:logs/DIP_log_model_gaussian_kernel=4_sigma=25.log:train PSNR: 36.83621457051879
INFO:logs/DIP_log_model_gaussian_kernel=4_sigma=25.log:test PSNR: 37.028980427150806
INFO:logs/DIP_log_model_gaussian_kernel=4_sigma=25.log:train PSNR: 36.906943869390695
INFO:logs/DIP_log_model_gaussian_kernel=4_sigma=25.log:test PSNR: 37.015114982554906
INFO:logs/DIP_log_model_gaussian_kernel=4_sigma=25.log:train PSNR: 36.49364666073226
INFO:logs/DIP_log_model_gaussian_kernel=4_sigma=25.log:test PSNR: 37.04159413423697
INFO:logs/DIP_log_model_gaussian_kernel=4_sigma=25.log:train PSNR: 36.59641076668521
INFO:logs/DIP_log_model_gaussian_kernel=4_sigma=25.log:test PSNR: 37.044602670158355
INFO:logs/DIP_log_model_gaussian_kernel=4_sigma=25.log:train PSNR: 36.8716042724954
INFO:logs/DIP_log_model_gaussian_kernel=4_sigma=25.log:test PSNR: 37.032722762359185
INFO:logs/DIP_log_model_gaussian_kernel=4_sigma=25.log:train PSNR: 36.864823537190205
INFO:logs/DIP_log_model_gaussian_kernel=4_sigma=25.log:test PSNR: 37.081022699056724
INFO:logs/DIP_log_model_gaussian_kernel=4_sigma=25.log:train PSNR: 36.843691511925485
INFO:logs/DIP_log_model_gaussian_kernel=4_sigma=25.log:test PSNR: 37.06956443957854
INFO:logs/DIP_log_model_gaussian_kernel=4_sigma=25.log:train PSNR: 36.96708807698378
INFO:logs/DIP_log_model_gaussian_kernel=4_sigma=25.log:test PSNR: 37.0790777448465
INFO:logs/DIP_log_model_gaussian_kernel=4_sigma=25.log:train PSNR: 36.57645448932584
INFO:logs/DIP_log_model_gaussian_kernel=4_sigma=25.log:test PSNR: 37.09379168735219
INFO:logs/DIP_log_model_gaussian_kernel=4_sigma=25.log:train PSNR: 36.66887218244966
INFO:logs/DIP_log_model_gaussian_kernel=4_sigma=25.log:test PSNR: 37.10318592110759
INFO:logs/DIP_log_model_gaussian_kernel=4_sigma=25.log:train PSNR: 36.88280625326159
INFO:logs/DIP_log_model_gaussian_kernel=4_sigma=25.log:test PSNR: 37.034036004150565
INFO:logs/DIP_log_model_gaussian_kernel=4_sigma=25.log:train PSNR: 36.959884802763085
INFO:logs/DIP_log_model_gaussian_kernel=4_sigma=25.log:test PSNR: 37.05948761917762
INFO:logs/DIP_log_model_gaussian_kernel=4_sigma=25.log:train PSNR: 36.76703805967481
INFO:logs/DIP_log_model_gaussian_kernel=4_sigma=25.log:test PSNR: 37.10241762908313
INFO:logs/DIP_log_model_gaussian_kernel=4_sigma=25.log:train PSNR: 36.864050379139826
INFO:logs/DIP_log_model_gaussian_kernel=4_sigma=25.log:test PSNR: 37.08617661158478
INFO:logs/DIP_log_model_gaussian_kernel=4_sigma=25.log:train PSNR: 36.988219452153174
INFO:logs/DIP_log_model_gaussian_kernel=4_sigma=25.log:test PSNR: 37.12788133335558
INFO:logs/DIP_log_model_gaussian_kernel=4_sigma=25.log:train PSNR: 36.7194095692351
INFO:logs/DIP_log_model_gaussian_kernel=4_sigma=25.log:test PSNR: 37.10272565718455
INFO:logs/DIP_log_model_gaussian_kernel=4_sigma=25.log:train PSNR: 36.66608303246627
INFO:logs/DIP_log_model_gaussian_kernel=4_sigma=25.log:test PSNR: 37.11841130114605
INFO:logs/DIP_log_model_gaussian_kernel=4_sigma=25.log:train PSNR: 36.907478000378966
INFO:logs/DIP_log_model_gaussian_kernel=4_sigma=25.log:test PSNR: 37.114819381281265
INFO:logs/DIP_log_model_gaussian_kernel=4_sigma=25.log:train PSNR: 36.83682114246366
INFO:logs/DIP_log_model_gaussian_kernel=4_sigma=25.log:test PSNR: 37.102494876115664
INFO:logs/DIP_log_model_gaussian_kernel=4_sigma=25.log:train PSNR: 36.85732791095944
INFO:logs/DIP_log_model_gaussian_kernel=4_sigma=25.log:test PSNR: 37.108436687028195
INFO:logs/DIP_log_model_gaussian_kernel=4_sigma=25.log:train PSNR: 36.82670911636118
INFO:logs/DIP_log_model_gaussian_kernel=4_sigma=25.log:test PSNR: 37.10369599390855
INFO:logs/DIP_log_model_gaussian_kernel=4_sigma=25.log:train PSNR: 37.038431466472765
INFO:logs/DIP_log_model_gaussian_kernel=4_sigma=25.log:test PSNR: 37.1165268962353
INFO:logs/DIP_log_model_gaussian_kernel=4_sigma=25.log:train PSNR: 37.00164936112778
INFO:logs/DIP_log_model_gaussian_kernel=4_sigma=25.log:test PSNR: 37.12578839739741
INFO:logs/DIP_log_model_gaussian_kernel=4_sigma=25.log:train PSNR: 36.93014132459205
INFO:logs/DIP_log_model_gaussian_kernel=4_sigma=25.log:test PSNR: 37.132036032996496
INFO:logs/DIP_log_model_gaussian_kernel=4_sigma=25.log:train PSNR: 36.95944520056222
INFO:logs/DIP_log_model_gaussian_kernel=4_sigma=25.log:test PSNR: 37.097371441154756
INFO:logs/DIP_log_model_gaussian_kernel=4_sigma=25.log:train PSNR: 36.703690513323785
INFO:logs/DIP_log_model_gaussian_kernel=4_sigma=25.log:test PSNR: 37.15454970558014
INFO:logs/DIP_log_model_gaussian_kernel=4_sigma=25.log:train PSNR: 36.77903027353791
INFO:logs/DIP_log_model_gaussian_kernel=4_sigma=25.log:test PSNR: 37.12558006769482
INFO:logs/DIP_log_model_gaussian_kernel=4_sigma=25.log:train PSNR: 36.82357946886557
INFO:logs/DIP_log_model_gaussian_kernel=4_sigma=25.log:test PSNR: 37.13067995053654
INFO:logs/DIP_log_model_gaussian_kernel=4_sigma=25.log:train PSNR: 36.91737772451971
INFO:logs/DIP_log_model_gaussian_kernel=4_sigma=25.log:test PSNR: 37.14838519008751
INFO:logs/DIP_log_model_gaussian_kernel=4_sigma=25.log:train PSNR: 36.832464590025126
INFO:logs/DIP_log_model_gaussian_kernel=4_sigma=25.log:test PSNR: 37.12799205629836
INFO:logs/DIP_log_model_gaussian_kernel=4_sigma=25.log:train PSNR: 36.89380850085409
INFO:logs/DIP_log_model_gaussian_kernel=4_sigma=25.log:test PSNR: 37.14904580608617
INFO:logs/DIP_log_model_gaussian_kernel=4_sigma=25.log:train PSNR: 36.66682654564509
INFO:logs/DIP_log_model_gaussian_kernel=4_sigma=25.log:test PSNR: 37.12190894447757
INFO:logs/DIP_log_model_gaussian_kernel=4_sigma=25.log:train PSNR: 36.96498341834622
INFO:logs/DIP_log_model_gaussian_kernel=4_sigma=25.log:test PSNR: 37.14509660213801
INFO:logs/DIP_log_model_gaussian_kernel=4_sigma=25.log:train PSNR: 36.717865598106286
INFO:logs/DIP_log_model_gaussian_kernel=4_sigma=25.log:test PSNR: 37.14437639102231
INFO:logs/DIP_log_model_gaussian_kernel=4_sigma=25.log:train PSNR: 36.845607077903075
INFO:logs/DIP_log_model_gaussian_kernel=4_sigma=25.log:test PSNR: 37.133391109145954
INFO:logs/DIP_log_model_gaussian_kernel=4_sigma=25.log:train PSNR: 36.85867282197603
INFO:logs/DIP_log_model_gaussian_kernel=4_sigma=25.log:test PSNR: 37.144678997565016
INFO:logs/DIP_log_model_gaussian_kernel=4_sigma=25.log:train PSNR: 36.8619586127931
INFO:logs/DIP_log_model_gaussian_kernel=4_sigma=25.log:test PSNR: 37.14522974808319
INFO:logs/DIP_log_model_gaussian_kernel=4_sigma=25.log:train PSNR: 36.90421726211434
INFO:logs/DIP_log_model_gaussian_kernel=4_sigma=25.log:test PSNR: 37.1486593576397
INFO:logs/DIP_log_model_gaussian_kernel=4_sigma=25.log:train PSNR: 37.026870588757696
INFO:logs/DIP_log_model_gaussian_kernel=4_sigma=25.log:test PSNR: 37.14883206767258
INFO:logs/DIP_log_model_gaussian_kernel=4_sigma=25.log:train PSNR: 36.87582804789597
INFO:logs/DIP_log_model_gaussian_kernel=4_sigma=25.log:test PSNR: 37.1520326706033
INFO:logs/DIP_log_model_gaussian_kernel=4_sigma=25.log:train PSNR: 36.8543816300603
INFO:logs/DIP_log_model_gaussian_kernel=4_sigma=25.log:test PSNR: 37.16018339546865
INFO:logs/DIP_log_model_gaussian_kernel=4_sigma=25.log:train PSNR: 37.03042837537758
INFO:logs/DIP_log_model_gaussian_kernel=4_sigma=25.log:test PSNR: 37.149608955559465
INFO:logs/DIP_log_model_gaussian_kernel=4_sigma=25.log:train PSNR: 37.10344170622861
INFO:logs/DIP_log_model_gaussian_kernel=4_sigma=25.log:test PSNR: 37.159151132332816
INFO:logs/DIP_log_model_gaussian_kernel=4_sigma=25.log:train PSNR: 36.84491506971986
INFO:logs/DIP_log_model_gaussian_kernel=4_sigma=25.log:test PSNR: 37.15064998155777
INFO:logs/DIP_log_model_gaussian_kernel=4_sigma=25.log:train PSNR: 36.85028842896567
INFO:logs/DIP_log_model_gaussian_kernel=4_sigma=25.log:test PSNR: 37.16173154204
INFO:logs/DIP_log_model_gaussian_kernel=4_sigma=25.log:train PSNR: 37.05612547347016
INFO:logs/DIP_log_model_gaussian_kernel=4_sigma=25.log:test PSNR: 37.15082965399457
INFO:logs/DIP_log_model_gaussian_kernel=4_sigma=25.log:train PSNR: 36.91158618644674
INFO:logs/DIP_log_model_gaussian_kernel=4_sigma=25.log:test PSNR: 37.16198310213887
INFO:logs/DIP_log_model_gaussian_kernel=4_sigma=25.log:train PSNR: 36.95755874092531
INFO:logs/DIP_log_model_gaussian_kernel=4_sigma=25.log:test PSNR: 37.15781908682796
INFO:logs/DIP_log_model_gaussian_kernel=4_sigma=25.log:train PSNR: 36.93923007404851
INFO:logs/DIP_log_model_gaussian_kernel=4_sigma=25.log:test PSNR: 37.158976480198966
INFO:logs/DIP_log_model_gaussian_kernel=4_sigma=25.log:train PSNR: 36.96995512535631
INFO:logs/DIP_log_model_gaussian_kernel=4_sigma=25.log:test PSNR: 37.16387912999732
INFO:logs/DIP_log_model_gaussian_kernel=4_sigma=25.log:train PSNR: 36.84349780747587
INFO:logs/DIP_log_model_gaussian_kernel=4_sigma=25.log:test PSNR: 37.156584987857435
INFO:logs/DIP_log_model_gaussian_kernel=4_sigma=25.log:train PSNR: 36.9754443075442
INFO:logs/DIP_log_model_gaussian_kernel=4_sigma=25.log:test PSNR: 37.16620635029011
INFO:logs/DIP_log_model_gaussian_kernel=4_sigma=25.log:train PSNR: 36.96323241612609
INFO:logs/DIP_log_model_gaussian_kernel=4_sigma=25.log:test PSNR: 37.158928838413715
INFO:logs/DIP_log_model_gaussian_kernel=4_sigma=25.log:train PSNR: 37.03938279647666
INFO:logs/DIP_log_model_gaussian_kernel=4_sigma=25.log:test PSNR: 37.16758144302141
INFO:logs/DIP_log_model_gaussian_kernel=4_sigma=25.log:train PSNR: 36.801763922241754
INFO:logs/DIP_log_model_gaussian_kernel=4_sigma=25.log:test PSNR: 37.155196015219566
INFO:logs/DIP_log_model_gaussian_kernel=4_sigma=25.log:train PSNR: 36.944037428614585
INFO:logs/DIP_log_model_gaussian_kernel=4_sigma=25.log:test PSNR: 37.15905254875107
INFO:logs/DIP_log_model_gaussian_kernel=4_sigma=25.log:train PSNR: 36.71991165899392
INFO:logs/DIP_log_model_gaussian_kernel=4_sigma=25.log:test PSNR: 37.168228276192046
INFO:logs/DIP_log_model_gaussian_kernel=4_sigma=25.log:train PSNR: 36.84131018374248
INFO:logs/DIP_log_model_gaussian_kernel=4_sigma=25.log:test PSNR: 37.16751506783343
INFO:logs/DIP_log_model_gaussian_kernel=4_sigma=25.log:train PSNR: 36.955573179663084
INFO:logs/DIP_log_model_gaussian_kernel=4_sigma=25.log:test PSNR: 37.17750300465349
INFO:logs/DIP_log_model_gaussian_kernel=4_sigma=25.log:train PSNR: 36.974242093098105
INFO:logs/DIP_log_model_gaussian_kernel=4_sigma=25.log:test PSNR: 37.179418725239216
INFO:logs/DIP_log_model_gaussian_kernel=4_sigma=25.log:train PSNR: 36.7074928744959
INFO:logs/DIP_log_model_gaussian_kernel=4_sigma=25.log:test PSNR: 37.16902481208998
INFO:logs/DIP_log_model_gaussian_kernel=4_sigma=25.log:train PSNR: 37.02590462308911
INFO:logs/DIP_log_model_gaussian_kernel=4_sigma=25.log:test PSNR: 37.17523426610986
INFO:logs/DIP_log_model_gaussian_kernel=4_sigma=25.log:train PSNR: 36.88739851590267
INFO:logs/DIP_log_model_gaussian_kernel=4_sigma=25.log:test PSNR: 37.1639510652826
INFO:logs/DIP_log_model_gaussian_kernel=4_sigma=25.log:train PSNR: 36.73726137154753
INFO:logs/DIP_log_model_gaussian_kernel=4_sigma=25.log:test PSNR: 37.16853325976751
INFO:logs/DIP_log_model_gaussian_kernel=4_sigma=25.log:train PSNR: 36.85158366184379
INFO:logs/DIP_log_model_gaussian_kernel=4_sigma=25.log:test PSNR: 37.170326167167694
INFO:logs/DIP_log_model_gaussian_kernel=4_sigma=25.log:train PSNR: 36.872161163799824
INFO:logs/DIP_log_model_gaussian_kernel=4_sigma=25.log:test PSNR: 37.1703768469614
INFO:logs/DIP_log_model_gaussian_kernel=4_sigma=25.log:train PSNR: 36.78749019724989
INFO:logs/DIP_log_model_gaussian_kernel=4_sigma=25.log:test PSNR: 37.16938291521199
INFO:logs/DIP_log_model_gaussian_kernel=4_sigma=25.log:train PSNR: 36.94484482409551
INFO:logs/DIP_log_model_gaussian_kernel=4_sigma=25.log:test PSNR: 37.17244878562638
INFO:logs/DIP_log_model_gaussian_kernel=4_sigma=25.log:train PSNR: 37.0960200170562
INFO:logs/DIP_log_model_gaussian_kernel=4_sigma=25.log:test PSNR: 37.171094937706904
INFO:logs/DIP_log_model_gaussian_kernel=4_sigma=25.log:train PSNR: 36.87084969530071
INFO:logs/DIP_log_model_gaussian_kernel=4_sigma=25.log:test PSNR: 37.16967761703122
INFO:logs/DIP_log_model_gaussian_kernel=4_sigma=25.log:train PSNR: 37.15306594431936
INFO:logs/DIP_log_model_gaussian_kernel=4_sigma=25.log:test PSNR: 37.17045072566448
INFO:logs/DIP_log_model_gaussian_kernel=4_sigma=25.log:train PSNR: 37.25026395531224
INFO:logs/DIP_log_model_gaussian_kernel=4_sigma=25.log:test PSNR: 37.167509310614136
INFO:logs/DIP_log_model_gaussian_kernel=4_sigma=25.log:train PSNR: 37.0088131693262
INFO:logs/DIP_log_model_gaussian_kernel=4_sigma=25.log:test PSNR: 37.16703090358895
INFO:logs/DIP_log_model_gaussian_kernel=4_sigma=25.log:train PSNR: 36.96870521765904
INFO:logs/DIP_log_model_gaussian_kernel=4_sigma=25.log:test PSNR: 37.17206070501643
INFO:logs/DIP_log_model_gaussian_kernel=4_sigma=25.log:train PSNR: 36.89568988778147
INFO:logs/DIP_log_model_gaussian_kernel=4_sigma=25.log:test PSNR: 37.172219949483924
INFO:logs/DIP_log_model_gaussian_kernel=4_sigma=25.log:train PSNR: 36.93372083246209
INFO:logs/DIP_log_model_gaussian_kernel=4_sigma=25.log:test PSNR: 37.170205593850376
INFO:logs/DIP_log_model_gaussian_kernel=4_sigma=25.log:train PSNR: 37.18545820386005
INFO:logs/DIP_log_model_gaussian_kernel=4_sigma=25.log:test PSNR: 37.175276028447115
INFO:logs/DIP_log_model_gaussian_kernel=4_sigma=25.log:train PSNR: 36.76105425517921
INFO:logs/DIP_log_model_gaussian_kernel=4_sigma=25.log:test PSNR: 37.1742893084103
INFO:logs/DIP_log_model_gaussian_kernel=4_sigma=25.log:train PSNR: 36.9944391031529
INFO:logs/DIP_log_model_gaussian_kernel=4_sigma=25.log:test PSNR: 37.17216826795391
INFO:logs/DIP_log_model_gaussian_kernel=4_sigma=25.log:train PSNR: 36.7625888141106
INFO:logs/DIP_log_model_gaussian_kernel=4_sigma=25.log:test PSNR: 37.17263324343054
INFO:logs/DIP_log_model_gaussian_kernel=4_sigma=25.log:train PSNR: 37.05799168933565
INFO:logs/DIP_log_model_gaussian_kernel=4_sigma=25.log:test PSNR: 37.17243276256937
INFO:logs/DIP_log_model_gaussian_kernel=4_sigma=25.log:train PSNR: 37.39346634547667
INFO:logs/DIP_log_model_gaussian_kernel=4_sigma=25.log:test PSNR: 37.17252773554563
INFO:logs/DIP_log_model_gaussian_kernel=4_sigma=25.log:train PSNR: 37.21515176414505
INFO:logs/DIP_log_model_gaussian_kernel=4_sigma=25.log:test PSNR: 37.171968508291975
INFO:logs/DIP_log_model_gaussian_kernel=4_sigma=25.log:train PSNR: 36.885089547403254
INFO:logs/DIP_log_model_gaussian_kernel=4_sigma=25.log:test PSNR: 37.177789902219224
INFO:logs/DIP_log_model_gaussian_kernel=4_sigma=25.log:train PSNR: 37.15052584223891
INFO:logs/DIP_log_model_gaussian_kernel=4_sigma=25.log:test PSNR: 37.18545783244524
INFO:logs/DIP_log_model_gaussian_kernel=4_sigma=25.log:train PSNR: 37.0882377318596
INFO:logs/DIP_log_model_gaussian_kernel=4_sigma=25.log:test PSNR: 37.17703472801958
INFO:logs/DIP_log_model_gaussian_kernel=4_sigma=25.log:train PSNR: 37.326864378467285
INFO:logs/DIP_log_model_gaussian_kernel=4_sigma=25.log:test PSNR: 37.17509249846661
INFO:logs/DIP_log_model_gaussian_kernel=4_sigma=25.log:train PSNR: 36.81518052039718
INFO:logs/DIP_log_model_gaussian_kernel=4_sigma=25.log:test PSNR: 37.173881833013816
INFO:logs/DIP_log_model_gaussian_kernel=4_sigma=25.log:train PSNR: 36.780246413869286
INFO:logs/DIP_log_model_gaussian_kernel=4_sigma=25.log:test PSNR: 37.17514693110701
INFO:logs/DIP_log_model_gaussian_kernel=4_sigma=25.log:train PSNR: 36.91002694431918
INFO:logs/DIP_log_model_gaussian_kernel=4_sigma=25.log:test PSNR: 37.177348030743154
INFO:logs/DIP_log_model_gaussian_kernel=4_sigma=25.log:train PSNR: 36.756210285750235
INFO:logs/DIP_log_model_gaussian_kernel=4_sigma=25.log:test PSNR: 37.17720241797008
INFO:logs/DIP_log_model_gaussian_kernel=4_sigma=25.log:train PSNR: 37.01087022607252
INFO:logs/DIP_log_model_gaussian_kernel=4_sigma=25.log:test PSNR: 37.17918209468915
INFO:logs/DIP_log_model_gaussian_kernel=4_sigma=25.log:train PSNR: 37.06689569459313
INFO:logs/DIP_log_model_gaussian_kernel=4_sigma=25.log:test PSNR: 37.17872634147811
INFO:logs/DIP_log_model_gaussian_kernel=4_sigma=25.log:train PSNR: 37.10923683159499
INFO:logs/DIP_log_model_gaussian_kernel=4_sigma=25.log:test PSNR: 37.1775936190919
INFO:logs/DIP_log_model_gaussian_kernel=4_sigma=25.log:train PSNR: 37.072662655481885
INFO:logs/DIP_log_model_gaussian_kernel=4_sigma=25.log:test PSNR: 37.17682361781412
INFO:logs/DIP_log_model_gaussian_kernel=4_sigma=25.log:train PSNR: 36.90404309046365
INFO:logs/DIP_log_model_gaussian_kernel=4_sigma=25.log:test PSNR: 37.17769093353928
INFO:logs/DIP_log_model_gaussian_kernel=4_sigma=25.log:train PSNR: 37.13947664553801
INFO:logs/DIP_log_model_gaussian_kernel=4_sigma=25.log:test PSNR: 37.17832871694985
INFO:logs/DIP_log_model_gaussian_kernel=4_sigma=25.log:train PSNR: 37.02189688199695
INFO:logs/DIP_log_model_gaussian_kernel=4_sigma=25.log:test PSNR: 37.17599622478688
INFO:logs/DIP_log_model_gaussian_kernel=4_sigma=25.log:train PSNR: 36.694415184384106
INFO:logs/DIP_log_model_gaussian_kernel=4_sigma=25.log:test PSNR: 37.1760521752427
INFO:logs/DIP_log_model_gaussian_kernel=4_sigma=25.log:train PSNR: 36.99092912596484
INFO:logs/DIP_log_model_gaussian_kernel=4_sigma=25.log:test PSNR: 37.176544135513694
INFO:logs/DIP_log_model_gaussian_kernel=4_sigma=25.log:train PSNR: 36.6108185981983
INFO:logs/DIP_log_model_gaussian_kernel=4_sigma=25.log:test PSNR: 37.17574555302143
INFO:logs/DIP_log_model_gaussian_kernel=4_sigma=25.log:train PSNR: 37.116834213257896
INFO:logs/DIP_log_model_gaussian_kernel=4_sigma=25.log:test PSNR: 37.17663110559343
INFO:logs/DIP_log_model_gaussian_kernel=4_sigma=25.log:train PSNR: 36.99406685305517
INFO:logs/DIP_log_model_gaussian_kernel=4_sigma=25.log:test PSNR: 37.17948726307475
INFO:logs/DIP_log_model_gaussian_kernel=4_sigma=25.log:train PSNR: 36.863186443294026
INFO:logs/DIP_log_model_gaussian_kernel=4_sigma=25.log:test PSNR: 37.1750433490933
INFO:logs/DIP_log_model_gaussian_kernel=4_sigma=25.log:train PSNR: 36.67924710688997
INFO:logs/DIP_log_model_gaussian_kernel=4_sigma=25.log:test PSNR: 37.17887640910166
INFO:logs/DIP_log_model_gaussian_kernel=4_sigma=25.log:train PSNR: 36.79506173757734
INFO:logs/DIP_log_model_gaussian_kernel=4_sigma=25.log:test PSNR: 37.17769435310407
INFO:logs/DIP_log_model_gaussian_kernel=4_sigma=25.log:train PSNR: 36.71642639634307
INFO:logs/DIP_log_model_gaussian_kernel=4_sigma=25.log:test PSNR: 37.17929422188894
INFO:logs/DIP_log_model_gaussian_kernel=4_sigma=25.log:train PSNR: 36.96185430803289
INFO:logs/DIP_log_model_gaussian_kernel=4_sigma=25.log:test PSNR: 37.18004042267668
INFO:logs/DIP_log_model_gaussian_kernel=4_sigma=25.log:train PSNR: 36.97408228166977
INFO:logs/DIP_log_model_gaussian_kernel=4_sigma=25.log:test PSNR: 37.18309919926863
INFO:logs/DIP_log_model_gaussian_kernel=4_sigma=25.log:train PSNR: 36.73171069694428
INFO:logs/DIP_log_model_gaussian_kernel=4_sigma=25.log:test PSNR: 37.181699399594486
INFO:logs/DIP_log_model_gaussian_kernel=4_sigma=25.log:train PSNR: 36.75709300853113
INFO:logs/DIP_log_model_gaussian_kernel=4_sigma=25.log:test PSNR: 37.180355395990865
INFO:logs/DIP_log_model_gaussian_kernel=4_sigma=25.log:train PSNR: 37.03289043111589
INFO:logs/DIP_log_model_gaussian_kernel=4_sigma=25.log:test PSNR: 37.181005412811245
INFO:logs/DIP_log_model_gaussian_kernel=4_sigma=25.log:train PSNR: 36.93052795051551
INFO:logs/DIP_log_model_gaussian_kernel=4_sigma=25.log:test PSNR: 37.18133457176939
INFO:logs/DIP_log_model_gaussian_kernel=4_sigma=25.log:train PSNR: 36.81739237826314
INFO:logs/DIP_log_model_gaussian_kernel=4_sigma=25.log:test PSNR: 37.180829172935724
INFO:logs/DIP_log_model_gaussian_kernel=4_sigma=25.log:train PSNR: 36.97748246705839
INFO:logs/DIP_log_model_gaussian_kernel=4_sigma=25.log:test PSNR: 37.179123339045994
INFO:logs/DIP_log_model_gaussian_kernel=4_sigma=25.log:train PSNR: 36.77449175023544
INFO:logs/DIP_log_model_gaussian_kernel=4_sigma=25.log:test PSNR: 37.18021017480789
INFO:logs/DIP_log_model_gaussian_kernel=4_sigma=25.log:train PSNR: 36.99446288166867
INFO:logs/DIP_log_model_gaussian_kernel=4_sigma=25.log:test PSNR: 37.179116421193704
INFO:logs/DIP_log_model_gaussian_kernel=4_sigma=25.log:train PSNR: 36.733365561578395
INFO:logs/DIP_log_model_gaussian_kernel=4_sigma=25.log:test PSNR: 37.179533249519245
INFO:logs/DIP_log_model_gaussian_kernel=4_sigma=25.log:train PSNR: 37.2170376207811
INFO:logs/DIP_log_model_gaussian_kernel=4_sigma=25.log:test PSNR: 37.180557475058244
INFO:logs/DIP_log_model_gaussian_kernel=4_sigma=25.log:train PSNR: 36.89397958041787
INFO:logs/DIP_log_model_gaussian_kernel=4_sigma=25.log:test PSNR: 37.18071200986268
INFO:logs/DIP_log_model_gaussian_kernel=4_sigma=25.log:train PSNR: 36.82818805865298
INFO:logs/DIP_log_model_gaussian_kernel=4_sigma=25.log:test PSNR: 37.17912699346897
INFO:logs/DIP_log_model_gaussian_kernel=4_sigma=25.log:train PSNR: 36.97872629113903
INFO:logs/DIP_log_model_gaussian_kernel=4_sigma=25.log:test PSNR: 37.17983335098138
INFO:logs/DIP_log_model_gaussian_kernel=4_sigma=25.log:train PSNR: 36.89966705250745
INFO:logs/DIP_log_model_gaussian_kernel=4_sigma=25.log:test PSNR: 37.17967818723611
INFO:logs/DIP_log_model_gaussian_kernel=4_sigma=25.log:train PSNR: 37.02062914558893
INFO:logs/DIP_log_model_gaussian_kernel=4_sigma=25.log:test PSNR: 37.18088048109852
INFO:logs/DIP_log_model_gaussian_kernel=4_sigma=25.log:train PSNR: 36.8162045728856
INFO:logs/DIP_log_model_gaussian_kernel=4_sigma=25.log:test PSNR: 37.17897452803504
INFO:logs/DIP_log_model_gaussian_kernel=4_sigma=25.log:train PSNR: 37.00291271960143
INFO:logs/DIP_log_model_gaussian_kernel=4_sigma=25.log:test PSNR: 37.179597429571515
INFO:logs/DIP_log_model_gaussian_kernel=4_sigma=25.log:train PSNR: 36.85014989216153
INFO:logs/DIP_log_model_gaussian_kernel=4_sigma=25.log:test PSNR: 37.1792330566779
INFO:logs/DIP_log_model_gaussian_kernel=4_sigma=25.log:train PSNR: 36.699749426513264
INFO:logs/DIP_log_model_gaussian_kernel=4_sigma=25.log:test PSNR: 37.17966938630806
INFO:logs/DIP_log_model_gaussian_kernel=4_sigma=25.log:train PSNR: 37.09545684923983
INFO:logs/DIP_log_model_gaussian_kernel=4_sigma=25.log:test PSNR: 37.1786883578149
INFO:logs/DIP_log_model_gaussian_kernel=4_sigma=25.log:train PSNR: 36.822803893070464
INFO:logs/DIP_log_model_gaussian_kernel=4_sigma=25.log:test PSNR: 37.17969857283488
INFO:logs/DIP_log_model_gaussian_kernel=4_sigma=25.log:train PSNR: 37.00092689846087
INFO:logs/DIP_log_model_gaussian_kernel=4_sigma=25.log:test PSNR: 37.179577379746576
INFO:logs/DIP_log_model_gaussian_kernel=4_sigma=25.log:train PSNR: 36.867395098151334
INFO:logs/DIP_log_model_gaussian_kernel=4_sigma=25.log:test PSNR: 37.177209484150474
INFO:logs/DIP_log_model_gaussian_kernel=4_sigma=25.log:train PSNR: 36.99449740972929
INFO:logs/DIP_log_model_gaussian_kernel=4_sigma=25.log:test PSNR: 37.17831309806007
INFO:logs/DIP_log_model_gaussian_kernel=4_sigma=25.log:train PSNR: 36.8742396298692
INFO:logs/DIP_log_model_gaussian_kernel=4_sigma=25.log:test PSNR: 37.178754680743225
INFO:logs/DIP_log_model_gaussian_kernel=4_sigma=25.log:train PSNR: 36.88037937119223
INFO:logs/DIP_log_model_gaussian_kernel=4_sigma=25.log:test PSNR: 37.17862281504615
INFO:logs/DIP_log_model_gaussian_kernel=4_sigma=25.log:train PSNR: 36.68567463125832
INFO:logs/DIP_log_model_gaussian_kernel=4_sigma=25.log:test PSNR: 37.18068723814657
INFO:logs/DIP_log_model_gaussian_kernel=4_sigma=25.log:train PSNR: 36.84971667953106
INFO:logs/DIP_log_model_gaussian_kernel=4_sigma=25.log:test PSNR: 37.179465562156196
INFO:logs/DIP_log_model_gaussian_kernel=4_sigma=25.log:train PSNR: 36.67079155303663
INFO:logs/DIP_log_model_gaussian_kernel=4_sigma=25.log:test PSNR: 37.178368850156396
INFO:logs/DIP_log_model_gaussian_kernel=4_sigma=25.log:train PSNR: 37.03182973948745
INFO:logs/DIP_log_model_gaussian_kernel=4_sigma=25.log:test PSNR: 37.180174653933136
