INFO:logs/DIP_log_model_gaussian_kernel=11_sigma=25.log_model:first model = 
ConvLista_T(
  (apply_A): ConvTranspose2d(175, 1, kernel_size=(11, 11), stride=(8, 8), bias=False)
  (apply_B): Conv2d(1, 175, kernel_size=(11, 11), stride=(8, 8), bias=False)
  (apply_C): Sequential(
    (0): ConvTranspose2d(175, 1, kernel_size=(11, 11), stride=(8, 8))
  )
  (soft_threshold): SoftThreshold()
)

INFO:logs/DIP_log_model_gaussian_kernel=11_sigma=25.log_model:config_dict = {'uuid': 'DIP_project_gaussian_kernel=11_sigma=25', 'kernel_size': 11, 'stride': 8, 'num_filters': 175, 'lr': 0.0002, 'unfoldings': 12, 'lr_decay': 0.35, 'patch_size': 128, 'num_epochs': 250, 'lr_step': 50, 'eps': 0.001, 'threshold': 0.01, 'noise_std': 0.09803921568627451, 'gaussian_size': 11, 'gaussian_sigma': 25}

INFO:logs/DIP_log_model_gaussian_kernel=11_sigma=25.log:Training model...
INFO:logs/DIP_log_model_gaussian_kernel=11_sigma=25.log:train PSNR: 21.767225216684196
INFO:logs/DIP_log_model_gaussian_kernel=11_sigma=25.log:test PSNR: 22.36463269509428
INFO:logs/DIP_log_model_gaussian_kernel=11_sigma=25.log:train PSNR: 22.403811507770783
INFO:logs/DIP_log_model_gaussian_kernel=11_sigma=25.log:test PSNR: 23.019684850196732
INFO:logs/DIP_log_model_gaussian_kernel=11_sigma=25.log:train PSNR: 22.79632703450734
INFO:logs/DIP_log_model_gaussian_kernel=11_sigma=25.log:test PSNR: 23.058879331615707
INFO:logs/DIP_log_model_gaussian_kernel=11_sigma=25.log:train PSNR: 23.92834037925099
INFO:logs/DIP_log_model_gaussian_kernel=11_sigma=25.log:test PSNR: 24.61532349409802
INFO:logs/DIP_log_model_gaussian_kernel=11_sigma=25.log:train PSNR: 24.22216288446286
INFO:logs/DIP_log_model_gaussian_kernel=11_sigma=25.log:test PSNR: 25.010085173241396
INFO:logs/DIP_log_model_gaussian_kernel=11_sigma=25.log:train PSNR: 24.765951915344377
INFO:logs/DIP_log_model_gaussian_kernel=11_sigma=25.log:test PSNR: 25.314444512419694
INFO:logs/DIP_log_model_gaussian_kernel=11_sigma=25.log:train PSNR: 25.13544971035663
INFO:logs/DIP_log_model_gaussian_kernel=11_sigma=25.log:test PSNR: 25.387300127190866
INFO:logs/DIP_log_model_gaussian_kernel=11_sigma=25.log:train PSNR: 25.423527464287144
INFO:logs/DIP_log_model_gaussian_kernel=11_sigma=25.log:test PSNR: 25.835443617342936
INFO:logs/DIP_log_model_gaussian_kernel=11_sigma=25.log:train PSNR: 25.298820975377563
INFO:logs/DIP_log_model_gaussian_kernel=11_sigma=25.log:test PSNR: 25.952321045322538
INFO:logs/DIP_log_model_gaussian_kernel=11_sigma=25.log:train PSNR: 25.87378873517042
INFO:logs/DIP_log_model_gaussian_kernel=11_sigma=25.log:test PSNR: 26.1600649752762
INFO:logs/DIP_log_model_gaussian_kernel=11_sigma=25.log:train PSNR: 25.974165738137245
INFO:logs/DIP_log_model_gaussian_kernel=11_sigma=25.log:test PSNR: 26.24619631044313
INFO:logs/DIP_log_model_gaussian_kernel=11_sigma=25.log:train PSNR: 26.004477207158402
INFO:logs/DIP_log_model_gaussian_kernel=11_sigma=25.log:test PSNR: 26.32131581088007
INFO:logs/DIP_log_model_gaussian_kernel=11_sigma=25.log:train PSNR: 26.453865093097825
INFO:logs/DIP_log_model_gaussian_kernel=11_sigma=25.log:test PSNR: 26.703629035883303
INFO:logs/DIP_log_model_gaussian_kernel=11_sigma=25.log:train PSNR: 26.339638278347262
INFO:logs/DIP_log_model_gaussian_kernel=11_sigma=25.log:test PSNR: 26.94154718032861
INFO:logs/DIP_log_model_gaussian_kernel=11_sigma=25.log:train PSNR: 26.943093080338958
INFO:logs/DIP_log_model_gaussian_kernel=11_sigma=25.log:test PSNR: 27.055332959564474
INFO:logs/DIP_log_model_gaussian_kernel=11_sigma=25.log:train PSNR: 26.914417844873476
INFO:logs/DIP_log_model_gaussian_kernel=11_sigma=25.log:test PSNR: 27.383064435388544
INFO:logs/DIP_log_model_gaussian_kernel=11_sigma=25.log:train PSNR: 26.85046285463439
INFO:logs/DIP_log_model_gaussian_kernel=11_sigma=25.log:test PSNR: 27.163212297845778
INFO:logs/DIP_log_model_gaussian_kernel=11_sigma=25.log:train PSNR: 27.340068596619265
INFO:logs/DIP_log_model_gaussian_kernel=11_sigma=25.log:test PSNR: 27.663703337721124
INFO:logs/DIP_log_model_gaussian_kernel=11_sigma=25.log:train PSNR: 26.667313925689403
INFO:logs/DIP_log_model_gaussian_kernel=11_sigma=25.log:test PSNR: 27.360291811208203
INFO:logs/DIP_log_model_gaussian_kernel=11_sigma=25.log:train PSNR: 27.321469459388105
INFO:logs/DIP_log_model_gaussian_kernel=11_sigma=25.log:test PSNR: 27.586578206200006
INFO:logs/DIP_log_model_gaussian_kernel=11_sigma=25.log:train PSNR: 27.36476314413749
INFO:logs/DIP_log_model_gaussian_kernel=11_sigma=25.log:test PSNR: 27.77207033141465
INFO:logs/DIP_log_model_gaussian_kernel=11_sigma=25.log:train PSNR: 27.522794537540957
INFO:logs/DIP_log_model_gaussian_kernel=11_sigma=25.log:test PSNR: 27.986206312603954
INFO:logs/DIP_log_model_gaussian_kernel=11_sigma=25.log:train PSNR: 27.63610190356886
INFO:logs/DIP_log_model_gaussian_kernel=11_sigma=25.log:test PSNR: 28.013590715542797
INFO:logs/DIP_log_model_gaussian_kernel=11_sigma=25.log:train PSNR: 27.58401413530502
INFO:logs/DIP_log_model_gaussian_kernel=11_sigma=25.log:test PSNR: 28.243113510222784
INFO:logs/DIP_log_model_gaussian_kernel=11_sigma=25.log:train PSNR: 27.623374152379842
INFO:logs/DIP_log_model_gaussian_kernel=11_sigma=25.log:test PSNR: 28.041219309012234
INFO:logs/DIP_log_model_gaussian_kernel=11_sigma=25.log:train PSNR: 27.944399462731187
INFO:logs/DIP_log_model_gaussian_kernel=11_sigma=25.log:test PSNR: 28.411789854265784
INFO:logs/DIP_log_model_gaussian_kernel=11_sigma=25.log:train PSNR: 28.28611649331724
INFO:logs/DIP_log_model_gaussian_kernel=11_sigma=25.log:test PSNR: 28.423905838247478
INFO:logs/DIP_log_model_gaussian_kernel=11_sigma=25.log:train PSNR: 27.991008710009257
INFO:logs/DIP_log_model_gaussian_kernel=11_sigma=25.log:test PSNR: 28.540884465405483
INFO:logs/DIP_log_model_gaussian_kernel=11_sigma=25.log:train PSNR: 28.410923712919175
INFO:logs/DIP_log_model_gaussian_kernel=11_sigma=25.log:test PSNR: 28.557016084586582
INFO:logs/DIP_log_model_gaussian_kernel=11_sigma=25.log:train PSNR: 28.25921731362316
INFO:logs/DIP_log_model_gaussian_kernel=11_sigma=25.log:test PSNR: 28.517197071714154
INFO:logs/DIP_log_model_gaussian_kernel=11_sigma=25.log:train PSNR: 28.348260187720403
INFO:logs/DIP_log_model_gaussian_kernel=11_sigma=25.log:test PSNR: 28.624842449047403
INFO:logs/DIP_log_model_gaussian_kernel=11_sigma=25.log:train PSNR: 28.565079210983136
INFO:logs/DIP_log_model_gaussian_kernel=11_sigma=25.log:test PSNR: 28.788269361911993
INFO:logs/DIP_log_model_gaussian_kernel=11_sigma=25.log:train PSNR: 28.464424720748006
INFO:logs/DIP_log_model_gaussian_kernel=11_sigma=25.log:test PSNR: 28.671527074932442
INFO:logs/DIP_log_model_gaussian_kernel=11_sigma=25.log:train PSNR: 28.317634634757848
INFO:logs/DIP_log_model_gaussian_kernel=11_sigma=25.log:test PSNR: 28.807010211370894
INFO:logs/DIP_log_model_gaussian_kernel=11_sigma=25.log:train PSNR: 28.216092711273998
INFO:logs/DIP_log_model_gaussian_kernel=11_sigma=25.log:test PSNR: 28.923883798816902
INFO:logs/DIP_log_model_gaussian_kernel=11_sigma=25.log:train PSNR: 28.596133808756623
INFO:logs/DIP_log_model_gaussian_kernel=11_sigma=25.log:test PSNR: 28.923413195192975
INFO:logs/DIP_log_model_gaussian_kernel=11_sigma=25.log:train PSNR: 28.72412226132041
INFO:logs/DIP_log_model_gaussian_kernel=11_sigma=25.log:test PSNR: 29.019570663018882
INFO:logs/DIP_log_model_gaussian_kernel=11_sigma=25.log:train PSNR: 28.53492225347287
INFO:logs/DIP_log_model_gaussian_kernel=11_sigma=25.log:test PSNR: 28.94354524153458
INFO:logs/DIP_log_model_gaussian_kernel=11_sigma=25.log:train PSNR: 28.673381785774176
INFO:logs/DIP_log_model_gaussian_kernel=11_sigma=25.log:test PSNR: 29.13702470774534
INFO:logs/DIP_log_model_gaussian_kernel=11_sigma=25.log:train PSNR: 28.50678226218234
INFO:logs/DIP_log_model_gaussian_kernel=11_sigma=25.log:test PSNR: 29.12671553246031
INFO:logs/DIP_log_model_gaussian_kernel=11_sigma=25.log:train PSNR: 28.443945058261644
INFO:logs/DIP_log_model_gaussian_kernel=11_sigma=25.log:test PSNR: 29.171921150396717
INFO:logs/DIP_log_model_gaussian_kernel=11_sigma=25.log:train PSNR: 28.913771551956128
INFO:logs/DIP_log_model_gaussian_kernel=11_sigma=25.log:test PSNR: 29.180032910446545
INFO:logs/DIP_log_model_gaussian_kernel=11_sigma=25.log:train PSNR: 28.53811548077793
INFO:logs/DIP_log_model_gaussian_kernel=11_sigma=25.log:test PSNR: 29.28635379688922
INFO:logs/DIP_log_model_gaussian_kernel=11_sigma=25.log:train PSNR: 28.740055506905417
INFO:logs/DIP_log_model_gaussian_kernel=11_sigma=25.log:test PSNR: 29.218945320297752
INFO:logs/DIP_log_model_gaussian_kernel=11_sigma=25.log:train PSNR: 28.56045347568308
INFO:logs/DIP_log_model_gaussian_kernel=11_sigma=25.log:test PSNR: 29.343585798394006
INFO:logs/DIP_log_model_gaussian_kernel=11_sigma=25.log:train PSNR: 29.001979080422437
INFO:logs/DIP_log_model_gaussian_kernel=11_sigma=25.log:test PSNR: 29.348905501454396
INFO:logs/DIP_log_model_gaussian_kernel=11_sigma=25.log:train PSNR: 28.755004300832027
INFO:logs/DIP_log_model_gaussian_kernel=11_sigma=25.log:test PSNR: 29.4351923730989
INFO:logs/DIP_log_model_gaussian_kernel=11_sigma=25.log:train PSNR: 28.773180892483634
INFO:logs/DIP_log_model_gaussian_kernel=11_sigma=25.log:test PSNR: 29.450381100837888
INFO:logs/DIP_log_model_gaussian_kernel=11_sigma=25.log:train PSNR: 28.961361801801374
INFO:logs/DIP_log_model_gaussian_kernel=11_sigma=25.log:test PSNR: 29.36681839288283
INFO:logs/DIP_log_model_gaussian_kernel=11_sigma=25.log:train PSNR: 28.699571282078274
INFO:logs/DIP_log_model_gaussian_kernel=11_sigma=25.log:test PSNR: 29.475215001849516
INFO:logs/DIP_log_model_gaussian_kernel=11_sigma=25.log:train PSNR: 28.838191479092448
INFO:logs/DIP_log_model_gaussian_kernel=11_sigma=25.log:test PSNR: 29.53251903609675
INFO:logs/DIP_log_model_gaussian_kernel=11_sigma=25.log:train PSNR: 28.909665412869103
INFO:logs/DIP_log_model_gaussian_kernel=11_sigma=25.log:test PSNR: 29.562051812369365
INFO:logs/DIP_log_model_gaussian_kernel=11_sigma=25.log:train PSNR: 28.879019750852418
INFO:logs/DIP_log_model_gaussian_kernel=11_sigma=25.log:test PSNR: 29.578666168660263
INFO:logs/DIP_log_model_gaussian_kernel=11_sigma=25.log:train PSNR: 29.004152580529116
INFO:logs/DIP_log_model_gaussian_kernel=11_sigma=25.log:test PSNR: 29.58813972376739
INFO:logs/DIP_log_model_gaussian_kernel=11_sigma=25.log:train PSNR: 29.353996271546848
INFO:logs/DIP_log_model_gaussian_kernel=11_sigma=25.log:test PSNR: 29.608901011542464
INFO:logs/DIP_log_model_gaussian_kernel=11_sigma=25.log:train PSNR: 29.09540091853794
INFO:logs/DIP_log_model_gaussian_kernel=11_sigma=25.log:test PSNR: 29.619117408519553
INFO:logs/DIP_log_model_gaussian_kernel=11_sigma=25.log:train PSNR: 28.98919741306777
INFO:logs/DIP_log_model_gaussian_kernel=11_sigma=25.log:test PSNR: 29.61016950227676
INFO:logs/DIP_log_model_gaussian_kernel=11_sigma=25.log:train PSNR: 28.94832220134691
INFO:logs/DIP_log_model_gaussian_kernel=11_sigma=25.log:test PSNR: 29.609185826061935
INFO:logs/DIP_log_model_gaussian_kernel=11_sigma=25.log:train PSNR: 29.146502645633714
INFO:logs/DIP_log_model_gaussian_kernel=11_sigma=25.log:test PSNR: 29.55872033052752
INFO:logs/DIP_log_model_gaussian_kernel=11_sigma=25.log:train PSNR: 29.147694481221077
INFO:logs/DIP_log_model_gaussian_kernel=11_sigma=25.log:test PSNR: 29.64619944328526
INFO:logs/DIP_log_model_gaussian_kernel=11_sigma=25.log:train PSNR: 29.074077206209086
INFO:logs/DIP_log_model_gaussian_kernel=11_sigma=25.log:test PSNR: 29.664792642244922
INFO:logs/DIP_log_model_gaussian_kernel=11_sigma=25.log:train PSNR: 29.16504952405875
INFO:logs/DIP_log_model_gaussian_kernel=11_sigma=25.log:test PSNR: 29.657192355124632
INFO:logs/DIP_log_model_gaussian_kernel=11_sigma=25.log:train PSNR: 28.954247407478917
INFO:logs/DIP_log_model_gaussian_kernel=11_sigma=25.log:test PSNR: 29.678565135714223
INFO:logs/DIP_log_model_gaussian_kernel=11_sigma=25.log:train PSNR: 28.93592034874068
INFO:logs/DIP_log_model_gaussian_kernel=11_sigma=25.log:test PSNR: 29.738362250807718
INFO:logs/DIP_log_model_gaussian_kernel=11_sigma=25.log:train PSNR: 29.165428646218558
INFO:logs/DIP_log_model_gaussian_kernel=11_sigma=25.log:test PSNR: 29.737354023887903
INFO:logs/DIP_log_model_gaussian_kernel=11_sigma=25.log:train PSNR: 29.11140548633121
INFO:logs/DIP_log_model_gaussian_kernel=11_sigma=25.log:test PSNR: 29.752379680393435
INFO:logs/DIP_log_model_gaussian_kernel=11_sigma=25.log:train PSNR: 29.25559346363415
INFO:logs/DIP_log_model_gaussian_kernel=11_sigma=25.log:test PSNR: 29.771323000396613
INFO:logs/DIP_log_model_gaussian_kernel=11_sigma=25.log:train PSNR: 29.129916077131696
INFO:logs/DIP_log_model_gaussian_kernel=11_sigma=25.log:test PSNR: 29.800118884299387
INFO:logs/DIP_log_model_gaussian_kernel=11_sigma=25.log:train PSNR: 29.212115877671287
INFO:logs/DIP_log_model_gaussian_kernel=11_sigma=25.log:test PSNR: 29.64661543988459
INFO:logs/DIP_log_model_gaussian_kernel=11_sigma=25.log:train PSNR: 29.340128096268604
INFO:logs/DIP_log_model_gaussian_kernel=11_sigma=25.log:test PSNR: 29.81288002692798
INFO:logs/DIP_log_model_gaussian_kernel=11_sigma=25.log:train PSNR: 29.010098715798524
INFO:logs/DIP_log_model_gaussian_kernel=11_sigma=25.log:test PSNR: 29.780162670231146
INFO:logs/DIP_log_model_gaussian_kernel=11_sigma=25.log:train PSNR: 29.03973138762392
INFO:logs/DIP_log_model_gaussian_kernel=11_sigma=25.log:test PSNR: 29.83391330398672
INFO:logs/DIP_log_model_gaussian_kernel=11_sigma=25.log:train PSNR: 29.236570926266218
INFO:logs/DIP_log_model_gaussian_kernel=11_sigma=25.log:test PSNR: 29.831288615849033
INFO:logs/DIP_log_model_gaussian_kernel=11_sigma=25.log:train PSNR: 29.40547401351633
INFO:logs/DIP_log_model_gaussian_kernel=11_sigma=25.log:test PSNR: 29.875620942524886
INFO:logs/DIP_log_model_gaussian_kernel=11_sigma=25.log:train PSNR: 29.27654391777975
INFO:logs/DIP_log_model_gaussian_kernel=11_sigma=25.log:test PSNR: 29.877331573165016
INFO:logs/DIP_log_model_gaussian_kernel=11_sigma=25.log:train PSNR: 29.40339746558929
INFO:logs/DIP_log_model_gaussian_kernel=11_sigma=25.log:test PSNR: 29.900753230761612
INFO:logs/DIP_log_model_gaussian_kernel=11_sigma=25.log:train PSNR: 29.286315126212862
INFO:logs/DIP_log_model_gaussian_kernel=11_sigma=25.log:test PSNR: 29.91675425428121
INFO:logs/DIP_log_model_gaussian_kernel=11_sigma=25.log:train PSNR: 29.39973714807926
INFO:logs/DIP_log_model_gaussian_kernel=11_sigma=25.log:test PSNR: 29.91297963252183
INFO:logs/DIP_log_model_gaussian_kernel=11_sigma=25.log:train PSNR: 29.381899717580616
INFO:logs/DIP_log_model_gaussian_kernel=11_sigma=25.log:test PSNR: 29.914791188137137
INFO:logs/DIP_log_model_gaussian_kernel=11_sigma=25.log:train PSNR: 29.355839280521643
INFO:logs/DIP_log_model_gaussian_kernel=11_sigma=25.log:test PSNR: 29.919558328502948
INFO:logs/DIP_log_model_gaussian_kernel=11_sigma=25.log:train PSNR: 29.352581466120302
INFO:logs/DIP_log_model_gaussian_kernel=11_sigma=25.log:test PSNR: 29.918850564590276
INFO:logs/DIP_log_model_gaussian_kernel=11_sigma=25.log:train PSNR: 29.424355665008562
INFO:logs/DIP_log_model_gaussian_kernel=11_sigma=25.log:test PSNR: 29.90179948139848
INFO:logs/DIP_log_model_gaussian_kernel=11_sigma=25.log:train PSNR: 29.435915582547985
INFO:logs/DIP_log_model_gaussian_kernel=11_sigma=25.log:test PSNR: 29.919970019833503
INFO:logs/DIP_log_model_gaussian_kernel=11_sigma=25.log:train PSNR: 29.341334624028256
INFO:logs/DIP_log_model_gaussian_kernel=11_sigma=25.log:test PSNR: 29.943006011370912
INFO:logs/DIP_log_model_gaussian_kernel=11_sigma=25.log:train PSNR: 29.336855791063254
INFO:logs/DIP_log_model_gaussian_kernel=11_sigma=25.log:test PSNR: 29.9003206865636
INFO:logs/DIP_log_model_gaussian_kernel=11_sigma=25.log:train PSNR: 29.429141278229356
INFO:logs/DIP_log_model_gaussian_kernel=11_sigma=25.log:test PSNR: 29.950695970687956
INFO:logs/DIP_log_model_gaussian_kernel=11_sigma=25.log:train PSNR: 29.46221391353703
INFO:logs/DIP_log_model_gaussian_kernel=11_sigma=25.log:test PSNR: 29.956167209811387
INFO:logs/DIP_log_model_gaussian_kernel=11_sigma=25.log:train PSNR: 29.23154753707567
INFO:logs/DIP_log_model_gaussian_kernel=11_sigma=25.log:test PSNR: 29.947240511282075
INFO:logs/DIP_log_model_gaussian_kernel=11_sigma=25.log:train PSNR: 29.442395826951405
INFO:logs/DIP_log_model_gaussian_kernel=11_sigma=25.log:test PSNR: 29.958641912558637
INFO:logs/DIP_log_model_gaussian_kernel=11_sigma=25.log:train PSNR: 29.373038646831237
INFO:logs/DIP_log_model_gaussian_kernel=11_sigma=25.log:test PSNR: 29.951415659863162
INFO:logs/DIP_log_model_gaussian_kernel=11_sigma=25.log:train PSNR: 29.4984475755915
INFO:logs/DIP_log_model_gaussian_kernel=11_sigma=25.log:test PSNR: 29.95785427430897
INFO:logs/DIP_log_model_gaussian_kernel=11_sigma=25.log:train PSNR: 29.315504991992974
INFO:logs/DIP_log_model_gaussian_kernel=11_sigma=25.log:test PSNR: 29.97377249044833
INFO:logs/DIP_log_model_gaussian_kernel=11_sigma=25.log:train PSNR: 29.171382705833935
INFO:logs/DIP_log_model_gaussian_kernel=11_sigma=25.log:test PSNR: 29.977772956121036
INFO:logs/DIP_log_model_gaussian_kernel=11_sigma=25.log:train PSNR: 29.231317945298095
INFO:logs/DIP_log_model_gaussian_kernel=11_sigma=25.log:test PSNR: 29.980417868883105
INFO:logs/DIP_log_model_gaussian_kernel=11_sigma=25.log:train PSNR: 28.926343153882776
INFO:logs/DIP_log_model_gaussian_kernel=11_sigma=25.log:test PSNR: 29.982273305409887
INFO:logs/DIP_log_model_gaussian_kernel=11_sigma=25.log:train PSNR: 29.746953762315734
INFO:logs/DIP_log_model_gaussian_kernel=11_sigma=25.log:test PSNR: 29.97245870715109
INFO:logs/DIP_log_model_gaussian_kernel=11_sigma=25.log:train PSNR: 29.43032791763114
INFO:logs/DIP_log_model_gaussian_kernel=11_sigma=25.log:test PSNR: 29.991405462788567
INFO:logs/DIP_log_model_gaussian_kernel=11_sigma=25.log:train PSNR: 29.504343169003526
INFO:logs/DIP_log_model_gaussian_kernel=11_sigma=25.log:test PSNR: 30.008512853421845
INFO:logs/DIP_log_model_gaussian_kernel=11_sigma=25.log:train PSNR: 29.635737011833434
INFO:logs/DIP_log_model_gaussian_kernel=11_sigma=25.log:test PSNR: 30.0032447028505
INFO:logs/DIP_log_model_gaussian_kernel=11_sigma=25.log:train PSNR: 29.692051827668536
INFO:logs/DIP_log_model_gaussian_kernel=11_sigma=25.log:test PSNR: 30.014488975779336
INFO:logs/DIP_log_model_gaussian_kernel=11_sigma=25.log:train PSNR: 29.308525884644183
INFO:logs/DIP_log_model_gaussian_kernel=11_sigma=25.log:test PSNR: 30.020795528050908
INFO:logs/DIP_log_model_gaussian_kernel=11_sigma=25.log:train PSNR: 29.2951125125916
INFO:logs/DIP_log_model_gaussian_kernel=11_sigma=25.log:test PSNR: 30.017195073573923
INFO:logs/DIP_log_model_gaussian_kernel=11_sigma=25.log:train PSNR: 29.531164746207647
INFO:logs/DIP_log_model_gaussian_kernel=11_sigma=25.log:test PSNR: 30.01653684135703
INFO:logs/DIP_log_model_gaussian_kernel=11_sigma=25.log:train PSNR: 29.33905657437491
INFO:logs/DIP_log_model_gaussian_kernel=11_sigma=25.log:test PSNR: 30.020478010438943
INFO:logs/DIP_log_model_gaussian_kernel=11_sigma=25.log:train PSNR: 29.285081306253343
INFO:logs/DIP_log_model_gaussian_kernel=11_sigma=25.log:test PSNR: 30.01842327179283
INFO:logs/DIP_log_model_gaussian_kernel=11_sigma=25.log:train PSNR: 29.344035388543965
INFO:logs/DIP_log_model_gaussian_kernel=11_sigma=25.log:test PSNR: 30.024206259191878
INFO:logs/DIP_log_model_gaussian_kernel=11_sigma=25.log:train PSNR: 29.42280719191665
INFO:logs/DIP_log_model_gaussian_kernel=11_sigma=25.log:test PSNR: 30.025419338644785
INFO:logs/DIP_log_model_gaussian_kernel=11_sigma=25.log:train PSNR: 29.378825602885716
INFO:logs/DIP_log_model_gaussian_kernel=11_sigma=25.log:test PSNR: 30.02795897991524
INFO:logs/DIP_log_model_gaussian_kernel=11_sigma=25.log:train PSNR: 29.454586564132832
INFO:logs/DIP_log_model_gaussian_kernel=11_sigma=25.log:test PSNR: 30.033147521422244
INFO:logs/DIP_log_model_gaussian_kernel=11_sigma=25.log:train PSNR: 29.468576145029886
INFO:logs/DIP_log_model_gaussian_kernel=11_sigma=25.log:test PSNR: 30.028802177497795
INFO:logs/DIP_log_model_gaussian_kernel=11_sigma=25.log:train PSNR: 29.490107859434083
INFO:logs/DIP_log_model_gaussian_kernel=11_sigma=25.log:test PSNR: 30.040747247813634
INFO:logs/DIP_log_model_gaussian_kernel=11_sigma=25.log:train PSNR: 29.383072045367996
INFO:logs/DIP_log_model_gaussian_kernel=11_sigma=25.log:test PSNR: 30.039312219731674
INFO:logs/DIP_log_model_gaussian_kernel=11_sigma=25.log:train PSNR: 29.612904336814573
INFO:logs/DIP_log_model_gaussian_kernel=11_sigma=25.log:test PSNR: 30.04047962673393
INFO:logs/DIP_log_model_gaussian_kernel=11_sigma=25.log:train PSNR: 29.75772148245829
INFO:logs/DIP_log_model_gaussian_kernel=11_sigma=25.log:test PSNR: 30.039198024289856
INFO:logs/DIP_log_model_gaussian_kernel=11_sigma=25.log:train PSNR: 29.600809879781643
INFO:logs/DIP_log_model_gaussian_kernel=11_sigma=25.log:test PSNR: 30.03484468874161
INFO:logs/DIP_log_model_gaussian_kernel=11_sigma=25.log:train PSNR: 29.289344145234114
INFO:logs/DIP_log_model_gaussian_kernel=11_sigma=25.log:test PSNR: 30.052803368275885
INFO:logs/DIP_log_model_gaussian_kernel=11_sigma=25.log:train PSNR: 29.256388512511073
INFO:logs/DIP_log_model_gaussian_kernel=11_sigma=25.log:test PSNR: 30.04440809747038
INFO:logs/DIP_log_model_gaussian_kernel=11_sigma=25.log:train PSNR: 29.591427264594262
INFO:logs/DIP_log_model_gaussian_kernel=11_sigma=25.log:test PSNR: 30.04675443236753
INFO:logs/DIP_log_model_gaussian_kernel=11_sigma=25.log:train PSNR: 29.48592651481324
INFO:logs/DIP_log_model_gaussian_kernel=11_sigma=25.log:test PSNR: 30.045993571736002
INFO:logs/DIP_log_model_gaussian_kernel=11_sigma=25.log:train PSNR: 29.558294409632065
INFO:logs/DIP_log_model_gaussian_kernel=11_sigma=25.log:test PSNR: 30.044110941665817
INFO:logs/DIP_log_model_gaussian_kernel=11_sigma=25.log:train PSNR: 29.188484729115753
INFO:logs/DIP_log_model_gaussian_kernel=11_sigma=25.log:test PSNR: 30.04865795655369
INFO:logs/DIP_log_model_gaussian_kernel=11_sigma=25.log:train PSNR: 29.50700830455935
INFO:logs/DIP_log_model_gaussian_kernel=11_sigma=25.log:test PSNR: 30.05526327209482
INFO:logs/DIP_log_model_gaussian_kernel=11_sigma=25.log:train PSNR: 29.59366248981997
INFO:logs/DIP_log_model_gaussian_kernel=11_sigma=25.log:test PSNR: 30.058198554388614
INFO:logs/DIP_log_model_gaussian_kernel=11_sigma=25.log:train PSNR: 29.403400616226545
INFO:logs/DIP_log_model_gaussian_kernel=11_sigma=25.log:test PSNR: 30.06627566311738
INFO:logs/DIP_log_model_gaussian_kernel=11_sigma=25.log:train PSNR: 29.420147089154042
INFO:logs/DIP_log_model_gaussian_kernel=11_sigma=25.log:test PSNR: 30.061476434182573
INFO:logs/DIP_log_model_gaussian_kernel=11_sigma=25.log:train PSNR: 29.611993316507874
INFO:logs/DIP_log_model_gaussian_kernel=11_sigma=25.log:test PSNR: 30.06908524056527
INFO:logs/DIP_log_model_gaussian_kernel=11_sigma=25.log:train PSNR: 29.66301749480756
INFO:logs/DIP_log_model_gaussian_kernel=11_sigma=25.log:test PSNR: 30.063673984831645
INFO:logs/DIP_log_model_gaussian_kernel=11_sigma=25.log:train PSNR: 29.372920474369288
INFO:logs/DIP_log_model_gaussian_kernel=11_sigma=25.log:test PSNR: 30.06546836402417
INFO:logs/DIP_log_model_gaussian_kernel=11_sigma=25.log:train PSNR: 29.746852050761387
INFO:logs/DIP_log_model_gaussian_kernel=11_sigma=25.log:test PSNR: 30.060457495676133
INFO:logs/DIP_log_model_gaussian_kernel=11_sigma=25.log:train PSNR: 29.38654932618475
INFO:logs/DIP_log_model_gaussian_kernel=11_sigma=25.log:test PSNR: 30.069232904560057
INFO:logs/DIP_log_model_gaussian_kernel=11_sigma=25.log:train PSNR: 29.202699984631938
INFO:logs/DIP_log_model_gaussian_kernel=11_sigma=25.log:test PSNR: 30.064868547406892
INFO:logs/DIP_log_model_gaussian_kernel=11_sigma=25.log:train PSNR: 29.683309465750508
INFO:logs/DIP_log_model_gaussian_kernel=11_sigma=25.log:test PSNR: 30.075018373978608
INFO:logs/DIP_log_model_gaussian_kernel=11_sigma=25.log:train PSNR: 29.45965106531096
INFO:logs/DIP_log_model_gaussian_kernel=11_sigma=25.log:test PSNR: 30.067958890591136
INFO:logs/DIP_log_model_gaussian_kernel=11_sigma=25.log:train PSNR: 29.285463819734687
INFO:logs/DIP_log_model_gaussian_kernel=11_sigma=25.log:test PSNR: 30.06478870018133
INFO:logs/DIP_log_model_gaussian_kernel=11_sigma=25.log:train PSNR: 29.342758458083892
INFO:logs/DIP_log_model_gaussian_kernel=11_sigma=25.log:test PSNR: 30.065417783983055
INFO:logs/DIP_log_model_gaussian_kernel=11_sigma=25.log:train PSNR: 29.329713302871788
INFO:logs/DIP_log_model_gaussian_kernel=11_sigma=25.log:test PSNR: 30.069397968076608
INFO:logs/DIP_log_model_gaussian_kernel=11_sigma=25.log:train PSNR: 29.665970783968227
INFO:logs/DIP_log_model_gaussian_kernel=11_sigma=25.log:test PSNR: 30.066740197102
INFO:logs/DIP_log_model_gaussian_kernel=11_sigma=25.log:train PSNR: 29.76608126560687
INFO:logs/DIP_log_model_gaussian_kernel=11_sigma=25.log:test PSNR: 30.062462330429305
INFO:logs/DIP_log_model_gaussian_kernel=11_sigma=25.log:train PSNR: 29.236646561289902
INFO:logs/DIP_log_model_gaussian_kernel=11_sigma=25.log:test PSNR: 30.062494519863478
INFO:logs/DIP_log_model_gaussian_kernel=11_sigma=25.log:train PSNR: 29.657140659601467
INFO:logs/DIP_log_model_gaussian_kernel=11_sigma=25.log:test PSNR: 30.06917914498569
INFO:logs/DIP_log_model_gaussian_kernel=11_sigma=25.log:train PSNR: 29.41518267157721
INFO:logs/DIP_log_model_gaussian_kernel=11_sigma=25.log:test PSNR: 30.07324223166159
INFO:logs/DIP_log_model_gaussian_kernel=11_sigma=25.log:train PSNR: 29.502046553748624
INFO:logs/DIP_log_model_gaussian_kernel=11_sigma=25.log:test PSNR: 30.068603885495094
INFO:logs/DIP_log_model_gaussian_kernel=11_sigma=25.log:train PSNR: 29.559918650955304
INFO:logs/DIP_log_model_gaussian_kernel=11_sigma=25.log:test PSNR: 30.073579924021338
INFO:logs/DIP_log_model_gaussian_kernel=11_sigma=25.log:train PSNR: 29.38066876159586
INFO:logs/DIP_log_model_gaussian_kernel=11_sigma=25.log:test PSNR: 30.067885780357503
INFO:logs/DIP_log_model_gaussian_kernel=11_sigma=25.log:train PSNR: 29.755719884291874
INFO:logs/DIP_log_model_gaussian_kernel=11_sigma=25.log:test PSNR: 30.077792543921106
INFO:logs/DIP_log_model_gaussian_kernel=11_sigma=25.log:train PSNR: 29.652352678361446
INFO:logs/DIP_log_model_gaussian_kernel=11_sigma=25.log:test PSNR: 30.079183349472775
INFO:logs/DIP_log_model_gaussian_kernel=11_sigma=25.log:train PSNR: 29.816600754961662
INFO:logs/DIP_log_model_gaussian_kernel=11_sigma=25.log:test PSNR: 30.074360964089358
INFO:logs/DIP_log_model_gaussian_kernel=11_sigma=25.log:train PSNR: 29.36352046059859
INFO:logs/DIP_log_model_gaussian_kernel=11_sigma=25.log:test PSNR: 30.079021576840272
INFO:logs/DIP_log_model_gaussian_kernel=11_sigma=25.log:train PSNR: 29.31903425594481
INFO:logs/DIP_log_model_gaussian_kernel=11_sigma=25.log:test PSNR: 30.077045186553473
INFO:logs/DIP_log_model_gaussian_kernel=11_sigma=25.log:train PSNR: 29.438257620848894
INFO:logs/DIP_log_model_gaussian_kernel=11_sigma=25.log:test PSNR: 30.069081931391967
INFO:logs/DIP_log_model_gaussian_kernel=11_sigma=25.log:train PSNR: 29.508183315882615
INFO:logs/DIP_log_model_gaussian_kernel=11_sigma=25.log:test PSNR: 30.081266382499432
INFO:logs/DIP_log_model_gaussian_kernel=11_sigma=25.log:train PSNR: 29.48430493583291
INFO:logs/DIP_log_model_gaussian_kernel=11_sigma=25.log:test PSNR: 30.076514346086668
INFO:logs/DIP_log_model_gaussian_kernel=11_sigma=25.log:train PSNR: 29.655038163723223
INFO:logs/DIP_log_model_gaussian_kernel=11_sigma=25.log:test PSNR: 30.07945514840591
INFO:logs/DIP_log_model_gaussian_kernel=11_sigma=25.log:train PSNR: 29.727466435862613
INFO:logs/DIP_log_model_gaussian_kernel=11_sigma=25.log:test PSNR: 30.078634158219305
INFO:logs/DIP_log_model_gaussian_kernel=11_sigma=25.log:train PSNR: 29.485842971974094
INFO:logs/DIP_log_model_gaussian_kernel=11_sigma=25.log:test PSNR: 30.077834164282752
INFO:logs/DIP_log_model_gaussian_kernel=11_sigma=25.log:train PSNR: 29.48547670822057
INFO:logs/DIP_log_model_gaussian_kernel=11_sigma=25.log:test PSNR: 30.07847636289874
INFO:logs/DIP_log_model_gaussian_kernel=11_sigma=25.log:train PSNR: 29.3391458513911
INFO:logs/DIP_log_model_gaussian_kernel=11_sigma=25.log:test PSNR: 30.081447250168797
INFO:logs/DIP_log_model_gaussian_kernel=11_sigma=25.log:train PSNR: 29.621421711496144
INFO:logs/DIP_log_model_gaussian_kernel=11_sigma=25.log:test PSNR: 30.0823119196314
INFO:logs/DIP_log_model_gaussian_kernel=11_sigma=25.log:train PSNR: 29.55065508487331
INFO:logs/DIP_log_model_gaussian_kernel=11_sigma=25.log:test PSNR: 30.078170408209576
INFO:logs/DIP_log_model_gaussian_kernel=11_sigma=25.log:train PSNR: 29.33961481563699
INFO:logs/DIP_log_model_gaussian_kernel=11_sigma=25.log:test PSNR: 30.079907478341767
INFO:logs/DIP_log_model_gaussian_kernel=11_sigma=25.log:train PSNR: 29.72167110271128
INFO:logs/DIP_log_model_gaussian_kernel=11_sigma=25.log:test PSNR: 30.08173058547748
INFO:logs/DIP_log_model_gaussian_kernel=11_sigma=25.log:train PSNR: 29.422983874402075
INFO:logs/DIP_log_model_gaussian_kernel=11_sigma=25.log:test PSNR: 30.081397079339627
INFO:logs/DIP_log_model_gaussian_kernel=11_sigma=25.log:train PSNR: 29.628865855965696
INFO:logs/DIP_log_model_gaussian_kernel=11_sigma=25.log:test PSNR: 30.07983697408688
INFO:logs/DIP_log_model_gaussian_kernel=11_sigma=25.log:train PSNR: 29.573875860330645
INFO:logs/DIP_log_model_gaussian_kernel=11_sigma=25.log:test PSNR: 30.078576492063036
INFO:logs/DIP_log_model_gaussian_kernel=11_sigma=25.log:train PSNR: 29.48631780735946
INFO:logs/DIP_log_model_gaussian_kernel=11_sigma=25.log:test PSNR: 30.0780856055834
INFO:logs/DIP_log_model_gaussian_kernel=11_sigma=25.log:train PSNR: 29.452572929265603
INFO:logs/DIP_log_model_gaussian_kernel=11_sigma=25.log:test PSNR: 30.082494027815052
INFO:logs/DIP_log_model_gaussian_kernel=11_sigma=25.log:train PSNR: 29.63000963723291
INFO:logs/DIP_log_model_gaussian_kernel=11_sigma=25.log:test PSNR: 30.07914747913365
INFO:logs/DIP_log_model_gaussian_kernel=11_sigma=25.log:train PSNR: 29.539543443136186
INFO:logs/DIP_log_model_gaussian_kernel=11_sigma=25.log:test PSNR: 30.07962782410654
INFO:logs/DIP_log_model_gaussian_kernel=11_sigma=25.log:train PSNR: 29.452450803210407
INFO:logs/DIP_log_model_gaussian_kernel=11_sigma=25.log:test PSNR: 30.07864948067313
INFO:logs/DIP_log_model_gaussian_kernel=11_sigma=25.log:train PSNR: 29.42106625905862
INFO:logs/DIP_log_model_gaussian_kernel=11_sigma=25.log:test PSNR: 30.080594358141933
INFO:logs/DIP_log_model_gaussian_kernel=11_sigma=25.log:train PSNR: 29.685222506926255
INFO:logs/DIP_log_model_gaussian_kernel=11_sigma=25.log:test PSNR: 30.08317820484552
INFO:logs/DIP_log_model_gaussian_kernel=11_sigma=25.log:train PSNR: 29.563116098066487
INFO:logs/DIP_log_model_gaussian_kernel=11_sigma=25.log:test PSNR: 30.080883024642866
INFO:logs/DIP_log_model_gaussian_kernel=11_sigma=25.log:train PSNR: 29.494640104360286
INFO:logs/DIP_log_model_gaussian_kernel=11_sigma=25.log:test PSNR: 30.080073306014967
INFO:logs/DIP_log_model_gaussian_kernel=11_sigma=25.log:train PSNR: 29.648116543257544
INFO:logs/DIP_log_model_gaussian_kernel=11_sigma=25.log:test PSNR: 30.08104322358311
INFO:logs/DIP_log_model_gaussian_kernel=11_sigma=25.log:train PSNR: 29.925131901863626
INFO:logs/DIP_log_model_gaussian_kernel=11_sigma=25.log:test PSNR: 30.079902550249965
INFO:logs/DIP_log_model_gaussian_kernel=11_sigma=25.log:train PSNR: 29.3170935096707
INFO:logs/DIP_log_model_gaussian_kernel=11_sigma=25.log:test PSNR: 30.08245233069265
INFO:logs/DIP_log_model_gaussian_kernel=11_sigma=25.log:train PSNR: 29.603824558330018
INFO:logs/DIP_log_model_gaussian_kernel=11_sigma=25.log:test PSNR: 30.083443845148942
INFO:logs/DIP_log_model_gaussian_kernel=11_sigma=25.log:train PSNR: 29.764530471731767
INFO:logs/DIP_log_model_gaussian_kernel=11_sigma=25.log:test PSNR: 30.081437876802966
INFO:logs/DIP_log_model_gaussian_kernel=11_sigma=25.log:train PSNR: 29.35529325060368
INFO:logs/DIP_log_model_gaussian_kernel=11_sigma=25.log:test PSNR: 30.08374825940288
INFO:logs/DIP_log_model_gaussian_kernel=11_sigma=25.log:train PSNR: 29.6147898112733
INFO:logs/DIP_log_model_gaussian_kernel=11_sigma=25.log:test PSNR: 30.083354268095462
INFO:logs/DIP_log_model_gaussian_kernel=11_sigma=25.log:train PSNR: 29.647144378736016
INFO:logs/DIP_log_model_gaussian_kernel=11_sigma=25.log:test PSNR: 30.083825726362626
INFO:logs/DIP_log_model_gaussian_kernel=11_sigma=25.log:train PSNR: 29.054709348354574
INFO:logs/DIP_log_model_gaussian_kernel=11_sigma=25.log:test PSNR: 30.083992947032126
INFO:logs/DIP_log_model_gaussian_kernel=11_sigma=25.log:train PSNR: 29.342621322167812
INFO:logs/DIP_log_model_gaussian_kernel=11_sigma=25.log:test PSNR: 30.084166458804532
INFO:logs/DIP_log_model_gaussian_kernel=11_sigma=25.log:train PSNR: 29.377604591884584
INFO:logs/DIP_log_model_gaussian_kernel=11_sigma=25.log:test PSNR: 30.083592705217598
INFO:logs/DIP_log_model_gaussian_kernel=11_sigma=25.log:train PSNR: 29.24774445405352
INFO:logs/DIP_log_model_gaussian_kernel=11_sigma=25.log:test PSNR: 30.08398003280386
INFO:logs/DIP_log_model_gaussian_kernel=11_sigma=25.log:train PSNR: 29.59503875101864
INFO:logs/DIP_log_model_gaussian_kernel=11_sigma=25.log:test PSNR: 30.08485491973282
INFO:logs/DIP_log_model_gaussian_kernel=11_sigma=25.log:train PSNR: 29.379899662137205
INFO:logs/DIP_log_model_gaussian_kernel=11_sigma=25.log:test PSNR: 30.08623039927595
INFO:logs/DIP_log_model_gaussian_kernel=11_sigma=25.log:train PSNR: 29.45183991883225
INFO:logs/DIP_log_model_gaussian_kernel=11_sigma=25.log:test PSNR: 30.085753435196747
INFO:logs/DIP_log_model_gaussian_kernel=11_sigma=25.log:train PSNR: 29.708041270897294
INFO:logs/DIP_log_model_gaussian_kernel=11_sigma=25.log:test PSNR: 30.08358949351916
INFO:logs/DIP_log_model_gaussian_kernel=11_sigma=25.log:train PSNR: 29.444370625085327
INFO:logs/DIP_log_model_gaussian_kernel=11_sigma=25.log:test PSNR: 30.084982867435965
INFO:logs/DIP_log_model_gaussian_kernel=11_sigma=25.log:train PSNR: 29.436020800346466
INFO:logs/DIP_log_model_gaussian_kernel=11_sigma=25.log:test PSNR: 30.085299546729235
INFO:logs/DIP_log_model_gaussian_kernel=11_sigma=25.log:train PSNR: 29.52604019347957
INFO:logs/DIP_log_model_gaussian_kernel=11_sigma=25.log:test PSNR: 30.085264166296582
INFO:logs/DIP_log_model_gaussian_kernel=11_sigma=25.log:train PSNR: 29.804703330134167
INFO:logs/DIP_log_model_gaussian_kernel=11_sigma=25.log:test PSNR: 30.08426309395958
INFO:logs/DIP_log_model_gaussian_kernel=11_sigma=25.log:train PSNR: 29.724689490891173
INFO:logs/DIP_log_model_gaussian_kernel=11_sigma=25.log:test PSNR: 30.083914711225336
INFO:logs/DIP_log_model_gaussian_kernel=11_sigma=25.log:train PSNR: 29.611649675613123
INFO:logs/DIP_log_model_gaussian_kernel=11_sigma=25.log:test PSNR: 30.0845867554595
INFO:logs/DIP_log_model_gaussian_kernel=11_sigma=25.log:train PSNR: 29.62583425546921
INFO:logs/DIP_log_model_gaussian_kernel=11_sigma=25.log:test PSNR: 30.085978125718032
INFO:logs/DIP_log_model_gaussian_kernel=11_sigma=25.log:train PSNR: 29.27265090871919
INFO:logs/DIP_log_model_gaussian_kernel=11_sigma=25.log:test PSNR: 30.08347416536618
INFO:logs/DIP_log_model_gaussian_kernel=11_sigma=25.log:train PSNR: 29.696969808481185
INFO:logs/DIP_log_model_gaussian_kernel=11_sigma=25.log:test PSNR: 30.083637632012174
INFO:logs/DIP_log_model_gaussian_kernel=11_sigma=25.log:train PSNR: 29.47837283595264
INFO:logs/DIP_log_model_gaussian_kernel=11_sigma=25.log:test PSNR: 30.08478517603397
INFO:logs/DIP_log_model_gaussian_kernel=11_sigma=25.log:train PSNR: 29.46350481790508
INFO:logs/DIP_log_model_gaussian_kernel=11_sigma=25.log:test PSNR: 30.083685096753936
INFO:logs/DIP_log_model_gaussian_kernel=11_sigma=25.log:train PSNR: 29.39976917759084
INFO:logs/DIP_log_model_gaussian_kernel=11_sigma=25.log:test PSNR: 30.084529342658378
INFO:logs/DIP_log_model_gaussian_kernel=11_sigma=25.log:train PSNR: 29.245059679891103
INFO:logs/DIP_log_model_gaussian_kernel=11_sigma=25.log:test PSNR: 30.083773808932268
INFO:logs/DIP_log_model_gaussian_kernel=11_sigma=25.log:train PSNR: 29.41428811036896
INFO:logs/DIP_log_model_gaussian_kernel=11_sigma=25.log:test PSNR: 30.084092514349305
INFO:logs/DIP_log_model_gaussian_kernel=11_sigma=25.log:train PSNR: 29.415973689001923
INFO:logs/DIP_log_model_gaussian_kernel=11_sigma=25.log:test PSNR: 30.08481409339847
INFO:logs/DIP_log_model_gaussian_kernel=11_sigma=25.log:train PSNR: 29.573873824490615
INFO:logs/DIP_log_model_gaussian_kernel=11_sigma=25.log:test PSNR: 30.085111813420564
INFO:logs/DIP_log_model_gaussian_kernel=11_sigma=25.log:train PSNR: 29.498978838397978
INFO:logs/DIP_log_model_gaussian_kernel=11_sigma=25.log:test PSNR: 30.085769221829228
INFO:logs/DIP_log_model_gaussian_kernel=11_sigma=25.log:train PSNR: 29.516149286626028
INFO:logs/DIP_log_model_gaussian_kernel=11_sigma=25.log:test PSNR: 30.08510002206605
INFO:logs/DIP_log_model_gaussian_kernel=11_sigma=25.log:train PSNR: 29.34303589260211
INFO:logs/DIP_log_model_gaussian_kernel=11_sigma=25.log:test PSNR: 30.08507080555698
INFO:logs/DIP_log_model_gaussian_kernel=11_sigma=25.log:train PSNR: 29.526548383892553
INFO:logs/DIP_log_model_gaussian_kernel=11_sigma=25.log:test PSNR: 30.085544060700716
INFO:logs/DIP_log_model_gaussian_kernel=11_sigma=25.log:train PSNR: 29.617147618959248
INFO:logs/DIP_log_model_gaussian_kernel=11_sigma=25.log:test PSNR: 30.084543107919483
INFO:logs/DIP_log_model_gaussian_kernel=11_sigma=25.log:train PSNR: 29.246839994655637
INFO:logs/DIP_log_model_gaussian_kernel=11_sigma=25.log:test PSNR: 30.08455649347354
INFO:logs/DIP_log_model_gaussian_kernel=11_sigma=25.log:train PSNR: 29.624446092078202
INFO:logs/DIP_log_model_gaussian_kernel=11_sigma=25.log:test PSNR: 30.085379669771957
INFO:logs/DIP_log_model_gaussian_kernel=11_sigma=25.log:train PSNR: 29.72120546118466
INFO:logs/DIP_log_model_gaussian_kernel=11_sigma=25.log:test PSNR: 30.085542558126974
INFO:logs/DIP_log_model_gaussian_kernel=11_sigma=25.log:train PSNR: 29.778068519192324
INFO:logs/DIP_log_model_gaussian_kernel=11_sigma=25.log:test PSNR: 30.0861959622313
INFO:logs/DIP_log_model_gaussian_kernel=11_sigma=25.log:train PSNR: 29.653518533617902
INFO:logs/DIP_log_model_gaussian_kernel=11_sigma=25.log:test PSNR: 30.085046804996676
INFO:logs/DIP_log_model_gaussian_kernel=11_sigma=25.log:train PSNR: 29.507137098221627
INFO:logs/DIP_log_model_gaussian_kernel=11_sigma=25.log:test PSNR: 30.084950184974346
INFO:logs/DIP_log_model_gaussian_kernel=11_sigma=25.log:train PSNR: 29.81094862622113
INFO:logs/DIP_log_model_gaussian_kernel=11_sigma=25.log:test PSNR: 30.085180755013056
INFO:logs/DIP_log_model_gaussian_kernel=11_sigma=25.log:train PSNR: 29.443576282321647
INFO:logs/DIP_log_model_gaussian_kernel=11_sigma=25.log:test PSNR: 30.08535028673317
INFO:logs/DIP_log_model_gaussian_kernel=11_sigma=25.log:train PSNR: 29.647860518928262
INFO:logs/DIP_log_model_gaussian_kernel=11_sigma=25.log:test PSNR: 30.084635016836703
INFO:logs/DIP_log_model_gaussian_kernel=11_sigma=25.log:train PSNR: 29.65671733547453
INFO:logs/DIP_log_model_gaussian_kernel=11_sigma=25.log:test PSNR: 30.085822807297703
INFO:logs/DIP_log_model_gaussian_kernel=11_sigma=25.log:train PSNR: 29.452909088609992
INFO:logs/DIP_log_model_gaussian_kernel=11_sigma=25.log:test PSNR: 30.086648382433122
INFO:logs/DIP_log_model_gaussian_kernel=11_sigma=25.log:train PSNR: 29.332440602570983
INFO:logs/DIP_log_model_gaussian_kernel=11_sigma=25.log:test PSNR: 30.08575511546448
INFO:logs/DIP_log_model_gaussian_kernel=11_sigma=25.log:train PSNR: 29.661725597381984
INFO:logs/DIP_log_model_gaussian_kernel=11_sigma=25.log:test PSNR: 30.08572772167248
INFO:logs/DIP_log_model_gaussian_kernel=11_sigma=25.log:train PSNR: 29.82362772829538
INFO:logs/DIP_log_model_gaussian_kernel=11_sigma=25.log:test PSNR: 30.085388535321812
INFO:logs/DIP_log_model_gaussian_kernel=11_sigma=25.log:train PSNR: 29.39529752819676
INFO:logs/DIP_log_model_gaussian_kernel=11_sigma=25.log:test PSNR: 30.086474286234505
INFO:logs/DIP_log_model_gaussian_kernel=11_sigma=25.log:train PSNR: 29.727504674692966
INFO:logs/DIP_log_model_gaussian_kernel=11_sigma=25.log:test PSNR: 30.086744144824166
INFO:logs/DIP_log_model_gaussian_kernel=11_sigma=25.log:train PSNR: 29.650583614058757
INFO:logs/DIP_log_model_gaussian_kernel=11_sigma=25.log:test PSNR: 30.08664717129095
INFO:logs/DIP_log_model_gaussian_kernel=11_sigma=25.log:train PSNR: 29.68125503621213
INFO:logs/DIP_log_model_gaussian_kernel=11_sigma=25.log:test PSNR: 30.086525131328003
INFO:logs/DIP_log_model_gaussian_kernel=11_sigma=25.log:train PSNR: 29.6500380392909
INFO:logs/DIP_log_model_gaussian_kernel=11_sigma=25.log:test PSNR: 30.086264467966092
INFO:logs/DIP_log_model_gaussian_kernel=11_sigma=25.log:train PSNR: 29.561189487690136
INFO:logs/DIP_log_model_gaussian_kernel=11_sigma=25.log:test PSNR: 30.086138610254636
INFO:logs/DIP_log_model_gaussian_kernel=11_sigma=25.log:train PSNR: 29.518179149133015
INFO:logs/DIP_log_model_gaussian_kernel=11_sigma=25.log:test PSNR: 30.08603822121387
INFO:logs/DIP_log_model_gaussian_kernel=11_sigma=25.log:train PSNR: 29.400529557845218
INFO:logs/DIP_log_model_gaussian_kernel=11_sigma=25.log:test PSNR: 30.085871297439915
INFO:logs/DIP_log_model_gaussian_kernel=11_sigma=25.log:train PSNR: 29.59590358372084
INFO:logs/DIP_log_model_gaussian_kernel=11_sigma=25.log:test PSNR: 30.08614255976437
INFO:logs/DIP_log_model_gaussian_kernel=11_sigma=25.log:train PSNR: 29.091026926331907
INFO:logs/DIP_log_model_gaussian_kernel=11_sigma=25.log:test PSNR: 30.086179913697237
INFO:logs/DIP_log_model_gaussian_kernel=11_sigma=25.log:train PSNR: 29.660471782433255
INFO:logs/DIP_log_model_gaussian_kernel=11_sigma=25.log:test PSNR: 30.08600287386814
INFO:logs/DIP_log_model_gaussian_kernel=11_sigma=25.log:train PSNR: 29.42793117250717
INFO:logs/DIP_log_model_gaussian_kernel=11_sigma=25.log:test PSNR: 30.08628525963349
INFO:logs/DIP_log_model_gaussian_kernel=11_sigma=25.log:train PSNR: 29.495995226879856
INFO:logs/DIP_log_model_gaussian_kernel=11_sigma=25.log:test PSNR: 30.08658675733943
INFO:logs/DIP_log_model_gaussian_kernel=11_sigma=25.log:train PSNR: 29.645784969335434
INFO:logs/DIP_log_model_gaussian_kernel=11_sigma=25.log:test PSNR: 30.086350855795246
INFO:logs/DIP_log_model_gaussian_kernel=11_sigma=25.log:train PSNR: 29.420941752238758
INFO:logs/DIP_log_model_gaussian_kernel=11_sigma=25.log:test PSNR: 30.086455573448696
INFO:logs/DIP_log_model_gaussian_kernel=11_sigma=25.log:train PSNR: 29.487648316315326
INFO:logs/DIP_log_model_gaussian_kernel=11_sigma=25.log:test PSNR: 30.085860790023933
INFO:logs/DIP_log_model_gaussian_kernel=11_sigma=25.log:train PSNR: 29.583765496161913
INFO:logs/DIP_log_model_gaussian_kernel=11_sigma=25.log:test PSNR: 30.085909932787942
INFO:logs/DIP_log_model_gaussian_kernel=11_sigma=25.log:train PSNR: 29.357351395734998
INFO:logs/DIP_log_model_gaussian_kernel=11_sigma=25.log:test PSNR: 30.086169204525472
INFO:logs/DIP_log_model_gaussian_kernel=11_sigma=25.log:train PSNR: 29.410866976177875
INFO:logs/DIP_log_model_gaussian_kernel=11_sigma=25.log:test PSNR: 30.086175610091946
INFO:logs/DIP_log_model_gaussian_kernel=11_sigma=25.log:train PSNR: 29.50009285667326
INFO:logs/DIP_log_model_gaussian_kernel=11_sigma=25.log:test PSNR: 30.086361163689357
INFO:logs/DIP_log_model_gaussian_kernel=11_sigma=25.log:train PSNR: 29.31983156027134
INFO:logs/DIP_log_model_gaussian_kernel=11_sigma=25.log:test PSNR: 30.086261680279645
INFO:logs/DIP_log_model_gaussian_kernel=11_sigma=25.log:train PSNR: 29.38123415027458
INFO:logs/DIP_log_model_gaussian_kernel=11_sigma=25.log:test PSNR: 30.086372375478017
INFO:logs/DIP_log_model_gaussian_kernel=11_sigma=25.log:train PSNR: 29.647091255230517
INFO:logs/DIP_log_model_gaussian_kernel=11_sigma=25.log:test PSNR: 30.086390476165267
INFO:logs/DIP_log_model_gaussian_kernel=11_sigma=25.log:train PSNR: 29.66770754547273
INFO:logs/DIP_log_model_gaussian_kernel=11_sigma=25.log:test PSNR: 30.08649051949115
INFO:logs/DIP_log_model_gaussian_kernel=11_sigma=25.log:train PSNR: 29.418742436127566
INFO:logs/DIP_log_model_gaussian_kernel=11_sigma=25.log:test PSNR: 30.08637050562013
INFO:logs/DIP_log_model_gaussian_kernel=11_sigma=25.log:train PSNR: 29.455138287978457
INFO:logs/DIP_log_model_gaussian_kernel=11_sigma=25.log:test PSNR: 30.08605744640021
