INFO:logs/DIP_log_model_gaussian_kernel=128_sigma=4.log_model:first model = 
ConvLista_T(
  (apply_A): ConvTranspose2d(175, 1, kernel_size=(11, 11), stride=(8, 8), bias=False)
  (apply_B): Conv2d(1, 175, kernel_size=(11, 11), stride=(8, 8), bias=False)
  (apply_C): Sequential(
    (0): ConvTranspose2d(175, 1, kernel_size=(11, 11), stride=(8, 8))
  )
  (soft_threshold): SoftThreshold()
)

INFO:logs/DIP_log_model_gaussian_kernel=128_sigma=4.log_model:config_dict = {'uuid': 'DIP_project_gaussian_kernel=128_sigma=4', 'kernel_size': 11, 'stride': 8, 'num_filters': 175, 'lr': 0.0002, 'unfoldings': 12, 'lr_decay': 0.35, 'patch_size': 128, 'num_epochs': 250, 'lr_step': 50, 'eps': 0.001, 'threshold': 0.01, 'noise_std': 0.09803921568627451, 'gaussian_size': 128, 'gaussian_sigma': 4}

INFO:logs/DIP_log_model_gaussian_kernel=128_sigma=4.log:Training model...
INFO:logs/DIP_log_model_gaussian_kernel=128_sigma=4.log:train PSNR: 21.747212192203296
INFO:logs/DIP_log_model_gaussian_kernel=128_sigma=4.log:test PSNR: 22.654980099617152
INFO:logs/DIP_log_model_gaussian_kernel=128_sigma=4.log:train PSNR: 22.523543594862286
INFO:logs/DIP_log_model_gaussian_kernel=128_sigma=4.log:test PSNR: 23.166688071865362
INFO:logs/DIP_log_model_gaussian_kernel=128_sigma=4.log:train PSNR: 22.981650011332444
INFO:logs/DIP_log_model_gaussian_kernel=128_sigma=4.log:test PSNR: 23.607046133862212
INFO:logs/DIP_log_model_gaussian_kernel=128_sigma=4.log:train PSNR: 23.555200537101367
INFO:logs/DIP_log_model_gaussian_kernel=128_sigma=4.log:test PSNR: 23.863561045052872
INFO:logs/DIP_log_model_gaussian_kernel=128_sigma=4.log:train PSNR: 23.83012476958301
INFO:logs/DIP_log_model_gaussian_kernel=128_sigma=4.log:test PSNR: 24.236923961224775
INFO:logs/DIP_log_model_gaussian_kernel=128_sigma=4.log:train PSNR: 24.016680008906324
INFO:logs/DIP_log_model_gaussian_kernel=128_sigma=4.log:test PSNR: 24.203945656474946
INFO:logs/DIP_log_model_gaussian_kernel=128_sigma=4.log:train PSNR: 24.236699977543605
INFO:logs/DIP_log_model_gaussian_kernel=128_sigma=4.log:test PSNR: 24.47276872129359
INFO:logs/DIP_log_model_gaussian_kernel=128_sigma=4.log:train PSNR: 24.565474507632896
INFO:logs/DIP_log_model_gaussian_kernel=128_sigma=4.log:test PSNR: 24.28390874437539
INFO:logs/DIP_log_model_gaussian_kernel=128_sigma=4.log:train PSNR: 24.314946537224063
INFO:logs/DIP_log_model_gaussian_kernel=128_sigma=4.log:test PSNR: 24.667596423674617
INFO:logs/DIP_log_model_gaussian_kernel=128_sigma=4.log:train PSNR: 24.626219429713547
INFO:logs/DIP_log_model_gaussian_kernel=128_sigma=4.log:test PSNR: 24.69353657025299
INFO:logs/DIP_log_model_gaussian_kernel=128_sigma=4.log:train PSNR: 24.126647863030655
INFO:logs/DIP_log_model_gaussian_kernel=128_sigma=4.log:test PSNR: 24.720972016821094
INFO:logs/DIP_log_model_gaussian_kernel=128_sigma=4.log:train PSNR: 24.784640720196347
INFO:logs/DIP_log_model_gaussian_kernel=128_sigma=4.log:test PSNR: 24.880397706452975
INFO:logs/DIP_log_model_gaussian_kernel=128_sigma=4.log:train PSNR: 24.820037155830725
INFO:logs/DIP_log_model_gaussian_kernel=128_sigma=4.log:test PSNR: 24.884480073204738
INFO:logs/DIP_log_model_gaussian_kernel=128_sigma=4.log:train PSNR: 24.870556769079343
INFO:logs/DIP_log_model_gaussian_kernel=128_sigma=4.log:test PSNR: 25.00525110841314
INFO:logs/DIP_log_model_gaussian_kernel=128_sigma=4.log:train PSNR: 24.69206829151175
INFO:logs/DIP_log_model_gaussian_kernel=128_sigma=4.log:test PSNR: 24.868533652767656
INFO:logs/DIP_log_model_gaussian_kernel=128_sigma=4.log:train PSNR: 24.86890852755915
INFO:logs/DIP_log_model_gaussian_kernel=128_sigma=4.log:test PSNR: 25.046604188215394
INFO:logs/DIP_log_model_gaussian_kernel=128_sigma=4.log:train PSNR: 24.77049491668985
INFO:logs/DIP_log_model_gaussian_kernel=128_sigma=4.log:test PSNR: 24.92221643588604
INFO:logs/DIP_log_model_gaussian_kernel=128_sigma=4.log:train PSNR: 24.88100053778387
INFO:logs/DIP_log_model_gaussian_kernel=128_sigma=4.log:test PSNR: 25.094693598045737
INFO:logs/DIP_log_model_gaussian_kernel=128_sigma=4.log:train PSNR: 24.788281912393003
INFO:logs/DIP_log_model_gaussian_kernel=128_sigma=4.log:test PSNR: 25.11041226887603
INFO:logs/DIP_log_model_gaussian_kernel=128_sigma=4.log:train PSNR: 25.330302447011302
INFO:logs/DIP_log_model_gaussian_kernel=128_sigma=4.log:test PSNR: 25.200831581398518
INFO:logs/DIP_log_model_gaussian_kernel=128_sigma=4.log:train PSNR: 24.864918184338052
INFO:logs/DIP_log_model_gaussian_kernel=128_sigma=4.log:test PSNR: 25.1769398278616
INFO:logs/DIP_log_model_gaussian_kernel=128_sigma=4.log:train PSNR: 25.22693529768672
INFO:logs/DIP_log_model_gaussian_kernel=128_sigma=4.log:test PSNR: 25.260413770017912
INFO:logs/DIP_log_model_gaussian_kernel=128_sigma=4.log:train PSNR: 25.305237864499517
INFO:logs/DIP_log_model_gaussian_kernel=128_sigma=4.log:test PSNR: 25.183231078282713
INFO:logs/DIP_log_model_gaussian_kernel=128_sigma=4.log:train PSNR: 25.08251923554359
INFO:logs/DIP_log_model_gaussian_kernel=128_sigma=4.log:test PSNR: 25.22576391059403
INFO:logs/DIP_log_model_gaussian_kernel=128_sigma=4.log:train PSNR: 25.011825007769964
INFO:logs/DIP_log_model_gaussian_kernel=128_sigma=4.log:test PSNR: 24.946796735690455
INFO:logs/DIP_log_model_gaussian_kernel=128_sigma=4.log:train PSNR: 25.48128647545197
INFO:logs/DIP_log_model_gaussian_kernel=128_sigma=4.log:test PSNR: 25.35619231812538
INFO:logs/DIP_log_model_gaussian_kernel=128_sigma=4.log:train PSNR: 25.285566232036057
INFO:logs/DIP_log_model_gaussian_kernel=128_sigma=4.log:test PSNR: 25.376192985255493
INFO:logs/DIP_log_model_gaussian_kernel=128_sigma=4.log:train PSNR: 25.295312850942565
INFO:logs/DIP_log_model_gaussian_kernel=128_sigma=4.log:test PSNR: 25.40702039475542
INFO:logs/DIP_log_model_gaussian_kernel=128_sigma=4.log:train PSNR: 25.336489635826126
INFO:logs/DIP_log_model_gaussian_kernel=128_sigma=4.log:test PSNR: 25.395105434505943
INFO:logs/DIP_log_model_gaussian_kernel=128_sigma=4.log:train PSNR: 25.274151589725292
INFO:logs/DIP_log_model_gaussian_kernel=128_sigma=4.log:test PSNR: 25.394127966818296
INFO:logs/DIP_log_model_gaussian_kernel=128_sigma=4.log:train PSNR: 25.317932961539213
INFO:logs/DIP_log_model_gaussian_kernel=128_sigma=4.log:test PSNR: 25.4233713173026
INFO:logs/DIP_log_model_gaussian_kernel=128_sigma=4.log:train PSNR: 25.55340476130033
INFO:logs/DIP_log_model_gaussian_kernel=128_sigma=4.log:test PSNR: 25.464998054525687
INFO:logs/DIP_log_model_gaussian_kernel=128_sigma=4.log:train PSNR: 25.232342607139657
INFO:logs/DIP_log_model_gaussian_kernel=128_sigma=4.log:test PSNR: 25.42873576853693
INFO:logs/DIP_log_model_gaussian_kernel=128_sigma=4.log:train PSNR: 25.653968154121955
INFO:logs/DIP_log_model_gaussian_kernel=128_sigma=4.log:test PSNR: 25.432017200791467
INFO:logs/DIP_log_model_gaussian_kernel=128_sigma=4.log:train PSNR: 25.237410358991795
INFO:logs/DIP_log_model_gaussian_kernel=128_sigma=4.log:test PSNR: 25.45659480159861
INFO:logs/DIP_log_model_gaussian_kernel=128_sigma=4.log:train PSNR: 25.574423319421005
INFO:logs/DIP_log_model_gaussian_kernel=128_sigma=4.log:test PSNR: 25.356033906636604
INFO:logs/DIP_log_model_gaussian_kernel=128_sigma=4.log:train PSNR: 25.568711173055924
INFO:logs/DIP_log_model_gaussian_kernel=128_sigma=4.log:test PSNR: 25.45021599202567
INFO:logs/DIP_log_model_gaussian_kernel=128_sigma=4.log:train PSNR: 25.782039594623956
INFO:logs/DIP_log_model_gaussian_kernel=128_sigma=4.log:test PSNR: 25.48230147198586
INFO:logs/DIP_log_model_gaussian_kernel=128_sigma=4.log:train PSNR: 25.452860002309492
INFO:logs/DIP_log_model_gaussian_kernel=128_sigma=4.log:test PSNR: 25.45187441340044
INFO:logs/DIP_log_model_gaussian_kernel=128_sigma=4.log:train PSNR: 25.365244758467842
INFO:logs/DIP_log_model_gaussian_kernel=128_sigma=4.log:test PSNR: 25.495198550346032
INFO:logs/DIP_log_model_gaussian_kernel=128_sigma=4.log:train PSNR: 25.429832414913623
INFO:logs/DIP_log_model_gaussian_kernel=128_sigma=4.log:test PSNR: 25.4862229103501
INFO:logs/DIP_log_model_gaussian_kernel=128_sigma=4.log:train PSNR: 25.19452848830663
INFO:logs/DIP_log_model_gaussian_kernel=128_sigma=4.log:test PSNR: 25.466732132576464
INFO:logs/DIP_log_model_gaussian_kernel=128_sigma=4.log:train PSNR: 25.54523205657037
INFO:logs/DIP_log_model_gaussian_kernel=128_sigma=4.log:test PSNR: 25.50547797469547
INFO:logs/DIP_log_model_gaussian_kernel=128_sigma=4.log:train PSNR: 25.536275083013475
INFO:logs/DIP_log_model_gaussian_kernel=128_sigma=4.log:test PSNR: 25.50190847817009
INFO:logs/DIP_log_model_gaussian_kernel=128_sigma=4.log:train PSNR: 25.517920957797106
INFO:logs/DIP_log_model_gaussian_kernel=128_sigma=4.log:test PSNR: 25.511263448777346
INFO:logs/DIP_log_model_gaussian_kernel=128_sigma=4.log:train PSNR: 25.606612492858822
INFO:logs/DIP_log_model_gaussian_kernel=128_sigma=4.log:test PSNR: 25.50307058337583
INFO:logs/DIP_log_model_gaussian_kernel=128_sigma=4.log:train PSNR: 25.54846172196943
INFO:logs/DIP_log_model_gaussian_kernel=128_sigma=4.log:test PSNR: 25.507489730022957
INFO:logs/DIP_log_model_gaussian_kernel=128_sigma=4.log:train PSNR: 25.699587776106775
INFO:logs/DIP_log_model_gaussian_kernel=128_sigma=4.log:test PSNR: 25.511520851976027
INFO:logs/DIP_log_model_gaussian_kernel=128_sigma=4.log:train PSNR: 25.46644811882874
INFO:logs/DIP_log_model_gaussian_kernel=128_sigma=4.log:test PSNR: 25.56243336163014
INFO:logs/DIP_log_model_gaussian_kernel=128_sigma=4.log:train PSNR: 25.414077507223105
INFO:logs/DIP_log_model_gaussian_kernel=128_sigma=4.log:test PSNR: 25.540093615567013
INFO:logs/DIP_log_model_gaussian_kernel=128_sigma=4.log:train PSNR: 25.758253878009953
INFO:logs/DIP_log_model_gaussian_kernel=128_sigma=4.log:test PSNR: 25.587366646648917
INFO:logs/DIP_log_model_gaussian_kernel=128_sigma=4.log:train PSNR: 25.586585538928812
INFO:logs/DIP_log_model_gaussian_kernel=128_sigma=4.log:test PSNR: 25.590369510301944
INFO:logs/DIP_log_model_gaussian_kernel=128_sigma=4.log:train PSNR: 25.664936930274017
INFO:logs/DIP_log_model_gaussian_kernel=128_sigma=4.log:test PSNR: 25.585082473778503
INFO:logs/DIP_log_model_gaussian_kernel=128_sigma=4.log:train PSNR: 25.516863475182507
INFO:logs/DIP_log_model_gaussian_kernel=128_sigma=4.log:test PSNR: 25.580057806034528
INFO:logs/DIP_log_model_gaussian_kernel=128_sigma=4.log:train PSNR: 25.668183473846405
INFO:logs/DIP_log_model_gaussian_kernel=128_sigma=4.log:test PSNR: 25.580545413363776
INFO:logs/DIP_log_model_gaussian_kernel=128_sigma=4.log:train PSNR: 25.71939301802094
INFO:logs/DIP_log_model_gaussian_kernel=128_sigma=4.log:test PSNR: 25.56704649469346
INFO:logs/DIP_log_model_gaussian_kernel=128_sigma=4.log:train PSNR: 25.593808438096726
INFO:logs/DIP_log_model_gaussian_kernel=128_sigma=4.log:test PSNR: 25.597261538719877
INFO:logs/DIP_log_model_gaussian_kernel=128_sigma=4.log:train PSNR: 25.865301986917952
INFO:logs/DIP_log_model_gaussian_kernel=128_sigma=4.log:test PSNR: 25.6069084879445
INFO:logs/DIP_log_model_gaussian_kernel=128_sigma=4.log:train PSNR: 25.899198063970953
INFO:logs/DIP_log_model_gaussian_kernel=128_sigma=4.log:test PSNR: 25.59707755472969
INFO:logs/DIP_log_model_gaussian_kernel=128_sigma=4.log:train PSNR: 25.437187286238142
INFO:logs/DIP_log_model_gaussian_kernel=128_sigma=4.log:test PSNR: 25.558834944148018
INFO:logs/DIP_log_model_gaussian_kernel=128_sigma=4.log:train PSNR: 25.46399665714948
INFO:logs/DIP_log_model_gaussian_kernel=128_sigma=4.log:test PSNR: 25.58633616547749
INFO:logs/DIP_log_model_gaussian_kernel=128_sigma=4.log:train PSNR: 25.99339909027723
INFO:logs/DIP_log_model_gaussian_kernel=128_sigma=4.log:test PSNR: 25.59179583316094
INFO:logs/DIP_log_model_gaussian_kernel=128_sigma=4.log:train PSNR: 25.71692990574378
INFO:logs/DIP_log_model_gaussian_kernel=128_sigma=4.log:test PSNR: 25.58585374274767
INFO:logs/DIP_log_model_gaussian_kernel=128_sigma=4.log:train PSNR: 25.838094213139428
INFO:logs/DIP_log_model_gaussian_kernel=128_sigma=4.log:test PSNR: 25.609632131769352
INFO:logs/DIP_log_model_gaussian_kernel=128_sigma=4.log:train PSNR: 25.87286920413006
INFO:logs/DIP_log_model_gaussian_kernel=128_sigma=4.log:test PSNR: 25.61616494102458
INFO:logs/DIP_log_model_gaussian_kernel=128_sigma=4.log:train PSNR: 25.661150282988963
INFO:logs/DIP_log_model_gaussian_kernel=128_sigma=4.log:test PSNR: 25.55335046776727
INFO:logs/DIP_log_model_gaussian_kernel=128_sigma=4.log:train PSNR: 25.827490469579427
INFO:logs/DIP_log_model_gaussian_kernel=128_sigma=4.log:test PSNR: 25.61447070475213
INFO:logs/DIP_log_model_gaussian_kernel=128_sigma=4.log:train PSNR: 25.614605355740203
INFO:logs/DIP_log_model_gaussian_kernel=128_sigma=4.log:test PSNR: 25.62995067734948
INFO:logs/DIP_log_model_gaussian_kernel=128_sigma=4.log:train PSNR: 25.79964347419759
INFO:logs/DIP_log_model_gaussian_kernel=128_sigma=4.log:test PSNR: 25.61034322764786
INFO:logs/DIP_log_model_gaussian_kernel=128_sigma=4.log:train PSNR: 25.74174963990887
INFO:logs/DIP_log_model_gaussian_kernel=128_sigma=4.log:test PSNR: 25.56647751472244
INFO:logs/DIP_log_model_gaussian_kernel=128_sigma=4.log:train PSNR: 25.548146219769436
INFO:logs/DIP_log_model_gaussian_kernel=128_sigma=4.log:test PSNR: 25.609657600737744
INFO:logs/DIP_log_model_gaussian_kernel=128_sigma=4.log:train PSNR: 25.686500589679934
INFO:logs/DIP_log_model_gaussian_kernel=128_sigma=4.log:test PSNR: 25.607947536909133
INFO:logs/DIP_log_model_gaussian_kernel=128_sigma=4.log:train PSNR: 25.34059818307442
INFO:logs/DIP_log_model_gaussian_kernel=128_sigma=4.log:test PSNR: 25.628571277409215
INFO:logs/DIP_log_model_gaussian_kernel=128_sigma=4.log:train PSNR: 25.61889768013735
INFO:logs/DIP_log_model_gaussian_kernel=128_sigma=4.log:test PSNR: 25.601247381187253
INFO:logs/DIP_log_model_gaussian_kernel=128_sigma=4.log:train PSNR: 25.540941742170972
INFO:logs/DIP_log_model_gaussian_kernel=128_sigma=4.log:test PSNR: 25.614870754501954
INFO:logs/DIP_log_model_gaussian_kernel=128_sigma=4.log:train PSNR: 26.003332058340145
INFO:logs/DIP_log_model_gaussian_kernel=128_sigma=4.log:test PSNR: 25.623252266422423
INFO:logs/DIP_log_model_gaussian_kernel=128_sigma=4.log:train PSNR: 25.65049645439426
INFO:logs/DIP_log_model_gaussian_kernel=128_sigma=4.log:test PSNR: 25.632334933485602
INFO:logs/DIP_log_model_gaussian_kernel=128_sigma=4.log:train PSNR: 25.60371705345366
INFO:logs/DIP_log_model_gaussian_kernel=128_sigma=4.log:test PSNR: 25.64070183820051
INFO:logs/DIP_log_model_gaussian_kernel=128_sigma=4.log:train PSNR: 25.780358327902327
INFO:logs/DIP_log_model_gaussian_kernel=128_sigma=4.log:test PSNR: 25.62959708474131
INFO:logs/DIP_log_model_gaussian_kernel=128_sigma=4.log:train PSNR: 25.597024194425636
INFO:logs/DIP_log_model_gaussian_kernel=128_sigma=4.log:test PSNR: 25.641396358657698
INFO:logs/DIP_log_model_gaussian_kernel=128_sigma=4.log:train PSNR: 26.030951412765642
INFO:logs/DIP_log_model_gaussian_kernel=128_sigma=4.log:test PSNR: 25.645569029934876
INFO:logs/DIP_log_model_gaussian_kernel=128_sigma=4.log:train PSNR: 25.814711703880217
INFO:logs/DIP_log_model_gaussian_kernel=128_sigma=4.log:test PSNR: 25.621419217471146
INFO:logs/DIP_log_model_gaussian_kernel=128_sigma=4.log:train PSNR: 25.842403252051238
INFO:logs/DIP_log_model_gaussian_kernel=128_sigma=4.log:test PSNR: 25.63080828847503
INFO:logs/DIP_log_model_gaussian_kernel=128_sigma=4.log:train PSNR: 25.793238567458012
INFO:logs/DIP_log_model_gaussian_kernel=128_sigma=4.log:test PSNR: 25.644566540205126
INFO:logs/DIP_log_model_gaussian_kernel=128_sigma=4.log:train PSNR: 25.736193423769645
INFO:logs/DIP_log_model_gaussian_kernel=128_sigma=4.log:test PSNR: 25.653484851898973
INFO:logs/DIP_log_model_gaussian_kernel=128_sigma=4.log:train PSNR: 25.778348062880074
INFO:logs/DIP_log_model_gaussian_kernel=128_sigma=4.log:test PSNR: 25.64131941360613
INFO:logs/DIP_log_model_gaussian_kernel=128_sigma=4.log:train PSNR: 25.793306865771807
INFO:logs/DIP_log_model_gaussian_kernel=128_sigma=4.log:test PSNR: 25.643696478072894
INFO:logs/DIP_log_model_gaussian_kernel=128_sigma=4.log:train PSNR: 25.913113377131914
INFO:logs/DIP_log_model_gaussian_kernel=128_sigma=4.log:test PSNR: 25.64828467138903
INFO:logs/DIP_log_model_gaussian_kernel=128_sigma=4.log:train PSNR: 25.685377476693237
INFO:logs/DIP_log_model_gaussian_kernel=128_sigma=4.log:test PSNR: 25.64656094398626
INFO:logs/DIP_log_model_gaussian_kernel=128_sigma=4.log:train PSNR: 25.720607232466545
INFO:logs/DIP_log_model_gaussian_kernel=128_sigma=4.log:test PSNR: 25.619493869618537
INFO:logs/DIP_log_model_gaussian_kernel=128_sigma=4.log:train PSNR: 25.90524860943796
INFO:logs/DIP_log_model_gaussian_kernel=128_sigma=4.log:test PSNR: 25.637041600446654
INFO:logs/DIP_log_model_gaussian_kernel=128_sigma=4.log:train PSNR: 25.81154027865108
INFO:logs/DIP_log_model_gaussian_kernel=128_sigma=4.log:test PSNR: 25.655529742301695
INFO:logs/DIP_log_model_gaussian_kernel=128_sigma=4.log:train PSNR: 25.552471233145088
INFO:logs/DIP_log_model_gaussian_kernel=128_sigma=4.log:test PSNR: 25.63821569354687
INFO:logs/DIP_log_model_gaussian_kernel=128_sigma=4.log:train PSNR: 25.789607671664253
INFO:logs/DIP_log_model_gaussian_kernel=128_sigma=4.log:test PSNR: 25.632083075299736
INFO:logs/DIP_log_model_gaussian_kernel=128_sigma=4.log:train PSNR: 25.81864701017661
INFO:logs/DIP_log_model_gaussian_kernel=128_sigma=4.log:test PSNR: 25.654557358364542
INFO:logs/DIP_log_model_gaussian_kernel=128_sigma=4.log:train PSNR: 25.82700096285045
INFO:logs/DIP_log_model_gaussian_kernel=128_sigma=4.log:test PSNR: 25.64433745327844
INFO:logs/DIP_log_model_gaussian_kernel=128_sigma=4.log:train PSNR: 25.661518779448407
INFO:logs/DIP_log_model_gaussian_kernel=128_sigma=4.log:test PSNR: 25.647599411928653
INFO:logs/DIP_log_model_gaussian_kernel=128_sigma=4.log:train PSNR: 25.81452665243769
INFO:logs/DIP_log_model_gaussian_kernel=128_sigma=4.log:test PSNR: 25.63998619519876
INFO:logs/DIP_log_model_gaussian_kernel=128_sigma=4.log:train PSNR: 25.886062718871205
INFO:logs/DIP_log_model_gaussian_kernel=128_sigma=4.log:test PSNR: 25.640832767607616
INFO:logs/DIP_log_model_gaussian_kernel=128_sigma=4.log:train PSNR: 25.70602178421191
INFO:logs/DIP_log_model_gaussian_kernel=128_sigma=4.log:test PSNR: 25.623278005995378
INFO:logs/DIP_log_model_gaussian_kernel=128_sigma=4.log:train PSNR: 26.067655505070963
INFO:logs/DIP_log_model_gaussian_kernel=128_sigma=4.log:test PSNR: 25.650026727845585
INFO:logs/DIP_log_model_gaussian_kernel=128_sigma=4.log:train PSNR: 25.636896059151205
INFO:logs/DIP_log_model_gaussian_kernel=128_sigma=4.log:test PSNR: 25.633638271608515
INFO:logs/DIP_log_model_gaussian_kernel=128_sigma=4.log:train PSNR: 25.746279908614273
INFO:logs/DIP_log_model_gaussian_kernel=128_sigma=4.log:test PSNR: 25.647676010995525
INFO:logs/DIP_log_model_gaussian_kernel=128_sigma=4.log:train PSNR: 25.647698845906422
INFO:logs/DIP_log_model_gaussian_kernel=128_sigma=4.log:test PSNR: 25.647778209366212
INFO:logs/DIP_log_model_gaussian_kernel=128_sigma=4.log:train PSNR: 25.981838756843796
INFO:logs/DIP_log_model_gaussian_kernel=128_sigma=4.log:test PSNR: 25.653051327040142
INFO:logs/DIP_log_model_gaussian_kernel=128_sigma=4.log:train PSNR: 25.693473997555426
INFO:logs/DIP_log_model_gaussian_kernel=128_sigma=4.log:test PSNR: 25.64845545287581
INFO:logs/DIP_log_model_gaussian_kernel=128_sigma=4.log:train PSNR: 25.860657525475506
INFO:logs/DIP_log_model_gaussian_kernel=128_sigma=4.log:test PSNR: 25.659203927958714
INFO:logs/DIP_log_model_gaussian_kernel=128_sigma=4.log:train PSNR: 25.873842540035657
INFO:logs/DIP_log_model_gaussian_kernel=128_sigma=4.log:test PSNR: 25.645927017082723
INFO:logs/DIP_log_model_gaussian_kernel=128_sigma=4.log:train PSNR: 25.906758562125365
INFO:logs/DIP_log_model_gaussian_kernel=128_sigma=4.log:test PSNR: 25.64786234701039
INFO:logs/DIP_log_model_gaussian_kernel=128_sigma=4.log:train PSNR: 25.71664907609641
INFO:logs/DIP_log_model_gaussian_kernel=128_sigma=4.log:test PSNR: 25.64686986525551
INFO:logs/DIP_log_model_gaussian_kernel=128_sigma=4.log:train PSNR: 26.03315602396923
INFO:logs/DIP_log_model_gaussian_kernel=128_sigma=4.log:test PSNR: 25.650646225300985
INFO:logs/DIP_log_model_gaussian_kernel=128_sigma=4.log:train PSNR: 25.7530458531623
INFO:logs/DIP_log_model_gaussian_kernel=128_sigma=4.log:test PSNR: 25.654374190293264
INFO:logs/DIP_log_model_gaussian_kernel=128_sigma=4.log:train PSNR: 25.74724639707482
INFO:logs/DIP_log_model_gaussian_kernel=128_sigma=4.log:test PSNR: 25.65680330327202
INFO:logs/DIP_log_model_gaussian_kernel=128_sigma=4.log:train PSNR: 25.714428213530024
INFO:logs/DIP_log_model_gaussian_kernel=128_sigma=4.log:test PSNR: 25.654764111275867
INFO:logs/DIP_log_model_gaussian_kernel=128_sigma=4.log:train PSNR: 25.700685738674007
INFO:logs/DIP_log_model_gaussian_kernel=128_sigma=4.log:test PSNR: 25.649744785229167
INFO:logs/DIP_log_model_gaussian_kernel=128_sigma=4.log:train PSNR: 25.708468576126023
INFO:logs/DIP_log_model_gaussian_kernel=128_sigma=4.log:test PSNR: 25.650703540680386
INFO:logs/DIP_log_model_gaussian_kernel=128_sigma=4.log:train PSNR: 25.6867567310028
INFO:logs/DIP_log_model_gaussian_kernel=128_sigma=4.log:test PSNR: 25.650945930399338
INFO:logs/DIP_log_model_gaussian_kernel=128_sigma=4.log:train PSNR: 25.7302628710875
INFO:logs/DIP_log_model_gaussian_kernel=128_sigma=4.log:test PSNR: 25.64319546713334
INFO:logs/DIP_log_model_gaussian_kernel=128_sigma=4.log:train PSNR: 25.97548772197272
INFO:logs/DIP_log_model_gaussian_kernel=128_sigma=4.log:test PSNR: 25.64417398239948
INFO:logs/DIP_log_model_gaussian_kernel=128_sigma=4.log:train PSNR: 25.764341066461487
INFO:logs/DIP_log_model_gaussian_kernel=128_sigma=4.log:test PSNR: 25.654344963470837
INFO:logs/DIP_log_model_gaussian_kernel=128_sigma=4.log:train PSNR: 26.036201234129127
INFO:logs/DIP_log_model_gaussian_kernel=128_sigma=4.log:test PSNR: 25.651620878903593
INFO:logs/DIP_log_model_gaussian_kernel=128_sigma=4.log:train PSNR: 25.58354218584232
INFO:logs/DIP_log_model_gaussian_kernel=128_sigma=4.log:test PSNR: 25.64817025327575
INFO:logs/DIP_log_model_gaussian_kernel=128_sigma=4.log:train PSNR: 25.823199274879077
INFO:logs/DIP_log_model_gaussian_kernel=128_sigma=4.log:test PSNR: 25.642840424248668
INFO:logs/DIP_log_model_gaussian_kernel=128_sigma=4.log:train PSNR: 25.718689451467323
INFO:logs/DIP_log_model_gaussian_kernel=128_sigma=4.log:test PSNR: 25.651442548680514
INFO:logs/DIP_log_model_gaussian_kernel=128_sigma=4.log:train PSNR: 25.64215115740832
INFO:logs/DIP_log_model_gaussian_kernel=128_sigma=4.log:test PSNR: 25.657062479976418
INFO:logs/DIP_log_model_gaussian_kernel=128_sigma=4.log:train PSNR: 25.821082624079278
INFO:logs/DIP_log_model_gaussian_kernel=128_sigma=4.log:test PSNR: 25.657590762385734
INFO:logs/DIP_log_model_gaussian_kernel=128_sigma=4.log:train PSNR: 25.636232633944505
INFO:logs/DIP_log_model_gaussian_kernel=128_sigma=4.log:test PSNR: 25.660745202913184
INFO:logs/DIP_log_model_gaussian_kernel=128_sigma=4.log:train PSNR: 26.045655435667708
INFO:logs/DIP_log_model_gaussian_kernel=128_sigma=4.log:test PSNR: 25.6578791175644
INFO:logs/DIP_log_model_gaussian_kernel=128_sigma=4.log:train PSNR: 26.058150419865935
INFO:logs/DIP_log_model_gaussian_kernel=128_sigma=4.log:test PSNR: 25.654954659313262
INFO:logs/DIP_log_model_gaussian_kernel=128_sigma=4.log:train PSNR: 25.91120990168407
INFO:logs/DIP_log_model_gaussian_kernel=128_sigma=4.log:test PSNR: 25.658328042347012
INFO:logs/DIP_log_model_gaussian_kernel=128_sigma=4.log:train PSNR: 25.758464807770206
INFO:logs/DIP_log_model_gaussian_kernel=128_sigma=4.log:test PSNR: 25.656341199666407
INFO:logs/DIP_log_model_gaussian_kernel=128_sigma=4.log:train PSNR: 25.948414698854997
INFO:logs/DIP_log_model_gaussian_kernel=128_sigma=4.log:test PSNR: 25.65381901354399
INFO:logs/DIP_log_model_gaussian_kernel=128_sigma=4.log:train PSNR: 25.597914605795836
INFO:logs/DIP_log_model_gaussian_kernel=128_sigma=4.log:test PSNR: 25.65451944992728
INFO:logs/DIP_log_model_gaussian_kernel=128_sigma=4.log:train PSNR: 25.81294540093401
INFO:logs/DIP_log_model_gaussian_kernel=128_sigma=4.log:test PSNR: 25.654857202538757
INFO:logs/DIP_log_model_gaussian_kernel=128_sigma=4.log:train PSNR: 25.876425626269988
INFO:logs/DIP_log_model_gaussian_kernel=128_sigma=4.log:test PSNR: 25.65578440702663
INFO:logs/DIP_log_model_gaussian_kernel=128_sigma=4.log:train PSNR: 25.805159975616878
INFO:logs/DIP_log_model_gaussian_kernel=128_sigma=4.log:test PSNR: 25.65648524085744
INFO:logs/DIP_log_model_gaussian_kernel=128_sigma=4.log:train PSNR: 26.035793251891278
INFO:logs/DIP_log_model_gaussian_kernel=128_sigma=4.log:test PSNR: 25.654392726733715
INFO:logs/DIP_log_model_gaussian_kernel=128_sigma=4.log:train PSNR: 25.57286950191818
INFO:logs/DIP_log_model_gaussian_kernel=128_sigma=4.log:test PSNR: 25.652793686245705
INFO:logs/DIP_log_model_gaussian_kernel=128_sigma=4.log:train PSNR: 25.833685877298546
INFO:logs/DIP_log_model_gaussian_kernel=128_sigma=4.log:test PSNR: 25.651376367752185
INFO:logs/DIP_log_model_gaussian_kernel=128_sigma=4.log:train PSNR: 25.937302381370497
INFO:logs/DIP_log_model_gaussian_kernel=128_sigma=4.log:test PSNR: 25.65898378286248
INFO:logs/DIP_log_model_gaussian_kernel=128_sigma=4.log:train PSNR: 25.918348148124497
INFO:logs/DIP_log_model_gaussian_kernel=128_sigma=4.log:test PSNR: 25.653959924979123
INFO:logs/DIP_log_model_gaussian_kernel=128_sigma=4.log:train PSNR: 25.775937455023595
INFO:logs/DIP_log_model_gaussian_kernel=128_sigma=4.log:test PSNR: 25.65820621475796
INFO:logs/DIP_log_model_gaussian_kernel=128_sigma=4.log:train PSNR: 25.79964925016755
INFO:logs/DIP_log_model_gaussian_kernel=128_sigma=4.log:test PSNR: 25.652980410474292
INFO:logs/DIP_log_model_gaussian_kernel=128_sigma=4.log:train PSNR: 26.147686753531893
INFO:logs/DIP_log_model_gaussian_kernel=128_sigma=4.log:test PSNR: 25.65318323443778
INFO:logs/DIP_log_model_gaussian_kernel=128_sigma=4.log:train PSNR: 25.838720763640243
INFO:logs/DIP_log_model_gaussian_kernel=128_sigma=4.log:test PSNR: 25.65614336329027
INFO:logs/DIP_log_model_gaussian_kernel=128_sigma=4.log:train PSNR: 25.98901178376338
INFO:logs/DIP_log_model_gaussian_kernel=128_sigma=4.log:test PSNR: 25.659050102978746
INFO:logs/DIP_log_model_gaussian_kernel=128_sigma=4.log:train PSNR: 25.82336043782112
INFO:logs/DIP_log_model_gaussian_kernel=128_sigma=4.log:test PSNR: 25.65525475685247
INFO:logs/DIP_log_model_gaussian_kernel=128_sigma=4.log:train PSNR: 26.07538120134712
INFO:logs/DIP_log_model_gaussian_kernel=128_sigma=4.log:test PSNR: 25.655234883921004
INFO:logs/DIP_log_model_gaussian_kernel=128_sigma=4.log:train PSNR: 26.27174264822214
INFO:logs/DIP_log_model_gaussian_kernel=128_sigma=4.log:test PSNR: 25.649250932032373
INFO:logs/DIP_log_model_gaussian_kernel=128_sigma=4.log:train PSNR: 25.830867435721846
INFO:logs/DIP_log_model_gaussian_kernel=128_sigma=4.log:test PSNR: 25.656038103098748
INFO:logs/DIP_log_model_gaussian_kernel=128_sigma=4.log:train PSNR: 25.819719522681943
INFO:logs/DIP_log_model_gaussian_kernel=128_sigma=4.log:test PSNR: 25.657025090945798
INFO:logs/DIP_log_model_gaussian_kernel=128_sigma=4.log:train PSNR: 25.727872010263102
INFO:logs/DIP_log_model_gaussian_kernel=128_sigma=4.log:test PSNR: 25.65950595404854
INFO:logs/DIP_log_model_gaussian_kernel=128_sigma=4.log:train PSNR: 25.62612403111419
INFO:logs/DIP_log_model_gaussian_kernel=128_sigma=4.log:test PSNR: 25.656732572299433
INFO:logs/DIP_log_model_gaussian_kernel=128_sigma=4.log:train PSNR: 25.86180489810619
INFO:logs/DIP_log_model_gaussian_kernel=128_sigma=4.log:test PSNR: 25.657279927806222
INFO:logs/DIP_log_model_gaussian_kernel=128_sigma=4.log:train PSNR: 25.94252389061027
INFO:logs/DIP_log_model_gaussian_kernel=128_sigma=4.log:test PSNR: 25.658036277622895
INFO:logs/DIP_log_model_gaussian_kernel=128_sigma=4.log:train PSNR: 25.772745567207394
INFO:logs/DIP_log_model_gaussian_kernel=128_sigma=4.log:test PSNR: 25.658946418972242
INFO:logs/DIP_log_model_gaussian_kernel=128_sigma=4.log:train PSNR: 25.872523731921046
INFO:logs/DIP_log_model_gaussian_kernel=128_sigma=4.log:test PSNR: 25.653152867949615
INFO:logs/DIP_log_model_gaussian_kernel=128_sigma=4.log:train PSNR: 25.766689232346508
INFO:logs/DIP_log_model_gaussian_kernel=128_sigma=4.log:test PSNR: 25.65516092969108
INFO:logs/DIP_log_model_gaussian_kernel=128_sigma=4.log:train PSNR: 26.17720052979134
INFO:logs/DIP_log_model_gaussian_kernel=128_sigma=4.log:test PSNR: 25.65358536224112
INFO:logs/DIP_log_model_gaussian_kernel=128_sigma=4.log:train PSNR: 26.09589424284599
INFO:logs/DIP_log_model_gaussian_kernel=128_sigma=4.log:test PSNR: 25.65615541995797
INFO:logs/DIP_log_model_gaussian_kernel=128_sigma=4.log:train PSNR: 25.917648360722307
INFO:logs/DIP_log_model_gaussian_kernel=128_sigma=4.log:test PSNR: 25.65440521583567
INFO:logs/DIP_log_model_gaussian_kernel=128_sigma=4.log:train PSNR: 25.90410075426691
INFO:logs/DIP_log_model_gaussian_kernel=128_sigma=4.log:test PSNR: 25.65530943081644
INFO:logs/DIP_log_model_gaussian_kernel=128_sigma=4.log:train PSNR: 26.04044136729429
INFO:logs/DIP_log_model_gaussian_kernel=128_sigma=4.log:test PSNR: 25.655259138538074
INFO:logs/DIP_log_model_gaussian_kernel=128_sigma=4.log:train PSNR: 25.764368882774235
INFO:logs/DIP_log_model_gaussian_kernel=128_sigma=4.log:test PSNR: 25.655853221093086
INFO:logs/DIP_log_model_gaussian_kernel=128_sigma=4.log:train PSNR: 25.873820320964906
INFO:logs/DIP_log_model_gaussian_kernel=128_sigma=4.log:test PSNR: 25.6558141409121
INFO:logs/DIP_log_model_gaussian_kernel=128_sigma=4.log:train PSNR: 25.91097901403797
INFO:logs/DIP_log_model_gaussian_kernel=128_sigma=4.log:test PSNR: 25.656367686244092
INFO:logs/DIP_log_model_gaussian_kernel=128_sigma=4.log:train PSNR: 25.994087679979994
INFO:logs/DIP_log_model_gaussian_kernel=128_sigma=4.log:test PSNR: 25.656098682023085
INFO:logs/DIP_log_model_gaussian_kernel=128_sigma=4.log:train PSNR: 25.953052971535268
INFO:logs/DIP_log_model_gaussian_kernel=128_sigma=4.log:test PSNR: 25.65514120362393
INFO:logs/DIP_log_model_gaussian_kernel=128_sigma=4.log:train PSNR: 25.65283328743539
INFO:logs/DIP_log_model_gaussian_kernel=128_sigma=4.log:test PSNR: 25.655947722507808
INFO:logs/DIP_log_model_gaussian_kernel=128_sigma=4.log:train PSNR: 25.703803667141955
INFO:logs/DIP_log_model_gaussian_kernel=128_sigma=4.log:test PSNR: 25.656443669590864
INFO:logs/DIP_log_model_gaussian_kernel=128_sigma=4.log:train PSNR: 25.888880111771424
INFO:logs/DIP_log_model_gaussian_kernel=128_sigma=4.log:test PSNR: 25.65700880743924
INFO:logs/DIP_log_model_gaussian_kernel=128_sigma=4.log:train PSNR: 25.80972184751098
INFO:logs/DIP_log_model_gaussian_kernel=128_sigma=4.log:test PSNR: 25.655665653413873
INFO:logs/DIP_log_model_gaussian_kernel=128_sigma=4.log:train PSNR: 25.770827008898838
INFO:logs/DIP_log_model_gaussian_kernel=128_sigma=4.log:test PSNR: 25.654780001515867
INFO:logs/DIP_log_model_gaussian_kernel=128_sigma=4.log:train PSNR: 25.80288330068761
INFO:logs/DIP_log_model_gaussian_kernel=128_sigma=4.log:test PSNR: 25.656424379705573
INFO:logs/DIP_log_model_gaussian_kernel=128_sigma=4.log:train PSNR: 26.182864981244293
INFO:logs/DIP_log_model_gaussian_kernel=128_sigma=4.log:test PSNR: 25.654677610455725
INFO:logs/DIP_log_model_gaussian_kernel=128_sigma=4.log:train PSNR: 26.061296355385355
INFO:logs/DIP_log_model_gaussian_kernel=128_sigma=4.log:test PSNR: 25.65477301689972
INFO:logs/DIP_log_model_gaussian_kernel=128_sigma=4.log:train PSNR: 26.049521835407898
INFO:logs/DIP_log_model_gaussian_kernel=128_sigma=4.log:test PSNR: 25.654931173616795
INFO:logs/DIP_log_model_gaussian_kernel=128_sigma=4.log:train PSNR: 25.864812828700636
INFO:logs/DIP_log_model_gaussian_kernel=128_sigma=4.log:test PSNR: 25.65618944837477
INFO:logs/DIP_log_model_gaussian_kernel=128_sigma=4.log:train PSNR: 25.8111787530812
INFO:logs/DIP_log_model_gaussian_kernel=128_sigma=4.log:test PSNR: 25.65633192462137
INFO:logs/DIP_log_model_gaussian_kernel=128_sigma=4.log:train PSNR: 25.851946801757848
INFO:logs/DIP_log_model_gaussian_kernel=128_sigma=4.log:test PSNR: 25.65702436321798
INFO:logs/DIP_log_model_gaussian_kernel=128_sigma=4.log:train PSNR: 25.895688754336387
INFO:logs/DIP_log_model_gaussian_kernel=128_sigma=4.log:test PSNR: 25.656784980012404
INFO:logs/DIP_log_model_gaussian_kernel=128_sigma=4.log:train PSNR: 25.763562171996675
INFO:logs/DIP_log_model_gaussian_kernel=128_sigma=4.log:test PSNR: 25.65683985906453
INFO:logs/DIP_log_model_gaussian_kernel=128_sigma=4.log:train PSNR: 25.865757586040036
INFO:logs/DIP_log_model_gaussian_kernel=128_sigma=4.log:test PSNR: 25.656026173789733
INFO:logs/DIP_log_model_gaussian_kernel=128_sigma=4.log:train PSNR: 25.721905263086555
INFO:logs/DIP_log_model_gaussian_kernel=128_sigma=4.log:test PSNR: 25.65610110632523
INFO:logs/DIP_log_model_gaussian_kernel=128_sigma=4.log:train PSNR: 25.900879629471458
INFO:logs/DIP_log_model_gaussian_kernel=128_sigma=4.log:test PSNR: 25.655536953924397
INFO:logs/DIP_log_model_gaussian_kernel=128_sigma=4.log:train PSNR: 25.95502444980102
INFO:logs/DIP_log_model_gaussian_kernel=128_sigma=4.log:test PSNR: 25.655040635843275
INFO:logs/DIP_log_model_gaussian_kernel=128_sigma=4.log:train PSNR: 25.90326687162581
INFO:logs/DIP_log_model_gaussian_kernel=128_sigma=4.log:test PSNR: 25.65620852728352
INFO:logs/DIP_log_model_gaussian_kernel=128_sigma=4.log:train PSNR: 25.919202985208965
INFO:logs/DIP_log_model_gaussian_kernel=128_sigma=4.log:test PSNR: 25.656215804799633
INFO:logs/DIP_log_model_gaussian_kernel=128_sigma=4.log:train PSNR: 25.825280982377517
INFO:logs/DIP_log_model_gaussian_kernel=128_sigma=4.log:test PSNR: 25.65774018323585
INFO:logs/DIP_log_model_gaussian_kernel=128_sigma=4.log:train PSNR: 25.901861670392304
INFO:logs/DIP_log_model_gaussian_kernel=128_sigma=4.log:test PSNR: 25.657272643670666
INFO:logs/DIP_log_model_gaussian_kernel=128_sigma=4.log:train PSNR: 26.017240744897872
INFO:logs/DIP_log_model_gaussian_kernel=128_sigma=4.log:test PSNR: 25.65763890502876
INFO:logs/DIP_log_model_gaussian_kernel=128_sigma=4.log:train PSNR: 25.717774673959752
INFO:logs/DIP_log_model_gaussian_kernel=128_sigma=4.log:test PSNR: 25.656494649428048
INFO:logs/DIP_log_model_gaussian_kernel=128_sigma=4.log:train PSNR: 25.748915885545273
INFO:logs/DIP_log_model_gaussian_kernel=128_sigma=4.log:test PSNR: 25.65676085688339
INFO:logs/DIP_log_model_gaussian_kernel=128_sigma=4.log:train PSNR: 26.02544117923152
INFO:logs/DIP_log_model_gaussian_kernel=128_sigma=4.log:test PSNR: 25.65643942116337
INFO:logs/DIP_log_model_gaussian_kernel=128_sigma=4.log:train PSNR: 26.060527546807513
INFO:logs/DIP_log_model_gaussian_kernel=128_sigma=4.log:test PSNR: 25.656136343324203
INFO:logs/DIP_log_model_gaussian_kernel=128_sigma=4.log:train PSNR: 25.846928926520597
INFO:logs/DIP_log_model_gaussian_kernel=128_sigma=4.log:test PSNR: 25.656532843002925
INFO:logs/DIP_log_model_gaussian_kernel=128_sigma=4.log:train PSNR: 25.541325102698867
INFO:logs/DIP_log_model_gaussian_kernel=128_sigma=4.log:test PSNR: 25.656823709613402
INFO:logs/DIP_log_model_gaussian_kernel=128_sigma=4.log:train PSNR: 25.855204152155206
INFO:logs/DIP_log_model_gaussian_kernel=128_sigma=4.log:test PSNR: 25.65719745809389
INFO:logs/DIP_log_model_gaussian_kernel=128_sigma=4.log:train PSNR: 25.931206057094993
INFO:logs/DIP_log_model_gaussian_kernel=128_sigma=4.log:test PSNR: 25.65703302477409
INFO:logs/DIP_log_model_gaussian_kernel=128_sigma=4.log:train PSNR: 25.648089281064046
INFO:logs/DIP_log_model_gaussian_kernel=128_sigma=4.log:test PSNR: 25.656852717213436
INFO:logs/DIP_log_model_gaussian_kernel=128_sigma=4.log:train PSNR: 25.811302911459705
INFO:logs/DIP_log_model_gaussian_kernel=128_sigma=4.log:test PSNR: 25.656676920138622
INFO:logs/DIP_log_model_gaussian_kernel=128_sigma=4.log:train PSNR: 25.807816879847337
INFO:logs/DIP_log_model_gaussian_kernel=128_sigma=4.log:test PSNR: 25.656593757679662
INFO:logs/DIP_log_model_gaussian_kernel=128_sigma=4.log:train PSNR: 25.807302119577756
INFO:logs/DIP_log_model_gaussian_kernel=128_sigma=4.log:test PSNR: 25.65707121548422
INFO:logs/DIP_log_model_gaussian_kernel=128_sigma=4.log:train PSNR: 26.035259952835638
INFO:logs/DIP_log_model_gaussian_kernel=128_sigma=4.log:test PSNR: 25.656686005779985
INFO:logs/DIP_log_model_gaussian_kernel=128_sigma=4.log:train PSNR: 26.119485234561974
INFO:logs/DIP_log_model_gaussian_kernel=128_sigma=4.log:test PSNR: 25.65708181305755
INFO:logs/DIP_log_model_gaussian_kernel=128_sigma=4.log:train PSNR: 25.910983635194803
INFO:logs/DIP_log_model_gaussian_kernel=128_sigma=4.log:test PSNR: 25.65751777454668
INFO:logs/DIP_log_model_gaussian_kernel=128_sigma=4.log:train PSNR: 25.955244179504124
INFO:logs/DIP_log_model_gaussian_kernel=128_sigma=4.log:test PSNR: 25.65764354422055
INFO:logs/DIP_log_model_gaussian_kernel=128_sigma=4.log:train PSNR: 25.799972780567096
INFO:logs/DIP_log_model_gaussian_kernel=128_sigma=4.log:test PSNR: 25.656986281469788
INFO:logs/DIP_log_model_gaussian_kernel=128_sigma=4.log:train PSNR: 25.8133462095312
INFO:logs/DIP_log_model_gaussian_kernel=128_sigma=4.log:test PSNR: 25.657398054788274
INFO:logs/DIP_log_model_gaussian_kernel=128_sigma=4.log:train PSNR: 25.85987051816635
INFO:logs/DIP_log_model_gaussian_kernel=128_sigma=4.log:test PSNR: 25.657336910946327
INFO:logs/DIP_log_model_gaussian_kernel=128_sigma=4.log:train PSNR: 25.8919232065202
INFO:logs/DIP_log_model_gaussian_kernel=128_sigma=4.log:test PSNR: 25.65740105402811
INFO:logs/DIP_log_model_gaussian_kernel=128_sigma=4.log:train PSNR: 25.594854690006724
INFO:logs/DIP_log_model_gaussian_kernel=128_sigma=4.log:test PSNR: 25.657642426782353
INFO:logs/DIP_log_model_gaussian_kernel=128_sigma=4.log:train PSNR: 26.081242170884753
INFO:logs/DIP_log_model_gaussian_kernel=128_sigma=4.log:test PSNR: 25.65761507728097
INFO:logs/DIP_log_model_gaussian_kernel=128_sigma=4.log:train PSNR: 25.79632201875518
INFO:logs/DIP_log_model_gaussian_kernel=128_sigma=4.log:test PSNR: 25.657818021440836
INFO:logs/DIP_log_model_gaussian_kernel=128_sigma=4.log:train PSNR: 25.92593382421931
INFO:logs/DIP_log_model_gaussian_kernel=128_sigma=4.log:test PSNR: 25.657439134992757
INFO:logs/DIP_log_model_gaussian_kernel=128_sigma=4.log:train PSNR: 25.674859006815744
INFO:logs/DIP_log_model_gaussian_kernel=128_sigma=4.log:test PSNR: 25.65785772136297
INFO:logs/DIP_log_model_gaussian_kernel=128_sigma=4.log:train PSNR: 25.678886921423455
INFO:logs/DIP_log_model_gaussian_kernel=128_sigma=4.log:test PSNR: 25.657851209607923
INFO:logs/DIP_log_model_gaussian_kernel=128_sigma=4.log:train PSNR: 25.73223109168828
INFO:logs/DIP_log_model_gaussian_kernel=128_sigma=4.log:test PSNR: 25.658221788347333
INFO:logs/DIP_log_model_gaussian_kernel=128_sigma=4.log:train PSNR: 25.740905300841973
INFO:logs/DIP_log_model_gaussian_kernel=128_sigma=4.log:test PSNR: 25.657820718476124
INFO:logs/DIP_log_model_gaussian_kernel=128_sigma=4.log:train PSNR: 25.827763091338415
INFO:logs/DIP_log_model_gaussian_kernel=128_sigma=4.log:test PSNR: 25.657891258468673
INFO:logs/DIP_log_model_gaussian_kernel=128_sigma=4.log:train PSNR: 25.886785408639778
INFO:logs/DIP_log_model_gaussian_kernel=128_sigma=4.log:test PSNR: 25.656561104944593
INFO:logs/DIP_log_model_gaussian_kernel=128_sigma=4.log:train PSNR: 25.777886838496915
INFO:logs/DIP_log_model_gaussian_kernel=128_sigma=4.log:test PSNR: 25.657079723381585
INFO:logs/DIP_log_model_gaussian_kernel=128_sigma=4.log:train PSNR: 25.680041438756827
INFO:logs/DIP_log_model_gaussian_kernel=128_sigma=4.log:test PSNR: 25.657564664699496
INFO:logs/DIP_log_model_gaussian_kernel=128_sigma=4.log:train PSNR: 26.057542302196264
INFO:logs/DIP_log_model_gaussian_kernel=128_sigma=4.log:test PSNR: 25.657349058866245
INFO:logs/DIP_log_model_gaussian_kernel=128_sigma=4.log:train PSNR: 25.911700110248372
INFO:logs/DIP_log_model_gaussian_kernel=128_sigma=4.log:test PSNR: 25.657855837379078
INFO:logs/DIP_log_model_gaussian_kernel=128_sigma=4.log:train PSNR: 26.268265842288308
INFO:logs/DIP_log_model_gaussian_kernel=128_sigma=4.log:test PSNR: 25.657847755718286
INFO:logs/DIP_log_model_gaussian_kernel=128_sigma=4.log:train PSNR: 25.83821048552126
INFO:logs/DIP_log_model_gaussian_kernel=128_sigma=4.log:test PSNR: 25.657600929158896
INFO:logs/DIP_log_model_gaussian_kernel=128_sigma=4.log:train PSNR: 25.58516315213076
INFO:logs/DIP_log_model_gaussian_kernel=128_sigma=4.log:test PSNR: 25.65770723010681
INFO:logs/DIP_log_model_gaussian_kernel=128_sigma=4.log:train PSNR: 25.77265926230536
INFO:logs/DIP_log_model_gaussian_kernel=128_sigma=4.log:test PSNR: 25.6576684490066
INFO:logs/DIP_log_model_gaussian_kernel=128_sigma=4.log:train PSNR: 26.006332877512307
INFO:logs/DIP_log_model_gaussian_kernel=128_sigma=4.log:test PSNR: 25.65767590422841
INFO:logs/DIP_log_model_gaussian_kernel=128_sigma=4.log:train PSNR: 26.012452576288776
INFO:logs/DIP_log_model_gaussian_kernel=128_sigma=4.log:test PSNR: 25.657693799012907
INFO:logs/DIP_log_model_gaussian_kernel=128_sigma=4.log:train PSNR: 25.76023098223694
INFO:logs/DIP_log_model_gaussian_kernel=128_sigma=4.log:test PSNR: 25.65764011843015
INFO:logs/DIP_log_model_gaussian_kernel=128_sigma=4.log:train PSNR: 25.97561317552318
INFO:logs/DIP_log_model_gaussian_kernel=128_sigma=4.log:test PSNR: 25.65752974632509
INFO:logs/DIP_log_model_gaussian_kernel=128_sigma=4.log:train PSNR: 25.75502224044039
INFO:logs/DIP_log_model_gaussian_kernel=128_sigma=4.log:test PSNR: 25.657335164311462
INFO:logs/DIP_log_model_gaussian_kernel=128_sigma=4.log:train PSNR: 25.77283245506468
INFO:logs/DIP_log_model_gaussian_kernel=128_sigma=4.log:test PSNR: 25.65715894522944
INFO:logs/DIP_log_model_gaussian_kernel=128_sigma=4.log:train PSNR: 25.791322178982636
INFO:logs/DIP_log_model_gaussian_kernel=128_sigma=4.log:test PSNR: 25.657233026551157
INFO:logs/DIP_log_model_gaussian_kernel=128_sigma=4.log:train PSNR: 26.130936380736042
INFO:logs/DIP_log_model_gaussian_kernel=128_sigma=4.log:test PSNR: 25.657210384515206
INFO:logs/DIP_log_model_gaussian_kernel=128_sigma=4.log:train PSNR: 25.793542879435325
INFO:logs/DIP_log_model_gaussian_kernel=128_sigma=4.log:test PSNR: 25.657106175473597
INFO:logs/DIP_log_model_gaussian_kernel=128_sigma=4.log:train PSNR: 25.839606614012574
INFO:logs/DIP_log_model_gaussian_kernel=128_sigma=4.log:test PSNR: 25.657195127522666
INFO:logs/DIP_log_model_gaussian_kernel=128_sigma=4.log:train PSNR: 25.899876443085834
INFO:logs/DIP_log_model_gaussian_kernel=128_sigma=4.log:test PSNR: 25.657213864163605
INFO:logs/DIP_log_model_gaussian_kernel=128_sigma=4.log:train PSNR: 25.988784658568044
INFO:logs/DIP_log_model_gaussian_kernel=128_sigma=4.log:test PSNR: 25.65715318718838
INFO:logs/DIP_log_model_gaussian_kernel=128_sigma=4.log:train PSNR: 25.943478135110745
INFO:logs/DIP_log_model_gaussian_kernel=128_sigma=4.log:test PSNR: 25.657176182932172
INFO:logs/DIP_log_model_gaussian_kernel=128_sigma=4.log:train PSNR: 26.038683674543975
INFO:logs/DIP_log_model_gaussian_kernel=128_sigma=4.log:test PSNR: 25.65722108845351
INFO:logs/DIP_log_model_gaussian_kernel=128_sigma=4.log:train PSNR: 25.817788943439737
INFO:logs/DIP_log_model_gaussian_kernel=128_sigma=4.log:test PSNR: 25.657278097436258
INFO:logs/DIP_log_model_gaussian_kernel=128_sigma=4.log:train PSNR: 25.914546596287227
INFO:logs/DIP_log_model_gaussian_kernel=128_sigma=4.log:test PSNR: 25.65746159757646
INFO:logs/DIP_log_model_gaussian_kernel=128_sigma=4.log:train PSNR: 25.849327784498435
INFO:logs/DIP_log_model_gaussian_kernel=128_sigma=4.log:test PSNR: 25.657326699764166
INFO:logs/DIP_log_model_gaussian_kernel=128_sigma=4.log:train PSNR: 25.849660622088592
INFO:logs/DIP_log_model_gaussian_kernel=128_sigma=4.log:test PSNR: 25.657294075802096
INFO:logs/DIP_log_model_gaussian_kernel=128_sigma=4.log:train PSNR: 26.215817444450913
INFO:logs/DIP_log_model_gaussian_kernel=128_sigma=4.log:test PSNR: 25.657421983814775
INFO:logs/DIP_log_model_gaussian_kernel=128_sigma=4.log:train PSNR: 25.77273833954832
INFO:logs/DIP_log_model_gaussian_kernel=128_sigma=4.log:test PSNR: 25.657396165059332
INFO:logs/DIP_log_model_gaussian_kernel=128_sigma=4.log:train PSNR: 25.611660337577447
INFO:logs/DIP_log_model_gaussian_kernel=128_sigma=4.log:test PSNR: 25.657352214750762
