INFO:logs/DIP_log_model_gaussian_with_noise.log_model:first model = 
ConvLista_T(
  (apply_A): ConvTranspose2d(175, 1, kernel_size=(11, 11), stride=(8, 8), bias=False)
  (apply_B): Conv2d(1, 175, kernel_size=(11, 11), stride=(8, 8), bias=False)
  (apply_C): Sequential(
    (0): ConvTranspose2d(175, 1, kernel_size=(11, 11), stride=(8, 8))
  )
  (soft_threshold): SoftThreshold()
)

INFO:logs/DIP_log_model_gaussian_with_noise.log_model:config_dict = {'uuid': 'DIP_project_gaussian_with_noise', 'kernel_size': 11, 'stride': 8, 'num_filters': 175, 'lr': 0.0002, 'unfoldings': 12, 'lr_decay': 0.35, 'patch_size': 128, 'num_epochs': 250, 'lr_step': 50, 'eps': 0.001, 'threshold': 0.01, 'noise_std': 0.09803921568627451, 'gaussian_size': 64}

INFO:logs/DIP_log_model_gaussian_with_noise.log:Training model...
INFO:logs/DIP_log_model_gaussian_with_noise.log:train PSNR: 24.92422618208723
INFO:logs/DIP_log_model_gaussian_with_noise.log:test PSNR: 25.8005840212714
INFO:logs/DIP_log_model_gaussian_with_noise.log:train PSNR: 26.025441808401087
INFO:logs/DIP_log_model_gaussian_with_noise.log:test PSNR: 26.285505322536153
INFO:logs/DIP_log_model_gaussian_with_noise.log:train PSNR: 26.280051267027506
INFO:logs/DIP_log_model_gaussian_with_noise.log:test PSNR: 26.45668665598795
INFO:logs/DIP_log_model_gaussian_with_noise.log:train PSNR: 26.447544652471375
INFO:logs/DIP_log_model_gaussian_with_noise.log:test PSNR: 26.392812205809786
INFO:logs/DIP_log_model_gaussian_with_noise.log:train PSNR: 26.855888370961708
INFO:logs/DIP_log_model_gaussian_with_noise.log:test PSNR: 27.019865615083635
INFO:logs/DIP_log_model_gaussian_with_noise.log:train PSNR: 27.002369961296615
INFO:logs/DIP_log_model_gaussian_with_noise.log:test PSNR: 27.012966377161977
INFO:logs/DIP_log_model_gaussian_with_noise.log:train PSNR: 27.05901399511194
INFO:logs/DIP_log_model_gaussian_with_noise.log:test PSNR: 27.236812016402773
INFO:logs/DIP_log_model_gaussian_with_noise.log:train PSNR: 27.116193437929322
INFO:logs/DIP_log_model_gaussian_with_noise.log:test PSNR: 27.40831624065198
INFO:logs/DIP_log_model_gaussian_with_noise.log:train PSNR: 27.096587934924692
INFO:logs/DIP_log_model_gaussian_with_noise.log:test PSNR: 27.453753854601317
INFO:logs/DIP_log_model_gaussian_with_noise.log:train PSNR: 27.176952182758622
INFO:logs/DIP_log_model_gaussian_with_noise.log:test PSNR: 27.45532834295844
INFO:logs/DIP_log_model_gaussian_with_noise.log:train PSNR: 27.508293075703666
INFO:logs/DIP_log_model_gaussian_with_noise.log:test PSNR: 27.569112084302045
INFO:logs/DIP_log_model_gaussian_with_noise.log:train PSNR: 27.46702509668636
INFO:logs/DIP_log_model_gaussian_with_noise.log:test PSNR: 27.581812140472618
INFO:logs/DIP_log_model_gaussian_with_noise.log:train PSNR: 27.536774650925125
INFO:logs/DIP_log_model_gaussian_with_noise.log:test PSNR: 27.723864639677718
INFO:logs/DIP_log_model_gaussian_with_noise.log:train PSNR: 27.535605262450154
INFO:logs/DIP_log_model_gaussian_with_noise.log:test PSNR: 27.58993350606494
INFO:logs/DIP_log_model_gaussian_with_noise.log:train PSNR: 27.68418819522882
INFO:logs/DIP_log_model_gaussian_with_noise.log:test PSNR: 27.791987748455764
INFO:logs/DIP_log_model_gaussian_with_noise.log:train PSNR: 27.72521243085121
INFO:logs/DIP_log_model_gaussian_with_noise.log:test PSNR: 27.522001792221953
INFO:logs/DIP_log_model_gaussian_with_noise.log:train PSNR: 27.802702040146034
INFO:logs/DIP_log_model_gaussian_with_noise.log:test PSNR: 27.84226734343732
INFO:logs/DIP_log_model_gaussian_with_noise.log:train PSNR: 27.8097150023417
INFO:logs/DIP_log_model_gaussian_with_noise.log:test PSNR: 27.809419336172823
INFO:logs/DIP_log_model_gaussian_with_noise.log:train PSNR: 27.70193296629403
INFO:logs/DIP_log_model_gaussian_with_noise.log:test PSNR: 27.75534230242577
INFO:logs/DIP_log_model_gaussian_with_noise.log:train PSNR: 27.611891028630886
INFO:logs/DIP_log_model_gaussian_with_noise.log:test PSNR: 27.903192135323046
INFO:logs/DIP_log_model_gaussian_with_noise.log:train PSNR: 28.041359393642047
INFO:logs/DIP_log_model_gaussian_with_noise.log:test PSNR: 28.01327700839589
INFO:logs/DIP_log_model_gaussian_with_noise.log:train PSNR: 27.8675731560997
INFO:logs/DIP_log_model_gaussian_with_noise.log:test PSNR: 28.000193355695146
INFO:logs/DIP_log_model_gaussian_with_noise.log:train PSNR: 27.77138498544603
INFO:logs/DIP_log_model_gaussian_with_noise.log:test PSNR: 28.00668126034846
INFO:logs/DIP_log_model_gaussian_with_noise.log:train PSNR: 27.966740456868187
INFO:logs/DIP_log_model_gaussian_with_noise.log:test PSNR: 27.832262128596685
INFO:logs/DIP_log_model_gaussian_with_noise.log:train PSNR: 27.805303257279522
INFO:logs/DIP_log_model_gaussian_with_noise.log:test PSNR: 28.101876433582085
INFO:logs/DIP_log_model_gaussian_with_noise.log:train PSNR: 28.055935516410944
INFO:logs/DIP_log_model_gaussian_with_noise.log:test PSNR: 28.113403687455023
INFO:logs/DIP_log_model_gaussian_with_noise.log:train PSNR: 28.068006960294095
INFO:logs/DIP_log_model_gaussian_with_noise.log:test PSNR: 28.153883650544515
INFO:logs/DIP_log_model_gaussian_with_noise.log:train PSNR: 28.193174714262337
INFO:logs/DIP_log_model_gaussian_with_noise.log:test PSNR: 28.154307883367125
INFO:logs/DIP_log_model_gaussian_with_noise.log:train PSNR: 28.076079762046035
INFO:logs/DIP_log_model_gaussian_with_noise.log:test PSNR: 28.179671166468992
INFO:logs/DIP_log_model_gaussian_with_noise.log:train PSNR: 28.130363605155967
INFO:logs/DIP_log_model_gaussian_with_noise.log:test PSNR: 28.163867913267584
INFO:logs/DIP_log_model_gaussian_with_noise.log:train PSNR: 28.149756145221968
INFO:logs/DIP_log_model_gaussian_with_noise.log:test PSNR: 28.169204557817427
INFO:logs/DIP_log_model_gaussian_with_noise.log:train PSNR: 28.06970546481345
INFO:logs/DIP_log_model_gaussian_with_noise.log:test PSNR: 28.177016894076772
INFO:logs/DIP_log_model_gaussian_with_noise.log:train PSNR: 28.28000799425843
INFO:logs/DIP_log_model_gaussian_with_noise.log:test PSNR: 28.1965621358501
INFO:logs/DIP_log_model_gaussian_with_noise.log:train PSNR: 28.147274840218234
INFO:logs/DIP_log_model_gaussian_with_noise.log:test PSNR: 28.200063853481456
INFO:logs/DIP_log_model_gaussian_with_noise.log:train PSNR: 28.199977567809956
INFO:logs/DIP_log_model_gaussian_with_noise.log:test PSNR: 28.23438861470536
INFO:logs/DIP_log_model_gaussian_with_noise.log:train PSNR: 28.201037660110448
INFO:logs/DIP_log_model_gaussian_with_noise.log:test PSNR: 28.222204765324943
INFO:logs/DIP_log_model_gaussian_with_noise.log:train PSNR: 28.3357583467438
INFO:logs/DIP_log_model_gaussian_with_noise.log:test PSNR: 28.248305741495592
INFO:logs/DIP_log_model_gaussian_with_noise.log:train PSNR: 28.107506394700113
INFO:logs/DIP_log_model_gaussian_with_noise.log:test PSNR: 28.258344323404074
INFO:logs/DIP_log_model_gaussian_with_noise.log:train PSNR: 28.209108397332294
INFO:logs/DIP_log_model_gaussian_with_noise.log:test PSNR: 28.262905772811123
INFO:logs/DIP_log_model_gaussian_with_noise.log:train PSNR: 28.347862292457023
INFO:logs/DIP_log_model_gaussian_with_noise.log:test PSNR: 28.267509424726846
INFO:logs/DIP_log_model_gaussian_with_noise.log:train PSNR: 28.24385406085683
INFO:logs/DIP_log_model_gaussian_with_noise.log:test PSNR: 28.24876191574544
INFO:logs/DIP_log_model_gaussian_with_noise.log:train PSNR: 28.16943931454454
INFO:logs/DIP_log_model_gaussian_with_noise.log:test PSNR: 28.25930924536724
INFO:logs/DIP_log_model_gaussian_with_noise.log:train PSNR: 28.29370198330099
INFO:logs/DIP_log_model_gaussian_with_noise.log:test PSNR: 28.28061354679327
INFO:logs/DIP_log_model_gaussian_with_noise.log:train PSNR: 28.32761183654426
INFO:logs/DIP_log_model_gaussian_with_noise.log:test PSNR: 28.255449778453972
INFO:logs/DIP_log_model_gaussian_with_noise.log:train PSNR: 28.284942228333872
INFO:logs/DIP_log_model_gaussian_with_noise.log:test PSNR: 28.300483189895917
INFO:logs/DIP_log_model_gaussian_with_noise.log:train PSNR: 28.357943228456346
INFO:logs/DIP_log_model_gaussian_with_noise.log:test PSNR: 28.299074806715044
INFO:logs/DIP_log_model_gaussian_with_noise.log:train PSNR: 28.20860722658106
INFO:logs/DIP_log_model_gaussian_with_noise.log:test PSNR: 28.3026482784591
INFO:logs/DIP_log_model_gaussian_with_noise.log:train PSNR: 28.169719881758105
INFO:logs/DIP_log_model_gaussian_with_noise.log:test PSNR: 28.254814733847457
INFO:logs/DIP_log_model_gaussian_with_noise.log:train PSNR: 28.215624108374236
INFO:logs/DIP_log_model_gaussian_with_noise.log:test PSNR: 28.313653857800134
INFO:logs/DIP_log_model_gaussian_with_noise.log:train PSNR: 28.478131273735126
INFO:logs/DIP_log_model_gaussian_with_noise.log:test PSNR: 28.296342337064875
INFO:logs/DIP_log_model_gaussian_with_noise.log:train PSNR: 28.225692030264565
INFO:logs/DIP_log_model_gaussian_with_noise.log:test PSNR: 28.336208305684114
INFO:logs/DIP_log_model_gaussian_with_noise.log:train PSNR: 28.42869901486341
INFO:logs/DIP_log_model_gaussian_with_noise.log:test PSNR: 28.340100309015188
INFO:logs/DIP_log_model_gaussian_with_noise.log:train PSNR: 28.30474146546201
INFO:logs/DIP_log_model_gaussian_with_noise.log:test PSNR: 28.34611112117909
INFO:logs/DIP_log_model_gaussian_with_noise.log:train PSNR: 28.465029750457045
INFO:logs/DIP_log_model_gaussian_with_noise.log:test PSNR: 28.344984268261605
INFO:logs/DIP_log_model_gaussian_with_noise.log:train PSNR: 28.360738549826173
INFO:logs/DIP_log_model_gaussian_with_noise.log:test PSNR: 28.340104905458585
INFO:logs/DIP_log_model_gaussian_with_noise.log:train PSNR: 28.348590521961853
INFO:logs/DIP_log_model_gaussian_with_noise.log:test PSNR: 28.35112296658115
INFO:logs/DIP_log_model_gaussian_with_noise.log:train PSNR: 28.365023562204996
INFO:logs/DIP_log_model_gaussian_with_noise.log:test PSNR: 28.340915492988863
INFO:logs/DIP_log_model_gaussian_with_noise.log:train PSNR: 28.36750277035676
INFO:logs/DIP_log_model_gaussian_with_noise.log:test PSNR: 28.352224191200428
INFO:logs/DIP_log_model_gaussian_with_noise.log:train PSNR: 28.446467365141654
INFO:logs/DIP_log_model_gaussian_with_noise.log:test PSNR: 28.357962890764156
INFO:logs/DIP_log_model_gaussian_with_noise.log:train PSNR: 28.50954479546236
INFO:logs/DIP_log_model_gaussian_with_noise.log:test PSNR: 28.363568556742706
INFO:logs/DIP_log_model_gaussian_with_noise.log:train PSNR: 28.410549982598553
INFO:logs/DIP_log_model_gaussian_with_noise.log:test PSNR: 28.361448951824947
INFO:logs/DIP_log_model_gaussian_with_noise.log:train PSNR: 28.381592919828105
INFO:logs/DIP_log_model_gaussian_with_noise.log:test PSNR: 28.35736973065103
INFO:logs/DIP_log_model_gaussian_with_noise.log:train PSNR: 28.519580080930805
INFO:logs/DIP_log_model_gaussian_with_noise.log:test PSNR: 28.364579275707737
INFO:logs/DIP_log_model_gaussian_with_noise.log:train PSNR: 28.3036124991446
INFO:logs/DIP_log_model_gaussian_with_noise.log:test PSNR: 28.373809042272185
INFO:logs/DIP_log_model_gaussian_with_noise.log:train PSNR: 28.332844917746332
INFO:logs/DIP_log_model_gaussian_with_noise.log:test PSNR: 28.368297621076515
INFO:logs/DIP_log_model_gaussian_with_noise.log:train PSNR: 28.240972280447295
INFO:logs/DIP_log_model_gaussian_with_noise.log:test PSNR: 28.36684697307655
INFO:logs/DIP_log_model_gaussian_with_noise.log:train PSNR: 28.366541562309717
INFO:logs/DIP_log_model_gaussian_with_noise.log:test PSNR: 28.359617015153006
INFO:logs/DIP_log_model_gaussian_with_noise.log:train PSNR: 28.306414924141745
INFO:logs/DIP_log_model_gaussian_with_noise.log:test PSNR: 28.378877083018352
INFO:logs/DIP_log_model_gaussian_with_noise.log:train PSNR: 28.227825349553772
INFO:logs/DIP_log_model_gaussian_with_noise.log:test PSNR: 28.379338235304562
INFO:logs/DIP_log_model_gaussian_with_noise.log:train PSNR: 28.373519170710395
INFO:logs/DIP_log_model_gaussian_with_noise.log:test PSNR: 28.373277798269186
INFO:logs/DIP_log_model_gaussian_with_noise.log:train PSNR: 28.38293445973985
INFO:logs/DIP_log_model_gaussian_with_noise.log:test PSNR: 28.395419751312453
INFO:logs/DIP_log_model_gaussian_with_noise.log:train PSNR: 28.372624082034907
INFO:logs/DIP_log_model_gaussian_with_noise.log:test PSNR: 28.367773704281415
INFO:logs/DIP_log_model_gaussian_with_noise.log:train PSNR: 28.358522138946594
INFO:logs/DIP_log_model_gaussian_with_noise.log:test PSNR: 28.351122057979207
INFO:logs/DIP_log_model_gaussian_with_noise.log:train PSNR: 28.485431832129123
INFO:logs/DIP_log_model_gaussian_with_noise.log:test PSNR: 28.377415254661656
INFO:logs/DIP_log_model_gaussian_with_noise.log:train PSNR: 28.502903348909513
INFO:logs/DIP_log_model_gaussian_with_noise.log:test PSNR: 28.392717289288665
INFO:logs/DIP_log_model_gaussian_with_noise.log:train PSNR: 28.297978834520745
INFO:logs/DIP_log_model_gaussian_with_noise.log:test PSNR: 28.397394743798703
INFO:logs/DIP_log_model_gaussian_with_noise.log:train PSNR: 28.315935890122272
INFO:logs/DIP_log_model_gaussian_with_noise.log:test PSNR: 28.39580844689801
INFO:logs/DIP_log_model_gaussian_with_noise.log:train PSNR: 28.35542236980423
INFO:logs/DIP_log_model_gaussian_with_noise.log:test PSNR: 28.394294881095306
INFO:logs/DIP_log_model_gaussian_with_noise.log:train PSNR: 28.250880261015688
INFO:logs/DIP_log_model_gaussian_with_noise.log:test PSNR: 28.386605383815223
INFO:logs/DIP_log_model_gaussian_with_noise.log:train PSNR: 28.384831847851892
INFO:logs/DIP_log_model_gaussian_with_noise.log:test PSNR: 28.405829048642364
INFO:logs/DIP_log_model_gaussian_with_noise.log:train PSNR: 28.46804681277193
INFO:logs/DIP_log_model_gaussian_with_noise.log:test PSNR: 28.392506571015208
INFO:logs/DIP_log_model_gaussian_with_noise.log:train PSNR: 28.59376633815023
INFO:logs/DIP_log_model_gaussian_with_noise.log:test PSNR: 28.39675812473664
INFO:logs/DIP_log_model_gaussian_with_noise.log:train PSNR: 28.350606403302866
INFO:logs/DIP_log_model_gaussian_with_noise.log:test PSNR: 28.39625744969145
INFO:logs/DIP_log_model_gaussian_with_noise.log:train PSNR: 28.324249524709742
INFO:logs/DIP_log_model_gaussian_with_noise.log:test PSNR: 28.39681309387532
INFO:logs/DIP_log_model_gaussian_with_noise.log:train PSNR: 28.426071062152378
INFO:logs/DIP_log_model_gaussian_with_noise.log:test PSNR: 28.402380121340297
INFO:logs/DIP_log_model_gaussian_with_noise.log:train PSNR: 28.46341112936898
INFO:logs/DIP_log_model_gaussian_with_noise.log:test PSNR: 28.401853300064754
INFO:logs/DIP_log_model_gaussian_with_noise.log:train PSNR: 28.37290417394289
INFO:logs/DIP_log_model_gaussian_with_noise.log:test PSNR: 28.403134324689404
INFO:logs/DIP_log_model_gaussian_with_noise.log:train PSNR: 28.377272578475765
INFO:logs/DIP_log_model_gaussian_with_noise.log:test PSNR: 28.404374516374837
INFO:logs/DIP_log_model_gaussian_with_noise.log:train PSNR: 28.419616123427716
INFO:logs/DIP_log_model_gaussian_with_noise.log:test PSNR: 28.409293383243547
INFO:logs/DIP_log_model_gaussian_with_noise.log:train PSNR: 28.600821597259646
INFO:logs/DIP_log_model_gaussian_with_noise.log:test PSNR: 28.404487027416316
INFO:logs/DIP_log_model_gaussian_with_noise.log:train PSNR: 28.44862648964775
INFO:logs/DIP_log_model_gaussian_with_noise.log:test PSNR: 28.404890421714413
INFO:logs/DIP_log_model_gaussian_with_noise.log:train PSNR: 28.356928425819195
INFO:logs/DIP_log_model_gaussian_with_noise.log:test PSNR: 28.40613002961849
INFO:logs/DIP_log_model_gaussian_with_noise.log:train PSNR: 28.32822659184465
INFO:logs/DIP_log_model_gaussian_with_noise.log:test PSNR: 28.407209168423194
INFO:logs/DIP_log_model_gaussian_with_noise.log:train PSNR: 28.40970986227574
INFO:logs/DIP_log_model_gaussian_with_noise.log:test PSNR: 28.404962217595134
INFO:logs/DIP_log_model_gaussian_with_noise.log:train PSNR: 28.490415885746483
INFO:logs/DIP_log_model_gaussian_with_noise.log:test PSNR: 28.408297822929537
INFO:logs/DIP_log_model_gaussian_with_noise.log:train PSNR: 28.531729175316023
INFO:logs/DIP_log_model_gaussian_with_noise.log:test PSNR: 28.401381149078773
INFO:logs/DIP_log_model_gaussian_with_noise.log:train PSNR: 28.35606733723007
INFO:logs/DIP_log_model_gaussian_with_noise.log:test PSNR: 28.40245461157652
INFO:logs/DIP_log_model_gaussian_with_noise.log:train PSNR: 28.410886491909206
INFO:logs/DIP_log_model_gaussian_with_noise.log:test PSNR: 28.41150416968018
INFO:logs/DIP_log_model_gaussian_with_noise.log:train PSNR: 28.396531669803615
INFO:logs/DIP_log_model_gaussian_with_noise.log:test PSNR: 28.414669045896094
INFO:logs/DIP_log_model_gaussian_with_noise.log:train PSNR: 28.36837361203215
INFO:logs/DIP_log_model_gaussian_with_noise.log:test PSNR: 28.408166013553643
INFO:logs/DIP_log_model_gaussian_with_noise.log:train PSNR: 28.476882355147232
INFO:logs/DIP_log_model_gaussian_with_noise.log:test PSNR: 28.42194025445244
INFO:logs/DIP_log_model_gaussian_with_noise.log:train PSNR: 28.218089813346694
INFO:logs/DIP_log_model_gaussian_with_noise.log:test PSNR: 28.40386544452678
INFO:logs/DIP_log_model_gaussian_with_noise.log:train PSNR: 28.45288921068484
INFO:logs/DIP_log_model_gaussian_with_noise.log:test PSNR: 28.41215756739978
INFO:logs/DIP_log_model_gaussian_with_noise.log:train PSNR: 28.3133631973873
INFO:logs/DIP_log_model_gaussian_with_noise.log:test PSNR: 28.407799055526507
INFO:logs/DIP_log_model_gaussian_with_noise.log:train PSNR: 28.311745548495093
INFO:logs/DIP_log_model_gaussian_with_noise.log:test PSNR: 28.411111670701047
INFO:logs/DIP_log_model_gaussian_with_noise.log:train PSNR: 28.338097042520683
INFO:logs/DIP_log_model_gaussian_with_noise.log:test PSNR: 28.41398149594351
INFO:logs/DIP_log_model_gaussian_with_noise.log:train PSNR: 28.44209458111797
INFO:logs/DIP_log_model_gaussian_with_noise.log:test PSNR: 28.41827302962315
INFO:logs/DIP_log_model_gaussian_with_noise.log:train PSNR: 28.512728212162767
INFO:logs/DIP_log_model_gaussian_with_noise.log:test PSNR: 28.41417446268014
INFO:logs/DIP_log_model_gaussian_with_noise.log:train PSNR: 28.45073812318126
INFO:logs/DIP_log_model_gaussian_with_noise.log:test PSNR: 28.409285026816057
INFO:logs/DIP_log_model_gaussian_with_noise.log:train PSNR: 28.31513921848207
INFO:logs/DIP_log_model_gaussian_with_noise.log:test PSNR: 28.41366909532315
INFO:logs/DIP_log_model_gaussian_with_noise.log:train PSNR: 28.49338150812671
INFO:logs/DIP_log_model_gaussian_with_noise.log:test PSNR: 28.415392660969072
INFO:logs/DIP_log_model_gaussian_with_noise.log:train PSNR: 28.35487513144474
INFO:logs/DIP_log_model_gaussian_with_noise.log:test PSNR: 28.417634832023175
INFO:logs/DIP_log_model_gaussian_with_noise.log:train PSNR: 28.30800865053884
INFO:logs/DIP_log_model_gaussian_with_noise.log:test PSNR: 28.415607231019045
INFO:logs/DIP_log_model_gaussian_with_noise.log:train PSNR: 28.36368969082595
INFO:logs/DIP_log_model_gaussian_with_noise.log:test PSNR: 28.416921036240286
INFO:logs/DIP_log_model_gaussian_with_noise.log:train PSNR: 28.393894837327657
INFO:logs/DIP_log_model_gaussian_with_noise.log:test PSNR: 28.41522875843456
INFO:logs/DIP_log_model_gaussian_with_noise.log:train PSNR: 28.6198364447269
INFO:logs/DIP_log_model_gaussian_with_noise.log:test PSNR: 28.415336172591253
INFO:logs/DIP_log_model_gaussian_with_noise.log:train PSNR: 28.407351096783962
INFO:logs/DIP_log_model_gaussian_with_noise.log:test PSNR: 28.411717845035447
INFO:logs/DIP_log_model_gaussian_with_noise.log:train PSNR: 28.53770408626895
INFO:logs/DIP_log_model_gaussian_with_noise.log:test PSNR: 28.41896422977563
INFO:logs/DIP_log_model_gaussian_with_noise.log:train PSNR: 28.517438250488173
INFO:logs/DIP_log_model_gaussian_with_noise.log:test PSNR: 28.415445150062602
INFO:logs/DIP_log_model_gaussian_with_noise.log:train PSNR: 28.352752089208472
INFO:logs/DIP_log_model_gaussian_with_noise.log:test PSNR: 28.41844265163433
INFO:logs/DIP_log_model_gaussian_with_noise.log:train PSNR: 28.298215770105664
INFO:logs/DIP_log_model_gaussian_with_noise.log:test PSNR: 28.417110965034823
INFO:logs/DIP_log_model_gaussian_with_noise.log:train PSNR: 28.34283017873476
INFO:logs/DIP_log_model_gaussian_with_noise.log:test PSNR: 28.412309063836194
INFO:logs/DIP_log_model_gaussian_with_noise.log:train PSNR: 28.47916071104811
INFO:logs/DIP_log_model_gaussian_with_noise.log:test PSNR: 28.413222808390287
INFO:logs/DIP_log_model_gaussian_with_noise.log:train PSNR: 28.19854363991055
INFO:logs/DIP_log_model_gaussian_with_noise.log:test PSNR: 28.421240239180474
INFO:logs/DIP_log_model_gaussian_with_noise.log:train PSNR: 28.354721999708662
INFO:logs/DIP_log_model_gaussian_with_noise.log:test PSNR: 28.423233885308942
INFO:logs/DIP_log_model_gaussian_with_noise.log:train PSNR: 28.415386845603702
INFO:logs/DIP_log_model_gaussian_with_noise.log:test PSNR: 28.41761283172279
INFO:logs/DIP_log_model_gaussian_with_noise.log:train PSNR: 28.49439478297424
INFO:logs/DIP_log_model_gaussian_with_noise.log:test PSNR: 28.424496260220412
INFO:logs/DIP_log_model_gaussian_with_noise.log:train PSNR: 28.33999836651453
INFO:logs/DIP_log_model_gaussian_with_noise.log:test PSNR: 28.41421032907146
INFO:logs/DIP_log_model_gaussian_with_noise.log:train PSNR: 28.396739470329862
INFO:logs/DIP_log_model_gaussian_with_noise.log:test PSNR: 28.419172591776
INFO:logs/DIP_log_model_gaussian_with_noise.log:train PSNR: 28.364479039398386
INFO:logs/DIP_log_model_gaussian_with_noise.log:test PSNR: 28.42265323004293
INFO:logs/DIP_log_model_gaussian_with_noise.log:train PSNR: 28.34074064307683
INFO:logs/DIP_log_model_gaussian_with_noise.log:test PSNR: 28.416929320982806
INFO:logs/DIP_log_model_gaussian_with_noise.log:train PSNR: 28.41551579287571
INFO:logs/DIP_log_model_gaussian_with_noise.log:test PSNR: 28.42170394892235
INFO:logs/DIP_log_model_gaussian_with_noise.log:train PSNR: 28.43458943004211
INFO:logs/DIP_log_model_gaussian_with_noise.log:test PSNR: 28.422587204769588
INFO:logs/DIP_log_model_gaussian_with_noise.log:train PSNR: 28.601803654713155
INFO:logs/DIP_log_model_gaussian_with_noise.log:test PSNR: 28.424802112107187
INFO:logs/DIP_log_model_gaussian_with_noise.log:train PSNR: 28.39155405864684
INFO:logs/DIP_log_model_gaussian_with_noise.log:test PSNR: 28.415487660723656
INFO:logs/DIP_log_model_gaussian_with_noise.log:train PSNR: 28.532415552498225
INFO:logs/DIP_log_model_gaussian_with_noise.log:test PSNR: 28.421444672938215
INFO:logs/DIP_log_model_gaussian_with_noise.log:train PSNR: 28.361813236767023
INFO:logs/DIP_log_model_gaussian_with_noise.log:test PSNR: 28.42571635332483
INFO:logs/DIP_log_model_gaussian_with_noise.log:train PSNR: 28.5337615131196
INFO:logs/DIP_log_model_gaussian_with_noise.log:test PSNR: 28.419271990744704
INFO:logs/DIP_log_model_gaussian_with_noise.log:train PSNR: 28.490357769927325
INFO:logs/DIP_log_model_gaussian_with_noise.log:test PSNR: 28.43259488879173
INFO:logs/DIP_log_model_gaussian_with_noise.log:train PSNR: 28.302970036935278
INFO:logs/DIP_log_model_gaussian_with_noise.log:test PSNR: 28.41960720063256
INFO:logs/DIP_log_model_gaussian_with_noise.log:train PSNR: 28.41192267421687
INFO:logs/DIP_log_model_gaussian_with_noise.log:test PSNR: 28.42784302958776
INFO:logs/DIP_log_model_gaussian_with_noise.log:train PSNR: 28.48056575852365
INFO:logs/DIP_log_model_gaussian_with_noise.log:test PSNR: 28.42604233211836
INFO:logs/DIP_log_model_gaussian_with_noise.log:train PSNR: 28.461590752749327
INFO:logs/DIP_log_model_gaussian_with_noise.log:test PSNR: 28.42413900631152
INFO:logs/DIP_log_model_gaussian_with_noise.log:train PSNR: 28.3398594267488
INFO:logs/DIP_log_model_gaussian_with_noise.log:test PSNR: 28.417918935471576
INFO:logs/DIP_log_model_gaussian_with_noise.log:train PSNR: 28.439611845170155
INFO:logs/DIP_log_model_gaussian_with_noise.log:test PSNR: 28.424526992941534
INFO:logs/DIP_log_model_gaussian_with_noise.log:train PSNR: 28.371923127229383
INFO:logs/DIP_log_model_gaussian_with_noise.log:test PSNR: 28.4272667936136
INFO:logs/DIP_log_model_gaussian_with_noise.log:train PSNR: 28.26436999809443
INFO:logs/DIP_log_model_gaussian_with_noise.log:test PSNR: 28.41957997023189
INFO:logs/DIP_log_model_gaussian_with_noise.log:train PSNR: 28.5055764350503
INFO:logs/DIP_log_model_gaussian_with_noise.log:test PSNR: 28.42109817326389
INFO:logs/DIP_log_model_gaussian_with_noise.log:train PSNR: 28.41708018407234
INFO:logs/DIP_log_model_gaussian_with_noise.log:test PSNR: 28.425486872529945
INFO:logs/DIP_log_model_gaussian_with_noise.log:train PSNR: 28.473829305886834
INFO:logs/DIP_log_model_gaussian_with_noise.log:test PSNR: 28.421263128549533
INFO:logs/DIP_log_model_gaussian_with_noise.log:train PSNR: 28.49838345991652
INFO:logs/DIP_log_model_gaussian_with_noise.log:test PSNR: 28.420871629084292
INFO:logs/DIP_log_model_gaussian_with_noise.log:train PSNR: 28.50127622757187
INFO:logs/DIP_log_model_gaussian_with_noise.log:test PSNR: 28.424145679635608
INFO:logs/DIP_log_model_gaussian_with_noise.log:train PSNR: 28.364086367312723
INFO:logs/DIP_log_model_gaussian_with_noise.log:test PSNR: 28.42998050131167
INFO:logs/DIP_log_model_gaussian_with_noise.log:train PSNR: 28.299342724064342
INFO:logs/DIP_log_model_gaussian_with_noise.log:test PSNR: 28.418428185761037
INFO:logs/DIP_log_model_gaussian_with_noise.log:train PSNR: 28.446047972093073
INFO:logs/DIP_log_model_gaussian_with_noise.log:test PSNR: 28.421325278989947
INFO:logs/DIP_log_model_gaussian_with_noise.log:train PSNR: 28.51331710904683
INFO:logs/DIP_log_model_gaussian_with_noise.log:test PSNR: 28.416877886927633
INFO:logs/DIP_log_model_gaussian_with_noise.log:train PSNR: 28.40541150374101
INFO:logs/DIP_log_model_gaussian_with_noise.log:test PSNR: 28.42352375868597
INFO:logs/DIP_log_model_gaussian_with_noise.log:train PSNR: 28.36872614053917
INFO:logs/DIP_log_model_gaussian_with_noise.log:test PSNR: 28.42628834987451
INFO:logs/DIP_log_model_gaussian_with_noise.log:train PSNR: 28.44761064790798
INFO:logs/DIP_log_model_gaussian_with_noise.log:test PSNR: 28.41689409673436
INFO:logs/DIP_log_model_gaussian_with_noise.log:train PSNR: 28.24076291600967
INFO:logs/DIP_log_model_gaussian_with_noise.log:test PSNR: 28.424436610723202
INFO:logs/DIP_log_model_gaussian_with_noise.log:train PSNR: 28.494897916649585
INFO:logs/DIP_log_model_gaussian_with_noise.log:test PSNR: 28.42554765522896
INFO:logs/DIP_log_model_gaussian_with_noise.log:train PSNR: 28.354175293589254
INFO:logs/DIP_log_model_gaussian_with_noise.log:test PSNR: 28.430836575581942
INFO:logs/DIP_log_model_gaussian_with_noise.log:train PSNR: 28.440367681848336
INFO:logs/DIP_log_model_gaussian_with_noise.log:test PSNR: 28.42247736630819
INFO:logs/DIP_log_model_gaussian_with_noise.log:train PSNR: 28.313950211099456
INFO:logs/DIP_log_model_gaussian_with_noise.log:test PSNR: 28.423612000160702
INFO:logs/DIP_log_model_gaussian_with_noise.log:train PSNR: 28.493881834801652
INFO:logs/DIP_log_model_gaussian_with_noise.log:test PSNR: 28.42328659019823
INFO:logs/DIP_log_model_gaussian_with_noise.log:train PSNR: 28.333358391828636
INFO:logs/DIP_log_model_gaussian_with_noise.log:test PSNR: 28.414639469129046
INFO:logs/DIP_log_model_gaussian_with_noise.log:train PSNR: 28.337901140473093
INFO:logs/DIP_log_model_gaussian_with_noise.log:test PSNR: 28.428645667927952
INFO:logs/DIP_log_model_gaussian_with_noise.log:train PSNR: 28.518891296577706
INFO:logs/DIP_log_model_gaussian_with_noise.log:test PSNR: 28.419038449210237
INFO:logs/DIP_log_model_gaussian_with_noise.log:train PSNR: 28.29219669211655
INFO:logs/DIP_log_model_gaussian_with_noise.log:test PSNR: 28.429208174285666
INFO:logs/DIP_log_model_gaussian_with_noise.log:train PSNR: 28.598494623468195
INFO:logs/DIP_log_model_gaussian_with_noise.log:test PSNR: 28.42639448740724
INFO:logs/DIP_log_model_gaussian_with_noise.log:train PSNR: 28.34996003853573
INFO:logs/DIP_log_model_gaussian_with_noise.log:test PSNR: 28.422876829409972
INFO:logs/DIP_log_model_gaussian_with_noise.log:train PSNR: 28.324846908781026
INFO:logs/DIP_log_model_gaussian_with_noise.log:test PSNR: 28.41606373828889
INFO:logs/DIP_log_model_gaussian_with_noise.log:train PSNR: 28.52629625548473
INFO:logs/DIP_log_model_gaussian_with_noise.log:test PSNR: 28.42737850460458
INFO:logs/DIP_log_model_gaussian_with_noise.log:train PSNR: 28.548087172357892
INFO:logs/DIP_log_model_gaussian_with_noise.log:test PSNR: 28.426474637603658
INFO:logs/DIP_log_model_gaussian_with_noise.log:train PSNR: 28.489213378240404
INFO:logs/DIP_log_model_gaussian_with_noise.log:test PSNR: 28.418285072495156
INFO:logs/DIP_log_model_gaussian_with_noise.log:train PSNR: 28.22667134847497
INFO:logs/DIP_log_model_gaussian_with_noise.log:test PSNR: 28.42304156546987
INFO:logs/DIP_log_model_gaussian_with_noise.log:train PSNR: 28.4593229148327
INFO:logs/DIP_log_model_gaussian_with_noise.log:test PSNR: 28.424301391818883
INFO:logs/DIP_log_model_gaussian_with_noise.log:train PSNR: 28.29294265985854
INFO:logs/DIP_log_model_gaussian_with_noise.log:test PSNR: 28.41928694313331
INFO:logs/DIP_log_model_gaussian_with_noise.log:train PSNR: 28.34293564469505
INFO:logs/DIP_log_model_gaussian_with_noise.log:test PSNR: 28.419284803300474
INFO:logs/DIP_log_model_gaussian_with_noise.log:train PSNR: 28.432355338965497
INFO:logs/DIP_log_model_gaussian_with_noise.log:test PSNR: 28.428393436046306
INFO:logs/DIP_log_model_gaussian_with_noise.log:train PSNR: 28.42651677217154
INFO:logs/DIP_log_model_gaussian_with_noise.log:test PSNR: 28.42079732204399
INFO:logs/DIP_log_model_gaussian_with_noise.log:train PSNR: 28.42042219914425
INFO:logs/DIP_log_model_gaussian_with_noise.log:test PSNR: 28.421477748260074
INFO:logs/DIP_log_model_gaussian_with_noise.log:train PSNR: 28.40953426040949
INFO:logs/DIP_log_model_gaussian_with_noise.log:test PSNR: 28.426610678839353
INFO:logs/DIP_log_model_gaussian_with_noise.log:train PSNR: 28.339377731575226
INFO:logs/DIP_log_model_gaussian_with_noise.log:test PSNR: 28.424527951445263
INFO:logs/DIP_log_model_gaussian_with_noise.log:train PSNR: 28.45921209420677
INFO:logs/DIP_log_model_gaussian_with_noise.log:test PSNR: 28.4234593622359
INFO:logs/DIP_log_model_gaussian_with_noise.log:train PSNR: 28.600080347451673
INFO:logs/DIP_log_model_gaussian_with_noise.log:test PSNR: 28.422715609808915
INFO:logs/DIP_log_model_gaussian_with_noise.log:train PSNR: 28.44500827942461
INFO:logs/DIP_log_model_gaussian_with_noise.log:test PSNR: 28.417167277396366
INFO:logs/DIP_log_model_gaussian_with_noise.log:train PSNR: 28.28054039348305
INFO:logs/DIP_log_model_gaussian_with_noise.log:test PSNR: 28.427686622027483
INFO:logs/DIP_log_model_gaussian_with_noise.log:train PSNR: 28.422792679833247
INFO:logs/DIP_log_model_gaussian_with_noise.log:test PSNR: 28.423242754543935
INFO:logs/DIP_log_model_gaussian_with_noise.log:train PSNR: 28.612618245540855
INFO:logs/DIP_log_model_gaussian_with_noise.log:test PSNR: 28.425178435439197
INFO:logs/DIP_log_model_gaussian_with_noise.log:train PSNR: 28.443733355221706
INFO:logs/DIP_log_model_gaussian_with_noise.log:test PSNR: 28.42013000226486
INFO:logs/DIP_log_model_gaussian_with_noise.log:train PSNR: 28.35486610887149
INFO:logs/DIP_log_model_gaussian_with_noise.log:test PSNR: 28.425048819238448
INFO:logs/DIP_log_model_gaussian_with_noise.log:train PSNR: 28.50757459291372
INFO:logs/DIP_log_model_gaussian_with_noise.log:test PSNR: 28.422077265780885
INFO:logs/DIP_log_model_gaussian_with_noise.log:train PSNR: 28.516274573688236
INFO:logs/DIP_log_model_gaussian_with_noise.log:test PSNR: 28.4234305749337
INFO:logs/DIP_log_model_gaussian_with_noise.log:train PSNR: 28.49821062345486
INFO:logs/DIP_log_model_gaussian_with_noise.log:test PSNR: 28.420320469403066
INFO:logs/DIP_log_model_gaussian_with_noise.log:train PSNR: 28.4602036791125
INFO:logs/DIP_log_model_gaussian_with_noise.log:test PSNR: 28.421270147987453
INFO:logs/DIP_log_model_gaussian_with_noise.log:train PSNR: 28.428565745390813
INFO:logs/DIP_log_model_gaussian_with_noise.log:test PSNR: 28.420966469802238
INFO:logs/DIP_log_model_gaussian_with_noise.log:train PSNR: 28.514860621134908
INFO:logs/DIP_log_model_gaussian_with_noise.log:test PSNR: 28.421695809412014
INFO:logs/DIP_log_model_gaussian_with_noise.log:train PSNR: 28.44893146665214
INFO:logs/DIP_log_model_gaussian_with_noise.log:test PSNR: 28.418612011874565
INFO:logs/DIP_log_model_gaussian_with_noise.log:train PSNR: 28.555733398830533
INFO:logs/DIP_log_model_gaussian_with_noise.log:test PSNR: 28.42396472265058
INFO:logs/DIP_log_model_gaussian_with_noise.log:train PSNR: 28.373992685185133
INFO:logs/DIP_log_model_gaussian_with_noise.log:test PSNR: 28.425607746347065
INFO:logs/DIP_log_model_gaussian_with_noise.log:train PSNR: 28.241182674135214
INFO:logs/DIP_log_model_gaussian_with_noise.log:test PSNR: 28.41678462629971
INFO:logs/DIP_log_model_gaussian_with_noise.log:train PSNR: 28.386263463099834
INFO:logs/DIP_log_model_gaussian_with_noise.log:test PSNR: 28.42429720836348
INFO:logs/DIP_log_model_gaussian_with_noise.log:train PSNR: 28.35685377111989
INFO:logs/DIP_log_model_gaussian_with_noise.log:test PSNR: 28.426695068503722
INFO:logs/DIP_log_model_gaussian_with_noise.log:train PSNR: 28.43594325500078
INFO:logs/DIP_log_model_gaussian_with_noise.log:test PSNR: 28.42792652610578
INFO:logs/DIP_log_model_gaussian_with_noise.log:train PSNR: 28.573887551198165
INFO:logs/DIP_log_model_gaussian_with_noise.log:test PSNR: 28.42096442987378
INFO:logs/DIP_log_model_gaussian_with_noise.log:train PSNR: 28.46468886389339
INFO:logs/DIP_log_model_gaussian_with_noise.log:test PSNR: 28.415894782421578
INFO:logs/DIP_log_model_gaussian_with_noise.log:train PSNR: 28.29993290852632
INFO:logs/DIP_log_model_gaussian_with_noise.log:test PSNR: 28.41951976510707
INFO:logs/DIP_log_model_gaussian_with_noise.log:train PSNR: 28.352699339699672
INFO:logs/DIP_log_model_gaussian_with_noise.log:test PSNR: 28.422498585018506
INFO:logs/DIP_log_model_gaussian_with_noise.log:train PSNR: 28.454661635934634
INFO:logs/DIP_log_model_gaussian_with_noise.log:test PSNR: 28.424480621747165
INFO:logs/DIP_log_model_gaussian_with_noise.log:train PSNR: 28.44693044888283
INFO:logs/DIP_log_model_gaussian_with_noise.log:test PSNR: 28.424624120167508
INFO:logs/DIP_log_model_gaussian_with_noise.log:train PSNR: 28.51190218662933
INFO:logs/DIP_log_model_gaussian_with_noise.log:test PSNR: 28.42097715517039
INFO:logs/DIP_log_model_gaussian_with_noise.log:train PSNR: 28.46389770808752
INFO:logs/DIP_log_model_gaussian_with_noise.log:test PSNR: 28.42140084827786
INFO:logs/DIP_log_model_gaussian_with_noise.log:train PSNR: 28.329205551828625
INFO:logs/DIP_log_model_gaussian_with_noise.log:test PSNR: 28.42265018740048
INFO:logs/DIP_log_model_gaussian_with_noise.log:train PSNR: 28.416728365950533
INFO:logs/DIP_log_model_gaussian_with_noise.log:test PSNR: 28.423553162151862
INFO:logs/DIP_log_model_gaussian_with_noise.log:train PSNR: 28.439576357618176
INFO:logs/DIP_log_model_gaussian_with_noise.log:test PSNR: 28.428685674100937
INFO:logs/DIP_log_model_gaussian_with_noise.log:train PSNR: 28.410776362519965
INFO:logs/DIP_log_model_gaussian_with_noise.log:test PSNR: 28.424076092972047
INFO:logs/DIP_log_model_gaussian_with_noise.log:train PSNR: 28.469827099881087
INFO:logs/DIP_log_model_gaussian_with_noise.log:test PSNR: 28.42257623166983
INFO:logs/DIP_log_model_gaussian_with_noise.log:train PSNR: 28.61818907566747
INFO:logs/DIP_log_model_gaussian_with_noise.log:test PSNR: 28.420185811484526
INFO:logs/DIP_log_model_gaussian_with_noise.log:train PSNR: 28.42551298717767
INFO:logs/DIP_log_model_gaussian_with_noise.log:test PSNR: 28.422403854788328
INFO:logs/DIP_log_model_gaussian_with_noise.log:train PSNR: 28.307365972970345
INFO:logs/DIP_log_model_gaussian_with_noise.log:test PSNR: 28.418544757497113
INFO:logs/DIP_log_model_gaussian_with_noise.log:train PSNR: 28.26709967563609
INFO:logs/DIP_log_model_gaussian_with_noise.log:test PSNR: 28.431255016223577
INFO:logs/DIP_log_model_gaussian_with_noise.log:train PSNR: 28.489412163897004
INFO:logs/DIP_log_model_gaussian_with_noise.log:test PSNR: 28.424146979853887
INFO:logs/DIP_log_model_gaussian_with_noise.log:train PSNR: 28.379991343137306
INFO:logs/DIP_log_model_gaussian_with_noise.log:test PSNR: 28.426545998854145
INFO:logs/DIP_log_model_gaussian_with_noise.log:train PSNR: 28.39502464651165
INFO:logs/DIP_log_model_gaussian_with_noise.log:test PSNR: 28.427693930921286
INFO:logs/DIP_log_model_gaussian_with_noise.log:train PSNR: 28.417479549555225
INFO:logs/DIP_log_model_gaussian_with_noise.log:test PSNR: 28.422937101977258
INFO:logs/DIP_log_model_gaussian_with_noise.log:train PSNR: 28.519910718434936
INFO:logs/DIP_log_model_gaussian_with_noise.log:test PSNR: 28.426359170344938
INFO:logs/DIP_log_model_gaussian_with_noise.log:train PSNR: 28.589780381390806
INFO:logs/DIP_log_model_gaussian_with_noise.log:test PSNR: 28.42208538697659
INFO:logs/DIP_log_model_gaussian_with_noise.log:train PSNR: 28.524613807642613
INFO:logs/DIP_log_model_gaussian_with_noise.log:test PSNR: 28.4130176209754
INFO:logs/DIP_log_model_gaussian_with_noise.log:train PSNR: 28.317639369728408
INFO:logs/DIP_log_model_gaussian_with_noise.log:test PSNR: 28.41998663853323
INFO:logs/DIP_log_model_gaussian_with_noise.log:train PSNR: 28.574252411449855
INFO:logs/DIP_log_model_gaussian_with_noise.log:test PSNR: 28.423512988926163
INFO:logs/DIP_log_model_gaussian_with_noise.log:train PSNR: 28.481663450554148
INFO:logs/DIP_log_model_gaussian_with_noise.log:test PSNR: 28.43161910925513
INFO:logs/DIP_log_model_gaussian_with_noise.log:train PSNR: 28.330427794314158
INFO:logs/DIP_log_model_gaussian_with_noise.log:test PSNR: 28.42630319275594
INFO:logs/DIP_log_model_gaussian_with_noise.log:train PSNR: 28.500163551278128
INFO:logs/DIP_log_model_gaussian_with_noise.log:test PSNR: 28.428875562861393
INFO:logs/DIP_log_model_gaussian_with_noise.log:train PSNR: 28.471185269079772
INFO:logs/DIP_log_model_gaussian_with_noise.log:test PSNR: 28.424444026717975
INFO:logs/DIP_log_model_gaussian_with_noise.log:train PSNR: 28.489964227445473
INFO:logs/DIP_log_model_gaussian_with_noise.log:test PSNR: 28.423068147978043
INFO:logs/DIP_log_model_gaussian_with_noise.log:train PSNR: 28.38949023373578
INFO:logs/DIP_log_model_gaussian_with_noise.log:test PSNR: 28.42289392045494
INFO:logs/DIP_log_model_gaussian_with_noise.log:train PSNR: 28.41883105608146
INFO:logs/DIP_log_model_gaussian_with_noise.log:test PSNR: 28.42541042845682
INFO:logs/DIP_log_model_gaussian_with_noise.log:train PSNR: 28.341560179591145
INFO:logs/DIP_log_model_gaussian_with_noise.log:test PSNR: 28.419032817334717
INFO:logs/DIP_log_model_gaussian_with_noise.log:train PSNR: 28.395813020260505
INFO:logs/DIP_log_model_gaussian_with_noise.log:test PSNR: 28.42108159273154
INFO:logs/DIP_log_model_gaussian_with_noise.log:train PSNR: 28.376747990666857
INFO:logs/DIP_log_model_gaussian_with_noise.log:test PSNR: 28.42311507290174
INFO:logs/DIP_log_model_gaussian_with_noise.log:train PSNR: 28.500615669534433
INFO:logs/DIP_log_model_gaussian_with_noise.log:test PSNR: 28.42278870386956
INFO:logs/DIP_log_model_gaussian_with_noise.log:train PSNR: 28.407238166718766
INFO:logs/DIP_log_model_gaussian_with_noise.log:test PSNR: 28.42149712115137
INFO:logs/DIP_log_model_gaussian_with_noise.log:train PSNR: 28.357529398064084
INFO:logs/DIP_log_model_gaussian_with_noise.log:test PSNR: 28.42485496031142
INFO:logs/DIP_log_model_gaussian_with_noise.log:train PSNR: 28.400302448687363
INFO:logs/DIP_log_model_gaussian_with_noise.log:test PSNR: 28.436451156395723
INFO:logs/DIP_log_model_gaussian_with_noise.log:train PSNR: 28.51748494267925
INFO:logs/DIP_log_model_gaussian_with_noise.log:test PSNR: 28.431439408725872
INFO:logs/DIP_log_model_gaussian_with_noise.log:train PSNR: 28.437698493955313
INFO:logs/DIP_log_model_gaussian_with_noise.log:test PSNR: 28.42836192159436
INFO:logs/DIP_log_model_gaussian_with_noise.log:train PSNR: 28.502095463899153
INFO:logs/DIP_log_model_gaussian_with_noise.log:test PSNR: 28.42178635482187
INFO:logs/DIP_log_model_gaussian_with_noise.log:train PSNR: 28.367820119800896
INFO:logs/DIP_log_model_gaussian_with_noise.log:test PSNR: 28.42381296015222
INFO:logs/DIP_log_model_gaussian_with_noise.log:train PSNR: 28.41239793829667
INFO:logs/DIP_log_model_gaussian_with_noise.log:test PSNR: 28.426121199578915
