INFO:logs/DIP_log_model_gaussian_kernel=16_sigma=5.log_model:first model = 
ConvLista_T(
  (apply_A): ConvTranspose2d(175, 1, kernel_size=(11, 11), stride=(8, 8), bias=False)
  (apply_B): Conv2d(1, 175, kernel_size=(11, 11), stride=(8, 8), bias=False)
  (apply_C): Sequential(
    (0): ConvTranspose2d(175, 1, kernel_size=(11, 11), stride=(8, 8))
  )
  (soft_threshold): SoftThreshold()
)

INFO:logs/DIP_log_model_gaussian_kernel=16_sigma=5.log_model:config_dict = {'uuid': 'DIP_project_gaussian_kernel=16_sigma=5', 'kernel_size': 11, 'stride': 8, 'num_filters': 175, 'lr': 0.0002, 'unfoldings': 12, 'lr_decay': 0.35, 'patch_size': 128, 'num_epochs': 250, 'lr_step': 50, 'eps': 0.001, 'threshold': 0.01, 'noise_std': 0.09803921568627451, 'gaussian_size': 16, 'gaussian_sigma': 5}

INFO:logs/DIP_log_model_gaussian_kernel=16_sigma=5.log:Training model...
INFO:logs/DIP_log_model_gaussian_kernel=16_sigma=5.log:train PSNR: 21.71202929892471
INFO:logs/DIP_log_model_gaussian_kernel=16_sigma=5.log:test PSNR: 22.424772023806348
INFO:logs/DIP_log_model_gaussian_kernel=16_sigma=5.log:train PSNR: 22.045867822268686
INFO:logs/DIP_log_model_gaussian_kernel=16_sigma=5.log:test PSNR: 22.539381076740625
INFO:logs/DIP_log_model_gaussian_kernel=16_sigma=5.log:train PSNR: 22.454848005010295
INFO:logs/DIP_log_model_gaussian_kernel=16_sigma=5.log:test PSNR: 22.56043676957805
INFO:logs/DIP_log_model_gaussian_kernel=16_sigma=5.log:train PSNR: 22.87397953137028
INFO:logs/DIP_log_model_gaussian_kernel=16_sigma=5.log:test PSNR: 23.263696276668913
INFO:logs/DIP_log_model_gaussian_kernel=16_sigma=5.log:train PSNR: 23.000578801980385
INFO:logs/DIP_log_model_gaussian_kernel=16_sigma=5.log:test PSNR: 23.457355240811758
INFO:logs/DIP_log_model_gaussian_kernel=16_sigma=5.log:train PSNR: 23.6271091703592
INFO:logs/DIP_log_model_gaussian_kernel=16_sigma=5.log:test PSNR: 23.720576595990327
INFO:logs/DIP_log_model_gaussian_kernel=16_sigma=5.log:train PSNR: 23.576873060583544
INFO:logs/DIP_log_model_gaussian_kernel=16_sigma=5.log:test PSNR: 23.91716741692222
INFO:logs/DIP_log_model_gaussian_kernel=16_sigma=5.log:train PSNR: 23.80106868989001
INFO:logs/DIP_log_model_gaussian_kernel=16_sigma=5.log:test PSNR: 24.1332030242706
INFO:logs/DIP_log_model_gaussian_kernel=16_sigma=5.log:train PSNR: 24.21155631056733
INFO:logs/DIP_log_model_gaussian_kernel=16_sigma=5.log:test PSNR: 24.297192230408502
INFO:logs/DIP_log_model_gaussian_kernel=16_sigma=5.log:train PSNR: 24.414911944703228
INFO:logs/DIP_log_model_gaussian_kernel=16_sigma=5.log:test PSNR: 24.577808978960025
INFO:logs/DIP_log_model_gaussian_kernel=16_sigma=5.log:train PSNR: 24.22894213980492
INFO:logs/DIP_log_model_gaussian_kernel=16_sigma=5.log:test PSNR: 24.752032508293212
INFO:logs/DIP_log_model_gaussian_kernel=16_sigma=5.log:train PSNR: 24.40868842931347
INFO:logs/DIP_log_model_gaussian_kernel=16_sigma=5.log:test PSNR: 24.350748187755666
INFO:logs/DIP_log_model_gaussian_kernel=16_sigma=5.log:train PSNR: 24.71579046510166
INFO:logs/DIP_log_model_gaussian_kernel=16_sigma=5.log:test PSNR: 25.114401450249527
INFO:logs/DIP_log_model_gaussian_kernel=16_sigma=5.log:train PSNR: 24.917306557385494
INFO:logs/DIP_log_model_gaussian_kernel=16_sigma=5.log:test PSNR: 25.1532207214602
INFO:logs/DIP_log_model_gaussian_kernel=16_sigma=5.log:train PSNR: 24.921838423300944
INFO:logs/DIP_log_model_gaussian_kernel=16_sigma=5.log:test PSNR: 25.110871461181368
INFO:logs/DIP_log_model_gaussian_kernel=16_sigma=5.log:train PSNR: 25.13460992924267
INFO:logs/DIP_log_model_gaussian_kernel=16_sigma=5.log:test PSNR: 25.107664231499232
INFO:logs/DIP_log_model_gaussian_kernel=16_sigma=5.log:train PSNR: 25.075217600257233
INFO:logs/DIP_log_model_gaussian_kernel=16_sigma=5.log:test PSNR: 25.216331115954116
INFO:logs/DIP_log_model_gaussian_kernel=16_sigma=5.log:train PSNR: 25.354093484218616
INFO:logs/DIP_log_model_gaussian_kernel=16_sigma=5.log:test PSNR: 25.379656742239177
INFO:logs/DIP_log_model_gaussian_kernel=16_sigma=5.log:train PSNR: 25.3099869088112
INFO:logs/DIP_log_model_gaussian_kernel=16_sigma=5.log:test PSNR: 25.3986135108392
INFO:logs/DIP_log_model_gaussian_kernel=16_sigma=5.log:train PSNR: 25.491195324844263
INFO:logs/DIP_log_model_gaussian_kernel=16_sigma=5.log:test PSNR: 25.463994093553822
INFO:logs/DIP_log_model_gaussian_kernel=16_sigma=5.log:train PSNR: 25.26515362138637
INFO:logs/DIP_log_model_gaussian_kernel=16_sigma=5.log:test PSNR: 25.376460400732554
INFO:logs/DIP_log_model_gaussian_kernel=16_sigma=5.log:train PSNR: 25.492371120935704
INFO:logs/DIP_log_model_gaussian_kernel=16_sigma=5.log:test PSNR: 25.300785134274562
INFO:logs/DIP_log_model_gaussian_kernel=16_sigma=5.log:train PSNR: 25.71765271503024
INFO:logs/DIP_log_model_gaussian_kernel=16_sigma=5.log:test PSNR: 25.579419994082347
INFO:logs/DIP_log_model_gaussian_kernel=16_sigma=5.log:train PSNR: 25.47304122135146
INFO:logs/DIP_log_model_gaussian_kernel=16_sigma=5.log:test PSNR: 25.479113230257845
INFO:logs/DIP_log_model_gaussian_kernel=16_sigma=5.log:train PSNR: 25.553281639869468
INFO:logs/DIP_log_model_gaussian_kernel=16_sigma=5.log:test PSNR: 25.559805664229426
INFO:logs/DIP_log_model_gaussian_kernel=16_sigma=5.log:train PSNR: 25.895196983634236
INFO:logs/DIP_log_model_gaussian_kernel=16_sigma=5.log:test PSNR: 25.52208312026161
INFO:logs/DIP_log_model_gaussian_kernel=16_sigma=5.log:train PSNR: 25.88094478791993
INFO:logs/DIP_log_model_gaussian_kernel=16_sigma=5.log:test PSNR: 25.73419906889598
INFO:logs/DIP_log_model_gaussian_kernel=16_sigma=5.log:train PSNR: 26.124293440769385
INFO:logs/DIP_log_model_gaussian_kernel=16_sigma=5.log:test PSNR: 25.54202082436072
INFO:logs/DIP_log_model_gaussian_kernel=16_sigma=5.log:train PSNR: 26.04620009859107
INFO:logs/DIP_log_model_gaussian_kernel=16_sigma=5.log:test PSNR: 25.747906751253797
INFO:logs/DIP_log_model_gaussian_kernel=16_sigma=5.log:train PSNR: 25.92284453649315
INFO:logs/DIP_log_model_gaussian_kernel=16_sigma=5.log:test PSNR: 25.863351187243865
INFO:logs/DIP_log_model_gaussian_kernel=16_sigma=5.log:train PSNR: 26.055179753521095
INFO:logs/DIP_log_model_gaussian_kernel=16_sigma=5.log:test PSNR: 25.896849014935817
INFO:logs/DIP_log_model_gaussian_kernel=16_sigma=5.log:train PSNR: 25.969935356018258
INFO:logs/DIP_log_model_gaussian_kernel=16_sigma=5.log:test PSNR: 25.853990426516063
INFO:logs/DIP_log_model_gaussian_kernel=16_sigma=5.log:train PSNR: 26.23390995674626
INFO:logs/DIP_log_model_gaussian_kernel=16_sigma=5.log:test PSNR: 25.818080708945217
INFO:logs/DIP_log_model_gaussian_kernel=16_sigma=5.log:train PSNR: 25.843823750098533
INFO:logs/DIP_log_model_gaussian_kernel=16_sigma=5.log:test PSNR: 25.884450232957725
INFO:logs/DIP_log_model_gaussian_kernel=16_sigma=5.log:train PSNR: 26.093754937261718
INFO:logs/DIP_log_model_gaussian_kernel=16_sigma=5.log:test PSNR: 25.892184308526524
INFO:logs/DIP_log_model_gaussian_kernel=16_sigma=5.log:train PSNR: 26.355043890690677
INFO:logs/DIP_log_model_gaussian_kernel=16_sigma=5.log:test PSNR: 25.89213555539188
INFO:logs/DIP_log_model_gaussian_kernel=16_sigma=5.log:train PSNR: 26.21262870123395
INFO:logs/DIP_log_model_gaussian_kernel=16_sigma=5.log:test PSNR: 25.965178759141164
INFO:logs/DIP_log_model_gaussian_kernel=16_sigma=5.log:train PSNR: 26.283359327948638
INFO:logs/DIP_log_model_gaussian_kernel=16_sigma=5.log:test PSNR: 25.984345851015448
INFO:logs/DIP_log_model_gaussian_kernel=16_sigma=5.log:train PSNR: 25.90804809543321
INFO:logs/DIP_log_model_gaussian_kernel=16_sigma=5.log:test PSNR: 25.928875038952505
INFO:logs/DIP_log_model_gaussian_kernel=16_sigma=5.log:train PSNR: 26.248869420814106
INFO:logs/DIP_log_model_gaussian_kernel=16_sigma=5.log:test PSNR: 25.75296904466097
INFO:logs/DIP_log_model_gaussian_kernel=16_sigma=5.log:train PSNR: 26.351370528794483
INFO:logs/DIP_log_model_gaussian_kernel=16_sigma=5.log:test PSNR: 26.056562591343503
INFO:logs/DIP_log_model_gaussian_kernel=16_sigma=5.log:train PSNR: 26.102867608803127
INFO:logs/DIP_log_model_gaussian_kernel=16_sigma=5.log:test PSNR: 26.053472993527286
INFO:logs/DIP_log_model_gaussian_kernel=16_sigma=5.log:train PSNR: 26.29245624242882
INFO:logs/DIP_log_model_gaussian_kernel=16_sigma=5.log:test PSNR: 26.08055783104834
INFO:logs/DIP_log_model_gaussian_kernel=16_sigma=5.log:train PSNR: 26.23115839767198
INFO:logs/DIP_log_model_gaussian_kernel=16_sigma=5.log:test PSNR: 26.065328225741364
INFO:logs/DIP_log_model_gaussian_kernel=16_sigma=5.log:train PSNR: 26.187556262118964
INFO:logs/DIP_log_model_gaussian_kernel=16_sigma=5.log:test PSNR: 26.089622417416425
INFO:logs/DIP_log_model_gaussian_kernel=16_sigma=5.log:train PSNR: 26.284226579182008
INFO:logs/DIP_log_model_gaussian_kernel=16_sigma=5.log:test PSNR: 26.103087360659917
INFO:logs/DIP_log_model_gaussian_kernel=16_sigma=5.log:train PSNR: 26.199606706120196
INFO:logs/DIP_log_model_gaussian_kernel=16_sigma=5.log:test PSNR: 26.129900130449045
INFO:logs/DIP_log_model_gaussian_kernel=16_sigma=5.log:train PSNR: 26.297208907146587
INFO:logs/DIP_log_model_gaussian_kernel=16_sigma=5.log:test PSNR: 26.057517646810233
INFO:logs/DIP_log_model_gaussian_kernel=16_sigma=5.log:train PSNR: 26.185346659919862
INFO:logs/DIP_log_model_gaussian_kernel=16_sigma=5.log:test PSNR: 26.156756048051804
INFO:logs/DIP_log_model_gaussian_kernel=16_sigma=5.log:train PSNR: 26.36826552785064
INFO:logs/DIP_log_model_gaussian_kernel=16_sigma=5.log:test PSNR: 26.11556000765964
INFO:logs/DIP_log_model_gaussian_kernel=16_sigma=5.log:train PSNR: 26.527166741656035
INFO:logs/DIP_log_model_gaussian_kernel=16_sigma=5.log:test PSNR: 26.1280511747493
INFO:logs/DIP_log_model_gaussian_kernel=16_sigma=5.log:train PSNR: 26.304092794685005
INFO:logs/DIP_log_model_gaussian_kernel=16_sigma=5.log:test PSNR: 26.141749287812196
INFO:logs/DIP_log_model_gaussian_kernel=16_sigma=5.log:train PSNR: 26.565766493747752
INFO:logs/DIP_log_model_gaussian_kernel=16_sigma=5.log:test PSNR: 26.160508586868982
INFO:logs/DIP_log_model_gaussian_kernel=16_sigma=5.log:train PSNR: 26.749666425237454
INFO:logs/DIP_log_model_gaussian_kernel=16_sigma=5.log:test PSNR: 26.051578703267488
INFO:logs/DIP_log_model_gaussian_kernel=16_sigma=5.log:train PSNR: 26.434851301181084
INFO:logs/DIP_log_model_gaussian_kernel=16_sigma=5.log:test PSNR: 26.117161517904083
INFO:logs/DIP_log_model_gaussian_kernel=16_sigma=5.log:train PSNR: 26.49330070507093
INFO:logs/DIP_log_model_gaussian_kernel=16_sigma=5.log:test PSNR: 26.133400294746025
INFO:logs/DIP_log_model_gaussian_kernel=16_sigma=5.log:train PSNR: 26.32043771232053
INFO:logs/DIP_log_model_gaussian_kernel=16_sigma=5.log:test PSNR: 26.111872461109414
INFO:logs/DIP_log_model_gaussian_kernel=16_sigma=5.log:train PSNR: 26.506032423433833
INFO:logs/DIP_log_model_gaussian_kernel=16_sigma=5.log:test PSNR: 26.10879501087697
INFO:logs/DIP_log_model_gaussian_kernel=16_sigma=5.log:train PSNR: 26.445157849430206
INFO:logs/DIP_log_model_gaussian_kernel=16_sigma=5.log:test PSNR: 26.10298292947295
INFO:logs/DIP_log_model_gaussian_kernel=16_sigma=5.log:train PSNR: 26.54486511922312
INFO:logs/DIP_log_model_gaussian_kernel=16_sigma=5.log:test PSNR: 26.140045730502884
INFO:logs/DIP_log_model_gaussian_kernel=16_sigma=5.log:train PSNR: 26.485236034496435
INFO:logs/DIP_log_model_gaussian_kernel=16_sigma=5.log:test PSNR: 26.12024586306745
INFO:logs/DIP_log_model_gaussian_kernel=16_sigma=5.log:train PSNR: 26.59293130302321
INFO:logs/DIP_log_model_gaussian_kernel=16_sigma=5.log:test PSNR: 26.127751056890634
INFO:logs/DIP_log_model_gaussian_kernel=16_sigma=5.log:train PSNR: 26.597332296763255
INFO:logs/DIP_log_model_gaussian_kernel=16_sigma=5.log:test PSNR: 26.144294241192636
INFO:logs/DIP_log_model_gaussian_kernel=16_sigma=5.log:train PSNR: 26.441915974908266
INFO:logs/DIP_log_model_gaussian_kernel=16_sigma=5.log:test PSNR: 26.09730979463936
INFO:logs/DIP_log_model_gaussian_kernel=16_sigma=5.log:train PSNR: 26.46074407834232
INFO:logs/DIP_log_model_gaussian_kernel=16_sigma=5.log:test PSNR: 26.07048452375885
INFO:logs/DIP_log_model_gaussian_kernel=16_sigma=5.log:train PSNR: 26.421118667818227
INFO:logs/DIP_log_model_gaussian_kernel=16_sigma=5.log:test PSNR: 26.081117532271804
INFO:logs/DIP_log_model_gaussian_kernel=16_sigma=5.log:train PSNR: 26.58006455364156
INFO:logs/DIP_log_model_gaussian_kernel=16_sigma=5.log:test PSNR: 26.099528088355765
INFO:logs/DIP_log_model_gaussian_kernel=16_sigma=5.log:train PSNR: 26.62056731817564
INFO:logs/DIP_log_model_gaussian_kernel=16_sigma=5.log:test PSNR: 26.130963729854244
INFO:logs/DIP_log_model_gaussian_kernel=16_sigma=5.log:train PSNR: 26.785005614566906
INFO:logs/DIP_log_model_gaussian_kernel=16_sigma=5.log:test PSNR: 26.149783078863127
INFO:logs/DIP_log_model_gaussian_kernel=16_sigma=5.log:train PSNR: 26.55093411608111
INFO:logs/DIP_log_model_gaussian_kernel=16_sigma=5.log:test PSNR: 26.100935581460984
INFO:logs/DIP_log_model_gaussian_kernel=16_sigma=5.log:train PSNR: 26.955117221570287
INFO:logs/DIP_log_model_gaussian_kernel=16_sigma=5.log:test PSNR: 26.112958447579853
INFO:logs/DIP_log_model_gaussian_kernel=16_sigma=5.log:train PSNR: 26.359158248221778
INFO:logs/DIP_log_model_gaussian_kernel=16_sigma=5.log:test PSNR: 26.134704824216456
INFO:logs/DIP_log_model_gaussian_kernel=16_sigma=5.log:train PSNR: 26.516833748293312
INFO:logs/DIP_log_model_gaussian_kernel=16_sigma=5.log:test PSNR: 26.187681806820393
INFO:logs/DIP_log_model_gaussian_kernel=16_sigma=5.log:train PSNR: 26.383010253731214
INFO:logs/DIP_log_model_gaussian_kernel=16_sigma=5.log:test PSNR: 26.188339239611828
INFO:logs/DIP_log_model_gaussian_kernel=16_sigma=5.log:train PSNR: 26.616486791739984
INFO:logs/DIP_log_model_gaussian_kernel=16_sigma=5.log:test PSNR: 26.185666642378884
INFO:logs/DIP_log_model_gaussian_kernel=16_sigma=5.log:train PSNR: 26.501009421589007
INFO:logs/DIP_log_model_gaussian_kernel=16_sigma=5.log:test PSNR: 26.176554524645603
INFO:logs/DIP_log_model_gaussian_kernel=16_sigma=5.log:train PSNR: 26.90074652866928
INFO:logs/DIP_log_model_gaussian_kernel=16_sigma=5.log:test PSNR: 26.151813308125327
INFO:logs/DIP_log_model_gaussian_kernel=16_sigma=5.log:train PSNR: 26.478566915504878
INFO:logs/DIP_log_model_gaussian_kernel=16_sigma=5.log:test PSNR: 26.210874347615373
INFO:logs/DIP_log_model_gaussian_kernel=16_sigma=5.log:train PSNR: 26.60414299055031
INFO:logs/DIP_log_model_gaussian_kernel=16_sigma=5.log:test PSNR: 26.17814194383351
INFO:logs/DIP_log_model_gaussian_kernel=16_sigma=5.log:train PSNR: 26.57862931461426
INFO:logs/DIP_log_model_gaussian_kernel=16_sigma=5.log:test PSNR: 26.145146396295424
INFO:logs/DIP_log_model_gaussian_kernel=16_sigma=5.log:train PSNR: 26.505258038960918
INFO:logs/DIP_log_model_gaussian_kernel=16_sigma=5.log:test PSNR: 26.203998876973774
INFO:logs/DIP_log_model_gaussian_kernel=16_sigma=5.log:train PSNR: 26.320453348485746
INFO:logs/DIP_log_model_gaussian_kernel=16_sigma=5.log:test PSNR: 26.157411517628578
INFO:logs/DIP_log_model_gaussian_kernel=16_sigma=5.log:train PSNR: 26.40720007805686
INFO:logs/DIP_log_model_gaussian_kernel=16_sigma=5.log:test PSNR: 26.18745633526912
INFO:logs/DIP_log_model_gaussian_kernel=16_sigma=5.log:train PSNR: 26.73948743891622
INFO:logs/DIP_log_model_gaussian_kernel=16_sigma=5.log:test PSNR: 26.184677580267326
INFO:logs/DIP_log_model_gaussian_kernel=16_sigma=5.log:train PSNR: 26.666481479768226
INFO:logs/DIP_log_model_gaussian_kernel=16_sigma=5.log:test PSNR: 26.195047808565512
INFO:logs/DIP_log_model_gaussian_kernel=16_sigma=5.log:train PSNR: 26.57144593208252
INFO:logs/DIP_log_model_gaussian_kernel=16_sigma=5.log:test PSNR: 26.16685344519953
INFO:logs/DIP_log_model_gaussian_kernel=16_sigma=5.log:train PSNR: 26.91601254097775
INFO:logs/DIP_log_model_gaussian_kernel=16_sigma=5.log:test PSNR: 26.20393398917729
INFO:logs/DIP_log_model_gaussian_kernel=16_sigma=5.log:train PSNR: 26.66703950259126
INFO:logs/DIP_log_model_gaussian_kernel=16_sigma=5.log:test PSNR: 26.202782167442734
INFO:logs/DIP_log_model_gaussian_kernel=16_sigma=5.log:train PSNR: 26.601082389450607
INFO:logs/DIP_log_model_gaussian_kernel=16_sigma=5.log:test PSNR: 26.21127910895264
INFO:logs/DIP_log_model_gaussian_kernel=16_sigma=5.log:train PSNR: 26.745345535457048
INFO:logs/DIP_log_model_gaussian_kernel=16_sigma=5.log:test PSNR: 26.155836325545263
INFO:logs/DIP_log_model_gaussian_kernel=16_sigma=5.log:train PSNR: 26.738843736837154
INFO:logs/DIP_log_model_gaussian_kernel=16_sigma=5.log:test PSNR: 26.17951541771183
INFO:logs/DIP_log_model_gaussian_kernel=16_sigma=5.log:train PSNR: 26.494197958504767
INFO:logs/DIP_log_model_gaussian_kernel=16_sigma=5.log:test PSNR: 26.17445268571427
INFO:logs/DIP_log_model_gaussian_kernel=16_sigma=5.log:train PSNR: 26.50970507743302
INFO:logs/DIP_log_model_gaussian_kernel=16_sigma=5.log:test PSNR: 26.206003033853378
INFO:logs/DIP_log_model_gaussian_kernel=16_sigma=5.log:train PSNR: 26.575924868919916
INFO:logs/DIP_log_model_gaussian_kernel=16_sigma=5.log:test PSNR: 26.16884158946415
INFO:logs/DIP_log_model_gaussian_kernel=16_sigma=5.log:train PSNR: 26.680601823819075
INFO:logs/DIP_log_model_gaussian_kernel=16_sigma=5.log:test PSNR: 26.1874403568469
INFO:logs/DIP_log_model_gaussian_kernel=16_sigma=5.log:train PSNR: 26.6420751210972
INFO:logs/DIP_log_model_gaussian_kernel=16_sigma=5.log:test PSNR: 26.1872119042895
INFO:logs/DIP_log_model_gaussian_kernel=16_sigma=5.log:train PSNR: 26.75193338473017
INFO:logs/DIP_log_model_gaussian_kernel=16_sigma=5.log:test PSNR: 26.207238553719876
INFO:logs/DIP_log_model_gaussian_kernel=16_sigma=5.log:train PSNR: 26.695844682580784
INFO:logs/DIP_log_model_gaussian_kernel=16_sigma=5.log:test PSNR: 26.210066897769355
INFO:logs/DIP_log_model_gaussian_kernel=16_sigma=5.log:train PSNR: 26.572841722504286
INFO:logs/DIP_log_model_gaussian_kernel=16_sigma=5.log:test PSNR: 26.182386431262636
INFO:logs/DIP_log_model_gaussian_kernel=16_sigma=5.log:train PSNR: 26.768842335242425
INFO:logs/DIP_log_model_gaussian_kernel=16_sigma=5.log:test PSNR: 26.19269655115741
INFO:logs/DIP_log_model_gaussian_kernel=16_sigma=5.log:train PSNR: 26.468312253174396
INFO:logs/DIP_log_model_gaussian_kernel=16_sigma=5.log:test PSNR: 26.220887744567893
INFO:logs/DIP_log_model_gaussian_kernel=16_sigma=5.log:train PSNR: 26.705265063690604
INFO:logs/DIP_log_model_gaussian_kernel=16_sigma=5.log:test PSNR: 26.212368038658784
INFO:logs/DIP_log_model_gaussian_kernel=16_sigma=5.log:train PSNR: 26.442176348131497
INFO:logs/DIP_log_model_gaussian_kernel=16_sigma=5.log:test PSNR: 26.217438634334716
INFO:logs/DIP_log_model_gaussian_kernel=16_sigma=5.log:train PSNR: 26.67673782236633
INFO:logs/DIP_log_model_gaussian_kernel=16_sigma=5.log:test PSNR: 26.238915363236504
INFO:logs/DIP_log_model_gaussian_kernel=16_sigma=5.log:train PSNR: 26.540878296528014
INFO:logs/DIP_log_model_gaussian_kernel=16_sigma=5.log:test PSNR: 26.221393261025092
INFO:logs/DIP_log_model_gaussian_kernel=16_sigma=5.log:train PSNR: 26.531539731883285
INFO:logs/DIP_log_model_gaussian_kernel=16_sigma=5.log:test PSNR: 26.20475140428029
INFO:logs/DIP_log_model_gaussian_kernel=16_sigma=5.log:train PSNR: 26.635908406484173
INFO:logs/DIP_log_model_gaussian_kernel=16_sigma=5.log:test PSNR: 26.192572899588054
INFO:logs/DIP_log_model_gaussian_kernel=16_sigma=5.log:train PSNR: 26.67910710436509
INFO:logs/DIP_log_model_gaussian_kernel=16_sigma=5.log:test PSNR: 26.205801057840553
INFO:logs/DIP_log_model_gaussian_kernel=16_sigma=5.log:train PSNR: 26.817497477527514
INFO:logs/DIP_log_model_gaussian_kernel=16_sigma=5.log:test PSNR: 26.19884606049257
INFO:logs/DIP_log_model_gaussian_kernel=16_sigma=5.log:train PSNR: 26.77074368739897
INFO:logs/DIP_log_model_gaussian_kernel=16_sigma=5.log:test PSNR: 26.222086695100113
INFO:logs/DIP_log_model_gaussian_kernel=16_sigma=5.log:train PSNR: 26.528601427059293
INFO:logs/DIP_log_model_gaussian_kernel=16_sigma=5.log:test PSNR: 26.183927788281274
INFO:logs/DIP_log_model_gaussian_kernel=16_sigma=5.log:train PSNR: 26.698786325149
INFO:logs/DIP_log_model_gaussian_kernel=16_sigma=5.log:test PSNR: 26.20104387731336
INFO:logs/DIP_log_model_gaussian_kernel=16_sigma=5.log:train PSNR: 26.952897324183404
INFO:logs/DIP_log_model_gaussian_kernel=16_sigma=5.log:test PSNR: 26.214587184142342
INFO:logs/DIP_log_model_gaussian_kernel=16_sigma=5.log:train PSNR: 26.58920680951562
INFO:logs/DIP_log_model_gaussian_kernel=16_sigma=5.log:test PSNR: 26.233350808852105
INFO:logs/DIP_log_model_gaussian_kernel=16_sigma=5.log:train PSNR: 26.61974266130373
INFO:logs/DIP_log_model_gaussian_kernel=16_sigma=5.log:test PSNR: 26.21946737368891
INFO:logs/DIP_log_model_gaussian_kernel=16_sigma=5.log:train PSNR: 26.66652163292499
INFO:logs/DIP_log_model_gaussian_kernel=16_sigma=5.log:test PSNR: 26.21953810143937
INFO:logs/DIP_log_model_gaussian_kernel=16_sigma=5.log:train PSNR: 26.58953109704394
INFO:logs/DIP_log_model_gaussian_kernel=16_sigma=5.log:test PSNR: 26.221686125507233
INFO:logs/DIP_log_model_gaussian_kernel=16_sigma=5.log:train PSNR: 26.52759113250312
INFO:logs/DIP_log_model_gaussian_kernel=16_sigma=5.log:test PSNR: 26.189876003092678
INFO:logs/DIP_log_model_gaussian_kernel=16_sigma=5.log:train PSNR: 26.726465163740322
INFO:logs/DIP_log_model_gaussian_kernel=16_sigma=5.log:test PSNR: 26.187266057769342
INFO:logs/DIP_log_model_gaussian_kernel=16_sigma=5.log:train PSNR: 26.732555694013147
INFO:logs/DIP_log_model_gaussian_kernel=16_sigma=5.log:test PSNR: 26.236637578616246
INFO:logs/DIP_log_model_gaussian_kernel=16_sigma=5.log:train PSNR: 26.55491107803174
INFO:logs/DIP_log_model_gaussian_kernel=16_sigma=5.log:test PSNR: 26.20859298039703
INFO:logs/DIP_log_model_gaussian_kernel=16_sigma=5.log:train PSNR: 26.676729696788115
INFO:logs/DIP_log_model_gaussian_kernel=16_sigma=5.log:test PSNR: 26.217158747453304
INFO:logs/DIP_log_model_gaussian_kernel=16_sigma=5.log:train PSNR: 26.692662855163512
INFO:logs/DIP_log_model_gaussian_kernel=16_sigma=5.log:test PSNR: 26.218941420799347
INFO:logs/DIP_log_model_gaussian_kernel=16_sigma=5.log:train PSNR: 26.56273298566931
INFO:logs/DIP_log_model_gaussian_kernel=16_sigma=5.log:test PSNR: 26.21076406916257
INFO:logs/DIP_log_model_gaussian_kernel=16_sigma=5.log:train PSNR: 26.75752872596477
INFO:logs/DIP_log_model_gaussian_kernel=16_sigma=5.log:test PSNR: 26.20931133123533
INFO:logs/DIP_log_model_gaussian_kernel=16_sigma=5.log:train PSNR: 26.255990200032592
INFO:logs/DIP_log_model_gaussian_kernel=16_sigma=5.log:test PSNR: 26.207930090653807
INFO:logs/DIP_log_model_gaussian_kernel=16_sigma=5.log:train PSNR: 26.756859034575836
INFO:logs/DIP_log_model_gaussian_kernel=16_sigma=5.log:test PSNR: 26.21066427780923
INFO:logs/DIP_log_model_gaussian_kernel=16_sigma=5.log:train PSNR: 26.77891852914978
INFO:logs/DIP_log_model_gaussian_kernel=16_sigma=5.log:test PSNR: 26.213207870735044
INFO:logs/DIP_log_model_gaussian_kernel=16_sigma=5.log:train PSNR: 26.65485598758617
INFO:logs/DIP_log_model_gaussian_kernel=16_sigma=5.log:test PSNR: 26.210357984405825
INFO:logs/DIP_log_model_gaussian_kernel=16_sigma=5.log:train PSNR: 26.584287786761735
INFO:logs/DIP_log_model_gaussian_kernel=16_sigma=5.log:test PSNR: 26.203382356936714
INFO:logs/DIP_log_model_gaussian_kernel=16_sigma=5.log:train PSNR: 26.991408152156275
INFO:logs/DIP_log_model_gaussian_kernel=16_sigma=5.log:test PSNR: 26.21707030333063
INFO:logs/DIP_log_model_gaussian_kernel=16_sigma=5.log:train PSNR: 26.724398521030167
INFO:logs/DIP_log_model_gaussian_kernel=16_sigma=5.log:test PSNR: 26.206782997577456
INFO:logs/DIP_log_model_gaussian_kernel=16_sigma=5.log:train PSNR: 26.659480681721853
INFO:logs/DIP_log_model_gaussian_kernel=16_sigma=5.log:test PSNR: 26.216092930893335
INFO:logs/DIP_log_model_gaussian_kernel=16_sigma=5.log:train PSNR: 26.712236055060746
INFO:logs/DIP_log_model_gaussian_kernel=16_sigma=5.log:test PSNR: 26.22573849141879
INFO:logs/DIP_log_model_gaussian_kernel=16_sigma=5.log:train PSNR: 26.667500593953907
INFO:logs/DIP_log_model_gaussian_kernel=16_sigma=5.log:test PSNR: 26.21448340308672
INFO:logs/DIP_log_model_gaussian_kernel=16_sigma=5.log:train PSNR: 26.512318717548673
INFO:logs/DIP_log_model_gaussian_kernel=16_sigma=5.log:test PSNR: 26.223572140066125
INFO:logs/DIP_log_model_gaussian_kernel=16_sigma=5.log:train PSNR: 26.598227636733057
INFO:logs/DIP_log_model_gaussian_kernel=16_sigma=5.log:test PSNR: 26.213101089930678
INFO:logs/DIP_log_model_gaussian_kernel=16_sigma=5.log:train PSNR: 26.507799422278772
INFO:logs/DIP_log_model_gaussian_kernel=16_sigma=5.log:test PSNR: 26.216108503794572
INFO:logs/DIP_log_model_gaussian_kernel=16_sigma=5.log:train PSNR: 26.919827630847813
INFO:logs/DIP_log_model_gaussian_kernel=16_sigma=5.log:test PSNR: 26.216894077605378
INFO:logs/DIP_log_model_gaussian_kernel=16_sigma=5.log:train PSNR: 26.662795628408897
INFO:logs/DIP_log_model_gaussian_kernel=16_sigma=5.log:test PSNR: 26.21203038173641
INFO:logs/DIP_log_model_gaussian_kernel=16_sigma=5.log:train PSNR: 26.80898864230548
INFO:logs/DIP_log_model_gaussian_kernel=16_sigma=5.log:test PSNR: 26.215906601043912
INFO:logs/DIP_log_model_gaussian_kernel=16_sigma=5.log:train PSNR: 26.74958392072602
INFO:logs/DIP_log_model_gaussian_kernel=16_sigma=5.log:test PSNR: 26.224611370885846
INFO:logs/DIP_log_model_gaussian_kernel=16_sigma=5.log:train PSNR: 26.84819485323399
INFO:logs/DIP_log_model_gaussian_kernel=16_sigma=5.log:test PSNR: 26.225663367299298
INFO:logs/DIP_log_model_gaussian_kernel=16_sigma=5.log:train PSNR: 26.40802635095527
INFO:logs/DIP_log_model_gaussian_kernel=16_sigma=5.log:test PSNR: 26.230637571543408
INFO:logs/DIP_log_model_gaussian_kernel=16_sigma=5.log:train PSNR: 26.908313647013912
INFO:logs/DIP_log_model_gaussian_kernel=16_sigma=5.log:test PSNR: 26.222487631872742
INFO:logs/DIP_log_model_gaussian_kernel=16_sigma=5.log:train PSNR: 26.842374401688392
INFO:logs/DIP_log_model_gaussian_kernel=16_sigma=5.log:test PSNR: 26.20898299987842
INFO:logs/DIP_log_model_gaussian_kernel=16_sigma=5.log:train PSNR: 26.54934113489652
INFO:logs/DIP_log_model_gaussian_kernel=16_sigma=5.log:test PSNR: 26.2240853741471
INFO:logs/DIP_log_model_gaussian_kernel=16_sigma=5.log:train PSNR: 26.634963150652368
INFO:logs/DIP_log_model_gaussian_kernel=16_sigma=5.log:test PSNR: 26.221195093437558
INFO:logs/DIP_log_model_gaussian_kernel=16_sigma=5.log:train PSNR: 26.776275007309458
INFO:logs/DIP_log_model_gaussian_kernel=16_sigma=5.log:test PSNR: 26.222072531362606
INFO:logs/DIP_log_model_gaussian_kernel=16_sigma=5.log:train PSNR: 26.994526838068733
INFO:logs/DIP_log_model_gaussian_kernel=16_sigma=5.log:test PSNR: 26.224233952285857
INFO:logs/DIP_log_model_gaussian_kernel=16_sigma=5.log:train PSNR: 26.834621895586256
INFO:logs/DIP_log_model_gaussian_kernel=16_sigma=5.log:test PSNR: 26.218955514580475
INFO:logs/DIP_log_model_gaussian_kernel=16_sigma=5.log:train PSNR: 26.780626632528357
INFO:logs/DIP_log_model_gaussian_kernel=16_sigma=5.log:test PSNR: 26.219600153870466
INFO:logs/DIP_log_model_gaussian_kernel=16_sigma=5.log:train PSNR: 26.61570016634636
INFO:logs/DIP_log_model_gaussian_kernel=16_sigma=5.log:test PSNR: 26.219958020798575
INFO:logs/DIP_log_model_gaussian_kernel=16_sigma=5.log:train PSNR: 26.641923053224993
INFO:logs/DIP_log_model_gaussian_kernel=16_sigma=5.log:test PSNR: 26.221729483091128
INFO:logs/DIP_log_model_gaussian_kernel=16_sigma=5.log:train PSNR: 26.65260193389605
INFO:logs/DIP_log_model_gaussian_kernel=16_sigma=5.log:test PSNR: 26.220903135371035
INFO:logs/DIP_log_model_gaussian_kernel=16_sigma=5.log:train PSNR: 26.47497383661427
INFO:logs/DIP_log_model_gaussian_kernel=16_sigma=5.log:test PSNR: 26.21485912938962
INFO:logs/DIP_log_model_gaussian_kernel=16_sigma=5.log:train PSNR: 26.698364000082922
INFO:logs/DIP_log_model_gaussian_kernel=16_sigma=5.log:test PSNR: 26.221609669806664
INFO:logs/DIP_log_model_gaussian_kernel=16_sigma=5.log:train PSNR: 26.373903024688886
INFO:logs/DIP_log_model_gaussian_kernel=16_sigma=5.log:test PSNR: 26.221148174054157
INFO:logs/DIP_log_model_gaussian_kernel=16_sigma=5.log:train PSNR: 26.489895480238822
INFO:logs/DIP_log_model_gaussian_kernel=16_sigma=5.log:test PSNR: 26.220051418668465
INFO:logs/DIP_log_model_gaussian_kernel=16_sigma=5.log:train PSNR: 26.436986807516373
INFO:logs/DIP_log_model_gaussian_kernel=16_sigma=5.log:test PSNR: 26.219799994261095
INFO:logs/DIP_log_model_gaussian_kernel=16_sigma=5.log:train PSNR: 26.872154597300746
INFO:logs/DIP_log_model_gaussian_kernel=16_sigma=5.log:test PSNR: 26.226889807140314
INFO:logs/DIP_log_model_gaussian_kernel=16_sigma=5.log:train PSNR: 26.808908096312873
INFO:logs/DIP_log_model_gaussian_kernel=16_sigma=5.log:test PSNR: 26.225516831809873
INFO:logs/DIP_log_model_gaussian_kernel=16_sigma=5.log:train PSNR: 26.836297894964552
INFO:logs/DIP_log_model_gaussian_kernel=16_sigma=5.log:test PSNR: 26.222423804433046
INFO:logs/DIP_log_model_gaussian_kernel=16_sigma=5.log:train PSNR: 26.6360590183407
INFO:logs/DIP_log_model_gaussian_kernel=16_sigma=5.log:test PSNR: 26.229766315739283
INFO:logs/DIP_log_model_gaussian_kernel=16_sigma=5.log:train PSNR: 26.64720361876498
INFO:logs/DIP_log_model_gaussian_kernel=16_sigma=5.log:test PSNR: 26.227515185917902
INFO:logs/DIP_log_model_gaussian_kernel=16_sigma=5.log:train PSNR: 26.438277736552326
INFO:logs/DIP_log_model_gaussian_kernel=16_sigma=5.log:test PSNR: 26.220464874766396
INFO:logs/DIP_log_model_gaussian_kernel=16_sigma=5.log:train PSNR: 26.698179486774496
INFO:logs/DIP_log_model_gaussian_kernel=16_sigma=5.log:test PSNR: 26.21341115607975
INFO:logs/DIP_log_model_gaussian_kernel=16_sigma=5.log:train PSNR: 26.503235488595017
INFO:logs/DIP_log_model_gaussian_kernel=16_sigma=5.log:test PSNR: 26.22069659873709
INFO:logs/DIP_log_model_gaussian_kernel=16_sigma=5.log:train PSNR: 26.575152643114482
INFO:logs/DIP_log_model_gaussian_kernel=16_sigma=5.log:test PSNR: 26.22384786855682
INFO:logs/DIP_log_model_gaussian_kernel=16_sigma=5.log:train PSNR: 26.701795986844562
INFO:logs/DIP_log_model_gaussian_kernel=16_sigma=5.log:test PSNR: 26.220923537256876
INFO:logs/DIP_log_model_gaussian_kernel=16_sigma=5.log:train PSNR: 26.75102752268868
INFO:logs/DIP_log_model_gaussian_kernel=16_sigma=5.log:test PSNR: 26.22333148172911
INFO:logs/DIP_log_model_gaussian_kernel=16_sigma=5.log:train PSNR: 27.013453308285712
INFO:logs/DIP_log_model_gaussian_kernel=16_sigma=5.log:test PSNR: 26.21794442282272
INFO:logs/DIP_log_model_gaussian_kernel=16_sigma=5.log:train PSNR: 26.618624733667005
INFO:logs/DIP_log_model_gaussian_kernel=16_sigma=5.log:test PSNR: 26.217700166964214
INFO:logs/DIP_log_model_gaussian_kernel=16_sigma=5.log:train PSNR: 26.816310692931626
INFO:logs/DIP_log_model_gaussian_kernel=16_sigma=5.log:test PSNR: 26.21377562277953
INFO:logs/DIP_log_model_gaussian_kernel=16_sigma=5.log:train PSNR: 26.655050400123276
INFO:logs/DIP_log_model_gaussian_kernel=16_sigma=5.log:test PSNR: 26.222367365312866
INFO:logs/DIP_log_model_gaussian_kernel=16_sigma=5.log:train PSNR: 26.784876137453843
INFO:logs/DIP_log_model_gaussian_kernel=16_sigma=5.log:test PSNR: 26.22619687552134
INFO:logs/DIP_log_model_gaussian_kernel=16_sigma=5.log:train PSNR: 26.92906837313918
INFO:logs/DIP_log_model_gaussian_kernel=16_sigma=5.log:test PSNR: 26.22130463269346
INFO:logs/DIP_log_model_gaussian_kernel=16_sigma=5.log:train PSNR: 26.778131650703354
INFO:logs/DIP_log_model_gaussian_kernel=16_sigma=5.log:test PSNR: 26.22409995427022
INFO:logs/DIP_log_model_gaussian_kernel=16_sigma=5.log:train PSNR: 26.555582175685654
INFO:logs/DIP_log_model_gaussian_kernel=16_sigma=5.log:test PSNR: 26.222416208775655
INFO:logs/DIP_log_model_gaussian_kernel=16_sigma=5.log:train PSNR: 26.892520577019912
INFO:logs/DIP_log_model_gaussian_kernel=16_sigma=5.log:test PSNR: 26.220017737114304
INFO:logs/DIP_log_model_gaussian_kernel=16_sigma=5.log:train PSNR: 26.88500150103218
INFO:logs/DIP_log_model_gaussian_kernel=16_sigma=5.log:test PSNR: 26.219830822053602
INFO:logs/DIP_log_model_gaussian_kernel=16_sigma=5.log:train PSNR: 26.51665356043675
INFO:logs/DIP_log_model_gaussian_kernel=16_sigma=5.log:test PSNR: 26.22730243123354
INFO:logs/DIP_log_model_gaussian_kernel=16_sigma=5.log:train PSNR: 26.695159721382677
INFO:logs/DIP_log_model_gaussian_kernel=16_sigma=5.log:test PSNR: 26.226974453325376
INFO:logs/DIP_log_model_gaussian_kernel=16_sigma=5.log:train PSNR: 26.57047935938702
INFO:logs/DIP_log_model_gaussian_kernel=16_sigma=5.log:test PSNR: 26.220179923561485
INFO:logs/DIP_log_model_gaussian_kernel=16_sigma=5.log:train PSNR: 26.787482034583967
INFO:logs/DIP_log_model_gaussian_kernel=16_sigma=5.log:test PSNR: 26.224273137471215
INFO:logs/DIP_log_model_gaussian_kernel=16_sigma=5.log:train PSNR: 26.808871745107094
INFO:logs/DIP_log_model_gaussian_kernel=16_sigma=5.log:test PSNR: 26.222961271058836
INFO:logs/DIP_log_model_gaussian_kernel=16_sigma=5.log:train PSNR: 26.882442935345594
INFO:logs/DIP_log_model_gaussian_kernel=16_sigma=5.log:test PSNR: 26.220660420715266
INFO:logs/DIP_log_model_gaussian_kernel=16_sigma=5.log:train PSNR: 26.93200548906818
INFO:logs/DIP_log_model_gaussian_kernel=16_sigma=5.log:test PSNR: 26.21979676262707
INFO:logs/DIP_log_model_gaussian_kernel=16_sigma=5.log:train PSNR: 26.777697745139694
INFO:logs/DIP_log_model_gaussian_kernel=16_sigma=5.log:test PSNR: 26.221056175478658
INFO:logs/DIP_log_model_gaussian_kernel=16_sigma=5.log:train PSNR: 26.65811011155707
INFO:logs/DIP_log_model_gaussian_kernel=16_sigma=5.log:test PSNR: 26.217998140837093
INFO:logs/DIP_log_model_gaussian_kernel=16_sigma=5.log:train PSNR: 26.706713089159894
INFO:logs/DIP_log_model_gaussian_kernel=16_sigma=5.log:test PSNR: 26.21776018090066
INFO:logs/DIP_log_model_gaussian_kernel=16_sigma=5.log:train PSNR: 26.900150357284073
INFO:logs/DIP_log_model_gaussian_kernel=16_sigma=5.log:test PSNR: 26.216144757611968
INFO:logs/DIP_log_model_gaussian_kernel=16_sigma=5.log:train PSNR: 26.87512868533217
INFO:logs/DIP_log_model_gaussian_kernel=16_sigma=5.log:test PSNR: 26.22049892058901
INFO:logs/DIP_log_model_gaussian_kernel=16_sigma=5.log:train PSNR: 26.866013198552263
INFO:logs/DIP_log_model_gaussian_kernel=16_sigma=5.log:test PSNR: 26.221210763478194
INFO:logs/DIP_log_model_gaussian_kernel=16_sigma=5.log:train PSNR: 26.469177072653977
INFO:logs/DIP_log_model_gaussian_kernel=16_sigma=5.log:test PSNR: 26.220739332100703
INFO:logs/DIP_log_model_gaussian_kernel=16_sigma=5.log:train PSNR: 26.539782226822076
INFO:logs/DIP_log_model_gaussian_kernel=16_sigma=5.log:test PSNR: 26.222343111137615
INFO:logs/DIP_log_model_gaussian_kernel=16_sigma=5.log:train PSNR: 26.552888169377233
INFO:logs/DIP_log_model_gaussian_kernel=16_sigma=5.log:test PSNR: 26.22485147604535
INFO:logs/DIP_log_model_gaussian_kernel=16_sigma=5.log:train PSNR: 26.579751525368334
INFO:logs/DIP_log_model_gaussian_kernel=16_sigma=5.log:test PSNR: 26.22220914762359
INFO:logs/DIP_log_model_gaussian_kernel=16_sigma=5.log:train PSNR: 26.709098382471012
INFO:logs/DIP_log_model_gaussian_kernel=16_sigma=5.log:test PSNR: 26.222463451612793
INFO:logs/DIP_log_model_gaussian_kernel=16_sigma=5.log:train PSNR: 26.981579815695863
INFO:logs/DIP_log_model_gaussian_kernel=16_sigma=5.log:test PSNR: 26.21964153533377
INFO:logs/DIP_log_model_gaussian_kernel=16_sigma=5.log:train PSNR: 26.956490683647566
INFO:logs/DIP_log_model_gaussian_kernel=16_sigma=5.log:test PSNR: 26.21999317747066
INFO:logs/DIP_log_model_gaussian_kernel=16_sigma=5.log:train PSNR: 26.688967102286078
INFO:logs/DIP_log_model_gaussian_kernel=16_sigma=5.log:test PSNR: 26.220931743959035
INFO:logs/DIP_log_model_gaussian_kernel=16_sigma=5.log:train PSNR: 26.650776395593574
INFO:logs/DIP_log_model_gaussian_kernel=16_sigma=5.log:test PSNR: 26.221933893115015
INFO:logs/DIP_log_model_gaussian_kernel=16_sigma=5.log:train PSNR: 26.724179709910853
INFO:logs/DIP_log_model_gaussian_kernel=16_sigma=5.log:test PSNR: 26.22177162188216
INFO:logs/DIP_log_model_gaussian_kernel=16_sigma=5.log:train PSNR: 26.86465720143552
INFO:logs/DIP_log_model_gaussian_kernel=16_sigma=5.log:test PSNR: 26.21985102646216
INFO:logs/DIP_log_model_gaussian_kernel=16_sigma=5.log:train PSNR: 26.7128383872601
INFO:logs/DIP_log_model_gaussian_kernel=16_sigma=5.log:test PSNR: 26.220586068173798
INFO:logs/DIP_log_model_gaussian_kernel=16_sigma=5.log:train PSNR: 26.779787658621636
INFO:logs/DIP_log_model_gaussian_kernel=16_sigma=5.log:test PSNR: 26.21974796066986
INFO:logs/DIP_log_model_gaussian_kernel=16_sigma=5.log:train PSNR: 26.686244719223858
INFO:logs/DIP_log_model_gaussian_kernel=16_sigma=5.log:test PSNR: 26.21966808346051
INFO:logs/DIP_log_model_gaussian_kernel=16_sigma=5.log:train PSNR: 26.76429497885417
INFO:logs/DIP_log_model_gaussian_kernel=16_sigma=5.log:test PSNR: 26.219027226603252
INFO:logs/DIP_log_model_gaussian_kernel=16_sigma=5.log:train PSNR: 26.501165816933515
INFO:logs/DIP_log_model_gaussian_kernel=16_sigma=5.log:test PSNR: 26.217407342928407
INFO:logs/DIP_log_model_gaussian_kernel=16_sigma=5.log:train PSNR: 26.891724125535713
INFO:logs/DIP_log_model_gaussian_kernel=16_sigma=5.log:test PSNR: 26.217631062932
INFO:logs/DIP_log_model_gaussian_kernel=16_sigma=5.log:train PSNR: 26.86952784174863
INFO:logs/DIP_log_model_gaussian_kernel=16_sigma=5.log:test PSNR: 26.22089221416034
INFO:logs/DIP_log_model_gaussian_kernel=16_sigma=5.log:train PSNR: 26.74114662222741
INFO:logs/DIP_log_model_gaussian_kernel=16_sigma=5.log:test PSNR: 26.219511186969466
INFO:logs/DIP_log_model_gaussian_kernel=16_sigma=5.log:train PSNR: 26.657145850863355
INFO:logs/DIP_log_model_gaussian_kernel=16_sigma=5.log:test PSNR: 26.21905885403143
INFO:logs/DIP_log_model_gaussian_kernel=16_sigma=5.log:train PSNR: 26.66338875882871
INFO:logs/DIP_log_model_gaussian_kernel=16_sigma=5.log:test PSNR: 26.221815891114698
INFO:logs/DIP_log_model_gaussian_kernel=16_sigma=5.log:train PSNR: 26.628695279663546
INFO:logs/DIP_log_model_gaussian_kernel=16_sigma=5.log:test PSNR: 26.21864413585323
INFO:logs/DIP_log_model_gaussian_kernel=16_sigma=5.log:train PSNR: 26.796688982671764
INFO:logs/DIP_log_model_gaussian_kernel=16_sigma=5.log:test PSNR: 26.21846529270712
INFO:logs/DIP_log_model_gaussian_kernel=16_sigma=5.log:train PSNR: 26.621608777248486
INFO:logs/DIP_log_model_gaussian_kernel=16_sigma=5.log:test PSNR: 26.220310744555693
INFO:logs/DIP_log_model_gaussian_kernel=16_sigma=5.log:train PSNR: 26.851793151783035
INFO:logs/DIP_log_model_gaussian_kernel=16_sigma=5.log:test PSNR: 26.219489946197626
INFO:logs/DIP_log_model_gaussian_kernel=16_sigma=5.log:train PSNR: 26.864731354851035
INFO:logs/DIP_log_model_gaussian_kernel=16_sigma=5.log:test PSNR: 26.221823710346687
INFO:logs/DIP_log_model_gaussian_kernel=16_sigma=5.log:train PSNR: 26.41654679049388
INFO:logs/DIP_log_model_gaussian_kernel=16_sigma=5.log:test PSNR: 26.223527333415927
INFO:logs/DIP_log_model_gaussian_kernel=16_sigma=5.log:train PSNR: 26.93132975129835
INFO:logs/DIP_log_model_gaussian_kernel=16_sigma=5.log:test PSNR: 26.222103124618112
INFO:logs/DIP_log_model_gaussian_kernel=16_sigma=5.log:train PSNR: 26.822331658539152
INFO:logs/DIP_log_model_gaussian_kernel=16_sigma=5.log:test PSNR: 26.222461089934
INFO:logs/DIP_log_model_gaussian_kernel=16_sigma=5.log:train PSNR: 26.637670726503426
INFO:logs/DIP_log_model_gaussian_kernel=16_sigma=5.log:test PSNR: 26.220614309455364
INFO:logs/DIP_log_model_gaussian_kernel=16_sigma=5.log:train PSNR: 26.76150857808253
INFO:logs/DIP_log_model_gaussian_kernel=16_sigma=5.log:test PSNR: 26.221434724565707
INFO:logs/DIP_log_model_gaussian_kernel=16_sigma=5.log:train PSNR: 26.871977176931864
INFO:logs/DIP_log_model_gaussian_kernel=16_sigma=5.log:test PSNR: 26.221375867145355
INFO:logs/DIP_log_model_gaussian_kernel=16_sigma=5.log:train PSNR: 26.749647245887214
INFO:logs/DIP_log_model_gaussian_kernel=16_sigma=5.log:test PSNR: 26.222163209713358
INFO:logs/DIP_log_model_gaussian_kernel=16_sigma=5.log:train PSNR: 26.402314698140493
INFO:logs/DIP_log_model_gaussian_kernel=16_sigma=5.log:test PSNR: 26.221459762185756
INFO:logs/DIP_log_model_gaussian_kernel=16_sigma=5.log:train PSNR: 26.670249884708916
INFO:logs/DIP_log_model_gaussian_kernel=16_sigma=5.log:test PSNR: 26.221513449638852
INFO:logs/DIP_log_model_gaussian_kernel=16_sigma=5.log:train PSNR: 26.73784016245685
INFO:logs/DIP_log_model_gaussian_kernel=16_sigma=5.log:test PSNR: 26.22118125363122
INFO:logs/DIP_log_model_gaussian_kernel=16_sigma=5.log:train PSNR: 26.99747380742811
INFO:logs/DIP_log_model_gaussian_kernel=16_sigma=5.log:test PSNR: 26.2218932049506
INFO:logs/DIP_log_model_gaussian_kernel=16_sigma=5.log:train PSNR: 26.603519050779386
INFO:logs/DIP_log_model_gaussian_kernel=16_sigma=5.log:test PSNR: 26.222817394531855
INFO:logs/DIP_log_model_gaussian_kernel=16_sigma=5.log:train PSNR: 27.062976191328595
INFO:logs/DIP_log_model_gaussian_kernel=16_sigma=5.log:test PSNR: 26.22246246164198
INFO:logs/DIP_log_model_gaussian_kernel=16_sigma=5.log:train PSNR: 26.93355937904091
INFO:logs/DIP_log_model_gaussian_kernel=16_sigma=5.log:test PSNR: 26.221885457659944
INFO:logs/DIP_log_model_gaussian_kernel=16_sigma=5.log:train PSNR: 26.71207797285359
INFO:logs/DIP_log_model_gaussian_kernel=16_sigma=5.log:test PSNR: 26.22212937460601
INFO:logs/DIP_log_model_gaussian_kernel=16_sigma=5.log:train PSNR: 26.561538795159926
INFO:logs/DIP_log_model_gaussian_kernel=16_sigma=5.log:test PSNR: 26.22177282191308
INFO:logs/DIP_log_model_gaussian_kernel=16_sigma=5.log:train PSNR: 26.66880294144155
INFO:logs/DIP_log_model_gaussian_kernel=16_sigma=5.log:test PSNR: 26.222440825384638
INFO:logs/DIP_log_model_gaussian_kernel=16_sigma=5.log:train PSNR: 26.34665332474881
INFO:logs/DIP_log_model_gaussian_kernel=16_sigma=5.log:test PSNR: 26.22256170298975
INFO:logs/DIP_log_model_gaussian_kernel=16_sigma=5.log:train PSNR: 26.880105373328927
INFO:logs/DIP_log_model_gaussian_kernel=16_sigma=5.log:test PSNR: 26.22253529758998
INFO:logs/DIP_log_model_gaussian_kernel=16_sigma=5.log:train PSNR: 26.747632557440102
INFO:logs/DIP_log_model_gaussian_kernel=16_sigma=5.log:test PSNR: 26.22148296715444
INFO:logs/DIP_log_model_gaussian_kernel=16_sigma=5.log:train PSNR: 26.583465581186957
INFO:logs/DIP_log_model_gaussian_kernel=16_sigma=5.log:test PSNR: 26.222346970073776
INFO:logs/DIP_log_model_gaussian_kernel=16_sigma=5.log:train PSNR: 26.76411615490832
INFO:logs/DIP_log_model_gaussian_kernel=16_sigma=5.log:test PSNR: 26.222292309726036
INFO:logs/DIP_log_model_gaussian_kernel=16_sigma=5.log:train PSNR: 26.736618924783695
INFO:logs/DIP_log_model_gaussian_kernel=16_sigma=5.log:test PSNR: 26.222267031413196
INFO:logs/DIP_log_model_gaussian_kernel=16_sigma=5.log:train PSNR: 26.90905526626049
INFO:logs/DIP_log_model_gaussian_kernel=16_sigma=5.log:test PSNR: 26.2220371883878
INFO:logs/DIP_log_model_gaussian_kernel=16_sigma=5.log:train PSNR: 26.638620198673266
INFO:logs/DIP_log_model_gaussian_kernel=16_sigma=5.log:test PSNR: 26.22217571495482
INFO:logs/DIP_log_model_gaussian_kernel=16_sigma=5.log:train PSNR: 26.79748060434603
INFO:logs/DIP_log_model_gaussian_kernel=16_sigma=5.log:test PSNR: 26.222522266352303
INFO:logs/DIP_log_model_gaussian_kernel=16_sigma=5.log:train PSNR: 26.727788714820637
INFO:logs/DIP_log_model_gaussian_kernel=16_sigma=5.log:test PSNR: 26.222182206452914
INFO:logs/DIP_log_model_gaussian_kernel=16_sigma=5.log:train PSNR: 26.677918466967498
INFO:logs/DIP_log_model_gaussian_kernel=16_sigma=5.log:test PSNR: 26.22259241006139
INFO:logs/DIP_log_model_gaussian_kernel=16_sigma=5.log:train PSNR: 26.759373030163548
INFO:logs/DIP_log_model_gaussian_kernel=16_sigma=5.log:test PSNR: 26.222677274050124
INFO:logs/DIP_log_model_gaussian_kernel=16_sigma=5.log:train PSNR: 26.7244464527771
INFO:logs/DIP_log_model_gaussian_kernel=16_sigma=5.log:test PSNR: 26.222091386424456
