INFO:logs/DIP_log_model_gaussian_kernel=32_sigma=3.log_model:first model = 
ConvLista_T(
  (apply_A): ConvTranspose2d(175, 1, kernel_size=(11, 11), stride=(8, 8), bias=False)
  (apply_B): Conv2d(1, 175, kernel_size=(11, 11), stride=(8, 8), bias=False)
  (apply_C): Sequential(
    (0): ConvTranspose2d(175, 1, kernel_size=(11, 11), stride=(8, 8))
  )
  (soft_threshold): SoftThreshold()
)

INFO:logs/DIP_log_model_gaussian_kernel=32_sigma=3.log_model:config_dict = {'uuid': 'DIP_project_gaussian_kernel=32_sigma=3', 'kernel_size': 11, 'stride': 8, 'num_filters': 175, 'lr': 0.0002, 'unfoldings': 12, 'lr_decay': 0.35, 'patch_size': 128, 'num_epochs': 250, 'lr_step': 50, 'eps': 0.001, 'threshold': 0.01, 'noise_std': 0.09803921568627451, 'gaussian_size': 32, 'gaussian_sigma': 3}

INFO:logs/DIP_log_model_gaussian_kernel=32_sigma=3.log:Training model...
INFO:logs/DIP_log_model_gaussian_kernel=32_sigma=3.log:train PSNR: 22.45462011668187
INFO:logs/DIP_log_model_gaussian_kernel=32_sigma=3.log:test PSNR: 23.552566773700146
INFO:logs/DIP_log_model_gaussian_kernel=32_sigma=3.log:train PSNR: 23.31050041273435
INFO:logs/DIP_log_model_gaussian_kernel=32_sigma=3.log:test PSNR: 23.77561396289572
INFO:logs/DIP_log_model_gaussian_kernel=32_sigma=3.log:train PSNR: 23.804644577034903
INFO:logs/DIP_log_model_gaussian_kernel=32_sigma=3.log:test PSNR: 24.288170278179535
INFO:logs/DIP_log_model_gaussian_kernel=32_sigma=3.log:train PSNR: 23.981078940889986
INFO:logs/DIP_log_model_gaussian_kernel=32_sigma=3.log:test PSNR: 23.892952369082607
INFO:logs/DIP_log_model_gaussian_kernel=32_sigma=3.log:train PSNR: 24.38051319187703
INFO:logs/DIP_log_model_gaussian_kernel=32_sigma=3.log:test PSNR: 24.201599580358096
INFO:logs/DIP_log_model_gaussian_kernel=32_sigma=3.log:train PSNR: 24.810886297044913
INFO:logs/DIP_log_model_gaussian_kernel=32_sigma=3.log:test PSNR: 24.50373605617109
INFO:logs/DIP_log_model_gaussian_kernel=32_sigma=3.log:train PSNR: 24.32866236921064
INFO:logs/DIP_log_model_gaussian_kernel=32_sigma=3.log:test PSNR: 24.025264181121074
INFO:logs/DIP_log_model_gaussian_kernel=32_sigma=3.log:train PSNR: 25.146908024065404
INFO:logs/DIP_log_model_gaussian_kernel=32_sigma=3.log:test PSNR: 25.308007868510042
INFO:logs/DIP_log_model_gaussian_kernel=32_sigma=3.log:train PSNR: 25.39146033630329
INFO:logs/DIP_log_model_gaussian_kernel=32_sigma=3.log:test PSNR: 25.179383296417402
INFO:logs/DIP_log_model_gaussian_kernel=32_sigma=3.log:train PSNR: 25.501869027545936
INFO:logs/DIP_log_model_gaussian_kernel=32_sigma=3.log:test PSNR: 25.54370138224267
INFO:logs/DIP_log_model_gaussian_kernel=32_sigma=3.log:train PSNR: 25.332626903964776
INFO:logs/DIP_log_model_gaussian_kernel=32_sigma=3.log:test PSNR: 25.55597289734208
INFO:logs/DIP_log_model_gaussian_kernel=32_sigma=3.log:train PSNR: 24.913968789935755
INFO:logs/DIP_log_model_gaussian_kernel=32_sigma=3.log:test PSNR: 25.584464123335152
INFO:logs/DIP_log_model_gaussian_kernel=32_sigma=3.log:train PSNR: 25.486706347091122
INFO:logs/DIP_log_model_gaussian_kernel=32_sigma=3.log:test PSNR: 25.746938271919216
INFO:logs/DIP_log_model_gaussian_kernel=32_sigma=3.log:train PSNR: 25.722380706067515
INFO:logs/DIP_log_model_gaussian_kernel=32_sigma=3.log:test PSNR: 25.917096988183232
INFO:logs/DIP_log_model_gaussian_kernel=32_sigma=3.log:train PSNR: 25.863226497799637
INFO:logs/DIP_log_model_gaussian_kernel=32_sigma=3.log:test PSNR: 25.90974327545557
INFO:logs/DIP_log_model_gaussian_kernel=32_sigma=3.log:train PSNR: 25.75868375501384
INFO:logs/DIP_log_model_gaussian_kernel=32_sigma=3.log:test PSNR: 26.12809588906037
INFO:logs/DIP_log_model_gaussian_kernel=32_sigma=3.log:train PSNR: 25.857322765125467
INFO:logs/DIP_log_model_gaussian_kernel=32_sigma=3.log:test PSNR: 26.251384468857694
INFO:logs/DIP_log_model_gaussian_kernel=32_sigma=3.log:train PSNR: 26.170041565858043
INFO:logs/DIP_log_model_gaussian_kernel=32_sigma=3.log:test PSNR: 26.333926491267572
INFO:logs/DIP_log_model_gaussian_kernel=32_sigma=3.log:train PSNR: 26.215271901331274
INFO:logs/DIP_log_model_gaussian_kernel=32_sigma=3.log:test PSNR: 26.37184618062273
INFO:logs/DIP_log_model_gaussian_kernel=32_sigma=3.log:train PSNR: 26.355557672298094
INFO:logs/DIP_log_model_gaussian_kernel=32_sigma=3.log:test PSNR: 26.488498882742448
INFO:logs/DIP_log_model_gaussian_kernel=32_sigma=3.log:train PSNR: 26.369202804174225
INFO:logs/DIP_log_model_gaussian_kernel=32_sigma=3.log:test PSNR: 26.382206547847233
INFO:logs/DIP_log_model_gaussian_kernel=32_sigma=3.log:train PSNR: 26.112267340281193
INFO:logs/DIP_log_model_gaussian_kernel=32_sigma=3.log:test PSNR: 26.535047535386795
INFO:logs/DIP_log_model_gaussian_kernel=32_sigma=3.log:train PSNR: 26.724158834350174
INFO:logs/DIP_log_model_gaussian_kernel=32_sigma=3.log:test PSNR: 26.636653985537997
INFO:logs/DIP_log_model_gaussian_kernel=32_sigma=3.log:train PSNR: 26.010454349992635
INFO:logs/DIP_log_model_gaussian_kernel=32_sigma=3.log:test PSNR: 25.633651690886676
INFO:logs/DIP_log_model_gaussian_kernel=32_sigma=3.log:train PSNR: 26.36219303999385
INFO:logs/DIP_log_model_gaussian_kernel=32_sigma=3.log:test PSNR: 26.47295317864307
INFO:logs/DIP_log_model_gaussian_kernel=32_sigma=3.log:train PSNR: 26.69900529969853
INFO:logs/DIP_log_model_gaussian_kernel=32_sigma=3.log:test PSNR: 26.591867528749617
INFO:logs/DIP_log_model_gaussian_kernel=32_sigma=3.log:train PSNR: 26.803483466677797
INFO:logs/DIP_log_model_gaussian_kernel=32_sigma=3.log:test PSNR: 26.599506212613317
INFO:logs/DIP_log_model_gaussian_kernel=32_sigma=3.log:train PSNR: 26.65252403396292
INFO:logs/DIP_log_model_gaussian_kernel=32_sigma=3.log:test PSNR: 26.658640959079577
INFO:logs/DIP_log_model_gaussian_kernel=32_sigma=3.log:train PSNR: 27.038438743722505
INFO:logs/DIP_log_model_gaussian_kernel=32_sigma=3.log:test PSNR: 26.668437311123384
INFO:logs/DIP_log_model_gaussian_kernel=32_sigma=3.log:train PSNR: 26.954334288335883
INFO:logs/DIP_log_model_gaussian_kernel=32_sigma=3.log:test PSNR: 26.670348312919092
INFO:logs/DIP_log_model_gaussian_kernel=32_sigma=3.log:train PSNR: 27.053251795148558
INFO:logs/DIP_log_model_gaussian_kernel=32_sigma=3.log:test PSNR: 26.647393531600677
INFO:logs/DIP_log_model_gaussian_kernel=32_sigma=3.log:train PSNR: 27.110768709726685
INFO:logs/DIP_log_model_gaussian_kernel=32_sigma=3.log:test PSNR: 26.662459686361647
INFO:logs/DIP_log_model_gaussian_kernel=32_sigma=3.log:train PSNR: 26.54722517300437
INFO:logs/DIP_log_model_gaussian_kernel=32_sigma=3.log:test PSNR: 26.448477516669453
INFO:logs/DIP_log_model_gaussian_kernel=32_sigma=3.log:train PSNR: 26.711668310196497
INFO:logs/DIP_log_model_gaussian_kernel=32_sigma=3.log:test PSNR: 26.66240549902456
INFO:logs/DIP_log_model_gaussian_kernel=32_sigma=3.log:train PSNR: 26.84113471872732
INFO:logs/DIP_log_model_gaussian_kernel=32_sigma=3.log:test PSNR: 26.701255198390328
INFO:logs/DIP_log_model_gaussian_kernel=32_sigma=3.log:train PSNR: 27.147419044892448
INFO:logs/DIP_log_model_gaussian_kernel=32_sigma=3.log:test PSNR: 26.707846053094517
INFO:logs/DIP_log_model_gaussian_kernel=32_sigma=3.log:train PSNR: 27.143289223542972
INFO:logs/DIP_log_model_gaussian_kernel=32_sigma=3.log:test PSNR: 26.760987308645632
INFO:logs/DIP_log_model_gaussian_kernel=32_sigma=3.log:train PSNR: 26.674708975368773
INFO:logs/DIP_log_model_gaussian_kernel=32_sigma=3.log:test PSNR: 26.685830605627153
INFO:logs/DIP_log_model_gaussian_kernel=32_sigma=3.log:train PSNR: 27.0950608234322
INFO:logs/DIP_log_model_gaussian_kernel=32_sigma=3.log:test PSNR: 26.64734180179233
INFO:logs/DIP_log_model_gaussian_kernel=32_sigma=3.log:train PSNR: 27.063736283584017
INFO:logs/DIP_log_model_gaussian_kernel=32_sigma=3.log:test PSNR: 26.641612271385803
INFO:logs/DIP_log_model_gaussian_kernel=32_sigma=3.log:train PSNR: 27.140889143732696
INFO:logs/DIP_log_model_gaussian_kernel=32_sigma=3.log:test PSNR: 26.75058478780272
INFO:logs/DIP_log_model_gaussian_kernel=32_sigma=3.log:train PSNR: 27.013856374454953
INFO:logs/DIP_log_model_gaussian_kernel=32_sigma=3.log:test PSNR: 26.72432751762018
INFO:logs/DIP_log_model_gaussian_kernel=32_sigma=3.log:train PSNR: 26.820948267193902
INFO:logs/DIP_log_model_gaussian_kernel=32_sigma=3.log:test PSNR: 26.674760687779223
INFO:logs/DIP_log_model_gaussian_kernel=32_sigma=3.log:train PSNR: 27.17846472130361
INFO:logs/DIP_log_model_gaussian_kernel=32_sigma=3.log:test PSNR: 26.76924713212996
INFO:logs/DIP_log_model_gaussian_kernel=32_sigma=3.log:train PSNR: 27.173899786044256
INFO:logs/DIP_log_model_gaussian_kernel=32_sigma=3.log:test PSNR: 26.77350850451191
INFO:logs/DIP_log_model_gaussian_kernel=32_sigma=3.log:train PSNR: 27.036687451810064
INFO:logs/DIP_log_model_gaussian_kernel=32_sigma=3.log:test PSNR: 26.735422439811547
INFO:logs/DIP_log_model_gaussian_kernel=32_sigma=3.log:train PSNR: 27.0903772842574
INFO:logs/DIP_log_model_gaussian_kernel=32_sigma=3.log:test PSNR: 26.70280454949663
INFO:logs/DIP_log_model_gaussian_kernel=32_sigma=3.log:train PSNR: 27.10959264397624
INFO:logs/DIP_log_model_gaussian_kernel=32_sigma=3.log:test PSNR: 26.747228389890942
INFO:logs/DIP_log_model_gaussian_kernel=32_sigma=3.log:train PSNR: 26.929700599340144
INFO:logs/DIP_log_model_gaussian_kernel=32_sigma=3.log:test PSNR: 26.597373014689673
INFO:logs/DIP_log_model_gaussian_kernel=32_sigma=3.log:train PSNR: 27.065563113845013
INFO:logs/DIP_log_model_gaussian_kernel=32_sigma=3.log:test PSNR: 26.742390805914596
INFO:logs/DIP_log_model_gaussian_kernel=32_sigma=3.log:train PSNR: 27.139429258280195
INFO:logs/DIP_log_model_gaussian_kernel=32_sigma=3.log:test PSNR: 26.785081571237136
INFO:logs/DIP_log_model_gaussian_kernel=32_sigma=3.log:train PSNR: 27.442233336214333
INFO:logs/DIP_log_model_gaussian_kernel=32_sigma=3.log:test PSNR: 26.80725892679725
INFO:logs/DIP_log_model_gaussian_kernel=32_sigma=3.log:train PSNR: 27.000395674100773
INFO:logs/DIP_log_model_gaussian_kernel=32_sigma=3.log:test PSNR: 26.80891321285465
INFO:logs/DIP_log_model_gaussian_kernel=32_sigma=3.log:train PSNR: 27.36632506748971
INFO:logs/DIP_log_model_gaussian_kernel=32_sigma=3.log:test PSNR: 26.79833860870267
INFO:logs/DIP_log_model_gaussian_kernel=32_sigma=3.log:train PSNR: 27.12810885290382
INFO:logs/DIP_log_model_gaussian_kernel=32_sigma=3.log:test PSNR: 26.78576281269798
INFO:logs/DIP_log_model_gaussian_kernel=32_sigma=3.log:train PSNR: 27.30219741597942
INFO:logs/DIP_log_model_gaussian_kernel=32_sigma=3.log:test PSNR: 26.75374114795851
INFO:logs/DIP_log_model_gaussian_kernel=32_sigma=3.log:train PSNR: 27.315061317049526
INFO:logs/DIP_log_model_gaussian_kernel=32_sigma=3.log:test PSNR: 26.757346690919032
INFO:logs/DIP_log_model_gaussian_kernel=32_sigma=3.log:train PSNR: 27.57129278379717
INFO:logs/DIP_log_model_gaussian_kernel=32_sigma=3.log:test PSNR: 26.800617010251727
INFO:logs/DIP_log_model_gaussian_kernel=32_sigma=3.log:train PSNR: 27.61252357837723
INFO:logs/DIP_log_model_gaussian_kernel=32_sigma=3.log:test PSNR: 26.80934511268686
INFO:logs/DIP_log_model_gaussian_kernel=32_sigma=3.log:train PSNR: 27.243584958558113
INFO:logs/DIP_log_model_gaussian_kernel=32_sigma=3.log:test PSNR: 26.79209174704666
INFO:logs/DIP_log_model_gaussian_kernel=32_sigma=3.log:train PSNR: 27.224117735220496
INFO:logs/DIP_log_model_gaussian_kernel=32_sigma=3.log:test PSNR: 26.784962577441117
INFO:logs/DIP_log_model_gaussian_kernel=32_sigma=3.log:train PSNR: 27.51015081305141
INFO:logs/DIP_log_model_gaussian_kernel=32_sigma=3.log:test PSNR: 26.810591198404147
INFO:logs/DIP_log_model_gaussian_kernel=32_sigma=3.log:train PSNR: 27.52043100183109
INFO:logs/DIP_log_model_gaussian_kernel=32_sigma=3.log:test PSNR: 26.786225596705115
INFO:logs/DIP_log_model_gaussian_kernel=32_sigma=3.log:train PSNR: 27.215196428425955
INFO:logs/DIP_log_model_gaussian_kernel=32_sigma=3.log:test PSNR: 26.792131585041087
INFO:logs/DIP_log_model_gaussian_kernel=32_sigma=3.log:train PSNR: 27.433392274498726
INFO:logs/DIP_log_model_gaussian_kernel=32_sigma=3.log:test PSNR: 26.77443514822164
INFO:logs/DIP_log_model_gaussian_kernel=32_sigma=3.log:train PSNR: 27.460836479569245
INFO:logs/DIP_log_model_gaussian_kernel=32_sigma=3.log:test PSNR: 26.813072210364027
INFO:logs/DIP_log_model_gaussian_kernel=32_sigma=3.log:train PSNR: 27.397712005567243
INFO:logs/DIP_log_model_gaussian_kernel=32_sigma=3.log:test PSNR: 26.79846866448523
INFO:logs/DIP_log_model_gaussian_kernel=32_sigma=3.log:train PSNR: 27.286776518593832
INFO:logs/DIP_log_model_gaussian_kernel=32_sigma=3.log:test PSNR: 26.747316424703417
INFO:logs/DIP_log_model_gaussian_kernel=32_sigma=3.log:train PSNR: 27.304911629649162
INFO:logs/DIP_log_model_gaussian_kernel=32_sigma=3.log:test PSNR: 26.831782038593268
INFO:logs/DIP_log_model_gaussian_kernel=32_sigma=3.log:train PSNR: 27.54221520318765
INFO:logs/DIP_log_model_gaussian_kernel=32_sigma=3.log:test PSNR: 26.77383298151426
INFO:logs/DIP_log_model_gaussian_kernel=32_sigma=3.log:train PSNR: 27.377823260421923
INFO:logs/DIP_log_model_gaussian_kernel=32_sigma=3.log:test PSNR: 26.810823241252976
INFO:logs/DIP_log_model_gaussian_kernel=32_sigma=3.log:train PSNR: 27.301269398488056
INFO:logs/DIP_log_model_gaussian_kernel=32_sigma=3.log:test PSNR: 26.787546735681815
INFO:logs/DIP_log_model_gaussian_kernel=32_sigma=3.log:train PSNR: 27.32939832710141
INFO:logs/DIP_log_model_gaussian_kernel=32_sigma=3.log:test PSNR: 26.79622640104675
INFO:logs/DIP_log_model_gaussian_kernel=32_sigma=3.log:train PSNR: 27.450222205636205
INFO:logs/DIP_log_model_gaussian_kernel=32_sigma=3.log:test PSNR: 26.84567592758379
INFO:logs/DIP_log_model_gaussian_kernel=32_sigma=3.log:train PSNR: 27.470599310930773
INFO:logs/DIP_log_model_gaussian_kernel=32_sigma=3.log:test PSNR: 26.781704073835296
INFO:logs/DIP_log_model_gaussian_kernel=32_sigma=3.log:train PSNR: 27.249576649127402
INFO:logs/DIP_log_model_gaussian_kernel=32_sigma=3.log:test PSNR: 26.833031579729248
INFO:logs/DIP_log_model_gaussian_kernel=32_sigma=3.log:train PSNR: 27.30109286564122
INFO:logs/DIP_log_model_gaussian_kernel=32_sigma=3.log:test PSNR: 26.80481149630423
INFO:logs/DIP_log_model_gaussian_kernel=32_sigma=3.log:train PSNR: 27.58811910684044
INFO:logs/DIP_log_model_gaussian_kernel=32_sigma=3.log:test PSNR: 26.81147787264328
INFO:logs/DIP_log_model_gaussian_kernel=32_sigma=3.log:train PSNR: 27.392759480126063
INFO:logs/DIP_log_model_gaussian_kernel=32_sigma=3.log:test PSNR: 26.807504151254445
INFO:logs/DIP_log_model_gaussian_kernel=32_sigma=3.log:train PSNR: 27.786144851164266
INFO:logs/DIP_log_model_gaussian_kernel=32_sigma=3.log:test PSNR: 26.819277843456753
INFO:logs/DIP_log_model_gaussian_kernel=32_sigma=3.log:train PSNR: 27.281032855759957
INFO:logs/DIP_log_model_gaussian_kernel=32_sigma=3.log:test PSNR: 26.811389777082496
INFO:logs/DIP_log_model_gaussian_kernel=32_sigma=3.log:train PSNR: 27.27455817608782
INFO:logs/DIP_log_model_gaussian_kernel=32_sigma=3.log:test PSNR: 26.83406765136026
INFO:logs/DIP_log_model_gaussian_kernel=32_sigma=3.log:train PSNR: 27.630196397820633
INFO:logs/DIP_log_model_gaussian_kernel=32_sigma=3.log:test PSNR: 26.8232359636146
INFO:logs/DIP_log_model_gaussian_kernel=32_sigma=3.log:train PSNR: 27.418659948743933
INFO:logs/DIP_log_model_gaussian_kernel=32_sigma=3.log:test PSNR: 26.812468517916773
INFO:logs/DIP_log_model_gaussian_kernel=32_sigma=3.log:train PSNR: 27.546159903816207
INFO:logs/DIP_log_model_gaussian_kernel=32_sigma=3.log:test PSNR: 26.836738104888536
INFO:logs/DIP_log_model_gaussian_kernel=32_sigma=3.log:train PSNR: 27.57930247893743
INFO:logs/DIP_log_model_gaussian_kernel=32_sigma=3.log:test PSNR: 26.810658294711914
INFO:logs/DIP_log_model_gaussian_kernel=32_sigma=3.log:train PSNR: 27.49934444712397
INFO:logs/DIP_log_model_gaussian_kernel=32_sigma=3.log:test PSNR: 26.818705990062
INFO:logs/DIP_log_model_gaussian_kernel=32_sigma=3.log:train PSNR: 27.4801995789832
INFO:logs/DIP_log_model_gaussian_kernel=32_sigma=3.log:test PSNR: 26.80283205052684
INFO:logs/DIP_log_model_gaussian_kernel=32_sigma=3.log:train PSNR: 27.261218408907748
INFO:logs/DIP_log_model_gaussian_kernel=32_sigma=3.log:test PSNR: 26.787958120868876
INFO:logs/DIP_log_model_gaussian_kernel=32_sigma=3.log:train PSNR: 27.36023378414169
INFO:logs/DIP_log_model_gaussian_kernel=32_sigma=3.log:test PSNR: 26.799089049652338
INFO:logs/DIP_log_model_gaussian_kernel=32_sigma=3.log:train PSNR: 27.568257251292025
INFO:logs/DIP_log_model_gaussian_kernel=32_sigma=3.log:test PSNR: 26.798865247558748
INFO:logs/DIP_log_model_gaussian_kernel=32_sigma=3.log:train PSNR: 27.341205194871375
INFO:logs/DIP_log_model_gaussian_kernel=32_sigma=3.log:test PSNR: 26.810626377491186
INFO:logs/DIP_log_model_gaussian_kernel=32_sigma=3.log:train PSNR: 27.580181759804763
INFO:logs/DIP_log_model_gaussian_kernel=32_sigma=3.log:test PSNR: 26.796517672516195
INFO:logs/DIP_log_model_gaussian_kernel=32_sigma=3.log:train PSNR: 27.30960350111898
INFO:logs/DIP_log_model_gaussian_kernel=32_sigma=3.log:test PSNR: 26.80712628231258
INFO:logs/DIP_log_model_gaussian_kernel=32_sigma=3.log:train PSNR: 27.33134238844413
INFO:logs/DIP_log_model_gaussian_kernel=32_sigma=3.log:test PSNR: 26.830829416363994
INFO:logs/DIP_log_model_gaussian_kernel=32_sigma=3.log:train PSNR: 27.049663925824706
INFO:logs/DIP_log_model_gaussian_kernel=32_sigma=3.log:test PSNR: 26.79434579207762
INFO:logs/DIP_log_model_gaussian_kernel=32_sigma=3.log:train PSNR: 27.51087294625975
INFO:logs/DIP_log_model_gaussian_kernel=32_sigma=3.log:test PSNR: 26.810809678321657
INFO:logs/DIP_log_model_gaussian_kernel=32_sigma=3.log:train PSNR: 27.370760531321217
INFO:logs/DIP_log_model_gaussian_kernel=32_sigma=3.log:test PSNR: 26.817685714597076
INFO:logs/DIP_log_model_gaussian_kernel=32_sigma=3.log:train PSNR: 27.231924607044505
INFO:logs/DIP_log_model_gaussian_kernel=32_sigma=3.log:test PSNR: 26.81196029997378
INFO:logs/DIP_log_model_gaussian_kernel=32_sigma=3.log:train PSNR: 27.51651115240541
INFO:logs/DIP_log_model_gaussian_kernel=32_sigma=3.log:test PSNR: 26.815205189035442
INFO:logs/DIP_log_model_gaussian_kernel=32_sigma=3.log:train PSNR: 27.501542137245366
INFO:logs/DIP_log_model_gaussian_kernel=32_sigma=3.log:test PSNR: 26.81935382315782
INFO:logs/DIP_log_model_gaussian_kernel=32_sigma=3.log:train PSNR: 27.571441503815098
INFO:logs/DIP_log_model_gaussian_kernel=32_sigma=3.log:test PSNR: 26.82397149171309
INFO:logs/DIP_log_model_gaussian_kernel=32_sigma=3.log:train PSNR: 27.524023116441473
INFO:logs/DIP_log_model_gaussian_kernel=32_sigma=3.log:test PSNR: 26.82105945168135
INFO:logs/DIP_log_model_gaussian_kernel=32_sigma=3.log:train PSNR: 27.68363375831131
INFO:logs/DIP_log_model_gaussian_kernel=32_sigma=3.log:test PSNR: 26.819283438103383
INFO:logs/DIP_log_model_gaussian_kernel=32_sigma=3.log:train PSNR: 27.501231442138437
INFO:logs/DIP_log_model_gaussian_kernel=32_sigma=3.log:test PSNR: 26.831978343109775
INFO:logs/DIP_log_model_gaussian_kernel=32_sigma=3.log:train PSNR: 27.48805186547934
INFO:logs/DIP_log_model_gaussian_kernel=32_sigma=3.log:test PSNR: 26.817680779109793
INFO:logs/DIP_log_model_gaussian_kernel=32_sigma=3.log:train PSNR: 27.47905965901915
INFO:logs/DIP_log_model_gaussian_kernel=32_sigma=3.log:test PSNR: 26.826160103679467
INFO:logs/DIP_log_model_gaussian_kernel=32_sigma=3.log:train PSNR: 27.39561765946273
INFO:logs/DIP_log_model_gaussian_kernel=32_sigma=3.log:test PSNR: 26.839692120630524
INFO:logs/DIP_log_model_gaussian_kernel=32_sigma=3.log:train PSNR: 27.794384181798282
INFO:logs/DIP_log_model_gaussian_kernel=32_sigma=3.log:test PSNR: 26.818888671613713
INFO:logs/DIP_log_model_gaussian_kernel=32_sigma=3.log:train PSNR: 27.344774961499812
INFO:logs/DIP_log_model_gaussian_kernel=32_sigma=3.log:test PSNR: 26.81882903539096
INFO:logs/DIP_log_model_gaussian_kernel=32_sigma=3.log:train PSNR: 27.361678958800823
INFO:logs/DIP_log_model_gaussian_kernel=32_sigma=3.log:test PSNR: 26.822335464080552
INFO:logs/DIP_log_model_gaussian_kernel=32_sigma=3.log:train PSNR: 27.682712210913138
INFO:logs/DIP_log_model_gaussian_kernel=32_sigma=3.log:test PSNR: 26.810876926109543
INFO:logs/DIP_log_model_gaussian_kernel=32_sigma=3.log:train PSNR: 27.36082882867344
INFO:logs/DIP_log_model_gaussian_kernel=32_sigma=3.log:test PSNR: 26.814702323952975
INFO:logs/DIP_log_model_gaussian_kernel=32_sigma=3.log:train PSNR: 27.40496894912052
INFO:logs/DIP_log_model_gaussian_kernel=32_sigma=3.log:test PSNR: 26.82759529474131
INFO:logs/DIP_log_model_gaussian_kernel=32_sigma=3.log:train PSNR: 27.48829371076212
INFO:logs/DIP_log_model_gaussian_kernel=32_sigma=3.log:test PSNR: 26.843282685096543
INFO:logs/DIP_log_model_gaussian_kernel=32_sigma=3.log:train PSNR: 27.3741731117579
INFO:logs/DIP_log_model_gaussian_kernel=32_sigma=3.log:test PSNR: 26.824922836099198
INFO:logs/DIP_log_model_gaussian_kernel=32_sigma=3.log:train PSNR: 27.643489664251497
INFO:logs/DIP_log_model_gaussian_kernel=32_sigma=3.log:test PSNR: 26.80424036177238
INFO:logs/DIP_log_model_gaussian_kernel=32_sigma=3.log:train PSNR: 27.136234988769523
INFO:logs/DIP_log_model_gaussian_kernel=32_sigma=3.log:test PSNR: 26.810381045976026
INFO:logs/DIP_log_model_gaussian_kernel=32_sigma=3.log:train PSNR: 27.544609297086133
INFO:logs/DIP_log_model_gaussian_kernel=32_sigma=3.log:test PSNR: 26.824607046764065
INFO:logs/DIP_log_model_gaussian_kernel=32_sigma=3.log:train PSNR: 27.386809563671484
INFO:logs/DIP_log_model_gaussian_kernel=32_sigma=3.log:test PSNR: 26.822585833256873
INFO:logs/DIP_log_model_gaussian_kernel=32_sigma=3.log:train PSNR: 27.586287650842646
INFO:logs/DIP_log_model_gaussian_kernel=32_sigma=3.log:test PSNR: 26.81084321429946
INFO:logs/DIP_log_model_gaussian_kernel=32_sigma=3.log:train PSNR: 27.436304134802597
INFO:logs/DIP_log_model_gaussian_kernel=32_sigma=3.log:test PSNR: 26.83185535628289
INFO:logs/DIP_log_model_gaussian_kernel=32_sigma=3.log:train PSNR: 27.459187190440016
INFO:logs/DIP_log_model_gaussian_kernel=32_sigma=3.log:test PSNR: 26.809533865764593
INFO:logs/DIP_log_model_gaussian_kernel=32_sigma=3.log:train PSNR: 27.477724084939947
INFO:logs/DIP_log_model_gaussian_kernel=32_sigma=3.log:test PSNR: 26.821058279096277
INFO:logs/DIP_log_model_gaussian_kernel=32_sigma=3.log:train PSNR: 27.551222676339826
INFO:logs/DIP_log_model_gaussian_kernel=32_sigma=3.log:test PSNR: 26.811502655652205
INFO:logs/DIP_log_model_gaussian_kernel=32_sigma=3.log:train PSNR: 27.47391542037436
INFO:logs/DIP_log_model_gaussian_kernel=32_sigma=3.log:test PSNR: 26.821114012383326
INFO:logs/DIP_log_model_gaussian_kernel=32_sigma=3.log:train PSNR: 27.622770327064558
INFO:logs/DIP_log_model_gaussian_kernel=32_sigma=3.log:test PSNR: 26.82130381756112
INFO:logs/DIP_log_model_gaussian_kernel=32_sigma=3.log:train PSNR: 27.519967017962042
INFO:logs/DIP_log_model_gaussian_kernel=32_sigma=3.log:test PSNR: 26.82475717338291
INFO:logs/DIP_log_model_gaussian_kernel=32_sigma=3.log:train PSNR: 27.43053051594156
INFO:logs/DIP_log_model_gaussian_kernel=32_sigma=3.log:test PSNR: 26.826730748776644
INFO:logs/DIP_log_model_gaussian_kernel=32_sigma=3.log:train PSNR: 27.6013344745462
INFO:logs/DIP_log_model_gaussian_kernel=32_sigma=3.log:test PSNR: 26.824508947015552
INFO:logs/DIP_log_model_gaussian_kernel=32_sigma=3.log:train PSNR: 27.464563057396393
INFO:logs/DIP_log_model_gaussian_kernel=32_sigma=3.log:test PSNR: 26.82347893189322
INFO:logs/DIP_log_model_gaussian_kernel=32_sigma=3.log:train PSNR: 27.324763070609766
INFO:logs/DIP_log_model_gaussian_kernel=32_sigma=3.log:test PSNR: 26.823045380224688
INFO:logs/DIP_log_model_gaussian_kernel=32_sigma=3.log:train PSNR: 27.47505542306631
INFO:logs/DIP_log_model_gaussian_kernel=32_sigma=3.log:test PSNR: 26.823433295452553
INFO:logs/DIP_log_model_gaussian_kernel=32_sigma=3.log:train PSNR: 27.344128906979506
INFO:logs/DIP_log_model_gaussian_kernel=32_sigma=3.log:test PSNR: 26.82452787924441
INFO:logs/DIP_log_model_gaussian_kernel=32_sigma=3.log:train PSNR: 27.743806808803367
INFO:logs/DIP_log_model_gaussian_kernel=32_sigma=3.log:test PSNR: 26.8160188643754
INFO:logs/DIP_log_model_gaussian_kernel=32_sigma=3.log:train PSNR: 27.125514066194953
INFO:logs/DIP_log_model_gaussian_kernel=32_sigma=3.log:test PSNR: 26.81672563119677
INFO:logs/DIP_log_model_gaussian_kernel=32_sigma=3.log:train PSNR: 27.434003989941967
INFO:logs/DIP_log_model_gaussian_kernel=32_sigma=3.log:test PSNR: 26.819096316193637
INFO:logs/DIP_log_model_gaussian_kernel=32_sigma=3.log:train PSNR: 27.21846897754102
INFO:logs/DIP_log_model_gaussian_kernel=32_sigma=3.log:test PSNR: 26.828549419889757
INFO:logs/DIP_log_model_gaussian_kernel=32_sigma=3.log:train PSNR: 27.31619204289405
INFO:logs/DIP_log_model_gaussian_kernel=32_sigma=3.log:test PSNR: 26.83203690128779
INFO:logs/DIP_log_model_gaussian_kernel=32_sigma=3.log:train PSNR: 27.21690106422613
INFO:logs/DIP_log_model_gaussian_kernel=32_sigma=3.log:test PSNR: 26.82647426492548
INFO:logs/DIP_log_model_gaussian_kernel=32_sigma=3.log:train PSNR: 27.62959089641251
INFO:logs/DIP_log_model_gaussian_kernel=32_sigma=3.log:test PSNR: 26.834313467370414
INFO:logs/DIP_log_model_gaussian_kernel=32_sigma=3.log:train PSNR: 27.43857173630401
INFO:logs/DIP_log_model_gaussian_kernel=32_sigma=3.log:test PSNR: 26.819733478626013
INFO:logs/DIP_log_model_gaussian_kernel=32_sigma=3.log:train PSNR: 27.31639925111451
INFO:logs/DIP_log_model_gaussian_kernel=32_sigma=3.log:test PSNR: 26.821022787188113
INFO:logs/DIP_log_model_gaussian_kernel=32_sigma=3.log:train PSNR: 27.34263300010503
INFO:logs/DIP_log_model_gaussian_kernel=32_sigma=3.log:test PSNR: 26.8277476023339
INFO:logs/DIP_log_model_gaussian_kernel=32_sigma=3.log:train PSNR: 27.450052280328173
INFO:logs/DIP_log_model_gaussian_kernel=32_sigma=3.log:test PSNR: 26.825149687682394
INFO:logs/DIP_log_model_gaussian_kernel=32_sigma=3.log:train PSNR: 27.547842230152572
INFO:logs/DIP_log_model_gaussian_kernel=32_sigma=3.log:test PSNR: 26.818954839721297
INFO:logs/DIP_log_model_gaussian_kernel=32_sigma=3.log:train PSNR: 27.191439183798742
INFO:logs/DIP_log_model_gaussian_kernel=32_sigma=3.log:test PSNR: 26.82246461222579
INFO:logs/DIP_log_model_gaussian_kernel=32_sigma=3.log:train PSNR: 27.278890224326148
INFO:logs/DIP_log_model_gaussian_kernel=32_sigma=3.log:test PSNR: 26.82472417987762
INFO:logs/DIP_log_model_gaussian_kernel=32_sigma=3.log:train PSNR: 27.503935773533755
INFO:logs/DIP_log_model_gaussian_kernel=32_sigma=3.log:test PSNR: 26.819362449118373
INFO:logs/DIP_log_model_gaussian_kernel=32_sigma=3.log:train PSNR: 27.443419154671602
INFO:logs/DIP_log_model_gaussian_kernel=32_sigma=3.log:test PSNR: 26.82269885789993
INFO:logs/DIP_log_model_gaussian_kernel=32_sigma=3.log:train PSNR: 27.64016872651243
INFO:logs/DIP_log_model_gaussian_kernel=32_sigma=3.log:test PSNR: 26.825000294160137
INFO:logs/DIP_log_model_gaussian_kernel=32_sigma=3.log:train PSNR: 27.657070656732287
INFO:logs/DIP_log_model_gaussian_kernel=32_sigma=3.log:test PSNR: 26.82413248359363
INFO:logs/DIP_log_model_gaussian_kernel=32_sigma=3.log:train PSNR: 27.300350612177148
INFO:logs/DIP_log_model_gaussian_kernel=32_sigma=3.log:test PSNR: 26.81976411369812
INFO:logs/DIP_log_model_gaussian_kernel=32_sigma=3.log:train PSNR: 27.398186515657006
INFO:logs/DIP_log_model_gaussian_kernel=32_sigma=3.log:test PSNR: 26.826087529906147
INFO:logs/DIP_log_model_gaussian_kernel=32_sigma=3.log:train PSNR: 27.668792219266745
INFO:logs/DIP_log_model_gaussian_kernel=32_sigma=3.log:test PSNR: 26.820244847808468
INFO:logs/DIP_log_model_gaussian_kernel=32_sigma=3.log:train PSNR: 27.533243364058766
INFO:logs/DIP_log_model_gaussian_kernel=32_sigma=3.log:test PSNR: 26.821134432672018
INFO:logs/DIP_log_model_gaussian_kernel=32_sigma=3.log:train PSNR: 27.26393479126205
INFO:logs/DIP_log_model_gaussian_kernel=32_sigma=3.log:test PSNR: 26.820617464654184
INFO:logs/DIP_log_model_gaussian_kernel=32_sigma=3.log:train PSNR: 27.261710005323163
INFO:logs/DIP_log_model_gaussian_kernel=32_sigma=3.log:test PSNR: 26.82273037820931
INFO:logs/DIP_log_model_gaussian_kernel=32_sigma=3.log:train PSNR: 27.39729260291458
INFO:logs/DIP_log_model_gaussian_kernel=32_sigma=3.log:test PSNR: 26.827426554945394
INFO:logs/DIP_log_model_gaussian_kernel=32_sigma=3.log:train PSNR: 27.64936173976992
INFO:logs/DIP_log_model_gaussian_kernel=32_sigma=3.log:test PSNR: 26.824505116762218
INFO:logs/DIP_log_model_gaussian_kernel=32_sigma=3.log:train PSNR: 27.417872033236154
INFO:logs/DIP_log_model_gaussian_kernel=32_sigma=3.log:test PSNR: 26.82145045080457
INFO:logs/DIP_log_model_gaussian_kernel=32_sigma=3.log:train PSNR: 27.585564451821785
INFO:logs/DIP_log_model_gaussian_kernel=32_sigma=3.log:test PSNR: 26.819748604378777
INFO:logs/DIP_log_model_gaussian_kernel=32_sigma=3.log:train PSNR: 27.57756427008537
INFO:logs/DIP_log_model_gaussian_kernel=32_sigma=3.log:test PSNR: 26.81986324958637
INFO:logs/DIP_log_model_gaussian_kernel=32_sigma=3.log:train PSNR: 27.5554995380332
INFO:logs/DIP_log_model_gaussian_kernel=32_sigma=3.log:test PSNR: 26.820652571826358
INFO:logs/DIP_log_model_gaussian_kernel=32_sigma=3.log:train PSNR: 27.502068861169356
INFO:logs/DIP_log_model_gaussian_kernel=32_sigma=3.log:test PSNR: 26.82600283731043
INFO:logs/DIP_log_model_gaussian_kernel=32_sigma=3.log:train PSNR: 27.671395671734732
INFO:logs/DIP_log_model_gaussian_kernel=32_sigma=3.log:test PSNR: 26.822207964274487
INFO:logs/DIP_log_model_gaussian_kernel=32_sigma=3.log:train PSNR: 27.607050524693005
INFO:logs/DIP_log_model_gaussian_kernel=32_sigma=3.log:test PSNR: 26.82054199903024
INFO:logs/DIP_log_model_gaussian_kernel=32_sigma=3.log:train PSNR: 27.835634442836948
INFO:logs/DIP_log_model_gaussian_kernel=32_sigma=3.log:test PSNR: 26.819356476737457
INFO:logs/DIP_log_model_gaussian_kernel=32_sigma=3.log:train PSNR: 27.5522479480913
INFO:logs/DIP_log_model_gaussian_kernel=32_sigma=3.log:test PSNR: 26.828650180791293
INFO:logs/DIP_log_model_gaussian_kernel=32_sigma=3.log:train PSNR: 27.57169506876157
INFO:logs/DIP_log_model_gaussian_kernel=32_sigma=3.log:test PSNR: 26.826713934232355
INFO:logs/DIP_log_model_gaussian_kernel=32_sigma=3.log:train PSNR: 27.602505598827968
INFO:logs/DIP_log_model_gaussian_kernel=32_sigma=3.log:test PSNR: 26.82311239633877
INFO:logs/DIP_log_model_gaussian_kernel=32_sigma=3.log:train PSNR: 27.484081326047303
INFO:logs/DIP_log_model_gaussian_kernel=32_sigma=3.log:test PSNR: 26.820995576497037
INFO:logs/DIP_log_model_gaussian_kernel=32_sigma=3.log:train PSNR: 27.239349381876124
INFO:logs/DIP_log_model_gaussian_kernel=32_sigma=3.log:test PSNR: 26.825955891382478
INFO:logs/DIP_log_model_gaussian_kernel=32_sigma=3.log:train PSNR: 27.480974389054026
INFO:logs/DIP_log_model_gaussian_kernel=32_sigma=3.log:test PSNR: 26.827746988717323
INFO:logs/DIP_log_model_gaussian_kernel=32_sigma=3.log:train PSNR: 27.380843249267873
INFO:logs/DIP_log_model_gaussian_kernel=32_sigma=3.log:test PSNR: 26.82705622575766
INFO:logs/DIP_log_model_gaussian_kernel=32_sigma=3.log:train PSNR: 27.395207139514824
INFO:logs/DIP_log_model_gaussian_kernel=32_sigma=3.log:test PSNR: 26.829125251048747
INFO:logs/DIP_log_model_gaussian_kernel=32_sigma=3.log:train PSNR: 27.552129663668314
INFO:logs/DIP_log_model_gaussian_kernel=32_sigma=3.log:test PSNR: 26.830484458947993
INFO:logs/DIP_log_model_gaussian_kernel=32_sigma=3.log:train PSNR: 27.45157753886608
INFO:logs/DIP_log_model_gaussian_kernel=32_sigma=3.log:test PSNR: 26.827769209501433
INFO:logs/DIP_log_model_gaussian_kernel=32_sigma=3.log:train PSNR: 27.61007482547786
INFO:logs/DIP_log_model_gaussian_kernel=32_sigma=3.log:test PSNR: 26.827139085313664
INFO:logs/DIP_log_model_gaussian_kernel=32_sigma=3.log:train PSNR: 27.597789997063014
INFO:logs/DIP_log_model_gaussian_kernel=32_sigma=3.log:test PSNR: 26.826163010737393
INFO:logs/DIP_log_model_gaussian_kernel=32_sigma=3.log:train PSNR: 27.577504924213336
INFO:logs/DIP_log_model_gaussian_kernel=32_sigma=3.log:test PSNR: 26.825338895747596
INFO:logs/DIP_log_model_gaussian_kernel=32_sigma=3.log:train PSNR: 27.445177172122797
INFO:logs/DIP_log_model_gaussian_kernel=32_sigma=3.log:test PSNR: 26.82557248796035
INFO:logs/DIP_log_model_gaussian_kernel=32_sigma=3.log:train PSNR: 27.41633914326046
INFO:logs/DIP_log_model_gaussian_kernel=32_sigma=3.log:test PSNR: 26.827445587730676
INFO:logs/DIP_log_model_gaussian_kernel=32_sigma=3.log:train PSNR: 27.720332151871602
INFO:logs/DIP_log_model_gaussian_kernel=32_sigma=3.log:test PSNR: 26.826476796697463
INFO:logs/DIP_log_model_gaussian_kernel=32_sigma=3.log:train PSNR: 27.56045420311389
INFO:logs/DIP_log_model_gaussian_kernel=32_sigma=3.log:test PSNR: 26.825812128986037
INFO:logs/DIP_log_model_gaussian_kernel=32_sigma=3.log:train PSNR: 27.436216580622705
INFO:logs/DIP_log_model_gaussian_kernel=32_sigma=3.log:test PSNR: 26.828443821612264
INFO:logs/DIP_log_model_gaussian_kernel=32_sigma=3.log:train PSNR: 27.38404064187328
INFO:logs/DIP_log_model_gaussian_kernel=32_sigma=3.log:test PSNR: 26.82584855856228
INFO:logs/DIP_log_model_gaussian_kernel=32_sigma=3.log:train PSNR: 27.65091210813302
INFO:logs/DIP_log_model_gaussian_kernel=32_sigma=3.log:test PSNR: 26.825176506738586
INFO:logs/DIP_log_model_gaussian_kernel=32_sigma=3.log:train PSNR: 27.63986480027225
INFO:logs/DIP_log_model_gaussian_kernel=32_sigma=3.log:test PSNR: 26.823807017984052
INFO:logs/DIP_log_model_gaussian_kernel=32_sigma=3.log:train PSNR: 27.454272987373663
INFO:logs/DIP_log_model_gaussian_kernel=32_sigma=3.log:test PSNR: 26.82606488678809
INFO:logs/DIP_log_model_gaussian_kernel=32_sigma=3.log:train PSNR: 27.397144738624224
INFO:logs/DIP_log_model_gaussian_kernel=32_sigma=3.log:test PSNR: 26.82556333687217
INFO:logs/DIP_log_model_gaussian_kernel=32_sigma=3.log:train PSNR: 27.460486864584283
INFO:logs/DIP_log_model_gaussian_kernel=32_sigma=3.log:test PSNR: 26.823325887646007
INFO:logs/DIP_log_model_gaussian_kernel=32_sigma=3.log:train PSNR: 27.721737616127562
INFO:logs/DIP_log_model_gaussian_kernel=32_sigma=3.log:test PSNR: 26.82370602219606
INFO:logs/DIP_log_model_gaussian_kernel=32_sigma=3.log:train PSNR: 27.292726954548634
INFO:logs/DIP_log_model_gaussian_kernel=32_sigma=3.log:test PSNR: 26.825882544505756
INFO:logs/DIP_log_model_gaussian_kernel=32_sigma=3.log:train PSNR: 27.37479897490778
INFO:logs/DIP_log_model_gaussian_kernel=32_sigma=3.log:test PSNR: 26.825085598816173
INFO:logs/DIP_log_model_gaussian_kernel=32_sigma=3.log:train PSNR: 27.608824069176386
INFO:logs/DIP_log_model_gaussian_kernel=32_sigma=3.log:test PSNR: 26.824214971238227
INFO:logs/DIP_log_model_gaussian_kernel=32_sigma=3.log:train PSNR: 27.289038448993832
INFO:logs/DIP_log_model_gaussian_kernel=32_sigma=3.log:test PSNR: 26.823994733210636
INFO:logs/DIP_log_model_gaussian_kernel=32_sigma=3.log:train PSNR: 27.61820432560141
INFO:logs/DIP_log_model_gaussian_kernel=32_sigma=3.log:test PSNR: 26.82494985509427
INFO:logs/DIP_log_model_gaussian_kernel=32_sigma=3.log:train PSNR: 27.522812327884854
INFO:logs/DIP_log_model_gaussian_kernel=32_sigma=3.log:test PSNR: 26.827825165274565
INFO:logs/DIP_log_model_gaussian_kernel=32_sigma=3.log:train PSNR: 27.345228183123975
INFO:logs/DIP_log_model_gaussian_kernel=32_sigma=3.log:test PSNR: 26.826727823206515
INFO:logs/DIP_log_model_gaussian_kernel=32_sigma=3.log:train PSNR: 27.622575006962396
INFO:logs/DIP_log_model_gaussian_kernel=32_sigma=3.log:test PSNR: 26.826898506307003
INFO:logs/DIP_log_model_gaussian_kernel=32_sigma=3.log:train PSNR: 27.51497814414556
INFO:logs/DIP_log_model_gaussian_kernel=32_sigma=3.log:test PSNR: 26.82701846198098
INFO:logs/DIP_log_model_gaussian_kernel=32_sigma=3.log:train PSNR: 27.273297898876596
INFO:logs/DIP_log_model_gaussian_kernel=32_sigma=3.log:test PSNR: 26.827387641546906
INFO:logs/DIP_log_model_gaussian_kernel=32_sigma=3.log:train PSNR: 27.544639139001625
INFO:logs/DIP_log_model_gaussian_kernel=32_sigma=3.log:test PSNR: 26.826336673360487
INFO:logs/DIP_log_model_gaussian_kernel=32_sigma=3.log:train PSNR: 27.409812888988714
INFO:logs/DIP_log_model_gaussian_kernel=32_sigma=3.log:test PSNR: 26.825885810399278
INFO:logs/DIP_log_model_gaussian_kernel=32_sigma=3.log:train PSNR: 27.343940798955153
INFO:logs/DIP_log_model_gaussian_kernel=32_sigma=3.log:test PSNR: 26.824941469988318
INFO:logs/DIP_log_model_gaussian_kernel=32_sigma=3.log:train PSNR: 27.52043222534274
INFO:logs/DIP_log_model_gaussian_kernel=32_sigma=3.log:test PSNR: 26.824907942249517
INFO:logs/DIP_log_model_gaussian_kernel=32_sigma=3.log:train PSNR: 27.338483971360407
INFO:logs/DIP_log_model_gaussian_kernel=32_sigma=3.log:test PSNR: 26.825257121238053
INFO:logs/DIP_log_model_gaussian_kernel=32_sigma=3.log:train PSNR: 27.901831629321595
INFO:logs/DIP_log_model_gaussian_kernel=32_sigma=3.log:test PSNR: 26.825171523953884
INFO:logs/DIP_log_model_gaussian_kernel=32_sigma=3.log:train PSNR: 27.50462028888472
INFO:logs/DIP_log_model_gaussian_kernel=32_sigma=3.log:test PSNR: 26.825494176430777
INFO:logs/DIP_log_model_gaussian_kernel=32_sigma=3.log:train PSNR: 27.62243093796292
INFO:logs/DIP_log_model_gaussian_kernel=32_sigma=3.log:test PSNR: 26.825727680611486
INFO:logs/DIP_log_model_gaussian_kernel=32_sigma=3.log:train PSNR: 27.785227100107697
INFO:logs/DIP_log_model_gaussian_kernel=32_sigma=3.log:test PSNR: 26.826195745623654
INFO:logs/DIP_log_model_gaussian_kernel=32_sigma=3.log:train PSNR: 27.552944550206632
INFO:logs/DIP_log_model_gaussian_kernel=32_sigma=3.log:test PSNR: 26.825563186434547
INFO:logs/DIP_log_model_gaussian_kernel=32_sigma=3.log:train PSNR: 27.479321575166367
INFO:logs/DIP_log_model_gaussian_kernel=32_sigma=3.log:test PSNR: 26.82453636305582
INFO:logs/DIP_log_model_gaussian_kernel=32_sigma=3.log:train PSNR: 27.4255038870125
INFO:logs/DIP_log_model_gaussian_kernel=32_sigma=3.log:test PSNR: 26.82456351592208
INFO:logs/DIP_log_model_gaussian_kernel=32_sigma=3.log:train PSNR: 27.286507803725193
INFO:logs/DIP_log_model_gaussian_kernel=32_sigma=3.log:test PSNR: 26.825515831593865
INFO:logs/DIP_log_model_gaussian_kernel=32_sigma=3.log:train PSNR: 27.386180986289485
INFO:logs/DIP_log_model_gaussian_kernel=32_sigma=3.log:test PSNR: 26.82517450869158
INFO:logs/DIP_log_model_gaussian_kernel=32_sigma=3.log:train PSNR: 27.39043044410065
INFO:logs/DIP_log_model_gaussian_kernel=32_sigma=3.log:test PSNR: 26.82524483496069
INFO:logs/DIP_log_model_gaussian_kernel=32_sigma=3.log:train PSNR: 27.223069152792363
INFO:logs/DIP_log_model_gaussian_kernel=32_sigma=3.log:test PSNR: 26.82589590798465
INFO:logs/DIP_log_model_gaussian_kernel=32_sigma=3.log:train PSNR: 27.538798453247942
INFO:logs/DIP_log_model_gaussian_kernel=32_sigma=3.log:test PSNR: 26.825923333018945
INFO:logs/DIP_log_model_gaussian_kernel=32_sigma=3.log:train PSNR: 27.32605968473143
INFO:logs/DIP_log_model_gaussian_kernel=32_sigma=3.log:test PSNR: 26.82684487900508
INFO:logs/DIP_log_model_gaussian_kernel=32_sigma=3.log:train PSNR: 27.49902293262993
INFO:logs/DIP_log_model_gaussian_kernel=32_sigma=3.log:test PSNR: 26.82733318338029
INFO:logs/DIP_log_model_gaussian_kernel=32_sigma=3.log:train PSNR: 27.558296732450184
INFO:logs/DIP_log_model_gaussian_kernel=32_sigma=3.log:test PSNR: 26.826912451378604
INFO:logs/DIP_log_model_gaussian_kernel=32_sigma=3.log:train PSNR: 27.444863014298516
INFO:logs/DIP_log_model_gaussian_kernel=32_sigma=3.log:test PSNR: 26.825943153174837
INFO:logs/DIP_log_model_gaussian_kernel=32_sigma=3.log:train PSNR: 27.900381517020246
INFO:logs/DIP_log_model_gaussian_kernel=32_sigma=3.log:test PSNR: 26.826045174293075
INFO:logs/DIP_log_model_gaussian_kernel=32_sigma=3.log:train PSNR: 27.58812791585802
INFO:logs/DIP_log_model_gaussian_kernel=32_sigma=3.log:test PSNR: 26.825810363674826
INFO:logs/DIP_log_model_gaussian_kernel=32_sigma=3.log:train PSNR: 27.488103887013718
INFO:logs/DIP_log_model_gaussian_kernel=32_sigma=3.log:test PSNR: 26.82591812515849
INFO:logs/DIP_log_model_gaussian_kernel=32_sigma=3.log:train PSNR: 27.809174085795622
INFO:logs/DIP_log_model_gaussian_kernel=32_sigma=3.log:test PSNR: 26.825775123883783
INFO:logs/DIP_log_model_gaussian_kernel=32_sigma=3.log:train PSNR: 27.14132910143344
INFO:logs/DIP_log_model_gaussian_kernel=32_sigma=3.log:test PSNR: 26.825661164193107
INFO:logs/DIP_log_model_gaussian_kernel=32_sigma=3.log:train PSNR: 27.753875800193068
INFO:logs/DIP_log_model_gaussian_kernel=32_sigma=3.log:test PSNR: 26.825747826162203
INFO:logs/DIP_log_model_gaussian_kernel=32_sigma=3.log:train PSNR: 27.46705835660295
INFO:logs/DIP_log_model_gaussian_kernel=32_sigma=3.log:test PSNR: 26.82569129618015
INFO:logs/DIP_log_model_gaussian_kernel=32_sigma=3.log:train PSNR: 27.726383878675875
INFO:logs/DIP_log_model_gaussian_kernel=32_sigma=3.log:test PSNR: 26.825240776354505
INFO:logs/DIP_log_model_gaussian_kernel=32_sigma=3.log:train PSNR: 27.44877586972027
INFO:logs/DIP_log_model_gaussian_kernel=32_sigma=3.log:test PSNR: 26.825628874132732
INFO:logs/DIP_log_model_gaussian_kernel=32_sigma=3.log:train PSNR: 27.376049268863323
INFO:logs/DIP_log_model_gaussian_kernel=32_sigma=3.log:test PSNR: 26.82527957959556
INFO:logs/DIP_log_model_gaussian_kernel=32_sigma=3.log:train PSNR: 27.453124939783876
INFO:logs/DIP_log_model_gaussian_kernel=32_sigma=3.log:test PSNR: 26.825373411012325
INFO:logs/DIP_log_model_gaussian_kernel=32_sigma=3.log:train PSNR: 27.597244529854056
INFO:logs/DIP_log_model_gaussian_kernel=32_sigma=3.log:test PSNR: 26.82587648298155
INFO:logs/DIP_log_model_gaussian_kernel=32_sigma=3.log:train PSNR: 27.386609389937338
INFO:logs/DIP_log_model_gaussian_kernel=32_sigma=3.log:test PSNR: 26.825856761129337
INFO:logs/DIP_log_model_gaussian_kernel=32_sigma=3.log:train PSNR: 27.434307934587917
INFO:logs/DIP_log_model_gaussian_kernel=32_sigma=3.log:test PSNR: 26.825738826740302
INFO:logs/DIP_log_model_gaussian_kernel=32_sigma=3.log:train PSNR: 27.696506653237357
INFO:logs/DIP_log_model_gaussian_kernel=32_sigma=3.log:test PSNR: 26.825534423378894
INFO:logs/DIP_log_model_gaussian_kernel=32_sigma=3.log:train PSNR: 27.777778220546427
INFO:logs/DIP_log_model_gaussian_kernel=32_sigma=3.log:test PSNR: 26.825682958331313
INFO:logs/DIP_log_model_gaussian_kernel=32_sigma=3.log:train PSNR: 27.32016581623251
INFO:logs/DIP_log_model_gaussian_kernel=32_sigma=3.log:test PSNR: 26.82573944401232
INFO:logs/DIP_log_model_gaussian_kernel=32_sigma=3.log:train PSNR: 27.259599163860866
INFO:logs/DIP_log_model_gaussian_kernel=32_sigma=3.log:test PSNR: 26.82558723627352
INFO:logs/DIP_log_model_gaussian_kernel=32_sigma=3.log:train PSNR: 27.313929900308075
INFO:logs/DIP_log_model_gaussian_kernel=32_sigma=3.log:test PSNR: 26.825645814101943
INFO:logs/DIP_log_model_gaussian_kernel=32_sigma=3.log:train PSNR: 27.520551706330373
INFO:logs/DIP_log_model_gaussian_kernel=32_sigma=3.log:test PSNR: 26.825858316814617
INFO:logs/DIP_log_model_gaussian_kernel=32_sigma=3.log:train PSNR: 27.444237381997514
INFO:logs/DIP_log_model_gaussian_kernel=32_sigma=3.log:test PSNR: 26.825801137476454
INFO:logs/DIP_log_model_gaussian_kernel=32_sigma=3.log:train PSNR: 27.760666473850772
INFO:logs/DIP_log_model_gaussian_kernel=32_sigma=3.log:test PSNR: 26.82567593037047
INFO:logs/DIP_log_model_gaussian_kernel=32_sigma=3.log:train PSNR: 27.479608851576728
INFO:logs/DIP_log_model_gaussian_kernel=32_sigma=3.log:test PSNR: 26.825160613503897
INFO:logs/DIP_log_model_gaussian_kernel=32_sigma=3.log:train PSNR: 27.713755341284664
INFO:logs/DIP_log_model_gaussian_kernel=32_sigma=3.log:test PSNR: 26.825296197100258
INFO:logs/DIP_log_model_gaussian_kernel=32_sigma=3.log:train PSNR: 27.609637720569786
INFO:logs/DIP_log_model_gaussian_kernel=32_sigma=3.log:test PSNR: 26.8258372510431
INFO:logs/DIP_log_model_gaussian_kernel=32_sigma=3.log:train PSNR: 27.3705616560219
INFO:logs/DIP_log_model_gaussian_kernel=32_sigma=3.log:test PSNR: 26.82577154129418
