INFO:logs/DIP_log_model_gaussian_kernel=16_sigma=4.log_model:first model = 
ConvLista_T(
  (apply_A): ConvTranspose2d(175, 1, kernel_size=(11, 11), stride=(8, 8), bias=False)
  (apply_B): Conv2d(1, 175, kernel_size=(11, 11), stride=(8, 8), bias=False)
  (apply_C): Sequential(
    (0): ConvTranspose2d(175, 1, kernel_size=(11, 11), stride=(8, 8))
  )
  (soft_threshold): SoftThreshold()
)

INFO:logs/DIP_log_model_gaussian_kernel=16_sigma=4.log_model:config_dict = {'uuid': 'DIP_project_gaussian_kernel=16_sigma=4', 'kernel_size': 11, 'stride': 8, 'num_filters': 175, 'lr': 0.0002, 'unfoldings': 12, 'lr_decay': 0.35, 'patch_size': 128, 'num_epochs': 250, 'lr_step': 50, 'eps': 0.001, 'threshold': 0.01, 'noise_std': 0.09803921568627451, 'gaussian_size': 16, 'gaussian_sigma': 4}

INFO:logs/DIP_log_model_gaussian_kernel=16_sigma=4.log:Training model...
INFO:logs/DIP_log_model_gaussian_kernel=16_sigma=4.log:train PSNR: 22.158994549734057
INFO:logs/DIP_log_model_gaussian_kernel=16_sigma=4.log:test PSNR: 22.88944888203031
INFO:logs/DIP_log_model_gaussian_kernel=16_sigma=4.log:train PSNR: 22.748577717381817
INFO:logs/DIP_log_model_gaussian_kernel=16_sigma=4.log:test PSNR: 23.315311280052562
INFO:logs/DIP_log_model_gaussian_kernel=16_sigma=4.log:train PSNR: 23.18172536805179
INFO:logs/DIP_log_model_gaussian_kernel=16_sigma=4.log:test PSNR: 23.70910766914128
INFO:logs/DIP_log_model_gaussian_kernel=16_sigma=4.log:train PSNR: 23.754776830450094
INFO:logs/DIP_log_model_gaussian_kernel=16_sigma=4.log:test PSNR: 24.010078107834985
INFO:logs/DIP_log_model_gaussian_kernel=16_sigma=4.log:train PSNR: 23.910854620461357
INFO:logs/DIP_log_model_gaussian_kernel=16_sigma=4.log:test PSNR: 24.10186620744141
INFO:logs/DIP_log_model_gaussian_kernel=16_sigma=4.log:train PSNR: 24.08714041175043
INFO:logs/DIP_log_model_gaussian_kernel=16_sigma=4.log:test PSNR: 24.21186832736098
INFO:logs/DIP_log_model_gaussian_kernel=16_sigma=4.log:train PSNR: 24.169767512332704
INFO:logs/DIP_log_model_gaussian_kernel=16_sigma=4.log:test PSNR: 24.270814703307607
INFO:logs/DIP_log_model_gaussian_kernel=16_sigma=4.log:train PSNR: 24.630327632765056
INFO:logs/DIP_log_model_gaussian_kernel=16_sigma=4.log:test PSNR: 24.45021724214222
INFO:logs/DIP_log_model_gaussian_kernel=16_sigma=4.log:train PSNR: 24.41539870526025
INFO:logs/DIP_log_model_gaussian_kernel=16_sigma=4.log:test PSNR: 24.568077017754625
INFO:logs/DIP_log_model_gaussian_kernel=16_sigma=4.log:train PSNR: 24.18898855911123
INFO:logs/DIP_log_model_gaussian_kernel=16_sigma=4.log:test PSNR: 24.6567120808251
INFO:logs/DIP_log_model_gaussian_kernel=16_sigma=4.log:train PSNR: 24.634236452124508
INFO:logs/DIP_log_model_gaussian_kernel=16_sigma=4.log:test PSNR: 24.787270154324194
INFO:logs/DIP_log_model_gaussian_kernel=16_sigma=4.log:train PSNR: 24.71985914700215
INFO:logs/DIP_log_model_gaussian_kernel=16_sigma=4.log:test PSNR: 24.89424044605743
INFO:logs/DIP_log_model_gaussian_kernel=16_sigma=4.log:train PSNR: 24.784388961197944
INFO:logs/DIP_log_model_gaussian_kernel=16_sigma=4.log:test PSNR: 25.00521431979705
INFO:logs/DIP_log_model_gaussian_kernel=16_sigma=4.log:train PSNR: 25.115168341103196
INFO:logs/DIP_log_model_gaussian_kernel=16_sigma=4.log:test PSNR: 25.107600778979915
INFO:logs/DIP_log_model_gaussian_kernel=16_sigma=4.log:train PSNR: 25.00152278098587
INFO:logs/DIP_log_model_gaussian_kernel=16_sigma=4.log:test PSNR: 25.251205792424237
INFO:logs/DIP_log_model_gaussian_kernel=16_sigma=4.log:train PSNR: 24.94908989407483
INFO:logs/DIP_log_model_gaussian_kernel=16_sigma=4.log:test PSNR: 25.315037582238453
INFO:logs/DIP_log_model_gaussian_kernel=16_sigma=4.log:train PSNR: 25.02420206691492
INFO:logs/DIP_log_model_gaussian_kernel=16_sigma=4.log:test PSNR: 25.35577565979852
INFO:logs/DIP_log_model_gaussian_kernel=16_sigma=4.log:train PSNR: 25.11598992980643
INFO:logs/DIP_log_model_gaussian_kernel=16_sigma=4.log:test PSNR: 25.449912738466796
INFO:logs/DIP_log_model_gaussian_kernel=16_sigma=4.log:train PSNR: 25.098499921179823
INFO:logs/DIP_log_model_gaussian_kernel=16_sigma=4.log:test PSNR: 25.42864879123053
INFO:logs/DIP_log_model_gaussian_kernel=16_sigma=4.log:train PSNR: 25.18941982735754
INFO:logs/DIP_log_model_gaussian_kernel=16_sigma=4.log:test PSNR: 25.621383747043087
INFO:logs/DIP_log_model_gaussian_kernel=16_sigma=4.log:train PSNR: 25.636954335453964
INFO:logs/DIP_log_model_gaussian_kernel=16_sigma=4.log:test PSNR: 25.6887823323935
INFO:logs/DIP_log_model_gaussian_kernel=16_sigma=4.log:train PSNR: 25.151882334079833
INFO:logs/DIP_log_model_gaussian_kernel=16_sigma=4.log:test PSNR: 25.677287439834906
INFO:logs/DIP_log_model_gaussian_kernel=16_sigma=4.log:train PSNR: 25.692634005250678
INFO:logs/DIP_log_model_gaussian_kernel=16_sigma=4.log:test PSNR: 25.917490698994442
INFO:logs/DIP_log_model_gaussian_kernel=16_sigma=4.log:train PSNR: 25.754466677603787
INFO:logs/DIP_log_model_gaussian_kernel=16_sigma=4.log:test PSNR: 25.993365443652138
INFO:logs/DIP_log_model_gaussian_kernel=16_sigma=4.log:train PSNR: 25.774937177005235
INFO:logs/DIP_log_model_gaussian_kernel=16_sigma=4.log:test PSNR: 25.99076859196478
INFO:logs/DIP_log_model_gaussian_kernel=16_sigma=4.log:train PSNR: 25.82780935299909
INFO:logs/DIP_log_model_gaussian_kernel=16_sigma=4.log:test PSNR: 26.157531677152072
INFO:logs/DIP_log_model_gaussian_kernel=16_sigma=4.log:train PSNR: 26.1421329345047
INFO:logs/DIP_log_model_gaussian_kernel=16_sigma=4.log:test PSNR: 26.198649331804827
INFO:logs/DIP_log_model_gaussian_kernel=16_sigma=4.log:train PSNR: 26.358972946305723
INFO:logs/DIP_log_model_gaussian_kernel=16_sigma=4.log:test PSNR: 26.223249866267437
INFO:logs/DIP_log_model_gaussian_kernel=16_sigma=4.log:train PSNR: 26.20304368316323
INFO:logs/DIP_log_model_gaussian_kernel=16_sigma=4.log:test PSNR: 26.1499626589638
INFO:logs/DIP_log_model_gaussian_kernel=16_sigma=4.log:train PSNR: 26.230636686998505
INFO:logs/DIP_log_model_gaussian_kernel=16_sigma=4.log:test PSNR: 26.283731864374037
INFO:logs/DIP_log_model_gaussian_kernel=16_sigma=4.log:train PSNR: 26.191982164077842
INFO:logs/DIP_log_model_gaussian_kernel=16_sigma=4.log:test PSNR: 26.256990615577642
INFO:logs/DIP_log_model_gaussian_kernel=16_sigma=4.log:train PSNR: 25.880623216033772
INFO:logs/DIP_log_model_gaussian_kernel=16_sigma=4.log:test PSNR: 26.33523569882462
INFO:logs/DIP_log_model_gaussian_kernel=16_sigma=4.log:train PSNR: 25.75473810641069
INFO:logs/DIP_log_model_gaussian_kernel=16_sigma=4.log:test PSNR: 26.409117040252898
INFO:logs/DIP_log_model_gaussian_kernel=16_sigma=4.log:train PSNR: 26.405045826350953
INFO:logs/DIP_log_model_gaussian_kernel=16_sigma=4.log:test PSNR: 26.363416015492497
INFO:logs/DIP_log_model_gaussian_kernel=16_sigma=4.log:train PSNR: 26.245153700566274
INFO:logs/DIP_log_model_gaussian_kernel=16_sigma=4.log:test PSNR: 26.375544528312783
INFO:logs/DIP_log_model_gaussian_kernel=16_sigma=4.log:train PSNR: 26.11397015619966
INFO:logs/DIP_log_model_gaussian_kernel=16_sigma=4.log:test PSNR: 26.42332174352661
INFO:logs/DIP_log_model_gaussian_kernel=16_sigma=4.log:train PSNR: 26.24342337285105
INFO:logs/DIP_log_model_gaussian_kernel=16_sigma=4.log:test PSNR: 26.461470769304665
INFO:logs/DIP_log_model_gaussian_kernel=16_sigma=4.log:train PSNR: 26.13529823616323
INFO:logs/DIP_log_model_gaussian_kernel=16_sigma=4.log:test PSNR: 26.49857431903964
INFO:logs/DIP_log_model_gaussian_kernel=16_sigma=4.log:train PSNR: 26.121669820066177
INFO:logs/DIP_log_model_gaussian_kernel=16_sigma=4.log:test PSNR: 26.445450301926392
INFO:logs/DIP_log_model_gaussian_kernel=16_sigma=4.log:train PSNR: 26.060200999600806
INFO:logs/DIP_log_model_gaussian_kernel=16_sigma=4.log:test PSNR: 26.5210452613014
INFO:logs/DIP_log_model_gaussian_kernel=16_sigma=4.log:train PSNR: 26.410296637132884
INFO:logs/DIP_log_model_gaussian_kernel=16_sigma=4.log:test PSNR: 26.469725677851834
INFO:logs/DIP_log_model_gaussian_kernel=16_sigma=4.log:train PSNR: 26.40820087381194
INFO:logs/DIP_log_model_gaussian_kernel=16_sigma=4.log:test PSNR: 26.427960013544986
INFO:logs/DIP_log_model_gaussian_kernel=16_sigma=4.log:train PSNR: 26.400795215566696
INFO:logs/DIP_log_model_gaussian_kernel=16_sigma=4.log:test PSNR: 26.537541257599184
INFO:logs/DIP_log_model_gaussian_kernel=16_sigma=4.log:train PSNR: 26.48731510933118
INFO:logs/DIP_log_model_gaussian_kernel=16_sigma=4.log:test PSNR: 26.61183129010245
INFO:logs/DIP_log_model_gaussian_kernel=16_sigma=4.log:train PSNR: 26.526328321757756
INFO:logs/DIP_log_model_gaussian_kernel=16_sigma=4.log:test PSNR: 26.525771926634697
INFO:logs/DIP_log_model_gaussian_kernel=16_sigma=4.log:train PSNR: 26.239061021734514
INFO:logs/DIP_log_model_gaussian_kernel=16_sigma=4.log:test PSNR: 26.640603040627767
INFO:logs/DIP_log_model_gaussian_kernel=16_sigma=4.log:train PSNR: 26.18280056065232
INFO:logs/DIP_log_model_gaussian_kernel=16_sigma=4.log:test PSNR: 26.663103699247586
INFO:logs/DIP_log_model_gaussian_kernel=16_sigma=4.log:train PSNR: 26.612544085515452
INFO:logs/DIP_log_model_gaussian_kernel=16_sigma=4.log:test PSNR: 26.689010561517293
INFO:logs/DIP_log_model_gaussian_kernel=16_sigma=4.log:train PSNR: 26.30297490643029
INFO:logs/DIP_log_model_gaussian_kernel=16_sigma=4.log:test PSNR: 26.615216939647485
INFO:logs/DIP_log_model_gaussian_kernel=16_sigma=4.log:train PSNR: 26.47934372496868
INFO:logs/DIP_log_model_gaussian_kernel=16_sigma=4.log:test PSNR: 26.591711262011373
INFO:logs/DIP_log_model_gaussian_kernel=16_sigma=4.log:train PSNR: 26.50784704001466
INFO:logs/DIP_log_model_gaussian_kernel=16_sigma=4.log:test PSNR: 26.719662952307473
INFO:logs/DIP_log_model_gaussian_kernel=16_sigma=4.log:train PSNR: 26.613562572248863
INFO:logs/DIP_log_model_gaussian_kernel=16_sigma=4.log:test PSNR: 26.683301847462978
INFO:logs/DIP_log_model_gaussian_kernel=16_sigma=4.log:train PSNR: 26.548547287954104
INFO:logs/DIP_log_model_gaussian_kernel=16_sigma=4.log:test PSNR: 26.633589044808964
INFO:logs/DIP_log_model_gaussian_kernel=16_sigma=4.log:train PSNR: 26.90267889378469
INFO:logs/DIP_log_model_gaussian_kernel=16_sigma=4.log:test PSNR: 26.68675806039168
INFO:logs/DIP_log_model_gaussian_kernel=16_sigma=4.log:train PSNR: 26.47900094218058
INFO:logs/DIP_log_model_gaussian_kernel=16_sigma=4.log:test PSNR: 26.43486324085959
INFO:logs/DIP_log_model_gaussian_kernel=16_sigma=4.log:train PSNR: 26.88024601855881
INFO:logs/DIP_log_model_gaussian_kernel=16_sigma=4.log:test PSNR: 26.721045647193286
INFO:logs/DIP_log_model_gaussian_kernel=16_sigma=4.log:train PSNR: 26.67415016843021
INFO:logs/DIP_log_model_gaussian_kernel=16_sigma=4.log:test PSNR: 26.71925409692496
INFO:logs/DIP_log_model_gaussian_kernel=16_sigma=4.log:train PSNR: 26.821519138001793
INFO:logs/DIP_log_model_gaussian_kernel=16_sigma=4.log:test PSNR: 26.68520304200465
INFO:logs/DIP_log_model_gaussian_kernel=16_sigma=4.log:train PSNR: 26.65809939113867
INFO:logs/DIP_log_model_gaussian_kernel=16_sigma=4.log:test PSNR: 26.798457090595367
INFO:logs/DIP_log_model_gaussian_kernel=16_sigma=4.log:train PSNR: 26.525818994723174
INFO:logs/DIP_log_model_gaussian_kernel=16_sigma=4.log:test PSNR: 26.74784294905272
INFO:logs/DIP_log_model_gaussian_kernel=16_sigma=4.log:train PSNR: 26.698129022140854
INFO:logs/DIP_log_model_gaussian_kernel=16_sigma=4.log:test PSNR: 26.737394262948243
INFO:logs/DIP_log_model_gaussian_kernel=16_sigma=4.log:train PSNR: 26.748826125559038
INFO:logs/DIP_log_model_gaussian_kernel=16_sigma=4.log:test PSNR: 26.748969969684303
INFO:logs/DIP_log_model_gaussian_kernel=16_sigma=4.log:train PSNR: 26.859554407054524
INFO:logs/DIP_log_model_gaussian_kernel=16_sigma=4.log:test PSNR: 26.745904791205877
INFO:logs/DIP_log_model_gaussian_kernel=16_sigma=4.log:train PSNR: 26.713888288238135
INFO:logs/DIP_log_model_gaussian_kernel=16_sigma=4.log:test PSNR: 26.80775535797348
INFO:logs/DIP_log_model_gaussian_kernel=16_sigma=4.log:train PSNR: 26.621007633996687
INFO:logs/DIP_log_model_gaussian_kernel=16_sigma=4.log:test PSNR: 26.75137831572221
INFO:logs/DIP_log_model_gaussian_kernel=16_sigma=4.log:train PSNR: 26.632964232497116
INFO:logs/DIP_log_model_gaussian_kernel=16_sigma=4.log:test PSNR: 26.783071120615855
INFO:logs/DIP_log_model_gaussian_kernel=16_sigma=4.log:train PSNR: 26.672850137436534
INFO:logs/DIP_log_model_gaussian_kernel=16_sigma=4.log:test PSNR: 26.711887248751143
INFO:logs/DIP_log_model_gaussian_kernel=16_sigma=4.log:train PSNR: 26.718893911137343
INFO:logs/DIP_log_model_gaussian_kernel=16_sigma=4.log:test PSNR: 26.778581236664618
INFO:logs/DIP_log_model_gaussian_kernel=16_sigma=4.log:train PSNR: 26.489763545830975
INFO:logs/DIP_log_model_gaussian_kernel=16_sigma=4.log:test PSNR: 26.825247006210184
INFO:logs/DIP_log_model_gaussian_kernel=16_sigma=4.log:train PSNR: 26.766187896959526
INFO:logs/DIP_log_model_gaussian_kernel=16_sigma=4.log:test PSNR: 26.7836540376344
INFO:logs/DIP_log_model_gaussian_kernel=16_sigma=4.log:train PSNR: 26.513489597602426
INFO:logs/DIP_log_model_gaussian_kernel=16_sigma=4.log:test PSNR: 26.776719670662068
INFO:logs/DIP_log_model_gaussian_kernel=16_sigma=4.log:train PSNR: 26.883243227656727
INFO:logs/DIP_log_model_gaussian_kernel=16_sigma=4.log:test PSNR: 26.721799738344526
INFO:logs/DIP_log_model_gaussian_kernel=16_sigma=4.log:train PSNR: 26.847806521680226
INFO:logs/DIP_log_model_gaussian_kernel=16_sigma=4.log:test PSNR: 26.802174029673864
INFO:logs/DIP_log_model_gaussian_kernel=16_sigma=4.log:train PSNR: 26.87983889275058
INFO:logs/DIP_log_model_gaussian_kernel=16_sigma=4.log:test PSNR: 26.807632979322037
INFO:logs/DIP_log_model_gaussian_kernel=16_sigma=4.log:train PSNR: 26.53035309426898
INFO:logs/DIP_log_model_gaussian_kernel=16_sigma=4.log:test PSNR: 26.603826875055972
INFO:logs/DIP_log_model_gaussian_kernel=16_sigma=4.log:train PSNR: 27.070319786345557
INFO:logs/DIP_log_model_gaussian_kernel=16_sigma=4.log:test PSNR: 26.801688305464033
INFO:logs/DIP_log_model_gaussian_kernel=16_sigma=4.log:train PSNR: 26.739315305795866
INFO:logs/DIP_log_model_gaussian_kernel=16_sigma=4.log:test PSNR: 26.836229344936072
INFO:logs/DIP_log_model_gaussian_kernel=16_sigma=4.log:train PSNR: 26.804092255912945
INFO:logs/DIP_log_model_gaussian_kernel=16_sigma=4.log:test PSNR: 26.84937035382574
INFO:logs/DIP_log_model_gaussian_kernel=16_sigma=4.log:train PSNR: 26.647241119037954
INFO:logs/DIP_log_model_gaussian_kernel=16_sigma=4.log:test PSNR: 26.833370169791817
INFO:logs/DIP_log_model_gaussian_kernel=16_sigma=4.log:train PSNR: 26.973455400386534
INFO:logs/DIP_log_model_gaussian_kernel=16_sigma=4.log:test PSNR: 26.83881274295984
INFO:logs/DIP_log_model_gaussian_kernel=16_sigma=4.log:train PSNR: 27.086467289924894
INFO:logs/DIP_log_model_gaussian_kernel=16_sigma=4.log:test PSNR: 26.8252355736646
INFO:logs/DIP_log_model_gaussian_kernel=16_sigma=4.log:train PSNR: 27.10287368196896
INFO:logs/DIP_log_model_gaussian_kernel=16_sigma=4.log:test PSNR: 26.816998571799605
INFO:logs/DIP_log_model_gaussian_kernel=16_sigma=4.log:train PSNR: 26.688631873959576
INFO:logs/DIP_log_model_gaussian_kernel=16_sigma=4.log:test PSNR: 26.850339030655423
INFO:logs/DIP_log_model_gaussian_kernel=16_sigma=4.log:train PSNR: 26.784752971238742
INFO:logs/DIP_log_model_gaussian_kernel=16_sigma=4.log:test PSNR: 26.853612575069715
INFO:logs/DIP_log_model_gaussian_kernel=16_sigma=4.log:train PSNR: 26.743545227577833
INFO:logs/DIP_log_model_gaussian_kernel=16_sigma=4.log:test PSNR: 26.839914127714476
INFO:logs/DIP_log_model_gaussian_kernel=16_sigma=4.log:train PSNR: 27.104052720050213
INFO:logs/DIP_log_model_gaussian_kernel=16_sigma=4.log:test PSNR: 26.86251309002386
INFO:logs/DIP_log_model_gaussian_kernel=16_sigma=4.log:train PSNR: 26.890165514397236
INFO:logs/DIP_log_model_gaussian_kernel=16_sigma=4.log:test PSNR: 26.81886638942305
INFO:logs/DIP_log_model_gaussian_kernel=16_sigma=4.log:train PSNR: 26.850489933621645
INFO:logs/DIP_log_model_gaussian_kernel=16_sigma=4.log:test PSNR: 26.785037164517817
INFO:logs/DIP_log_model_gaussian_kernel=16_sigma=4.log:train PSNR: 27.003686284783992
INFO:logs/DIP_log_model_gaussian_kernel=16_sigma=4.log:test PSNR: 26.796943630935985
INFO:logs/DIP_log_model_gaussian_kernel=16_sigma=4.log:train PSNR: 26.876643658682802
INFO:logs/DIP_log_model_gaussian_kernel=16_sigma=4.log:test PSNR: 26.85947260142972
INFO:logs/DIP_log_model_gaussian_kernel=16_sigma=4.log:train PSNR: 26.900961034512413
INFO:logs/DIP_log_model_gaussian_kernel=16_sigma=4.log:test PSNR: 26.793141763103062
INFO:logs/DIP_log_model_gaussian_kernel=16_sigma=4.log:train PSNR: 26.936044499591098
INFO:logs/DIP_log_model_gaussian_kernel=16_sigma=4.log:test PSNR: 26.80176929245412
INFO:logs/DIP_log_model_gaussian_kernel=16_sigma=4.log:train PSNR: 26.990320704602315
INFO:logs/DIP_log_model_gaussian_kernel=16_sigma=4.log:test PSNR: 26.8552499456959
INFO:logs/DIP_log_model_gaussian_kernel=16_sigma=4.log:train PSNR: 26.936570865489504
INFO:logs/DIP_log_model_gaussian_kernel=16_sigma=4.log:test PSNR: 26.812200426670348
INFO:logs/DIP_log_model_gaussian_kernel=16_sigma=4.log:train PSNR: 26.994647353628128
INFO:logs/DIP_log_model_gaussian_kernel=16_sigma=4.log:test PSNR: 26.831424181606643
INFO:logs/DIP_log_model_gaussian_kernel=16_sigma=4.log:train PSNR: 26.808448921779497
INFO:logs/DIP_log_model_gaussian_kernel=16_sigma=4.log:test PSNR: 26.857491902332534
INFO:logs/DIP_log_model_gaussian_kernel=16_sigma=4.log:train PSNR: 27.060681393596454
INFO:logs/DIP_log_model_gaussian_kernel=16_sigma=4.log:test PSNR: 26.856901943988667
INFO:logs/DIP_log_model_gaussian_kernel=16_sigma=4.log:train PSNR: 26.95565604969197
INFO:logs/DIP_log_model_gaussian_kernel=16_sigma=4.log:test PSNR: 26.86316197214257
INFO:logs/DIP_log_model_gaussian_kernel=16_sigma=4.log:train PSNR: 26.942646878413562
INFO:logs/DIP_log_model_gaussian_kernel=16_sigma=4.log:test PSNR: 26.850564633638356
INFO:logs/DIP_log_model_gaussian_kernel=16_sigma=4.log:train PSNR: 26.8166405249783
INFO:logs/DIP_log_model_gaussian_kernel=16_sigma=4.log:test PSNR: 26.836268832107038
INFO:logs/DIP_log_model_gaussian_kernel=16_sigma=4.log:train PSNR: 27.126644947930533
INFO:logs/DIP_log_model_gaussian_kernel=16_sigma=4.log:test PSNR: 26.86612744749713
INFO:logs/DIP_log_model_gaussian_kernel=16_sigma=4.log:train PSNR: 26.811978372373144
INFO:logs/DIP_log_model_gaussian_kernel=16_sigma=4.log:test PSNR: 26.863832322832703
INFO:logs/DIP_log_model_gaussian_kernel=16_sigma=4.log:train PSNR: 26.785299972726513
INFO:logs/DIP_log_model_gaussian_kernel=16_sigma=4.log:test PSNR: 26.847707601428255
INFO:logs/DIP_log_model_gaussian_kernel=16_sigma=4.log:train PSNR: 26.882103563588856
INFO:logs/DIP_log_model_gaussian_kernel=16_sigma=4.log:test PSNR: 26.840315460652647
INFO:logs/DIP_log_model_gaussian_kernel=16_sigma=4.log:train PSNR: 26.95466495605194
INFO:logs/DIP_log_model_gaussian_kernel=16_sigma=4.log:test PSNR: 26.869945939793805
INFO:logs/DIP_log_model_gaussian_kernel=16_sigma=4.log:train PSNR: 26.847376730513865
INFO:logs/DIP_log_model_gaussian_kernel=16_sigma=4.log:test PSNR: 26.865750471173445
INFO:logs/DIP_log_model_gaussian_kernel=16_sigma=4.log:train PSNR: 26.576550510916327
INFO:logs/DIP_log_model_gaussian_kernel=16_sigma=4.log:test PSNR: 26.865982652882376
INFO:logs/DIP_log_model_gaussian_kernel=16_sigma=4.log:train PSNR: 27.063581975621343
INFO:logs/DIP_log_model_gaussian_kernel=16_sigma=4.log:test PSNR: 26.851628561713312
INFO:logs/DIP_log_model_gaussian_kernel=16_sigma=4.log:train PSNR: 27.101815067866795
INFO:logs/DIP_log_model_gaussian_kernel=16_sigma=4.log:test PSNR: 26.856779353815682
INFO:logs/DIP_log_model_gaussian_kernel=16_sigma=4.log:train PSNR: 27.05336648547309
INFO:logs/DIP_log_model_gaussian_kernel=16_sigma=4.log:test PSNR: 26.8683259389084
INFO:logs/DIP_log_model_gaussian_kernel=16_sigma=4.log:train PSNR: 26.759065047174417
INFO:logs/DIP_log_model_gaussian_kernel=16_sigma=4.log:test PSNR: 26.858424193406947
INFO:logs/DIP_log_model_gaussian_kernel=16_sigma=4.log:train PSNR: 27.095083838311535
INFO:logs/DIP_log_model_gaussian_kernel=16_sigma=4.log:test PSNR: 26.881124362346224
INFO:logs/DIP_log_model_gaussian_kernel=16_sigma=4.log:train PSNR: 26.694073437894982
INFO:logs/DIP_log_model_gaussian_kernel=16_sigma=4.log:test PSNR: 26.85237967736164
INFO:logs/DIP_log_model_gaussian_kernel=16_sigma=4.log:train PSNR: 26.940195615269346
INFO:logs/DIP_log_model_gaussian_kernel=16_sigma=4.log:test PSNR: 26.852626469472227
INFO:logs/DIP_log_model_gaussian_kernel=16_sigma=4.log:train PSNR: 26.866691308486658
INFO:logs/DIP_log_model_gaussian_kernel=16_sigma=4.log:test PSNR: 26.84848751082876
INFO:logs/DIP_log_model_gaussian_kernel=16_sigma=4.log:train PSNR: 26.980874968023894
INFO:logs/DIP_log_model_gaussian_kernel=16_sigma=4.log:test PSNR: 26.85694003143214
INFO:logs/DIP_log_model_gaussian_kernel=16_sigma=4.log:train PSNR: 26.949273764231265
INFO:logs/DIP_log_model_gaussian_kernel=16_sigma=4.log:test PSNR: 26.84727687311434
INFO:logs/DIP_log_model_gaussian_kernel=16_sigma=4.log:train PSNR: 27.32449032264072
INFO:logs/DIP_log_model_gaussian_kernel=16_sigma=4.log:test PSNR: 26.851298925211363
INFO:logs/DIP_log_model_gaussian_kernel=16_sigma=4.log:train PSNR: 27.029990602462057
INFO:logs/DIP_log_model_gaussian_kernel=16_sigma=4.log:test PSNR: 26.852677683139596
INFO:logs/DIP_log_model_gaussian_kernel=16_sigma=4.log:train PSNR: 26.817884648845588
INFO:logs/DIP_log_model_gaussian_kernel=16_sigma=4.log:test PSNR: 26.857223032145352
INFO:logs/DIP_log_model_gaussian_kernel=16_sigma=4.log:train PSNR: 27.017137848050275
INFO:logs/DIP_log_model_gaussian_kernel=16_sigma=4.log:test PSNR: 26.851333499851165
INFO:logs/DIP_log_model_gaussian_kernel=16_sigma=4.log:train PSNR: 26.777667564377705
INFO:logs/DIP_log_model_gaussian_kernel=16_sigma=4.log:test PSNR: 26.818987335843786
INFO:logs/DIP_log_model_gaussian_kernel=16_sigma=4.log:train PSNR: 26.962096051760184
INFO:logs/DIP_log_model_gaussian_kernel=16_sigma=4.log:test PSNR: 26.853645359965203
INFO:logs/DIP_log_model_gaussian_kernel=16_sigma=4.log:train PSNR: 27.05008906896464
INFO:logs/DIP_log_model_gaussian_kernel=16_sigma=4.log:test PSNR: 26.849669342382615
INFO:logs/DIP_log_model_gaussian_kernel=16_sigma=4.log:train PSNR: 26.645593917826528
INFO:logs/DIP_log_model_gaussian_kernel=16_sigma=4.log:test PSNR: 26.88980967129416
INFO:logs/DIP_log_model_gaussian_kernel=16_sigma=4.log:train PSNR: 26.832410485223722
INFO:logs/DIP_log_model_gaussian_kernel=16_sigma=4.log:test PSNR: 26.875874780038572
INFO:logs/DIP_log_model_gaussian_kernel=16_sigma=4.log:train PSNR: 27.023778688230546
INFO:logs/DIP_log_model_gaussian_kernel=16_sigma=4.log:test PSNR: 26.878573626271123
INFO:logs/DIP_log_model_gaussian_kernel=16_sigma=4.log:train PSNR: 26.902649821495817
INFO:logs/DIP_log_model_gaussian_kernel=16_sigma=4.log:test PSNR: 26.877920607412147
INFO:logs/DIP_log_model_gaussian_kernel=16_sigma=4.log:train PSNR: 27.19134549132891
INFO:logs/DIP_log_model_gaussian_kernel=16_sigma=4.log:test PSNR: 26.860669137040357
INFO:logs/DIP_log_model_gaussian_kernel=16_sigma=4.log:train PSNR: 27.092622746846853
INFO:logs/DIP_log_model_gaussian_kernel=16_sigma=4.log:test PSNR: 26.872562646872574
INFO:logs/DIP_log_model_gaussian_kernel=16_sigma=4.log:train PSNR: 26.7844856993001
INFO:logs/DIP_log_model_gaussian_kernel=16_sigma=4.log:test PSNR: 26.845089451560977
INFO:logs/DIP_log_model_gaussian_kernel=16_sigma=4.log:train PSNR: 26.962140269278724
INFO:logs/DIP_log_model_gaussian_kernel=16_sigma=4.log:test PSNR: 26.874645146089588
INFO:logs/DIP_log_model_gaussian_kernel=16_sigma=4.log:train PSNR: 27.264052378849424
INFO:logs/DIP_log_model_gaussian_kernel=16_sigma=4.log:test PSNR: 26.88525897629369
INFO:logs/DIP_log_model_gaussian_kernel=16_sigma=4.log:train PSNR: 27.055348677018504
INFO:logs/DIP_log_model_gaussian_kernel=16_sigma=4.log:test PSNR: 26.86187533474083
INFO:logs/DIP_log_model_gaussian_kernel=16_sigma=4.log:train PSNR: 26.7605090826596
INFO:logs/DIP_log_model_gaussian_kernel=16_sigma=4.log:test PSNR: 26.873932841215805
INFO:logs/DIP_log_model_gaussian_kernel=16_sigma=4.log:train PSNR: 26.836356650583447
INFO:logs/DIP_log_model_gaussian_kernel=16_sigma=4.log:test PSNR: 26.86830785651074
INFO:logs/DIP_log_model_gaussian_kernel=16_sigma=4.log:train PSNR: 26.988558778787457
INFO:logs/DIP_log_model_gaussian_kernel=16_sigma=4.log:test PSNR: 26.873177178214718
INFO:logs/DIP_log_model_gaussian_kernel=16_sigma=4.log:train PSNR: 26.95295904404506
INFO:logs/DIP_log_model_gaussian_kernel=16_sigma=4.log:test PSNR: 26.858734447629608
INFO:logs/DIP_log_model_gaussian_kernel=16_sigma=4.log:train PSNR: 27.118746651580253
INFO:logs/DIP_log_model_gaussian_kernel=16_sigma=4.log:test PSNR: 26.867640214052024
INFO:logs/DIP_log_model_gaussian_kernel=16_sigma=4.log:train PSNR: 26.687795070637257
INFO:logs/DIP_log_model_gaussian_kernel=16_sigma=4.log:test PSNR: 26.86249290921026
INFO:logs/DIP_log_model_gaussian_kernel=16_sigma=4.log:train PSNR: 27.057149762823002
INFO:logs/DIP_log_model_gaussian_kernel=16_sigma=4.log:test PSNR: 26.875493219643232
INFO:logs/DIP_log_model_gaussian_kernel=16_sigma=4.log:train PSNR: 26.9719128564663
INFO:logs/DIP_log_model_gaussian_kernel=16_sigma=4.log:test PSNR: 26.862301774859795
INFO:logs/DIP_log_model_gaussian_kernel=16_sigma=4.log:train PSNR: 26.94797919182625
INFO:logs/DIP_log_model_gaussian_kernel=16_sigma=4.log:test PSNR: 26.8763208309298
INFO:logs/DIP_log_model_gaussian_kernel=16_sigma=4.log:train PSNR: 26.897171334272805
INFO:logs/DIP_log_model_gaussian_kernel=16_sigma=4.log:test PSNR: 26.882833618079996
INFO:logs/DIP_log_model_gaussian_kernel=16_sigma=4.log:train PSNR: 27.129892781407005
INFO:logs/DIP_log_model_gaussian_kernel=16_sigma=4.log:test PSNR: 26.86743807267465
INFO:logs/DIP_log_model_gaussian_kernel=16_sigma=4.log:train PSNR: 27.117489652025036
INFO:logs/DIP_log_model_gaussian_kernel=16_sigma=4.log:test PSNR: 26.876105873652072
INFO:logs/DIP_log_model_gaussian_kernel=16_sigma=4.log:train PSNR: 26.845911711076347
INFO:logs/DIP_log_model_gaussian_kernel=16_sigma=4.log:test PSNR: 26.855976114140216
INFO:logs/DIP_log_model_gaussian_kernel=16_sigma=4.log:train PSNR: 27.1080247178718
INFO:logs/DIP_log_model_gaussian_kernel=16_sigma=4.log:test PSNR: 26.87525116332888
INFO:logs/DIP_log_model_gaussian_kernel=16_sigma=4.log:train PSNR: 26.78482717936715
INFO:logs/DIP_log_model_gaussian_kernel=16_sigma=4.log:test PSNR: 26.8705717428973
INFO:logs/DIP_log_model_gaussian_kernel=16_sigma=4.log:train PSNR: 27.090007610961763
INFO:logs/DIP_log_model_gaussian_kernel=16_sigma=4.log:test PSNR: 26.877175981126978
INFO:logs/DIP_log_model_gaussian_kernel=16_sigma=4.log:train PSNR: 26.725086499992855
INFO:logs/DIP_log_model_gaussian_kernel=16_sigma=4.log:test PSNR: 26.874229416373332
INFO:logs/DIP_log_model_gaussian_kernel=16_sigma=4.log:train PSNR: 26.89317517930329
INFO:logs/DIP_log_model_gaussian_kernel=16_sigma=4.log:test PSNR: 26.881171604138494
INFO:logs/DIP_log_model_gaussian_kernel=16_sigma=4.log:train PSNR: 26.85690689718935
INFO:logs/DIP_log_model_gaussian_kernel=16_sigma=4.log:test PSNR: 26.87900823830856
INFO:logs/DIP_log_model_gaussian_kernel=16_sigma=4.log:train PSNR: 26.986924746295774
INFO:logs/DIP_log_model_gaussian_kernel=16_sigma=4.log:test PSNR: 26.874381690407695
INFO:logs/DIP_log_model_gaussian_kernel=16_sigma=4.log:train PSNR: 27.04832555159202
INFO:logs/DIP_log_model_gaussian_kernel=16_sigma=4.log:test PSNR: 26.875181540431935
INFO:logs/DIP_log_model_gaussian_kernel=16_sigma=4.log:train PSNR: 27.023425912814822
INFO:logs/DIP_log_model_gaussian_kernel=16_sigma=4.log:test PSNR: 26.88560137710286
INFO:logs/DIP_log_model_gaussian_kernel=16_sigma=4.log:train PSNR: 27.2494111044559
INFO:logs/DIP_log_model_gaussian_kernel=16_sigma=4.log:test PSNR: 26.882463474661474
INFO:logs/DIP_log_model_gaussian_kernel=16_sigma=4.log:train PSNR: 26.927817068127435
INFO:logs/DIP_log_model_gaussian_kernel=16_sigma=4.log:test PSNR: 26.881167246586458
INFO:logs/DIP_log_model_gaussian_kernel=16_sigma=4.log:train PSNR: 26.81797178062589
INFO:logs/DIP_log_model_gaussian_kernel=16_sigma=4.log:test PSNR: 26.876149531854658
INFO:logs/DIP_log_model_gaussian_kernel=16_sigma=4.log:train PSNR: 27.018185747029605
INFO:logs/DIP_log_model_gaussian_kernel=16_sigma=4.log:test PSNR: 26.87201471547576
INFO:logs/DIP_log_model_gaussian_kernel=16_sigma=4.log:train PSNR: 26.81002410472186
INFO:logs/DIP_log_model_gaussian_kernel=16_sigma=4.log:test PSNR: 26.877969021127146
INFO:logs/DIP_log_model_gaussian_kernel=16_sigma=4.log:train PSNR: 27.03485352191135
INFO:logs/DIP_log_model_gaussian_kernel=16_sigma=4.log:test PSNR: 26.85801769103626
INFO:logs/DIP_log_model_gaussian_kernel=16_sigma=4.log:train PSNR: 27.23110794770926
INFO:logs/DIP_log_model_gaussian_kernel=16_sigma=4.log:test PSNR: 26.876843789701265
INFO:logs/DIP_log_model_gaussian_kernel=16_sigma=4.log:train PSNR: 26.88836463555328
INFO:logs/DIP_log_model_gaussian_kernel=16_sigma=4.log:test PSNR: 26.882794190699286
INFO:logs/DIP_log_model_gaussian_kernel=16_sigma=4.log:train PSNR: 26.733500938316446
INFO:logs/DIP_log_model_gaussian_kernel=16_sigma=4.log:test PSNR: 26.879762802257375
INFO:logs/DIP_log_model_gaussian_kernel=16_sigma=4.log:train PSNR: 26.837627178406134
INFO:logs/DIP_log_model_gaussian_kernel=16_sigma=4.log:test PSNR: 26.864078365309034
INFO:logs/DIP_log_model_gaussian_kernel=16_sigma=4.log:train PSNR: 26.72251351551372
INFO:logs/DIP_log_model_gaussian_kernel=16_sigma=4.log:test PSNR: 26.875871623230065
INFO:logs/DIP_log_model_gaussian_kernel=16_sigma=4.log:train PSNR: 26.83662852307381
INFO:logs/DIP_log_model_gaussian_kernel=16_sigma=4.log:test PSNR: 26.87605809605251
INFO:logs/DIP_log_model_gaussian_kernel=16_sigma=4.log:train PSNR: 26.94137670883064
INFO:logs/DIP_log_model_gaussian_kernel=16_sigma=4.log:test PSNR: 26.87972943775223
INFO:logs/DIP_log_model_gaussian_kernel=16_sigma=4.log:train PSNR: 26.86014826173519
INFO:logs/DIP_log_model_gaussian_kernel=16_sigma=4.log:test PSNR: 26.877341650228853
INFO:logs/DIP_log_model_gaussian_kernel=16_sigma=4.log:train PSNR: 26.881596546510217
INFO:logs/DIP_log_model_gaussian_kernel=16_sigma=4.log:test PSNR: 26.872483430687076
INFO:logs/DIP_log_model_gaussian_kernel=16_sigma=4.log:train PSNR: 26.73969645377199
INFO:logs/DIP_log_model_gaussian_kernel=16_sigma=4.log:test PSNR: 26.870960898100282
INFO:logs/DIP_log_model_gaussian_kernel=16_sigma=4.log:train PSNR: 26.985040230924835
INFO:logs/DIP_log_model_gaussian_kernel=16_sigma=4.log:test PSNR: 26.878821606526007
INFO:logs/DIP_log_model_gaussian_kernel=16_sigma=4.log:train PSNR: 26.853069376426767
INFO:logs/DIP_log_model_gaussian_kernel=16_sigma=4.log:test PSNR: 26.880146756055726
INFO:logs/DIP_log_model_gaussian_kernel=16_sigma=4.log:train PSNR: 26.659553933179584
INFO:logs/DIP_log_model_gaussian_kernel=16_sigma=4.log:test PSNR: 26.872063786411562
INFO:logs/DIP_log_model_gaussian_kernel=16_sigma=4.log:train PSNR: 27.055663367959554
INFO:logs/DIP_log_model_gaussian_kernel=16_sigma=4.log:test PSNR: 26.878068475647048
INFO:logs/DIP_log_model_gaussian_kernel=16_sigma=4.log:train PSNR: 26.797036271294505
INFO:logs/DIP_log_model_gaussian_kernel=16_sigma=4.log:test PSNR: 26.879681532358163
INFO:logs/DIP_log_model_gaussian_kernel=16_sigma=4.log:train PSNR: 27.274415690836232
INFO:logs/DIP_log_model_gaussian_kernel=16_sigma=4.log:test PSNR: 26.879575683763875
INFO:logs/DIP_log_model_gaussian_kernel=16_sigma=4.log:train PSNR: 26.969012002853614
INFO:logs/DIP_log_model_gaussian_kernel=16_sigma=4.log:test PSNR: 26.880148503558488
INFO:logs/DIP_log_model_gaussian_kernel=16_sigma=4.log:train PSNR: 27.087886472676896
INFO:logs/DIP_log_model_gaussian_kernel=16_sigma=4.log:test PSNR: 26.875271655141216
INFO:logs/DIP_log_model_gaussian_kernel=16_sigma=4.log:train PSNR: 27.038626210490317
INFO:logs/DIP_log_model_gaussian_kernel=16_sigma=4.log:test PSNR: 26.880875954969547
INFO:logs/DIP_log_model_gaussian_kernel=16_sigma=4.log:train PSNR: 26.926140428761617
INFO:logs/DIP_log_model_gaussian_kernel=16_sigma=4.log:test PSNR: 26.87727717330999
INFO:logs/DIP_log_model_gaussian_kernel=16_sigma=4.log:train PSNR: 27.150617328697102
INFO:logs/DIP_log_model_gaussian_kernel=16_sigma=4.log:test PSNR: 26.883737827885188
INFO:logs/DIP_log_model_gaussian_kernel=16_sigma=4.log:train PSNR: 27.214593866746185
INFO:logs/DIP_log_model_gaussian_kernel=16_sigma=4.log:test PSNR: 26.879594338850218
INFO:logs/DIP_log_model_gaussian_kernel=16_sigma=4.log:train PSNR: 26.783875747915243
INFO:logs/DIP_log_model_gaussian_kernel=16_sigma=4.log:test PSNR: 26.876756212875016
INFO:logs/DIP_log_model_gaussian_kernel=16_sigma=4.log:train PSNR: 27.094786818048956
INFO:logs/DIP_log_model_gaussian_kernel=16_sigma=4.log:test PSNR: 26.875524083171783
INFO:logs/DIP_log_model_gaussian_kernel=16_sigma=4.log:train PSNR: 26.913612309846975
INFO:logs/DIP_log_model_gaussian_kernel=16_sigma=4.log:test PSNR: 26.878735048552684
INFO:logs/DIP_log_model_gaussian_kernel=16_sigma=4.log:train PSNR: 26.736607657165294
INFO:logs/DIP_log_model_gaussian_kernel=16_sigma=4.log:test PSNR: 26.87126486129577
INFO:logs/DIP_log_model_gaussian_kernel=16_sigma=4.log:train PSNR: 27.121047988292016
INFO:logs/DIP_log_model_gaussian_kernel=16_sigma=4.log:test PSNR: 26.88209982881866
INFO:logs/DIP_log_model_gaussian_kernel=16_sigma=4.log:train PSNR: 26.860388198904193
INFO:logs/DIP_log_model_gaussian_kernel=16_sigma=4.log:test PSNR: 26.88027141416788
INFO:logs/DIP_log_model_gaussian_kernel=16_sigma=4.log:train PSNR: 26.923690718171514
INFO:logs/DIP_log_model_gaussian_kernel=16_sigma=4.log:test PSNR: 26.878325617799515
INFO:logs/DIP_log_model_gaussian_kernel=16_sigma=4.log:train PSNR: 26.687467521826946
INFO:logs/DIP_log_model_gaussian_kernel=16_sigma=4.log:test PSNR: 26.877686004195606
INFO:logs/DIP_log_model_gaussian_kernel=16_sigma=4.log:train PSNR: 26.790377002076283
INFO:logs/DIP_log_model_gaussian_kernel=16_sigma=4.log:test PSNR: 26.873565272640178
INFO:logs/DIP_log_model_gaussian_kernel=16_sigma=4.log:train PSNR: 26.682452652891957
INFO:logs/DIP_log_model_gaussian_kernel=16_sigma=4.log:test PSNR: 26.87149750143904
INFO:logs/DIP_log_model_gaussian_kernel=16_sigma=4.log:train PSNR: 27.024407926328706
INFO:logs/DIP_log_model_gaussian_kernel=16_sigma=4.log:test PSNR: 26.876944320369233
INFO:logs/DIP_log_model_gaussian_kernel=16_sigma=4.log:train PSNR: 26.990975424317966
INFO:logs/DIP_log_model_gaussian_kernel=16_sigma=4.log:test PSNR: 26.874748573450844
INFO:logs/DIP_log_model_gaussian_kernel=16_sigma=4.log:train PSNR: 27.11689081087388
INFO:logs/DIP_log_model_gaussian_kernel=16_sigma=4.log:test PSNR: 26.87615600406162
INFO:logs/DIP_log_model_gaussian_kernel=16_sigma=4.log:train PSNR: 26.940227207992056
INFO:logs/DIP_log_model_gaussian_kernel=16_sigma=4.log:test PSNR: 26.877947825692406
INFO:logs/DIP_log_model_gaussian_kernel=16_sigma=4.log:train PSNR: 27.193758042275537
INFO:logs/DIP_log_model_gaussian_kernel=16_sigma=4.log:test PSNR: 26.88059964317284
INFO:logs/DIP_log_model_gaussian_kernel=16_sigma=4.log:train PSNR: 26.976367103691977
INFO:logs/DIP_log_model_gaussian_kernel=16_sigma=4.log:test PSNR: 26.881393254765335
INFO:logs/DIP_log_model_gaussian_kernel=16_sigma=4.log:train PSNR: 26.86485908221356
INFO:logs/DIP_log_model_gaussian_kernel=16_sigma=4.log:test PSNR: 26.880043209154774
INFO:logs/DIP_log_model_gaussian_kernel=16_sigma=4.log:train PSNR: 27.075744486257285
INFO:logs/DIP_log_model_gaussian_kernel=16_sigma=4.log:test PSNR: 26.873876355807514
INFO:logs/DIP_log_model_gaussian_kernel=16_sigma=4.log:train PSNR: 26.86093560441401
INFO:logs/DIP_log_model_gaussian_kernel=16_sigma=4.log:test PSNR: 26.875912978405932
INFO:logs/DIP_log_model_gaussian_kernel=16_sigma=4.log:train PSNR: 26.928945009148645
INFO:logs/DIP_log_model_gaussian_kernel=16_sigma=4.log:test PSNR: 26.87592804124568
INFO:logs/DIP_log_model_gaussian_kernel=16_sigma=4.log:train PSNR: 26.853716071361376
INFO:logs/DIP_log_model_gaussian_kernel=16_sigma=4.log:test PSNR: 26.878597189655828
INFO:logs/DIP_log_model_gaussian_kernel=16_sigma=4.log:train PSNR: 27.201415092085583
INFO:logs/DIP_log_model_gaussian_kernel=16_sigma=4.log:test PSNR: 26.87938427642485
INFO:logs/DIP_log_model_gaussian_kernel=16_sigma=4.log:train PSNR: 26.76255279607931
INFO:logs/DIP_log_model_gaussian_kernel=16_sigma=4.log:test PSNR: 26.873675342996844
INFO:logs/DIP_log_model_gaussian_kernel=16_sigma=4.log:train PSNR: 26.716876213944623
INFO:logs/DIP_log_model_gaussian_kernel=16_sigma=4.log:test PSNR: 26.874863702274133
INFO:logs/DIP_log_model_gaussian_kernel=16_sigma=4.log:train PSNR: 27.06921442260812
INFO:logs/DIP_log_model_gaussian_kernel=16_sigma=4.log:test PSNR: 26.875475398177326
INFO:logs/DIP_log_model_gaussian_kernel=16_sigma=4.log:train PSNR: 26.918778260266233
INFO:logs/DIP_log_model_gaussian_kernel=16_sigma=4.log:test PSNR: 26.87793178313953
INFO:logs/DIP_log_model_gaussian_kernel=16_sigma=4.log:train PSNR: 26.975160306856512
INFO:logs/DIP_log_model_gaussian_kernel=16_sigma=4.log:test PSNR: 26.874451056720947
INFO:logs/DIP_log_model_gaussian_kernel=16_sigma=4.log:train PSNR: 26.822606786713962
INFO:logs/DIP_log_model_gaussian_kernel=16_sigma=4.log:test PSNR: 26.87710394049679
INFO:logs/DIP_log_model_gaussian_kernel=16_sigma=4.log:train PSNR: 26.654736700059072
INFO:logs/DIP_log_model_gaussian_kernel=16_sigma=4.log:test PSNR: 26.876546940598647
INFO:logs/DIP_log_model_gaussian_kernel=16_sigma=4.log:train PSNR: 26.990930992573155
INFO:logs/DIP_log_model_gaussian_kernel=16_sigma=4.log:test PSNR: 26.876029163088774
INFO:logs/DIP_log_model_gaussian_kernel=16_sigma=4.log:train PSNR: 26.838820128741585
INFO:logs/DIP_log_model_gaussian_kernel=16_sigma=4.log:test PSNR: 26.87769134416798
INFO:logs/DIP_log_model_gaussian_kernel=16_sigma=4.log:train PSNR: 27.333651797930305
INFO:logs/DIP_log_model_gaussian_kernel=16_sigma=4.log:test PSNR: 26.87411703727777
INFO:logs/DIP_log_model_gaussian_kernel=16_sigma=4.log:train PSNR: 27.02818094389576
INFO:logs/DIP_log_model_gaussian_kernel=16_sigma=4.log:test PSNR: 26.881135005350657
INFO:logs/DIP_log_model_gaussian_kernel=16_sigma=4.log:train PSNR: 26.983276080846522
INFO:logs/DIP_log_model_gaussian_kernel=16_sigma=4.log:test PSNR: 26.875779605301
INFO:logs/DIP_log_model_gaussian_kernel=16_sigma=4.log:train PSNR: 26.82963341406196
INFO:logs/DIP_log_model_gaussian_kernel=16_sigma=4.log:test PSNR: 26.879208763029936
INFO:logs/DIP_log_model_gaussian_kernel=16_sigma=4.log:train PSNR: 26.823525292799964
INFO:logs/DIP_log_model_gaussian_kernel=16_sigma=4.log:test PSNR: 26.875886527421223
INFO:logs/DIP_log_model_gaussian_kernel=16_sigma=4.log:train PSNR: 26.925253529252505
INFO:logs/DIP_log_model_gaussian_kernel=16_sigma=4.log:test PSNR: 26.877089439236876
INFO:logs/DIP_log_model_gaussian_kernel=16_sigma=4.log:train PSNR: 26.924623380125773
INFO:logs/DIP_log_model_gaussian_kernel=16_sigma=4.log:test PSNR: 26.87827506246651
INFO:logs/DIP_log_model_gaussian_kernel=16_sigma=4.log:train PSNR: 27.22834249060666
INFO:logs/DIP_log_model_gaussian_kernel=16_sigma=4.log:test PSNR: 26.88029106640651
INFO:logs/DIP_log_model_gaussian_kernel=16_sigma=4.log:train PSNR: 26.756602642579743
INFO:logs/DIP_log_model_gaussian_kernel=16_sigma=4.log:test PSNR: 26.878333994497737
INFO:logs/DIP_log_model_gaussian_kernel=16_sigma=4.log:train PSNR: 26.736690994171283
INFO:logs/DIP_log_model_gaussian_kernel=16_sigma=4.log:test PSNR: 26.875314597478457
INFO:logs/DIP_log_model_gaussian_kernel=16_sigma=4.log:train PSNR: 26.789933959949746
INFO:logs/DIP_log_model_gaussian_kernel=16_sigma=4.log:test PSNR: 26.877320157558938
INFO:logs/DIP_log_model_gaussian_kernel=16_sigma=4.log:train PSNR: 26.818512397248302
INFO:logs/DIP_log_model_gaussian_kernel=16_sigma=4.log:test PSNR: 26.877550637813698
INFO:logs/DIP_log_model_gaussian_kernel=16_sigma=4.log:train PSNR: 26.86565244225436
INFO:logs/DIP_log_model_gaussian_kernel=16_sigma=4.log:test PSNR: 26.876951663347945
INFO:logs/DIP_log_model_gaussian_kernel=16_sigma=4.log:train PSNR: 26.902657530049964
INFO:logs/DIP_log_model_gaussian_kernel=16_sigma=4.log:test PSNR: 26.878096750747194
INFO:logs/DIP_log_model_gaussian_kernel=16_sigma=4.log:train PSNR: 26.701784134079997
INFO:logs/DIP_log_model_gaussian_kernel=16_sigma=4.log:test PSNR: 26.87656103495627
INFO:logs/DIP_log_model_gaussian_kernel=16_sigma=4.log:train PSNR: 26.908294181382264
INFO:logs/DIP_log_model_gaussian_kernel=16_sigma=4.log:test PSNR: 26.87715967273536
INFO:logs/DIP_log_model_gaussian_kernel=16_sigma=4.log:train PSNR: 27.090883173198083
INFO:logs/DIP_log_model_gaussian_kernel=16_sigma=4.log:test PSNR: 26.875768638963116
INFO:logs/DIP_log_model_gaussian_kernel=16_sigma=4.log:train PSNR: 27.149722310923227
INFO:logs/DIP_log_model_gaussian_kernel=16_sigma=4.log:test PSNR: 26.877074252562338
INFO:logs/DIP_log_model_gaussian_kernel=16_sigma=4.log:train PSNR: 27.116658328454434
INFO:logs/DIP_log_model_gaussian_kernel=16_sigma=4.log:test PSNR: 26.87647745147181
INFO:logs/DIP_log_model_gaussian_kernel=16_sigma=4.log:train PSNR: 27.008429002418172
INFO:logs/DIP_log_model_gaussian_kernel=16_sigma=4.log:test PSNR: 26.87738886260222
INFO:logs/DIP_log_model_gaussian_kernel=16_sigma=4.log:train PSNR: 26.96300956572049
INFO:logs/DIP_log_model_gaussian_kernel=16_sigma=4.log:test PSNR: 26.879499983060096
INFO:logs/DIP_log_model_gaussian_kernel=16_sigma=4.log:train PSNR: 26.966153312619184
INFO:logs/DIP_log_model_gaussian_kernel=16_sigma=4.log:test PSNR: 26.876943471966623
INFO:logs/DIP_log_model_gaussian_kernel=16_sigma=4.log:train PSNR: 26.808754126790937
INFO:logs/DIP_log_model_gaussian_kernel=16_sigma=4.log:test PSNR: 26.876384100155505
INFO:logs/DIP_log_model_gaussian_kernel=16_sigma=4.log:train PSNR: 26.79202761648327
INFO:logs/DIP_log_model_gaussian_kernel=16_sigma=4.log:test PSNR: 26.878365318393595
INFO:logs/DIP_log_model_gaussian_kernel=16_sigma=4.log:train PSNR: 27.021700710101378
INFO:logs/DIP_log_model_gaussian_kernel=16_sigma=4.log:test PSNR: 26.877648055984384
INFO:logs/DIP_log_model_gaussian_kernel=16_sigma=4.log:train PSNR: 26.801091306146695
INFO:logs/DIP_log_model_gaussian_kernel=16_sigma=4.log:test PSNR: 26.87600277486433
INFO:logs/DIP_log_model_gaussian_kernel=16_sigma=4.log:train PSNR: 26.736898916190967
INFO:logs/DIP_log_model_gaussian_kernel=16_sigma=4.log:test PSNR: 26.87597765171759
INFO:logs/DIP_log_model_gaussian_kernel=16_sigma=4.log:train PSNR: 27.167345477464888
INFO:logs/DIP_log_model_gaussian_kernel=16_sigma=4.log:test PSNR: 26.876559105081625
INFO:logs/DIP_log_model_gaussian_kernel=16_sigma=4.log:train PSNR: 26.802832243967842
INFO:logs/DIP_log_model_gaussian_kernel=16_sigma=4.log:test PSNR: 26.87668649201551
INFO:logs/DIP_log_model_gaussian_kernel=16_sigma=4.log:train PSNR: 26.961882360472924
INFO:logs/DIP_log_model_gaussian_kernel=16_sigma=4.log:test PSNR: 26.875979116292196
INFO:logs/DIP_log_model_gaussian_kernel=16_sigma=4.log:train PSNR: 26.849905330288244
INFO:logs/DIP_log_model_gaussian_kernel=16_sigma=4.log:test PSNR: 26.876900121188083
INFO:logs/DIP_log_model_gaussian_kernel=16_sigma=4.log:train PSNR: 27.19233267009515
INFO:logs/DIP_log_model_gaussian_kernel=16_sigma=4.log:test PSNR: 26.878026574590592
INFO:logs/DIP_log_model_gaussian_kernel=16_sigma=4.log:train PSNR: 26.848270564438927
INFO:logs/DIP_log_model_gaussian_kernel=16_sigma=4.log:test PSNR: 26.87798890367978
INFO:logs/DIP_log_model_gaussian_kernel=16_sigma=4.log:train PSNR: 27.125644893014723
INFO:logs/DIP_log_model_gaussian_kernel=16_sigma=4.log:test PSNR: 26.876405879718874
INFO:logs/DIP_log_model_gaussian_kernel=16_sigma=4.log:train PSNR: 26.862742798089375
INFO:logs/DIP_log_model_gaussian_kernel=16_sigma=4.log:test PSNR: 26.877994457699877
