INFO:logs/DIP_log_model_gaussian_kernel=16_sigma=3.log_model:first model = 
ConvLista_T(
  (apply_A): ConvTranspose2d(175, 1, kernel_size=(11, 11), stride=(8, 8), bias=False)
  (apply_B): Conv2d(1, 175, kernel_size=(11, 11), stride=(8, 8), bias=False)
  (apply_C): Sequential(
    (0): ConvTranspose2d(175, 1, kernel_size=(11, 11), stride=(8, 8))
  )
  (soft_threshold): SoftThreshold()
)

INFO:logs/DIP_log_model_gaussian_kernel=16_sigma=3.log_model:config_dict = {'uuid': 'DIP_project_gaussian_kernel=16_sigma=3', 'kernel_size': 11, 'stride': 8, 'num_filters': 175, 'lr': 0.0002, 'unfoldings': 12, 'lr_decay': 0.35, 'patch_size': 128, 'num_epochs': 250, 'lr_step': 50, 'eps': 0.001, 'threshold': 0.01, 'noise_std': 0.09803921568627451, 'gaussian_size': 16, 'gaussian_sigma': 3}

INFO:logs/DIP_log_model_gaussian_kernel=16_sigma=3.log:Training model...
INFO:logs/DIP_log_model_gaussian_kernel=16_sigma=3.log:train PSNR: 23.01673159911266
INFO:logs/DIP_log_model_gaussian_kernel=16_sigma=3.log:test PSNR: 23.889917796034933
INFO:logs/DIP_log_model_gaussian_kernel=16_sigma=3.log:train PSNR: 23.95669597357958
INFO:logs/DIP_log_model_gaussian_kernel=16_sigma=3.log:test PSNR: 24.591623997228066
INFO:logs/DIP_log_model_gaussian_kernel=16_sigma=3.log:train PSNR: 24.343688471949044
INFO:logs/DIP_log_model_gaussian_kernel=16_sigma=3.log:test PSNR: 24.90741025113598
INFO:logs/DIP_log_model_gaussian_kernel=16_sigma=3.log:train PSNR: 24.710318146266033
INFO:logs/DIP_log_model_gaussian_kernel=16_sigma=3.log:test PSNR: 25.206616206635456
INFO:logs/DIP_log_model_gaussian_kernel=16_sigma=3.log:train PSNR: 24.65271677546608
INFO:logs/DIP_log_model_gaussian_kernel=16_sigma=3.log:test PSNR: 25.396451661211696
INFO:logs/DIP_log_model_gaussian_kernel=16_sigma=3.log:train PSNR: 25.029478644530723
INFO:logs/DIP_log_model_gaussian_kernel=16_sigma=3.log:test PSNR: 25.518013416538118
INFO:logs/DIP_log_model_gaussian_kernel=16_sigma=3.log:train PSNR: 25.53773248668863
INFO:logs/DIP_log_model_gaussian_kernel=16_sigma=3.log:test PSNR: 25.23215993405295
INFO:logs/DIP_log_model_gaussian_kernel=16_sigma=3.log:train PSNR: 25.462655855684037
INFO:logs/DIP_log_model_gaussian_kernel=16_sigma=3.log:test PSNR: 25.75984703143093
INFO:logs/DIP_log_model_gaussian_kernel=16_sigma=3.log:train PSNR: 25.720641152422374
INFO:logs/DIP_log_model_gaussian_kernel=16_sigma=3.log:test PSNR: 25.9440624330566
INFO:logs/DIP_log_model_gaussian_kernel=16_sigma=3.log:train PSNR: 25.789644283865098
INFO:logs/DIP_log_model_gaussian_kernel=16_sigma=3.log:test PSNR: 26.059720055416744
INFO:logs/DIP_log_model_gaussian_kernel=16_sigma=3.log:train PSNR: 25.82911709220674
INFO:logs/DIP_log_model_gaussian_kernel=16_sigma=3.log:test PSNR: 26.203442343713125
INFO:logs/DIP_log_model_gaussian_kernel=16_sigma=3.log:train PSNR: 26.0420673772763
INFO:logs/DIP_log_model_gaussian_kernel=16_sigma=3.log:test PSNR: 26.33403903718116
INFO:logs/DIP_log_model_gaussian_kernel=16_sigma=3.log:train PSNR: 26.3616789954543
INFO:logs/DIP_log_model_gaussian_kernel=16_sigma=3.log:test PSNR: 26.075388038036927
INFO:logs/DIP_log_model_gaussian_kernel=16_sigma=3.log:train PSNR: 26.015024415810885
INFO:logs/DIP_log_model_gaussian_kernel=16_sigma=3.log:test PSNR: 25.92056041612951
INFO:logs/DIP_log_model_gaussian_kernel=16_sigma=3.log:train PSNR: 26.102402211118157
INFO:logs/DIP_log_model_gaussian_kernel=16_sigma=3.log:test PSNR: 26.475613572994618
INFO:logs/DIP_log_model_gaussian_kernel=16_sigma=3.log:train PSNR: 26.310432792321283
INFO:logs/DIP_log_model_gaussian_kernel=16_sigma=3.log:test PSNR: 26.451606317725563
INFO:logs/DIP_log_model_gaussian_kernel=16_sigma=3.log:train PSNR: 26.51531237237869
INFO:logs/DIP_log_model_gaussian_kernel=16_sigma=3.log:test PSNR: 26.579752492304294
INFO:logs/DIP_log_model_gaussian_kernel=16_sigma=3.log:train PSNR: 26.853319715648148
INFO:logs/DIP_log_model_gaussian_kernel=16_sigma=3.log:test PSNR: 26.64084411101897
INFO:logs/DIP_log_model_gaussian_kernel=16_sigma=3.log:train PSNR: 26.673554527505107
INFO:logs/DIP_log_model_gaussian_kernel=16_sigma=3.log:test PSNR: 26.536694841546808
INFO:logs/DIP_log_model_gaussian_kernel=16_sigma=3.log:train PSNR: 26.783232006800286
INFO:logs/DIP_log_model_gaussian_kernel=16_sigma=3.log:test PSNR: 26.635616166725384
INFO:logs/DIP_log_model_gaussian_kernel=16_sigma=3.log:train PSNR: 26.73465429919639
INFO:logs/DIP_log_model_gaussian_kernel=16_sigma=3.log:test PSNR: 26.652826779524485
INFO:logs/DIP_log_model_gaussian_kernel=16_sigma=3.log:train PSNR: 27.03014240652996
INFO:logs/DIP_log_model_gaussian_kernel=16_sigma=3.log:test PSNR: 26.693568724660224
INFO:logs/DIP_log_model_gaussian_kernel=16_sigma=3.log:train PSNR: 26.93832957879204
INFO:logs/DIP_log_model_gaussian_kernel=16_sigma=3.log:test PSNR: 26.45542879076922
INFO:logs/DIP_log_model_gaussian_kernel=16_sigma=3.log:train PSNR: 26.795603869327827
INFO:logs/DIP_log_model_gaussian_kernel=16_sigma=3.log:test PSNR: 26.505783888384034
INFO:logs/DIP_log_model_gaussian_kernel=16_sigma=3.log:train PSNR: 26.967568981850675
INFO:logs/DIP_log_model_gaussian_kernel=16_sigma=3.log:test PSNR: 26.762620397763996
INFO:logs/DIP_log_model_gaussian_kernel=16_sigma=3.log:train PSNR: 27.14402732657657
INFO:logs/DIP_log_model_gaussian_kernel=16_sigma=3.log:test PSNR: 26.78459718870489
INFO:logs/DIP_log_model_gaussian_kernel=16_sigma=3.log:train PSNR: 27.065193364016707
INFO:logs/DIP_log_model_gaussian_kernel=16_sigma=3.log:test PSNR: 26.86729091127748
INFO:logs/DIP_log_model_gaussian_kernel=16_sigma=3.log:train PSNR: 27.249011269617984
INFO:logs/DIP_log_model_gaussian_kernel=16_sigma=3.log:test PSNR: 26.824678030335978
INFO:logs/DIP_log_model_gaussian_kernel=16_sigma=3.log:train PSNR: 27.022009751606845
INFO:logs/DIP_log_model_gaussian_kernel=16_sigma=3.log:test PSNR: 26.825931270447267
INFO:logs/DIP_log_model_gaussian_kernel=16_sigma=3.log:train PSNR: 27.445553650948014
INFO:logs/DIP_log_model_gaussian_kernel=16_sigma=3.log:test PSNR: 26.81916301324806
INFO:logs/DIP_log_model_gaussian_kernel=16_sigma=3.log:train PSNR: 27.077388751579832
INFO:logs/DIP_log_model_gaussian_kernel=16_sigma=3.log:test PSNR: 26.874189399359498
INFO:logs/DIP_log_model_gaussian_kernel=16_sigma=3.log:train PSNR: 27.129523107220805
INFO:logs/DIP_log_model_gaussian_kernel=16_sigma=3.log:test PSNR: 26.843944907047565
INFO:logs/DIP_log_model_gaussian_kernel=16_sigma=3.log:train PSNR: 27.16122644339418
INFO:logs/DIP_log_model_gaussian_kernel=16_sigma=3.log:test PSNR: 26.810947481742065
INFO:logs/DIP_log_model_gaussian_kernel=16_sigma=3.log:train PSNR: 27.327161152264654
INFO:logs/DIP_log_model_gaussian_kernel=16_sigma=3.log:test PSNR: 26.925440250596232
INFO:logs/DIP_log_model_gaussian_kernel=16_sigma=3.log:train PSNR: 27.248456137497403
INFO:logs/DIP_log_model_gaussian_kernel=16_sigma=3.log:test PSNR: 26.908807550605097
INFO:logs/DIP_log_model_gaussian_kernel=16_sigma=3.log:train PSNR: 27.300254740717445
INFO:logs/DIP_log_model_gaussian_kernel=16_sigma=3.log:test PSNR: 26.90338085656939
INFO:logs/DIP_log_model_gaussian_kernel=16_sigma=3.log:train PSNR: 27.29071886521829
INFO:logs/DIP_log_model_gaussian_kernel=16_sigma=3.log:test PSNR: 26.932911198964984
INFO:logs/DIP_log_model_gaussian_kernel=16_sigma=3.log:train PSNR: 27.236452419410075
INFO:logs/DIP_log_model_gaussian_kernel=16_sigma=3.log:test PSNR: 26.915608791137192
INFO:logs/DIP_log_model_gaussian_kernel=16_sigma=3.log:train PSNR: 27.193856790998353
INFO:logs/DIP_log_model_gaussian_kernel=16_sigma=3.log:test PSNR: 26.945300321426302
INFO:logs/DIP_log_model_gaussian_kernel=16_sigma=3.log:train PSNR: 27.25248850131089
INFO:logs/DIP_log_model_gaussian_kernel=16_sigma=3.log:test PSNR: 26.92956001502727
INFO:logs/DIP_log_model_gaussian_kernel=16_sigma=3.log:train PSNR: 27.149778354015307
INFO:logs/DIP_log_model_gaussian_kernel=16_sigma=3.log:test PSNR: 26.909968596282393
INFO:logs/DIP_log_model_gaussian_kernel=16_sigma=3.log:train PSNR: 27.14946468496178
INFO:logs/DIP_log_model_gaussian_kernel=16_sigma=3.log:test PSNR: 26.88778684947714
INFO:logs/DIP_log_model_gaussian_kernel=16_sigma=3.log:train PSNR: 27.583933180933812
INFO:logs/DIP_log_model_gaussian_kernel=16_sigma=3.log:test PSNR: 26.941013576761065
INFO:logs/DIP_log_model_gaussian_kernel=16_sigma=3.log:train PSNR: 27.103801511508564
INFO:logs/DIP_log_model_gaussian_kernel=16_sigma=3.log:test PSNR: 26.899650020397814
INFO:logs/DIP_log_model_gaussian_kernel=16_sigma=3.log:train PSNR: 27.10259603611509
INFO:logs/DIP_log_model_gaussian_kernel=16_sigma=3.log:test PSNR: 26.947021310270404
INFO:logs/DIP_log_model_gaussian_kernel=16_sigma=3.log:train PSNR: 27.0041715338633
INFO:logs/DIP_log_model_gaussian_kernel=16_sigma=3.log:test PSNR: 26.807477120460074
INFO:logs/DIP_log_model_gaussian_kernel=16_sigma=3.log:train PSNR: 27.18359853945635
INFO:logs/DIP_log_model_gaussian_kernel=16_sigma=3.log:test PSNR: 26.96667716492341
INFO:logs/DIP_log_model_gaussian_kernel=16_sigma=3.log:train PSNR: 27.301047260842395
INFO:logs/DIP_log_model_gaussian_kernel=16_sigma=3.log:test PSNR: 26.721087743038094
INFO:logs/DIP_log_model_gaussian_kernel=16_sigma=3.log:train PSNR: 27.48251140109417
INFO:logs/DIP_log_model_gaussian_kernel=16_sigma=3.log:test PSNR: 26.72921462396849
INFO:logs/DIP_log_model_gaussian_kernel=16_sigma=3.log:train PSNR: 27.298038377245604
INFO:logs/DIP_log_model_gaussian_kernel=16_sigma=3.log:test PSNR: 26.78271771608395
INFO:logs/DIP_log_model_gaussian_kernel=16_sigma=3.log:train PSNR: 27.45773099579971
INFO:logs/DIP_log_model_gaussian_kernel=16_sigma=3.log:test PSNR: 26.979735640229716
INFO:logs/DIP_log_model_gaussian_kernel=16_sigma=3.log:train PSNR: 27.471661904177076
INFO:logs/DIP_log_model_gaussian_kernel=16_sigma=3.log:test PSNR: 27.020657513246157
INFO:logs/DIP_log_model_gaussian_kernel=16_sigma=3.log:train PSNR: 27.683674222416887
INFO:logs/DIP_log_model_gaussian_kernel=16_sigma=3.log:test PSNR: 26.99568272437286
INFO:logs/DIP_log_model_gaussian_kernel=16_sigma=3.log:train PSNR: 27.57962433114442
INFO:logs/DIP_log_model_gaussian_kernel=16_sigma=3.log:test PSNR: 27.016290966591722
INFO:logs/DIP_log_model_gaussian_kernel=16_sigma=3.log:train PSNR: 27.555453649339388
INFO:logs/DIP_log_model_gaussian_kernel=16_sigma=3.log:test PSNR: 27.0037410442025
INFO:logs/DIP_log_model_gaussian_kernel=16_sigma=3.log:train PSNR: 27.89040849934046
INFO:logs/DIP_log_model_gaussian_kernel=16_sigma=3.log:test PSNR: 26.917396854960618
INFO:logs/DIP_log_model_gaussian_kernel=16_sigma=3.log:train PSNR: 27.437099195059485
INFO:logs/DIP_log_model_gaussian_kernel=16_sigma=3.log:test PSNR: 26.994821918407666
INFO:logs/DIP_log_model_gaussian_kernel=16_sigma=3.log:train PSNR: 27.37229995772275
INFO:logs/DIP_log_model_gaussian_kernel=16_sigma=3.log:test PSNR: 26.984701272332615
INFO:logs/DIP_log_model_gaussian_kernel=16_sigma=3.log:train PSNR: 27.325147922130938
INFO:logs/DIP_log_model_gaussian_kernel=16_sigma=3.log:test PSNR: 27.012444830843048
INFO:logs/DIP_log_model_gaussian_kernel=16_sigma=3.log:train PSNR: 27.435639671101917
INFO:logs/DIP_log_model_gaussian_kernel=16_sigma=3.log:test PSNR: 27.002217083901296
INFO:logs/DIP_log_model_gaussian_kernel=16_sigma=3.log:train PSNR: 27.52417422449988
INFO:logs/DIP_log_model_gaussian_kernel=16_sigma=3.log:test PSNR: 27.01670054290634
INFO:logs/DIP_log_model_gaussian_kernel=16_sigma=3.log:train PSNR: 27.895363005418083
INFO:logs/DIP_log_model_gaussian_kernel=16_sigma=3.log:test PSNR: 27.01797154058966
INFO:logs/DIP_log_model_gaussian_kernel=16_sigma=3.log:train PSNR: 27.615600009933445
INFO:logs/DIP_log_model_gaussian_kernel=16_sigma=3.log:test PSNR: 26.99163699472099
INFO:logs/DIP_log_model_gaussian_kernel=16_sigma=3.log:train PSNR: 27.43946521810159
INFO:logs/DIP_log_model_gaussian_kernel=16_sigma=3.log:test PSNR: 26.97514422753563
INFO:logs/DIP_log_model_gaussian_kernel=16_sigma=3.log:train PSNR: 27.510270489932573
INFO:logs/DIP_log_model_gaussian_kernel=16_sigma=3.log:test PSNR: 26.926755837283025
INFO:logs/DIP_log_model_gaussian_kernel=16_sigma=3.log:train PSNR: 27.72356761093543
INFO:logs/DIP_log_model_gaussian_kernel=16_sigma=3.log:test PSNR: 27.010459752561502
INFO:logs/DIP_log_model_gaussian_kernel=16_sigma=3.log:train PSNR: 27.451328558040508
INFO:logs/DIP_log_model_gaussian_kernel=16_sigma=3.log:test PSNR: 26.983558045667753
INFO:logs/DIP_log_model_gaussian_kernel=16_sigma=3.log:train PSNR: 27.343363974505902
INFO:logs/DIP_log_model_gaussian_kernel=16_sigma=3.log:test PSNR: 26.990022070158084
INFO:logs/DIP_log_model_gaussian_kernel=16_sigma=3.log:train PSNR: 27.443128879930505
INFO:logs/DIP_log_model_gaussian_kernel=16_sigma=3.log:test PSNR: 26.968720630529724
INFO:logs/DIP_log_model_gaussian_kernel=16_sigma=3.log:train PSNR: 27.803224000124942
INFO:logs/DIP_log_model_gaussian_kernel=16_sigma=3.log:test PSNR: 26.991357844263963
INFO:logs/DIP_log_model_gaussian_kernel=16_sigma=3.log:train PSNR: 27.657139316014582
INFO:logs/DIP_log_model_gaussian_kernel=16_sigma=3.log:test PSNR: 26.864637489170796
INFO:logs/DIP_log_model_gaussian_kernel=16_sigma=3.log:train PSNR: 27.885510161699425
INFO:logs/DIP_log_model_gaussian_kernel=16_sigma=3.log:test PSNR: 26.966823868994553
INFO:logs/DIP_log_model_gaussian_kernel=16_sigma=3.log:train PSNR: 27.62587356186775
INFO:logs/DIP_log_model_gaussian_kernel=16_sigma=3.log:test PSNR: 26.920795092367186
INFO:logs/DIP_log_model_gaussian_kernel=16_sigma=3.log:train PSNR: 27.813412172570963
INFO:logs/DIP_log_model_gaussian_kernel=16_sigma=3.log:test PSNR: 26.956551693358467
INFO:logs/DIP_log_model_gaussian_kernel=16_sigma=3.log:train PSNR: 27.450707217190836
INFO:logs/DIP_log_model_gaussian_kernel=16_sigma=3.log:test PSNR: 26.97805188398443
INFO:logs/DIP_log_model_gaussian_kernel=16_sigma=3.log:train PSNR: 27.603284511514673
INFO:logs/DIP_log_model_gaussian_kernel=16_sigma=3.log:test PSNR: 26.969314916679384
INFO:logs/DIP_log_model_gaussian_kernel=16_sigma=3.log:train PSNR: 27.59507263046074
INFO:logs/DIP_log_model_gaussian_kernel=16_sigma=3.log:test PSNR: 26.98254356769142
INFO:logs/DIP_log_model_gaussian_kernel=16_sigma=3.log:train PSNR: 27.879835353104845
INFO:logs/DIP_log_model_gaussian_kernel=16_sigma=3.log:test PSNR: 26.97815905145628
INFO:logs/DIP_log_model_gaussian_kernel=16_sigma=3.log:train PSNR: 27.79599622542922
INFO:logs/DIP_log_model_gaussian_kernel=16_sigma=3.log:test PSNR: 26.977365176381795
INFO:logs/DIP_log_model_gaussian_kernel=16_sigma=3.log:train PSNR: 27.851926267764753
INFO:logs/DIP_log_model_gaussian_kernel=16_sigma=3.log:test PSNR: 26.971235223041717
INFO:logs/DIP_log_model_gaussian_kernel=16_sigma=3.log:train PSNR: 27.702500364451925
INFO:logs/DIP_log_model_gaussian_kernel=16_sigma=3.log:test PSNR: 26.98418846382364
INFO:logs/DIP_log_model_gaussian_kernel=16_sigma=3.log:train PSNR: 27.755277738049116
INFO:logs/DIP_log_model_gaussian_kernel=16_sigma=3.log:test PSNR: 26.980609672585246
INFO:logs/DIP_log_model_gaussian_kernel=16_sigma=3.log:train PSNR: 27.750429690871556
INFO:logs/DIP_log_model_gaussian_kernel=16_sigma=3.log:test PSNR: 26.97100602045289
INFO:logs/DIP_log_model_gaussian_kernel=16_sigma=3.log:train PSNR: 27.74582723142835
INFO:logs/DIP_log_model_gaussian_kernel=16_sigma=3.log:test PSNR: 26.960530412795375
INFO:logs/DIP_log_model_gaussian_kernel=16_sigma=3.log:train PSNR: 27.838876902884163
INFO:logs/DIP_log_model_gaussian_kernel=16_sigma=3.log:test PSNR: 26.982780015284366
INFO:logs/DIP_log_model_gaussian_kernel=16_sigma=3.log:train PSNR: 27.94608641999455
INFO:logs/DIP_log_model_gaussian_kernel=16_sigma=3.log:test PSNR: 26.933905929478527
INFO:logs/DIP_log_model_gaussian_kernel=16_sigma=3.log:train PSNR: 27.754016274267464
INFO:logs/DIP_log_model_gaussian_kernel=16_sigma=3.log:test PSNR: 26.950475883913157
INFO:logs/DIP_log_model_gaussian_kernel=16_sigma=3.log:train PSNR: 27.705211868157544
INFO:logs/DIP_log_model_gaussian_kernel=16_sigma=3.log:test PSNR: 26.965614364448214
INFO:logs/DIP_log_model_gaussian_kernel=16_sigma=3.log:train PSNR: 28.147985923539956
INFO:logs/DIP_log_model_gaussian_kernel=16_sigma=3.log:test PSNR: 26.95319853286454
INFO:logs/DIP_log_model_gaussian_kernel=16_sigma=3.log:train PSNR: 27.718051443841528
INFO:logs/DIP_log_model_gaussian_kernel=16_sigma=3.log:test PSNR: 26.958725536723694
INFO:logs/DIP_log_model_gaussian_kernel=16_sigma=3.log:train PSNR: 27.614147651588407
INFO:logs/DIP_log_model_gaussian_kernel=16_sigma=3.log:test PSNR: 26.94966753062297
INFO:logs/DIP_log_model_gaussian_kernel=16_sigma=3.log:train PSNR: 27.827753360429792
INFO:logs/DIP_log_model_gaussian_kernel=16_sigma=3.log:test PSNR: 26.929812249199124
INFO:logs/DIP_log_model_gaussian_kernel=16_sigma=3.log:train PSNR: 27.691683561688194
INFO:logs/DIP_log_model_gaussian_kernel=16_sigma=3.log:test PSNR: 26.932566829824637
INFO:logs/DIP_log_model_gaussian_kernel=16_sigma=3.log:train PSNR: 28.023871423232027
INFO:logs/DIP_log_model_gaussian_kernel=16_sigma=3.log:test PSNR: 26.946446154566644
INFO:logs/DIP_log_model_gaussian_kernel=16_sigma=3.log:train PSNR: 27.391279195670048
INFO:logs/DIP_log_model_gaussian_kernel=16_sigma=3.log:test PSNR: 26.969801468726992
INFO:logs/DIP_log_model_gaussian_kernel=16_sigma=3.log:train PSNR: 28.219123115764386
INFO:logs/DIP_log_model_gaussian_kernel=16_sigma=3.log:test PSNR: 26.96475424341591
INFO:logs/DIP_log_model_gaussian_kernel=16_sigma=3.log:train PSNR: 28.032086435822436
INFO:logs/DIP_log_model_gaussian_kernel=16_sigma=3.log:test PSNR: 26.951500793807078
INFO:logs/DIP_log_model_gaussian_kernel=16_sigma=3.log:train PSNR: 27.891873695676303
INFO:logs/DIP_log_model_gaussian_kernel=16_sigma=3.log:test PSNR: 26.979859224816067
INFO:logs/DIP_log_model_gaussian_kernel=16_sigma=3.log:train PSNR: 27.92282738437357
INFO:logs/DIP_log_model_gaussian_kernel=16_sigma=3.log:test PSNR: 26.96131032148962
INFO:logs/DIP_log_model_gaussian_kernel=16_sigma=3.log:train PSNR: 27.795758207234545
INFO:logs/DIP_log_model_gaussian_kernel=16_sigma=3.log:test PSNR: 26.98240254735363
INFO:logs/DIP_log_model_gaussian_kernel=16_sigma=3.log:train PSNR: 27.955634792857303
INFO:logs/DIP_log_model_gaussian_kernel=16_sigma=3.log:test PSNR: 26.955267741118167
INFO:logs/DIP_log_model_gaussian_kernel=16_sigma=3.log:train PSNR: 27.884895179295317
INFO:logs/DIP_log_model_gaussian_kernel=16_sigma=3.log:test PSNR: 26.96052524027881
INFO:logs/DIP_log_model_gaussian_kernel=16_sigma=3.log:train PSNR: 27.910207157245377
INFO:logs/DIP_log_model_gaussian_kernel=16_sigma=3.log:test PSNR: 26.96962432112239
INFO:logs/DIP_log_model_gaussian_kernel=16_sigma=3.log:train PSNR: 28.243830472135873
INFO:logs/DIP_log_model_gaussian_kernel=16_sigma=3.log:test PSNR: 26.956862447478535
INFO:logs/DIP_log_model_gaussian_kernel=16_sigma=3.log:train PSNR: 27.821656890006555
INFO:logs/DIP_log_model_gaussian_kernel=16_sigma=3.log:test PSNR: 26.973415407403486
INFO:logs/DIP_log_model_gaussian_kernel=16_sigma=3.log:train PSNR: 27.72713571864536
INFO:logs/DIP_log_model_gaussian_kernel=16_sigma=3.log:test PSNR: 26.96198440172764
INFO:logs/DIP_log_model_gaussian_kernel=16_sigma=3.log:train PSNR: 27.6176119234613
INFO:logs/DIP_log_model_gaussian_kernel=16_sigma=3.log:test PSNR: 26.961086048596794
INFO:logs/DIP_log_model_gaussian_kernel=16_sigma=3.log:train PSNR: 28.065779880255622
INFO:logs/DIP_log_model_gaussian_kernel=16_sigma=3.log:test PSNR: 26.965908974446087
INFO:logs/DIP_log_model_gaussian_kernel=16_sigma=3.log:train PSNR: 28.008724124261835
INFO:logs/DIP_log_model_gaussian_kernel=16_sigma=3.log:test PSNR: 26.96973757730895
INFO:logs/DIP_log_model_gaussian_kernel=16_sigma=3.log:train PSNR: 27.85686693151619
INFO:logs/DIP_log_model_gaussian_kernel=16_sigma=3.log:test PSNR: 26.94383404153424
INFO:logs/DIP_log_model_gaussian_kernel=16_sigma=3.log:train PSNR: 27.93360283608669
INFO:logs/DIP_log_model_gaussian_kernel=16_sigma=3.log:test PSNR: 26.963936145180032
INFO:logs/DIP_log_model_gaussian_kernel=16_sigma=3.log:train PSNR: 27.597754381857698
INFO:logs/DIP_log_model_gaussian_kernel=16_sigma=3.log:test PSNR: 26.97545971532238
INFO:logs/DIP_log_model_gaussian_kernel=16_sigma=3.log:train PSNR: 27.83751809732515
INFO:logs/DIP_log_model_gaussian_kernel=16_sigma=3.log:test PSNR: 26.978522437866882
INFO:logs/DIP_log_model_gaussian_kernel=16_sigma=3.log:train PSNR: 27.888459474613896
INFO:logs/DIP_log_model_gaussian_kernel=16_sigma=3.log:test PSNR: 26.982558448901685
INFO:logs/DIP_log_model_gaussian_kernel=16_sigma=3.log:train PSNR: 27.958210565998552
INFO:logs/DIP_log_model_gaussian_kernel=16_sigma=3.log:test PSNR: 26.977098405651805
INFO:logs/DIP_log_model_gaussian_kernel=16_sigma=3.log:train PSNR: 28.09899973232129
INFO:logs/DIP_log_model_gaussian_kernel=16_sigma=3.log:test PSNR: 26.969778827111526
INFO:logs/DIP_log_model_gaussian_kernel=16_sigma=3.log:train PSNR: 27.845418252118556
INFO:logs/DIP_log_model_gaussian_kernel=16_sigma=3.log:test PSNR: 26.97599023811171
INFO:logs/DIP_log_model_gaussian_kernel=16_sigma=3.log:train PSNR: 27.829385134302694
INFO:logs/DIP_log_model_gaussian_kernel=16_sigma=3.log:test PSNR: 26.980724262317498
INFO:logs/DIP_log_model_gaussian_kernel=16_sigma=3.log:train PSNR: 27.7011825967236
INFO:logs/DIP_log_model_gaussian_kernel=16_sigma=3.log:test PSNR: 26.966583745703876
INFO:logs/DIP_log_model_gaussian_kernel=16_sigma=3.log:train PSNR: 27.685936476253993
INFO:logs/DIP_log_model_gaussian_kernel=16_sigma=3.log:test PSNR: 26.97067467993893
INFO:logs/DIP_log_model_gaussian_kernel=16_sigma=3.log:train PSNR: 27.85331884079696
INFO:logs/DIP_log_model_gaussian_kernel=16_sigma=3.log:test PSNR: 26.96239791070105
INFO:logs/DIP_log_model_gaussian_kernel=16_sigma=3.log:train PSNR: 28.103960825183506
INFO:logs/DIP_log_model_gaussian_kernel=16_sigma=3.log:test PSNR: 26.95855457381423
INFO:logs/DIP_log_model_gaussian_kernel=16_sigma=3.log:train PSNR: 27.93380944722997
INFO:logs/DIP_log_model_gaussian_kernel=16_sigma=3.log:test PSNR: 26.97571327288708
INFO:logs/DIP_log_model_gaussian_kernel=16_sigma=3.log:train PSNR: 27.957434559813045
INFO:logs/DIP_log_model_gaussian_kernel=16_sigma=3.log:test PSNR: 26.994675615969513
INFO:logs/DIP_log_model_gaussian_kernel=16_sigma=3.log:train PSNR: 27.7568394051353
INFO:logs/DIP_log_model_gaussian_kernel=16_sigma=3.log:test PSNR: 26.961294800024433
INFO:logs/DIP_log_model_gaussian_kernel=16_sigma=3.log:train PSNR: 27.897041376570186
INFO:logs/DIP_log_model_gaussian_kernel=16_sigma=3.log:test PSNR: 26.97521584872894
INFO:logs/DIP_log_model_gaussian_kernel=16_sigma=3.log:train PSNR: 28.201277532599494
INFO:logs/DIP_log_model_gaussian_kernel=16_sigma=3.log:test PSNR: 26.978443817175737
INFO:logs/DIP_log_model_gaussian_kernel=16_sigma=3.log:train PSNR: 27.647732243569923
INFO:logs/DIP_log_model_gaussian_kernel=16_sigma=3.log:test PSNR: 26.974518261110166
INFO:logs/DIP_log_model_gaussian_kernel=16_sigma=3.log:train PSNR: 27.67862942689328
INFO:logs/DIP_log_model_gaussian_kernel=16_sigma=3.log:test PSNR: 26.96907985434194
INFO:logs/DIP_log_model_gaussian_kernel=16_sigma=3.log:train PSNR: 27.87072536554516
INFO:logs/DIP_log_model_gaussian_kernel=16_sigma=3.log:test PSNR: 26.979172447307644
INFO:logs/DIP_log_model_gaussian_kernel=16_sigma=3.log:train PSNR: 27.84091845143358
INFO:logs/DIP_log_model_gaussian_kernel=16_sigma=3.log:test PSNR: 26.97498852709859
INFO:logs/DIP_log_model_gaussian_kernel=16_sigma=3.log:train PSNR: 27.923525899692745
INFO:logs/DIP_log_model_gaussian_kernel=16_sigma=3.log:test PSNR: 26.979902233324033
INFO:logs/DIP_log_model_gaussian_kernel=16_sigma=3.log:train PSNR: 27.810969877313315
INFO:logs/DIP_log_model_gaussian_kernel=16_sigma=3.log:test PSNR: 26.985898615686743
INFO:logs/DIP_log_model_gaussian_kernel=16_sigma=3.log:train PSNR: 27.515933606801322
INFO:logs/DIP_log_model_gaussian_kernel=16_sigma=3.log:test PSNR: 26.958234046043376
INFO:logs/DIP_log_model_gaussian_kernel=16_sigma=3.log:train PSNR: 28.129982708378925
INFO:logs/DIP_log_model_gaussian_kernel=16_sigma=3.log:test PSNR: 26.975927193922832
INFO:logs/DIP_log_model_gaussian_kernel=16_sigma=3.log:train PSNR: 28.001979171863592
INFO:logs/DIP_log_model_gaussian_kernel=16_sigma=3.log:test PSNR: 26.975511750404376
INFO:logs/DIP_log_model_gaussian_kernel=16_sigma=3.log:train PSNR: 27.679654080059375
INFO:logs/DIP_log_model_gaussian_kernel=16_sigma=3.log:test PSNR: 26.972108309092658
INFO:logs/DIP_log_model_gaussian_kernel=16_sigma=3.log:train PSNR: 27.634512872846496
INFO:logs/DIP_log_model_gaussian_kernel=16_sigma=3.log:test PSNR: 26.96822336475355
INFO:logs/DIP_log_model_gaussian_kernel=16_sigma=3.log:train PSNR: 27.768310619458877
INFO:logs/DIP_log_model_gaussian_kernel=16_sigma=3.log:test PSNR: 26.9708979978986
INFO:logs/DIP_log_model_gaussian_kernel=16_sigma=3.log:train PSNR: 27.889406478579033
INFO:logs/DIP_log_model_gaussian_kernel=16_sigma=3.log:test PSNR: 26.967423604246896
INFO:logs/DIP_log_model_gaussian_kernel=16_sigma=3.log:train PSNR: 27.727489263268826
INFO:logs/DIP_log_model_gaussian_kernel=16_sigma=3.log:test PSNR: 26.974213007768384
INFO:logs/DIP_log_model_gaussian_kernel=16_sigma=3.log:train PSNR: 27.740608680776788
INFO:logs/DIP_log_model_gaussian_kernel=16_sigma=3.log:test PSNR: 26.97097026273505
INFO:logs/DIP_log_model_gaussian_kernel=16_sigma=3.log:train PSNR: 27.556218774956875
INFO:logs/DIP_log_model_gaussian_kernel=16_sigma=3.log:test PSNR: 26.97068336521831
INFO:logs/DIP_log_model_gaussian_kernel=16_sigma=3.log:train PSNR: 27.709159069312413
INFO:logs/DIP_log_model_gaussian_kernel=16_sigma=3.log:test PSNR: 26.971582590482498
INFO:logs/DIP_log_model_gaussian_kernel=16_sigma=3.log:train PSNR: 27.764183284921632
INFO:logs/DIP_log_model_gaussian_kernel=16_sigma=3.log:test PSNR: 26.966917585929163
INFO:logs/DIP_log_model_gaussian_kernel=16_sigma=3.log:train PSNR: 27.909951905050363
INFO:logs/DIP_log_model_gaussian_kernel=16_sigma=3.log:test PSNR: 26.9674577278094
INFO:logs/DIP_log_model_gaussian_kernel=16_sigma=3.log:train PSNR: 27.67214319132365
INFO:logs/DIP_log_model_gaussian_kernel=16_sigma=3.log:test PSNR: 26.966372066886063
INFO:logs/DIP_log_model_gaussian_kernel=16_sigma=3.log:train PSNR: 27.624215306558217
INFO:logs/DIP_log_model_gaussian_kernel=16_sigma=3.log:test PSNR: 26.968897071860777
INFO:logs/DIP_log_model_gaussian_kernel=16_sigma=3.log:train PSNR: 27.714847855137897
INFO:logs/DIP_log_model_gaussian_kernel=16_sigma=3.log:test PSNR: 26.97273648386641
INFO:logs/DIP_log_model_gaussian_kernel=16_sigma=3.log:train PSNR: 28.13720031819776
INFO:logs/DIP_log_model_gaussian_kernel=16_sigma=3.log:test PSNR: 26.9717186990864
INFO:logs/DIP_log_model_gaussian_kernel=16_sigma=3.log:train PSNR: 28.216281858142253
INFO:logs/DIP_log_model_gaussian_kernel=16_sigma=3.log:test PSNR: 26.971464471363483
INFO:logs/DIP_log_model_gaussian_kernel=16_sigma=3.log:train PSNR: 28.13977464932562
INFO:logs/DIP_log_model_gaussian_kernel=16_sigma=3.log:test PSNR: 26.977226834418484
INFO:logs/DIP_log_model_gaussian_kernel=16_sigma=3.log:train PSNR: 27.985127715382447
INFO:logs/DIP_log_model_gaussian_kernel=16_sigma=3.log:test PSNR: 26.973937494674104
INFO:logs/DIP_log_model_gaussian_kernel=16_sigma=3.log:train PSNR: 27.886562655303415
INFO:logs/DIP_log_model_gaussian_kernel=16_sigma=3.log:test PSNR: 26.974187027828187
INFO:logs/DIP_log_model_gaussian_kernel=16_sigma=3.log:train PSNR: 27.779901130613318
INFO:logs/DIP_log_model_gaussian_kernel=16_sigma=3.log:test PSNR: 26.97737942085068
INFO:logs/DIP_log_model_gaussian_kernel=16_sigma=3.log:train PSNR: 27.85144359258978
INFO:logs/DIP_log_model_gaussian_kernel=16_sigma=3.log:test PSNR: 26.978929927472155
INFO:logs/DIP_log_model_gaussian_kernel=16_sigma=3.log:train PSNR: 28.096075959885123
INFO:logs/DIP_log_model_gaussian_kernel=16_sigma=3.log:test PSNR: 26.97830147738482
INFO:logs/DIP_log_model_gaussian_kernel=16_sigma=3.log:train PSNR: 27.899828331164347
INFO:logs/DIP_log_model_gaussian_kernel=16_sigma=3.log:test PSNR: 26.97512761529673
INFO:logs/DIP_log_model_gaussian_kernel=16_sigma=3.log:train PSNR: 27.850869635188108
INFO:logs/DIP_log_model_gaussian_kernel=16_sigma=3.log:test PSNR: 26.97395341172386
INFO:logs/DIP_log_model_gaussian_kernel=16_sigma=3.log:train PSNR: 28.322413023787142
INFO:logs/DIP_log_model_gaussian_kernel=16_sigma=3.log:test PSNR: 26.97419326159746
INFO:logs/DIP_log_model_gaussian_kernel=16_sigma=3.log:train PSNR: 27.97314614082421
INFO:logs/DIP_log_model_gaussian_kernel=16_sigma=3.log:test PSNR: 26.97382940244101
INFO:logs/DIP_log_model_gaussian_kernel=16_sigma=3.log:train PSNR: 28.147629489874806
INFO:logs/DIP_log_model_gaussian_kernel=16_sigma=3.log:test PSNR: 26.976222693987605
INFO:logs/DIP_log_model_gaussian_kernel=16_sigma=3.log:train PSNR: 27.811894750184997
INFO:logs/DIP_log_model_gaussian_kernel=16_sigma=3.log:test PSNR: 26.976208371575787
INFO:logs/DIP_log_model_gaussian_kernel=16_sigma=3.log:train PSNR: 27.92250178605507
INFO:logs/DIP_log_model_gaussian_kernel=16_sigma=3.log:test PSNR: 26.97592459798211
INFO:logs/DIP_log_model_gaussian_kernel=16_sigma=3.log:train PSNR: 27.80603784542127
INFO:logs/DIP_log_model_gaussian_kernel=16_sigma=3.log:test PSNR: 26.975620205868513
INFO:logs/DIP_log_model_gaussian_kernel=16_sigma=3.log:train PSNR: 27.797397969548157
INFO:logs/DIP_log_model_gaussian_kernel=16_sigma=3.log:test PSNR: 26.97426480129521
INFO:logs/DIP_log_model_gaussian_kernel=16_sigma=3.log:train PSNR: 27.989988352333643
INFO:logs/DIP_log_model_gaussian_kernel=16_sigma=3.log:test PSNR: 26.980156342066532
INFO:logs/DIP_log_model_gaussian_kernel=16_sigma=3.log:train PSNR: 27.960883601809247
INFO:logs/DIP_log_model_gaussian_kernel=16_sigma=3.log:test PSNR: 26.98130398539808
INFO:logs/DIP_log_model_gaussian_kernel=16_sigma=3.log:train PSNR: 27.830695528352468
INFO:logs/DIP_log_model_gaussian_kernel=16_sigma=3.log:test PSNR: 26.980646361257648
INFO:logs/DIP_log_model_gaussian_kernel=16_sigma=3.log:train PSNR: 28.04595666428468
INFO:logs/DIP_log_model_gaussian_kernel=16_sigma=3.log:test PSNR: 26.979075279757243
INFO:logs/DIP_log_model_gaussian_kernel=16_sigma=3.log:train PSNR: 27.778953181647477
INFO:logs/DIP_log_model_gaussian_kernel=16_sigma=3.log:test PSNR: 26.97498279940373
INFO:logs/DIP_log_model_gaussian_kernel=16_sigma=3.log:train PSNR: 27.990877923647346
INFO:logs/DIP_log_model_gaussian_kernel=16_sigma=3.log:test PSNR: 26.9791346148483
INFO:logs/DIP_log_model_gaussian_kernel=16_sigma=3.log:train PSNR: 27.960623997089336
INFO:logs/DIP_log_model_gaussian_kernel=16_sigma=3.log:test PSNR: 26.975833399215546
INFO:logs/DIP_log_model_gaussian_kernel=16_sigma=3.log:train PSNR: 27.780848899872463
INFO:logs/DIP_log_model_gaussian_kernel=16_sigma=3.log:test PSNR: 26.973798089547273
INFO:logs/DIP_log_model_gaussian_kernel=16_sigma=3.log:train PSNR: 27.732444507071616
INFO:logs/DIP_log_model_gaussian_kernel=16_sigma=3.log:test PSNR: 26.978051404113714
INFO:logs/DIP_log_model_gaussian_kernel=16_sigma=3.log:train PSNR: 27.866704965285155
INFO:logs/DIP_log_model_gaussian_kernel=16_sigma=3.log:test PSNR: 26.977834279617195
INFO:logs/DIP_log_model_gaussian_kernel=16_sigma=3.log:train PSNR: 27.907978580693275
INFO:logs/DIP_log_model_gaussian_kernel=16_sigma=3.log:test PSNR: 26.979609664723203
INFO:logs/DIP_log_model_gaussian_kernel=16_sigma=3.log:train PSNR: 27.986904251166703
INFO:logs/DIP_log_model_gaussian_kernel=16_sigma=3.log:test PSNR: 26.979215675715476
INFO:logs/DIP_log_model_gaussian_kernel=16_sigma=3.log:train PSNR: 27.805145074890028
INFO:logs/DIP_log_model_gaussian_kernel=16_sigma=3.log:test PSNR: 26.97651132680557
INFO:logs/DIP_log_model_gaussian_kernel=16_sigma=3.log:train PSNR: 28.086974192684654
INFO:logs/DIP_log_model_gaussian_kernel=16_sigma=3.log:test PSNR: 26.980130758158552
INFO:logs/DIP_log_model_gaussian_kernel=16_sigma=3.log:train PSNR: 27.869508581361274
INFO:logs/DIP_log_model_gaussian_kernel=16_sigma=3.log:test PSNR: 26.97863324860298
INFO:logs/DIP_log_model_gaussian_kernel=16_sigma=3.log:train PSNR: 27.81418145238195
INFO:logs/DIP_log_model_gaussian_kernel=16_sigma=3.log:test PSNR: 26.979337455945277
INFO:logs/DIP_log_model_gaussian_kernel=16_sigma=3.log:train PSNR: 27.697947103461637
INFO:logs/DIP_log_model_gaussian_kernel=16_sigma=3.log:test PSNR: 26.97791794733116
INFO:logs/DIP_log_model_gaussian_kernel=16_sigma=3.log:train PSNR: 27.8607852708413
INFO:logs/DIP_log_model_gaussian_kernel=16_sigma=3.log:test PSNR: 26.977540034421672
INFO:logs/DIP_log_model_gaussian_kernel=16_sigma=3.log:train PSNR: 27.966459161729396
INFO:logs/DIP_log_model_gaussian_kernel=16_sigma=3.log:test PSNR: 26.977001336026422
INFO:logs/DIP_log_model_gaussian_kernel=16_sigma=3.log:train PSNR: 27.812339469051807
INFO:logs/DIP_log_model_gaussian_kernel=16_sigma=3.log:test PSNR: 26.97746255509757
INFO:logs/DIP_log_model_gaussian_kernel=16_sigma=3.log:train PSNR: 27.930740794965434
INFO:logs/DIP_log_model_gaussian_kernel=16_sigma=3.log:test PSNR: 26.97791566607112
INFO:logs/DIP_log_model_gaussian_kernel=16_sigma=3.log:train PSNR: 27.797835452574525
INFO:logs/DIP_log_model_gaussian_kernel=16_sigma=3.log:test PSNR: 26.978090772292077
INFO:logs/DIP_log_model_gaussian_kernel=16_sigma=3.log:train PSNR: 27.93808178638478
INFO:logs/DIP_log_model_gaussian_kernel=16_sigma=3.log:test PSNR: 26.97807614829317
INFO:logs/DIP_log_model_gaussian_kernel=16_sigma=3.log:train PSNR: 27.917034141123473
INFO:logs/DIP_log_model_gaussian_kernel=16_sigma=3.log:test PSNR: 26.978900484750206
INFO:logs/DIP_log_model_gaussian_kernel=16_sigma=3.log:train PSNR: 28.107708133970704
INFO:logs/DIP_log_model_gaussian_kernel=16_sigma=3.log:test PSNR: 26.97915989431429
INFO:logs/DIP_log_model_gaussian_kernel=16_sigma=3.log:train PSNR: 27.85587894780702
INFO:logs/DIP_log_model_gaussian_kernel=16_sigma=3.log:test PSNR: 26.97702257469027
INFO:logs/DIP_log_model_gaussian_kernel=16_sigma=3.log:train PSNR: 27.734607620092135
INFO:logs/DIP_log_model_gaussian_kernel=16_sigma=3.log:test PSNR: 26.97566479656761
INFO:logs/DIP_log_model_gaussian_kernel=16_sigma=3.log:train PSNR: 27.88961500022587
INFO:logs/DIP_log_model_gaussian_kernel=16_sigma=3.log:test PSNR: 26.976277762740587
INFO:logs/DIP_log_model_gaussian_kernel=16_sigma=3.log:train PSNR: 27.99096088913698
INFO:logs/DIP_log_model_gaussian_kernel=16_sigma=3.log:test PSNR: 26.9762686003922
INFO:logs/DIP_log_model_gaussian_kernel=16_sigma=3.log:train PSNR: 27.835432733618315
INFO:logs/DIP_log_model_gaussian_kernel=16_sigma=3.log:test PSNR: 26.977811814192076
INFO:logs/DIP_log_model_gaussian_kernel=16_sigma=3.log:train PSNR: 27.90463133927914
INFO:logs/DIP_log_model_gaussian_kernel=16_sigma=3.log:test PSNR: 26.97950059361104
INFO:logs/DIP_log_model_gaussian_kernel=16_sigma=3.log:train PSNR: 28.036819510009323
INFO:logs/DIP_log_model_gaussian_kernel=16_sigma=3.log:test PSNR: 26.98091889041045
INFO:logs/DIP_log_model_gaussian_kernel=16_sigma=3.log:train PSNR: 27.87385949063345
INFO:logs/DIP_log_model_gaussian_kernel=16_sigma=3.log:test PSNR: 26.97757688370995
INFO:logs/DIP_log_model_gaussian_kernel=16_sigma=3.log:train PSNR: 27.767782212424986
INFO:logs/DIP_log_model_gaussian_kernel=16_sigma=3.log:test PSNR: 26.978227073663028
INFO:logs/DIP_log_model_gaussian_kernel=16_sigma=3.log:train PSNR: 27.887566762897325
INFO:logs/DIP_log_model_gaussian_kernel=16_sigma=3.log:test PSNR: 26.978187843232575
INFO:logs/DIP_log_model_gaussian_kernel=16_sigma=3.log:train PSNR: 27.89849125670093
INFO:logs/DIP_log_model_gaussian_kernel=16_sigma=3.log:test PSNR: 26.978905390507876
INFO:logs/DIP_log_model_gaussian_kernel=16_sigma=3.log:train PSNR: 27.81604896307722
INFO:logs/DIP_log_model_gaussian_kernel=16_sigma=3.log:test PSNR: 26.97955203092958
INFO:logs/DIP_log_model_gaussian_kernel=16_sigma=3.log:train PSNR: 27.57678933934804
INFO:logs/DIP_log_model_gaussian_kernel=16_sigma=3.log:test PSNR: 26.979985588319106
INFO:logs/DIP_log_model_gaussian_kernel=16_sigma=3.log:train PSNR: 27.965598004034675
INFO:logs/DIP_log_model_gaussian_kernel=16_sigma=3.log:test PSNR: 26.980485869944093
INFO:logs/DIP_log_model_gaussian_kernel=16_sigma=3.log:train PSNR: 28.071649262469336
INFO:logs/DIP_log_model_gaussian_kernel=16_sigma=3.log:test PSNR: 26.97967522985657
INFO:logs/DIP_log_model_gaussian_kernel=16_sigma=3.log:train PSNR: 27.87540032565509
INFO:logs/DIP_log_model_gaussian_kernel=16_sigma=3.log:test PSNR: 26.979759827536892
INFO:logs/DIP_log_model_gaussian_kernel=16_sigma=3.log:train PSNR: 27.74822536648502
INFO:logs/DIP_log_model_gaussian_kernel=16_sigma=3.log:test PSNR: 26.97985224947025
INFO:logs/DIP_log_model_gaussian_kernel=16_sigma=3.log:train PSNR: 28.016852013038637
INFO:logs/DIP_log_model_gaussian_kernel=16_sigma=3.log:test PSNR: 26.980926044845486
INFO:logs/DIP_log_model_gaussian_kernel=16_sigma=3.log:train PSNR: 27.9291628958032
INFO:logs/DIP_log_model_gaussian_kernel=16_sigma=3.log:test PSNR: 26.981616495263467
INFO:logs/DIP_log_model_gaussian_kernel=16_sigma=3.log:train PSNR: 27.610282380777257
INFO:logs/DIP_log_model_gaussian_kernel=16_sigma=3.log:test PSNR: 26.97969204343692
INFO:logs/DIP_log_model_gaussian_kernel=16_sigma=3.log:train PSNR: 27.716286203294704
INFO:logs/DIP_log_model_gaussian_kernel=16_sigma=3.log:test PSNR: 26.97717379794598
INFO:logs/DIP_log_model_gaussian_kernel=16_sigma=3.log:train PSNR: 27.72524773829662
INFO:logs/DIP_log_model_gaussian_kernel=16_sigma=3.log:test PSNR: 26.978843316131115
INFO:logs/DIP_log_model_gaussian_kernel=16_sigma=3.log:train PSNR: 28.01111940869698
INFO:logs/DIP_log_model_gaussian_kernel=16_sigma=3.log:test PSNR: 26.97677557263184
INFO:logs/DIP_log_model_gaussian_kernel=16_sigma=3.log:train PSNR: 27.85011810667455
INFO:logs/DIP_log_model_gaussian_kernel=16_sigma=3.log:test PSNR: 26.97809170115917
INFO:logs/DIP_log_model_gaussian_kernel=16_sigma=3.log:train PSNR: 27.968676667029097
INFO:logs/DIP_log_model_gaussian_kernel=16_sigma=3.log:test PSNR: 26.97824263358566
INFO:logs/DIP_log_model_gaussian_kernel=16_sigma=3.log:train PSNR: 28.13150752111308
INFO:logs/DIP_log_model_gaussian_kernel=16_sigma=3.log:test PSNR: 26.978237118256523
INFO:logs/DIP_log_model_gaussian_kernel=16_sigma=3.log:train PSNR: 27.705944925097324
INFO:logs/DIP_log_model_gaussian_kernel=16_sigma=3.log:test PSNR: 26.978211391943958
INFO:logs/DIP_log_model_gaussian_kernel=16_sigma=3.log:train PSNR: 27.743543033615886
INFO:logs/DIP_log_model_gaussian_kernel=16_sigma=3.log:test PSNR: 26.978158591561677
INFO:logs/DIP_log_model_gaussian_kernel=16_sigma=3.log:train PSNR: 27.93619503801669
INFO:logs/DIP_log_model_gaussian_kernel=16_sigma=3.log:test PSNR: 26.978259532333034
INFO:logs/DIP_log_model_gaussian_kernel=16_sigma=3.log:train PSNR: 28.005786989487948
INFO:logs/DIP_log_model_gaussian_kernel=16_sigma=3.log:test PSNR: 26.978382390511925
INFO:logs/DIP_log_model_gaussian_kernel=16_sigma=3.log:train PSNR: 28.138824641687687
INFO:logs/DIP_log_model_gaussian_kernel=16_sigma=3.log:test PSNR: 26.979174028071718
INFO:logs/DIP_log_model_gaussian_kernel=16_sigma=3.log:train PSNR: 27.730330291031645
INFO:logs/DIP_log_model_gaussian_kernel=16_sigma=3.log:test PSNR: 26.9796086072279
INFO:logs/DIP_log_model_gaussian_kernel=16_sigma=3.log:train PSNR: 27.73059603424552
INFO:logs/DIP_log_model_gaussian_kernel=16_sigma=3.log:test PSNR: 26.980860428528285
INFO:logs/DIP_log_model_gaussian_kernel=16_sigma=3.log:train PSNR: 27.998535184318342
INFO:logs/DIP_log_model_gaussian_kernel=16_sigma=3.log:test PSNR: 26.97936157494312
INFO:logs/DIP_log_model_gaussian_kernel=16_sigma=3.log:train PSNR: 27.691487144999517
INFO:logs/DIP_log_model_gaussian_kernel=16_sigma=3.log:test PSNR: 26.979823551615034
INFO:logs/DIP_log_model_gaussian_kernel=16_sigma=3.log:train PSNR: 27.86436990742726
INFO:logs/DIP_log_model_gaussian_kernel=16_sigma=3.log:test PSNR: 26.979294816944837
INFO:logs/DIP_log_model_gaussian_kernel=16_sigma=3.log:train PSNR: 27.918377011686914
INFO:logs/DIP_log_model_gaussian_kernel=16_sigma=3.log:test PSNR: 26.98016719178473
INFO:logs/DIP_log_model_gaussian_kernel=16_sigma=3.log:train PSNR: 27.82404720800948
INFO:logs/DIP_log_model_gaussian_kernel=16_sigma=3.log:test PSNR: 26.980362026179908
INFO:logs/DIP_log_model_gaussian_kernel=16_sigma=3.log:train PSNR: 27.836016611045782
INFO:logs/DIP_log_model_gaussian_kernel=16_sigma=3.log:test PSNR: 26.980364233347366
INFO:logs/DIP_log_model_gaussian_kernel=16_sigma=3.log:train PSNR: 27.93517581845567
INFO:logs/DIP_log_model_gaussian_kernel=16_sigma=3.log:test PSNR: 26.980071589090148
INFO:logs/DIP_log_model_gaussian_kernel=16_sigma=3.log:train PSNR: 27.955815245247397
INFO:logs/DIP_log_model_gaussian_kernel=16_sigma=3.log:test PSNR: 26.97994060991876
INFO:logs/DIP_log_model_gaussian_kernel=16_sigma=3.log:train PSNR: 27.858977891539038
INFO:logs/DIP_log_model_gaussian_kernel=16_sigma=3.log:test PSNR: 26.98033127051463
INFO:logs/DIP_log_model_gaussian_kernel=16_sigma=3.log:train PSNR: 27.71887277509869
INFO:logs/DIP_log_model_gaussian_kernel=16_sigma=3.log:test PSNR: 26.979636915122835
INFO:logs/DIP_log_model_gaussian_kernel=16_sigma=3.log:train PSNR: 28.114382108903012
INFO:logs/DIP_log_model_gaussian_kernel=16_sigma=3.log:test PSNR: 26.979648489728252
INFO:logs/DIP_log_model_gaussian_kernel=16_sigma=3.log:train PSNR: 27.82725229244817
INFO:logs/DIP_log_model_gaussian_kernel=16_sigma=3.log:test PSNR: 26.980064420903663
INFO:logs/DIP_log_model_gaussian_kernel=16_sigma=3.log:train PSNR: 27.89874562369489
INFO:logs/DIP_log_model_gaussian_kernel=16_sigma=3.log:test PSNR: 26.979220274462314
INFO:logs/DIP_log_model_gaussian_kernel=16_sigma=3.log:train PSNR: 27.90721970727333
INFO:logs/DIP_log_model_gaussian_kernel=16_sigma=3.log:test PSNR: 26.979898834889447
INFO:logs/DIP_log_model_gaussian_kernel=16_sigma=3.log:train PSNR: 27.78754663357508
INFO:logs/DIP_log_model_gaussian_kernel=16_sigma=3.log:test PSNR: 26.980364478051598
INFO:logs/DIP_log_model_gaussian_kernel=16_sigma=3.log:train PSNR: 27.500722043149953
INFO:logs/DIP_log_model_gaussian_kernel=16_sigma=3.log:test PSNR: 26.979968973437114
INFO:logs/DIP_log_model_gaussian_kernel=16_sigma=3.log:train PSNR: 28.114674060767893
INFO:logs/DIP_log_model_gaussian_kernel=16_sigma=3.log:test PSNR: 26.979785323992235
INFO:logs/DIP_log_model_gaussian_kernel=16_sigma=3.log:train PSNR: 28.102936023241234
INFO:logs/DIP_log_model_gaussian_kernel=16_sigma=3.log:test PSNR: 26.979716294238145
INFO:logs/DIP_log_model_gaussian_kernel=16_sigma=3.log:train PSNR: 28.2037860893471
INFO:logs/DIP_log_model_gaussian_kernel=16_sigma=3.log:test PSNR: 26.97962608502834
INFO:logs/DIP_log_model_gaussian_kernel=16_sigma=3.log:train PSNR: 28.008797147488643
INFO:logs/DIP_log_model_gaussian_kernel=16_sigma=3.log:test PSNR: 26.97959163502614
INFO:logs/DIP_log_model_gaussian_kernel=16_sigma=3.log:train PSNR: 27.881274982607337
INFO:logs/DIP_log_model_gaussian_kernel=16_sigma=3.log:test PSNR: 26.97928683113285
INFO:logs/DIP_log_model_gaussian_kernel=16_sigma=3.log:train PSNR: 27.926473815134898
INFO:logs/DIP_log_model_gaussian_kernel=16_sigma=3.log:test PSNR: 26.978907775343
INFO:logs/DIP_log_model_gaussian_kernel=16_sigma=3.log:train PSNR: 28.00132787001303
INFO:logs/DIP_log_model_gaussian_kernel=16_sigma=3.log:test PSNR: 26.979631825701603
INFO:logs/DIP_log_model_gaussian_kernel=16_sigma=3.log:train PSNR: 27.977129912622864
INFO:logs/DIP_log_model_gaussian_kernel=16_sigma=3.log:test PSNR: 26.97912237099402
INFO:logs/DIP_log_model_gaussian_kernel=16_sigma=3.log:train PSNR: 27.911810144846477
INFO:logs/DIP_log_model_gaussian_kernel=16_sigma=3.log:test PSNR: 26.979112240254967
INFO:logs/DIP_log_model_gaussian_kernel=16_sigma=3.log:train PSNR: 28.115118907439523
INFO:logs/DIP_log_model_gaussian_kernel=16_sigma=3.log:test PSNR: 26.979416980119023
