INFO:logs/DIP_log_model_gaussian_kernel_sigma=3.log_model:first model = 
ConvLista_T(
  (apply_A): ConvTranspose2d(175, 1, kernel_size=(11, 11), stride=(8, 8), bias=False)
  (apply_B): Conv2d(1, 175, kernel_size=(11, 11), stride=(8, 8), bias=False)
  (apply_C): Sequential(
    (0): ConvTranspose2d(175, 1, kernel_size=(11, 11), stride=(8, 8))
  )
  (soft_threshold): SoftThreshold()
)

INFO:logs/DIP_log_model_gaussian_kernel_sigma=3.log_model:config_dict = {'uuid': 'DIP_project_gaussian_kernel_sigma=3', 'kernel_size': 11, 'stride': 8, 'num_filters': 175, 'lr': 0.0002, 'unfoldings': 12, 'lr_decay': 0.35, 'patch_size': 128, 'num_epochs': 250, 'lr_step': 50, 'eps': 0.001, 'threshold': 0.01, 'noise_std': 0.09803921568627451, 'gaussian_size': 64, 'gaussian_sigma': 3}

INFO:logs/DIP_log_model_gaussian_kernel_sigma=3.log:Training model...
INFO:logs/DIP_log_model_gaussian_kernel_sigma=3.log:train PSNR: 22.976597285376364
INFO:logs/DIP_log_model_gaussian_kernel_sigma=3.log:test PSNR: 23.87278842675677
INFO:logs/DIP_log_model_gaussian_kernel_sigma=3.log:train PSNR: 23.4822496004609
INFO:logs/DIP_log_model_gaussian_kernel_sigma=3.log:test PSNR: 24.35182007300373
INFO:logs/DIP_log_model_gaussian_kernel_sigma=3.log:train PSNR: 24.290935415080302
INFO:logs/DIP_log_model_gaussian_kernel_sigma=3.log:test PSNR: 24.833496917150438
INFO:logs/DIP_log_model_gaussian_kernel_sigma=3.log:train PSNR: 24.58958186349502
INFO:logs/DIP_log_model_gaussian_kernel_sigma=3.log:test PSNR: 24.662847749459548
INFO:logs/DIP_log_model_gaussian_kernel_sigma=3.log:train PSNR: 24.32662235962544
INFO:logs/DIP_log_model_gaussian_kernel_sigma=3.log:test PSNR: 25.13063647682306
INFO:logs/DIP_log_model_gaussian_kernel_sigma=3.log:train PSNR: 25.143786312932146
INFO:logs/DIP_log_model_gaussian_kernel_sigma=3.log:test PSNR: 25.211116286622097
INFO:logs/DIP_log_model_gaussian_kernel_sigma=3.log:train PSNR: 24.99959336503616
INFO:logs/DIP_log_model_gaussian_kernel_sigma=3.log:test PSNR: 25.420972755241404
INFO:logs/DIP_log_model_gaussian_kernel_sigma=3.log:train PSNR: 25.230233733258025
INFO:logs/DIP_log_model_gaussian_kernel_sigma=3.log:test PSNR: 25.483853710115053
INFO:logs/DIP_log_model_gaussian_kernel_sigma=3.log:train PSNR: 25.312986198994505
INFO:logs/DIP_log_model_gaussian_kernel_sigma=3.log:test PSNR: 25.557983278929942
INFO:logs/DIP_log_model_gaussian_kernel_sigma=3.log:train PSNR: 25.43596155849344
INFO:logs/DIP_log_model_gaussian_kernel_sigma=3.log:test PSNR: 25.615557329259108
INFO:logs/DIP_log_model_gaussian_kernel_sigma=3.log:train PSNR: 25.368145185150148
INFO:logs/DIP_log_model_gaussian_kernel_sigma=3.log:test PSNR: 25.785819691382194
INFO:logs/DIP_log_model_gaussian_kernel_sigma=3.log:train PSNR: 25.695897540253092
INFO:logs/DIP_log_model_gaussian_kernel_sigma=3.log:test PSNR: 25.884822397422898
INFO:logs/DIP_log_model_gaussian_kernel_sigma=3.log:train PSNR: 26.09273896940809
INFO:logs/DIP_log_model_gaussian_kernel_sigma=3.log:test PSNR: 26.000462732062253
INFO:logs/DIP_log_model_gaussian_kernel_sigma=3.log:train PSNR: 25.638257454648507
INFO:logs/DIP_log_model_gaussian_kernel_sigma=3.log:test PSNR: 26.1082357110345
INFO:logs/DIP_log_model_gaussian_kernel_sigma=3.log:train PSNR: 26.004488560453456
INFO:logs/DIP_log_model_gaussian_kernel_sigma=3.log:test PSNR: 26.264442299508094
INFO:logs/DIP_log_model_gaussian_kernel_sigma=3.log:train PSNR: 25.475471903277946
INFO:logs/DIP_log_model_gaussian_kernel_sigma=3.log:test PSNR: 26.17204172117863
INFO:logs/DIP_log_model_gaussian_kernel_sigma=3.log:train PSNR: 26.17699111091769
INFO:logs/DIP_log_model_gaussian_kernel_sigma=3.log:test PSNR: 26.29999369223582
INFO:logs/DIP_log_model_gaussian_kernel_sigma=3.log:train PSNR: 26.24724026537823
INFO:logs/DIP_log_model_gaussian_kernel_sigma=3.log:test PSNR: 26.3270161378311
INFO:logs/DIP_log_model_gaussian_kernel_sigma=3.log:train PSNR: 26.02746067378511
INFO:logs/DIP_log_model_gaussian_kernel_sigma=3.log:test PSNR: 26.387398417030614
INFO:logs/DIP_log_model_gaussian_kernel_sigma=3.log:train PSNR: 26.425692935218834
INFO:logs/DIP_log_model_gaussian_kernel_sigma=3.log:test PSNR: 26.49453274664593
INFO:logs/DIP_log_model_gaussian_kernel_sigma=3.log:train PSNR: 26.382221414437595
INFO:logs/DIP_log_model_gaussian_kernel_sigma=3.log:test PSNR: 26.520147244000434
INFO:logs/DIP_log_model_gaussian_kernel_sigma=3.log:train PSNR: 26.694308884331743
INFO:logs/DIP_log_model_gaussian_kernel_sigma=3.log:test PSNR: 26.54849272805038
INFO:logs/DIP_log_model_gaussian_kernel_sigma=3.log:train PSNR: 26.34407233823484
INFO:logs/DIP_log_model_gaussian_kernel_sigma=3.log:test PSNR: 26.571386359897293
INFO:logs/DIP_log_model_gaussian_kernel_sigma=3.log:train PSNR: 26.70401705945468
INFO:logs/DIP_log_model_gaussian_kernel_sigma=3.log:test PSNR: 26.627575357649327
INFO:logs/DIP_log_model_gaussian_kernel_sigma=3.log:train PSNR: 26.735172278360675
INFO:logs/DIP_log_model_gaussian_kernel_sigma=3.log:test PSNR: 26.324227520659125
INFO:logs/DIP_log_model_gaussian_kernel_sigma=3.log:train PSNR: 26.928993581038092
INFO:logs/DIP_log_model_gaussian_kernel_sigma=3.log:test PSNR: 26.711757727807562
INFO:logs/DIP_log_model_gaussian_kernel_sigma=3.log:train PSNR: 26.694754638445232
INFO:logs/DIP_log_model_gaussian_kernel_sigma=3.log:test PSNR: 26.669216381860167
INFO:logs/DIP_log_model_gaussian_kernel_sigma=3.log:train PSNR: 26.62285925139012
INFO:logs/DIP_log_model_gaussian_kernel_sigma=3.log:test PSNR: 26.715040383033514
INFO:logs/DIP_log_model_gaussian_kernel_sigma=3.log:train PSNR: 26.784999499447622
INFO:logs/DIP_log_model_gaussian_kernel_sigma=3.log:test PSNR: 26.728450550912754
INFO:logs/DIP_log_model_gaussian_kernel_sigma=3.log:train PSNR: 26.87682276433113
INFO:logs/DIP_log_model_gaussian_kernel_sigma=3.log:test PSNR: 26.75177828719104
INFO:logs/DIP_log_model_gaussian_kernel_sigma=3.log:train PSNR: 26.85253127290767
INFO:logs/DIP_log_model_gaussian_kernel_sigma=3.log:test PSNR: 25.274280530799583
INFO:logs/DIP_log_model_gaussian_kernel_sigma=3.log:train PSNR: 26.923846397905088
INFO:logs/DIP_log_model_gaussian_kernel_sigma=3.log:test PSNR: 26.77520074364072
INFO:logs/DIP_log_model_gaussian_kernel_sigma=3.log:train PSNR: 27.063000751248055
INFO:logs/DIP_log_model_gaussian_kernel_sigma=3.log:test PSNR: 26.765385782930828
INFO:logs/DIP_log_model_gaussian_kernel_sigma=3.log:train PSNR: 26.800067361256016
INFO:logs/DIP_log_model_gaussian_kernel_sigma=3.log:test PSNR: 26.81651205658835
INFO:logs/DIP_log_model_gaussian_kernel_sigma=3.log:train PSNR: 27.307936009366696
INFO:logs/DIP_log_model_gaussian_kernel_sigma=3.log:test PSNR: 26.782188419450303
INFO:logs/DIP_log_model_gaussian_kernel_sigma=3.log:train PSNR: 26.768144938076833
INFO:logs/DIP_log_model_gaussian_kernel_sigma=3.log:test PSNR: 26.68855827353522
INFO:logs/DIP_log_model_gaussian_kernel_sigma=3.log:train PSNR: 26.9236464412883
INFO:logs/DIP_log_model_gaussian_kernel_sigma=3.log:test PSNR: 26.799943546837863
INFO:logs/DIP_log_model_gaussian_kernel_sigma=3.log:train PSNR: 27.168038895067347
INFO:logs/DIP_log_model_gaussian_kernel_sigma=3.log:test PSNR: 26.8427447208485
INFO:logs/DIP_log_model_gaussian_kernel_sigma=3.log:train PSNR: 26.970512571803695
INFO:logs/DIP_log_model_gaussian_kernel_sigma=3.log:test PSNR: 26.74383302148802
INFO:logs/DIP_log_model_gaussian_kernel_sigma=3.log:train PSNR: 27.127739548580323
INFO:logs/DIP_log_model_gaussian_kernel_sigma=3.log:test PSNR: 26.88670468053929
INFO:logs/DIP_log_model_gaussian_kernel_sigma=3.log:train PSNR: 26.864684173580024
INFO:logs/DIP_log_model_gaussian_kernel_sigma=3.log:test PSNR: 26.839608131172493
INFO:logs/DIP_log_model_gaussian_kernel_sigma=3.log:train PSNR: 27.070522476910217
INFO:logs/DIP_log_model_gaussian_kernel_sigma=3.log:test PSNR: 26.84694600503166
INFO:logs/DIP_log_model_gaussian_kernel_sigma=3.log:train PSNR: 27.30309051865855
INFO:logs/DIP_log_model_gaussian_kernel_sigma=3.log:test PSNR: 26.83109136927134
INFO:logs/DIP_log_model_gaussian_kernel_sigma=3.log:train PSNR: 27.428141043793918
INFO:logs/DIP_log_model_gaussian_kernel_sigma=3.log:test PSNR: 26.895789835500988
INFO:logs/DIP_log_model_gaussian_kernel_sigma=3.log:train PSNR: 26.876640287470558
INFO:logs/DIP_log_model_gaussian_kernel_sigma=3.log:test PSNR: 26.868678021714725
INFO:logs/DIP_log_model_gaussian_kernel_sigma=3.log:train PSNR: 27.128326942078942
INFO:logs/DIP_log_model_gaussian_kernel_sigma=3.log:test PSNR: 26.872785330080823
INFO:logs/DIP_log_model_gaussian_kernel_sigma=3.log:train PSNR: 27.11955305957776
INFO:logs/DIP_log_model_gaussian_kernel_sigma=3.log:test PSNR: 26.94404018760789
INFO:logs/DIP_log_model_gaussian_kernel_sigma=3.log:train PSNR: 27.041516829627685
INFO:logs/DIP_log_model_gaussian_kernel_sigma=3.log:test PSNR: 26.87503723686538
INFO:logs/DIP_log_model_gaussian_kernel_sigma=3.log:train PSNR: 27.151694761919668
INFO:logs/DIP_log_model_gaussian_kernel_sigma=3.log:test PSNR: 26.90866185537515
INFO:logs/DIP_log_model_gaussian_kernel_sigma=3.log:train PSNR: 27.150991769249934
INFO:logs/DIP_log_model_gaussian_kernel_sigma=3.log:test PSNR: 26.89402743341139
INFO:logs/DIP_log_model_gaussian_kernel_sigma=3.log:train PSNR: 27.122461522285946
INFO:logs/DIP_log_model_gaussian_kernel_sigma=3.log:test PSNR: 26.968458079983197
INFO:logs/DIP_log_model_gaussian_kernel_sigma=3.log:train PSNR: 27.171776215127416
INFO:logs/DIP_log_model_gaussian_kernel_sigma=3.log:test PSNR: 26.95816842896372
INFO:logs/DIP_log_model_gaussian_kernel_sigma=3.log:train PSNR: 27.106852403659556
INFO:logs/DIP_log_model_gaussian_kernel_sigma=3.log:test PSNR: 26.94346882069306
INFO:logs/DIP_log_model_gaussian_kernel_sigma=3.log:train PSNR: 27.395392440094053
INFO:logs/DIP_log_model_gaussian_kernel_sigma=3.log:test PSNR: 26.957551217032396
INFO:logs/DIP_log_model_gaussian_kernel_sigma=3.log:train PSNR: 27.12160759468184
INFO:logs/DIP_log_model_gaussian_kernel_sigma=3.log:test PSNR: 26.95802211510693
INFO:logs/DIP_log_model_gaussian_kernel_sigma=3.log:train PSNR: 27.12523993819913
INFO:logs/DIP_log_model_gaussian_kernel_sigma=3.log:test PSNR: 26.900977247706948
INFO:logs/DIP_log_model_gaussian_kernel_sigma=3.log:train PSNR: 26.904015959111668
INFO:logs/DIP_log_model_gaussian_kernel_sigma=3.log:test PSNR: 26.993361048467733
INFO:logs/DIP_log_model_gaussian_kernel_sigma=3.log:train PSNR: 27.297926248753658
INFO:logs/DIP_log_model_gaussian_kernel_sigma=3.log:test PSNR: 26.952792699699952
INFO:logs/DIP_log_model_gaussian_kernel_sigma=3.log:train PSNR: 27.07829369535777
INFO:logs/DIP_log_model_gaussian_kernel_sigma=3.log:test PSNR: 26.873745856530384
INFO:logs/DIP_log_model_gaussian_kernel_sigma=3.log:train PSNR: 27.458786602850967
INFO:logs/DIP_log_model_gaussian_kernel_sigma=3.log:test PSNR: 26.98957447935198
INFO:logs/DIP_log_model_gaussian_kernel_sigma=3.log:train PSNR: 27.333438147824317
INFO:logs/DIP_log_model_gaussian_kernel_sigma=3.log:test PSNR: 26.990650912551484
INFO:logs/DIP_log_model_gaussian_kernel_sigma=3.log:train PSNR: 27.230725967843583
INFO:logs/DIP_log_model_gaussian_kernel_sigma=3.log:test PSNR: 26.987254542624864
INFO:logs/DIP_log_model_gaussian_kernel_sigma=3.log:train PSNR: 27.53517442277097
INFO:logs/DIP_log_model_gaussian_kernel_sigma=3.log:test PSNR: 26.943119502380142
INFO:logs/DIP_log_model_gaussian_kernel_sigma=3.log:train PSNR: 27.158985410614008
INFO:logs/DIP_log_model_gaussian_kernel_sigma=3.log:test PSNR: 26.99817317254023
INFO:logs/DIP_log_model_gaussian_kernel_sigma=3.log:train PSNR: 27.33850726128646
INFO:logs/DIP_log_model_gaussian_kernel_sigma=3.log:test PSNR: 26.99836380075973
INFO:logs/DIP_log_model_gaussian_kernel_sigma=3.log:train PSNR: 27.401060153680564
INFO:logs/DIP_log_model_gaussian_kernel_sigma=3.log:test PSNR: 26.96419479362623
INFO:logs/DIP_log_model_gaussian_kernel_sigma=3.log:train PSNR: 27.176154102119597
INFO:logs/DIP_log_model_gaussian_kernel_sigma=3.log:test PSNR: 26.99567714788941
INFO:logs/DIP_log_model_gaussian_kernel_sigma=3.log:train PSNR: 27.154869728521916
INFO:logs/DIP_log_model_gaussian_kernel_sigma=3.log:test PSNR: 26.970325192635627
INFO:logs/DIP_log_model_gaussian_kernel_sigma=3.log:train PSNR: 27.20427075272041
INFO:logs/DIP_log_model_gaussian_kernel_sigma=3.log:test PSNR: 27.00377065843244
INFO:logs/DIP_log_model_gaussian_kernel_sigma=3.log:train PSNR: 27.176198688512063
INFO:logs/DIP_log_model_gaussian_kernel_sigma=3.log:test PSNR: 27.03115265804054
INFO:logs/DIP_log_model_gaussian_kernel_sigma=3.log:train PSNR: 27.159298451615403
INFO:logs/DIP_log_model_gaussian_kernel_sigma=3.log:test PSNR: 27.041446660614227
INFO:logs/DIP_log_model_gaussian_kernel_sigma=3.log:train PSNR: 27.414384446041208
INFO:logs/DIP_log_model_gaussian_kernel_sigma=3.log:test PSNR: 27.02440466108423
INFO:logs/DIP_log_model_gaussian_kernel_sigma=3.log:train PSNR: 27.231980444987506
INFO:logs/DIP_log_model_gaussian_kernel_sigma=3.log:test PSNR: 27.025401716924723
INFO:logs/DIP_log_model_gaussian_kernel_sigma=3.log:train PSNR: 27.55536000563115
INFO:logs/DIP_log_model_gaussian_kernel_sigma=3.log:test PSNR: 27.04319435418442
INFO:logs/DIP_log_model_gaussian_kernel_sigma=3.log:train PSNR: 27.318977427048804
INFO:logs/DIP_log_model_gaussian_kernel_sigma=3.log:test PSNR: 26.96439510194113
INFO:logs/DIP_log_model_gaussian_kernel_sigma=3.log:train PSNR: 27.210962899735446
INFO:logs/DIP_log_model_gaussian_kernel_sigma=3.log:test PSNR: 27.05776331708613
INFO:logs/DIP_log_model_gaussian_kernel_sigma=3.log:train PSNR: 27.5510429435797
INFO:logs/DIP_log_model_gaussian_kernel_sigma=3.log:test PSNR: 27.047871281890846
INFO:logs/DIP_log_model_gaussian_kernel_sigma=3.log:train PSNR: 27.121054641617143
INFO:logs/DIP_log_model_gaussian_kernel_sigma=3.log:test PSNR: 27.03659565963872
INFO:logs/DIP_log_model_gaussian_kernel_sigma=3.log:train PSNR: 27.493920284815644
INFO:logs/DIP_log_model_gaussian_kernel_sigma=3.log:test PSNR: 27.0413981875754
INFO:logs/DIP_log_model_gaussian_kernel_sigma=3.log:train PSNR: 27.11354023296385
INFO:logs/DIP_log_model_gaussian_kernel_sigma=3.log:test PSNR: 27.048189010831944
INFO:logs/DIP_log_model_gaussian_kernel_sigma=3.log:train PSNR: 27.212207336003214
INFO:logs/DIP_log_model_gaussian_kernel_sigma=3.log:test PSNR: 27.05688379306878
INFO:logs/DIP_log_model_gaussian_kernel_sigma=3.log:train PSNR: 27.639217477586122
INFO:logs/DIP_log_model_gaussian_kernel_sigma=3.log:test PSNR: 27.053111607001316
INFO:logs/DIP_log_model_gaussian_kernel_sigma=3.log:train PSNR: 27.476655992641998
INFO:logs/DIP_log_model_gaussian_kernel_sigma=3.log:test PSNR: 27.062279463908382
INFO:logs/DIP_log_model_gaussian_kernel_sigma=3.log:train PSNR: 27.215926921554306
INFO:logs/DIP_log_model_gaussian_kernel_sigma=3.log:test PSNR: 27.054447938716702
INFO:logs/DIP_log_model_gaussian_kernel_sigma=3.log:train PSNR: 27.63515621252506
INFO:logs/DIP_log_model_gaussian_kernel_sigma=3.log:test PSNR: 27.05499129825016
INFO:logs/DIP_log_model_gaussian_kernel_sigma=3.log:train PSNR: 27.303162674138175
INFO:logs/DIP_log_model_gaussian_kernel_sigma=3.log:test PSNR: 27.06583741678661
INFO:logs/DIP_log_model_gaussian_kernel_sigma=3.log:train PSNR: 27.242862120103524
INFO:logs/DIP_log_model_gaussian_kernel_sigma=3.log:test PSNR: 27.056617526055362
INFO:logs/DIP_log_model_gaussian_kernel_sigma=3.log:train PSNR: 27.181967806887695
INFO:logs/DIP_log_model_gaussian_kernel_sigma=3.log:test PSNR: 27.049606017307912
INFO:logs/DIP_log_model_gaussian_kernel_sigma=3.log:train PSNR: 27.542243316510923
INFO:logs/DIP_log_model_gaussian_kernel_sigma=3.log:test PSNR: 27.010774119967902
INFO:logs/DIP_log_model_gaussian_kernel_sigma=3.log:train PSNR: 27.553753748220338
INFO:logs/DIP_log_model_gaussian_kernel_sigma=3.log:test PSNR: 27.07799443338987
INFO:logs/DIP_log_model_gaussian_kernel_sigma=3.log:train PSNR: 27.237806270634287
INFO:logs/DIP_log_model_gaussian_kernel_sigma=3.log:test PSNR: 27.044758251687306
INFO:logs/DIP_log_model_gaussian_kernel_sigma=3.log:train PSNR: 27.356566834302622
INFO:logs/DIP_log_model_gaussian_kernel_sigma=3.log:test PSNR: 27.05513944215741
INFO:logs/DIP_log_model_gaussian_kernel_sigma=3.log:train PSNR: 27.216620337645583
INFO:logs/DIP_log_model_gaussian_kernel_sigma=3.log:test PSNR: 27.0524190771449
INFO:logs/DIP_log_model_gaussian_kernel_sigma=3.log:train PSNR: 27.55771501454849
INFO:logs/DIP_log_model_gaussian_kernel_sigma=3.log:test PSNR: 27.058427982919454
INFO:logs/DIP_log_model_gaussian_kernel_sigma=3.log:train PSNR: 27.177152394439755
INFO:logs/DIP_log_model_gaussian_kernel_sigma=3.log:test PSNR: 27.04894447197742
INFO:logs/DIP_log_model_gaussian_kernel_sigma=3.log:train PSNR: 27.45056197208193
INFO:logs/DIP_log_model_gaussian_kernel_sigma=3.log:test PSNR: 27.078314497897253
INFO:logs/DIP_log_model_gaussian_kernel_sigma=3.log:train PSNR: 27.138634107161074
INFO:logs/DIP_log_model_gaussian_kernel_sigma=3.log:test PSNR: 27.0563911345116
INFO:logs/DIP_log_model_gaussian_kernel_sigma=3.log:train PSNR: 27.608825114135687
INFO:logs/DIP_log_model_gaussian_kernel_sigma=3.log:test PSNR: 27.053751252989112
INFO:logs/DIP_log_model_gaussian_kernel_sigma=3.log:train PSNR: 27.313621342716754
INFO:logs/DIP_log_model_gaussian_kernel_sigma=3.log:test PSNR: 27.081180334581404
INFO:logs/DIP_log_model_gaussian_kernel_sigma=3.log:train PSNR: 27.535289388626794
INFO:logs/DIP_log_model_gaussian_kernel_sigma=3.log:test PSNR: 27.079031607616535
INFO:logs/DIP_log_model_gaussian_kernel_sigma=3.log:train PSNR: 27.54393032476427
INFO:logs/DIP_log_model_gaussian_kernel_sigma=3.log:test PSNR: 27.074218361922266
INFO:logs/DIP_log_model_gaussian_kernel_sigma=3.log:train PSNR: 27.514648827222523
INFO:logs/DIP_log_model_gaussian_kernel_sigma=3.log:test PSNR: 27.070379154946817
INFO:logs/DIP_log_model_gaussian_kernel_sigma=3.log:train PSNR: 27.131686599836836
INFO:logs/DIP_log_model_gaussian_kernel_sigma=3.log:test PSNR: 27.07747081490314
INFO:logs/DIP_log_model_gaussian_kernel_sigma=3.log:train PSNR: 27.391495464201807
INFO:logs/DIP_log_model_gaussian_kernel_sigma=3.log:test PSNR: 27.080633588429297
INFO:logs/DIP_log_model_gaussian_kernel_sigma=3.log:train PSNR: 27.79459377588415
INFO:logs/DIP_log_model_gaussian_kernel_sigma=3.log:test PSNR: 27.06757315827795
INFO:logs/DIP_log_model_gaussian_kernel_sigma=3.log:train PSNR: 27.803963179467697
INFO:logs/DIP_log_model_gaussian_kernel_sigma=3.log:test PSNR: 27.08853064802996
INFO:logs/DIP_log_model_gaussian_kernel_sigma=3.log:train PSNR: 27.230195654026865
INFO:logs/DIP_log_model_gaussian_kernel_sigma=3.log:test PSNR: 27.07904942542821
INFO:logs/DIP_log_model_gaussian_kernel_sigma=3.log:train PSNR: 27.360951131659338
INFO:logs/DIP_log_model_gaussian_kernel_sigma=3.log:test PSNR: 27.07466025820808
INFO:logs/DIP_log_model_gaussian_kernel_sigma=3.log:train PSNR: 27.24340886263804
INFO:logs/DIP_log_model_gaussian_kernel_sigma=3.log:test PSNR: 27.084542656762274
INFO:logs/DIP_log_model_gaussian_kernel_sigma=3.log:train PSNR: 27.558961478612602
INFO:logs/DIP_log_model_gaussian_kernel_sigma=3.log:test PSNR: 27.076804358899857
INFO:logs/DIP_log_model_gaussian_kernel_sigma=3.log:train PSNR: 27.26694103897558
INFO:logs/DIP_log_model_gaussian_kernel_sigma=3.log:test PSNR: 27.07902799566752
INFO:logs/DIP_log_model_gaussian_kernel_sigma=3.log:train PSNR: 27.443422872069394
INFO:logs/DIP_log_model_gaussian_kernel_sigma=3.log:test PSNR: 27.079847419539757
INFO:logs/DIP_log_model_gaussian_kernel_sigma=3.log:train PSNR: 27.650988306091723
INFO:logs/DIP_log_model_gaussian_kernel_sigma=3.log:test PSNR: 27.06313614472636
INFO:logs/DIP_log_model_gaussian_kernel_sigma=3.log:train PSNR: 27.632498966458712
INFO:logs/DIP_log_model_gaussian_kernel_sigma=3.log:test PSNR: 27.088882442035395
INFO:logs/DIP_log_model_gaussian_kernel_sigma=3.log:train PSNR: 27.467833398712013
INFO:logs/DIP_log_model_gaussian_kernel_sigma=3.log:test PSNR: 27.08249279847274
INFO:logs/DIP_log_model_gaussian_kernel_sigma=3.log:train PSNR: 27.59930546975459
INFO:logs/DIP_log_model_gaussian_kernel_sigma=3.log:test PSNR: 27.083545973097245
INFO:logs/DIP_log_model_gaussian_kernel_sigma=3.log:train PSNR: 27.444314799133377
INFO:logs/DIP_log_model_gaussian_kernel_sigma=3.log:test PSNR: 27.081357627297297
INFO:logs/DIP_log_model_gaussian_kernel_sigma=3.log:train PSNR: 27.50476176750833
INFO:logs/DIP_log_model_gaussian_kernel_sigma=3.log:test PSNR: 27.082345352414507
INFO:logs/DIP_log_model_gaussian_kernel_sigma=3.log:train PSNR: 27.609997910329565
INFO:logs/DIP_log_model_gaussian_kernel_sigma=3.log:test PSNR: 27.087410124076257
INFO:logs/DIP_log_model_gaussian_kernel_sigma=3.log:train PSNR: 27.311075945343234
INFO:logs/DIP_log_model_gaussian_kernel_sigma=3.log:test PSNR: 27.102805768986954
INFO:logs/DIP_log_model_gaussian_kernel_sigma=3.log:train PSNR: 27.575777917406175
INFO:logs/DIP_log_model_gaussian_kernel_sigma=3.log:test PSNR: 27.094173679074267
INFO:logs/DIP_log_model_gaussian_kernel_sigma=3.log:train PSNR: 27.296675166573593
INFO:logs/DIP_log_model_gaussian_kernel_sigma=3.log:test PSNR: 27.087772873811865
INFO:logs/DIP_log_model_gaussian_kernel_sigma=3.log:train PSNR: 27.68015426371909
INFO:logs/DIP_log_model_gaussian_kernel_sigma=3.log:test PSNR: 27.098599564100617
INFO:logs/DIP_log_model_gaussian_kernel_sigma=3.log:train PSNR: 27.78578145176913
INFO:logs/DIP_log_model_gaussian_kernel_sigma=3.log:test PSNR: 27.0804952280692
INFO:logs/DIP_log_model_gaussian_kernel_sigma=3.log:train PSNR: 27.129654483251144
INFO:logs/DIP_log_model_gaussian_kernel_sigma=3.log:test PSNR: 27.099333345332866
INFO:logs/DIP_log_model_gaussian_kernel_sigma=3.log:train PSNR: 27.40772385074791
INFO:logs/DIP_log_model_gaussian_kernel_sigma=3.log:test PSNR: 27.102067534578286
INFO:logs/DIP_log_model_gaussian_kernel_sigma=3.log:train PSNR: 27.31907581937084
INFO:logs/DIP_log_model_gaussian_kernel_sigma=3.log:test PSNR: 27.089250877042048
INFO:logs/DIP_log_model_gaussian_kernel_sigma=3.log:train PSNR: 27.24250193747473
INFO:logs/DIP_log_model_gaussian_kernel_sigma=3.log:test PSNR: 27.096948091716072
INFO:logs/DIP_log_model_gaussian_kernel_sigma=3.log:train PSNR: 27.391992773786306
INFO:logs/DIP_log_model_gaussian_kernel_sigma=3.log:test PSNR: 27.09099741230883
INFO:logs/DIP_log_model_gaussian_kernel_sigma=3.log:train PSNR: 27.654573821429523
INFO:logs/DIP_log_model_gaussian_kernel_sigma=3.log:test PSNR: 27.09026655096959
INFO:logs/DIP_log_model_gaussian_kernel_sigma=3.log:train PSNR: 27.533042395043136
INFO:logs/DIP_log_model_gaussian_kernel_sigma=3.log:test PSNR: 27.094339782415894
INFO:logs/DIP_log_model_gaussian_kernel_sigma=3.log:train PSNR: 27.1709675619845
INFO:logs/DIP_log_model_gaussian_kernel_sigma=3.log:test PSNR: 27.088354640865273
INFO:logs/DIP_log_model_gaussian_kernel_sigma=3.log:train PSNR: 27.527039778192492
INFO:logs/DIP_log_model_gaussian_kernel_sigma=3.log:test PSNR: 27.09640493418072
INFO:logs/DIP_log_model_gaussian_kernel_sigma=3.log:train PSNR: 27.301187522738413
INFO:logs/DIP_log_model_gaussian_kernel_sigma=3.log:test PSNR: 27.091642135072092
INFO:logs/DIP_log_model_gaussian_kernel_sigma=3.log:train PSNR: 27.4703637059099
INFO:logs/DIP_log_model_gaussian_kernel_sigma=3.log:test PSNR: 27.097459050575655
INFO:logs/DIP_log_model_gaussian_kernel_sigma=3.log:train PSNR: 27.452723367152768
INFO:logs/DIP_log_model_gaussian_kernel_sigma=3.log:test PSNR: 27.089927300972583
INFO:logs/DIP_log_model_gaussian_kernel_sigma=3.log:train PSNR: 27.374858354710504
INFO:logs/DIP_log_model_gaussian_kernel_sigma=3.log:test PSNR: 27.091487512692776
INFO:logs/DIP_log_model_gaussian_kernel_sigma=3.log:train PSNR: 27.262442475053625
INFO:logs/DIP_log_model_gaussian_kernel_sigma=3.log:test PSNR: 27.101563052220456
INFO:logs/DIP_log_model_gaussian_kernel_sigma=3.log:train PSNR: 27.423021278323937
INFO:logs/DIP_log_model_gaussian_kernel_sigma=3.log:test PSNR: 27.09591836996723
INFO:logs/DIP_log_model_gaussian_kernel_sigma=3.log:train PSNR: 27.515733726961642
INFO:logs/DIP_log_model_gaussian_kernel_sigma=3.log:test PSNR: 27.093129459774136
INFO:logs/DIP_log_model_gaussian_kernel_sigma=3.log:train PSNR: 27.43422998044812
INFO:logs/DIP_log_model_gaussian_kernel_sigma=3.log:test PSNR: 27.096418465024644
INFO:logs/DIP_log_model_gaussian_kernel_sigma=3.log:train PSNR: 27.456695701987666
INFO:logs/DIP_log_model_gaussian_kernel_sigma=3.log:test PSNR: 27.09694439206616
INFO:logs/DIP_log_model_gaussian_kernel_sigma=3.log:train PSNR: 27.669684644321983
INFO:logs/DIP_log_model_gaussian_kernel_sigma=3.log:test PSNR: 27.091495165445686
INFO:logs/DIP_log_model_gaussian_kernel_sigma=3.log:train PSNR: 27.39053991941329
INFO:logs/DIP_log_model_gaussian_kernel_sigma=3.log:test PSNR: 27.095384720192165
INFO:logs/DIP_log_model_gaussian_kernel_sigma=3.log:train PSNR: 27.54206813973532
INFO:logs/DIP_log_model_gaussian_kernel_sigma=3.log:test PSNR: 27.08965256710679
INFO:logs/DIP_log_model_gaussian_kernel_sigma=3.log:train PSNR: 27.47260664886801
INFO:logs/DIP_log_model_gaussian_kernel_sigma=3.log:test PSNR: 27.096599625817635
INFO:logs/DIP_log_model_gaussian_kernel_sigma=3.log:train PSNR: 27.357760759604755
INFO:logs/DIP_log_model_gaussian_kernel_sigma=3.log:test PSNR: 27.09017475116732
INFO:logs/DIP_log_model_gaussian_kernel_sigma=3.log:train PSNR: 27.075387337819723
INFO:logs/DIP_log_model_gaussian_kernel_sigma=3.log:test PSNR: 27.08954990131078
INFO:logs/DIP_log_model_gaussian_kernel_sigma=3.log:train PSNR: 27.310843433720535
INFO:logs/DIP_log_model_gaussian_kernel_sigma=3.log:test PSNR: 27.092238860340018
INFO:logs/DIP_log_model_gaussian_kernel_sigma=3.log:train PSNR: 27.58105046913397
INFO:logs/DIP_log_model_gaussian_kernel_sigma=3.log:test PSNR: 27.09011889589016
INFO:logs/DIP_log_model_gaussian_kernel_sigma=3.log:train PSNR: 27.157613347572468
INFO:logs/DIP_log_model_gaussian_kernel_sigma=3.log:test PSNR: 27.09682634740916
INFO:logs/DIP_log_model_gaussian_kernel_sigma=3.log:train PSNR: 27.303434864665313
INFO:logs/DIP_log_model_gaussian_kernel_sigma=3.log:test PSNR: 27.096027439485184
INFO:logs/DIP_log_model_gaussian_kernel_sigma=3.log:train PSNR: 27.463473181756086
INFO:logs/DIP_log_model_gaussian_kernel_sigma=3.log:test PSNR: 27.094943689903268
INFO:logs/DIP_log_model_gaussian_kernel_sigma=3.log:train PSNR: 27.46179854322754
INFO:logs/DIP_log_model_gaussian_kernel_sigma=3.log:test PSNR: 27.093610192298687
INFO:logs/DIP_log_model_gaussian_kernel_sigma=3.log:train PSNR: 27.508606944983306
INFO:logs/DIP_log_model_gaussian_kernel_sigma=3.log:test PSNR: 27.09324638840842
INFO:logs/DIP_log_model_gaussian_kernel_sigma=3.log:train PSNR: 27.684743510948053
INFO:logs/DIP_log_model_gaussian_kernel_sigma=3.log:test PSNR: 27.093315998354832
INFO:logs/DIP_log_model_gaussian_kernel_sigma=3.log:train PSNR: 27.19477308344959
INFO:logs/DIP_log_model_gaussian_kernel_sigma=3.log:test PSNR: 27.093268174292668
INFO:logs/DIP_log_model_gaussian_kernel_sigma=3.log:train PSNR: 27.467764535272217
INFO:logs/DIP_log_model_gaussian_kernel_sigma=3.log:test PSNR: 27.09297701280545
INFO:logs/DIP_log_model_gaussian_kernel_sigma=3.log:train PSNR: 27.6665687807211
INFO:logs/DIP_log_model_gaussian_kernel_sigma=3.log:test PSNR: 27.094352976894932
INFO:logs/DIP_log_model_gaussian_kernel_sigma=3.log:train PSNR: 27.442732237429556
INFO:logs/DIP_log_model_gaussian_kernel_sigma=3.log:test PSNR: 27.096656915672444
INFO:logs/DIP_log_model_gaussian_kernel_sigma=3.log:train PSNR: 27.25835902614247
INFO:logs/DIP_log_model_gaussian_kernel_sigma=3.log:test PSNR: 27.096167533260413
INFO:logs/DIP_log_model_gaussian_kernel_sigma=3.log:train PSNR: 27.355889759293035
INFO:logs/DIP_log_model_gaussian_kernel_sigma=3.log:test PSNR: 27.0961945567708
INFO:logs/DIP_log_model_gaussian_kernel_sigma=3.log:train PSNR: 27.522292772333724
INFO:logs/DIP_log_model_gaussian_kernel_sigma=3.log:test PSNR: 27.097616566573635
INFO:logs/DIP_log_model_gaussian_kernel_sigma=3.log:train PSNR: 27.384949846827016
INFO:logs/DIP_log_model_gaussian_kernel_sigma=3.log:test PSNR: 27.097633316708293
INFO:logs/DIP_log_model_gaussian_kernel_sigma=3.log:train PSNR: 27.692258007195818
INFO:logs/DIP_log_model_gaussian_kernel_sigma=3.log:test PSNR: 27.096517684833263
INFO:logs/DIP_log_model_gaussian_kernel_sigma=3.log:train PSNR: 27.582422505662773
INFO:logs/DIP_log_model_gaussian_kernel_sigma=3.log:test PSNR: 27.096182956814665
INFO:logs/DIP_log_model_gaussian_kernel_sigma=3.log:train PSNR: 27.418690141722927
INFO:logs/DIP_log_model_gaussian_kernel_sigma=3.log:test PSNR: 27.099307495133807
INFO:logs/DIP_log_model_gaussian_kernel_sigma=3.log:train PSNR: 27.57649413477426
INFO:logs/DIP_log_model_gaussian_kernel_sigma=3.log:test PSNR: 27.097028844808726
INFO:logs/DIP_log_model_gaussian_kernel_sigma=3.log:train PSNR: 27.416875659348833
INFO:logs/DIP_log_model_gaussian_kernel_sigma=3.log:test PSNR: 27.09663119315932
INFO:logs/DIP_log_model_gaussian_kernel_sigma=3.log:train PSNR: 27.717264792604425
INFO:logs/DIP_log_model_gaussian_kernel_sigma=3.log:test PSNR: 27.096303711920154
INFO:logs/DIP_log_model_gaussian_kernel_sigma=3.log:train PSNR: 27.472518583413546
INFO:logs/DIP_log_model_gaussian_kernel_sigma=3.log:test PSNR: 27.097336931042946
INFO:logs/DIP_log_model_gaussian_kernel_sigma=3.log:train PSNR: 27.354256844690696
INFO:logs/DIP_log_model_gaussian_kernel_sigma=3.log:test PSNR: 27.09606268408734
INFO:logs/DIP_log_model_gaussian_kernel_sigma=3.log:train PSNR: 27.352719515285244
INFO:logs/DIP_log_model_gaussian_kernel_sigma=3.log:test PSNR: 27.09710792794753
INFO:logs/DIP_log_model_gaussian_kernel_sigma=3.log:train PSNR: 27.50411284165431
INFO:logs/DIP_log_model_gaussian_kernel_sigma=3.log:test PSNR: 27.097801949688478
INFO:logs/DIP_log_model_gaussian_kernel_sigma=3.log:train PSNR: 27.430201836919665
INFO:logs/DIP_log_model_gaussian_kernel_sigma=3.log:test PSNR: 27.10093987029338
INFO:logs/DIP_log_model_gaussian_kernel_sigma=3.log:train PSNR: 27.39996142770756
INFO:logs/DIP_log_model_gaussian_kernel_sigma=3.log:test PSNR: 27.099023397821018
INFO:logs/DIP_log_model_gaussian_kernel_sigma=3.log:train PSNR: 27.622043272250203
INFO:logs/DIP_log_model_gaussian_kernel_sigma=3.log:test PSNR: 27.09852879180748
INFO:logs/DIP_log_model_gaussian_kernel_sigma=3.log:train PSNR: 27.451906641385662
INFO:logs/DIP_log_model_gaussian_kernel_sigma=3.log:test PSNR: 27.099208681946262
INFO:logs/DIP_log_model_gaussian_kernel_sigma=3.log:train PSNR: 27.297386533703172
INFO:logs/DIP_log_model_gaussian_kernel_sigma=3.log:test PSNR: 27.099050411640274
INFO:logs/DIP_log_model_gaussian_kernel_sigma=3.log:train PSNR: 27.434807478213056
INFO:logs/DIP_log_model_gaussian_kernel_sigma=3.log:test PSNR: 27.098254417110027
INFO:logs/DIP_log_model_gaussian_kernel_sigma=3.log:train PSNR: 27.3776651284097
INFO:logs/DIP_log_model_gaussian_kernel_sigma=3.log:test PSNR: 27.09909418203548
INFO:logs/DIP_log_model_gaussian_kernel_sigma=3.log:train PSNR: 27.14556823497609
INFO:logs/DIP_log_model_gaussian_kernel_sigma=3.log:test PSNR: 27.09916534773624
INFO:logs/DIP_log_model_gaussian_kernel_sigma=3.log:train PSNR: 27.36239967782061
INFO:logs/DIP_log_model_gaussian_kernel_sigma=3.log:test PSNR: 27.09818844632595
INFO:logs/DIP_log_model_gaussian_kernel_sigma=3.log:train PSNR: 27.220331712033335
INFO:logs/DIP_log_model_gaussian_kernel_sigma=3.log:test PSNR: 27.097888982396725
INFO:logs/DIP_log_model_gaussian_kernel_sigma=3.log:train PSNR: 27.47024195683059
INFO:logs/DIP_log_model_gaussian_kernel_sigma=3.log:test PSNR: 27.099016532009507
INFO:logs/DIP_log_model_gaussian_kernel_sigma=3.log:train PSNR: 27.32206498488586
INFO:logs/DIP_log_model_gaussian_kernel_sigma=3.log:test PSNR: 27.09877149794063
INFO:logs/DIP_log_model_gaussian_kernel_sigma=3.log:train PSNR: 27.562299626240605
INFO:logs/DIP_log_model_gaussian_kernel_sigma=3.log:test PSNR: 27.099254162024458
INFO:logs/DIP_log_model_gaussian_kernel_sigma=3.log:train PSNR: 27.564019671690644
INFO:logs/DIP_log_model_gaussian_kernel_sigma=3.log:test PSNR: 27.098808354646692
INFO:logs/DIP_log_model_gaussian_kernel_sigma=3.log:train PSNR: 27.425354105650463
INFO:logs/DIP_log_model_gaussian_kernel_sigma=3.log:test PSNR: 27.099761087240292
INFO:logs/DIP_log_model_gaussian_kernel_sigma=3.log:train PSNR: 27.49258404011468
INFO:logs/DIP_log_model_gaussian_kernel_sigma=3.log:test PSNR: 27.098686010723725
INFO:logs/DIP_log_model_gaussian_kernel_sigma=3.log:train PSNR: 27.53766204544836
INFO:logs/DIP_log_model_gaussian_kernel_sigma=3.log:test PSNR: 27.098704757018538
INFO:logs/DIP_log_model_gaussian_kernel_sigma=3.log:train PSNR: 27.61611540018873
INFO:logs/DIP_log_model_gaussian_kernel_sigma=3.log:test PSNR: 27.10013041126839
INFO:logs/DIP_log_model_gaussian_kernel_sigma=3.log:train PSNR: 27.535964088464564
INFO:logs/DIP_log_model_gaussian_kernel_sigma=3.log:test PSNR: 27.10062301269872
INFO:logs/DIP_log_model_gaussian_kernel_sigma=3.log:train PSNR: 27.32692078165485
INFO:logs/DIP_log_model_gaussian_kernel_sigma=3.log:test PSNR: 27.0994342648056
INFO:logs/DIP_log_model_gaussian_kernel_sigma=3.log:train PSNR: 27.6900248682571
INFO:logs/DIP_log_model_gaussian_kernel_sigma=3.log:test PSNR: 27.100470239641716
INFO:logs/DIP_log_model_gaussian_kernel_sigma=3.log:train PSNR: 27.5153353202311
INFO:logs/DIP_log_model_gaussian_kernel_sigma=3.log:test PSNR: 27.097643358969865
INFO:logs/DIP_log_model_gaussian_kernel_sigma=3.log:train PSNR: 27.22228774595753
INFO:logs/DIP_log_model_gaussian_kernel_sigma=3.log:test PSNR: 27.097088916267385
INFO:logs/DIP_log_model_gaussian_kernel_sigma=3.log:train PSNR: 27.181188586982255
INFO:logs/DIP_log_model_gaussian_kernel_sigma=3.log:test PSNR: 27.09883628321899
INFO:logs/DIP_log_model_gaussian_kernel_sigma=3.log:train PSNR: 27.299700961579568
INFO:logs/DIP_log_model_gaussian_kernel_sigma=3.log:test PSNR: 27.100784794522294
INFO:logs/DIP_log_model_gaussian_kernel_sigma=3.log:train PSNR: 27.511338620925716
INFO:logs/DIP_log_model_gaussian_kernel_sigma=3.log:test PSNR: 27.099991878018713
INFO:logs/DIP_log_model_gaussian_kernel_sigma=3.log:train PSNR: 27.37099744563322
INFO:logs/DIP_log_model_gaussian_kernel_sigma=3.log:test PSNR: 27.099890541262496
INFO:logs/DIP_log_model_gaussian_kernel_sigma=3.log:train PSNR: 27.772220833196297
INFO:logs/DIP_log_model_gaussian_kernel_sigma=3.log:test PSNR: 27.09957078731752
INFO:logs/DIP_log_model_gaussian_kernel_sigma=3.log:train PSNR: 27.36833161279658
INFO:logs/DIP_log_model_gaussian_kernel_sigma=3.log:test PSNR: 27.098923679333076
INFO:logs/DIP_log_model_gaussian_kernel_sigma=3.log:train PSNR: 27.377595302830695
INFO:logs/DIP_log_model_gaussian_kernel_sigma=3.log:test PSNR: 27.098999005327574
INFO:logs/DIP_log_model_gaussian_kernel_sigma=3.log:train PSNR: 27.608093249367563
INFO:logs/DIP_log_model_gaussian_kernel_sigma=3.log:test PSNR: 27.09951555216034
INFO:logs/DIP_log_model_gaussian_kernel_sigma=3.log:train PSNR: 27.54904490361621
INFO:logs/DIP_log_model_gaussian_kernel_sigma=3.log:test PSNR: 27.09935962683429
INFO:logs/DIP_log_model_gaussian_kernel_sigma=3.log:train PSNR: 27.30283565722017
INFO:logs/DIP_log_model_gaussian_kernel_sigma=3.log:test PSNR: 27.0992481340861
INFO:logs/DIP_log_model_gaussian_kernel_sigma=3.log:train PSNR: 27.472363879107405
INFO:logs/DIP_log_model_gaussian_kernel_sigma=3.log:test PSNR: 27.09872162828314
INFO:logs/DIP_log_model_gaussian_kernel_sigma=3.log:train PSNR: 27.532269294143372
INFO:logs/DIP_log_model_gaussian_kernel_sigma=3.log:test PSNR: 27.098765425445524
INFO:logs/DIP_log_model_gaussian_kernel_sigma=3.log:train PSNR: 27.34005192632573
INFO:logs/DIP_log_model_gaussian_kernel_sigma=3.log:test PSNR: 27.09902057278769
INFO:logs/DIP_log_model_gaussian_kernel_sigma=3.log:train PSNR: 27.45721838195815
INFO:logs/DIP_log_model_gaussian_kernel_sigma=3.log:test PSNR: 27.098771527862922
INFO:logs/DIP_log_model_gaussian_kernel_sigma=3.log:train PSNR: 27.217070679965026
INFO:logs/DIP_log_model_gaussian_kernel_sigma=3.log:test PSNR: 27.098705851324503
INFO:logs/DIP_log_model_gaussian_kernel_sigma=3.log:train PSNR: 27.39596477479212
INFO:logs/DIP_log_model_gaussian_kernel_sigma=3.log:test PSNR: 27.098985289309553
INFO:logs/DIP_log_model_gaussian_kernel_sigma=3.log:train PSNR: 27.486940765385604
INFO:logs/DIP_log_model_gaussian_kernel_sigma=3.log:test PSNR: 27.09910968701588
INFO:logs/DIP_log_model_gaussian_kernel_sigma=3.log:train PSNR: 27.38781299707315
INFO:logs/DIP_log_model_gaussian_kernel_sigma=3.log:test PSNR: 27.098821051739844
INFO:logs/DIP_log_model_gaussian_kernel_sigma=3.log:train PSNR: 27.543268337440843
INFO:logs/DIP_log_model_gaussian_kernel_sigma=3.log:test PSNR: 27.09917053313555
INFO:logs/DIP_log_model_gaussian_kernel_sigma=3.log:train PSNR: 27.570689049198414
INFO:logs/DIP_log_model_gaussian_kernel_sigma=3.log:test PSNR: 27.09831572798433
INFO:logs/DIP_log_model_gaussian_kernel_sigma=3.log:train PSNR: 27.3016620302367
INFO:logs/DIP_log_model_gaussian_kernel_sigma=3.log:test PSNR: 27.09919214133264
INFO:logs/DIP_log_model_gaussian_kernel_sigma=3.log:train PSNR: 27.468374071762327
INFO:logs/DIP_log_model_gaussian_kernel_sigma=3.log:test PSNR: 27.099302436876865
INFO:logs/DIP_log_model_gaussian_kernel_sigma=3.log:train PSNR: 27.91821815228198
INFO:logs/DIP_log_model_gaussian_kernel_sigma=3.log:test PSNR: 27.098998849578116
INFO:logs/DIP_log_model_gaussian_kernel_sigma=3.log:train PSNR: 27.582755143676422
INFO:logs/DIP_log_model_gaussian_kernel_sigma=3.log:test PSNR: 27.098686614503162
INFO:logs/DIP_log_model_gaussian_kernel_sigma=3.log:train PSNR: 27.521995703792804
INFO:logs/DIP_log_model_gaussian_kernel_sigma=3.log:test PSNR: 27.098973612134447
INFO:logs/DIP_log_model_gaussian_kernel_sigma=3.log:train PSNR: 27.258060285731016
INFO:logs/DIP_log_model_gaussian_kernel_sigma=3.log:test PSNR: 27.0984049354519
INFO:logs/DIP_log_model_gaussian_kernel_sigma=3.log:train PSNR: 27.29732497670067
INFO:logs/DIP_log_model_gaussian_kernel_sigma=3.log:test PSNR: 27.097996457772403
INFO:logs/DIP_log_model_gaussian_kernel_sigma=3.log:train PSNR: 27.424832690974466
INFO:logs/DIP_log_model_gaussian_kernel_sigma=3.log:test PSNR: 27.09827262926681
INFO:logs/DIP_log_model_gaussian_kernel_sigma=3.log:train PSNR: 27.39301359840703
INFO:logs/DIP_log_model_gaussian_kernel_sigma=3.log:test PSNR: 27.098295954972226
INFO:logs/DIP_log_model_gaussian_kernel_sigma=3.log:train PSNR: 27.350132957887453
INFO:logs/DIP_log_model_gaussian_kernel_sigma=3.log:test PSNR: 27.09837554782498
INFO:logs/DIP_log_model_gaussian_kernel_sigma=3.log:train PSNR: 27.343842670466056
INFO:logs/DIP_log_model_gaussian_kernel_sigma=3.log:test PSNR: 27.098525388783933
INFO:logs/DIP_log_model_gaussian_kernel_sigma=3.log:train PSNR: 27.609341139011597
INFO:logs/DIP_log_model_gaussian_kernel_sigma=3.log:test PSNR: 27.098418979844286
INFO:logs/DIP_log_model_gaussian_kernel_sigma=3.log:train PSNR: 27.249355514520218
INFO:logs/DIP_log_model_gaussian_kernel_sigma=3.log:test PSNR: 27.09840350132302
INFO:logs/DIP_log_model_gaussian_kernel_sigma=3.log:train PSNR: 27.487582617932038
INFO:logs/DIP_log_model_gaussian_kernel_sigma=3.log:test PSNR: 27.09832222994056
INFO:logs/DIP_log_model_gaussian_kernel_sigma=3.log:train PSNR: 27.544712807182545
INFO:logs/DIP_log_model_gaussian_kernel_sigma=3.log:test PSNR: 27.098423329442515
INFO:logs/DIP_log_model_gaussian_kernel_sigma=3.log:train PSNR: 27.681418669679424
INFO:logs/DIP_log_model_gaussian_kernel_sigma=3.log:test PSNR: 27.098331117293394
INFO:logs/DIP_log_model_gaussian_kernel_sigma=3.log:train PSNR: 27.329563773936854
INFO:logs/DIP_log_model_gaussian_kernel_sigma=3.log:test PSNR: 27.09827555989222
INFO:logs/DIP_log_model_gaussian_kernel_sigma=3.log:train PSNR: 27.450091909418838
INFO:logs/DIP_log_model_gaussian_kernel_sigma=3.log:test PSNR: 27.098458994310608
INFO:logs/DIP_log_model_gaussian_kernel_sigma=3.log:train PSNR: 27.603627829738816
INFO:logs/DIP_log_model_gaussian_kernel_sigma=3.log:test PSNR: 27.09822921848354
INFO:logs/DIP_log_model_gaussian_kernel_sigma=3.log:train PSNR: 27.265716667382033
INFO:logs/DIP_log_model_gaussian_kernel_sigma=3.log:test PSNR: 27.09858192608507
INFO:logs/DIP_log_model_gaussian_kernel_sigma=3.log:train PSNR: 27.352523805212154
INFO:logs/DIP_log_model_gaussian_kernel_sigma=3.log:test PSNR: 27.098577901911156
INFO:logs/DIP_log_model_gaussian_kernel_sigma=3.log:train PSNR: 27.59670433080675
INFO:logs/DIP_log_model_gaussian_kernel_sigma=3.log:test PSNR: 27.098744659123014
INFO:logs/DIP_log_model_gaussian_kernel_sigma=3.log:train PSNR: 27.36507896810075
INFO:logs/DIP_log_model_gaussian_kernel_sigma=3.log:test PSNR: 27.098560237812126
INFO:logs/DIP_log_model_gaussian_kernel_sigma=3.log:train PSNR: 27.649581836429952
INFO:logs/DIP_log_model_gaussian_kernel_sigma=3.log:test PSNR: 27.098863426318964
INFO:logs/DIP_log_model_gaussian_kernel_sigma=3.log:train PSNR: 27.253141251539223
INFO:logs/DIP_log_model_gaussian_kernel_sigma=3.log:test PSNR: 27.099119497280167
INFO:logs/DIP_log_model_gaussian_kernel_sigma=3.log:train PSNR: 27.714612361467466
INFO:logs/DIP_log_model_gaussian_kernel_sigma=3.log:test PSNR: 27.099111493951032
INFO:logs/DIP_log_model_gaussian_kernel_sigma=3.log:train PSNR: 27.25480158963978
INFO:logs/DIP_log_model_gaussian_kernel_sigma=3.log:test PSNR: 27.098942400637682
INFO:logs/DIP_log_model_gaussian_kernel_sigma=3.log:train PSNR: 27.465875429711808
INFO:logs/DIP_log_model_gaussian_kernel_sigma=3.log:test PSNR: 27.098845793815393
INFO:logs/DIP_log_model_gaussian_kernel_sigma=3.log:train PSNR: 27.28927427582105
INFO:logs/DIP_log_model_gaussian_kernel_sigma=3.log:test PSNR: 27.098992614383832
INFO:logs/DIP_log_model_gaussian_kernel_sigma=3.log:train PSNR: 27.227095395691716
INFO:logs/DIP_log_model_gaussian_kernel_sigma=3.log:test PSNR: 27.09910417352107
INFO:logs/DIP_log_model_gaussian_kernel_sigma=3.log:train PSNR: 27.272967283533625
INFO:logs/DIP_log_model_gaussian_kernel_sigma=3.log:test PSNR: 27.09919834041726
INFO:logs/DIP_log_model_gaussian_kernel_sigma=3.log:train PSNR: 27.246979934554314
INFO:logs/DIP_log_model_gaussian_kernel_sigma=3.log:test PSNR: 27.098976319113486
INFO:logs/DIP_log_model_gaussian_kernel_sigma=3.log:train PSNR: 27.696841725401576
INFO:logs/DIP_log_model_gaussian_kernel_sigma=3.log:test PSNR: 27.098741320226186
