INFO:logs/DIP_log_model_gaussian_kernel_sigma=5.log_model:first model = 
ConvLista_T(
  (apply_A): ConvTranspose2d(175, 1, kernel_size=(11, 11), stride=(8, 8), bias=False)
  (apply_B): Conv2d(1, 175, kernel_size=(11, 11), stride=(8, 8), bias=False)
  (apply_C): Sequential(
    (0): ConvTranspose2d(175, 1, kernel_size=(11, 11), stride=(8, 8))
  )
  (soft_threshold): SoftThreshold()
)

INFO:logs/DIP_log_model_gaussian_kernel_sigma=5.log_model:config_dict = {'uuid': 'DIP_project_gaussian_kernel_sigma=5', 'kernel_size': 11, 'stride': 8, 'num_filters': 175, 'lr': 0.0002, 'unfoldings': 12, 'lr_decay': 0.35, 'patch_size': 128, 'num_epochs': 250, 'lr_step': 50, 'eps': 0.001, 'threshold': 0.01, 'noise_std': 0.09803921568627451, 'gaussian_size': 64, 'gaussian_sigma': 5}

INFO:logs/DIP_log_model_gaussian_kernel_sigma=5.log:Training model...
INFO:logs/DIP_log_model_gaussian_kernel_sigma=5.log:train PSNR: 21.234567010122483
INFO:logs/DIP_log_model_gaussian_kernel_sigma=5.log:test PSNR: 21.866211270024692
INFO:logs/DIP_log_model_gaussian_kernel_sigma=5.log:train PSNR: 21.697180820077147
INFO:logs/DIP_log_model_gaussian_kernel_sigma=5.log:test PSNR: 22.32634698350991
INFO:logs/DIP_log_model_gaussian_kernel_sigma=5.log:train PSNR: 22.221465036587098
INFO:logs/DIP_log_model_gaussian_kernel_sigma=5.log:test PSNR: 22.972331368382928
INFO:logs/DIP_log_model_gaussian_kernel_sigma=5.log:train PSNR: 22.804392927079256
INFO:logs/DIP_log_model_gaussian_kernel_sigma=5.log:test PSNR: 23.21989528382246
INFO:logs/DIP_log_model_gaussian_kernel_sigma=5.log:train PSNR: 23.279337254706764
INFO:logs/DIP_log_model_gaussian_kernel_sigma=5.log:test PSNR: 23.570516297568847
INFO:logs/DIP_log_model_gaussian_kernel_sigma=5.log:train PSNR: 23.358469820262144
INFO:logs/DIP_log_model_gaussian_kernel_sigma=5.log:test PSNR: 23.642847239860004
INFO:logs/DIP_log_model_gaussian_kernel_sigma=5.log:train PSNR: 23.8132828337164
INFO:logs/DIP_log_model_gaussian_kernel_sigma=5.log:test PSNR: 23.792845845121654
INFO:logs/DIP_log_model_gaussian_kernel_sigma=5.log:train PSNR: 23.62407955651385
INFO:logs/DIP_log_model_gaussian_kernel_sigma=5.log:test PSNR: 23.834964540533583
INFO:logs/DIP_log_model_gaussian_kernel_sigma=5.log:train PSNR: 23.586987826572678
INFO:logs/DIP_log_model_gaussian_kernel_sigma=5.log:test PSNR: 23.917955861841023
INFO:logs/DIP_log_model_gaussian_kernel_sigma=5.log:train PSNR: 23.661303601325944
INFO:logs/DIP_log_model_gaussian_kernel_sigma=5.log:test PSNR: 23.765425557317663
INFO:logs/DIP_log_model_gaussian_kernel_sigma=5.log:train PSNR: 23.970683633464343
INFO:logs/DIP_log_model_gaussian_kernel_sigma=5.log:test PSNR: 24.093270959659375
INFO:logs/DIP_log_model_gaussian_kernel_sigma=5.log:train PSNR: 23.887815477412143
INFO:logs/DIP_log_model_gaussian_kernel_sigma=5.log:test PSNR: 24.006725696375373
INFO:logs/DIP_log_model_gaussian_kernel_sigma=5.log:train PSNR: 23.88151767388671
INFO:logs/DIP_log_model_gaussian_kernel_sigma=5.log:test PSNR: 24.133572304048272
INFO:logs/DIP_log_model_gaussian_kernel_sigma=5.log:train PSNR: 23.90717138521051
INFO:logs/DIP_log_model_gaussian_kernel_sigma=5.log:test PSNR: 24.11966867725146
INFO:logs/DIP_log_model_gaussian_kernel_sigma=5.log:train PSNR: 24.213399462645043
INFO:logs/DIP_log_model_gaussian_kernel_sigma=5.log:test PSNR: 24.2737075037886
INFO:logs/DIP_log_model_gaussian_kernel_sigma=5.log:train PSNR: 24.259631383792005
INFO:logs/DIP_log_model_gaussian_kernel_sigma=5.log:test PSNR: 24.299591638065575
INFO:logs/DIP_log_model_gaussian_kernel_sigma=5.log:train PSNR: 24.11202044570625
INFO:logs/DIP_log_model_gaussian_kernel_sigma=5.log:test PSNR: 24.308615194474527
INFO:logs/DIP_log_model_gaussian_kernel_sigma=5.log:train PSNR: 24.072990013047157
INFO:logs/DIP_log_model_gaussian_kernel_sigma=5.log:test PSNR: 24.29556578276283
INFO:logs/DIP_log_model_gaussian_kernel_sigma=5.log:train PSNR: 24.072609826840697
INFO:logs/DIP_log_model_gaussian_kernel_sigma=5.log:test PSNR: 24.367846238148815
INFO:logs/DIP_log_model_gaussian_kernel_sigma=5.log:train PSNR: 24.22102086831731
INFO:logs/DIP_log_model_gaussian_kernel_sigma=5.log:test PSNR: 24.390792668338467
INFO:logs/DIP_log_model_gaussian_kernel_sigma=5.log:train PSNR: 24.279998419464977
INFO:logs/DIP_log_model_gaussian_kernel_sigma=5.log:test PSNR: 24.395819963927035
INFO:logs/DIP_log_model_gaussian_kernel_sigma=5.log:train PSNR: 24.390154720801753
INFO:logs/DIP_log_model_gaussian_kernel_sigma=5.log:test PSNR: 24.406294439922576
INFO:logs/DIP_log_model_gaussian_kernel_sigma=5.log:train PSNR: 24.455755703623325
INFO:logs/DIP_log_model_gaussian_kernel_sigma=5.log:test PSNR: 24.447074460750777
INFO:logs/DIP_log_model_gaussian_kernel_sigma=5.log:train PSNR: 24.255572374915516
INFO:logs/DIP_log_model_gaussian_kernel_sigma=5.log:test PSNR: 24.481648645696247
INFO:logs/DIP_log_model_gaussian_kernel_sigma=5.log:train PSNR: 24.559282477591857
INFO:logs/DIP_log_model_gaussian_kernel_sigma=5.log:test PSNR: 24.441229538655392
INFO:logs/DIP_log_model_gaussian_kernel_sigma=5.log:train PSNR: 24.752068356269127
INFO:logs/DIP_log_model_gaussian_kernel_sigma=5.log:test PSNR: 24.536011823970142
INFO:logs/DIP_log_model_gaussian_kernel_sigma=5.log:train PSNR: 24.654441194503498
INFO:logs/DIP_log_model_gaussian_kernel_sigma=5.log:test PSNR: 24.59422999339907
INFO:logs/DIP_log_model_gaussian_kernel_sigma=5.log:train PSNR: 24.492474343660255
INFO:logs/DIP_log_model_gaussian_kernel_sigma=5.log:test PSNR: 24.58858564033318
INFO:logs/DIP_log_model_gaussian_kernel_sigma=5.log:train PSNR: 24.541332159007965
INFO:logs/DIP_log_model_gaussian_kernel_sigma=5.log:test PSNR: 24.587381079958398
INFO:logs/DIP_log_model_gaussian_kernel_sigma=5.log:train PSNR: 24.650867154026745
INFO:logs/DIP_log_model_gaussian_kernel_sigma=5.log:test PSNR: 24.63213229397411
INFO:logs/DIP_log_model_gaussian_kernel_sigma=5.log:train PSNR: 24.710483625221386
INFO:logs/DIP_log_model_gaussian_kernel_sigma=5.log:test PSNR: 24.62802837597518
INFO:logs/DIP_log_model_gaussian_kernel_sigma=5.log:train PSNR: 24.998410482882033
INFO:logs/DIP_log_model_gaussian_kernel_sigma=5.log:test PSNR: 24.660620669316955
INFO:logs/DIP_log_model_gaussian_kernel_sigma=5.log:train PSNR: 24.635961899260415
INFO:logs/DIP_log_model_gaussian_kernel_sigma=5.log:test PSNR: 24.64012612323395
INFO:logs/DIP_log_model_gaussian_kernel_sigma=5.log:train PSNR: 24.622637462462276
INFO:logs/DIP_log_model_gaussian_kernel_sigma=5.log:test PSNR: 24.66529468553467
INFO:logs/DIP_log_model_gaussian_kernel_sigma=5.log:train PSNR: 24.49524097862782
INFO:logs/DIP_log_model_gaussian_kernel_sigma=5.log:test PSNR: 24.663799200070702
INFO:logs/DIP_log_model_gaussian_kernel_sigma=5.log:train PSNR: 24.774260676248748
INFO:logs/DIP_log_model_gaussian_kernel_sigma=5.log:test PSNR: 24.682188029282866
INFO:logs/DIP_log_model_gaussian_kernel_sigma=5.log:train PSNR: 24.52355838230952
INFO:logs/DIP_log_model_gaussian_kernel_sigma=5.log:test PSNR: 24.693339998499486
INFO:logs/DIP_log_model_gaussian_kernel_sigma=5.log:train PSNR: 24.69482515401048
INFO:logs/DIP_log_model_gaussian_kernel_sigma=5.log:test PSNR: 24.693470205629477
INFO:logs/DIP_log_model_gaussian_kernel_sigma=5.log:train PSNR: 24.61645663389
INFO:logs/DIP_log_model_gaussian_kernel_sigma=5.log:test PSNR: 24.65166139619715
INFO:logs/DIP_log_model_gaussian_kernel_sigma=5.log:train PSNR: 24.63457065291688
INFO:logs/DIP_log_model_gaussian_kernel_sigma=5.log:test PSNR: 24.696208914209986
INFO:logs/DIP_log_model_gaussian_kernel_sigma=5.log:train PSNR: 24.62972322794278
INFO:logs/DIP_log_model_gaussian_kernel_sigma=5.log:test PSNR: 24.688576767332925
INFO:logs/DIP_log_model_gaussian_kernel_sigma=5.log:train PSNR: 24.577830848845775
INFO:logs/DIP_log_model_gaussian_kernel_sigma=5.log:test PSNR: 24.72321849667796
INFO:logs/DIP_log_model_gaussian_kernel_sigma=5.log:train PSNR: 24.533228921735454
INFO:logs/DIP_log_model_gaussian_kernel_sigma=5.log:test PSNR: 24.69271402499025
INFO:logs/DIP_log_model_gaussian_kernel_sigma=5.log:train PSNR: 24.340163299385424
INFO:logs/DIP_log_model_gaussian_kernel_sigma=5.log:test PSNR: 24.702885557605608
INFO:logs/DIP_log_model_gaussian_kernel_sigma=5.log:train PSNR: 24.675274215100224
INFO:logs/DIP_log_model_gaussian_kernel_sigma=5.log:test PSNR: 24.688299544534075
INFO:logs/DIP_log_model_gaussian_kernel_sigma=5.log:train PSNR: 24.421222314736276
INFO:logs/DIP_log_model_gaussian_kernel_sigma=5.log:test PSNR: 24.679687187750364
INFO:logs/DIP_log_model_gaussian_kernel_sigma=5.log:train PSNR: 24.87362606928127
INFO:logs/DIP_log_model_gaussian_kernel_sigma=5.log:test PSNR: 24.70295364556162
INFO:logs/DIP_log_model_gaussian_kernel_sigma=5.log:train PSNR: 24.7141925792755
INFO:logs/DIP_log_model_gaussian_kernel_sigma=5.log:test PSNR: 24.70664244270651
INFO:logs/DIP_log_model_gaussian_kernel_sigma=5.log:train PSNR: 24.534055359201016
INFO:logs/DIP_log_model_gaussian_kernel_sigma=5.log:test PSNR: 24.72135743098199
INFO:logs/DIP_log_model_gaussian_kernel_sigma=5.log:train PSNR: 24.780074814550304
INFO:logs/DIP_log_model_gaussian_kernel_sigma=5.log:test PSNR: 24.745171685028943
INFO:logs/DIP_log_model_gaussian_kernel_sigma=5.log:train PSNR: 24.83810973749808
INFO:logs/DIP_log_model_gaussian_kernel_sigma=5.log:test PSNR: 24.765638053214985
INFO:logs/DIP_log_model_gaussian_kernel_sigma=5.log:train PSNR: 24.624196252823115
INFO:logs/DIP_log_model_gaussian_kernel_sigma=5.log:test PSNR: 24.759503255766802
INFO:logs/DIP_log_model_gaussian_kernel_sigma=5.log:train PSNR: 24.833467048105277
INFO:logs/DIP_log_model_gaussian_kernel_sigma=5.log:test PSNR: 24.781482628753196
INFO:logs/DIP_log_model_gaussian_kernel_sigma=5.log:train PSNR: 24.561588226264316
INFO:logs/DIP_log_model_gaussian_kernel_sigma=5.log:test PSNR: 24.6985880037503
INFO:logs/DIP_log_model_gaussian_kernel_sigma=5.log:train PSNR: 24.942864733745576
INFO:logs/DIP_log_model_gaussian_kernel_sigma=5.log:test PSNR: 24.779649018350057
INFO:logs/DIP_log_model_gaussian_kernel_sigma=5.log:train PSNR: 24.946973541910126
INFO:logs/DIP_log_model_gaussian_kernel_sigma=5.log:test PSNR: 24.762310736059806
INFO:logs/DIP_log_model_gaussian_kernel_sigma=5.log:train PSNR: 24.95132414327762
INFO:logs/DIP_log_model_gaussian_kernel_sigma=5.log:test PSNR: 24.780494191579486
INFO:logs/DIP_log_model_gaussian_kernel_sigma=5.log:train PSNR: 24.821900660774048
INFO:logs/DIP_log_model_gaussian_kernel_sigma=5.log:test PSNR: 24.781952458968608
INFO:logs/DIP_log_model_gaussian_kernel_sigma=5.log:train PSNR: 24.88485942273152
INFO:logs/DIP_log_model_gaussian_kernel_sigma=5.log:test PSNR: 24.78252141228948
INFO:logs/DIP_log_model_gaussian_kernel_sigma=5.log:train PSNR: 24.897825228050877
INFO:logs/DIP_log_model_gaussian_kernel_sigma=5.log:test PSNR: 24.780778255714246
INFO:logs/DIP_log_model_gaussian_kernel_sigma=5.log:train PSNR: 24.78258610706441
INFO:logs/DIP_log_model_gaussian_kernel_sigma=5.log:test PSNR: 24.804131598803973
INFO:logs/DIP_log_model_gaussian_kernel_sigma=5.log:train PSNR: 24.895840565665893
INFO:logs/DIP_log_model_gaussian_kernel_sigma=5.log:test PSNR: 24.78570855256244
INFO:logs/DIP_log_model_gaussian_kernel_sigma=5.log:train PSNR: 24.8396411355853
INFO:logs/DIP_log_model_gaussian_kernel_sigma=5.log:test PSNR: 24.785609009111212
INFO:logs/DIP_log_model_gaussian_kernel_sigma=5.log:train PSNR: 24.985618741190763
INFO:logs/DIP_log_model_gaussian_kernel_sigma=5.log:test PSNR: 24.775869834885853
INFO:logs/DIP_log_model_gaussian_kernel_sigma=5.log:train PSNR: 24.735017733382747
INFO:logs/DIP_log_model_gaussian_kernel_sigma=5.log:test PSNR: 24.791187295185022
INFO:logs/DIP_log_model_gaussian_kernel_sigma=5.log:train PSNR: 24.81381896306858
INFO:logs/DIP_log_model_gaussian_kernel_sigma=5.log:test PSNR: 24.799347778709528
INFO:logs/DIP_log_model_gaussian_kernel_sigma=5.log:train PSNR: 24.668353266975238
INFO:logs/DIP_log_model_gaussian_kernel_sigma=5.log:test PSNR: 24.800056079015487
INFO:logs/DIP_log_model_gaussian_kernel_sigma=5.log:train PSNR: 24.734550784814797
INFO:logs/DIP_log_model_gaussian_kernel_sigma=5.log:test PSNR: 24.793322514111225
INFO:logs/DIP_log_model_gaussian_kernel_sigma=5.log:train PSNR: 24.912379688943677
INFO:logs/DIP_log_model_gaussian_kernel_sigma=5.log:test PSNR: 24.805987076233475
INFO:logs/DIP_log_model_gaussian_kernel_sigma=5.log:train PSNR: 25.138091254835853
INFO:logs/DIP_log_model_gaussian_kernel_sigma=5.log:test PSNR: 24.772348422573444
INFO:logs/DIP_log_model_gaussian_kernel_sigma=5.log:train PSNR: 25.278514485926625
INFO:logs/DIP_log_model_gaussian_kernel_sigma=5.log:test PSNR: 24.813069595617275
INFO:logs/DIP_log_model_gaussian_kernel_sigma=5.log:train PSNR: 24.759813406090444
INFO:logs/DIP_log_model_gaussian_kernel_sigma=5.log:test PSNR: 24.79778367988996
INFO:logs/DIP_log_model_gaussian_kernel_sigma=5.log:train PSNR: 25.044800335636225
INFO:logs/DIP_log_model_gaussian_kernel_sigma=5.log:test PSNR: 24.785544868789245
INFO:logs/DIP_log_model_gaussian_kernel_sigma=5.log:train PSNR: 24.989220481046974
INFO:logs/DIP_log_model_gaussian_kernel_sigma=5.log:test PSNR: 24.801863691619605
INFO:logs/DIP_log_model_gaussian_kernel_sigma=5.log:train PSNR: 24.862458032431494
INFO:logs/DIP_log_model_gaussian_kernel_sigma=5.log:test PSNR: 24.803250467065084
INFO:logs/DIP_log_model_gaussian_kernel_sigma=5.log:train PSNR: 24.9098594083951
INFO:logs/DIP_log_model_gaussian_kernel_sigma=5.log:test PSNR: 24.803308442887225
INFO:logs/DIP_log_model_gaussian_kernel_sigma=5.log:train PSNR: 25.072653282131792
INFO:logs/DIP_log_model_gaussian_kernel_sigma=5.log:test PSNR: 24.820076388908607
INFO:logs/DIP_log_model_gaussian_kernel_sigma=5.log:train PSNR: 25.08219169988086
INFO:logs/DIP_log_model_gaussian_kernel_sigma=5.log:test PSNR: 24.81623452573121
INFO:logs/DIP_log_model_gaussian_kernel_sigma=5.log:train PSNR: 24.84753046665452
INFO:logs/DIP_log_model_gaussian_kernel_sigma=5.log:test PSNR: 24.820239598165173
INFO:logs/DIP_log_model_gaussian_kernel_sigma=5.log:train PSNR: 24.796207100122555
INFO:logs/DIP_log_model_gaussian_kernel_sigma=5.log:test PSNR: 24.80928893059634
INFO:logs/DIP_log_model_gaussian_kernel_sigma=5.log:train PSNR: 24.891243845765253
INFO:logs/DIP_log_model_gaussian_kernel_sigma=5.log:test PSNR: 24.815142089838652
INFO:logs/DIP_log_model_gaussian_kernel_sigma=5.log:train PSNR: 24.772243412907173
INFO:logs/DIP_log_model_gaussian_kernel_sigma=5.log:test PSNR: 24.82321590806062
INFO:logs/DIP_log_model_gaussian_kernel_sigma=5.log:train PSNR: 24.9328513189988
INFO:logs/DIP_log_model_gaussian_kernel_sigma=5.log:test PSNR: 24.83271607240787
INFO:logs/DIP_log_model_gaussian_kernel_sigma=5.log:train PSNR: 24.770320474190655
INFO:logs/DIP_log_model_gaussian_kernel_sigma=5.log:test PSNR: 24.83021202331147
INFO:logs/DIP_log_model_gaussian_kernel_sigma=5.log:train PSNR: 25.132956432758128
INFO:logs/DIP_log_model_gaussian_kernel_sigma=5.log:test PSNR: 24.810048954774533
INFO:logs/DIP_log_model_gaussian_kernel_sigma=5.log:train PSNR: 24.774556244108897
INFO:logs/DIP_log_model_gaussian_kernel_sigma=5.log:test PSNR: 24.82212412892669
INFO:logs/DIP_log_model_gaussian_kernel_sigma=5.log:train PSNR: 24.978708370008125
INFO:logs/DIP_log_model_gaussian_kernel_sigma=5.log:test PSNR: 24.809434871080615
INFO:logs/DIP_log_model_gaussian_kernel_sigma=5.log:train PSNR: 25.17915002378876
INFO:logs/DIP_log_model_gaussian_kernel_sigma=5.log:test PSNR: 24.829742212864574
INFO:logs/DIP_log_model_gaussian_kernel_sigma=5.log:train PSNR: 25.146661369987637
INFO:logs/DIP_log_model_gaussian_kernel_sigma=5.log:test PSNR: 24.83401334119078
INFO:logs/DIP_log_model_gaussian_kernel_sigma=5.log:train PSNR: 24.81386883088798
INFO:logs/DIP_log_model_gaussian_kernel_sigma=5.log:test PSNR: 24.81909115208014
INFO:logs/DIP_log_model_gaussian_kernel_sigma=5.log:train PSNR: 24.82029281886473
INFO:logs/DIP_log_model_gaussian_kernel_sigma=5.log:test PSNR: 24.834199439314688
INFO:logs/DIP_log_model_gaussian_kernel_sigma=5.log:train PSNR: 24.799687062349097
INFO:logs/DIP_log_model_gaussian_kernel_sigma=5.log:test PSNR: 24.833703365157817
INFO:logs/DIP_log_model_gaussian_kernel_sigma=5.log:train PSNR: 24.83915341578763
INFO:logs/DIP_log_model_gaussian_kernel_sigma=5.log:test PSNR: 24.828971852087076
INFO:logs/DIP_log_model_gaussian_kernel_sigma=5.log:train PSNR: 24.95841383988633
INFO:logs/DIP_log_model_gaussian_kernel_sigma=5.log:test PSNR: 24.81365555172358
INFO:logs/DIP_log_model_gaussian_kernel_sigma=5.log:train PSNR: 25.204266871660447
INFO:logs/DIP_log_model_gaussian_kernel_sigma=5.log:test PSNR: 24.838174313537753
INFO:logs/DIP_log_model_gaussian_kernel_sigma=5.log:train PSNR: 25.041013164022118
INFO:logs/DIP_log_model_gaussian_kernel_sigma=5.log:test PSNR: 24.834675664330785
INFO:logs/DIP_log_model_gaussian_kernel_sigma=5.log:train PSNR: 24.74662155814464
INFO:logs/DIP_log_model_gaussian_kernel_sigma=5.log:test PSNR: 24.83925575025288
INFO:logs/DIP_log_model_gaussian_kernel_sigma=5.log:train PSNR: 24.706033913002013
INFO:logs/DIP_log_model_gaussian_kernel_sigma=5.log:test PSNR: 24.831759201135966
INFO:logs/DIP_log_model_gaussian_kernel_sigma=5.log:train PSNR: 25.174776513516143
INFO:logs/DIP_log_model_gaussian_kernel_sigma=5.log:test PSNR: 24.8205683096864
INFO:logs/DIP_log_model_gaussian_kernel_sigma=5.log:train PSNR: 25.24901544231908
INFO:logs/DIP_log_model_gaussian_kernel_sigma=5.log:test PSNR: 24.82285763619139
INFO:logs/DIP_log_model_gaussian_kernel_sigma=5.log:train PSNR: 24.937151835629834
INFO:logs/DIP_log_model_gaussian_kernel_sigma=5.log:test PSNR: 24.839036174011685
INFO:logs/DIP_log_model_gaussian_kernel_sigma=5.log:train PSNR: 24.79417038644509
INFO:logs/DIP_log_model_gaussian_kernel_sigma=5.log:test PSNR: 24.8391151568753
INFO:logs/DIP_log_model_gaussian_kernel_sigma=5.log:train PSNR: 24.813620572242936
INFO:logs/DIP_log_model_gaussian_kernel_sigma=5.log:test PSNR: 24.827636676107574
INFO:logs/DIP_log_model_gaussian_kernel_sigma=5.log:train PSNR: 24.8896964323164
INFO:logs/DIP_log_model_gaussian_kernel_sigma=5.log:test PSNR: 24.831104980959378
INFO:logs/DIP_log_model_gaussian_kernel_sigma=5.log:train PSNR: 25.112526949890142
INFO:logs/DIP_log_model_gaussian_kernel_sigma=5.log:test PSNR: 24.825371421094975
INFO:logs/DIP_log_model_gaussian_kernel_sigma=5.log:train PSNR: 25.05947006603795
INFO:logs/DIP_log_model_gaussian_kernel_sigma=5.log:test PSNR: 24.833444428119055
INFO:logs/DIP_log_model_gaussian_kernel_sigma=5.log:train PSNR: 25.084824338717002
INFO:logs/DIP_log_model_gaussian_kernel_sigma=5.log:test PSNR: 24.820896869150495
INFO:logs/DIP_log_model_gaussian_kernel_sigma=5.log:train PSNR: 25.13619285145423
INFO:logs/DIP_log_model_gaussian_kernel_sigma=5.log:test PSNR: 24.8408626359741
INFO:logs/DIP_log_model_gaussian_kernel_sigma=5.log:train PSNR: 25.10617978073076
INFO:logs/DIP_log_model_gaussian_kernel_sigma=5.log:test PSNR: 24.83147668004167
INFO:logs/DIP_log_model_gaussian_kernel_sigma=5.log:train PSNR: 24.831539133323005
INFO:logs/DIP_log_model_gaussian_kernel_sigma=5.log:test PSNR: 24.837921406673747
INFO:logs/DIP_log_model_gaussian_kernel_sigma=5.log:train PSNR: 25.125850784913588
INFO:logs/DIP_log_model_gaussian_kernel_sigma=5.log:test PSNR: 24.83244720314435
INFO:logs/DIP_log_model_gaussian_kernel_sigma=5.log:train PSNR: 25.062853694677674
INFO:logs/DIP_log_model_gaussian_kernel_sigma=5.log:test PSNR: 24.839444683570953
INFO:logs/DIP_log_model_gaussian_kernel_sigma=5.log:train PSNR: 24.97857930348306
INFO:logs/DIP_log_model_gaussian_kernel_sigma=5.log:test PSNR: 24.83954437683645
INFO:logs/DIP_log_model_gaussian_kernel_sigma=5.log:train PSNR: 25.143794691459423
INFO:logs/DIP_log_model_gaussian_kernel_sigma=5.log:test PSNR: 24.82799996272209
INFO:logs/DIP_log_model_gaussian_kernel_sigma=5.log:train PSNR: 25.020553511172622
INFO:logs/DIP_log_model_gaussian_kernel_sigma=5.log:test PSNR: 24.829161633647956
INFO:logs/DIP_log_model_gaussian_kernel_sigma=5.log:train PSNR: 24.647350865460094
INFO:logs/DIP_log_model_gaussian_kernel_sigma=5.log:test PSNR: 24.840780099933486
INFO:logs/DIP_log_model_gaussian_kernel_sigma=5.log:train PSNR: 25.28677839797999
INFO:logs/DIP_log_model_gaussian_kernel_sigma=5.log:test PSNR: 24.84209917017216
INFO:logs/DIP_log_model_gaussian_kernel_sigma=5.log:train PSNR: 24.84657605621191
INFO:logs/DIP_log_model_gaussian_kernel_sigma=5.log:test PSNR: 24.822171247628006
INFO:logs/DIP_log_model_gaussian_kernel_sigma=5.log:train PSNR: 25.33346531363815
INFO:logs/DIP_log_model_gaussian_kernel_sigma=5.log:test PSNR: 24.846559266544556
INFO:logs/DIP_log_model_gaussian_kernel_sigma=5.log:train PSNR: 24.94657053786109
INFO:logs/DIP_log_model_gaussian_kernel_sigma=5.log:test PSNR: 24.83757088898689
INFO:logs/DIP_log_model_gaussian_kernel_sigma=5.log:train PSNR: 24.919001153011397
INFO:logs/DIP_log_model_gaussian_kernel_sigma=5.log:test PSNR: 24.841373441009956
INFO:logs/DIP_log_model_gaussian_kernel_sigma=5.log:train PSNR: 25.032678026760266
INFO:logs/DIP_log_model_gaussian_kernel_sigma=5.log:test PSNR: 24.83222894440678
INFO:logs/DIP_log_model_gaussian_kernel_sigma=5.log:train PSNR: 25.116898793774737
INFO:logs/DIP_log_model_gaussian_kernel_sigma=5.log:test PSNR: 24.83991619897151
INFO:logs/DIP_log_model_gaussian_kernel_sigma=5.log:train PSNR: 24.848962860923596
INFO:logs/DIP_log_model_gaussian_kernel_sigma=5.log:test PSNR: 24.82865476205843
INFO:logs/DIP_log_model_gaussian_kernel_sigma=5.log:train PSNR: 25.00113070664702
INFO:logs/DIP_log_model_gaussian_kernel_sigma=5.log:test PSNR: 24.845486185109817
INFO:logs/DIP_log_model_gaussian_kernel_sigma=5.log:train PSNR: 24.760397357693854
INFO:logs/DIP_log_model_gaussian_kernel_sigma=5.log:test PSNR: 24.845361508801087
INFO:logs/DIP_log_model_gaussian_kernel_sigma=5.log:train PSNR: 25.078740625534568
INFO:logs/DIP_log_model_gaussian_kernel_sigma=5.log:test PSNR: 24.841436297521653
INFO:logs/DIP_log_model_gaussian_kernel_sigma=5.log:train PSNR: 25.07253654459843
INFO:logs/DIP_log_model_gaussian_kernel_sigma=5.log:test PSNR: 24.840494181391847
INFO:logs/DIP_log_model_gaussian_kernel_sigma=5.log:train PSNR: 24.79450113103427
INFO:logs/DIP_log_model_gaussian_kernel_sigma=5.log:test PSNR: 24.838467935750856
INFO:logs/DIP_log_model_gaussian_kernel_sigma=5.log:train PSNR: 25.265834083753862
INFO:logs/DIP_log_model_gaussian_kernel_sigma=5.log:test PSNR: 24.83914485220292
INFO:logs/DIP_log_model_gaussian_kernel_sigma=5.log:train PSNR: 25.08654230787218
INFO:logs/DIP_log_model_gaussian_kernel_sigma=5.log:test PSNR: 24.840508093164562
INFO:logs/DIP_log_model_gaussian_kernel_sigma=5.log:train PSNR: 25.105020436715353
INFO:logs/DIP_log_model_gaussian_kernel_sigma=5.log:test PSNR: 24.841383189195657
INFO:logs/DIP_log_model_gaussian_kernel_sigma=5.log:train PSNR: 24.89713008173763
INFO:logs/DIP_log_model_gaussian_kernel_sigma=5.log:test PSNR: 24.840263826379868
INFO:logs/DIP_log_model_gaussian_kernel_sigma=5.log:train PSNR: 25.08210714805653
INFO:logs/DIP_log_model_gaussian_kernel_sigma=5.log:test PSNR: 24.840524727393003
INFO:logs/DIP_log_model_gaussian_kernel_sigma=5.log:train PSNR: 25.043446538292763
INFO:logs/DIP_log_model_gaussian_kernel_sigma=5.log:test PSNR: 24.843194159520284
INFO:logs/DIP_log_model_gaussian_kernel_sigma=5.log:train PSNR: 25.231472357588487
INFO:logs/DIP_log_model_gaussian_kernel_sigma=5.log:test PSNR: 24.838421838278364
INFO:logs/DIP_log_model_gaussian_kernel_sigma=5.log:train PSNR: 24.856730106227456
INFO:logs/DIP_log_model_gaussian_kernel_sigma=5.log:test PSNR: 24.843209871855166
INFO:logs/DIP_log_model_gaussian_kernel_sigma=5.log:train PSNR: 25.184544954040533
INFO:logs/DIP_log_model_gaussian_kernel_sigma=5.log:test PSNR: 24.84123913558006
INFO:logs/DIP_log_model_gaussian_kernel_sigma=5.log:train PSNR: 25.18441101639245
INFO:logs/DIP_log_model_gaussian_kernel_sigma=5.log:test PSNR: 24.840720534596574
INFO:logs/DIP_log_model_gaussian_kernel_sigma=5.log:train PSNR: 24.90971299136751
INFO:logs/DIP_log_model_gaussian_kernel_sigma=5.log:test PSNR: 24.83837771091767
INFO:logs/DIP_log_model_gaussian_kernel_sigma=5.log:train PSNR: 24.97943252559954
INFO:logs/DIP_log_model_gaussian_kernel_sigma=5.log:test PSNR: 24.837941638538794
INFO:logs/DIP_log_model_gaussian_kernel_sigma=5.log:train PSNR: 25.014956793022243
INFO:logs/DIP_log_model_gaussian_kernel_sigma=5.log:test PSNR: 24.832843624092686
INFO:logs/DIP_log_model_gaussian_kernel_sigma=5.log:train PSNR: 24.80837153192825
INFO:logs/DIP_log_model_gaussian_kernel_sigma=5.log:test PSNR: 24.840655544870266
INFO:logs/DIP_log_model_gaussian_kernel_sigma=5.log:train PSNR: 24.794501400547095
INFO:logs/DIP_log_model_gaussian_kernel_sigma=5.log:test PSNR: 24.844690489407725
INFO:logs/DIP_log_model_gaussian_kernel_sigma=5.log:train PSNR: 25.06357205183704
INFO:logs/DIP_log_model_gaussian_kernel_sigma=5.log:test PSNR: 24.84241731114255
INFO:logs/DIP_log_model_gaussian_kernel_sigma=5.log:train PSNR: 24.881055460522393
INFO:logs/DIP_log_model_gaussian_kernel_sigma=5.log:test PSNR: 24.840311399933984
INFO:logs/DIP_log_model_gaussian_kernel_sigma=5.log:train PSNR: 25.14337735363332
INFO:logs/DIP_log_model_gaussian_kernel_sigma=5.log:test PSNR: 24.842532155050634
INFO:logs/DIP_log_model_gaussian_kernel_sigma=5.log:train PSNR: 24.947189077826597
INFO:logs/DIP_log_model_gaussian_kernel_sigma=5.log:test PSNR: 24.84200745109146
INFO:logs/DIP_log_model_gaussian_kernel_sigma=5.log:train PSNR: 24.834770720993006
INFO:logs/DIP_log_model_gaussian_kernel_sigma=5.log:test PSNR: 24.842371347741
INFO:logs/DIP_log_model_gaussian_kernel_sigma=5.log:train PSNR: 25.05349643055361
INFO:logs/DIP_log_model_gaussian_kernel_sigma=5.log:test PSNR: 24.84552551514131
INFO:logs/DIP_log_model_gaussian_kernel_sigma=5.log:train PSNR: 25.320904104485784
INFO:logs/DIP_log_model_gaussian_kernel_sigma=5.log:test PSNR: 24.84363192992061
INFO:logs/DIP_log_model_gaussian_kernel_sigma=5.log:train PSNR: 25.090367013911397
INFO:logs/DIP_log_model_gaussian_kernel_sigma=5.log:test PSNR: 24.84533388619795
INFO:logs/DIP_log_model_gaussian_kernel_sigma=5.log:train PSNR: 24.753785234332398
INFO:logs/DIP_log_model_gaussian_kernel_sigma=5.log:test PSNR: 24.843059421389626
INFO:logs/DIP_log_model_gaussian_kernel_sigma=5.log:train PSNR: 25.16370777086206
INFO:logs/DIP_log_model_gaussian_kernel_sigma=5.log:test PSNR: 24.843063123369596
INFO:logs/DIP_log_model_gaussian_kernel_sigma=5.log:train PSNR: 24.952688844146106
INFO:logs/DIP_log_model_gaussian_kernel_sigma=5.log:test PSNR: 24.8448161741253
INFO:logs/DIP_log_model_gaussian_kernel_sigma=5.log:train PSNR: 25.20830353692733
INFO:logs/DIP_log_model_gaussian_kernel_sigma=5.log:test PSNR: 24.84416125850558
INFO:logs/DIP_log_model_gaussian_kernel_sigma=5.log:train PSNR: 24.871414735011832
INFO:logs/DIP_log_model_gaussian_kernel_sigma=5.log:test PSNR: 24.84353933917457
INFO:logs/DIP_log_model_gaussian_kernel_sigma=5.log:train PSNR: 25.014928551846634
INFO:logs/DIP_log_model_gaussian_kernel_sigma=5.log:test PSNR: 24.84250694892392
INFO:logs/DIP_log_model_gaussian_kernel_sigma=5.log:train PSNR: 24.986346259342895
INFO:logs/DIP_log_model_gaussian_kernel_sigma=5.log:test PSNR: 24.83993404216646
INFO:logs/DIP_log_model_gaussian_kernel_sigma=5.log:train PSNR: 25.089685239613885
INFO:logs/DIP_log_model_gaussian_kernel_sigma=5.log:test PSNR: 24.842012604794025
INFO:logs/DIP_log_model_gaussian_kernel_sigma=5.log:train PSNR: 24.985280509416274
INFO:logs/DIP_log_model_gaussian_kernel_sigma=5.log:test PSNR: 24.843833735376705
INFO:logs/DIP_log_model_gaussian_kernel_sigma=5.log:train PSNR: 24.803089121479715
INFO:logs/DIP_log_model_gaussian_kernel_sigma=5.log:test PSNR: 24.8444549163576
INFO:logs/DIP_log_model_gaussian_kernel_sigma=5.log:train PSNR: 24.979902751356587
INFO:logs/DIP_log_model_gaussian_kernel_sigma=5.log:test PSNR: 24.84443696250079
INFO:logs/DIP_log_model_gaussian_kernel_sigma=5.log:train PSNR: 24.85069464945841
INFO:logs/DIP_log_model_gaussian_kernel_sigma=5.log:test PSNR: 24.84413098799588
INFO:logs/DIP_log_model_gaussian_kernel_sigma=5.log:train PSNR: 25.206174359666495
INFO:logs/DIP_log_model_gaussian_kernel_sigma=5.log:test PSNR: 24.845454915205252
INFO:logs/DIP_log_model_gaussian_kernel_sigma=5.log:train PSNR: 24.882714269515116
INFO:logs/DIP_log_model_gaussian_kernel_sigma=5.log:test PSNR: 24.84335468715866
INFO:logs/DIP_log_model_gaussian_kernel_sigma=5.log:train PSNR: 24.727885752852696
INFO:logs/DIP_log_model_gaussian_kernel_sigma=5.log:test PSNR: 24.84073296004452
INFO:logs/DIP_log_model_gaussian_kernel_sigma=5.log:train PSNR: 25.04979019943341
INFO:logs/DIP_log_model_gaussian_kernel_sigma=5.log:test PSNR: 24.844074814471373
INFO:logs/DIP_log_model_gaussian_kernel_sigma=5.log:train PSNR: 24.89458470152916
INFO:logs/DIP_log_model_gaussian_kernel_sigma=5.log:test PSNR: 24.84266078849774
INFO:logs/DIP_log_model_gaussian_kernel_sigma=5.log:train PSNR: 24.900924128770953
INFO:logs/DIP_log_model_gaussian_kernel_sigma=5.log:test PSNR: 24.843614788052495
INFO:logs/DIP_log_model_gaussian_kernel_sigma=5.log:train PSNR: 24.82364672201466
INFO:logs/DIP_log_model_gaussian_kernel_sigma=5.log:test PSNR: 24.843512849008007
INFO:logs/DIP_log_model_gaussian_kernel_sigma=5.log:train PSNR: 25.006155643612253
INFO:logs/DIP_log_model_gaussian_kernel_sigma=5.log:test PSNR: 24.841515036423033
INFO:logs/DIP_log_model_gaussian_kernel_sigma=5.log:train PSNR: 25.092345396765808
INFO:logs/DIP_log_model_gaussian_kernel_sigma=5.log:test PSNR: 24.843191696422984
INFO:logs/DIP_log_model_gaussian_kernel_sigma=5.log:train PSNR: 24.897820024965302
INFO:logs/DIP_log_model_gaussian_kernel_sigma=5.log:test PSNR: 24.843739818943774
INFO:logs/DIP_log_model_gaussian_kernel_sigma=5.log:train PSNR: 24.82210757420332
INFO:logs/DIP_log_model_gaussian_kernel_sigma=5.log:test PSNR: 24.840958808252697
INFO:logs/DIP_log_model_gaussian_kernel_sigma=5.log:train PSNR: 25.13848050055511
INFO:logs/DIP_log_model_gaussian_kernel_sigma=5.log:test PSNR: 24.843306511543787
INFO:logs/DIP_log_model_gaussian_kernel_sigma=5.log:train PSNR: 25.155586495033248
INFO:logs/DIP_log_model_gaussian_kernel_sigma=5.log:test PSNR: 24.843597780423362
INFO:logs/DIP_log_model_gaussian_kernel_sigma=5.log:train PSNR: 24.909637440658802
INFO:logs/DIP_log_model_gaussian_kernel_sigma=5.log:test PSNR: 24.84302821291541
INFO:logs/DIP_log_model_gaussian_kernel_sigma=5.log:train PSNR: 24.975238697411513
INFO:logs/DIP_log_model_gaussian_kernel_sigma=5.log:test PSNR: 24.843310847973022
INFO:logs/DIP_log_model_gaussian_kernel_sigma=5.log:train PSNR: 25.104747096568325
INFO:logs/DIP_log_model_gaussian_kernel_sigma=5.log:test PSNR: 24.843494896414523
INFO:logs/DIP_log_model_gaussian_kernel_sigma=5.log:train PSNR: 25.078827789645036
INFO:logs/DIP_log_model_gaussian_kernel_sigma=5.log:test PSNR: 24.843387023444635
INFO:logs/DIP_log_model_gaussian_kernel_sigma=5.log:train PSNR: 24.922787855328572
INFO:logs/DIP_log_model_gaussian_kernel_sigma=5.log:test PSNR: 24.843148340891776
INFO:logs/DIP_log_model_gaussian_kernel_sigma=5.log:train PSNR: 24.924167412193025
INFO:logs/DIP_log_model_gaussian_kernel_sigma=5.log:test PSNR: 24.844062875911717
INFO:logs/DIP_log_model_gaussian_kernel_sigma=5.log:train PSNR: 25.1980571636027
INFO:logs/DIP_log_model_gaussian_kernel_sigma=5.log:test PSNR: 24.844015932273113
INFO:logs/DIP_log_model_gaussian_kernel_sigma=5.log:train PSNR: 24.869670469495233
INFO:logs/DIP_log_model_gaussian_kernel_sigma=5.log:test PSNR: 24.84435707698482
INFO:logs/DIP_log_model_gaussian_kernel_sigma=5.log:train PSNR: 25.08792030910609
INFO:logs/DIP_log_model_gaussian_kernel_sigma=5.log:test PSNR: 24.844111415431062
INFO:logs/DIP_log_model_gaussian_kernel_sigma=5.log:train PSNR: 25.239820094309085
INFO:logs/DIP_log_model_gaussian_kernel_sigma=5.log:test PSNR: 24.84423605307254
INFO:logs/DIP_log_model_gaussian_kernel_sigma=5.log:train PSNR: 25.137504698892563
INFO:logs/DIP_log_model_gaussian_kernel_sigma=5.log:test PSNR: 24.84518077167865
INFO:logs/DIP_log_model_gaussian_kernel_sigma=5.log:train PSNR: 25.0384967849967
INFO:logs/DIP_log_model_gaussian_kernel_sigma=5.log:test PSNR: 24.845681379295733
INFO:logs/DIP_log_model_gaussian_kernel_sigma=5.log:train PSNR: 24.836651640382602
INFO:logs/DIP_log_model_gaussian_kernel_sigma=5.log:test PSNR: 24.844284092776157
INFO:logs/DIP_log_model_gaussian_kernel_sigma=5.log:train PSNR: 25.06572037359985
INFO:logs/DIP_log_model_gaussian_kernel_sigma=5.log:test PSNR: 24.843621514593398
INFO:logs/DIP_log_model_gaussian_kernel_sigma=5.log:train PSNR: 25.147239506456472
INFO:logs/DIP_log_model_gaussian_kernel_sigma=5.log:test PSNR: 24.843720171446503
INFO:logs/DIP_log_model_gaussian_kernel_sigma=5.log:train PSNR: 24.943474069704557
INFO:logs/DIP_log_model_gaussian_kernel_sigma=5.log:test PSNR: 24.84389417331711
INFO:logs/DIP_log_model_gaussian_kernel_sigma=5.log:train PSNR: 25.117752478718028
INFO:logs/DIP_log_model_gaussian_kernel_sigma=5.log:test PSNR: 24.843441651408085
INFO:logs/DIP_log_model_gaussian_kernel_sigma=5.log:train PSNR: 25.011696171096894
INFO:logs/DIP_log_model_gaussian_kernel_sigma=5.log:test PSNR: 24.842772969036762
INFO:logs/DIP_log_model_gaussian_kernel_sigma=5.log:train PSNR: 24.817766012646743
INFO:logs/DIP_log_model_gaussian_kernel_sigma=5.log:test PSNR: 24.843261722239827
INFO:logs/DIP_log_model_gaussian_kernel_sigma=5.log:train PSNR: 24.86668337043905
INFO:logs/DIP_log_model_gaussian_kernel_sigma=5.log:test PSNR: 24.842685468379266
INFO:logs/DIP_log_model_gaussian_kernel_sigma=5.log:train PSNR: 24.99792331574045
INFO:logs/DIP_log_model_gaussian_kernel_sigma=5.log:test PSNR: 24.842943662523915
INFO:logs/DIP_log_model_gaussian_kernel_sigma=5.log:train PSNR: 25.104540522353663
INFO:logs/DIP_log_model_gaussian_kernel_sigma=5.log:test PSNR: 24.843140472761203
INFO:logs/DIP_log_model_gaussian_kernel_sigma=5.log:train PSNR: 24.91422965578488
INFO:logs/DIP_log_model_gaussian_kernel_sigma=5.log:test PSNR: 24.842810253003922
INFO:logs/DIP_log_model_gaussian_kernel_sigma=5.log:train PSNR: 25.058063694639436
INFO:logs/DIP_log_model_gaussian_kernel_sigma=5.log:test PSNR: 24.8432762761436
INFO:logs/DIP_log_model_gaussian_kernel_sigma=5.log:train PSNR: 24.958418348680635
INFO:logs/DIP_log_model_gaussian_kernel_sigma=5.log:test PSNR: 24.843560285089243
INFO:logs/DIP_log_model_gaussian_kernel_sigma=5.log:train PSNR: 24.93055621095061
INFO:logs/DIP_log_model_gaussian_kernel_sigma=5.log:test PSNR: 24.843151403300354
INFO:logs/DIP_log_model_gaussian_kernel_sigma=5.log:train PSNR: 24.86053287579577
INFO:logs/DIP_log_model_gaussian_kernel_sigma=5.log:test PSNR: 24.84314031458796
INFO:logs/DIP_log_model_gaussian_kernel_sigma=5.log:train PSNR: 24.941497403742957
INFO:logs/DIP_log_model_gaussian_kernel_sigma=5.log:test PSNR: 24.843059144405476
INFO:logs/DIP_log_model_gaussian_kernel_sigma=5.log:train PSNR: 24.892927683162213
INFO:logs/DIP_log_model_gaussian_kernel_sigma=5.log:test PSNR: 24.84358227731222
INFO:logs/DIP_log_model_gaussian_kernel_sigma=5.log:train PSNR: 25.23550296783774
INFO:logs/DIP_log_model_gaussian_kernel_sigma=5.log:test PSNR: 24.842403444244198
INFO:logs/DIP_log_model_gaussian_kernel_sigma=5.log:train PSNR: 24.913029829798877
INFO:logs/DIP_log_model_gaussian_kernel_sigma=5.log:test PSNR: 24.842445977698713
INFO:logs/DIP_log_model_gaussian_kernel_sigma=5.log:train PSNR: 25.031116081937075
INFO:logs/DIP_log_model_gaussian_kernel_sigma=5.log:test PSNR: 24.843674582659155
INFO:logs/DIP_log_model_gaussian_kernel_sigma=5.log:train PSNR: 25.021823029889966
INFO:logs/DIP_log_model_gaussian_kernel_sigma=5.log:test PSNR: 24.842699356273513
INFO:logs/DIP_log_model_gaussian_kernel_sigma=5.log:train PSNR: 25.045129504968873
INFO:logs/DIP_log_model_gaussian_kernel_sigma=5.log:test PSNR: 24.842918108762447
INFO:logs/DIP_log_model_gaussian_kernel_sigma=5.log:train PSNR: 25.2268362014528
INFO:logs/DIP_log_model_gaussian_kernel_sigma=5.log:test PSNR: 24.84305955923635
INFO:logs/DIP_log_model_gaussian_kernel_sigma=5.log:train PSNR: 24.942781426961385
INFO:logs/DIP_log_model_gaussian_kernel_sigma=5.log:test PSNR: 24.84284365974074
INFO:logs/DIP_log_model_gaussian_kernel_sigma=5.log:train PSNR: 25.10049795752157
INFO:logs/DIP_log_model_gaussian_kernel_sigma=5.log:test PSNR: 24.84265510640858
INFO:logs/DIP_log_model_gaussian_kernel_sigma=5.log:train PSNR: 24.901211365957888
INFO:logs/DIP_log_model_gaussian_kernel_sigma=5.log:test PSNR: 24.843350048598708
INFO:logs/DIP_log_model_gaussian_kernel_sigma=5.log:train PSNR: 25.075835888906543
INFO:logs/DIP_log_model_gaussian_kernel_sigma=5.log:test PSNR: 24.842871554544978
INFO:logs/DIP_log_model_gaussian_kernel_sigma=5.log:train PSNR: 24.71490729759636
INFO:logs/DIP_log_model_gaussian_kernel_sigma=5.log:test PSNR: 24.843240986351056
INFO:logs/DIP_log_model_gaussian_kernel_sigma=5.log:train PSNR: 25.196788439135222
INFO:logs/DIP_log_model_gaussian_kernel_sigma=5.log:test PSNR: 24.844087053279626
INFO:logs/DIP_log_model_gaussian_kernel_sigma=5.log:train PSNR: 24.995527370878186
INFO:logs/DIP_log_model_gaussian_kernel_sigma=5.log:test PSNR: 24.843742100857607
INFO:logs/DIP_log_model_gaussian_kernel_sigma=5.log:train PSNR: 24.98163379045226
INFO:logs/DIP_log_model_gaussian_kernel_sigma=5.log:test PSNR: 24.843214991990557
INFO:logs/DIP_log_model_gaussian_kernel_sigma=5.log:train PSNR: 25.317976929737615
INFO:logs/DIP_log_model_gaussian_kernel_sigma=5.log:test PSNR: 24.843411720634034
INFO:logs/DIP_log_model_gaussian_kernel_sigma=5.log:train PSNR: 24.87230738425224
INFO:logs/DIP_log_model_gaussian_kernel_sigma=5.log:test PSNR: 24.8437966304923
INFO:logs/DIP_log_model_gaussian_kernel_sigma=5.log:train PSNR: 24.78858187481884
INFO:logs/DIP_log_model_gaussian_kernel_sigma=5.log:test PSNR: 24.843366759682567
INFO:logs/DIP_log_model_gaussian_kernel_sigma=5.log:train PSNR: 24.843082178613187
INFO:logs/DIP_log_model_gaussian_kernel_sigma=5.log:test PSNR: 24.84325188857329
INFO:logs/DIP_log_model_gaussian_kernel_sigma=5.log:train PSNR: 24.892432294300498
INFO:logs/DIP_log_model_gaussian_kernel_sigma=5.log:test PSNR: 24.843885585880273
INFO:logs/DIP_log_model_gaussian_kernel_sigma=5.log:train PSNR: 24.80320309336836
INFO:logs/DIP_log_model_gaussian_kernel_sigma=5.log:test PSNR: 24.843752951608185
INFO:logs/DIP_log_model_gaussian_kernel_sigma=5.log:train PSNR: 24.98214762615786
INFO:logs/DIP_log_model_gaussian_kernel_sigma=5.log:test PSNR: 24.84345835396816
INFO:logs/DIP_log_model_gaussian_kernel_sigma=5.log:train PSNR: 25.17437744701963
INFO:logs/DIP_log_model_gaussian_kernel_sigma=5.log:test PSNR: 24.843379519248593
INFO:logs/DIP_log_model_gaussian_kernel_sigma=5.log:train PSNR: 24.767314466111355
INFO:logs/DIP_log_model_gaussian_kernel_sigma=5.log:test PSNR: 24.84343411642946
INFO:logs/DIP_log_model_gaussian_kernel_sigma=5.log:train PSNR: 25.12978143462388
INFO:logs/DIP_log_model_gaussian_kernel_sigma=5.log:test PSNR: 24.84326045570391
INFO:logs/DIP_log_model_gaussian_kernel_sigma=5.log:train PSNR: 24.80540753373837
INFO:logs/DIP_log_model_gaussian_kernel_sigma=5.log:test PSNR: 24.843262661808307
INFO:logs/DIP_log_model_gaussian_kernel_sigma=5.log:train PSNR: 24.901367465972342
INFO:logs/DIP_log_model_gaussian_kernel_sigma=5.log:test PSNR: 24.843146726725607
INFO:logs/DIP_log_model_gaussian_kernel_sigma=5.log:train PSNR: 25.12928992656745
INFO:logs/DIP_log_model_gaussian_kernel_sigma=5.log:test PSNR: 24.84322820790912
INFO:logs/DIP_log_model_gaussian_kernel_sigma=5.log:train PSNR: 24.73350077024926
INFO:logs/DIP_log_model_gaussian_kernel_sigma=5.log:test PSNR: 24.84337918641816
INFO:logs/DIP_log_model_gaussian_kernel_sigma=5.log:train PSNR: 25.281403975319684
INFO:logs/DIP_log_model_gaussian_kernel_sigma=5.log:test PSNR: 24.84318053575678
INFO:logs/DIP_log_model_gaussian_kernel_sigma=5.log:train PSNR: 24.829141055761287
INFO:logs/DIP_log_model_gaussian_kernel_sigma=5.log:test PSNR: 24.84312430275642
INFO:logs/DIP_log_model_gaussian_kernel_sigma=5.log:train PSNR: 24.933465095552247
INFO:logs/DIP_log_model_gaussian_kernel_sigma=5.log:test PSNR: 24.843451458109204
INFO:logs/DIP_log_model_gaussian_kernel_sigma=5.log:train PSNR: 25.381421359811878
INFO:logs/DIP_log_model_gaussian_kernel_sigma=5.log:test PSNR: 24.843931569177055
INFO:logs/DIP_log_model_gaussian_kernel_sigma=5.log:train PSNR: 24.720299147291353
INFO:logs/DIP_log_model_gaussian_kernel_sigma=5.log:test PSNR: 24.843276074716485
INFO:logs/DIP_log_model_gaussian_kernel_sigma=5.log:train PSNR: 24.672955560899464
INFO:logs/DIP_log_model_gaussian_kernel_sigma=5.log:test PSNR: 24.84342112313292
INFO:logs/DIP_log_model_gaussian_kernel_sigma=5.log:train PSNR: 24.893326319204338
INFO:logs/DIP_log_model_gaussian_kernel_sigma=5.log:test PSNR: 24.843606584374037
INFO:logs/DIP_log_model_gaussian_kernel_sigma=5.log:train PSNR: 24.760333928586885
INFO:logs/DIP_log_model_gaussian_kernel_sigma=5.log:test PSNR: 24.84344652099365
INFO:logs/DIP_log_model_gaussian_kernel_sigma=5.log:train PSNR: 24.958027703444465
INFO:logs/DIP_log_model_gaussian_kernel_sigma=5.log:test PSNR: 24.843404329548694
INFO:logs/DIP_log_model_gaussian_kernel_sigma=5.log:train PSNR: 24.948518808718884
INFO:logs/DIP_log_model_gaussian_kernel_sigma=5.log:test PSNR: 24.843421410393074
INFO:logs/DIP_log_model_gaussian_kernel_sigma=5.log:train PSNR: 24.792748646788727
INFO:logs/DIP_log_model_gaussian_kernel_sigma=5.log:test PSNR: 24.843384295677783
INFO:logs/DIP_log_model_gaussian_kernel_sigma=5.log:train PSNR: 24.815880571236306
INFO:logs/DIP_log_model_gaussian_kernel_sigma=5.log:test PSNR: 24.84347305883223
INFO:logs/DIP_log_model_gaussian_kernel_sigma=5.log:train PSNR: 25.07516344355127
INFO:logs/DIP_log_model_gaussian_kernel_sigma=5.log:test PSNR: 24.84363609900627
INFO:logs/DIP_log_model_gaussian_kernel_sigma=5.log:train PSNR: 25.056854211238825
INFO:logs/DIP_log_model_gaussian_kernel_sigma=5.log:test PSNR: 24.84371680071035
INFO:logs/DIP_log_model_gaussian_kernel_sigma=5.log:train PSNR: 24.81005617666442
INFO:logs/DIP_log_model_gaussian_kernel_sigma=5.log:test PSNR: 24.84352234750376
INFO:logs/DIP_log_model_gaussian_kernel_sigma=5.log:train PSNR: 24.79630820564907
INFO:logs/DIP_log_model_gaussian_kernel_sigma=5.log:test PSNR: 24.84358469908537
