INFO:logs/DIP_log_model_gaussian_kernel=128_sigma=5.log_model:first model = 
ConvLista_T(
  (apply_A): ConvTranspose2d(175, 1, kernel_size=(11, 11), stride=(8, 8), bias=False)
  (apply_B): Conv2d(1, 175, kernel_size=(11, 11), stride=(8, 8), bias=False)
  (apply_C): Sequential(
    (0): ConvTranspose2d(175, 1, kernel_size=(11, 11), stride=(8, 8))
  )
  (soft_threshold): SoftThreshold()
)

INFO:logs/DIP_log_model_gaussian_kernel=128_sigma=5.log_model:config_dict = {'uuid': 'DIP_project_gaussian_kernel=128_sigma=5', 'kernel_size': 11, 'stride': 8, 'num_filters': 175, 'lr': 0.0002, 'unfoldings': 12, 'lr_decay': 0.35, 'patch_size': 128, 'num_epochs': 250, 'lr_step': 50, 'eps': 0.001, 'threshold': 0.01, 'noise_std': 0.09803921568627451, 'gaussian_size': 128, 'gaussian_sigma': 5}

INFO:logs/DIP_log_model_gaussian_kernel=128_sigma=5.log:Training model...
INFO:logs/DIP_log_model_gaussian_kernel=128_sigma=5.log:train PSNR: 21.044930230522525
INFO:logs/DIP_log_model_gaussian_kernel=128_sigma=5.log:test PSNR: 21.773757631183116
INFO:logs/DIP_log_model_gaussian_kernel=128_sigma=5.log:train PSNR: 21.33066405130883
INFO:logs/DIP_log_model_gaussian_kernel=128_sigma=5.log:test PSNR: 21.97628470173793
INFO:logs/DIP_log_model_gaussian_kernel=128_sigma=5.log:train PSNR: 21.68414814323724
INFO:logs/DIP_log_model_gaussian_kernel=128_sigma=5.log:test PSNR: 22.416926224210897
INFO:logs/DIP_log_model_gaussian_kernel=128_sigma=5.log:train PSNR: 22.352476214569347
INFO:logs/DIP_log_model_gaussian_kernel=128_sigma=5.log:test PSNR: 22.961723896760923
INFO:logs/DIP_log_model_gaussian_kernel=128_sigma=5.log:train PSNR: 22.628869874544876
INFO:logs/DIP_log_model_gaussian_kernel=128_sigma=5.log:test PSNR: 23.25874665151886
INFO:logs/DIP_log_model_gaussian_kernel=128_sigma=5.log:train PSNR: 23.145675311512974
INFO:logs/DIP_log_model_gaussian_kernel=128_sigma=5.log:test PSNR: 23.300679440354905
INFO:logs/DIP_log_model_gaussian_kernel=128_sigma=5.log:train PSNR: 23.447001713917142
INFO:logs/DIP_log_model_gaussian_kernel=128_sigma=5.log:test PSNR: 23.59183111689439
INFO:logs/DIP_log_model_gaussian_kernel=128_sigma=5.log:train PSNR: 23.536943916983404
INFO:logs/DIP_log_model_gaussian_kernel=128_sigma=5.log:test PSNR: 23.75482402680811
INFO:logs/DIP_log_model_gaussian_kernel=128_sigma=5.log:train PSNR: 23.64462411248269
INFO:logs/DIP_log_model_gaussian_kernel=128_sigma=5.log:test PSNR: 23.844480175829762
INFO:logs/DIP_log_model_gaussian_kernel=128_sigma=5.log:train PSNR: 23.622073663420302
INFO:logs/DIP_log_model_gaussian_kernel=128_sigma=5.log:test PSNR: 23.95153392564016
INFO:logs/DIP_log_model_gaussian_kernel=128_sigma=5.log:train PSNR: 24.020225719732363
INFO:logs/DIP_log_model_gaussian_kernel=128_sigma=5.log:test PSNR: 24.009478305723725
INFO:logs/DIP_log_model_gaussian_kernel=128_sigma=5.log:train PSNR: 24.04328371643007
INFO:logs/DIP_log_model_gaussian_kernel=128_sigma=5.log:test PSNR: 24.063493022220214
INFO:logs/DIP_log_model_gaussian_kernel=128_sigma=5.log:train PSNR: 23.654022670807546
INFO:logs/DIP_log_model_gaussian_kernel=128_sigma=5.log:test PSNR: 24.164070459676385
INFO:logs/DIP_log_model_gaussian_kernel=128_sigma=5.log:train PSNR: 23.818364671142994
INFO:logs/DIP_log_model_gaussian_kernel=128_sigma=5.log:test PSNR: 24.12796605328648
INFO:logs/DIP_log_model_gaussian_kernel=128_sigma=5.log:train PSNR: 24.093929641862516
INFO:logs/DIP_log_model_gaussian_kernel=128_sigma=5.log:test PSNR: 24.211252259354467
INFO:logs/DIP_log_model_gaussian_kernel=128_sigma=5.log:train PSNR: 24.12032163140165
INFO:logs/DIP_log_model_gaussian_kernel=128_sigma=5.log:test PSNR: 24.25561455521858
INFO:logs/DIP_log_model_gaussian_kernel=128_sigma=5.log:train PSNR: 23.97992053321942
INFO:logs/DIP_log_model_gaussian_kernel=128_sigma=5.log:test PSNR: 24.21041595031703
INFO:logs/DIP_log_model_gaussian_kernel=128_sigma=5.log:train PSNR: 24.236095892244926
INFO:logs/DIP_log_model_gaussian_kernel=128_sigma=5.log:test PSNR: 24.3431819584374
INFO:logs/DIP_log_model_gaussian_kernel=128_sigma=5.log:train PSNR: 24.103009470034273
INFO:logs/DIP_log_model_gaussian_kernel=128_sigma=5.log:test PSNR: 24.238523488940046
INFO:logs/DIP_log_model_gaussian_kernel=128_sigma=5.log:train PSNR: 24.11753867912197
INFO:logs/DIP_log_model_gaussian_kernel=128_sigma=5.log:test PSNR: 24.342708459665808
INFO:logs/DIP_log_model_gaussian_kernel=128_sigma=5.log:train PSNR: 24.395553134106468
INFO:logs/DIP_log_model_gaussian_kernel=128_sigma=5.log:test PSNR: 24.408645337277722
INFO:logs/DIP_log_model_gaussian_kernel=128_sigma=5.log:train PSNR: 24.121300287089664
INFO:logs/DIP_log_model_gaussian_kernel=128_sigma=5.log:test PSNR: 24.454820602080968
INFO:logs/DIP_log_model_gaussian_kernel=128_sigma=5.log:train PSNR: 24.276816153017972
INFO:logs/DIP_log_model_gaussian_kernel=128_sigma=5.log:test PSNR: 24.46425795849413
INFO:logs/DIP_log_model_gaussian_kernel=128_sigma=5.log:train PSNR: 24.38723098185288
INFO:logs/DIP_log_model_gaussian_kernel=128_sigma=5.log:test PSNR: 24.193682031470097
INFO:logs/DIP_log_model_gaussian_kernel=128_sigma=5.log:train PSNR: 24.58530954642833
INFO:logs/DIP_log_model_gaussian_kernel=128_sigma=5.log:test PSNR: 24.48091091292333
INFO:logs/DIP_log_model_gaussian_kernel=128_sigma=5.log:train PSNR: 24.271405042194957
INFO:logs/DIP_log_model_gaussian_kernel=128_sigma=5.log:test PSNR: 24.58499642890789
INFO:logs/DIP_log_model_gaussian_kernel=128_sigma=5.log:train PSNR: 24.787987940078605
INFO:logs/DIP_log_model_gaussian_kernel=128_sigma=5.log:test PSNR: 24.567088122171295
INFO:logs/DIP_log_model_gaussian_kernel=128_sigma=5.log:train PSNR: 24.331371955077024
INFO:logs/DIP_log_model_gaussian_kernel=128_sigma=5.log:test PSNR: 24.591814771760333
INFO:logs/DIP_log_model_gaussian_kernel=128_sigma=5.log:train PSNR: 24.509984934333925
INFO:logs/DIP_log_model_gaussian_kernel=128_sigma=5.log:test PSNR: 24.61229770069234
INFO:logs/DIP_log_model_gaussian_kernel=128_sigma=5.log:train PSNR: 24.54490885816439
INFO:logs/DIP_log_model_gaussian_kernel=128_sigma=5.log:test PSNR: 24.627012133036715
INFO:logs/DIP_log_model_gaussian_kernel=128_sigma=5.log:train PSNR: 24.65795847936925
INFO:logs/DIP_log_model_gaussian_kernel=128_sigma=5.log:test PSNR: 24.62436485346234
INFO:logs/DIP_log_model_gaussian_kernel=128_sigma=5.log:train PSNR: 24.422968731771835
INFO:logs/DIP_log_model_gaussian_kernel=128_sigma=5.log:test PSNR: 24.572350525724428
INFO:logs/DIP_log_model_gaussian_kernel=128_sigma=5.log:train PSNR: 24.72785985914758
INFO:logs/DIP_log_model_gaussian_kernel=128_sigma=5.log:test PSNR: 24.64849966308284
INFO:logs/DIP_log_model_gaussian_kernel=128_sigma=5.log:train PSNR: 24.573425875111415
INFO:logs/DIP_log_model_gaussian_kernel=128_sigma=5.log:test PSNR: 24.644386637721574
INFO:logs/DIP_log_model_gaussian_kernel=128_sigma=5.log:train PSNR: 24.654933775516216
INFO:logs/DIP_log_model_gaussian_kernel=128_sigma=5.log:test PSNR: 24.630448735215648
INFO:logs/DIP_log_model_gaussian_kernel=128_sigma=5.log:train PSNR: 24.707285986938686
INFO:logs/DIP_log_model_gaussian_kernel=128_sigma=5.log:test PSNR: 24.632323181745434
INFO:logs/DIP_log_model_gaussian_kernel=128_sigma=5.log:train PSNR: 24.649298783020452
INFO:logs/DIP_log_model_gaussian_kernel=128_sigma=5.log:test PSNR: 24.637861698519036
INFO:logs/DIP_log_model_gaussian_kernel=128_sigma=5.log:train PSNR: 24.64823750307919
INFO:logs/DIP_log_model_gaussian_kernel=128_sigma=5.log:test PSNR: 24.65666518578153
INFO:logs/DIP_log_model_gaussian_kernel=128_sigma=5.log:train PSNR: 24.7229220815081
INFO:logs/DIP_log_model_gaussian_kernel=128_sigma=5.log:test PSNR: 24.6275211508114
INFO:logs/DIP_log_model_gaussian_kernel=128_sigma=5.log:train PSNR: 24.56161275306471
INFO:logs/DIP_log_model_gaussian_kernel=128_sigma=5.log:test PSNR: 24.703573985621283
INFO:logs/DIP_log_model_gaussian_kernel=128_sigma=5.log:train PSNR: 24.492511196758016
INFO:logs/DIP_log_model_gaussian_kernel=128_sigma=5.log:test PSNR: 24.684432923746495
INFO:logs/DIP_log_model_gaussian_kernel=128_sigma=5.log:train PSNR: 24.912361340537572
INFO:logs/DIP_log_model_gaussian_kernel=128_sigma=5.log:test PSNR: 24.69895309292655
INFO:logs/DIP_log_model_gaussian_kernel=128_sigma=5.log:train PSNR: 24.80597887514528
INFO:logs/DIP_log_model_gaussian_kernel=128_sigma=5.log:test PSNR: 24.64891303282977
INFO:logs/DIP_log_model_gaussian_kernel=128_sigma=5.log:train PSNR: 24.42349004083986
INFO:logs/DIP_log_model_gaussian_kernel=128_sigma=5.log:test PSNR: 24.701135354884425
INFO:logs/DIP_log_model_gaussian_kernel=128_sigma=5.log:train PSNR: 24.773713223483927
INFO:logs/DIP_log_model_gaussian_kernel=128_sigma=5.log:test PSNR: 24.68461253982477
INFO:logs/DIP_log_model_gaussian_kernel=128_sigma=5.log:train PSNR: 24.635309861752035
INFO:logs/DIP_log_model_gaussian_kernel=128_sigma=5.log:test PSNR: 24.70318004511263
INFO:logs/DIP_log_model_gaussian_kernel=128_sigma=5.log:train PSNR: 24.71585820723925
INFO:logs/DIP_log_model_gaussian_kernel=128_sigma=5.log:test PSNR: 24.702241033415174
INFO:logs/DIP_log_model_gaussian_kernel=128_sigma=5.log:train PSNR: 24.738002546052773
INFO:logs/DIP_log_model_gaussian_kernel=128_sigma=5.log:test PSNR: 24.69420917301784
INFO:logs/DIP_log_model_gaussian_kernel=128_sigma=5.log:train PSNR: 24.57010471391072
INFO:logs/DIP_log_model_gaussian_kernel=128_sigma=5.log:test PSNR: 24.697896022783056
INFO:logs/DIP_log_model_gaussian_kernel=128_sigma=5.log:train PSNR: 24.567721630722545
INFO:logs/DIP_log_model_gaussian_kernel=128_sigma=5.log:test PSNR: 24.662895650264584
INFO:logs/DIP_log_model_gaussian_kernel=128_sigma=5.log:train PSNR: 24.73453585507757
INFO:logs/DIP_log_model_gaussian_kernel=128_sigma=5.log:test PSNR: 24.753213061408346
INFO:logs/DIP_log_model_gaussian_kernel=128_sigma=5.log:train PSNR: 24.795038739608763
INFO:logs/DIP_log_model_gaussian_kernel=128_sigma=5.log:test PSNR: 24.75261331042543
INFO:logs/DIP_log_model_gaussian_kernel=128_sigma=5.log:train PSNR: 24.65085337050747
INFO:logs/DIP_log_model_gaussian_kernel=128_sigma=5.log:test PSNR: 24.74317673085087
INFO:logs/DIP_log_model_gaussian_kernel=128_sigma=5.log:train PSNR: 24.79843833990088
INFO:logs/DIP_log_model_gaussian_kernel=128_sigma=5.log:test PSNR: 24.747683174661198
INFO:logs/DIP_log_model_gaussian_kernel=128_sigma=5.log:train PSNR: 24.691844765367616
INFO:logs/DIP_log_model_gaussian_kernel=128_sigma=5.log:test PSNR: 24.75597118057969
INFO:logs/DIP_log_model_gaussian_kernel=128_sigma=5.log:train PSNR: 24.63545481022798
INFO:logs/DIP_log_model_gaussian_kernel=128_sigma=5.log:test PSNR: 24.737194470290866
INFO:logs/DIP_log_model_gaussian_kernel=128_sigma=5.log:train PSNR: 25.018319471469773
INFO:logs/DIP_log_model_gaussian_kernel=128_sigma=5.log:test PSNR: 24.762338695146187
INFO:logs/DIP_log_model_gaussian_kernel=128_sigma=5.log:train PSNR: 24.731140584740203
INFO:logs/DIP_log_model_gaussian_kernel=128_sigma=5.log:test PSNR: 24.7562813241812
INFO:logs/DIP_log_model_gaussian_kernel=128_sigma=5.log:train PSNR: 24.743237036489248
INFO:logs/DIP_log_model_gaussian_kernel=128_sigma=5.log:test PSNR: 24.752668858635886
INFO:logs/DIP_log_model_gaussian_kernel=128_sigma=5.log:train PSNR: 24.73352311198657
INFO:logs/DIP_log_model_gaussian_kernel=128_sigma=5.log:test PSNR: 24.763425511896447
INFO:logs/DIP_log_model_gaussian_kernel=128_sigma=5.log:train PSNR: 24.87722877463872
INFO:logs/DIP_log_model_gaussian_kernel=128_sigma=5.log:test PSNR: 24.76225190409444
INFO:logs/DIP_log_model_gaussian_kernel=128_sigma=5.log:train PSNR: 24.907339570990295
INFO:logs/DIP_log_model_gaussian_kernel=128_sigma=5.log:test PSNR: 24.772096740000507
INFO:logs/DIP_log_model_gaussian_kernel=128_sigma=5.log:train PSNR: 24.992588689258486
INFO:logs/DIP_log_model_gaussian_kernel=128_sigma=5.log:test PSNR: 24.757444755171594
INFO:logs/DIP_log_model_gaussian_kernel=128_sigma=5.log:train PSNR: 24.771773478656428
INFO:logs/DIP_log_model_gaussian_kernel=128_sigma=5.log:test PSNR: 24.765203450211057
INFO:logs/DIP_log_model_gaussian_kernel=128_sigma=5.log:train PSNR: 24.870311072228315
INFO:logs/DIP_log_model_gaussian_kernel=128_sigma=5.log:test PSNR: 24.778744478973437
INFO:logs/DIP_log_model_gaussian_kernel=128_sigma=5.log:train PSNR: 25.149005082699357
INFO:logs/DIP_log_model_gaussian_kernel=128_sigma=5.log:test PSNR: 24.76101424508158
INFO:logs/DIP_log_model_gaussian_kernel=128_sigma=5.log:train PSNR: 24.763785109528047
INFO:logs/DIP_log_model_gaussian_kernel=128_sigma=5.log:test PSNR: 24.765677051305158
INFO:logs/DIP_log_model_gaussian_kernel=128_sigma=5.log:train PSNR: 24.717372568109308
INFO:logs/DIP_log_model_gaussian_kernel=128_sigma=5.log:test PSNR: 24.775183793376623
INFO:logs/DIP_log_model_gaussian_kernel=128_sigma=5.log:train PSNR: 24.740468378997395
INFO:logs/DIP_log_model_gaussian_kernel=128_sigma=5.log:test PSNR: 24.774816428561607
INFO:logs/DIP_log_model_gaussian_kernel=128_sigma=5.log:train PSNR: 24.861053518913444
INFO:logs/DIP_log_model_gaussian_kernel=128_sigma=5.log:test PSNR: 24.761091196355416
INFO:logs/DIP_log_model_gaussian_kernel=128_sigma=5.log:train PSNR: 24.80148687787215
INFO:logs/DIP_log_model_gaussian_kernel=128_sigma=5.log:test PSNR: 24.79034101814137
INFO:logs/DIP_log_model_gaussian_kernel=128_sigma=5.log:train PSNR: 24.94186961378756
INFO:logs/DIP_log_model_gaussian_kernel=128_sigma=5.log:test PSNR: 24.792009010836182
INFO:logs/DIP_log_model_gaussian_kernel=128_sigma=5.log:train PSNR: 24.856013634403705
INFO:logs/DIP_log_model_gaussian_kernel=128_sigma=5.log:test PSNR: 24.772851004584325
INFO:logs/DIP_log_model_gaussian_kernel=128_sigma=5.log:train PSNR: 24.81856980331346
INFO:logs/DIP_log_model_gaussian_kernel=128_sigma=5.log:test PSNR: 24.80311803293047
INFO:logs/DIP_log_model_gaussian_kernel=128_sigma=5.log:train PSNR: 25.01450643486904
INFO:logs/DIP_log_model_gaussian_kernel=128_sigma=5.log:test PSNR: 24.783032449157613
INFO:logs/DIP_log_model_gaussian_kernel=128_sigma=5.log:train PSNR: 25.25286126912589
INFO:logs/DIP_log_model_gaussian_kernel=128_sigma=5.log:test PSNR: 24.806458652040103
INFO:logs/DIP_log_model_gaussian_kernel=128_sigma=5.log:train PSNR: 24.957696328625946
INFO:logs/DIP_log_model_gaussian_kernel=128_sigma=5.log:test PSNR: 24.80575446378909
INFO:logs/DIP_log_model_gaussian_kernel=128_sigma=5.log:train PSNR: 25.01060202116895
INFO:logs/DIP_log_model_gaussian_kernel=128_sigma=5.log:test PSNR: 24.81762615344304
INFO:logs/DIP_log_model_gaussian_kernel=128_sigma=5.log:train PSNR: 25.06127496903576
INFO:logs/DIP_log_model_gaussian_kernel=128_sigma=5.log:test PSNR: 24.8126576935565
INFO:logs/DIP_log_model_gaussian_kernel=128_sigma=5.log:train PSNR: 24.966877325734547
INFO:logs/DIP_log_model_gaussian_kernel=128_sigma=5.log:test PSNR: 24.80906943593125
INFO:logs/DIP_log_model_gaussian_kernel=128_sigma=5.log:train PSNR: 24.87804953358626
INFO:logs/DIP_log_model_gaussian_kernel=128_sigma=5.log:test PSNR: 24.82066198567696
INFO:logs/DIP_log_model_gaussian_kernel=128_sigma=5.log:train PSNR: 24.823848402418527
INFO:logs/DIP_log_model_gaussian_kernel=128_sigma=5.log:test PSNR: 24.814181417754668
INFO:logs/DIP_log_model_gaussian_kernel=128_sigma=5.log:train PSNR: 24.957971462730303
INFO:logs/DIP_log_model_gaussian_kernel=128_sigma=5.log:test PSNR: 24.81646653753389
INFO:logs/DIP_log_model_gaussian_kernel=128_sigma=5.log:train PSNR: 25.01548048974573
INFO:logs/DIP_log_model_gaussian_kernel=128_sigma=5.log:test PSNR: 24.81453038536441
INFO:logs/DIP_log_model_gaussian_kernel=128_sigma=5.log:train PSNR: 25.068548142720005
INFO:logs/DIP_log_model_gaussian_kernel=128_sigma=5.log:test PSNR: 24.803039818812504
INFO:logs/DIP_log_model_gaussian_kernel=128_sigma=5.log:train PSNR: 24.757605181104353
INFO:logs/DIP_log_model_gaussian_kernel=128_sigma=5.log:test PSNR: 24.81753454271023
INFO:logs/DIP_log_model_gaussian_kernel=128_sigma=5.log:train PSNR: 24.87315007891331
INFO:logs/DIP_log_model_gaussian_kernel=128_sigma=5.log:test PSNR: 24.823510422485732
INFO:logs/DIP_log_model_gaussian_kernel=128_sigma=5.log:train PSNR: 24.732361413444888
INFO:logs/DIP_log_model_gaussian_kernel=128_sigma=5.log:test PSNR: 24.811195565685352
INFO:logs/DIP_log_model_gaussian_kernel=128_sigma=5.log:train PSNR: 24.791909427295685
INFO:logs/DIP_log_model_gaussian_kernel=128_sigma=5.log:test PSNR: 24.815733828896033
INFO:logs/DIP_log_model_gaussian_kernel=128_sigma=5.log:train PSNR: 24.981219419628022
INFO:logs/DIP_log_model_gaussian_kernel=128_sigma=5.log:test PSNR: 24.808658757764505
INFO:logs/DIP_log_model_gaussian_kernel=128_sigma=5.log:train PSNR: 24.635532751330366
INFO:logs/DIP_log_model_gaussian_kernel=128_sigma=5.log:test PSNR: 24.83153879549269
INFO:logs/DIP_log_model_gaussian_kernel=128_sigma=5.log:train PSNR: 24.49564636148606
INFO:logs/DIP_log_model_gaussian_kernel=128_sigma=5.log:test PSNR: 24.824021805260532
INFO:logs/DIP_log_model_gaussian_kernel=128_sigma=5.log:train PSNR: 25.188723539864128
INFO:logs/DIP_log_model_gaussian_kernel=128_sigma=5.log:test PSNR: 24.825429910493135
INFO:logs/DIP_log_model_gaussian_kernel=128_sigma=5.log:train PSNR: 25.210985117160757
INFO:logs/DIP_log_model_gaussian_kernel=128_sigma=5.log:test PSNR: 24.82506532873121
INFO:logs/DIP_log_model_gaussian_kernel=128_sigma=5.log:train PSNR: 25.296920076115928
INFO:logs/DIP_log_model_gaussian_kernel=128_sigma=5.log:test PSNR: 24.82639270110446
INFO:logs/DIP_log_model_gaussian_kernel=128_sigma=5.log:train PSNR: 24.989616213950708
INFO:logs/DIP_log_model_gaussian_kernel=128_sigma=5.log:test PSNR: 24.815124117765905
INFO:logs/DIP_log_model_gaussian_kernel=128_sigma=5.log:train PSNR: 24.643596258353597
INFO:logs/DIP_log_model_gaussian_kernel=128_sigma=5.log:test PSNR: 24.824426517953697
INFO:logs/DIP_log_model_gaussian_kernel=128_sigma=5.log:train PSNR: 24.949776781867296
INFO:logs/DIP_log_model_gaussian_kernel=128_sigma=5.log:test PSNR: 24.826876158626355
INFO:logs/DIP_log_model_gaussian_kernel=128_sigma=5.log:train PSNR: 24.882837596791774
INFO:logs/DIP_log_model_gaussian_kernel=128_sigma=5.log:test PSNR: 24.826326024699533
INFO:logs/DIP_log_model_gaussian_kernel=128_sigma=5.log:train PSNR: 25.138798293316132
INFO:logs/DIP_log_model_gaussian_kernel=128_sigma=5.log:test PSNR: 24.839632236517687
INFO:logs/DIP_log_model_gaussian_kernel=128_sigma=5.log:train PSNR: 24.907443376617046
INFO:logs/DIP_log_model_gaussian_kernel=128_sigma=5.log:test PSNR: 24.839627534109272
INFO:logs/DIP_log_model_gaussian_kernel=128_sigma=5.log:train PSNR: 25.037354116619866
INFO:logs/DIP_log_model_gaussian_kernel=128_sigma=5.log:test PSNR: 24.8292018417496
INFO:logs/DIP_log_model_gaussian_kernel=128_sigma=5.log:train PSNR: 24.952215476255645
INFO:logs/DIP_log_model_gaussian_kernel=128_sigma=5.log:test PSNR: 24.835061157168784
INFO:logs/DIP_log_model_gaussian_kernel=128_sigma=5.log:train PSNR: 24.65908014796659
INFO:logs/DIP_log_model_gaussian_kernel=128_sigma=5.log:test PSNR: 24.830680997175048
INFO:logs/DIP_log_model_gaussian_kernel=128_sigma=5.log:train PSNR: 24.79187772992329
INFO:logs/DIP_log_model_gaussian_kernel=128_sigma=5.log:test PSNR: 24.834644521588995
INFO:logs/DIP_log_model_gaussian_kernel=128_sigma=5.log:train PSNR: 24.672766693129557
INFO:logs/DIP_log_model_gaussian_kernel=128_sigma=5.log:test PSNR: 24.831805840931878
INFO:logs/DIP_log_model_gaussian_kernel=128_sigma=5.log:train PSNR: 24.78829004424125
INFO:logs/DIP_log_model_gaussian_kernel=128_sigma=5.log:test PSNR: 24.843031877933026
INFO:logs/DIP_log_model_gaussian_kernel=128_sigma=5.log:train PSNR: 25.285012295052244
INFO:logs/DIP_log_model_gaussian_kernel=128_sigma=5.log:test PSNR: 24.832971933813166
INFO:logs/DIP_log_model_gaussian_kernel=128_sigma=5.log:train PSNR: 25.06691099051698
INFO:logs/DIP_log_model_gaussian_kernel=128_sigma=5.log:test PSNR: 24.844248257730552
INFO:logs/DIP_log_model_gaussian_kernel=128_sigma=5.log:train PSNR: 24.979665564673184
INFO:logs/DIP_log_model_gaussian_kernel=128_sigma=5.log:test PSNR: 24.844797385664553
INFO:logs/DIP_log_model_gaussian_kernel=128_sigma=5.log:train PSNR: 25.024363493083296
INFO:logs/DIP_log_model_gaussian_kernel=128_sigma=5.log:test PSNR: 24.8276081201449
INFO:logs/DIP_log_model_gaussian_kernel=128_sigma=5.log:train PSNR: 25.295786735107328
INFO:logs/DIP_log_model_gaussian_kernel=128_sigma=5.log:test PSNR: 24.84236288921554
INFO:logs/DIP_log_model_gaussian_kernel=128_sigma=5.log:train PSNR: 24.88886776986951
INFO:logs/DIP_log_model_gaussian_kernel=128_sigma=5.log:test PSNR: 24.839247979219266
INFO:logs/DIP_log_model_gaussian_kernel=128_sigma=5.log:train PSNR: 24.821467977670082
INFO:logs/DIP_log_model_gaussian_kernel=128_sigma=5.log:test PSNR: 24.844597618128258
INFO:logs/DIP_log_model_gaussian_kernel=128_sigma=5.log:train PSNR: 24.57254545802897
INFO:logs/DIP_log_model_gaussian_kernel=128_sigma=5.log:test PSNR: 24.841592908873423
INFO:logs/DIP_log_model_gaussian_kernel=128_sigma=5.log:train PSNR: 24.808913725331873
INFO:logs/DIP_log_model_gaussian_kernel=128_sigma=5.log:test PSNR: 24.84466351042629
INFO:logs/DIP_log_model_gaussian_kernel=128_sigma=5.log:train PSNR: 24.822234152484672
INFO:logs/DIP_log_model_gaussian_kernel=128_sigma=5.log:test PSNR: 24.841064033450227
INFO:logs/DIP_log_model_gaussian_kernel=128_sigma=5.log:train PSNR: 24.994527603343972
INFO:logs/DIP_log_model_gaussian_kernel=128_sigma=5.log:test PSNR: 24.835205947962532
INFO:logs/DIP_log_model_gaussian_kernel=128_sigma=5.log:train PSNR: 24.919866760140376
INFO:logs/DIP_log_model_gaussian_kernel=128_sigma=5.log:test PSNR: 24.839958445160836
INFO:logs/DIP_log_model_gaussian_kernel=128_sigma=5.log:train PSNR: 25.119659240408126
INFO:logs/DIP_log_model_gaussian_kernel=128_sigma=5.log:test PSNR: 24.829002009179014
INFO:logs/DIP_log_model_gaussian_kernel=128_sigma=5.log:train PSNR: 25.00028874060789
INFO:logs/DIP_log_model_gaussian_kernel=128_sigma=5.log:test PSNR: 24.842610905497942
INFO:logs/DIP_log_model_gaussian_kernel=128_sigma=5.log:train PSNR: 24.914892895430857
INFO:logs/DIP_log_model_gaussian_kernel=128_sigma=5.log:test PSNR: 24.84962971310788
INFO:logs/DIP_log_model_gaussian_kernel=128_sigma=5.log:train PSNR: 25.049547599009728
INFO:logs/DIP_log_model_gaussian_kernel=128_sigma=5.log:test PSNR: 24.84867132896184
INFO:logs/DIP_log_model_gaussian_kernel=128_sigma=5.log:train PSNR: 24.966060114006805
INFO:logs/DIP_log_model_gaussian_kernel=128_sigma=5.log:test PSNR: 24.843929094223977
INFO:logs/DIP_log_model_gaussian_kernel=128_sigma=5.log:train PSNR: 24.944235865608288
INFO:logs/DIP_log_model_gaussian_kernel=128_sigma=5.log:test PSNR: 24.846168085903216
INFO:logs/DIP_log_model_gaussian_kernel=128_sigma=5.log:train PSNR: 24.783961789997317
INFO:logs/DIP_log_model_gaussian_kernel=128_sigma=5.log:test PSNR: 24.847659337159804
INFO:logs/DIP_log_model_gaussian_kernel=128_sigma=5.log:train PSNR: 24.818125195594305
INFO:logs/DIP_log_model_gaussian_kernel=128_sigma=5.log:test PSNR: 24.84888207931963
INFO:logs/DIP_log_model_gaussian_kernel=128_sigma=5.log:train PSNR: 24.732995256780043
INFO:logs/DIP_log_model_gaussian_kernel=128_sigma=5.log:test PSNR: 24.84981241860626
INFO:logs/DIP_log_model_gaussian_kernel=128_sigma=5.log:train PSNR: 24.902759595980537
INFO:logs/DIP_log_model_gaussian_kernel=128_sigma=5.log:test PSNR: 24.847533236084725
INFO:logs/DIP_log_model_gaussian_kernel=128_sigma=5.log:train PSNR: 24.937757211697292
INFO:logs/DIP_log_model_gaussian_kernel=128_sigma=5.log:test PSNR: 24.843061346212465
INFO:logs/DIP_log_model_gaussian_kernel=128_sigma=5.log:train PSNR: 24.574243834288183
INFO:logs/DIP_log_model_gaussian_kernel=128_sigma=5.log:test PSNR: 24.84468739464676
INFO:logs/DIP_log_model_gaussian_kernel=128_sigma=5.log:train PSNR: 25.116202435797675
INFO:logs/DIP_log_model_gaussian_kernel=128_sigma=5.log:test PSNR: 24.848141459695537
INFO:logs/DIP_log_model_gaussian_kernel=128_sigma=5.log:train PSNR: 25.003118177882094
INFO:logs/DIP_log_model_gaussian_kernel=128_sigma=5.log:test PSNR: 24.847045705633633
INFO:logs/DIP_log_model_gaussian_kernel=128_sigma=5.log:train PSNR: 25.023529719497677
INFO:logs/DIP_log_model_gaussian_kernel=128_sigma=5.log:test PSNR: 24.844142580105537
INFO:logs/DIP_log_model_gaussian_kernel=128_sigma=5.log:train PSNR: 25.141897924051772
INFO:logs/DIP_log_model_gaussian_kernel=128_sigma=5.log:test PSNR: 24.848818405322138
INFO:logs/DIP_log_model_gaussian_kernel=128_sigma=5.log:train PSNR: 25.163407628391077
INFO:logs/DIP_log_model_gaussian_kernel=128_sigma=5.log:test PSNR: 24.845822249789872
INFO:logs/DIP_log_model_gaussian_kernel=128_sigma=5.log:train PSNR: 25.147357880968602
INFO:logs/DIP_log_model_gaussian_kernel=128_sigma=5.log:test PSNR: 24.850092803138395
INFO:logs/DIP_log_model_gaussian_kernel=128_sigma=5.log:train PSNR: 25.17515589519612
INFO:logs/DIP_log_model_gaussian_kernel=128_sigma=5.log:test PSNR: 24.847216174830322
INFO:logs/DIP_log_model_gaussian_kernel=128_sigma=5.log:train PSNR: 24.94864231216103
INFO:logs/DIP_log_model_gaussian_kernel=128_sigma=5.log:test PSNR: 24.84791532622356
INFO:logs/DIP_log_model_gaussian_kernel=128_sigma=5.log:train PSNR: 25.052953740685545
INFO:logs/DIP_log_model_gaussian_kernel=128_sigma=5.log:test PSNR: 24.85081173428804
INFO:logs/DIP_log_model_gaussian_kernel=128_sigma=5.log:train PSNR: 24.916065728247176
INFO:logs/DIP_log_model_gaussian_kernel=128_sigma=5.log:test PSNR: 24.84358669719413
INFO:logs/DIP_log_model_gaussian_kernel=128_sigma=5.log:train PSNR: 24.80524567438725
INFO:logs/DIP_log_model_gaussian_kernel=128_sigma=5.log:test PSNR: 24.84569014001378
INFO:logs/DIP_log_model_gaussian_kernel=128_sigma=5.log:train PSNR: 25.13926493204583
INFO:logs/DIP_log_model_gaussian_kernel=128_sigma=5.log:test PSNR: 24.847096362026203
INFO:logs/DIP_log_model_gaussian_kernel=128_sigma=5.log:train PSNR: 24.90617910784083
INFO:logs/DIP_log_model_gaussian_kernel=128_sigma=5.log:test PSNR: 24.84972494200105
INFO:logs/DIP_log_model_gaussian_kernel=128_sigma=5.log:train PSNR: 24.896766436430504
INFO:logs/DIP_log_model_gaussian_kernel=128_sigma=5.log:test PSNR: 24.84810481116361
INFO:logs/DIP_log_model_gaussian_kernel=128_sigma=5.log:train PSNR: 25.038711085759804
INFO:logs/DIP_log_model_gaussian_kernel=128_sigma=5.log:test PSNR: 24.849534800504703
INFO:logs/DIP_log_model_gaussian_kernel=128_sigma=5.log:train PSNR: 25.04520679731326
INFO:logs/DIP_log_model_gaussian_kernel=128_sigma=5.log:test PSNR: 24.847568670803376
INFO:logs/DIP_log_model_gaussian_kernel=128_sigma=5.log:train PSNR: 25.006382214333193
INFO:logs/DIP_log_model_gaussian_kernel=128_sigma=5.log:test PSNR: 24.851680983756598
INFO:logs/DIP_log_model_gaussian_kernel=128_sigma=5.log:train PSNR: 24.631224425667632
INFO:logs/DIP_log_model_gaussian_kernel=128_sigma=5.log:test PSNR: 24.85231514508087
INFO:logs/DIP_log_model_gaussian_kernel=128_sigma=5.log:train PSNR: 24.738863234862443
INFO:logs/DIP_log_model_gaussian_kernel=128_sigma=5.log:test PSNR: 24.850730473501734
INFO:logs/DIP_log_model_gaussian_kernel=128_sigma=5.log:train PSNR: 25.07484739916883
INFO:logs/DIP_log_model_gaussian_kernel=128_sigma=5.log:test PSNR: 24.85179677996676
INFO:logs/DIP_log_model_gaussian_kernel=128_sigma=5.log:train PSNR: 24.95578329269662
INFO:logs/DIP_log_model_gaussian_kernel=128_sigma=5.log:test PSNR: 24.849939174634304
INFO:logs/DIP_log_model_gaussian_kernel=128_sigma=5.log:train PSNR: 25.044302221136487
INFO:logs/DIP_log_model_gaussian_kernel=128_sigma=5.log:test PSNR: 24.85069494393744
INFO:logs/DIP_log_model_gaussian_kernel=128_sigma=5.log:train PSNR: 25.103850254675493
INFO:logs/DIP_log_model_gaussian_kernel=128_sigma=5.log:test PSNR: 24.850467785200216
INFO:logs/DIP_log_model_gaussian_kernel=128_sigma=5.log:train PSNR: 24.96561856855282
INFO:logs/DIP_log_model_gaussian_kernel=128_sigma=5.log:test PSNR: 24.849943961394015
INFO:logs/DIP_log_model_gaussian_kernel=128_sigma=5.log:train PSNR: 25.22593290570611
INFO:logs/DIP_log_model_gaussian_kernel=128_sigma=5.log:test PSNR: 24.85066379488803
INFO:logs/DIP_log_model_gaussian_kernel=128_sigma=5.log:train PSNR: 24.94037739454525
INFO:logs/DIP_log_model_gaussian_kernel=128_sigma=5.log:test PSNR: 24.84992669831192
INFO:logs/DIP_log_model_gaussian_kernel=128_sigma=5.log:train PSNR: 24.616947781082832
INFO:logs/DIP_log_model_gaussian_kernel=128_sigma=5.log:test PSNR: 24.84982710178398
INFO:logs/DIP_log_model_gaussian_kernel=128_sigma=5.log:train PSNR: 24.993490988243984
INFO:logs/DIP_log_model_gaussian_kernel=128_sigma=5.log:test PSNR: 24.85027969257238
INFO:logs/DIP_log_model_gaussian_kernel=128_sigma=5.log:train PSNR: 25.019256769375666
INFO:logs/DIP_log_model_gaussian_kernel=128_sigma=5.log:test PSNR: 24.85086122448426
INFO:logs/DIP_log_model_gaussian_kernel=128_sigma=5.log:train PSNR: 24.70817879411745
INFO:logs/DIP_log_model_gaussian_kernel=128_sigma=5.log:test PSNR: 24.852449415997064
INFO:logs/DIP_log_model_gaussian_kernel=128_sigma=5.log:train PSNR: 25.027606514894586
INFO:logs/DIP_log_model_gaussian_kernel=128_sigma=5.log:test PSNR: 24.851847058374837
INFO:logs/DIP_log_model_gaussian_kernel=128_sigma=5.log:train PSNR: 24.983752482049372
INFO:logs/DIP_log_model_gaussian_kernel=128_sigma=5.log:test PSNR: 24.852574511609443
INFO:logs/DIP_log_model_gaussian_kernel=128_sigma=5.log:train PSNR: 24.842804082828756
INFO:logs/DIP_log_model_gaussian_kernel=128_sigma=5.log:test PSNR: 24.850697119290107
INFO:logs/DIP_log_model_gaussian_kernel=128_sigma=5.log:train PSNR: 24.90493881743712
INFO:logs/DIP_log_model_gaussian_kernel=128_sigma=5.log:test PSNR: 24.851119998847487
INFO:logs/DIP_log_model_gaussian_kernel=128_sigma=5.log:train PSNR: 24.96252159993711
INFO:logs/DIP_log_model_gaussian_kernel=128_sigma=5.log:test PSNR: 24.851284978548694
INFO:logs/DIP_log_model_gaussian_kernel=128_sigma=5.log:train PSNR: 25.161135645770845
INFO:logs/DIP_log_model_gaussian_kernel=128_sigma=5.log:test PSNR: 24.85259905062592
INFO:logs/DIP_log_model_gaussian_kernel=128_sigma=5.log:train PSNR: 24.971476190424525
INFO:logs/DIP_log_model_gaussian_kernel=128_sigma=5.log:test PSNR: 24.851794137910687
INFO:logs/DIP_log_model_gaussian_kernel=128_sigma=5.log:train PSNR: 25.15905722076881
INFO:logs/DIP_log_model_gaussian_kernel=128_sigma=5.log:test PSNR: 24.851575878809037
INFO:logs/DIP_log_model_gaussian_kernel=128_sigma=5.log:train PSNR: 24.849768531027223
INFO:logs/DIP_log_model_gaussian_kernel=128_sigma=5.log:test PSNR: 24.85362951893565
INFO:logs/DIP_log_model_gaussian_kernel=128_sigma=5.log:train PSNR: 24.9059561531548
INFO:logs/DIP_log_model_gaussian_kernel=128_sigma=5.log:test PSNR: 24.85257535334901
INFO:logs/DIP_log_model_gaussian_kernel=128_sigma=5.log:train PSNR: 25.00230314053242
INFO:logs/DIP_log_model_gaussian_kernel=128_sigma=5.log:test PSNR: 24.85175105866211
INFO:logs/DIP_log_model_gaussian_kernel=128_sigma=5.log:train PSNR: 25.20204693594514
INFO:logs/DIP_log_model_gaussian_kernel=128_sigma=5.log:test PSNR: 24.853353880948173
INFO:logs/DIP_log_model_gaussian_kernel=128_sigma=5.log:train PSNR: 24.836424948374866
INFO:logs/DIP_log_model_gaussian_kernel=128_sigma=5.log:test PSNR: 24.85159187362781
INFO:logs/DIP_log_model_gaussian_kernel=128_sigma=5.log:train PSNR: 24.70339731267492
INFO:logs/DIP_log_model_gaussian_kernel=128_sigma=5.log:test PSNR: 24.852645680149397
INFO:logs/DIP_log_model_gaussian_kernel=128_sigma=5.log:train PSNR: 24.881136025916575
INFO:logs/DIP_log_model_gaussian_kernel=128_sigma=5.log:test PSNR: 24.85242995489336
INFO:logs/DIP_log_model_gaussian_kernel=128_sigma=5.log:train PSNR: 25.179108725965303
INFO:logs/DIP_log_model_gaussian_kernel=128_sigma=5.log:test PSNR: 24.852151867239208
INFO:logs/DIP_log_model_gaussian_kernel=128_sigma=5.log:train PSNR: 25.022805252952214
INFO:logs/DIP_log_model_gaussian_kernel=128_sigma=5.log:test PSNR: 24.852176872436647
INFO:logs/DIP_log_model_gaussian_kernel=128_sigma=5.log:train PSNR: 24.91237441979992
INFO:logs/DIP_log_model_gaussian_kernel=128_sigma=5.log:test PSNR: 24.852387704864142
INFO:logs/DIP_log_model_gaussian_kernel=128_sigma=5.log:train PSNR: 24.99504088005177
INFO:logs/DIP_log_model_gaussian_kernel=128_sigma=5.log:test PSNR: 24.852452794279074
INFO:logs/DIP_log_model_gaussian_kernel=128_sigma=5.log:train PSNR: 24.982616240400713
INFO:logs/DIP_log_model_gaussian_kernel=128_sigma=5.log:test PSNR: 24.85239063926973
INFO:logs/DIP_log_model_gaussian_kernel=128_sigma=5.log:train PSNR: 25.121662038710312
INFO:logs/DIP_log_model_gaussian_kernel=128_sigma=5.log:test PSNR: 24.85172116724675
INFO:logs/DIP_log_model_gaussian_kernel=128_sigma=5.log:train PSNR: 25.163481358781883
INFO:logs/DIP_log_model_gaussian_kernel=128_sigma=5.log:test PSNR: 24.85242845875596
INFO:logs/DIP_log_model_gaussian_kernel=128_sigma=5.log:train PSNR: 24.740351720494704
INFO:logs/DIP_log_model_gaussian_kernel=128_sigma=5.log:test PSNR: 24.851954057948586
INFO:logs/DIP_log_model_gaussian_kernel=128_sigma=5.log:train PSNR: 24.757324281691417
INFO:logs/DIP_log_model_gaussian_kernel=128_sigma=5.log:test PSNR: 24.8520861251524
INFO:logs/DIP_log_model_gaussian_kernel=128_sigma=5.log:train PSNR: 24.9529406311779
INFO:logs/DIP_log_model_gaussian_kernel=128_sigma=5.log:test PSNR: 24.852106099448864
INFO:logs/DIP_log_model_gaussian_kernel=128_sigma=5.log:train PSNR: 25.042544315169735
INFO:logs/DIP_log_model_gaussian_kernel=128_sigma=5.log:test PSNR: 24.851861416102622
INFO:logs/DIP_log_model_gaussian_kernel=128_sigma=5.log:train PSNR: 24.74080854633358
INFO:logs/DIP_log_model_gaussian_kernel=128_sigma=5.log:test PSNR: 24.85196500242438
INFO:logs/DIP_log_model_gaussian_kernel=128_sigma=5.log:train PSNR: 25.05695337567402
INFO:logs/DIP_log_model_gaussian_kernel=128_sigma=5.log:test PSNR: 24.851619775161335
INFO:logs/DIP_log_model_gaussian_kernel=128_sigma=5.log:train PSNR: 24.9362411661158
INFO:logs/DIP_log_model_gaussian_kernel=128_sigma=5.log:test PSNR: 24.851629142030834
INFO:logs/DIP_log_model_gaussian_kernel=128_sigma=5.log:train PSNR: 24.944959107203708
INFO:logs/DIP_log_model_gaussian_kernel=128_sigma=5.log:test PSNR: 24.85079892494985
INFO:logs/DIP_log_model_gaussian_kernel=128_sigma=5.log:train PSNR: 25.174281402033827
INFO:logs/DIP_log_model_gaussian_kernel=128_sigma=5.log:test PSNR: 24.851429424138917
INFO:logs/DIP_log_model_gaussian_kernel=128_sigma=5.log:train PSNR: 25.10171525910061
INFO:logs/DIP_log_model_gaussian_kernel=128_sigma=5.log:test PSNR: 24.851424806678903
INFO:logs/DIP_log_model_gaussian_kernel=128_sigma=5.log:train PSNR: 25.159282256047426
INFO:logs/DIP_log_model_gaussian_kernel=128_sigma=5.log:test PSNR: 24.851478776203333
INFO:logs/DIP_log_model_gaussian_kernel=128_sigma=5.log:train PSNR: 24.85338435037486
INFO:logs/DIP_log_model_gaussian_kernel=128_sigma=5.log:test PSNR: 24.85100622178753
INFO:logs/DIP_log_model_gaussian_kernel=128_sigma=5.log:train PSNR: 25.08684459681279
INFO:logs/DIP_log_model_gaussian_kernel=128_sigma=5.log:test PSNR: 24.85150057704587
INFO:logs/DIP_log_model_gaussian_kernel=128_sigma=5.log:train PSNR: 24.804940733817148
INFO:logs/DIP_log_model_gaussian_kernel=128_sigma=5.log:test PSNR: 24.852024731209557
INFO:logs/DIP_log_model_gaussian_kernel=128_sigma=5.log:train PSNR: 25.035485448160077
INFO:logs/DIP_log_model_gaussian_kernel=128_sigma=5.log:test PSNR: 24.85201510685362
INFO:logs/DIP_log_model_gaussian_kernel=128_sigma=5.log:train PSNR: 24.647987828713028
INFO:logs/DIP_log_model_gaussian_kernel=128_sigma=5.log:test PSNR: 24.85223006874174
INFO:logs/DIP_log_model_gaussian_kernel=128_sigma=5.log:train PSNR: 25.002276942990303
INFO:logs/DIP_log_model_gaussian_kernel=128_sigma=5.log:test PSNR: 24.852625550621052
INFO:logs/DIP_log_model_gaussian_kernel=128_sigma=5.log:train PSNR: 24.963998844907422
INFO:logs/DIP_log_model_gaussian_kernel=128_sigma=5.log:test PSNR: 24.85239781976888
INFO:logs/DIP_log_model_gaussian_kernel=128_sigma=5.log:train PSNR: 25.064592218628256
INFO:logs/DIP_log_model_gaussian_kernel=128_sigma=5.log:test PSNR: 24.85219857115441
INFO:logs/DIP_log_model_gaussian_kernel=128_sigma=5.log:train PSNR: 25.062086453547582
INFO:logs/DIP_log_model_gaussian_kernel=128_sigma=5.log:test PSNR: 24.852163306023016
INFO:logs/DIP_log_model_gaussian_kernel=128_sigma=5.log:train PSNR: 24.765841663879506
INFO:logs/DIP_log_model_gaussian_kernel=128_sigma=5.log:test PSNR: 24.852471195313967
INFO:logs/DIP_log_model_gaussian_kernel=128_sigma=5.log:train PSNR: 24.719243226536395
INFO:logs/DIP_log_model_gaussian_kernel=128_sigma=5.log:test PSNR: 24.852598640531305
INFO:logs/DIP_log_model_gaussian_kernel=128_sigma=5.log:train PSNR: 24.8860117005194
INFO:logs/DIP_log_model_gaussian_kernel=128_sigma=5.log:test PSNR: 24.852424852634105
INFO:logs/DIP_log_model_gaussian_kernel=128_sigma=5.log:train PSNR: 24.93355693468753
INFO:logs/DIP_log_model_gaussian_kernel=128_sigma=5.log:test PSNR: 24.85244409757626
INFO:logs/DIP_log_model_gaussian_kernel=128_sigma=5.log:train PSNR: 25.030551735324373
INFO:logs/DIP_log_model_gaussian_kernel=128_sigma=5.log:test PSNR: 24.852423251484964
INFO:logs/DIP_log_model_gaussian_kernel=128_sigma=5.log:train PSNR: 24.914110022866403
INFO:logs/DIP_log_model_gaussian_kernel=128_sigma=5.log:test PSNR: 24.85216102250113
INFO:logs/DIP_log_model_gaussian_kernel=128_sigma=5.log:train PSNR: 25.02959288775227
INFO:logs/DIP_log_model_gaussian_kernel=128_sigma=5.log:test PSNR: 24.85209009789892
INFO:logs/DIP_log_model_gaussian_kernel=128_sigma=5.log:train PSNR: 24.667775860286767
INFO:logs/DIP_log_model_gaussian_kernel=128_sigma=5.log:test PSNR: 24.852220592621492
INFO:logs/DIP_log_model_gaussian_kernel=128_sigma=5.log:train PSNR: 24.836038840673254
INFO:logs/DIP_log_model_gaussian_kernel=128_sigma=5.log:test PSNR: 24.852389275383906
INFO:logs/DIP_log_model_gaussian_kernel=128_sigma=5.log:train PSNR: 24.867881257374133
INFO:logs/DIP_log_model_gaussian_kernel=128_sigma=5.log:test PSNR: 24.85246793917592
INFO:logs/DIP_log_model_gaussian_kernel=128_sigma=5.log:train PSNR: 24.871388727128757
INFO:logs/DIP_log_model_gaussian_kernel=128_sigma=5.log:test PSNR: 24.852242783279625
INFO:logs/DIP_log_model_gaussian_kernel=128_sigma=5.log:train PSNR: 25.005087907462464
INFO:logs/DIP_log_model_gaussian_kernel=128_sigma=5.log:test PSNR: 24.85221571535447
INFO:logs/DIP_log_model_gaussian_kernel=128_sigma=5.log:train PSNR: 24.771222239490395
INFO:logs/DIP_log_model_gaussian_kernel=128_sigma=5.log:test PSNR: 24.852170236076248
INFO:logs/DIP_log_model_gaussian_kernel=128_sigma=5.log:train PSNR: 25.10760304396297
INFO:logs/DIP_log_model_gaussian_kernel=128_sigma=5.log:test PSNR: 24.851896739172044
INFO:logs/DIP_log_model_gaussian_kernel=128_sigma=5.log:train PSNR: 24.796068176190275
INFO:logs/DIP_log_model_gaussian_kernel=128_sigma=5.log:test PSNR: 24.851892293229227
INFO:logs/DIP_log_model_gaussian_kernel=128_sigma=5.log:train PSNR: 24.758542681691843
INFO:logs/DIP_log_model_gaussian_kernel=128_sigma=5.log:test PSNR: 24.85210425758704
INFO:logs/DIP_log_model_gaussian_kernel=128_sigma=5.log:train PSNR: 25.027949584024736
INFO:logs/DIP_log_model_gaussian_kernel=128_sigma=5.log:test PSNR: 24.851935959210707
INFO:logs/DIP_log_model_gaussian_kernel=128_sigma=5.log:train PSNR: 24.99584800227929
INFO:logs/DIP_log_model_gaussian_kernel=128_sigma=5.log:test PSNR: 24.85188686382897
INFO:logs/DIP_log_model_gaussian_kernel=128_sigma=5.log:train PSNR: 24.82754586186444
INFO:logs/DIP_log_model_gaussian_kernel=128_sigma=5.log:test PSNR: 24.852050858643274
INFO:logs/DIP_log_model_gaussian_kernel=128_sigma=5.log:train PSNR: 25.132811826611256
INFO:logs/DIP_log_model_gaussian_kernel=128_sigma=5.log:test PSNR: 24.851893250990845
INFO:logs/DIP_log_model_gaussian_kernel=128_sigma=5.log:train PSNR: 24.830442925627906
INFO:logs/DIP_log_model_gaussian_kernel=128_sigma=5.log:test PSNR: 24.852067206188707
INFO:logs/DIP_log_model_gaussian_kernel=128_sigma=5.log:train PSNR: 24.962652232013653
INFO:logs/DIP_log_model_gaussian_kernel=128_sigma=5.log:test PSNR: 24.85223837841022
INFO:logs/DIP_log_model_gaussian_kernel=128_sigma=5.log:train PSNR: 24.81325993401261
INFO:logs/DIP_log_model_gaussian_kernel=128_sigma=5.log:test PSNR: 24.852339172694503
INFO:logs/DIP_log_model_gaussian_kernel=128_sigma=5.log:train PSNR: 25.129701971616864
INFO:logs/DIP_log_model_gaussian_kernel=128_sigma=5.log:test PSNR: 24.852410216143582
INFO:logs/DIP_log_model_gaussian_kernel=128_sigma=5.log:train PSNR: 24.940869900372427
INFO:logs/DIP_log_model_gaussian_kernel=128_sigma=5.log:test PSNR: 24.852427240434075
INFO:logs/DIP_log_model_gaussian_kernel=128_sigma=5.log:train PSNR: 25.144911348434224
INFO:logs/DIP_log_model_gaussian_kernel=128_sigma=5.log:test PSNR: 24.8524618182927
INFO:logs/DIP_log_model_gaussian_kernel=128_sigma=5.log:train PSNR: 25.058615455828736
INFO:logs/DIP_log_model_gaussian_kernel=128_sigma=5.log:test PSNR: 24.852359933573403
INFO:logs/DIP_log_model_gaussian_kernel=128_sigma=5.log:train PSNR: 24.974711702748294
INFO:logs/DIP_log_model_gaussian_kernel=128_sigma=5.log:test PSNR: 24.85243151865599
INFO:logs/DIP_log_model_gaussian_kernel=128_sigma=5.log:train PSNR: 24.820472797255576
INFO:logs/DIP_log_model_gaussian_kernel=128_sigma=5.log:test PSNR: 24.852451636442435
INFO:logs/DIP_log_model_gaussian_kernel=128_sigma=5.log:train PSNR: 25.034004504201416
INFO:logs/DIP_log_model_gaussian_kernel=128_sigma=5.log:test PSNR: 24.852523682958502
INFO:logs/DIP_log_model_gaussian_kernel=128_sigma=5.log:train PSNR: 24.755823314186284
INFO:logs/DIP_log_model_gaussian_kernel=128_sigma=5.log:test PSNR: 24.852435807655848
INFO:logs/DIP_log_model_gaussian_kernel=128_sigma=5.log:train PSNR: 25.008881945708765
INFO:logs/DIP_log_model_gaussian_kernel=128_sigma=5.log:test PSNR: 24.85248628713261
INFO:logs/DIP_log_model_gaussian_kernel=128_sigma=5.log:train PSNR: 24.90736254965456
INFO:logs/DIP_log_model_gaussian_kernel=128_sigma=5.log:test PSNR: 24.852524492398953
INFO:logs/DIP_log_model_gaussian_kernel=128_sigma=5.log:train PSNR: 25.032834755061653
INFO:logs/DIP_log_model_gaussian_kernel=128_sigma=5.log:test PSNR: 24.852524092596887
INFO:logs/DIP_log_model_gaussian_kernel=128_sigma=5.log:train PSNR: 24.927339160026474
INFO:logs/DIP_log_model_gaussian_kernel=128_sigma=5.log:test PSNR: 24.852567390284445
INFO:logs/DIP_log_model_gaussian_kernel=128_sigma=5.log:train PSNR: 24.76988689527425
INFO:logs/DIP_log_model_gaussian_kernel=128_sigma=5.log:test PSNR: 24.852497795216337
INFO:logs/DIP_log_model_gaussian_kernel=128_sigma=5.log:train PSNR: 24.959344364280845
INFO:logs/DIP_log_model_gaussian_kernel=128_sigma=5.log:test PSNR: 24.852440129453548
INFO:logs/DIP_log_model_gaussian_kernel=128_sigma=5.log:train PSNR: 24.864340105553364
INFO:logs/DIP_log_model_gaussian_kernel=128_sigma=5.log:test PSNR: 24.852466840762172
INFO:logs/DIP_log_model_gaussian_kernel=128_sigma=5.log:train PSNR: 25.10915140451661
INFO:logs/DIP_log_model_gaussian_kernel=128_sigma=5.log:test PSNR: 24.85249201907377
INFO:logs/DIP_log_model_gaussian_kernel=128_sigma=5.log:train PSNR: 24.856115967956207
INFO:logs/DIP_log_model_gaussian_kernel=128_sigma=5.log:test PSNR: 24.852506624048477
INFO:logs/DIP_log_model_gaussian_kernel=128_sigma=5.log:train PSNR: 24.986965248497803
INFO:logs/DIP_log_model_gaussian_kernel=128_sigma=5.log:test PSNR: 24.852541906041374
INFO:logs/DIP_log_model_gaussian_kernel=128_sigma=5.log:train PSNR: 24.827188947219298
INFO:logs/DIP_log_model_gaussian_kernel=128_sigma=5.log:test PSNR: 24.85257665185221
INFO:logs/DIP_log_model_gaussian_kernel=128_sigma=5.log:train PSNR: 25.04683224704235
INFO:logs/DIP_log_model_gaussian_kernel=128_sigma=5.log:test PSNR: 24.85245743690567
INFO:logs/DIP_log_model_gaussian_kernel=128_sigma=5.log:train PSNR: 24.989640814446165
INFO:logs/DIP_log_model_gaussian_kernel=128_sigma=5.log:test PSNR: 24.852417632981396
INFO:logs/DIP_log_model_gaussian_kernel=128_sigma=5.log:train PSNR: 25.150829829628407
INFO:logs/DIP_log_model_gaussian_kernel=128_sigma=5.log:test PSNR: 24.8524986282243
INFO:logs/DIP_log_model_gaussian_kernel=128_sigma=5.log:train PSNR: 24.619740823829225
INFO:logs/DIP_log_model_gaussian_kernel=128_sigma=5.log:test PSNR: 24.852364577556457
INFO:logs/DIP_log_model_gaussian_kernel=128_sigma=5.log:train PSNR: 25.142263860001528
INFO:logs/DIP_log_model_gaussian_kernel=128_sigma=5.log:test PSNR: 24.85225908581289
