INFO:logs/DIP_log_model_gaussian_kernel=64_sigma=4.log_model:first model = 
ConvLista_T(
  (apply_A): ConvTranspose2d(175, 1, kernel_size=(11, 11), stride=(8, 8), bias=False)
  (apply_B): Conv2d(1, 175, kernel_size=(11, 11), stride=(8, 8), bias=False)
  (apply_C): Sequential(
    (0): ConvTranspose2d(175, 1, kernel_size=(11, 11), stride=(8, 8))
  )
  (soft_threshold): SoftThreshold()
)

INFO:logs/DIP_log_model_gaussian_kernel=64_sigma=4.log_model:config_dict = {'uuid': 'DIP_project_gaussian_kernel=64_sigma=4', 'kernel_size': 11, 'stride': 8, 'num_filters': 175, 'lr': 0.0002, 'unfoldings': 12, 'lr_decay': 0.35, 'patch_size': 128, 'num_epochs': 250, 'lr_step': 50, 'eps': 0.001, 'threshold': 0.01, 'noise_std': 0.09803921568627451, 'gaussian_size': 64, 'gaussian_sigma': 4}

INFO:logs/DIP_log_model_gaussian_kernel=64_sigma=4.log:Training model...
INFO:logs/DIP_log_model_gaussian_kernel=64_sigma=4.log:train PSNR: 21.963813281333174
INFO:logs/DIP_log_model_gaussian_kernel=64_sigma=4.log:test PSNR: 22.727816584579532
INFO:logs/DIP_log_model_gaussian_kernel=64_sigma=4.log:train PSNR: 22.471542273962974
INFO:logs/DIP_log_model_gaussian_kernel=64_sigma=4.log:test PSNR: 23.156761491053583
INFO:logs/DIP_log_model_gaussian_kernel=64_sigma=4.log:train PSNR: 22.907103345979138
INFO:logs/DIP_log_model_gaussian_kernel=64_sigma=4.log:test PSNR: 23.49361595316205
INFO:logs/DIP_log_model_gaussian_kernel=64_sigma=4.log:train PSNR: 23.42999079701546
INFO:logs/DIP_log_model_gaussian_kernel=64_sigma=4.log:test PSNR: 23.559589727110993
INFO:logs/DIP_log_model_gaussian_kernel=64_sigma=4.log:train PSNR: 23.739013188546117
INFO:logs/DIP_log_model_gaussian_kernel=64_sigma=4.log:test PSNR: 23.844250063155503
INFO:logs/DIP_log_model_gaussian_kernel=64_sigma=4.log:train PSNR: 23.75182011498889
INFO:logs/DIP_log_model_gaussian_kernel=64_sigma=4.log:test PSNR: 24.320363651515283
INFO:logs/DIP_log_model_gaussian_kernel=64_sigma=4.log:train PSNR: 24.35966684525796
INFO:logs/DIP_log_model_gaussian_kernel=64_sigma=4.log:test PSNR: 24.46503033192458
INFO:logs/DIP_log_model_gaussian_kernel=64_sigma=4.log:train PSNR: 24.01941787406291
INFO:logs/DIP_log_model_gaussian_kernel=64_sigma=4.log:test PSNR: 24.504217760782588
INFO:logs/DIP_log_model_gaussian_kernel=64_sigma=4.log:train PSNR: 24.31241914458314
INFO:logs/DIP_log_model_gaussian_kernel=64_sigma=4.log:test PSNR: 24.18543297437222
INFO:logs/DIP_log_model_gaussian_kernel=64_sigma=4.log:train PSNR: 24.40478527997688
INFO:logs/DIP_log_model_gaussian_kernel=64_sigma=4.log:test PSNR: 24.619146834509575
INFO:logs/DIP_log_model_gaussian_kernel=64_sigma=4.log:train PSNR: 24.506140914677744
INFO:logs/DIP_log_model_gaussian_kernel=64_sigma=4.log:test PSNR: 24.75652431353169
INFO:logs/DIP_log_model_gaussian_kernel=64_sigma=4.log:train PSNR: 24.5679288922005
INFO:logs/DIP_log_model_gaussian_kernel=64_sigma=4.log:test PSNR: 24.85570389195085
INFO:logs/DIP_log_model_gaussian_kernel=64_sigma=4.log:train PSNR: 24.420249608751
INFO:logs/DIP_log_model_gaussian_kernel=64_sigma=4.log:test PSNR: 24.84981227782785
INFO:logs/DIP_log_model_gaussian_kernel=64_sigma=4.log:train PSNR: 24.877357184549385
INFO:logs/DIP_log_model_gaussian_kernel=64_sigma=4.log:test PSNR: 24.642451037284808
INFO:logs/DIP_log_model_gaussian_kernel=64_sigma=4.log:train PSNR: 24.795911690973167
INFO:logs/DIP_log_model_gaussian_kernel=64_sigma=4.log:test PSNR: 25.035930389092876
INFO:logs/DIP_log_model_gaussian_kernel=64_sigma=4.log:train PSNR: 24.84225742613435
INFO:logs/DIP_log_model_gaussian_kernel=64_sigma=4.log:test PSNR: 25.09277279924493
INFO:logs/DIP_log_model_gaussian_kernel=64_sigma=4.log:train PSNR: 24.75345229917526
INFO:logs/DIP_log_model_gaussian_kernel=64_sigma=4.log:test PSNR: 25.132865670913223
INFO:logs/DIP_log_model_gaussian_kernel=64_sigma=4.log:train PSNR: 24.87136500466896
INFO:logs/DIP_log_model_gaussian_kernel=64_sigma=4.log:test PSNR: 24.804006819922705
INFO:logs/DIP_log_model_gaussian_kernel=64_sigma=4.log:train PSNR: 25.05157086192391
INFO:logs/DIP_log_model_gaussian_kernel=64_sigma=4.log:test PSNR: 25.075080297298218
INFO:logs/DIP_log_model_gaussian_kernel=64_sigma=4.log:train PSNR: 25.122413693786168
INFO:logs/DIP_log_model_gaussian_kernel=64_sigma=4.log:test PSNR: 25.209261051984388
INFO:logs/DIP_log_model_gaussian_kernel=64_sigma=4.log:train PSNR: 24.954863718678364
INFO:logs/DIP_log_model_gaussian_kernel=64_sigma=4.log:test PSNR: 24.983471042649633
INFO:logs/DIP_log_model_gaussian_kernel=64_sigma=4.log:train PSNR: 25.247254998345614
INFO:logs/DIP_log_model_gaussian_kernel=64_sigma=4.log:test PSNR: 25.265357701608377
INFO:logs/DIP_log_model_gaussian_kernel=64_sigma=4.log:train PSNR: 25.141687946777267
INFO:logs/DIP_log_model_gaussian_kernel=64_sigma=4.log:test PSNR: 25.284640905958934
INFO:logs/DIP_log_model_gaussian_kernel=64_sigma=4.log:train PSNR: 25.138091956628365
INFO:logs/DIP_log_model_gaussian_kernel=64_sigma=4.log:test PSNR: 25.321310428744518
INFO:logs/DIP_log_model_gaussian_kernel=64_sigma=4.log:train PSNR: 25.3251300304623
INFO:logs/DIP_log_model_gaussian_kernel=64_sigma=4.log:test PSNR: 25.338350031556814
INFO:logs/DIP_log_model_gaussian_kernel=64_sigma=4.log:train PSNR: 25.325046807805172
INFO:logs/DIP_log_model_gaussian_kernel=64_sigma=4.log:test PSNR: 25.39542543762715
INFO:logs/DIP_log_model_gaussian_kernel=64_sigma=4.log:train PSNR: 25.20448832485829
INFO:logs/DIP_log_model_gaussian_kernel=64_sigma=4.log:test PSNR: 25.401192051086444
INFO:logs/DIP_log_model_gaussian_kernel=64_sigma=4.log:train PSNR: 25.475109073206188
INFO:logs/DIP_log_model_gaussian_kernel=64_sigma=4.log:test PSNR: 25.41985870037505
INFO:logs/DIP_log_model_gaussian_kernel=64_sigma=4.log:train PSNR: 25.310131089589454
INFO:logs/DIP_log_model_gaussian_kernel=64_sigma=4.log:test PSNR: 25.42289386504655
INFO:logs/DIP_log_model_gaussian_kernel=64_sigma=4.log:train PSNR: 25.455108243553898
INFO:logs/DIP_log_model_gaussian_kernel=64_sigma=4.log:test PSNR: 25.431899216182455
INFO:logs/DIP_log_model_gaussian_kernel=64_sigma=4.log:train PSNR: 25.383109748005506
INFO:logs/DIP_log_model_gaussian_kernel=64_sigma=4.log:test PSNR: 25.46771751882316
INFO:logs/DIP_log_model_gaussian_kernel=64_sigma=4.log:train PSNR: 25.539190294377885
INFO:logs/DIP_log_model_gaussian_kernel=64_sigma=4.log:test PSNR: 25.312946987552717
INFO:logs/DIP_log_model_gaussian_kernel=64_sigma=4.log:train PSNR: 25.238955915684574
INFO:logs/DIP_log_model_gaussian_kernel=64_sigma=4.log:test PSNR: 25.39163128546659
INFO:logs/DIP_log_model_gaussian_kernel=64_sigma=4.log:train PSNR: 25.367806418623474
INFO:logs/DIP_log_model_gaussian_kernel=64_sigma=4.log:test PSNR: 25.49251123896656
INFO:logs/DIP_log_model_gaussian_kernel=64_sigma=4.log:train PSNR: 25.38354813125474
INFO:logs/DIP_log_model_gaussian_kernel=64_sigma=4.log:test PSNR: 25.498121478180423
INFO:logs/DIP_log_model_gaussian_kernel=64_sigma=4.log:train PSNR: 25.50873976579354
INFO:logs/DIP_log_model_gaussian_kernel=64_sigma=4.log:test PSNR: 25.52106276812204
INFO:logs/DIP_log_model_gaussian_kernel=64_sigma=4.log:train PSNR: 25.67461129212843
INFO:logs/DIP_log_model_gaussian_kernel=64_sigma=4.log:test PSNR: 25.508868772425686
INFO:logs/DIP_log_model_gaussian_kernel=64_sigma=4.log:train PSNR: 25.348730701368268
INFO:logs/DIP_log_model_gaussian_kernel=64_sigma=4.log:test PSNR: 25.532540207577057
INFO:logs/DIP_log_model_gaussian_kernel=64_sigma=4.log:train PSNR: 25.76256055157648
INFO:logs/DIP_log_model_gaussian_kernel=64_sigma=4.log:test PSNR: 25.51461423555133
INFO:logs/DIP_log_model_gaussian_kernel=64_sigma=4.log:train PSNR: 25.407409383987556
INFO:logs/DIP_log_model_gaussian_kernel=64_sigma=4.log:test PSNR: 25.254984191762798
INFO:logs/DIP_log_model_gaussian_kernel=64_sigma=4.log:train PSNR: 25.568471721071848
INFO:logs/DIP_log_model_gaussian_kernel=64_sigma=4.log:test PSNR: 25.557815774215417
INFO:logs/DIP_log_model_gaussian_kernel=64_sigma=4.log:train PSNR: 25.546096713114746
INFO:logs/DIP_log_model_gaussian_kernel=64_sigma=4.log:test PSNR: 25.54349340722228
INFO:logs/DIP_log_model_gaussian_kernel=64_sigma=4.log:train PSNR: 25.331042969585628
INFO:logs/DIP_log_model_gaussian_kernel=64_sigma=4.log:test PSNR: 25.551719114412688
INFO:logs/DIP_log_model_gaussian_kernel=64_sigma=4.log:train PSNR: 25.783412897760794
INFO:logs/DIP_log_model_gaussian_kernel=64_sigma=4.log:test PSNR: 25.529616617459936
INFO:logs/DIP_log_model_gaussian_kernel=64_sigma=4.log:train PSNR: 25.476736907875402
INFO:logs/DIP_log_model_gaussian_kernel=64_sigma=4.log:test PSNR: 25.590186634045867
INFO:logs/DIP_log_model_gaussian_kernel=64_sigma=4.log:train PSNR: 25.615003595502426
INFO:logs/DIP_log_model_gaussian_kernel=64_sigma=4.log:test PSNR: 25.592571456532017
INFO:logs/DIP_log_model_gaussian_kernel=64_sigma=4.log:train PSNR: 25.64515996465055
INFO:logs/DIP_log_model_gaussian_kernel=64_sigma=4.log:test PSNR: 25.603618651309336
INFO:logs/DIP_log_model_gaussian_kernel=64_sigma=4.log:train PSNR: 25.576840830239576
INFO:logs/DIP_log_model_gaussian_kernel=64_sigma=4.log:test PSNR: 25.612009076130544
INFO:logs/DIP_log_model_gaussian_kernel=64_sigma=4.log:train PSNR: 25.697290365811913
INFO:logs/DIP_log_model_gaussian_kernel=64_sigma=4.log:test PSNR: 25.620735607428987
INFO:logs/DIP_log_model_gaussian_kernel=64_sigma=4.log:train PSNR: 25.513773398963654
INFO:logs/DIP_log_model_gaussian_kernel=64_sigma=4.log:test PSNR: 25.60318307422976
INFO:logs/DIP_log_model_gaussian_kernel=64_sigma=4.log:train PSNR: 25.70991633576831
INFO:logs/DIP_log_model_gaussian_kernel=64_sigma=4.log:test PSNR: 25.649950260470078
INFO:logs/DIP_log_model_gaussian_kernel=64_sigma=4.log:train PSNR: 25.378591287297343
INFO:logs/DIP_log_model_gaussian_kernel=64_sigma=4.log:test PSNR: 25.650352193604228
INFO:logs/DIP_log_model_gaussian_kernel=64_sigma=4.log:train PSNR: 25.833431019696683
INFO:logs/DIP_log_model_gaussian_kernel=64_sigma=4.log:test PSNR: 25.65976812840614
INFO:logs/DIP_log_model_gaussian_kernel=64_sigma=4.log:train PSNR: 25.892566094108577
INFO:logs/DIP_log_model_gaussian_kernel=64_sigma=4.log:test PSNR: 25.658151461818218
INFO:logs/DIP_log_model_gaussian_kernel=64_sigma=4.log:train PSNR: 25.72049304830606
INFO:logs/DIP_log_model_gaussian_kernel=64_sigma=4.log:test PSNR: 25.655351966753237
INFO:logs/DIP_log_model_gaussian_kernel=64_sigma=4.log:train PSNR: 25.69760167232889
INFO:logs/DIP_log_model_gaussian_kernel=64_sigma=4.log:test PSNR: 25.64059987048527
INFO:logs/DIP_log_model_gaussian_kernel=64_sigma=4.log:train PSNR: 25.65002646464725
INFO:logs/DIP_log_model_gaussian_kernel=64_sigma=4.log:test PSNR: 25.66525211837081
INFO:logs/DIP_log_model_gaussian_kernel=64_sigma=4.log:train PSNR: 25.741018824628156
INFO:logs/DIP_log_model_gaussian_kernel=64_sigma=4.log:test PSNR: 25.660649179937103
INFO:logs/DIP_log_model_gaussian_kernel=64_sigma=4.log:train PSNR: 25.627130086619328
INFO:logs/DIP_log_model_gaussian_kernel=64_sigma=4.log:test PSNR: 25.6498896365635
INFO:logs/DIP_log_model_gaussian_kernel=64_sigma=4.log:train PSNR: 25.754264177687023
INFO:logs/DIP_log_model_gaussian_kernel=64_sigma=4.log:test PSNR: 25.670467906153153
INFO:logs/DIP_log_model_gaussian_kernel=64_sigma=4.log:train PSNR: 25.765862351939568
INFO:logs/DIP_log_model_gaussian_kernel=64_sigma=4.log:test PSNR: 25.651826057278235
INFO:logs/DIP_log_model_gaussian_kernel=64_sigma=4.log:train PSNR: 25.662894466878157
INFO:logs/DIP_log_model_gaussian_kernel=64_sigma=4.log:test PSNR: 25.67044473367996
INFO:logs/DIP_log_model_gaussian_kernel=64_sigma=4.log:train PSNR: 25.334368914111533
INFO:logs/DIP_log_model_gaussian_kernel=64_sigma=4.log:test PSNR: 25.661609701669736
INFO:logs/DIP_log_model_gaussian_kernel=64_sigma=4.log:train PSNR: 25.715843320605366
INFO:logs/DIP_log_model_gaussian_kernel=64_sigma=4.log:test PSNR: 25.687872172273483
INFO:logs/DIP_log_model_gaussian_kernel=64_sigma=4.log:train PSNR: 25.48190941734629
INFO:logs/DIP_log_model_gaussian_kernel=64_sigma=4.log:test PSNR: 25.679957729876044
INFO:logs/DIP_log_model_gaussian_kernel=64_sigma=4.log:train PSNR: 25.85164329264652
INFO:logs/DIP_log_model_gaussian_kernel=64_sigma=4.log:test PSNR: 25.69290903500269
INFO:logs/DIP_log_model_gaussian_kernel=64_sigma=4.log:train PSNR: 25.690241692115983
INFO:logs/DIP_log_model_gaussian_kernel=64_sigma=4.log:test PSNR: 25.65680958402174
INFO:logs/DIP_log_model_gaussian_kernel=64_sigma=4.log:train PSNR: 25.642381441743183
INFO:logs/DIP_log_model_gaussian_kernel=64_sigma=4.log:test PSNR: 25.685339204285302
INFO:logs/DIP_log_model_gaussian_kernel=64_sigma=4.log:train PSNR: 25.656205041285272
INFO:logs/DIP_log_model_gaussian_kernel=64_sigma=4.log:test PSNR: 25.631899453483896
INFO:logs/DIP_log_model_gaussian_kernel=64_sigma=4.log:train PSNR: 25.561484168846214
INFO:logs/DIP_log_model_gaussian_kernel=64_sigma=4.log:test PSNR: 25.69413300103405
INFO:logs/DIP_log_model_gaussian_kernel=64_sigma=4.log:train PSNR: 25.554902154963784
INFO:logs/DIP_log_model_gaussian_kernel=64_sigma=4.log:test PSNR: 25.694378219714025
INFO:logs/DIP_log_model_gaussian_kernel=64_sigma=4.log:train PSNR: 25.652853483736607
INFO:logs/DIP_log_model_gaussian_kernel=64_sigma=4.log:test PSNR: 25.679141354716045
INFO:logs/DIP_log_model_gaussian_kernel=64_sigma=4.log:train PSNR: 25.781525178375027
INFO:logs/DIP_log_model_gaussian_kernel=64_sigma=4.log:test PSNR: 25.679093114230845
INFO:logs/DIP_log_model_gaussian_kernel=64_sigma=4.log:train PSNR: 25.857404004990933
INFO:logs/DIP_log_model_gaussian_kernel=64_sigma=4.log:test PSNR: 25.70027363561049
INFO:logs/DIP_log_model_gaussian_kernel=64_sigma=4.log:train PSNR: 25.853361471887503
INFO:logs/DIP_log_model_gaussian_kernel=64_sigma=4.log:test PSNR: 25.70752505955052
INFO:logs/DIP_log_model_gaussian_kernel=64_sigma=4.log:train PSNR: 25.872206134737077
INFO:logs/DIP_log_model_gaussian_kernel=64_sigma=4.log:test PSNR: 25.71832936696312
INFO:logs/DIP_log_model_gaussian_kernel=64_sigma=4.log:train PSNR: 25.760551733269917
INFO:logs/DIP_log_model_gaussian_kernel=64_sigma=4.log:test PSNR: 25.714483560522467
INFO:logs/DIP_log_model_gaussian_kernel=64_sigma=4.log:train PSNR: 25.76964257124342
INFO:logs/DIP_log_model_gaussian_kernel=64_sigma=4.log:test PSNR: 25.715461101247357
INFO:logs/DIP_log_model_gaussian_kernel=64_sigma=4.log:train PSNR: 26.168070106195017
INFO:logs/DIP_log_model_gaussian_kernel=64_sigma=4.log:test PSNR: 25.714965805343564
INFO:logs/DIP_log_model_gaussian_kernel=64_sigma=4.log:train PSNR: 25.64842398712483
INFO:logs/DIP_log_model_gaussian_kernel=64_sigma=4.log:test PSNR: 25.72525224010064
INFO:logs/DIP_log_model_gaussian_kernel=64_sigma=4.log:train PSNR: 25.79356787214575
INFO:logs/DIP_log_model_gaussian_kernel=64_sigma=4.log:test PSNR: 25.70334932433892
INFO:logs/DIP_log_model_gaussian_kernel=64_sigma=4.log:train PSNR: 26.092466382251683
INFO:logs/DIP_log_model_gaussian_kernel=64_sigma=4.log:test PSNR: 25.725158232200922
INFO:logs/DIP_log_model_gaussian_kernel=64_sigma=4.log:train PSNR: 25.43517686236157
INFO:logs/DIP_log_model_gaussian_kernel=64_sigma=4.log:test PSNR: 25.71837731477226
INFO:logs/DIP_log_model_gaussian_kernel=64_sigma=4.log:train PSNR: 25.783140480494268
INFO:logs/DIP_log_model_gaussian_kernel=64_sigma=4.log:test PSNR: 25.72503549750655
INFO:logs/DIP_log_model_gaussian_kernel=64_sigma=4.log:train PSNR: 26.01070930200179
INFO:logs/DIP_log_model_gaussian_kernel=64_sigma=4.log:test PSNR: 25.71536095199743
INFO:logs/DIP_log_model_gaussian_kernel=64_sigma=4.log:train PSNR: 25.759271244840953
INFO:logs/DIP_log_model_gaussian_kernel=64_sigma=4.log:test PSNR: 25.72850101822547
INFO:logs/DIP_log_model_gaussian_kernel=64_sigma=4.log:train PSNR: 25.351588874057448
INFO:logs/DIP_log_model_gaussian_kernel=64_sigma=4.log:test PSNR: 25.727727539873502
INFO:logs/DIP_log_model_gaussian_kernel=64_sigma=4.log:train PSNR: 25.850961362671963
INFO:logs/DIP_log_model_gaussian_kernel=64_sigma=4.log:test PSNR: 25.722647349138583
INFO:logs/DIP_log_model_gaussian_kernel=64_sigma=4.log:train PSNR: 25.755497594000513
INFO:logs/DIP_log_model_gaussian_kernel=64_sigma=4.log:test PSNR: 25.72293025064132
INFO:logs/DIP_log_model_gaussian_kernel=64_sigma=4.log:train PSNR: 25.574338781388047
INFO:logs/DIP_log_model_gaussian_kernel=64_sigma=4.log:test PSNR: 25.737504249540763
INFO:logs/DIP_log_model_gaussian_kernel=64_sigma=4.log:train PSNR: 25.994577373953497
INFO:logs/DIP_log_model_gaussian_kernel=64_sigma=4.log:test PSNR: 25.714716414132518
INFO:logs/DIP_log_model_gaussian_kernel=64_sigma=4.log:train PSNR: 25.78862330935299
INFO:logs/DIP_log_model_gaussian_kernel=64_sigma=4.log:test PSNR: 25.72452447530678
INFO:logs/DIP_log_model_gaussian_kernel=64_sigma=4.log:train PSNR: 25.889066766009606
INFO:logs/DIP_log_model_gaussian_kernel=64_sigma=4.log:test PSNR: 25.713581185391664
INFO:logs/DIP_log_model_gaussian_kernel=64_sigma=4.log:train PSNR: 25.68986039998395
INFO:logs/DIP_log_model_gaussian_kernel=64_sigma=4.log:test PSNR: 25.72748055481275
INFO:logs/DIP_log_model_gaussian_kernel=64_sigma=4.log:train PSNR: 25.65094804340084
INFO:logs/DIP_log_model_gaussian_kernel=64_sigma=4.log:test PSNR: 25.73039770919289
INFO:logs/DIP_log_model_gaussian_kernel=64_sigma=4.log:train PSNR: 25.788724447810868
INFO:logs/DIP_log_model_gaussian_kernel=64_sigma=4.log:test PSNR: 25.736587644042576
INFO:logs/DIP_log_model_gaussian_kernel=64_sigma=4.log:train PSNR: 25.952210349142497
INFO:logs/DIP_log_model_gaussian_kernel=64_sigma=4.log:test PSNR: 25.74268118814074
INFO:logs/DIP_log_model_gaussian_kernel=64_sigma=4.log:train PSNR: 25.67552029479309
INFO:logs/DIP_log_model_gaussian_kernel=64_sigma=4.log:test PSNR: 25.73509413296034
INFO:logs/DIP_log_model_gaussian_kernel=64_sigma=4.log:train PSNR: 25.977163966719107
INFO:logs/DIP_log_model_gaussian_kernel=64_sigma=4.log:test PSNR: 25.72903002865783
INFO:logs/DIP_log_model_gaussian_kernel=64_sigma=4.log:train PSNR: 26.223063979581205
INFO:logs/DIP_log_model_gaussian_kernel=64_sigma=4.log:test PSNR: 25.743368210452637
INFO:logs/DIP_log_model_gaussian_kernel=64_sigma=4.log:train PSNR: 26.358753087977828
INFO:logs/DIP_log_model_gaussian_kernel=64_sigma=4.log:test PSNR: 25.741905988327147
INFO:logs/DIP_log_model_gaussian_kernel=64_sigma=4.log:train PSNR: 25.76460823124402
INFO:logs/DIP_log_model_gaussian_kernel=64_sigma=4.log:test PSNR: 25.742182015300102
INFO:logs/DIP_log_model_gaussian_kernel=64_sigma=4.log:train PSNR: 25.83944064898068
INFO:logs/DIP_log_model_gaussian_kernel=64_sigma=4.log:test PSNR: 25.737373398298377
INFO:logs/DIP_log_model_gaussian_kernel=64_sigma=4.log:train PSNR: 25.560096659297358
INFO:logs/DIP_log_model_gaussian_kernel=64_sigma=4.log:test PSNR: 25.741411692877307
INFO:logs/DIP_log_model_gaussian_kernel=64_sigma=4.log:train PSNR: 25.91152358699304
INFO:logs/DIP_log_model_gaussian_kernel=64_sigma=4.log:test PSNR: 25.744248726291037
INFO:logs/DIP_log_model_gaussian_kernel=64_sigma=4.log:train PSNR: 25.86696391472004
INFO:logs/DIP_log_model_gaussian_kernel=64_sigma=4.log:test PSNR: 25.73914096743553
INFO:logs/DIP_log_model_gaussian_kernel=64_sigma=4.log:train PSNR: 25.946910327961106
INFO:logs/DIP_log_model_gaussian_kernel=64_sigma=4.log:test PSNR: 25.73944931258555
INFO:logs/DIP_log_model_gaussian_kernel=64_sigma=4.log:train PSNR: 26.097718203314006
INFO:logs/DIP_log_model_gaussian_kernel=64_sigma=4.log:test PSNR: 25.743451694831254
INFO:logs/DIP_log_model_gaussian_kernel=64_sigma=4.log:train PSNR: 25.727262367662934
INFO:logs/DIP_log_model_gaussian_kernel=64_sigma=4.log:test PSNR: 25.74431897433217
INFO:logs/DIP_log_model_gaussian_kernel=64_sigma=4.log:train PSNR: 25.924325276375786
INFO:logs/DIP_log_model_gaussian_kernel=64_sigma=4.log:test PSNR: 25.74372548132581
INFO:logs/DIP_log_model_gaussian_kernel=64_sigma=4.log:train PSNR: 25.836971395827828
INFO:logs/DIP_log_model_gaussian_kernel=64_sigma=4.log:test PSNR: 25.739084371618333
INFO:logs/DIP_log_model_gaussian_kernel=64_sigma=4.log:train PSNR: 25.805644765280135
INFO:logs/DIP_log_model_gaussian_kernel=64_sigma=4.log:test PSNR: 25.74583272470733
INFO:logs/DIP_log_model_gaussian_kernel=64_sigma=4.log:train PSNR: 26.039783778319602
INFO:logs/DIP_log_model_gaussian_kernel=64_sigma=4.log:test PSNR: 25.745907258791245
INFO:logs/DIP_log_model_gaussian_kernel=64_sigma=4.log:train PSNR: 25.517539595889588
INFO:logs/DIP_log_model_gaussian_kernel=64_sigma=4.log:test PSNR: 25.7492572936511
INFO:logs/DIP_log_model_gaussian_kernel=64_sigma=4.log:train PSNR: 25.743388181242413
INFO:logs/DIP_log_model_gaussian_kernel=64_sigma=4.log:test PSNR: 25.743167502848507
INFO:logs/DIP_log_model_gaussian_kernel=64_sigma=4.log:train PSNR: 25.627155329219246
INFO:logs/DIP_log_model_gaussian_kernel=64_sigma=4.log:test PSNR: 25.74528663858848
INFO:logs/DIP_log_model_gaussian_kernel=64_sigma=4.log:train PSNR: 25.808138025984533
INFO:logs/DIP_log_model_gaussian_kernel=64_sigma=4.log:test PSNR: 25.74721468330031
INFO:logs/DIP_log_model_gaussian_kernel=64_sigma=4.log:train PSNR: 25.65222049047864
INFO:logs/DIP_log_model_gaussian_kernel=64_sigma=4.log:test PSNR: 25.746362422603635
INFO:logs/DIP_log_model_gaussian_kernel=64_sigma=4.log:train PSNR: 26.14450469464414
INFO:logs/DIP_log_model_gaussian_kernel=64_sigma=4.log:test PSNR: 25.75161425411522
INFO:logs/DIP_log_model_gaussian_kernel=64_sigma=4.log:train PSNR: 25.907587264028837
INFO:logs/DIP_log_model_gaussian_kernel=64_sigma=4.log:test PSNR: 25.750134365494166
INFO:logs/DIP_log_model_gaussian_kernel=64_sigma=4.log:train PSNR: 25.756018243304222
INFO:logs/DIP_log_model_gaussian_kernel=64_sigma=4.log:test PSNR: 25.747434547468522
INFO:logs/DIP_log_model_gaussian_kernel=64_sigma=4.log:train PSNR: 25.910955195393775
INFO:logs/DIP_log_model_gaussian_kernel=64_sigma=4.log:test PSNR: 25.75591515724576
INFO:logs/DIP_log_model_gaussian_kernel=64_sigma=4.log:train PSNR: 25.685035518986908
INFO:logs/DIP_log_model_gaussian_kernel=64_sigma=4.log:test PSNR: 25.746698401017966
INFO:logs/DIP_log_model_gaussian_kernel=64_sigma=4.log:train PSNR: 25.8157895314199
INFO:logs/DIP_log_model_gaussian_kernel=64_sigma=4.log:test PSNR: 25.751648272437357
INFO:logs/DIP_log_model_gaussian_kernel=64_sigma=4.log:train PSNR: 25.98899292903356
INFO:logs/DIP_log_model_gaussian_kernel=64_sigma=4.log:test PSNR: 25.74823347165906
INFO:logs/DIP_log_model_gaussian_kernel=64_sigma=4.log:train PSNR: 26.05693930201139
INFO:logs/DIP_log_model_gaussian_kernel=64_sigma=4.log:test PSNR: 25.750378229680106
INFO:logs/DIP_log_model_gaussian_kernel=64_sigma=4.log:train PSNR: 25.785163704641032
INFO:logs/DIP_log_model_gaussian_kernel=64_sigma=4.log:test PSNR: 25.74503416199556
INFO:logs/DIP_log_model_gaussian_kernel=64_sigma=4.log:train PSNR: 25.865369614142907
INFO:logs/DIP_log_model_gaussian_kernel=64_sigma=4.log:test PSNR: 25.754204564832087
INFO:logs/DIP_log_model_gaussian_kernel=64_sigma=4.log:train PSNR: 25.699638843153075
INFO:logs/DIP_log_model_gaussian_kernel=64_sigma=4.log:test PSNR: 25.749172379952626
INFO:logs/DIP_log_model_gaussian_kernel=64_sigma=4.log:train PSNR: 26.17243917124501
INFO:logs/DIP_log_model_gaussian_kernel=64_sigma=4.log:test PSNR: 25.750547356889836
INFO:logs/DIP_log_model_gaussian_kernel=64_sigma=4.log:train PSNR: 26.081559840921898
INFO:logs/DIP_log_model_gaussian_kernel=64_sigma=4.log:test PSNR: 25.7549024808744
INFO:logs/DIP_log_model_gaussian_kernel=64_sigma=4.log:train PSNR: 25.866527275356244
INFO:logs/DIP_log_model_gaussian_kernel=64_sigma=4.log:test PSNR: 25.751164735998316
INFO:logs/DIP_log_model_gaussian_kernel=64_sigma=4.log:train PSNR: 25.945284707314897
INFO:logs/DIP_log_model_gaussian_kernel=64_sigma=4.log:test PSNR: 25.75409480493356
INFO:logs/DIP_log_model_gaussian_kernel=64_sigma=4.log:train PSNR: 25.90333776665755
INFO:logs/DIP_log_model_gaussian_kernel=64_sigma=4.log:test PSNR: 25.75318152452702
INFO:logs/DIP_log_model_gaussian_kernel=64_sigma=4.log:train PSNR: 25.68798127500432
INFO:logs/DIP_log_model_gaussian_kernel=64_sigma=4.log:test PSNR: 25.74985462443314
INFO:logs/DIP_log_model_gaussian_kernel=64_sigma=4.log:train PSNR: 25.86967221063938
INFO:logs/DIP_log_model_gaussian_kernel=64_sigma=4.log:test PSNR: 25.748352833723263
INFO:logs/DIP_log_model_gaussian_kernel=64_sigma=4.log:train PSNR: 26.17185219845724
INFO:logs/DIP_log_model_gaussian_kernel=64_sigma=4.log:test PSNR: 25.75002093982037
INFO:logs/DIP_log_model_gaussian_kernel=64_sigma=4.log:train PSNR: 25.80130775390027
INFO:logs/DIP_log_model_gaussian_kernel=64_sigma=4.log:test PSNR: 25.752057154948552
INFO:logs/DIP_log_model_gaussian_kernel=64_sigma=4.log:train PSNR: 25.884746856853557
INFO:logs/DIP_log_model_gaussian_kernel=64_sigma=4.log:test PSNR: 25.752080897318088
INFO:logs/DIP_log_model_gaussian_kernel=64_sigma=4.log:train PSNR: 25.62963656972202
INFO:logs/DIP_log_model_gaussian_kernel=64_sigma=4.log:test PSNR: 25.75434066633901
INFO:logs/DIP_log_model_gaussian_kernel=64_sigma=4.log:train PSNR: 26.008650681499212
INFO:logs/DIP_log_model_gaussian_kernel=64_sigma=4.log:test PSNR: 25.749473940057662
INFO:logs/DIP_log_model_gaussian_kernel=64_sigma=4.log:train PSNR: 25.947808746803553
INFO:logs/DIP_log_model_gaussian_kernel=64_sigma=4.log:test PSNR: 25.75309386718025
INFO:logs/DIP_log_model_gaussian_kernel=64_sigma=4.log:train PSNR: 25.91897811569336
INFO:logs/DIP_log_model_gaussian_kernel=64_sigma=4.log:test PSNR: 25.751707734399996
INFO:logs/DIP_log_model_gaussian_kernel=64_sigma=4.log:train PSNR: 25.641083457339533
INFO:logs/DIP_log_model_gaussian_kernel=64_sigma=4.log:test PSNR: 25.74963471698618
INFO:logs/DIP_log_model_gaussian_kernel=64_sigma=4.log:train PSNR: 25.925584162944496
INFO:logs/DIP_log_model_gaussian_kernel=64_sigma=4.log:test PSNR: 25.75484855605684
INFO:logs/DIP_log_model_gaussian_kernel=64_sigma=4.log:train PSNR: 25.75163652998408
INFO:logs/DIP_log_model_gaussian_kernel=64_sigma=4.log:test PSNR: 25.750532842858277
INFO:logs/DIP_log_model_gaussian_kernel=64_sigma=4.log:train PSNR: 25.921331118731604
INFO:logs/DIP_log_model_gaussian_kernel=64_sigma=4.log:test PSNR: 25.75178980244074
INFO:logs/DIP_log_model_gaussian_kernel=64_sigma=4.log:train PSNR: 26.069470659274614
INFO:logs/DIP_log_model_gaussian_kernel=64_sigma=4.log:test PSNR: 25.753461915131528
INFO:logs/DIP_log_model_gaussian_kernel=64_sigma=4.log:train PSNR: 25.883485813138712
INFO:logs/DIP_log_model_gaussian_kernel=64_sigma=4.log:test PSNR: 25.7569097211207
INFO:logs/DIP_log_model_gaussian_kernel=64_sigma=4.log:train PSNR: 26.065976028192534
INFO:logs/DIP_log_model_gaussian_kernel=64_sigma=4.log:test PSNR: 25.757230486626604
INFO:logs/DIP_log_model_gaussian_kernel=64_sigma=4.log:train PSNR: 25.510789288622046
INFO:logs/DIP_log_model_gaussian_kernel=64_sigma=4.log:test PSNR: 25.756610937801423
INFO:logs/DIP_log_model_gaussian_kernel=64_sigma=4.log:train PSNR: 25.895989860278103
INFO:logs/DIP_log_model_gaussian_kernel=64_sigma=4.log:test PSNR: 25.753970831188163
INFO:logs/DIP_log_model_gaussian_kernel=64_sigma=4.log:train PSNR: 25.706241383708793
INFO:logs/DIP_log_model_gaussian_kernel=64_sigma=4.log:test PSNR: 25.755238792251607
INFO:logs/DIP_log_model_gaussian_kernel=64_sigma=4.log:train PSNR: 25.937911801964916
INFO:logs/DIP_log_model_gaussian_kernel=64_sigma=4.log:test PSNR: 25.75478826517682
INFO:logs/DIP_log_model_gaussian_kernel=64_sigma=4.log:train PSNR: 25.88598113120404
INFO:logs/DIP_log_model_gaussian_kernel=64_sigma=4.log:test PSNR: 25.754656641150852
INFO:logs/DIP_log_model_gaussian_kernel=64_sigma=4.log:train PSNR: 25.753871499086113
INFO:logs/DIP_log_model_gaussian_kernel=64_sigma=4.log:test PSNR: 25.75661042013864
INFO:logs/DIP_log_model_gaussian_kernel=64_sigma=4.log:train PSNR: 26.102638358321283
INFO:logs/DIP_log_model_gaussian_kernel=64_sigma=4.log:test PSNR: 25.755007556936462
INFO:logs/DIP_log_model_gaussian_kernel=64_sigma=4.log:train PSNR: 25.873892894522765
INFO:logs/DIP_log_model_gaussian_kernel=64_sigma=4.log:test PSNR: 25.753638270926444
INFO:logs/DIP_log_model_gaussian_kernel=64_sigma=4.log:train PSNR: 25.439246301746383
INFO:logs/DIP_log_model_gaussian_kernel=64_sigma=4.log:test PSNR: 25.756157444292267
INFO:logs/DIP_log_model_gaussian_kernel=64_sigma=4.log:train PSNR: 25.82460154376324
INFO:logs/DIP_log_model_gaussian_kernel=64_sigma=4.log:test PSNR: 25.754727952756305
INFO:logs/DIP_log_model_gaussian_kernel=64_sigma=4.log:train PSNR: 25.83087868231991
INFO:logs/DIP_log_model_gaussian_kernel=64_sigma=4.log:test PSNR: 25.75414317434964
INFO:logs/DIP_log_model_gaussian_kernel=64_sigma=4.log:train PSNR: 25.700999664653505
INFO:logs/DIP_log_model_gaussian_kernel=64_sigma=4.log:test PSNR: 25.75561028090445
INFO:logs/DIP_log_model_gaussian_kernel=64_sigma=4.log:train PSNR: 26.124163490644882
INFO:logs/DIP_log_model_gaussian_kernel=64_sigma=4.log:test PSNR: 25.754806784878543
INFO:logs/DIP_log_model_gaussian_kernel=64_sigma=4.log:train PSNR: 25.893780166847442
INFO:logs/DIP_log_model_gaussian_kernel=64_sigma=4.log:test PSNR: 25.754896075231116
INFO:logs/DIP_log_model_gaussian_kernel=64_sigma=4.log:train PSNR: 25.78636134293038
INFO:logs/DIP_log_model_gaussian_kernel=64_sigma=4.log:test PSNR: 25.754246967931042
INFO:logs/DIP_log_model_gaussian_kernel=64_sigma=4.log:train PSNR: 25.94109776291947
INFO:logs/DIP_log_model_gaussian_kernel=64_sigma=4.log:test PSNR: 25.755600739341403
INFO:logs/DIP_log_model_gaussian_kernel=64_sigma=4.log:train PSNR: 25.852001885183302
INFO:logs/DIP_log_model_gaussian_kernel=64_sigma=4.log:test PSNR: 25.75461910190997
INFO:logs/DIP_log_model_gaussian_kernel=64_sigma=4.log:train PSNR: 26.202466021155036
INFO:logs/DIP_log_model_gaussian_kernel=64_sigma=4.log:test PSNR: 25.75347567059386
INFO:logs/DIP_log_model_gaussian_kernel=64_sigma=4.log:train PSNR: 25.85213612043325
INFO:logs/DIP_log_model_gaussian_kernel=64_sigma=4.log:test PSNR: 25.755116640975622
INFO:logs/DIP_log_model_gaussian_kernel=64_sigma=4.log:train PSNR: 25.814769240885113
INFO:logs/DIP_log_model_gaussian_kernel=64_sigma=4.log:test PSNR: 25.755190947660168
INFO:logs/DIP_log_model_gaussian_kernel=64_sigma=4.log:train PSNR: 25.879040024671088
INFO:logs/DIP_log_model_gaussian_kernel=64_sigma=4.log:test PSNR: 25.74949686455877
INFO:logs/DIP_log_model_gaussian_kernel=64_sigma=4.log:train PSNR: 25.737793939579376
INFO:logs/DIP_log_model_gaussian_kernel=64_sigma=4.log:test PSNR: 25.754548651652694
INFO:logs/DIP_log_model_gaussian_kernel=64_sigma=4.log:train PSNR: 25.9402784486557
INFO:logs/DIP_log_model_gaussian_kernel=64_sigma=4.log:test PSNR: 25.75472947319564
INFO:logs/DIP_log_model_gaussian_kernel=64_sigma=4.log:train PSNR: 25.753131730407155
INFO:logs/DIP_log_model_gaussian_kernel=64_sigma=4.log:test PSNR: 25.7552800278986
INFO:logs/DIP_log_model_gaussian_kernel=64_sigma=4.log:train PSNR: 25.66498530138464
INFO:logs/DIP_log_model_gaussian_kernel=64_sigma=4.log:test PSNR: 25.752221063952547
INFO:logs/DIP_log_model_gaussian_kernel=64_sigma=4.log:train PSNR: 25.834180242565953
INFO:logs/DIP_log_model_gaussian_kernel=64_sigma=4.log:test PSNR: 25.754354816105685
INFO:logs/DIP_log_model_gaussian_kernel=64_sigma=4.log:train PSNR: 25.821027311575545
INFO:logs/DIP_log_model_gaussian_kernel=64_sigma=4.log:test PSNR: 25.755443415100427
INFO:logs/DIP_log_model_gaussian_kernel=64_sigma=4.log:train PSNR: 25.81955957442195
INFO:logs/DIP_log_model_gaussian_kernel=64_sigma=4.log:test PSNR: 25.754393753870655
INFO:logs/DIP_log_model_gaussian_kernel=64_sigma=4.log:train PSNR: 26.070414896051993
INFO:logs/DIP_log_model_gaussian_kernel=64_sigma=4.log:test PSNR: 25.75484993050646
INFO:logs/DIP_log_model_gaussian_kernel=64_sigma=4.log:train PSNR: 25.982238904368415
INFO:logs/DIP_log_model_gaussian_kernel=64_sigma=4.log:test PSNR: 25.754932847424815
INFO:logs/DIP_log_model_gaussian_kernel=64_sigma=4.log:train PSNR: 25.935992586288585
INFO:logs/DIP_log_model_gaussian_kernel=64_sigma=4.log:test PSNR: 25.754980801602283
INFO:logs/DIP_log_model_gaussian_kernel=64_sigma=4.log:train PSNR: 25.879490168643287
INFO:logs/DIP_log_model_gaussian_kernel=64_sigma=4.log:test PSNR: 25.755463766425084
INFO:logs/DIP_log_model_gaussian_kernel=64_sigma=4.log:train PSNR: 25.941567530872444
INFO:logs/DIP_log_model_gaussian_kernel=64_sigma=4.log:test PSNR: 25.75550534584021
INFO:logs/DIP_log_model_gaussian_kernel=64_sigma=4.log:train PSNR: 25.971080139516562
INFO:logs/DIP_log_model_gaussian_kernel=64_sigma=4.log:test PSNR: 25.75554633202117
INFO:logs/DIP_log_model_gaussian_kernel=64_sigma=4.log:train PSNR: 26.086764018541995
INFO:logs/DIP_log_model_gaussian_kernel=64_sigma=4.log:test PSNR: 25.75561539769126
INFO:logs/DIP_log_model_gaussian_kernel=64_sigma=4.log:train PSNR: 26.379995611528372
INFO:logs/DIP_log_model_gaussian_kernel=64_sigma=4.log:test PSNR: 25.756655837503004
INFO:logs/DIP_log_model_gaussian_kernel=64_sigma=4.log:train PSNR: 25.580657021964964
INFO:logs/DIP_log_model_gaussian_kernel=64_sigma=4.log:test PSNR: 25.75616823162477
INFO:logs/DIP_log_model_gaussian_kernel=64_sigma=4.log:train PSNR: 25.745055145015726
INFO:logs/DIP_log_model_gaussian_kernel=64_sigma=4.log:test PSNR: 25.756281851136865
INFO:logs/DIP_log_model_gaussian_kernel=64_sigma=4.log:train PSNR: 25.906711429446116
INFO:logs/DIP_log_model_gaussian_kernel=64_sigma=4.log:test PSNR: 25.756325050542962
INFO:logs/DIP_log_model_gaussian_kernel=64_sigma=4.log:train PSNR: 25.493872570616645
INFO:logs/DIP_log_model_gaussian_kernel=64_sigma=4.log:test PSNR: 25.754802335044637
INFO:logs/DIP_log_model_gaussian_kernel=64_sigma=4.log:train PSNR: 25.832226888796942
INFO:logs/DIP_log_model_gaussian_kernel=64_sigma=4.log:test PSNR: 25.754720405188447
INFO:logs/DIP_log_model_gaussian_kernel=64_sigma=4.log:train PSNR: 26.097375403552157
INFO:logs/DIP_log_model_gaussian_kernel=64_sigma=4.log:test PSNR: 25.754135893217807
INFO:logs/DIP_log_model_gaussian_kernel=64_sigma=4.log:train PSNR: 25.852078194250524
INFO:logs/DIP_log_model_gaussian_kernel=64_sigma=4.log:test PSNR: 25.755105974302854
INFO:logs/DIP_log_model_gaussian_kernel=64_sigma=4.log:train PSNR: 25.948702090640985
INFO:logs/DIP_log_model_gaussian_kernel=64_sigma=4.log:test PSNR: 25.75577535772224
INFO:logs/DIP_log_model_gaussian_kernel=64_sigma=4.log:train PSNR: 25.825918882171482
INFO:logs/DIP_log_model_gaussian_kernel=64_sigma=4.log:test PSNR: 25.755142353701974
INFO:logs/DIP_log_model_gaussian_kernel=64_sigma=4.log:train PSNR: 25.76703630425763
INFO:logs/DIP_log_model_gaussian_kernel=64_sigma=4.log:test PSNR: 25.754905099216348
INFO:logs/DIP_log_model_gaussian_kernel=64_sigma=4.log:train PSNR: 26.020875941037133
INFO:logs/DIP_log_model_gaussian_kernel=64_sigma=4.log:test PSNR: 25.755229244045008
INFO:logs/DIP_log_model_gaussian_kernel=64_sigma=4.log:train PSNR: 25.887548050415077
INFO:logs/DIP_log_model_gaussian_kernel=64_sigma=4.log:test PSNR: 25.755182570155284
INFO:logs/DIP_log_model_gaussian_kernel=64_sigma=4.log:train PSNR: 25.862198186749865
INFO:logs/DIP_log_model_gaussian_kernel=64_sigma=4.log:test PSNR: 25.75544678262237
INFO:logs/DIP_log_model_gaussian_kernel=64_sigma=4.log:train PSNR: 25.555655577880586
INFO:logs/DIP_log_model_gaussian_kernel=64_sigma=4.log:test PSNR: 25.755092777558588
INFO:logs/DIP_log_model_gaussian_kernel=64_sigma=4.log:train PSNR: 26.25683606045457
INFO:logs/DIP_log_model_gaussian_kernel=64_sigma=4.log:test PSNR: 25.754990507456537
INFO:logs/DIP_log_model_gaussian_kernel=64_sigma=4.log:train PSNR: 25.720411250621567
INFO:logs/DIP_log_model_gaussian_kernel=64_sigma=4.log:test PSNR: 25.755199033033968
INFO:logs/DIP_log_model_gaussian_kernel=64_sigma=4.log:train PSNR: 26.160271484546694
INFO:logs/DIP_log_model_gaussian_kernel=64_sigma=4.log:test PSNR: 25.755348925766874
INFO:logs/DIP_log_model_gaussian_kernel=64_sigma=4.log:train PSNR: 25.745314773611497
INFO:logs/DIP_log_model_gaussian_kernel=64_sigma=4.log:test PSNR: 25.755493401345124
INFO:logs/DIP_log_model_gaussian_kernel=64_sigma=4.log:train PSNR: 25.951704912877382
INFO:logs/DIP_log_model_gaussian_kernel=64_sigma=4.log:test PSNR: 25.75531634233398
INFO:logs/DIP_log_model_gaussian_kernel=64_sigma=4.log:train PSNR: 25.746012217788703
INFO:logs/DIP_log_model_gaussian_kernel=64_sigma=4.log:test PSNR: 25.75537532848932
INFO:logs/DIP_log_model_gaussian_kernel=64_sigma=4.log:train PSNR: 25.734838960836388
INFO:logs/DIP_log_model_gaussian_kernel=64_sigma=4.log:test PSNR: 25.755832754613547
INFO:logs/DIP_log_model_gaussian_kernel=64_sigma=4.log:train PSNR: 25.98914489190988
INFO:logs/DIP_log_model_gaussian_kernel=64_sigma=4.log:test PSNR: 25.75502498766669
INFO:logs/DIP_log_model_gaussian_kernel=64_sigma=4.log:train PSNR: 25.56274346741379
INFO:logs/DIP_log_model_gaussian_kernel=64_sigma=4.log:test PSNR: 25.75504691919415
INFO:logs/DIP_log_model_gaussian_kernel=64_sigma=4.log:train PSNR: 26.177725337080435
INFO:logs/DIP_log_model_gaussian_kernel=64_sigma=4.log:test PSNR: 25.755402809391693
INFO:logs/DIP_log_model_gaussian_kernel=64_sigma=4.log:train PSNR: 25.87919797671662
INFO:logs/DIP_log_model_gaussian_kernel=64_sigma=4.log:test PSNR: 25.755179866304907
INFO:logs/DIP_log_model_gaussian_kernel=64_sigma=4.log:train PSNR: 25.708562357295644
INFO:logs/DIP_log_model_gaussian_kernel=64_sigma=4.log:test PSNR: 25.755769350224142
INFO:logs/DIP_log_model_gaussian_kernel=64_sigma=4.log:train PSNR: 25.864057674950583
INFO:logs/DIP_log_model_gaussian_kernel=64_sigma=4.log:test PSNR: 25.75580661483198
INFO:logs/DIP_log_model_gaussian_kernel=64_sigma=4.log:train PSNR: 25.87984966471472
INFO:logs/DIP_log_model_gaussian_kernel=64_sigma=4.log:test PSNR: 25.75529993626798
INFO:logs/DIP_log_model_gaussian_kernel=64_sigma=4.log:train PSNR: 26.010346613212956
INFO:logs/DIP_log_model_gaussian_kernel=64_sigma=4.log:test PSNR: 25.755522354179234
INFO:logs/DIP_log_model_gaussian_kernel=64_sigma=4.log:train PSNR: 25.89013794618759
INFO:logs/DIP_log_model_gaussian_kernel=64_sigma=4.log:test PSNR: 25.756091280983085
INFO:logs/DIP_log_model_gaussian_kernel=64_sigma=4.log:train PSNR: 25.733242697096667
INFO:logs/DIP_log_model_gaussian_kernel=64_sigma=4.log:test PSNR: 25.755760956071207
INFO:logs/DIP_log_model_gaussian_kernel=64_sigma=4.log:train PSNR: 25.745480485117966
INFO:logs/DIP_log_model_gaussian_kernel=64_sigma=4.log:test PSNR: 25.75491297759063
INFO:logs/DIP_log_model_gaussian_kernel=64_sigma=4.log:train PSNR: 25.83532899978516
INFO:logs/DIP_log_model_gaussian_kernel=64_sigma=4.log:test PSNR: 25.755883349938784
INFO:logs/DIP_log_model_gaussian_kernel=64_sigma=4.log:train PSNR: 25.963353007148182
INFO:logs/DIP_log_model_gaussian_kernel=64_sigma=4.log:test PSNR: 25.755951728594354
INFO:logs/DIP_log_model_gaussian_kernel=64_sigma=4.log:train PSNR: 25.966163000525906
INFO:logs/DIP_log_model_gaussian_kernel=64_sigma=4.log:test PSNR: 25.756073536298373
INFO:logs/DIP_log_model_gaussian_kernel=64_sigma=4.log:train PSNR: 25.97746743654916
INFO:logs/DIP_log_model_gaussian_kernel=64_sigma=4.log:test PSNR: 25.756101886040017
INFO:logs/DIP_log_model_gaussian_kernel=64_sigma=4.log:train PSNR: 25.591312189620222
INFO:logs/DIP_log_model_gaussian_kernel=64_sigma=4.log:test PSNR: 25.755722277958522
INFO:logs/DIP_log_model_gaussian_kernel=64_sigma=4.log:train PSNR: 25.757395323706675
INFO:logs/DIP_log_model_gaussian_kernel=64_sigma=4.log:test PSNR: 25.755588325892653
INFO:logs/DIP_log_model_gaussian_kernel=64_sigma=4.log:train PSNR: 26.14399296170505
INFO:logs/DIP_log_model_gaussian_kernel=64_sigma=4.log:test PSNR: 25.756127780369685
INFO:logs/DIP_log_model_gaussian_kernel=64_sigma=4.log:train PSNR: 25.775358987581566
INFO:logs/DIP_log_model_gaussian_kernel=64_sigma=4.log:test PSNR: 25.756078180619703
INFO:logs/DIP_log_model_gaussian_kernel=64_sigma=4.log:train PSNR: 25.621977057056252
INFO:logs/DIP_log_model_gaussian_kernel=64_sigma=4.log:test PSNR: 25.756152233041597
INFO:logs/DIP_log_model_gaussian_kernel=64_sigma=4.log:train PSNR: 25.944197734375418
INFO:logs/DIP_log_model_gaussian_kernel=64_sigma=4.log:test PSNR: 25.756134289916332
INFO:logs/DIP_log_model_gaussian_kernel=64_sigma=4.log:train PSNR: 25.871495636674187
INFO:logs/DIP_log_model_gaussian_kernel=64_sigma=4.log:test PSNR: 25.75612803205289
INFO:logs/DIP_log_model_gaussian_kernel=64_sigma=4.log:train PSNR: 25.831048227599776
INFO:logs/DIP_log_model_gaussian_kernel=64_sigma=4.log:test PSNR: 25.756019902986136
INFO:logs/DIP_log_model_gaussian_kernel=64_sigma=4.log:train PSNR: 25.6840407643315
INFO:logs/DIP_log_model_gaussian_kernel=64_sigma=4.log:test PSNR: 25.7557178194866
INFO:logs/DIP_log_model_gaussian_kernel=64_sigma=4.log:train PSNR: 26.025874407910926
INFO:logs/DIP_log_model_gaussian_kernel=64_sigma=4.log:test PSNR: 25.755490747552177
INFO:logs/DIP_log_model_gaussian_kernel=64_sigma=4.log:train PSNR: 25.98386751032682
INFO:logs/DIP_log_model_gaussian_kernel=64_sigma=4.log:test PSNR: 25.75560678037815
INFO:logs/DIP_log_model_gaussian_kernel=64_sigma=4.log:train PSNR: 25.864580840096654
INFO:logs/DIP_log_model_gaussian_kernel=64_sigma=4.log:test PSNR: 25.75590749608945
INFO:logs/DIP_log_model_gaussian_kernel=64_sigma=4.log:train PSNR: 25.87145909696949
INFO:logs/DIP_log_model_gaussian_kernel=64_sigma=4.log:test PSNR: 25.75585426988235
INFO:logs/DIP_log_model_gaussian_kernel=64_sigma=4.log:train PSNR: 25.82313935330712
INFO:logs/DIP_log_model_gaussian_kernel=64_sigma=4.log:test PSNR: 25.755765949927454
INFO:logs/DIP_log_model_gaussian_kernel=64_sigma=4.log:train PSNR: 26.05497470609202
INFO:logs/DIP_log_model_gaussian_kernel=64_sigma=4.log:test PSNR: 25.755859084496954
INFO:logs/DIP_log_model_gaussian_kernel=64_sigma=4.log:train PSNR: 26.22496881975517
INFO:logs/DIP_log_model_gaussian_kernel=64_sigma=4.log:test PSNR: 25.755941405826064
INFO:logs/DIP_log_model_gaussian_kernel=64_sigma=4.log:train PSNR: 26.120955470050333
INFO:logs/DIP_log_model_gaussian_kernel=64_sigma=4.log:test PSNR: 25.755588185459068
INFO:logs/DIP_log_model_gaussian_kernel=64_sigma=4.log:train PSNR: 25.872290223053714
INFO:logs/DIP_log_model_gaussian_kernel=64_sigma=4.log:test PSNR: 25.75554059002847
INFO:logs/DIP_log_model_gaussian_kernel=64_sigma=4.log:train PSNR: 25.935777010194453
INFO:logs/DIP_log_model_gaussian_kernel=64_sigma=4.log:test PSNR: 25.75542340612559
INFO:logs/DIP_log_model_gaussian_kernel=64_sigma=4.log:train PSNR: 26.211701228504378
INFO:logs/DIP_log_model_gaussian_kernel=64_sigma=4.log:test PSNR: 25.755735807234164
INFO:logs/DIP_log_model_gaussian_kernel=64_sigma=4.log:train PSNR: 25.969614914723703
INFO:logs/DIP_log_model_gaussian_kernel=64_sigma=4.log:test PSNR: 25.756079640819404
INFO:logs/DIP_log_model_gaussian_kernel=64_sigma=4.log:train PSNR: 25.93811327918446
INFO:logs/DIP_log_model_gaussian_kernel=64_sigma=4.log:test PSNR: 25.75609900314638
INFO:logs/DIP_log_model_gaussian_kernel=64_sigma=4.log:train PSNR: 25.78061602534536
INFO:logs/DIP_log_model_gaussian_kernel=64_sigma=4.log:test PSNR: 25.756003940787053
INFO:logs/DIP_log_model_gaussian_kernel=64_sigma=4.log:train PSNR: 25.839266160032242
INFO:logs/DIP_log_model_gaussian_kernel=64_sigma=4.log:test PSNR: 25.756065317440047
INFO:logs/DIP_log_model_gaussian_kernel=64_sigma=4.log:train PSNR: 25.975701122730612
INFO:logs/DIP_log_model_gaussian_kernel=64_sigma=4.log:test PSNR: 25.755759300821975
INFO:logs/DIP_log_model_gaussian_kernel=64_sigma=4.log:train PSNR: 25.874174513168402
INFO:logs/DIP_log_model_gaussian_kernel=64_sigma=4.log:test PSNR: 25.755424598668778
INFO:logs/DIP_log_model_gaussian_kernel=64_sigma=4.log:train PSNR: 26.070602556969632
INFO:logs/DIP_log_model_gaussian_kernel=64_sigma=4.log:test PSNR: 25.7556446350082
INFO:logs/DIP_log_model_gaussian_kernel=64_sigma=4.log:train PSNR: 26.02481228531394
INFO:logs/DIP_log_model_gaussian_kernel=64_sigma=4.log:test PSNR: 25.755607674299426
