INFO:logs/DIP_log_model_gaussian_kernel=4_sigma=5.log_model:first model = 
ConvLista_T(
  (apply_A): ConvTranspose2d(175, 1, kernel_size=(11, 11), stride=(8, 8), bias=False)
  (apply_B): Conv2d(1, 175, kernel_size=(11, 11), stride=(8, 8), bias=False)
  (apply_C): Sequential(
    (0): ConvTranspose2d(175, 1, kernel_size=(11, 11), stride=(8, 8))
  )
  (soft_threshold): SoftThreshold()
)

INFO:logs/DIP_log_model_gaussian_kernel=4_sigma=5.log_model:config_dict = {'uuid': 'DIP_project_gaussian_kernel=4_sigma=5', 'kernel_size': 11, 'stride': 8, 'num_filters': 175, 'lr': 0.0002, 'unfoldings': 12, 'lr_decay': 0.35, 'patch_size': 128, 'num_epochs': 250, 'lr_step': 50, 'eps': 0.001, 'threshold': 0.01, 'noise_std': 0.09803921568627451, 'gaussian_size': 4, 'gaussian_sigma': 5}

INFO:logs/DIP_log_model_gaussian_kernel=4_sigma=5.log:Training model...
INFO:logs/DIP_log_model_gaussian_kernel=4_sigma=5.log:train PSNR: 26.011357812359158
INFO:logs/DIP_log_model_gaussian_kernel=4_sigma=5.log:test PSNR: 27.155062000636477
INFO:logs/DIP_log_model_gaussian_kernel=4_sigma=5.log:train PSNR: 27.62391138712771
INFO:logs/DIP_log_model_gaussian_kernel=4_sigma=5.log:test PSNR: 28.078006881579324
INFO:logs/DIP_log_model_gaussian_kernel=4_sigma=5.log:train PSNR: 28.40764484735862
INFO:logs/DIP_log_model_gaussian_kernel=4_sigma=5.log:test PSNR: 29.274413476693336
INFO:logs/DIP_log_model_gaussian_kernel=4_sigma=5.log:train PSNR: 29.483393023431123
INFO:logs/DIP_log_model_gaussian_kernel=4_sigma=5.log:test PSNR: 30.424407046672528
INFO:logs/DIP_log_model_gaussian_kernel=4_sigma=5.log:train PSNR: 29.352130655736943
INFO:logs/DIP_log_model_gaussian_kernel=4_sigma=5.log:test PSNR: 30.171229781432164
INFO:logs/DIP_log_model_gaussian_kernel=4_sigma=5.log:train PSNR: 30.176136155297723
INFO:logs/DIP_log_model_gaussian_kernel=4_sigma=5.log:test PSNR: 31.000727660962337
INFO:logs/DIP_log_model_gaussian_kernel=4_sigma=5.log:train PSNR: 30.446573952177758
INFO:logs/DIP_log_model_gaussian_kernel=4_sigma=5.log:test PSNR: 31.43647143210595
INFO:logs/DIP_log_model_gaussian_kernel=4_sigma=5.log:train PSNR: 31.02262684342043
INFO:logs/DIP_log_model_gaussian_kernel=4_sigma=5.log:test PSNR: 31.947787292247032
INFO:logs/DIP_log_model_gaussian_kernel=4_sigma=5.log:train PSNR: 29.95317208740108
INFO:logs/DIP_log_model_gaussian_kernel=4_sigma=5.log:test PSNR: 30.231924187942226
INFO:logs/DIP_log_model_gaussian_kernel=4_sigma=5.log:train PSNR: 30.534378197528678
INFO:logs/DIP_log_model_gaussian_kernel=4_sigma=5.log:test PSNR: 31.78686023700631
INFO:logs/DIP_log_model_gaussian_kernel=4_sigma=5.log:train PSNR: 31.29950658914007
INFO:logs/DIP_log_model_gaussian_kernel=4_sigma=5.log:test PSNR: 32.218129333070095
INFO:logs/DIP_log_model_gaussian_kernel=4_sigma=5.log:train PSNR: 31.578772631825526
INFO:logs/DIP_log_model_gaussian_kernel=4_sigma=5.log:test PSNR: 32.5198220873268
INFO:logs/DIP_log_model_gaussian_kernel=4_sigma=5.log:train PSNR: 31.685416461956553
INFO:logs/DIP_log_model_gaussian_kernel=4_sigma=5.log:test PSNR: 32.74274827477537
INFO:logs/DIP_log_model_gaussian_kernel=4_sigma=5.log:train PSNR: 32.3181425617189
INFO:logs/DIP_log_model_gaussian_kernel=4_sigma=5.log:test PSNR: 32.94290681168122
INFO:logs/DIP_log_model_gaussian_kernel=4_sigma=5.log:train PSNR: 32.156376987978554
INFO:logs/DIP_log_model_gaussian_kernel=4_sigma=5.log:test PSNR: 33.24390388758413
INFO:logs/DIP_log_model_gaussian_kernel=4_sigma=5.log:train PSNR: 32.77100573764575
INFO:logs/DIP_log_model_gaussian_kernel=4_sigma=5.log:test PSNR: 33.58962906162119
INFO:logs/DIP_log_model_gaussian_kernel=4_sigma=5.log:train PSNR: 32.061276500198694
INFO:logs/DIP_log_model_gaussian_kernel=4_sigma=5.log:test PSNR: 31.85692600909675
INFO:logs/DIP_log_model_gaussian_kernel=4_sigma=5.log:train PSNR: 32.85573103403845
INFO:logs/DIP_log_model_gaussian_kernel=4_sigma=5.log:test PSNR: 33.747295370201364
INFO:logs/DIP_log_model_gaussian_kernel=4_sigma=5.log:train PSNR: 33.05313900530453
INFO:logs/DIP_log_model_gaussian_kernel=4_sigma=5.log:test PSNR: 34.23535394608985
INFO:logs/DIP_log_model_gaussian_kernel=4_sigma=5.log:train PSNR: 33.00080152248801
INFO:logs/DIP_log_model_gaussian_kernel=4_sigma=5.log:test PSNR: 33.69861959207646
INFO:logs/DIP_log_model_gaussian_kernel=4_sigma=5.log:train PSNR: 33.38448408409821
INFO:logs/DIP_log_model_gaussian_kernel=4_sigma=5.log:test PSNR: 34.72664621122923
INFO:logs/DIP_log_model_gaussian_kernel=4_sigma=5.log:train PSNR: 31.023048095075627
INFO:logs/DIP_log_model_gaussian_kernel=4_sigma=5.log:test PSNR: 32.405736961221386
INFO:logs/DIP_log_model_gaussian_kernel=4_sigma=5.log:train PSNR: 32.53689035016735
INFO:logs/DIP_log_model_gaussian_kernel=4_sigma=5.log:test PSNR: 33.77092936157122
INFO:logs/DIP_log_model_gaussian_kernel=4_sigma=5.log:train PSNR: 33.32265714058534
INFO:logs/DIP_log_model_gaussian_kernel=4_sigma=5.log:test PSNR: 34.36768592871297
INFO:logs/DIP_log_model_gaussian_kernel=4_sigma=5.log:train PSNR: 33.706356399393634
INFO:logs/DIP_log_model_gaussian_kernel=4_sigma=5.log:test PSNR: 34.73101243722697
INFO:logs/DIP_log_model_gaussian_kernel=4_sigma=5.log:train PSNR: 33.95504825092445
INFO:logs/DIP_log_model_gaussian_kernel=4_sigma=5.log:test PSNR: 34.833474294779535
INFO:logs/DIP_log_model_gaussian_kernel=4_sigma=5.log:train PSNR: 34.05291489570664
INFO:logs/DIP_log_model_gaussian_kernel=4_sigma=5.log:test PSNR: 34.99024361456173
INFO:logs/DIP_log_model_gaussian_kernel=4_sigma=5.log:train PSNR: 34.41157301259973
INFO:logs/DIP_log_model_gaussian_kernel=4_sigma=5.log:test PSNR: 35.119713826059055
INFO:logs/DIP_log_model_gaussian_kernel=4_sigma=5.log:train PSNR: 34.21122276176091
INFO:logs/DIP_log_model_gaussian_kernel=4_sigma=5.log:test PSNR: 35.23824158745168
INFO:logs/DIP_log_model_gaussian_kernel=4_sigma=5.log:train PSNR: 34.34338831976292
INFO:logs/DIP_log_model_gaussian_kernel=4_sigma=5.log:test PSNR: 35.42530169742423
INFO:logs/DIP_log_model_gaussian_kernel=4_sigma=5.log:train PSNR: 34.922486543134305
INFO:logs/DIP_log_model_gaussian_kernel=4_sigma=5.log:test PSNR: 35.52770082938061
INFO:logs/DIP_log_model_gaussian_kernel=4_sigma=5.log:train PSNR: 34.75336333215392
INFO:logs/DIP_log_model_gaussian_kernel=4_sigma=5.log:test PSNR: 35.603775445052584
INFO:logs/DIP_log_model_gaussian_kernel=4_sigma=5.log:train PSNR: 34.75516956192998
INFO:logs/DIP_log_model_gaussian_kernel=4_sigma=5.log:test PSNR: 35.85800913308617
INFO:logs/DIP_log_model_gaussian_kernel=4_sigma=5.log:train PSNR: 35.20096722255642
INFO:logs/DIP_log_model_gaussian_kernel=4_sigma=5.log:test PSNR: 35.841819700266356
INFO:logs/DIP_log_model_gaussian_kernel=4_sigma=5.log:train PSNR: 34.88806250782547
INFO:logs/DIP_log_model_gaussian_kernel=4_sigma=5.log:test PSNR: 36.134046894714245
INFO:logs/DIP_log_model_gaussian_kernel=4_sigma=5.log:train PSNR: 35.360286105404455
INFO:logs/DIP_log_model_gaussian_kernel=4_sigma=5.log:test PSNR: 36.2681236870963
INFO:logs/DIP_log_model_gaussian_kernel=4_sigma=5.log:train PSNR: 35.3012384390689
INFO:logs/DIP_log_model_gaussian_kernel=4_sigma=5.log:test PSNR: 36.440206589367335
INFO:logs/DIP_log_model_gaussian_kernel=4_sigma=5.log:train PSNR: 35.43527295248007
INFO:logs/DIP_log_model_gaussian_kernel=4_sigma=5.log:test PSNR: 36.35988100353077
INFO:logs/DIP_log_model_gaussian_kernel=4_sigma=5.log:train PSNR: 35.63198717372534
INFO:logs/DIP_log_model_gaussian_kernel=4_sigma=5.log:test PSNR: 36.443358836970575
INFO:logs/DIP_log_model_gaussian_kernel=4_sigma=5.log:train PSNR: 35.62295426447156
INFO:logs/DIP_log_model_gaussian_kernel=4_sigma=5.log:test PSNR: 36.69942050129289
INFO:logs/DIP_log_model_gaussian_kernel=4_sigma=5.log:train PSNR: 35.2704826797377
INFO:logs/DIP_log_model_gaussian_kernel=4_sigma=5.log:test PSNR: 36.83523367277947
INFO:logs/DIP_log_model_gaussian_kernel=4_sigma=5.log:train PSNR: 34.739714226742905
INFO:logs/DIP_log_model_gaussian_kernel=4_sigma=5.log:test PSNR: 36.37079150302212
INFO:logs/DIP_log_model_gaussian_kernel=4_sigma=5.log:train PSNR: 35.986450894766165
INFO:logs/DIP_log_model_gaussian_kernel=4_sigma=5.log:test PSNR: 36.81629391363759
INFO:logs/DIP_log_model_gaussian_kernel=4_sigma=5.log:train PSNR: 35.87437407265604
INFO:logs/DIP_log_model_gaussian_kernel=4_sigma=5.log:test PSNR: 36.98401304730802
INFO:logs/DIP_log_model_gaussian_kernel=4_sigma=5.log:train PSNR: 36.00578771813208
INFO:logs/DIP_log_model_gaussian_kernel=4_sigma=5.log:test PSNR: 37.036963013562904
INFO:logs/DIP_log_model_gaussian_kernel=4_sigma=5.log:train PSNR: 36.0342127215253
INFO:logs/DIP_log_model_gaussian_kernel=4_sigma=5.log:test PSNR: 37.06348432168063
INFO:logs/DIP_log_model_gaussian_kernel=4_sigma=5.log:train PSNR: 36.33214357547289
INFO:logs/DIP_log_model_gaussian_kernel=4_sigma=5.log:test PSNR: 35.983781932738516
INFO:logs/DIP_log_model_gaussian_kernel=4_sigma=5.log:train PSNR: 36.19202398969966
INFO:logs/DIP_log_model_gaussian_kernel=4_sigma=5.log:test PSNR: 37.003436252442306
INFO:logs/DIP_log_model_gaussian_kernel=4_sigma=5.log:train PSNR: 36.232476327976634
INFO:logs/DIP_log_model_gaussian_kernel=4_sigma=5.log:test PSNR: 37.122881442709925
INFO:logs/DIP_log_model_gaussian_kernel=4_sigma=5.log:train PSNR: 36.035447700270744
INFO:logs/DIP_log_model_gaussian_kernel=4_sigma=5.log:test PSNR: 37.30668596185202
INFO:logs/DIP_log_model_gaussian_kernel=4_sigma=5.log:train PSNR: 36.30087526700957
INFO:logs/DIP_log_model_gaussian_kernel=4_sigma=5.log:test PSNR: 37.3437161459468
INFO:logs/DIP_log_model_gaussian_kernel=4_sigma=5.log:train PSNR: 36.59711082248523
INFO:logs/DIP_log_model_gaussian_kernel=4_sigma=5.log:test PSNR: 37.42349624941071
INFO:logs/DIP_log_model_gaussian_kernel=4_sigma=5.log:train PSNR: 36.461130282529545
INFO:logs/DIP_log_model_gaussian_kernel=4_sigma=5.log:test PSNR: 37.46585241585763
INFO:logs/DIP_log_model_gaussian_kernel=4_sigma=5.log:train PSNR: 36.460916621081125
INFO:logs/DIP_log_model_gaussian_kernel=4_sigma=5.log:test PSNR: 37.52326264659018
INFO:logs/DIP_log_model_gaussian_kernel=4_sigma=5.log:train PSNR: 36.518621176754905
INFO:logs/DIP_log_model_gaussian_kernel=4_sigma=5.log:test PSNR: 37.519633023661136
INFO:logs/DIP_log_model_gaussian_kernel=4_sigma=5.log:train PSNR: 36.65370101867224
INFO:logs/DIP_log_model_gaussian_kernel=4_sigma=5.log:test PSNR: 37.553835059921994
INFO:logs/DIP_log_model_gaussian_kernel=4_sigma=5.log:train PSNR: 36.528532172870705
INFO:logs/DIP_log_model_gaussian_kernel=4_sigma=5.log:test PSNR: 37.638829178380746
INFO:logs/DIP_log_model_gaussian_kernel=4_sigma=5.log:train PSNR: 36.86059070241735
INFO:logs/DIP_log_model_gaussian_kernel=4_sigma=5.log:test PSNR: 37.46825074498513
INFO:logs/DIP_log_model_gaussian_kernel=4_sigma=5.log:train PSNR: 36.693045994159455
INFO:logs/DIP_log_model_gaussian_kernel=4_sigma=5.log:test PSNR: 37.54823247281649
INFO:logs/DIP_log_model_gaussian_kernel=4_sigma=5.log:train PSNR: 36.57613048559246
INFO:logs/DIP_log_model_gaussian_kernel=4_sigma=5.log:test PSNR: 37.72131978796491
INFO:logs/DIP_log_model_gaussian_kernel=4_sigma=5.log:train PSNR: 36.58832437611255
INFO:logs/DIP_log_model_gaussian_kernel=4_sigma=5.log:test PSNR: 37.14031162512751
INFO:logs/DIP_log_model_gaussian_kernel=4_sigma=5.log:train PSNR: 36.973422768510865
INFO:logs/DIP_log_model_gaussian_kernel=4_sigma=5.log:test PSNR: 37.80241879724193
INFO:logs/DIP_log_model_gaussian_kernel=4_sigma=5.log:train PSNR: 36.80246534448733
INFO:logs/DIP_log_model_gaussian_kernel=4_sigma=5.log:test PSNR: 37.815748132551185
INFO:logs/DIP_log_model_gaussian_kernel=4_sigma=5.log:train PSNR: 36.93760267279639
INFO:logs/DIP_log_model_gaussian_kernel=4_sigma=5.log:test PSNR: 37.818531956409736
INFO:logs/DIP_log_model_gaussian_kernel=4_sigma=5.log:train PSNR: 36.87940119979848
INFO:logs/DIP_log_model_gaussian_kernel=4_sigma=5.log:test PSNR: 37.88452339113835
INFO:logs/DIP_log_model_gaussian_kernel=4_sigma=5.log:train PSNR: 37.168161594784465
INFO:logs/DIP_log_model_gaussian_kernel=4_sigma=5.log:test PSNR: 37.873445692472075
INFO:logs/DIP_log_model_gaussian_kernel=4_sigma=5.log:train PSNR: 36.74136631031482
INFO:logs/DIP_log_model_gaussian_kernel=4_sigma=5.log:test PSNR: 37.958232227523666
INFO:logs/DIP_log_model_gaussian_kernel=4_sigma=5.log:train PSNR: 36.90260365514582
INFO:logs/DIP_log_model_gaussian_kernel=4_sigma=5.log:test PSNR: 37.86877960925117
INFO:logs/DIP_log_model_gaussian_kernel=4_sigma=5.log:train PSNR: 37.025860774914634
INFO:logs/DIP_log_model_gaussian_kernel=4_sigma=5.log:test PSNR: 38.002839650118105
INFO:logs/DIP_log_model_gaussian_kernel=4_sigma=5.log:train PSNR: 36.703043883223806
INFO:logs/DIP_log_model_gaussian_kernel=4_sigma=5.log:test PSNR: 38.01712365202202
INFO:logs/DIP_log_model_gaussian_kernel=4_sigma=5.log:train PSNR: 37.23183944240015
INFO:logs/DIP_log_model_gaussian_kernel=4_sigma=5.log:test PSNR: 38.046682232664295
INFO:logs/DIP_log_model_gaussian_kernel=4_sigma=5.log:train PSNR: 36.898365712597965
INFO:logs/DIP_log_model_gaussian_kernel=4_sigma=5.log:test PSNR: 38.02883648153956
INFO:logs/DIP_log_model_gaussian_kernel=4_sigma=5.log:train PSNR: 36.83045961673059
INFO:logs/DIP_log_model_gaussian_kernel=4_sigma=5.log:test PSNR: 38.08793688637599
INFO:logs/DIP_log_model_gaussian_kernel=4_sigma=5.log:train PSNR: 37.11823540011615
INFO:logs/DIP_log_model_gaussian_kernel=4_sigma=5.log:test PSNR: 37.64174209104134
INFO:logs/DIP_log_model_gaussian_kernel=4_sigma=5.log:train PSNR: 37.09326838304728
INFO:logs/DIP_log_model_gaussian_kernel=4_sigma=5.log:test PSNR: 38.082134596047176
INFO:logs/DIP_log_model_gaussian_kernel=4_sigma=5.log:train PSNR: 37.25027514423392
INFO:logs/DIP_log_model_gaussian_kernel=4_sigma=5.log:test PSNR: 38.09337394050649
INFO:logs/DIP_log_model_gaussian_kernel=4_sigma=5.log:train PSNR: 37.21493471322165
INFO:logs/DIP_log_model_gaussian_kernel=4_sigma=5.log:test PSNR: 38.14259906925924
INFO:logs/DIP_log_model_gaussian_kernel=4_sigma=5.log:train PSNR: 37.06505316404987
INFO:logs/DIP_log_model_gaussian_kernel=4_sigma=5.log:test PSNR: 38.172740100951174
INFO:logs/DIP_log_model_gaussian_kernel=4_sigma=5.log:train PSNR: 37.29067490707873
INFO:logs/DIP_log_model_gaussian_kernel=4_sigma=5.log:test PSNR: 38.146603880820855
INFO:logs/DIP_log_model_gaussian_kernel=4_sigma=5.log:train PSNR: 37.23450759137427
INFO:logs/DIP_log_model_gaussian_kernel=4_sigma=5.log:test PSNR: 38.16825348601959
INFO:logs/DIP_log_model_gaussian_kernel=4_sigma=5.log:train PSNR: 37.363482417090886
INFO:logs/DIP_log_model_gaussian_kernel=4_sigma=5.log:test PSNR: 38.20697912855489
INFO:logs/DIP_log_model_gaussian_kernel=4_sigma=5.log:train PSNR: 37.03017798751627
INFO:logs/DIP_log_model_gaussian_kernel=4_sigma=5.log:test PSNR: 38.19005039221901
INFO:logs/DIP_log_model_gaussian_kernel=4_sigma=5.log:train PSNR: 37.33068216012072
INFO:logs/DIP_log_model_gaussian_kernel=4_sigma=5.log:test PSNR: 38.203044339890795
INFO:logs/DIP_log_model_gaussian_kernel=4_sigma=5.log:train PSNR: 37.37749191624564
INFO:logs/DIP_log_model_gaussian_kernel=4_sigma=5.log:test PSNR: 38.197227844736894
INFO:logs/DIP_log_model_gaussian_kernel=4_sigma=5.log:train PSNR: 37.362042765246414
INFO:logs/DIP_log_model_gaussian_kernel=4_sigma=5.log:test PSNR: 38.19896109373903
INFO:logs/DIP_log_model_gaussian_kernel=4_sigma=5.log:train PSNR: 37.44723756809314
INFO:logs/DIP_log_model_gaussian_kernel=4_sigma=5.log:test PSNR: 38.23019165585183
INFO:logs/DIP_log_model_gaussian_kernel=4_sigma=5.log:train PSNR: 37.15884549479181
INFO:logs/DIP_log_model_gaussian_kernel=4_sigma=5.log:test PSNR: 38.24721458885254
INFO:logs/DIP_log_model_gaussian_kernel=4_sigma=5.log:train PSNR: 37.449190268698004
INFO:logs/DIP_log_model_gaussian_kernel=4_sigma=5.log:test PSNR: 38.1310336842523
INFO:logs/DIP_log_model_gaussian_kernel=4_sigma=5.log:train PSNR: 37.411092387208484
INFO:logs/DIP_log_model_gaussian_kernel=4_sigma=5.log:test PSNR: 38.26712987443785
INFO:logs/DIP_log_model_gaussian_kernel=4_sigma=5.log:train PSNR: 37.15612821045061
INFO:logs/DIP_log_model_gaussian_kernel=4_sigma=5.log:test PSNR: 38.24482734317602
INFO:logs/DIP_log_model_gaussian_kernel=4_sigma=5.log:train PSNR: 36.990589192199984
INFO:logs/DIP_log_model_gaussian_kernel=4_sigma=5.log:test PSNR: 38.229313199992525
INFO:logs/DIP_log_model_gaussian_kernel=4_sigma=5.log:train PSNR: 37.55615812454602
INFO:logs/DIP_log_model_gaussian_kernel=4_sigma=5.log:test PSNR: 38.28703913873413
INFO:logs/DIP_log_model_gaussian_kernel=4_sigma=5.log:train PSNR: 37.63948681507148
INFO:logs/DIP_log_model_gaussian_kernel=4_sigma=5.log:test PSNR: 38.261984615241865
INFO:logs/DIP_log_model_gaussian_kernel=4_sigma=5.log:train PSNR: 37.21556779754247
INFO:logs/DIP_log_model_gaussian_kernel=4_sigma=5.log:test PSNR: 38.326759265215664
INFO:logs/DIP_log_model_gaussian_kernel=4_sigma=5.log:train PSNR: 37.30274523566944
INFO:logs/DIP_log_model_gaussian_kernel=4_sigma=5.log:test PSNR: 38.31606206281123
INFO:logs/DIP_log_model_gaussian_kernel=4_sigma=5.log:train PSNR: 37.24747077948814
INFO:logs/DIP_log_model_gaussian_kernel=4_sigma=5.log:test PSNR: 38.34029147094092
INFO:logs/DIP_log_model_gaussian_kernel=4_sigma=5.log:train PSNR: 37.32334145162759
INFO:logs/DIP_log_model_gaussian_kernel=4_sigma=5.log:test PSNR: 38.301692191303864
INFO:logs/DIP_log_model_gaussian_kernel=4_sigma=5.log:train PSNR: 37.48830351960007
INFO:logs/DIP_log_model_gaussian_kernel=4_sigma=5.log:test PSNR: 38.297768687339335
INFO:logs/DIP_log_model_gaussian_kernel=4_sigma=5.log:train PSNR: 37.36019774562408
INFO:logs/DIP_log_model_gaussian_kernel=4_sigma=5.log:test PSNR: 38.32135313344145
INFO:logs/DIP_log_model_gaussian_kernel=4_sigma=5.log:train PSNR: 37.522842236223546
INFO:logs/DIP_log_model_gaussian_kernel=4_sigma=5.log:test PSNR: 38.35751183284945
INFO:logs/DIP_log_model_gaussian_kernel=4_sigma=5.log:train PSNR: 37.68746373755104
INFO:logs/DIP_log_model_gaussian_kernel=4_sigma=5.log:test PSNR: 38.386354104965214
INFO:logs/DIP_log_model_gaussian_kernel=4_sigma=5.log:train PSNR: 37.61997792331098
INFO:logs/DIP_log_model_gaussian_kernel=4_sigma=5.log:test PSNR: 38.368080398604135
INFO:logs/DIP_log_model_gaussian_kernel=4_sigma=5.log:train PSNR: 37.58336225452881
INFO:logs/DIP_log_model_gaussian_kernel=4_sigma=5.log:test PSNR: 38.38099958134612
INFO:logs/DIP_log_model_gaussian_kernel=4_sigma=5.log:train PSNR: 37.4793418956491
INFO:logs/DIP_log_model_gaussian_kernel=4_sigma=5.log:test PSNR: 38.37202103916792
INFO:logs/DIP_log_model_gaussian_kernel=4_sigma=5.log:train PSNR: 37.56990155573385
INFO:logs/DIP_log_model_gaussian_kernel=4_sigma=5.log:test PSNR: 38.396065395765824
INFO:logs/DIP_log_model_gaussian_kernel=4_sigma=5.log:train PSNR: 37.75447357983971
INFO:logs/DIP_log_model_gaussian_kernel=4_sigma=5.log:test PSNR: 38.41108647269938
INFO:logs/DIP_log_model_gaussian_kernel=4_sigma=5.log:train PSNR: 37.6096124095208
INFO:logs/DIP_log_model_gaussian_kernel=4_sigma=5.log:test PSNR: 38.403799777926984
INFO:logs/DIP_log_model_gaussian_kernel=4_sigma=5.log:train PSNR: 37.54531481522421
INFO:logs/DIP_log_model_gaussian_kernel=4_sigma=5.log:test PSNR: 38.4100199443534
INFO:logs/DIP_log_model_gaussian_kernel=4_sigma=5.log:train PSNR: 37.577000256681764
INFO:logs/DIP_log_model_gaussian_kernel=4_sigma=5.log:test PSNR: 38.40520242136427
INFO:logs/DIP_log_model_gaussian_kernel=4_sigma=5.log:train PSNR: 37.55113688225167
INFO:logs/DIP_log_model_gaussian_kernel=4_sigma=5.log:test PSNR: 38.38303883621969
INFO:logs/DIP_log_model_gaussian_kernel=4_sigma=5.log:train PSNR: 37.70095967476744
INFO:logs/DIP_log_model_gaussian_kernel=4_sigma=5.log:test PSNR: 38.42415929671112
INFO:logs/DIP_log_model_gaussian_kernel=4_sigma=5.log:train PSNR: 37.84523242371334
INFO:logs/DIP_log_model_gaussian_kernel=4_sigma=5.log:test PSNR: 38.415101458347706
INFO:logs/DIP_log_model_gaussian_kernel=4_sigma=5.log:train PSNR: 37.53111584857028
INFO:logs/DIP_log_model_gaussian_kernel=4_sigma=5.log:test PSNR: 38.41639151309547
INFO:logs/DIP_log_model_gaussian_kernel=4_sigma=5.log:train PSNR: 37.51780490392923
INFO:logs/DIP_log_model_gaussian_kernel=4_sigma=5.log:test PSNR: 38.40705348923175
INFO:logs/DIP_log_model_gaussian_kernel=4_sigma=5.log:train PSNR: 37.69732509152858
INFO:logs/DIP_log_model_gaussian_kernel=4_sigma=5.log:test PSNR: 38.42023083337046
INFO:logs/DIP_log_model_gaussian_kernel=4_sigma=5.log:train PSNR: 37.43436571689808
INFO:logs/DIP_log_model_gaussian_kernel=4_sigma=5.log:test PSNR: 38.429597412744684
INFO:logs/DIP_log_model_gaussian_kernel=4_sigma=5.log:train PSNR: 37.81267610144734
INFO:logs/DIP_log_model_gaussian_kernel=4_sigma=5.log:test PSNR: 38.41716122704111
INFO:logs/DIP_log_model_gaussian_kernel=4_sigma=5.log:train PSNR: 37.510786203638915
INFO:logs/DIP_log_model_gaussian_kernel=4_sigma=5.log:test PSNR: 38.43077726418034
INFO:logs/DIP_log_model_gaussian_kernel=4_sigma=5.log:train PSNR: 37.58222274286424
INFO:logs/DIP_log_model_gaussian_kernel=4_sigma=5.log:test PSNR: 38.444418283173874
INFO:logs/DIP_log_model_gaussian_kernel=4_sigma=5.log:train PSNR: 37.56731958358238
INFO:logs/DIP_log_model_gaussian_kernel=4_sigma=5.log:test PSNR: 38.439533763612
INFO:logs/DIP_log_model_gaussian_kernel=4_sigma=5.log:train PSNR: 37.41542595420041
INFO:logs/DIP_log_model_gaussian_kernel=4_sigma=5.log:test PSNR: 38.452389771116536
INFO:logs/DIP_log_model_gaussian_kernel=4_sigma=5.log:train PSNR: 37.81742630545073
INFO:logs/DIP_log_model_gaussian_kernel=4_sigma=5.log:test PSNR: 38.44423275952307
INFO:logs/DIP_log_model_gaussian_kernel=4_sigma=5.log:train PSNR: 37.70153413656639
INFO:logs/DIP_log_model_gaussian_kernel=4_sigma=5.log:test PSNR: 38.39006963459155
INFO:logs/DIP_log_model_gaussian_kernel=4_sigma=5.log:train PSNR: 37.50073590144841
INFO:logs/DIP_log_model_gaussian_kernel=4_sigma=5.log:test PSNR: 38.43311689904766
INFO:logs/DIP_log_model_gaussian_kernel=4_sigma=5.log:train PSNR: 37.71074839723937
INFO:logs/DIP_log_model_gaussian_kernel=4_sigma=5.log:test PSNR: 38.437498986338376
INFO:logs/DIP_log_model_gaussian_kernel=4_sigma=5.log:train PSNR: 37.51021176634613
INFO:logs/DIP_log_model_gaussian_kernel=4_sigma=5.log:test PSNR: 38.45868046336118
INFO:logs/DIP_log_model_gaussian_kernel=4_sigma=5.log:train PSNR: 37.60304547042095
INFO:logs/DIP_log_model_gaussian_kernel=4_sigma=5.log:test PSNR: 38.459964836173235
INFO:logs/DIP_log_model_gaussian_kernel=4_sigma=5.log:train PSNR: 37.42407930922324
INFO:logs/DIP_log_model_gaussian_kernel=4_sigma=5.log:test PSNR: 38.46150755283505
INFO:logs/DIP_log_model_gaussian_kernel=4_sigma=5.log:train PSNR: 37.780060386143745
INFO:logs/DIP_log_model_gaussian_kernel=4_sigma=5.log:test PSNR: 38.46684748566495
INFO:logs/DIP_log_model_gaussian_kernel=4_sigma=5.log:train PSNR: 37.40796634261773
INFO:logs/DIP_log_model_gaussian_kernel=4_sigma=5.log:test PSNR: 38.467605945540704
INFO:logs/DIP_log_model_gaussian_kernel=4_sigma=5.log:train PSNR: 37.66459746062184
INFO:logs/DIP_log_model_gaussian_kernel=4_sigma=5.log:test PSNR: 38.47176362244789
INFO:logs/DIP_log_model_gaussian_kernel=4_sigma=5.log:train PSNR: 37.60632507418011
INFO:logs/DIP_log_model_gaussian_kernel=4_sigma=5.log:test PSNR: 38.472384645896994
INFO:logs/DIP_log_model_gaussian_kernel=4_sigma=5.log:train PSNR: 37.67244877895137
INFO:logs/DIP_log_model_gaussian_kernel=4_sigma=5.log:test PSNR: 38.47136206637701
INFO:logs/DIP_log_model_gaussian_kernel=4_sigma=5.log:train PSNR: 37.50217174239633
INFO:logs/DIP_log_model_gaussian_kernel=4_sigma=5.log:test PSNR: 38.46230259074034
INFO:logs/DIP_log_model_gaussian_kernel=4_sigma=5.log:train PSNR: 37.752020608611765
INFO:logs/DIP_log_model_gaussian_kernel=4_sigma=5.log:test PSNR: 38.47524440491196
INFO:logs/DIP_log_model_gaussian_kernel=4_sigma=5.log:train PSNR: 37.6492699531964
INFO:logs/DIP_log_model_gaussian_kernel=4_sigma=5.log:test PSNR: 38.477112970987434
INFO:logs/DIP_log_model_gaussian_kernel=4_sigma=5.log:train PSNR: 37.663167707087574
INFO:logs/DIP_log_model_gaussian_kernel=4_sigma=5.log:test PSNR: 38.477482868999154
INFO:logs/DIP_log_model_gaussian_kernel=4_sigma=5.log:train PSNR: 37.35998108581518
INFO:logs/DIP_log_model_gaussian_kernel=4_sigma=5.log:test PSNR: 38.48443837496123
INFO:logs/DIP_log_model_gaussian_kernel=4_sigma=5.log:train PSNR: 37.46309742465969
INFO:logs/DIP_log_model_gaussian_kernel=4_sigma=5.log:test PSNR: 38.47689819036568
INFO:logs/DIP_log_model_gaussian_kernel=4_sigma=5.log:train PSNR: 37.87078518876413
INFO:logs/DIP_log_model_gaussian_kernel=4_sigma=5.log:test PSNR: 38.481610538516556
INFO:logs/DIP_log_model_gaussian_kernel=4_sigma=5.log:train PSNR: 37.781731835898384
INFO:logs/DIP_log_model_gaussian_kernel=4_sigma=5.log:test PSNR: 38.461405529482796
INFO:logs/DIP_log_model_gaussian_kernel=4_sigma=5.log:train PSNR: 37.45840304037651
INFO:logs/DIP_log_model_gaussian_kernel=4_sigma=5.log:test PSNR: 38.47396493789271
INFO:logs/DIP_log_model_gaussian_kernel=4_sigma=5.log:train PSNR: 37.68470136902928
INFO:logs/DIP_log_model_gaussian_kernel=4_sigma=5.log:test PSNR: 38.48865880409047
INFO:logs/DIP_log_model_gaussian_kernel=4_sigma=5.log:train PSNR: 37.3128624669723
INFO:logs/DIP_log_model_gaussian_kernel=4_sigma=5.log:test PSNR: 38.48188433312002
INFO:logs/DIP_log_model_gaussian_kernel=4_sigma=5.log:train PSNR: 37.723049067516875
INFO:logs/DIP_log_model_gaussian_kernel=4_sigma=5.log:test PSNR: 38.48765025652518
INFO:logs/DIP_log_model_gaussian_kernel=4_sigma=5.log:train PSNR: 37.294378959769034
INFO:logs/DIP_log_model_gaussian_kernel=4_sigma=5.log:test PSNR: 38.48040729703463
INFO:logs/DIP_log_model_gaussian_kernel=4_sigma=5.log:train PSNR: 37.77773235395515
INFO:logs/DIP_log_model_gaussian_kernel=4_sigma=5.log:test PSNR: 38.493142893318264
INFO:logs/DIP_log_model_gaussian_kernel=4_sigma=5.log:train PSNR: 37.80041504668803
INFO:logs/DIP_log_model_gaussian_kernel=4_sigma=5.log:test PSNR: 38.479573133126394
INFO:logs/DIP_log_model_gaussian_kernel=4_sigma=5.log:train PSNR: 37.606621061088234
INFO:logs/DIP_log_model_gaussian_kernel=4_sigma=5.log:test PSNR: 38.487057561130705
INFO:logs/DIP_log_model_gaussian_kernel=4_sigma=5.log:train PSNR: 37.60231883079835
INFO:logs/DIP_log_model_gaussian_kernel=4_sigma=5.log:test PSNR: 38.485939761593485
INFO:logs/DIP_log_model_gaussian_kernel=4_sigma=5.log:train PSNR: 37.54856208302945
INFO:logs/DIP_log_model_gaussian_kernel=4_sigma=5.log:test PSNR: 38.48984207168806
INFO:logs/DIP_log_model_gaussian_kernel=4_sigma=5.log:train PSNR: 37.51652478146268
INFO:logs/DIP_log_model_gaussian_kernel=4_sigma=5.log:test PSNR: 38.493914426323244
INFO:logs/DIP_log_model_gaussian_kernel=4_sigma=5.log:train PSNR: 37.448689843483585
INFO:logs/DIP_log_model_gaussian_kernel=4_sigma=5.log:test PSNR: 38.492541905116745
INFO:logs/DIP_log_model_gaussian_kernel=4_sigma=5.log:train PSNR: 37.33561117691351
INFO:logs/DIP_log_model_gaussian_kernel=4_sigma=5.log:test PSNR: 38.49230132675133
INFO:logs/DIP_log_model_gaussian_kernel=4_sigma=5.log:train PSNR: 37.61933478165643
INFO:logs/DIP_log_model_gaussian_kernel=4_sigma=5.log:test PSNR: 38.49586971556283
INFO:logs/DIP_log_model_gaussian_kernel=4_sigma=5.log:train PSNR: 37.23879731430576
INFO:logs/DIP_log_model_gaussian_kernel=4_sigma=5.log:test PSNR: 38.4960964241449
INFO:logs/DIP_log_model_gaussian_kernel=4_sigma=5.log:train PSNR: 37.692397420297056
INFO:logs/DIP_log_model_gaussian_kernel=4_sigma=5.log:test PSNR: 38.49623741055412
INFO:logs/DIP_log_model_gaussian_kernel=4_sigma=5.log:train PSNR: 37.97603340954611
INFO:logs/DIP_log_model_gaussian_kernel=4_sigma=5.log:test PSNR: 38.493981288383964
INFO:logs/DIP_log_model_gaussian_kernel=4_sigma=5.log:train PSNR: 37.56931325687176
INFO:logs/DIP_log_model_gaussian_kernel=4_sigma=5.log:test PSNR: 38.49305387127868
INFO:logs/DIP_log_model_gaussian_kernel=4_sigma=5.log:train PSNR: 37.63803716675809
INFO:logs/DIP_log_model_gaussian_kernel=4_sigma=5.log:test PSNR: 38.49809369973998
INFO:logs/DIP_log_model_gaussian_kernel=4_sigma=5.log:train PSNR: 37.65163960783984
INFO:logs/DIP_log_model_gaussian_kernel=4_sigma=5.log:test PSNR: 38.498435468633744
INFO:logs/DIP_log_model_gaussian_kernel=4_sigma=5.log:train PSNR: 37.95705622155375
INFO:logs/DIP_log_model_gaussian_kernel=4_sigma=5.log:test PSNR: 38.50110009020488
INFO:logs/DIP_log_model_gaussian_kernel=4_sigma=5.log:train PSNR: 37.785790319783715
INFO:logs/DIP_log_model_gaussian_kernel=4_sigma=5.log:test PSNR: 38.480905880027024
INFO:logs/DIP_log_model_gaussian_kernel=4_sigma=5.log:train PSNR: 37.97293777411021
INFO:logs/DIP_log_model_gaussian_kernel=4_sigma=5.log:test PSNR: 38.49870543564234
INFO:logs/DIP_log_model_gaussian_kernel=4_sigma=5.log:train PSNR: 37.43531412102693
INFO:logs/DIP_log_model_gaussian_kernel=4_sigma=5.log:test PSNR: 38.49743141149743
INFO:logs/DIP_log_model_gaussian_kernel=4_sigma=5.log:train PSNR: 37.69842641153238
INFO:logs/DIP_log_model_gaussian_kernel=4_sigma=5.log:test PSNR: 38.49791122763418
INFO:logs/DIP_log_model_gaussian_kernel=4_sigma=5.log:train PSNR: 37.78025743574167
INFO:logs/DIP_log_model_gaussian_kernel=4_sigma=5.log:test PSNR: 38.499591165373495
INFO:logs/DIP_log_model_gaussian_kernel=4_sigma=5.log:train PSNR: 37.72116460898797
INFO:logs/DIP_log_model_gaussian_kernel=4_sigma=5.log:test PSNR: 38.50081388296712
INFO:logs/DIP_log_model_gaussian_kernel=4_sigma=5.log:train PSNR: 37.683259153728926
INFO:logs/DIP_log_model_gaussian_kernel=4_sigma=5.log:test PSNR: 38.50117517794984
INFO:logs/DIP_log_model_gaussian_kernel=4_sigma=5.log:train PSNR: 37.77966162641746
INFO:logs/DIP_log_model_gaussian_kernel=4_sigma=5.log:test PSNR: 38.495298015885645
INFO:logs/DIP_log_model_gaussian_kernel=4_sigma=5.log:train PSNR: 37.685231455350056
INFO:logs/DIP_log_model_gaussian_kernel=4_sigma=5.log:test PSNR: 38.5044751635581
INFO:logs/DIP_log_model_gaussian_kernel=4_sigma=5.log:train PSNR: 37.49533296919107
INFO:logs/DIP_log_model_gaussian_kernel=4_sigma=5.log:test PSNR: 38.50620083597539
INFO:logs/DIP_log_model_gaussian_kernel=4_sigma=5.log:train PSNR: 37.55480561805644
INFO:logs/DIP_log_model_gaussian_kernel=4_sigma=5.log:test PSNR: 38.50637994086982
INFO:logs/DIP_log_model_gaussian_kernel=4_sigma=5.log:train PSNR: 37.696872867084984
INFO:logs/DIP_log_model_gaussian_kernel=4_sigma=5.log:test PSNR: 38.506858870379745
INFO:logs/DIP_log_model_gaussian_kernel=4_sigma=5.log:train PSNR: 37.9110169477629
INFO:logs/DIP_log_model_gaussian_kernel=4_sigma=5.log:test PSNR: 38.50555824867572
INFO:logs/DIP_log_model_gaussian_kernel=4_sigma=5.log:train PSNR: 37.62171809632326
INFO:logs/DIP_log_model_gaussian_kernel=4_sigma=5.log:test PSNR: 38.50737535876359
INFO:logs/DIP_log_model_gaussian_kernel=4_sigma=5.log:train PSNR: 37.57940975872089
INFO:logs/DIP_log_model_gaussian_kernel=4_sigma=5.log:test PSNR: 38.50678474969751
INFO:logs/DIP_log_model_gaussian_kernel=4_sigma=5.log:train PSNR: 37.9649983981978
INFO:logs/DIP_log_model_gaussian_kernel=4_sigma=5.log:test PSNR: 38.50518934352865
INFO:logs/DIP_log_model_gaussian_kernel=4_sigma=5.log:train PSNR: 37.60296706196199
INFO:logs/DIP_log_model_gaussian_kernel=4_sigma=5.log:test PSNR: 38.507139125762365
INFO:logs/DIP_log_model_gaussian_kernel=4_sigma=5.log:train PSNR: 37.82475342039484
INFO:logs/DIP_log_model_gaussian_kernel=4_sigma=5.log:test PSNR: 38.50772526491944
INFO:logs/DIP_log_model_gaussian_kernel=4_sigma=5.log:train PSNR: 37.677758811561944
INFO:logs/DIP_log_model_gaussian_kernel=4_sigma=5.log:test PSNR: 38.50630247711405
INFO:logs/DIP_log_model_gaussian_kernel=4_sigma=5.log:train PSNR: 37.48674473694432
INFO:logs/DIP_log_model_gaussian_kernel=4_sigma=5.log:test PSNR: 38.50677581911421
INFO:logs/DIP_log_model_gaussian_kernel=4_sigma=5.log:train PSNR: 37.72691004664729
INFO:logs/DIP_log_model_gaussian_kernel=4_sigma=5.log:test PSNR: 38.5088017625635
INFO:logs/DIP_log_model_gaussian_kernel=4_sigma=5.log:train PSNR: 37.74620084143976
INFO:logs/DIP_log_model_gaussian_kernel=4_sigma=5.log:test PSNR: 38.507677763212385
INFO:logs/DIP_log_model_gaussian_kernel=4_sigma=5.log:train PSNR: 37.57903826987313
INFO:logs/DIP_log_model_gaussian_kernel=4_sigma=5.log:test PSNR: 38.50677592640951
INFO:logs/DIP_log_model_gaussian_kernel=4_sigma=5.log:train PSNR: 37.60077386022799
INFO:logs/DIP_log_model_gaussian_kernel=4_sigma=5.log:test PSNR: 38.50601518020831
INFO:logs/DIP_log_model_gaussian_kernel=4_sigma=5.log:train PSNR: 37.679599309332055
INFO:logs/DIP_log_model_gaussian_kernel=4_sigma=5.log:test PSNR: 38.50857085365727
INFO:logs/DIP_log_model_gaussian_kernel=4_sigma=5.log:train PSNR: 37.59371875339588
INFO:logs/DIP_log_model_gaussian_kernel=4_sigma=5.log:test PSNR: 38.50596126136381
INFO:logs/DIP_log_model_gaussian_kernel=4_sigma=5.log:train PSNR: 37.78034305378225
INFO:logs/DIP_log_model_gaussian_kernel=4_sigma=5.log:test PSNR: 38.506315055638275
INFO:logs/DIP_log_model_gaussian_kernel=4_sigma=5.log:train PSNR: 37.697632165783766
INFO:logs/DIP_log_model_gaussian_kernel=4_sigma=5.log:test PSNR: 38.50692629113038
INFO:logs/DIP_log_model_gaussian_kernel=4_sigma=5.log:train PSNR: 37.53144302663263
INFO:logs/DIP_log_model_gaussian_kernel=4_sigma=5.log:test PSNR: 38.50782908066508
INFO:logs/DIP_log_model_gaussian_kernel=4_sigma=5.log:train PSNR: 37.68129594829015
INFO:logs/DIP_log_model_gaussian_kernel=4_sigma=5.log:test PSNR: 38.508487312067736
INFO:logs/DIP_log_model_gaussian_kernel=4_sigma=5.log:train PSNR: 37.90761963728749
INFO:logs/DIP_log_model_gaussian_kernel=4_sigma=5.log:test PSNR: 38.50687978452397
INFO:logs/DIP_log_model_gaussian_kernel=4_sigma=5.log:train PSNR: 37.834651578031064
INFO:logs/DIP_log_model_gaussian_kernel=4_sigma=5.log:test PSNR: 38.51060391061634
INFO:logs/DIP_log_model_gaussian_kernel=4_sigma=5.log:train PSNR: 37.411740441686334
INFO:logs/DIP_log_model_gaussian_kernel=4_sigma=5.log:test PSNR: 38.507362650441635
INFO:logs/DIP_log_model_gaussian_kernel=4_sigma=5.log:train PSNR: 37.9603634703145
INFO:logs/DIP_log_model_gaussian_kernel=4_sigma=5.log:test PSNR: 38.50980603722902
INFO:logs/DIP_log_model_gaussian_kernel=4_sigma=5.log:train PSNR: 37.71984904628761
INFO:logs/DIP_log_model_gaussian_kernel=4_sigma=5.log:test PSNR: 38.50957485301072
INFO:logs/DIP_log_model_gaussian_kernel=4_sigma=5.log:train PSNR: 37.48943694773863
INFO:logs/DIP_log_model_gaussian_kernel=4_sigma=5.log:test PSNR: 38.507974477294105
INFO:logs/DIP_log_model_gaussian_kernel=4_sigma=5.log:train PSNR: 37.62171872100707
INFO:logs/DIP_log_model_gaussian_kernel=4_sigma=5.log:test PSNR: 38.50756932906003
INFO:logs/DIP_log_model_gaussian_kernel=4_sigma=5.log:train PSNR: 37.7881413686299
INFO:logs/DIP_log_model_gaussian_kernel=4_sigma=5.log:test PSNR: 38.50855696176791
INFO:logs/DIP_log_model_gaussian_kernel=4_sigma=5.log:train PSNR: 37.78191291727044
INFO:logs/DIP_log_model_gaussian_kernel=4_sigma=5.log:test PSNR: 38.50888683713607
INFO:logs/DIP_log_model_gaussian_kernel=4_sigma=5.log:train PSNR: 37.738965456886
INFO:logs/DIP_log_model_gaussian_kernel=4_sigma=5.log:test PSNR: 38.509699778917025
INFO:logs/DIP_log_model_gaussian_kernel=4_sigma=5.log:train PSNR: 37.790218889519885
INFO:logs/DIP_log_model_gaussian_kernel=4_sigma=5.log:test PSNR: 38.509387346567074
INFO:logs/DIP_log_model_gaussian_kernel=4_sigma=5.log:train PSNR: 37.71012897648588
INFO:logs/DIP_log_model_gaussian_kernel=4_sigma=5.log:test PSNR: 38.50814869435313
INFO:logs/DIP_log_model_gaussian_kernel=4_sigma=5.log:train PSNR: 37.40908911012407
INFO:logs/DIP_log_model_gaussian_kernel=4_sigma=5.log:test PSNR: 38.508973992674555
INFO:logs/DIP_log_model_gaussian_kernel=4_sigma=5.log:train PSNR: 37.918031258908535
INFO:logs/DIP_log_model_gaussian_kernel=4_sigma=5.log:test PSNR: 38.50754013713791
INFO:logs/DIP_log_model_gaussian_kernel=4_sigma=5.log:train PSNR: 37.76332783344826
INFO:logs/DIP_log_model_gaussian_kernel=4_sigma=5.log:test PSNR: 38.507764926983114
INFO:logs/DIP_log_model_gaussian_kernel=4_sigma=5.log:train PSNR: 37.77413214398565
INFO:logs/DIP_log_model_gaussian_kernel=4_sigma=5.log:test PSNR: 38.50924673039603
INFO:logs/DIP_log_model_gaussian_kernel=4_sigma=5.log:train PSNR: 37.986214800904534
INFO:logs/DIP_log_model_gaussian_kernel=4_sigma=5.log:test PSNR: 38.50932615861404
INFO:logs/DIP_log_model_gaussian_kernel=4_sigma=5.log:train PSNR: 37.976567912161585
INFO:logs/DIP_log_model_gaussian_kernel=4_sigma=5.log:test PSNR: 38.50868800943905
INFO:logs/DIP_log_model_gaussian_kernel=4_sigma=5.log:train PSNR: 37.79201549436216
INFO:logs/DIP_log_model_gaussian_kernel=4_sigma=5.log:test PSNR: 38.5096652948238
INFO:logs/DIP_log_model_gaussian_kernel=4_sigma=5.log:train PSNR: 37.65013446563435
INFO:logs/DIP_log_model_gaussian_kernel=4_sigma=5.log:test PSNR: 38.50950142530526
INFO:logs/DIP_log_model_gaussian_kernel=4_sigma=5.log:train PSNR: 37.50707430718663
INFO:logs/DIP_log_model_gaussian_kernel=4_sigma=5.log:test PSNR: 38.50943433077096
INFO:logs/DIP_log_model_gaussian_kernel=4_sigma=5.log:train PSNR: 37.82017505726943
INFO:logs/DIP_log_model_gaussian_kernel=4_sigma=5.log:test PSNR: 38.5084520780203
INFO:logs/DIP_log_model_gaussian_kernel=4_sigma=5.log:train PSNR: 37.831682486262736
INFO:logs/DIP_log_model_gaussian_kernel=4_sigma=5.log:test PSNR: 38.509370697742455
INFO:logs/DIP_log_model_gaussian_kernel=4_sigma=5.log:train PSNR: 37.71526021956593
INFO:logs/DIP_log_model_gaussian_kernel=4_sigma=5.log:test PSNR: 38.50852037793202
INFO:logs/DIP_log_model_gaussian_kernel=4_sigma=5.log:train PSNR: 37.54728575633874
INFO:logs/DIP_log_model_gaussian_kernel=4_sigma=5.log:test PSNR: 38.5102934944927
INFO:logs/DIP_log_model_gaussian_kernel=4_sigma=5.log:train PSNR: 37.73863145504612
INFO:logs/DIP_log_model_gaussian_kernel=4_sigma=5.log:test PSNR: 38.51047556060941
INFO:logs/DIP_log_model_gaussian_kernel=4_sigma=5.log:train PSNR: 37.578449988315555
INFO:logs/DIP_log_model_gaussian_kernel=4_sigma=5.log:test PSNR: 38.51138563417973
INFO:logs/DIP_log_model_gaussian_kernel=4_sigma=5.log:train PSNR: 37.71482162008716
INFO:logs/DIP_log_model_gaussian_kernel=4_sigma=5.log:test PSNR: 38.51127644339077
INFO:logs/DIP_log_model_gaussian_kernel=4_sigma=5.log:train PSNR: 37.77133284610996
INFO:logs/DIP_log_model_gaussian_kernel=4_sigma=5.log:test PSNR: 38.51053770753877
INFO:logs/DIP_log_model_gaussian_kernel=4_sigma=5.log:train PSNR: 37.53706959275215
INFO:logs/DIP_log_model_gaussian_kernel=4_sigma=5.log:test PSNR: 38.51176684857636
INFO:logs/DIP_log_model_gaussian_kernel=4_sigma=5.log:train PSNR: 37.54956067814854
INFO:logs/DIP_log_model_gaussian_kernel=4_sigma=5.log:test PSNR: 38.51024191301828
INFO:logs/DIP_log_model_gaussian_kernel=4_sigma=5.log:train PSNR: 37.68640821770232
INFO:logs/DIP_log_model_gaussian_kernel=4_sigma=5.log:test PSNR: 38.510483216339246
INFO:logs/DIP_log_model_gaussian_kernel=4_sigma=5.log:train PSNR: 37.51416502944061
INFO:logs/DIP_log_model_gaussian_kernel=4_sigma=5.log:test PSNR: 38.51121142230979
INFO:logs/DIP_log_model_gaussian_kernel=4_sigma=5.log:train PSNR: 37.814760809131585
INFO:logs/DIP_log_model_gaussian_kernel=4_sigma=5.log:test PSNR: 38.51103412911208
INFO:logs/DIP_log_model_gaussian_kernel=4_sigma=5.log:train PSNR: 37.76431868155294
INFO:logs/DIP_log_model_gaussian_kernel=4_sigma=5.log:test PSNR: 38.511091935525045
INFO:logs/DIP_log_model_gaussian_kernel=4_sigma=5.log:train PSNR: 37.53318478759698
INFO:logs/DIP_log_model_gaussian_kernel=4_sigma=5.log:test PSNR: 38.51028448042033
INFO:logs/DIP_log_model_gaussian_kernel=4_sigma=5.log:train PSNR: 37.94264933252459
INFO:logs/DIP_log_model_gaussian_kernel=4_sigma=5.log:test PSNR: 38.51051789832595
INFO:logs/DIP_log_model_gaussian_kernel=4_sigma=5.log:train PSNR: 37.770502930530334
INFO:logs/DIP_log_model_gaussian_kernel=4_sigma=5.log:test PSNR: 38.510041198813745
INFO:logs/DIP_log_model_gaussian_kernel=4_sigma=5.log:train PSNR: 37.98001601915475
INFO:logs/DIP_log_model_gaussian_kernel=4_sigma=5.log:test PSNR: 38.51088156011474
INFO:logs/DIP_log_model_gaussian_kernel=4_sigma=5.log:train PSNR: 37.67586306516912
INFO:logs/DIP_log_model_gaussian_kernel=4_sigma=5.log:test PSNR: 38.50928457456757
INFO:logs/DIP_log_model_gaussian_kernel=4_sigma=5.log:train PSNR: 37.5681182930302
INFO:logs/DIP_log_model_gaussian_kernel=4_sigma=5.log:test PSNR: 38.51134209958439
INFO:logs/DIP_log_model_gaussian_kernel=4_sigma=5.log:train PSNR: 37.78027163316667
INFO:logs/DIP_log_model_gaussian_kernel=4_sigma=5.log:test PSNR: 38.511463719134156
INFO:logs/DIP_log_model_gaussian_kernel=4_sigma=5.log:train PSNR: 37.56675101901285
INFO:logs/DIP_log_model_gaussian_kernel=4_sigma=5.log:test PSNR: 38.51050058868834
INFO:logs/DIP_log_model_gaussian_kernel=4_sigma=5.log:train PSNR: 37.509858090254376
INFO:logs/DIP_log_model_gaussian_kernel=4_sigma=5.log:test PSNR: 38.51027078083319
INFO:logs/DIP_log_model_gaussian_kernel=4_sigma=5.log:train PSNR: 37.281718337084605
INFO:logs/DIP_log_model_gaussian_kernel=4_sigma=5.log:test PSNR: 38.510514738519106
INFO:logs/DIP_log_model_gaussian_kernel=4_sigma=5.log:train PSNR: 37.73033953590055
INFO:logs/DIP_log_model_gaussian_kernel=4_sigma=5.log:test PSNR: 38.510933349306384
INFO:logs/DIP_log_model_gaussian_kernel=4_sigma=5.log:train PSNR: 37.563677567631046
INFO:logs/DIP_log_model_gaussian_kernel=4_sigma=5.log:test PSNR: 38.511006021337124
INFO:logs/DIP_log_model_gaussian_kernel=4_sigma=5.log:train PSNR: 37.991162169960425
INFO:logs/DIP_log_model_gaussian_kernel=4_sigma=5.log:test PSNR: 38.510732106330664
INFO:logs/DIP_log_model_gaussian_kernel=4_sigma=5.log:train PSNR: 37.94246519236158
INFO:logs/DIP_log_model_gaussian_kernel=4_sigma=5.log:test PSNR: 38.511143209853294
INFO:logs/DIP_log_model_gaussian_kernel=4_sigma=5.log:train PSNR: 37.78560769997704
INFO:logs/DIP_log_model_gaussian_kernel=4_sigma=5.log:test PSNR: 38.51109047025712
INFO:logs/DIP_log_model_gaussian_kernel=4_sigma=5.log:train PSNR: 37.84323592064463
INFO:logs/DIP_log_model_gaussian_kernel=4_sigma=5.log:test PSNR: 38.5112709940828
INFO:logs/DIP_log_model_gaussian_kernel=4_sigma=5.log:train PSNR: 37.736948063832195
INFO:logs/DIP_log_model_gaussian_kernel=4_sigma=5.log:test PSNR: 38.51101475083262
INFO:logs/DIP_log_model_gaussian_kernel=4_sigma=5.log:train PSNR: 37.71932908343505
INFO:logs/DIP_log_model_gaussian_kernel=4_sigma=5.log:test PSNR: 38.51033727311962
INFO:logs/DIP_log_model_gaussian_kernel=4_sigma=5.log:train PSNR: 37.86620338808726
INFO:logs/DIP_log_model_gaussian_kernel=4_sigma=5.log:test PSNR: 38.510113116344954
INFO:logs/DIP_log_model_gaussian_kernel=4_sigma=5.log:train PSNR: 37.5658111840517
INFO:logs/DIP_log_model_gaussian_kernel=4_sigma=5.log:test PSNR: 38.5108001684392
INFO:logs/DIP_log_model_gaussian_kernel=4_sigma=5.log:train PSNR: 37.71707162345265
INFO:logs/DIP_log_model_gaussian_kernel=4_sigma=5.log:test PSNR: 38.511358309392165
INFO:logs/DIP_log_model_gaussian_kernel=4_sigma=5.log:train PSNR: 37.77662219598743
INFO:logs/DIP_log_model_gaussian_kernel=4_sigma=5.log:test PSNR: 38.51113509562987
INFO:logs/DIP_log_model_gaussian_kernel=4_sigma=5.log:train PSNR: 37.54065840650686
INFO:logs/DIP_log_model_gaussian_kernel=4_sigma=5.log:test PSNR: 38.51119143219316
