INFO:logs/DIP_log_model_gaussian_kernel=4_sigma=3.log_model:first model = 
ConvLista_T(
  (apply_A): ConvTranspose2d(175, 1, kernel_size=(11, 11), stride=(8, 8), bias=False)
  (apply_B): Conv2d(1, 175, kernel_size=(11, 11), stride=(8, 8), bias=False)
  (apply_C): Sequential(
    (0): ConvTranspose2d(175, 1, kernel_size=(11, 11), stride=(8, 8))
  )
  (soft_threshold): SoftThreshold()
)

INFO:logs/DIP_log_model_gaussian_kernel=4_sigma=3.log_model:config_dict = {'uuid': 'DIP_project_gaussian_kernel=4_sigma=3', 'kernel_size': 11, 'stride': 8, 'num_filters': 175, 'lr': 0.0002, 'unfoldings': 12, 'lr_decay': 0.35, 'patch_size': 128, 'num_epochs': 250, 'lr_step': 50, 'eps': 0.001, 'threshold': 0.01, 'noise_std': 0.09803921568627451, 'gaussian_size': 4, 'gaussian_sigma': 3}

INFO:logs/DIP_log_model_gaussian_kernel=4_sigma=3.log:Training model...
INFO:logs/DIP_log_model_gaussian_kernel=4_sigma=3.log:train PSNR: 26.030786465197927
INFO:logs/DIP_log_model_gaussian_kernel=4_sigma=3.log:test PSNR: 26.895712332391028
INFO:logs/DIP_log_model_gaussian_kernel=4_sigma=3.log:train PSNR: 26.944895270603972
INFO:logs/DIP_log_model_gaussian_kernel=4_sigma=3.log:test PSNR: 27.593709042157748
INFO:logs/DIP_log_model_gaussian_kernel=4_sigma=3.log:train PSNR: 27.75058566450507
INFO:logs/DIP_log_model_gaussian_kernel=4_sigma=3.log:test PSNR: 27.460027261743903
INFO:logs/DIP_log_model_gaussian_kernel=4_sigma=3.log:train PSNR: 28.08993026285141
INFO:logs/DIP_log_model_gaussian_kernel=4_sigma=3.log:test PSNR: 28.6789018457183
INFO:logs/DIP_log_model_gaussian_kernel=4_sigma=3.log:train PSNR: 28.342756610617634
INFO:logs/DIP_log_model_gaussian_kernel=4_sigma=3.log:test PSNR: 29.096451496972357
INFO:logs/DIP_log_model_gaussian_kernel=4_sigma=3.log:train PSNR: 29.01201779572218
INFO:logs/DIP_log_model_gaussian_kernel=4_sigma=3.log:test PSNR: 28.355596697562095
INFO:logs/DIP_log_model_gaussian_kernel=4_sigma=3.log:train PSNR: 28.492948466658383
INFO:logs/DIP_log_model_gaussian_kernel=4_sigma=3.log:test PSNR: 29.106380203282065
INFO:logs/DIP_log_model_gaussian_kernel=4_sigma=3.log:train PSNR: 29.23293635474383
INFO:logs/DIP_log_model_gaussian_kernel=4_sigma=3.log:test PSNR: 29.661357778316155
INFO:logs/DIP_log_model_gaussian_kernel=4_sigma=3.log:train PSNR: 29.37357258029576
INFO:logs/DIP_log_model_gaussian_kernel=4_sigma=3.log:test PSNR: 29.937378811737602
INFO:logs/DIP_log_model_gaussian_kernel=4_sigma=3.log:train PSNR: 30.130343894823195
INFO:logs/DIP_log_model_gaussian_kernel=4_sigma=3.log:test PSNR: 30.174861844830588
INFO:logs/DIP_log_model_gaussian_kernel=4_sigma=3.log:train PSNR: 29.978234161639495
INFO:logs/DIP_log_model_gaussian_kernel=4_sigma=3.log:test PSNR: 30.512826042279897
INFO:logs/DIP_log_model_gaussian_kernel=4_sigma=3.log:train PSNR: 30.221429171510202
INFO:logs/DIP_log_model_gaussian_kernel=4_sigma=3.log:test PSNR: 30.857183187223807
INFO:logs/DIP_log_model_gaussian_kernel=4_sigma=3.log:train PSNR: 29.609888461386962
INFO:logs/DIP_log_model_gaussian_kernel=4_sigma=3.log:test PSNR: 30.72365760113436
INFO:logs/DIP_log_model_gaussian_kernel=4_sigma=3.log:train PSNR: 30.38323436714528
INFO:logs/DIP_log_model_gaussian_kernel=4_sigma=3.log:test PSNR: 31.175623356066527
INFO:logs/DIP_log_model_gaussian_kernel=4_sigma=3.log:train PSNR: 30.839219135934542
INFO:logs/DIP_log_model_gaussian_kernel=4_sigma=3.log:test PSNR: 31.539692248524403
INFO:logs/DIP_log_model_gaussian_kernel=4_sigma=3.log:train PSNR: 31.06837675481183
INFO:logs/DIP_log_model_gaussian_kernel=4_sigma=3.log:test PSNR: 31.96462207257136
INFO:logs/DIP_log_model_gaussian_kernel=4_sigma=3.log:train PSNR: 30.865434141950438
INFO:logs/DIP_log_model_gaussian_kernel=4_sigma=3.log:test PSNR: 31.566406759342915
INFO:logs/DIP_log_model_gaussian_kernel=4_sigma=3.log:train PSNR: 31.456837960133775
INFO:logs/DIP_log_model_gaussian_kernel=4_sigma=3.log:test PSNR: 32.21677179449307
INFO:logs/DIP_log_model_gaussian_kernel=4_sigma=3.log:train PSNR: 31.80860216020781
INFO:logs/DIP_log_model_gaussian_kernel=4_sigma=3.log:test PSNR: 32.63152677727098
INFO:logs/DIP_log_model_gaussian_kernel=4_sigma=3.log:train PSNR: 32.29792147223031
INFO:logs/DIP_log_model_gaussian_kernel=4_sigma=3.log:test PSNR: 32.333029325027134
INFO:logs/DIP_log_model_gaussian_kernel=4_sigma=3.log:train PSNR: 31.17409825165675
INFO:logs/DIP_log_model_gaussian_kernel=4_sigma=3.log:test PSNR: 28.674736507751163
INFO:logs/DIP_log_model_gaussian_kernel=4_sigma=3.log:train PSNR: 30.51282778662545
INFO:logs/DIP_log_model_gaussian_kernel=4_sigma=3.log:test PSNR: 31.95233133856316
INFO:logs/DIP_log_model_gaussian_kernel=4_sigma=3.log:train PSNR: 31.859322477729506
INFO:logs/DIP_log_model_gaussian_kernel=4_sigma=3.log:test PSNR: 32.68872494055483
INFO:logs/DIP_log_model_gaussian_kernel=4_sigma=3.log:train PSNR: 32.25026839634278
INFO:logs/DIP_log_model_gaussian_kernel=4_sigma=3.log:test PSNR: 33.06457746218553
INFO:logs/DIP_log_model_gaussian_kernel=4_sigma=3.log:train PSNR: 32.49947871776865
INFO:logs/DIP_log_model_gaussian_kernel=4_sigma=3.log:test PSNR: 33.319458622091794
INFO:logs/DIP_log_model_gaussian_kernel=4_sigma=3.log:train PSNR: 32.78663929841297
INFO:logs/DIP_log_model_gaussian_kernel=4_sigma=3.log:test PSNR: 33.48029100093186
INFO:logs/DIP_log_model_gaussian_kernel=4_sigma=3.log:train PSNR: 32.811576987600034
INFO:logs/DIP_log_model_gaussian_kernel=4_sigma=3.log:test PSNR: 33.5859830563599
INFO:logs/DIP_log_model_gaussian_kernel=4_sigma=3.log:train PSNR: 32.83486714698183
INFO:logs/DIP_log_model_gaussian_kernel=4_sigma=3.log:test PSNR: 33.691571933776466
INFO:logs/DIP_log_model_gaussian_kernel=4_sigma=3.log:train PSNR: 33.12839597567834
INFO:logs/DIP_log_model_gaussian_kernel=4_sigma=3.log:test PSNR: 33.777969622078196
INFO:logs/DIP_log_model_gaussian_kernel=4_sigma=3.log:train PSNR: 33.321986216571005
INFO:logs/DIP_log_model_gaussian_kernel=4_sigma=3.log:test PSNR: 33.85801709575449
INFO:logs/DIP_log_model_gaussian_kernel=4_sigma=3.log:train PSNR: 33.51534882745514
INFO:logs/DIP_log_model_gaussian_kernel=4_sigma=3.log:test PSNR: 34.07301415447203
INFO:logs/DIP_log_model_gaussian_kernel=4_sigma=3.log:train PSNR: 33.38323327550171
INFO:logs/DIP_log_model_gaussian_kernel=4_sigma=3.log:test PSNR: 34.200488224185456
INFO:logs/DIP_log_model_gaussian_kernel=4_sigma=3.log:train PSNR: 33.61035764174092
INFO:logs/DIP_log_model_gaussian_kernel=4_sigma=3.log:test PSNR: 34.32337580173761
INFO:logs/DIP_log_model_gaussian_kernel=4_sigma=3.log:train PSNR: 33.687107693826725
INFO:logs/DIP_log_model_gaussian_kernel=4_sigma=3.log:test PSNR: 32.162988792304844
INFO:logs/DIP_log_model_gaussian_kernel=4_sigma=3.log:train PSNR: 33.46406499841103
INFO:logs/DIP_log_model_gaussian_kernel=4_sigma=3.log:test PSNR: 34.506259274997376
INFO:logs/DIP_log_model_gaussian_kernel=4_sigma=3.log:train PSNR: 33.76445622552217
INFO:logs/DIP_log_model_gaussian_kernel=4_sigma=3.log:test PSNR: 34.588314859010026
INFO:logs/DIP_log_model_gaussian_kernel=4_sigma=3.log:train PSNR: 33.78759024919727
INFO:logs/DIP_log_model_gaussian_kernel=4_sigma=3.log:test PSNR: 34.7010599848268
INFO:logs/DIP_log_model_gaussian_kernel=4_sigma=3.log:train PSNR: 34.17369345656691
INFO:logs/DIP_log_model_gaussian_kernel=4_sigma=3.log:test PSNR: 34.731226715489235
INFO:logs/DIP_log_model_gaussian_kernel=4_sigma=3.log:train PSNR: 33.97317383810798
INFO:logs/DIP_log_model_gaussian_kernel=4_sigma=3.log:test PSNR: 34.730110776367184
INFO:logs/DIP_log_model_gaussian_kernel=4_sigma=3.log:train PSNR: 33.907497441787534
INFO:logs/DIP_log_model_gaussian_kernel=4_sigma=3.log:test PSNR: 34.952983284208756
INFO:logs/DIP_log_model_gaussian_kernel=4_sigma=3.log:train PSNR: 34.20786806340534
INFO:logs/DIP_log_model_gaussian_kernel=4_sigma=3.log:test PSNR: 35.04572309140414
INFO:logs/DIP_log_model_gaussian_kernel=4_sigma=3.log:train PSNR: 33.871042701438704
INFO:logs/DIP_log_model_gaussian_kernel=4_sigma=3.log:test PSNR: 35.10211868226798
INFO:logs/DIP_log_model_gaussian_kernel=4_sigma=3.log:train PSNR: 34.461314068795694
INFO:logs/DIP_log_model_gaussian_kernel=4_sigma=3.log:test PSNR: 35.15629026994358
INFO:logs/DIP_log_model_gaussian_kernel=4_sigma=3.log:train PSNR: 34.61523733132388
INFO:logs/DIP_log_model_gaussian_kernel=4_sigma=3.log:test PSNR: 35.03194561294828
INFO:logs/DIP_log_model_gaussian_kernel=4_sigma=3.log:train PSNR: 34.86389337706877
INFO:logs/DIP_log_model_gaussian_kernel=4_sigma=3.log:test PSNR: 35.248068484886105
INFO:logs/DIP_log_model_gaussian_kernel=4_sigma=3.log:train PSNR: 34.710958865476556
INFO:logs/DIP_log_model_gaussian_kernel=4_sigma=3.log:test PSNR: 35.22628334585712
INFO:logs/DIP_log_model_gaussian_kernel=4_sigma=3.log:train PSNR: 34.1741972692759
INFO:logs/DIP_log_model_gaussian_kernel=4_sigma=3.log:test PSNR: 35.33609184659431
INFO:logs/DIP_log_model_gaussian_kernel=4_sigma=3.log:train PSNR: 34.82017429152253
INFO:logs/DIP_log_model_gaussian_kernel=4_sigma=3.log:test PSNR: 35.3725837781575
INFO:logs/DIP_log_model_gaussian_kernel=4_sigma=3.log:train PSNR: 35.2261199937212
INFO:logs/DIP_log_model_gaussian_kernel=4_sigma=3.log:test PSNR: 35.43818029557322
INFO:logs/DIP_log_model_gaussian_kernel=4_sigma=3.log:train PSNR: 34.844417984396124
INFO:logs/DIP_log_model_gaussian_kernel=4_sigma=3.log:test PSNR: 35.155567733123874
INFO:logs/DIP_log_model_gaussian_kernel=4_sigma=3.log:train PSNR: 34.77701364335318
INFO:logs/DIP_log_model_gaussian_kernel=4_sigma=3.log:test PSNR: 35.51608644097383
INFO:logs/DIP_log_model_gaussian_kernel=4_sigma=3.log:train PSNR: 35.38153697569412
INFO:logs/DIP_log_model_gaussian_kernel=4_sigma=3.log:test PSNR: 35.51468153328472
INFO:logs/DIP_log_model_gaussian_kernel=4_sigma=3.log:train PSNR: 35.2572335570245
INFO:logs/DIP_log_model_gaussian_kernel=4_sigma=3.log:test PSNR: 35.561710698093094
INFO:logs/DIP_log_model_gaussian_kernel=4_sigma=3.log:train PSNR: 35.01165467186896
INFO:logs/DIP_log_model_gaussian_kernel=4_sigma=3.log:test PSNR: 35.55158463717141
INFO:logs/DIP_log_model_gaussian_kernel=4_sigma=3.log:train PSNR: 34.97217283597859
INFO:logs/DIP_log_model_gaussian_kernel=4_sigma=3.log:test PSNR: 35.58905929818241
INFO:logs/DIP_log_model_gaussian_kernel=4_sigma=3.log:train PSNR: 35.11742686773052
INFO:logs/DIP_log_model_gaussian_kernel=4_sigma=3.log:test PSNR: 35.65442115667542
INFO:logs/DIP_log_model_gaussian_kernel=4_sigma=3.log:train PSNR: 35.10232056232007
INFO:logs/DIP_log_model_gaussian_kernel=4_sigma=3.log:test PSNR: 35.70746060044584
INFO:logs/DIP_log_model_gaussian_kernel=4_sigma=3.log:train PSNR: 35.40441471205832
INFO:logs/DIP_log_model_gaussian_kernel=4_sigma=3.log:test PSNR: 35.732996006886275
INFO:logs/DIP_log_model_gaussian_kernel=4_sigma=3.log:train PSNR: 35.144464562968246
INFO:logs/DIP_log_model_gaussian_kernel=4_sigma=3.log:test PSNR: 35.7602766445987
INFO:logs/DIP_log_model_gaussian_kernel=4_sigma=3.log:train PSNR: 35.25366641399581
INFO:logs/DIP_log_model_gaussian_kernel=4_sigma=3.log:test PSNR: 35.80222801346599
INFO:logs/DIP_log_model_gaussian_kernel=4_sigma=3.log:train PSNR: 35.34939523583647
INFO:logs/DIP_log_model_gaussian_kernel=4_sigma=3.log:test PSNR: 35.84177887362938
INFO:logs/DIP_log_model_gaussian_kernel=4_sigma=3.log:train PSNR: 35.12120515423364
INFO:logs/DIP_log_model_gaussian_kernel=4_sigma=3.log:test PSNR: 35.78941496839827
INFO:logs/DIP_log_model_gaussian_kernel=4_sigma=3.log:train PSNR: 35.4165230427096
INFO:logs/DIP_log_model_gaussian_kernel=4_sigma=3.log:test PSNR: 35.89011059429529
INFO:logs/DIP_log_model_gaussian_kernel=4_sigma=3.log:train PSNR: 35.341233624545175
INFO:logs/DIP_log_model_gaussian_kernel=4_sigma=3.log:test PSNR: 35.82571202671698
INFO:logs/DIP_log_model_gaussian_kernel=4_sigma=3.log:train PSNR: 35.44862048118669
INFO:logs/DIP_log_model_gaussian_kernel=4_sigma=3.log:test PSNR: 35.87715734896371
INFO:logs/DIP_log_model_gaussian_kernel=4_sigma=3.log:train PSNR: 35.386542787854
INFO:logs/DIP_log_model_gaussian_kernel=4_sigma=3.log:test PSNR: 35.85297827618578
INFO:logs/DIP_log_model_gaussian_kernel=4_sigma=3.log:train PSNR: 35.827012236646425
INFO:logs/DIP_log_model_gaussian_kernel=4_sigma=3.log:test PSNR: 35.8734742392331
INFO:logs/DIP_log_model_gaussian_kernel=4_sigma=3.log:train PSNR: 35.65340739296627
INFO:logs/DIP_log_model_gaussian_kernel=4_sigma=3.log:test PSNR: 36.03898201244996
INFO:logs/DIP_log_model_gaussian_kernel=4_sigma=3.log:train PSNR: 35.57048848346797
INFO:logs/DIP_log_model_gaussian_kernel=4_sigma=3.log:test PSNR: 36.07075557975247
INFO:logs/DIP_log_model_gaussian_kernel=4_sigma=3.log:train PSNR: 36.05030872930584
INFO:logs/DIP_log_model_gaussian_kernel=4_sigma=3.log:test PSNR: 36.06667884481243
INFO:logs/DIP_log_model_gaussian_kernel=4_sigma=3.log:train PSNR: 35.63956932369361
INFO:logs/DIP_log_model_gaussian_kernel=4_sigma=3.log:test PSNR: 36.09348046575403
INFO:logs/DIP_log_model_gaussian_kernel=4_sigma=3.log:train PSNR: 35.36216082405558
INFO:logs/DIP_log_model_gaussian_kernel=4_sigma=3.log:test PSNR: 36.258712975832594
INFO:logs/DIP_log_model_gaussian_kernel=4_sigma=3.log:train PSNR: 35.74807420836927
INFO:logs/DIP_log_model_gaussian_kernel=4_sigma=3.log:test PSNR: 35.986662499955756
INFO:logs/DIP_log_model_gaussian_kernel=4_sigma=3.log:train PSNR: 35.53636607935632
INFO:logs/DIP_log_model_gaussian_kernel=4_sigma=3.log:test PSNR: 36.21893425794681
INFO:logs/DIP_log_model_gaussian_kernel=4_sigma=3.log:train PSNR: 35.99707364802809
INFO:logs/DIP_log_model_gaussian_kernel=4_sigma=3.log:test PSNR: 36.24786269657791
INFO:logs/DIP_log_model_gaussian_kernel=4_sigma=3.log:train PSNR: 36.22654378053338
INFO:logs/DIP_log_model_gaussian_kernel=4_sigma=3.log:test PSNR: 36.34474029382237
INFO:logs/DIP_log_model_gaussian_kernel=4_sigma=3.log:train PSNR: 36.1180605896721
INFO:logs/DIP_log_model_gaussian_kernel=4_sigma=3.log:test PSNR: 36.356322758952174
INFO:logs/DIP_log_model_gaussian_kernel=4_sigma=3.log:train PSNR: 35.98062756870146
INFO:logs/DIP_log_model_gaussian_kernel=4_sigma=3.log:test PSNR: 36.369880073830224
INFO:logs/DIP_log_model_gaussian_kernel=4_sigma=3.log:train PSNR: 35.85055702366473
INFO:logs/DIP_log_model_gaussian_kernel=4_sigma=3.log:test PSNR: 36.37783249302758
INFO:logs/DIP_log_model_gaussian_kernel=4_sigma=3.log:train PSNR: 36.02282697438572
INFO:logs/DIP_log_model_gaussian_kernel=4_sigma=3.log:test PSNR: 36.38468308171103
INFO:logs/DIP_log_model_gaussian_kernel=4_sigma=3.log:train PSNR: 35.951778737279625
INFO:logs/DIP_log_model_gaussian_kernel=4_sigma=3.log:test PSNR: 36.40658578649538
INFO:logs/DIP_log_model_gaussian_kernel=4_sigma=3.log:train PSNR: 35.92071117787007
INFO:logs/DIP_log_model_gaussian_kernel=4_sigma=3.log:test PSNR: 36.41466408124946
INFO:logs/DIP_log_model_gaussian_kernel=4_sigma=3.log:train PSNR: 36.03524267102476
INFO:logs/DIP_log_model_gaussian_kernel=4_sigma=3.log:test PSNR: 36.423225951888206
INFO:logs/DIP_log_model_gaussian_kernel=4_sigma=3.log:train PSNR: 35.85581826226586
INFO:logs/DIP_log_model_gaussian_kernel=4_sigma=3.log:test PSNR: 36.38598548749749
INFO:logs/DIP_log_model_gaussian_kernel=4_sigma=3.log:train PSNR: 36.05884717140761
INFO:logs/DIP_log_model_gaussian_kernel=4_sigma=3.log:test PSNR: 36.46815559165306
INFO:logs/DIP_log_model_gaussian_kernel=4_sigma=3.log:train PSNR: 35.96943026562737
INFO:logs/DIP_log_model_gaussian_kernel=4_sigma=3.log:test PSNR: 36.48961758651276
INFO:logs/DIP_log_model_gaussian_kernel=4_sigma=3.log:train PSNR: 35.907310538160885
INFO:logs/DIP_log_model_gaussian_kernel=4_sigma=3.log:test PSNR: 36.48009546590697
INFO:logs/DIP_log_model_gaussian_kernel=4_sigma=3.log:train PSNR: 36.044181804221765
INFO:logs/DIP_log_model_gaussian_kernel=4_sigma=3.log:test PSNR: 36.519659203101185
INFO:logs/DIP_log_model_gaussian_kernel=4_sigma=3.log:train PSNR: 35.82998942697119
INFO:logs/DIP_log_model_gaussian_kernel=4_sigma=3.log:test PSNR: 36.53669965485107
INFO:logs/DIP_log_model_gaussian_kernel=4_sigma=3.log:train PSNR: 36.137664837591686
INFO:logs/DIP_log_model_gaussian_kernel=4_sigma=3.log:test PSNR: 36.49663627243314
INFO:logs/DIP_log_model_gaussian_kernel=4_sigma=3.log:train PSNR: 36.22342688408578
INFO:logs/DIP_log_model_gaussian_kernel=4_sigma=3.log:test PSNR: 36.547996706886245
INFO:logs/DIP_log_model_gaussian_kernel=4_sigma=3.log:train PSNR: 36.31797147435098
INFO:logs/DIP_log_model_gaussian_kernel=4_sigma=3.log:test PSNR: 36.543098348854095
INFO:logs/DIP_log_model_gaussian_kernel=4_sigma=3.log:train PSNR: 36.037960900723746
INFO:logs/DIP_log_model_gaussian_kernel=4_sigma=3.log:test PSNR: 36.55253357103676
INFO:logs/DIP_log_model_gaussian_kernel=4_sigma=3.log:train PSNR: 36.315640353871125
INFO:logs/DIP_log_model_gaussian_kernel=4_sigma=3.log:test PSNR: 36.608521574187435
INFO:logs/DIP_log_model_gaussian_kernel=4_sigma=3.log:train PSNR: 36.23775533595029
INFO:logs/DIP_log_model_gaussian_kernel=4_sigma=3.log:test PSNR: 36.53025099920861
INFO:logs/DIP_log_model_gaussian_kernel=4_sigma=3.log:train PSNR: 36.07364600661722
INFO:logs/DIP_log_model_gaussian_kernel=4_sigma=3.log:test PSNR: 36.59900496512709
INFO:logs/DIP_log_model_gaussian_kernel=4_sigma=3.log:train PSNR: 35.84451269696288
INFO:logs/DIP_log_model_gaussian_kernel=4_sigma=3.log:test PSNR: 36.605793078707315
INFO:logs/DIP_log_model_gaussian_kernel=4_sigma=3.log:train PSNR: 36.11985317248182
INFO:logs/DIP_log_model_gaussian_kernel=4_sigma=3.log:test PSNR: 36.62123972365671
INFO:logs/DIP_log_model_gaussian_kernel=4_sigma=3.log:train PSNR: 36.234025360861864
INFO:logs/DIP_log_model_gaussian_kernel=4_sigma=3.log:test PSNR: 36.63813347158807
INFO:logs/DIP_log_model_gaussian_kernel=4_sigma=3.log:train PSNR: 35.80606538872426
INFO:logs/DIP_log_model_gaussian_kernel=4_sigma=3.log:test PSNR: 36.67812381476383
INFO:logs/DIP_log_model_gaussian_kernel=4_sigma=3.log:train PSNR: 36.230217953164725
INFO:logs/DIP_log_model_gaussian_kernel=4_sigma=3.log:test PSNR: 36.68631898820947
INFO:logs/DIP_log_model_gaussian_kernel=4_sigma=3.log:train PSNR: 36.24460654137362
INFO:logs/DIP_log_model_gaussian_kernel=4_sigma=3.log:test PSNR: 36.69068450616029
INFO:logs/DIP_log_model_gaussian_kernel=4_sigma=3.log:train PSNR: 36.32243718103587
INFO:logs/DIP_log_model_gaussian_kernel=4_sigma=3.log:test PSNR: 36.69639908423051
INFO:logs/DIP_log_model_gaussian_kernel=4_sigma=3.log:train PSNR: 36.48488221875792
INFO:logs/DIP_log_model_gaussian_kernel=4_sigma=3.log:test PSNR: 36.69482323728039
INFO:logs/DIP_log_model_gaussian_kernel=4_sigma=3.log:train PSNR: 36.43326793303117
INFO:logs/DIP_log_model_gaussian_kernel=4_sigma=3.log:test PSNR: 36.701048681221515
INFO:logs/DIP_log_model_gaussian_kernel=4_sigma=3.log:train PSNR: 36.079254751147424
INFO:logs/DIP_log_model_gaussian_kernel=4_sigma=3.log:test PSNR: 36.70245544055837
INFO:logs/DIP_log_model_gaussian_kernel=4_sigma=3.log:train PSNR: 36.28526859826155
INFO:logs/DIP_log_model_gaussian_kernel=4_sigma=3.log:test PSNR: 36.71664933122692
INFO:logs/DIP_log_model_gaussian_kernel=4_sigma=3.log:train PSNR: 36.49285851585412
INFO:logs/DIP_log_model_gaussian_kernel=4_sigma=3.log:test PSNR: 36.71746417909489
INFO:logs/DIP_log_model_gaussian_kernel=4_sigma=3.log:train PSNR: 36.381211633688146
INFO:logs/DIP_log_model_gaussian_kernel=4_sigma=3.log:test PSNR: 36.71122061513512
INFO:logs/DIP_log_model_gaussian_kernel=4_sigma=3.log:train PSNR: 35.99695110648545
INFO:logs/DIP_log_model_gaussian_kernel=4_sigma=3.log:test PSNR: 36.72706558420629
INFO:logs/DIP_log_model_gaussian_kernel=4_sigma=3.log:train PSNR: 36.345110110560874
INFO:logs/DIP_log_model_gaussian_kernel=4_sigma=3.log:test PSNR: 36.72518415547155
INFO:logs/DIP_log_model_gaussian_kernel=4_sigma=3.log:train PSNR: 36.42692188120049
INFO:logs/DIP_log_model_gaussian_kernel=4_sigma=3.log:test PSNR: 36.736531564395996
INFO:logs/DIP_log_model_gaussian_kernel=4_sigma=3.log:train PSNR: 36.33200889536963
INFO:logs/DIP_log_model_gaussian_kernel=4_sigma=3.log:test PSNR: 36.73968148866838
INFO:logs/DIP_log_model_gaussian_kernel=4_sigma=3.log:train PSNR: 36.36845354092165
INFO:logs/DIP_log_model_gaussian_kernel=4_sigma=3.log:test PSNR: 36.73768697190523
INFO:logs/DIP_log_model_gaussian_kernel=4_sigma=3.log:train PSNR: 36.17870039148639
INFO:logs/DIP_log_model_gaussian_kernel=4_sigma=3.log:test PSNR: 36.76979733256221
INFO:logs/DIP_log_model_gaussian_kernel=4_sigma=3.log:train PSNR: 36.20685492232466
INFO:logs/DIP_log_model_gaussian_kernel=4_sigma=3.log:test PSNR: 36.76413788746862
INFO:logs/DIP_log_model_gaussian_kernel=4_sigma=3.log:train PSNR: 36.54449891271654
INFO:logs/DIP_log_model_gaussian_kernel=4_sigma=3.log:test PSNR: 36.7522796331891
INFO:logs/DIP_log_model_gaussian_kernel=4_sigma=3.log:train PSNR: 36.50313951682101
INFO:logs/DIP_log_model_gaussian_kernel=4_sigma=3.log:test PSNR: 36.75900827408633
INFO:logs/DIP_log_model_gaussian_kernel=4_sigma=3.log:train PSNR: 36.35810772841386
INFO:logs/DIP_log_model_gaussian_kernel=4_sigma=3.log:test PSNR: 36.76131766407677
INFO:logs/DIP_log_model_gaussian_kernel=4_sigma=3.log:train PSNR: 36.45934178817716
INFO:logs/DIP_log_model_gaussian_kernel=4_sigma=3.log:test PSNR: 36.7802138788393
INFO:logs/DIP_log_model_gaussian_kernel=4_sigma=3.log:train PSNR: 36.122200089893425
INFO:logs/DIP_log_model_gaussian_kernel=4_sigma=3.log:test PSNR: 36.759675945479565
INFO:logs/DIP_log_model_gaussian_kernel=4_sigma=3.log:train PSNR: 36.42595123408113
INFO:logs/DIP_log_model_gaussian_kernel=4_sigma=3.log:test PSNR: 36.774676005027125
INFO:logs/DIP_log_model_gaussian_kernel=4_sigma=3.log:train PSNR: 36.48922002020858
INFO:logs/DIP_log_model_gaussian_kernel=4_sigma=3.log:test PSNR: 36.79639023592069
INFO:logs/DIP_log_model_gaussian_kernel=4_sigma=3.log:train PSNR: 36.364095454401316
INFO:logs/DIP_log_model_gaussian_kernel=4_sigma=3.log:test PSNR: 36.815962456183094
INFO:logs/DIP_log_model_gaussian_kernel=4_sigma=3.log:train PSNR: 36.39575540561515
INFO:logs/DIP_log_model_gaussian_kernel=4_sigma=3.log:test PSNR: 36.79417622285864
INFO:logs/DIP_log_model_gaussian_kernel=4_sigma=3.log:train PSNR: 36.454017748691356
INFO:logs/DIP_log_model_gaussian_kernel=4_sigma=3.log:test PSNR: 36.80111106595225
INFO:logs/DIP_log_model_gaussian_kernel=4_sigma=3.log:train PSNR: 36.163718359980926
INFO:logs/DIP_log_model_gaussian_kernel=4_sigma=3.log:test PSNR: 36.81100982936226
INFO:logs/DIP_log_model_gaussian_kernel=4_sigma=3.log:train PSNR: 36.46730009162416
INFO:logs/DIP_log_model_gaussian_kernel=4_sigma=3.log:test PSNR: 36.80722829578291
INFO:logs/DIP_log_model_gaussian_kernel=4_sigma=3.log:train PSNR: 36.43646649042359
INFO:logs/DIP_log_model_gaussian_kernel=4_sigma=3.log:test PSNR: 36.810360580957465
INFO:logs/DIP_log_model_gaussian_kernel=4_sigma=3.log:train PSNR: 36.10668805653569
INFO:logs/DIP_log_model_gaussian_kernel=4_sigma=3.log:test PSNR: 36.81326572027507
INFO:logs/DIP_log_model_gaussian_kernel=4_sigma=3.log:train PSNR: 36.39638496014091
INFO:logs/DIP_log_model_gaussian_kernel=4_sigma=3.log:test PSNR: 36.817221634248455
INFO:logs/DIP_log_model_gaussian_kernel=4_sigma=3.log:train PSNR: 36.511945063046376
INFO:logs/DIP_log_model_gaussian_kernel=4_sigma=3.log:test PSNR: 36.80540004266627
INFO:logs/DIP_log_model_gaussian_kernel=4_sigma=3.log:train PSNR: 36.36755314719889
INFO:logs/DIP_log_model_gaussian_kernel=4_sigma=3.log:test PSNR: 36.82199662130396
INFO:logs/DIP_log_model_gaussian_kernel=4_sigma=3.log:train PSNR: 36.26231970506506
INFO:logs/DIP_log_model_gaussian_kernel=4_sigma=3.log:test PSNR: 36.81257746147679
INFO:logs/DIP_log_model_gaussian_kernel=4_sigma=3.log:train PSNR: 36.09221934757393
INFO:logs/DIP_log_model_gaussian_kernel=4_sigma=3.log:test PSNR: 36.80923771538538
INFO:logs/DIP_log_model_gaussian_kernel=4_sigma=3.log:train PSNR: 36.24114878056094
INFO:logs/DIP_log_model_gaussian_kernel=4_sigma=3.log:test PSNR: 36.81402942593032
INFO:logs/DIP_log_model_gaussian_kernel=4_sigma=3.log:train PSNR: 36.385983920526016
INFO:logs/DIP_log_model_gaussian_kernel=4_sigma=3.log:test PSNR: 36.81901706917588
INFO:logs/DIP_log_model_gaussian_kernel=4_sigma=3.log:train PSNR: 36.61130925664818
INFO:logs/DIP_log_model_gaussian_kernel=4_sigma=3.log:test PSNR: 36.81644873206883
INFO:logs/DIP_log_model_gaussian_kernel=4_sigma=3.log:train PSNR: 36.454578933664095
INFO:logs/DIP_log_model_gaussian_kernel=4_sigma=3.log:test PSNR: 36.81701560390195
INFO:logs/DIP_log_model_gaussian_kernel=4_sigma=3.log:train PSNR: 36.40940946598575
INFO:logs/DIP_log_model_gaussian_kernel=4_sigma=3.log:test PSNR: 36.81429992875488
INFO:logs/DIP_log_model_gaussian_kernel=4_sigma=3.log:train PSNR: 36.599247934596455
INFO:logs/DIP_log_model_gaussian_kernel=4_sigma=3.log:test PSNR: 36.81823104712706
INFO:logs/DIP_log_model_gaussian_kernel=4_sigma=3.log:train PSNR: 36.349884795811526
INFO:logs/DIP_log_model_gaussian_kernel=4_sigma=3.log:test PSNR: 36.8284102714957
INFO:logs/DIP_log_model_gaussian_kernel=4_sigma=3.log:train PSNR: 36.45884130110406
INFO:logs/DIP_log_model_gaussian_kernel=4_sigma=3.log:test PSNR: 36.81194889562096
INFO:logs/DIP_log_model_gaussian_kernel=4_sigma=3.log:train PSNR: 36.321397431449654
INFO:logs/DIP_log_model_gaussian_kernel=4_sigma=3.log:test PSNR: 36.82897902547144
INFO:logs/DIP_log_model_gaussian_kernel=4_sigma=3.log:train PSNR: 36.33956217423774
INFO:logs/DIP_log_model_gaussian_kernel=4_sigma=3.log:test PSNR: 36.830912014845104
INFO:logs/DIP_log_model_gaussian_kernel=4_sigma=3.log:train PSNR: 36.437541183933874
INFO:logs/DIP_log_model_gaussian_kernel=4_sigma=3.log:test PSNR: 36.839368323595714
INFO:logs/DIP_log_model_gaussian_kernel=4_sigma=3.log:train PSNR: 36.56965704532917
INFO:logs/DIP_log_model_gaussian_kernel=4_sigma=3.log:test PSNR: 36.83881121032155
INFO:logs/DIP_log_model_gaussian_kernel=4_sigma=3.log:train PSNR: 36.12417289223786
INFO:logs/DIP_log_model_gaussian_kernel=4_sigma=3.log:test PSNR: 36.840228580332926
INFO:logs/DIP_log_model_gaussian_kernel=4_sigma=3.log:train PSNR: 36.46503075631613
INFO:logs/DIP_log_model_gaussian_kernel=4_sigma=3.log:test PSNR: 36.846562987967545
INFO:logs/DIP_log_model_gaussian_kernel=4_sigma=3.log:train PSNR: 36.032908990588176
INFO:logs/DIP_log_model_gaussian_kernel=4_sigma=3.log:test PSNR: 36.84386828488693
INFO:logs/DIP_log_model_gaussian_kernel=4_sigma=3.log:train PSNR: 36.07558764130025
INFO:logs/DIP_log_model_gaussian_kernel=4_sigma=3.log:test PSNR: 36.83937706536009
INFO:logs/DIP_log_model_gaussian_kernel=4_sigma=3.log:train PSNR: 36.44474414574423
INFO:logs/DIP_log_model_gaussian_kernel=4_sigma=3.log:test PSNR: 36.83629962288427
INFO:logs/DIP_log_model_gaussian_kernel=4_sigma=3.log:train PSNR: 36.48893593125209
INFO:logs/DIP_log_model_gaussian_kernel=4_sigma=3.log:test PSNR: 36.84709811408208
INFO:logs/DIP_log_model_gaussian_kernel=4_sigma=3.log:train PSNR: 36.369686553624
INFO:logs/DIP_log_model_gaussian_kernel=4_sigma=3.log:test PSNR: 36.849118073919605
INFO:logs/DIP_log_model_gaussian_kernel=4_sigma=3.log:train PSNR: 36.16504312314481
INFO:logs/DIP_log_model_gaussian_kernel=4_sigma=3.log:test PSNR: 36.8473708922275
INFO:logs/DIP_log_model_gaussian_kernel=4_sigma=3.log:train PSNR: 36.24726784537681
INFO:logs/DIP_log_model_gaussian_kernel=4_sigma=3.log:test PSNR: 36.8423141877912
INFO:logs/DIP_log_model_gaussian_kernel=4_sigma=3.log:train PSNR: 36.38792812758468
INFO:logs/DIP_log_model_gaussian_kernel=4_sigma=3.log:test PSNR: 36.84734821274702
INFO:logs/DIP_log_model_gaussian_kernel=4_sigma=3.log:train PSNR: 36.235741108856914
INFO:logs/DIP_log_model_gaussian_kernel=4_sigma=3.log:test PSNR: 36.84300857243152
INFO:logs/DIP_log_model_gaussian_kernel=4_sigma=3.log:train PSNR: 36.09159666335934
INFO:logs/DIP_log_model_gaussian_kernel=4_sigma=3.log:test PSNR: 36.85260769041677
INFO:logs/DIP_log_model_gaussian_kernel=4_sigma=3.log:train PSNR: 36.63998867432424
INFO:logs/DIP_log_model_gaussian_kernel=4_sigma=3.log:test PSNR: 36.850665406151556
INFO:logs/DIP_log_model_gaussian_kernel=4_sigma=3.log:train PSNR: 36.32288619406342
INFO:logs/DIP_log_model_gaussian_kernel=4_sigma=3.log:test PSNR: 36.85041863381859
INFO:logs/DIP_log_model_gaussian_kernel=4_sigma=3.log:train PSNR: 36.36254922517117
INFO:logs/DIP_log_model_gaussian_kernel=4_sigma=3.log:test PSNR: 36.84623301609107
INFO:logs/DIP_log_model_gaussian_kernel=4_sigma=3.log:train PSNR: 36.43311022709487
INFO:logs/DIP_log_model_gaussian_kernel=4_sigma=3.log:test PSNR: 36.85070626087274
INFO:logs/DIP_log_model_gaussian_kernel=4_sigma=3.log:train PSNR: 36.190876258334136
INFO:logs/DIP_log_model_gaussian_kernel=4_sigma=3.log:test PSNR: 36.84957988531856
INFO:logs/DIP_log_model_gaussian_kernel=4_sigma=3.log:train PSNR: 36.63856601428618
INFO:logs/DIP_log_model_gaussian_kernel=4_sigma=3.log:test PSNR: 36.85103874671097
INFO:logs/DIP_log_model_gaussian_kernel=4_sigma=3.log:train PSNR: 36.548437608749715
INFO:logs/DIP_log_model_gaussian_kernel=4_sigma=3.log:test PSNR: 36.85692000467115
INFO:logs/DIP_log_model_gaussian_kernel=4_sigma=3.log:train PSNR: 36.39081234339375
INFO:logs/DIP_log_model_gaussian_kernel=4_sigma=3.log:test PSNR: 36.85206420488836
INFO:logs/DIP_log_model_gaussian_kernel=4_sigma=3.log:train PSNR: 36.32449129652087
INFO:logs/DIP_log_model_gaussian_kernel=4_sigma=3.log:test PSNR: 36.85096529663061
INFO:logs/DIP_log_model_gaussian_kernel=4_sigma=3.log:train PSNR: 36.45117850992377
INFO:logs/DIP_log_model_gaussian_kernel=4_sigma=3.log:test PSNR: 36.854238303114975
INFO:logs/DIP_log_model_gaussian_kernel=4_sigma=3.log:train PSNR: 36.444360867037815
INFO:logs/DIP_log_model_gaussian_kernel=4_sigma=3.log:test PSNR: 36.857028610232184
INFO:logs/DIP_log_model_gaussian_kernel=4_sigma=3.log:train PSNR: 36.236741444710745
INFO:logs/DIP_log_model_gaussian_kernel=4_sigma=3.log:test PSNR: 36.85597598617113
INFO:logs/DIP_log_model_gaussian_kernel=4_sigma=3.log:train PSNR: 36.42105858908451
INFO:logs/DIP_log_model_gaussian_kernel=4_sigma=3.log:test PSNR: 36.85898571505283
INFO:logs/DIP_log_model_gaussian_kernel=4_sigma=3.log:train PSNR: 36.34994315782122
INFO:logs/DIP_log_model_gaussian_kernel=4_sigma=3.log:test PSNR: 36.85779797622662
INFO:logs/DIP_log_model_gaussian_kernel=4_sigma=3.log:train PSNR: 36.85030339683258
INFO:logs/DIP_log_model_gaussian_kernel=4_sigma=3.log:test PSNR: 36.85888459916111
INFO:logs/DIP_log_model_gaussian_kernel=4_sigma=3.log:train PSNR: 36.39277376851595
INFO:logs/DIP_log_model_gaussian_kernel=4_sigma=3.log:test PSNR: 36.86061958654299
INFO:logs/DIP_log_model_gaussian_kernel=4_sigma=3.log:train PSNR: 36.346327441213695
INFO:logs/DIP_log_model_gaussian_kernel=4_sigma=3.log:test PSNR: 36.85771145128784
INFO:logs/DIP_log_model_gaussian_kernel=4_sigma=3.log:train PSNR: 36.25879611975973
INFO:logs/DIP_log_model_gaussian_kernel=4_sigma=3.log:test PSNR: 36.86040205420004
INFO:logs/DIP_log_model_gaussian_kernel=4_sigma=3.log:train PSNR: 36.42640747649401
INFO:logs/DIP_log_model_gaussian_kernel=4_sigma=3.log:test PSNR: 36.858347277612054
INFO:logs/DIP_log_model_gaussian_kernel=4_sigma=3.log:train PSNR: 36.55030588672827
INFO:logs/DIP_log_model_gaussian_kernel=4_sigma=3.log:test PSNR: 36.85611772907758
INFO:logs/DIP_log_model_gaussian_kernel=4_sigma=3.log:train PSNR: 36.461048915854605
INFO:logs/DIP_log_model_gaussian_kernel=4_sigma=3.log:test PSNR: 36.860310169420764
INFO:logs/DIP_log_model_gaussian_kernel=4_sigma=3.log:train PSNR: 36.424228352343945
INFO:logs/DIP_log_model_gaussian_kernel=4_sigma=3.log:test PSNR: 36.85980602924143
INFO:logs/DIP_log_model_gaussian_kernel=4_sigma=3.log:train PSNR: 36.40618086860496
INFO:logs/DIP_log_model_gaussian_kernel=4_sigma=3.log:test PSNR: 36.86086468328931
INFO:logs/DIP_log_model_gaussian_kernel=4_sigma=3.log:train PSNR: 36.41989780756597
INFO:logs/DIP_log_model_gaussian_kernel=4_sigma=3.log:test PSNR: 36.85951278881171
INFO:logs/DIP_log_model_gaussian_kernel=4_sigma=3.log:train PSNR: 36.289827122650294
INFO:logs/DIP_log_model_gaussian_kernel=4_sigma=3.log:test PSNR: 36.86123736952579
INFO:logs/DIP_log_model_gaussian_kernel=4_sigma=3.log:train PSNR: 36.337648370559634
INFO:logs/DIP_log_model_gaussian_kernel=4_sigma=3.log:test PSNR: 36.861171049511775
INFO:logs/DIP_log_model_gaussian_kernel=4_sigma=3.log:train PSNR: 36.56381415281252
INFO:logs/DIP_log_model_gaussian_kernel=4_sigma=3.log:test PSNR: 36.86192250450191
INFO:logs/DIP_log_model_gaussian_kernel=4_sigma=3.log:train PSNR: 36.48129930825645
INFO:logs/DIP_log_model_gaussian_kernel=4_sigma=3.log:test PSNR: 36.86331028796264
INFO:logs/DIP_log_model_gaussian_kernel=4_sigma=3.log:train PSNR: 36.143114243299664
INFO:logs/DIP_log_model_gaussian_kernel=4_sigma=3.log:test PSNR: 36.8623239188979
INFO:logs/DIP_log_model_gaussian_kernel=4_sigma=3.log:train PSNR: 36.55884488129356
INFO:logs/DIP_log_model_gaussian_kernel=4_sigma=3.log:test PSNR: 36.86393033570696
INFO:logs/DIP_log_model_gaussian_kernel=4_sigma=3.log:train PSNR: 36.292026085595694
INFO:logs/DIP_log_model_gaussian_kernel=4_sigma=3.log:test PSNR: 36.86168074449604
INFO:logs/DIP_log_model_gaussian_kernel=4_sigma=3.log:train PSNR: 36.45985378295077
INFO:logs/DIP_log_model_gaussian_kernel=4_sigma=3.log:test PSNR: 36.86235838395066
INFO:logs/DIP_log_model_gaussian_kernel=4_sigma=3.log:train PSNR: 36.44441082478848
INFO:logs/DIP_log_model_gaussian_kernel=4_sigma=3.log:test PSNR: 36.86181993176603
INFO:logs/DIP_log_model_gaussian_kernel=4_sigma=3.log:train PSNR: 36.57095330592632
INFO:logs/DIP_log_model_gaussian_kernel=4_sigma=3.log:test PSNR: 36.86223404655619
INFO:logs/DIP_log_model_gaussian_kernel=4_sigma=3.log:train PSNR: 36.47034646922447
INFO:logs/DIP_log_model_gaussian_kernel=4_sigma=3.log:test PSNR: 36.863740787998886
INFO:logs/DIP_log_model_gaussian_kernel=4_sigma=3.log:train PSNR: 36.3100918254821
INFO:logs/DIP_log_model_gaussian_kernel=4_sigma=3.log:test PSNR: 36.86456836159468
INFO:logs/DIP_log_model_gaussian_kernel=4_sigma=3.log:train PSNR: 36.41995308177526
INFO:logs/DIP_log_model_gaussian_kernel=4_sigma=3.log:test PSNR: 36.86300219926895
INFO:logs/DIP_log_model_gaussian_kernel=4_sigma=3.log:train PSNR: 36.312945736058566
INFO:logs/DIP_log_model_gaussian_kernel=4_sigma=3.log:test PSNR: 36.86573418311382
INFO:logs/DIP_log_model_gaussian_kernel=4_sigma=3.log:train PSNR: 36.50269520406177
INFO:logs/DIP_log_model_gaussian_kernel=4_sigma=3.log:test PSNR: 36.863621184776925
INFO:logs/DIP_log_model_gaussian_kernel=4_sigma=3.log:train PSNR: 36.36528247205748
INFO:logs/DIP_log_model_gaussian_kernel=4_sigma=3.log:test PSNR: 36.866086935256426
INFO:logs/DIP_log_model_gaussian_kernel=4_sigma=3.log:train PSNR: 35.98679676755674
INFO:logs/DIP_log_model_gaussian_kernel=4_sigma=3.log:test PSNR: 36.863512215223466
INFO:logs/DIP_log_model_gaussian_kernel=4_sigma=3.log:train PSNR: 36.29744129588488
INFO:logs/DIP_log_model_gaussian_kernel=4_sigma=3.log:test PSNR: 36.86570767631453
INFO:logs/DIP_log_model_gaussian_kernel=4_sigma=3.log:train PSNR: 36.4651902521281
INFO:logs/DIP_log_model_gaussian_kernel=4_sigma=3.log:test PSNR: 36.86394188764637
INFO:logs/DIP_log_model_gaussian_kernel=4_sigma=3.log:train PSNR: 36.50428552902063
INFO:logs/DIP_log_model_gaussian_kernel=4_sigma=3.log:test PSNR: 36.86485731581684
INFO:logs/DIP_log_model_gaussian_kernel=4_sigma=3.log:train PSNR: 36.4805120231571
INFO:logs/DIP_log_model_gaussian_kernel=4_sigma=3.log:test PSNR: 36.865805094082944
INFO:logs/DIP_log_model_gaussian_kernel=4_sigma=3.log:train PSNR: 36.40105452727013
INFO:logs/DIP_log_model_gaussian_kernel=4_sigma=3.log:test PSNR: 36.86513787938364
INFO:logs/DIP_log_model_gaussian_kernel=4_sigma=3.log:train PSNR: 36.38040954265812
INFO:logs/DIP_log_model_gaussian_kernel=4_sigma=3.log:test PSNR: 36.863018948987516
INFO:logs/DIP_log_model_gaussian_kernel=4_sigma=3.log:train PSNR: 36.54693479796775
INFO:logs/DIP_log_model_gaussian_kernel=4_sigma=3.log:test PSNR: 36.8642022959107
INFO:logs/DIP_log_model_gaussian_kernel=4_sigma=3.log:train PSNR: 36.27248479327581
INFO:logs/DIP_log_model_gaussian_kernel=4_sigma=3.log:test PSNR: 36.86445424973681
INFO:logs/DIP_log_model_gaussian_kernel=4_sigma=3.log:train PSNR: 36.70438205436381
INFO:logs/DIP_log_model_gaussian_kernel=4_sigma=3.log:test PSNR: 36.86271752438431
INFO:logs/DIP_log_model_gaussian_kernel=4_sigma=3.log:train PSNR: 36.400448570673625
INFO:logs/DIP_log_model_gaussian_kernel=4_sigma=3.log:test PSNR: 36.86321365522504
INFO:logs/DIP_log_model_gaussian_kernel=4_sigma=3.log:train PSNR: 36.570026456442044
INFO:logs/DIP_log_model_gaussian_kernel=4_sigma=3.log:test PSNR: 36.86414704739565
INFO:logs/DIP_log_model_gaussian_kernel=4_sigma=3.log:train PSNR: 36.627564893720994
INFO:logs/DIP_log_model_gaussian_kernel=4_sigma=3.log:test PSNR: 36.86467571252919
INFO:logs/DIP_log_model_gaussian_kernel=4_sigma=3.log:train PSNR: 36.485575478536525
INFO:logs/DIP_log_model_gaussian_kernel=4_sigma=3.log:test PSNR: 36.86544552752985
INFO:logs/DIP_log_model_gaussian_kernel=4_sigma=3.log:train PSNR: 36.85168567759362
INFO:logs/DIP_log_model_gaussian_kernel=4_sigma=3.log:test PSNR: 36.866226149988336
INFO:logs/DIP_log_model_gaussian_kernel=4_sigma=3.log:train PSNR: 36.337858844620776
INFO:logs/DIP_log_model_gaussian_kernel=4_sigma=3.log:test PSNR: 36.86655711960041
INFO:logs/DIP_log_model_gaussian_kernel=4_sigma=3.log:train PSNR: 36.473359296948686
INFO:logs/DIP_log_model_gaussian_kernel=4_sigma=3.log:test PSNR: 36.865756275184786
INFO:logs/DIP_log_model_gaussian_kernel=4_sigma=3.log:train PSNR: 36.523033837761176
INFO:logs/DIP_log_model_gaussian_kernel=4_sigma=3.log:test PSNR: 36.86607372254245
INFO:logs/DIP_log_model_gaussian_kernel=4_sigma=3.log:train PSNR: 36.274104572942626
INFO:logs/DIP_log_model_gaussian_kernel=4_sigma=3.log:test PSNR: 36.86592043595186
INFO:logs/DIP_log_model_gaussian_kernel=4_sigma=3.log:train PSNR: 36.401853981126685
INFO:logs/DIP_log_model_gaussian_kernel=4_sigma=3.log:test PSNR: 36.86459785980255
INFO:logs/DIP_log_model_gaussian_kernel=4_sigma=3.log:train PSNR: 36.48664875310832
INFO:logs/DIP_log_model_gaussian_kernel=4_sigma=3.log:test PSNR: 36.86490037074824
INFO:logs/DIP_log_model_gaussian_kernel=4_sigma=3.log:train PSNR: 36.384475235391264
INFO:logs/DIP_log_model_gaussian_kernel=4_sigma=3.log:test PSNR: 36.86755549249755
INFO:logs/DIP_log_model_gaussian_kernel=4_sigma=3.log:train PSNR: 36.37059823072536
INFO:logs/DIP_log_model_gaussian_kernel=4_sigma=3.log:test PSNR: 36.86749862020919
INFO:logs/DIP_log_model_gaussian_kernel=4_sigma=3.log:train PSNR: 36.25114183304495
INFO:logs/DIP_log_model_gaussian_kernel=4_sigma=3.log:test PSNR: 36.867356372114
INFO:logs/DIP_log_model_gaussian_kernel=4_sigma=3.log:train PSNR: 36.188307631897906
INFO:logs/DIP_log_model_gaussian_kernel=4_sigma=3.log:test PSNR: 36.86624750683782
INFO:logs/DIP_log_model_gaussian_kernel=4_sigma=3.log:train PSNR: 36.5003562686133
INFO:logs/DIP_log_model_gaussian_kernel=4_sigma=3.log:test PSNR: 36.866075962951356
INFO:logs/DIP_log_model_gaussian_kernel=4_sigma=3.log:train PSNR: 36.5018159288504
INFO:logs/DIP_log_model_gaussian_kernel=4_sigma=3.log:test PSNR: 36.86707444481338
INFO:logs/DIP_log_model_gaussian_kernel=4_sigma=3.log:train PSNR: 36.578480158858646
INFO:logs/DIP_log_model_gaussian_kernel=4_sigma=3.log:test PSNR: 36.86723362147823
INFO:logs/DIP_log_model_gaussian_kernel=4_sigma=3.log:train PSNR: 36.22682867946758
INFO:logs/DIP_log_model_gaussian_kernel=4_sigma=3.log:test PSNR: 36.8672544710334
INFO:logs/DIP_log_model_gaussian_kernel=4_sigma=3.log:train PSNR: 36.354400618611386
INFO:logs/DIP_log_model_gaussian_kernel=4_sigma=3.log:test PSNR: 36.867775425724666
INFO:logs/DIP_log_model_gaussian_kernel=4_sigma=3.log:train PSNR: 36.374753573588805
INFO:logs/DIP_log_model_gaussian_kernel=4_sigma=3.log:test PSNR: 36.866141008986446
INFO:logs/DIP_log_model_gaussian_kernel=4_sigma=3.log:train PSNR: 36.288854592266794
INFO:logs/DIP_log_model_gaussian_kernel=4_sigma=3.log:test PSNR: 36.86602318871669
INFO:logs/DIP_log_model_gaussian_kernel=4_sigma=3.log:train PSNR: 36.528627346864866
INFO:logs/DIP_log_model_gaussian_kernel=4_sigma=3.log:test PSNR: 36.86657988634215
INFO:logs/DIP_log_model_gaussian_kernel=4_sigma=3.log:train PSNR: 36.50162368261896
INFO:logs/DIP_log_model_gaussian_kernel=4_sigma=3.log:test PSNR: 36.86675404345478
INFO:logs/DIP_log_model_gaussian_kernel=4_sigma=3.log:train PSNR: 36.5337649899853
INFO:logs/DIP_log_model_gaussian_kernel=4_sigma=3.log:test PSNR: 36.86743918612413
INFO:logs/DIP_log_model_gaussian_kernel=4_sigma=3.log:train PSNR: 36.35327360956194
INFO:logs/DIP_log_model_gaussian_kernel=4_sigma=3.log:test PSNR: 36.86693500139062
INFO:logs/DIP_log_model_gaussian_kernel=4_sigma=3.log:train PSNR: 36.36487105043671
INFO:logs/DIP_log_model_gaussian_kernel=4_sigma=3.log:test PSNR: 36.86656675190113
INFO:logs/DIP_log_model_gaussian_kernel=4_sigma=3.log:train PSNR: 36.44718688767367
INFO:logs/DIP_log_model_gaussian_kernel=4_sigma=3.log:test PSNR: 36.8676500271938
INFO:logs/DIP_log_model_gaussian_kernel=4_sigma=3.log:train PSNR: 36.732324488197136
INFO:logs/DIP_log_model_gaussian_kernel=4_sigma=3.log:test PSNR: 36.86720718176042
INFO:logs/DIP_log_model_gaussian_kernel=4_sigma=3.log:train PSNR: 36.7417968351474
INFO:logs/DIP_log_model_gaussian_kernel=4_sigma=3.log:test PSNR: 36.86677456630915
INFO:logs/DIP_log_model_gaussian_kernel=4_sigma=3.log:train PSNR: 36.506940453647445
INFO:logs/DIP_log_model_gaussian_kernel=4_sigma=3.log:test PSNR: 36.86729928449275
INFO:logs/DIP_log_model_gaussian_kernel=4_sigma=3.log:train PSNR: 36.6104528916946
INFO:logs/DIP_log_model_gaussian_kernel=4_sigma=3.log:test PSNR: 36.86659549555312
INFO:logs/DIP_log_model_gaussian_kernel=4_sigma=3.log:train PSNR: 36.42075794716892
INFO:logs/DIP_log_model_gaussian_kernel=4_sigma=3.log:test PSNR: 36.866777978153515
INFO:logs/DIP_log_model_gaussian_kernel=4_sigma=3.log:train PSNR: 36.442017434853774
INFO:logs/DIP_log_model_gaussian_kernel=4_sigma=3.log:test PSNR: 36.86696147305241
INFO:logs/DIP_log_model_gaussian_kernel=4_sigma=3.log:train PSNR: 36.382983741882995
INFO:logs/DIP_log_model_gaussian_kernel=4_sigma=3.log:test PSNR: 36.86689493021195
INFO:logs/DIP_log_model_gaussian_kernel=4_sigma=3.log:train PSNR: 36.78764828717767
INFO:logs/DIP_log_model_gaussian_kernel=4_sigma=3.log:test PSNR: 36.86744270650661
INFO:logs/DIP_log_model_gaussian_kernel=4_sigma=3.log:train PSNR: 36.52940763489735
INFO:logs/DIP_log_model_gaussian_kernel=4_sigma=3.log:test PSNR: 36.86611576059838
INFO:logs/DIP_log_model_gaussian_kernel=4_sigma=3.log:train PSNR: 36.446317245279715
INFO:logs/DIP_log_model_gaussian_kernel=4_sigma=3.log:test PSNR: 36.86751602697024
INFO:logs/DIP_log_model_gaussian_kernel=4_sigma=3.log:train PSNR: 36.41606462891733
INFO:logs/DIP_log_model_gaussian_kernel=4_sigma=3.log:test PSNR: 36.867819344358544
INFO:logs/DIP_log_model_gaussian_kernel=4_sigma=3.log:train PSNR: 36.52259001878623
INFO:logs/DIP_log_model_gaussian_kernel=4_sigma=3.log:test PSNR: 36.868003050395124
INFO:logs/DIP_log_model_gaussian_kernel=4_sigma=3.log:train PSNR: 36.425493811296576
INFO:logs/DIP_log_model_gaussian_kernel=4_sigma=3.log:test PSNR: 36.86782534071322
