INFO:logs/DIP_log_model_gaussian_kernel=128_sigma=3.log_model:first model = 
ConvLista_T(
  (apply_A): ConvTranspose2d(175, 1, kernel_size=(11, 11), stride=(8, 8), bias=False)
  (apply_B): Conv2d(1, 175, kernel_size=(11, 11), stride=(8, 8), bias=False)
  (apply_C): Sequential(
    (0): ConvTranspose2d(175, 1, kernel_size=(11, 11), stride=(8, 8))
  )
  (soft_threshold): SoftThreshold()
)

INFO:logs/DIP_log_model_gaussian_kernel=128_sigma=3.log_model:config_dict = {'uuid': 'DIP_project_gaussian_kernel=128_sigma=3', 'kernel_size': 11, 'stride': 8, 'num_filters': 175, 'lr': 0.0002, 'unfoldings': 12, 'lr_decay': 0.35, 'patch_size': 128, 'num_epochs': 250, 'lr_step': 50, 'eps': 0.001, 'threshold': 0.01, 'noise_std': 0.09803921568627451, 'gaussian_size': 128, 'gaussian_sigma': 3}

INFO:logs/DIP_log_model_gaussian_kernel=128_sigma=3.log:Training model...
INFO:logs/DIP_log_model_gaussian_kernel=128_sigma=3.log:train PSNR: 22.583451574137115
INFO:logs/DIP_log_model_gaussian_kernel=128_sigma=3.log:test PSNR: 23.60091829539491
INFO:logs/DIP_log_model_gaussian_kernel=128_sigma=3.log:train PSNR: 23.1843031525835
INFO:logs/DIP_log_model_gaussian_kernel=128_sigma=3.log:test PSNR: 23.686435210993864
INFO:logs/DIP_log_model_gaussian_kernel=128_sigma=3.log:train PSNR: 23.67533012455666
INFO:logs/DIP_log_model_gaussian_kernel=128_sigma=3.log:test PSNR: 24.374258336972826
INFO:logs/DIP_log_model_gaussian_kernel=128_sigma=3.log:train PSNR: 24.43070485671526
INFO:logs/DIP_log_model_gaussian_kernel=128_sigma=3.log:test PSNR: 24.701268325043205
INFO:logs/DIP_log_model_gaussian_kernel=128_sigma=3.log:train PSNR: 24.4114734889161
INFO:logs/DIP_log_model_gaussian_kernel=128_sigma=3.log:test PSNR: 24.416770195815953
INFO:logs/DIP_log_model_gaussian_kernel=128_sigma=3.log:train PSNR: 24.767883572649698
INFO:logs/DIP_log_model_gaussian_kernel=128_sigma=3.log:test PSNR: 25.212718230642338
INFO:logs/DIP_log_model_gaussian_kernel=128_sigma=3.log:train PSNR: 24.94868684638371
INFO:logs/DIP_log_model_gaussian_kernel=128_sigma=3.log:test PSNR: 25.378764673643307
INFO:logs/DIP_log_model_gaussian_kernel=128_sigma=3.log:train PSNR: 25.261288876813584
INFO:logs/DIP_log_model_gaussian_kernel=128_sigma=3.log:test PSNR: 25.361808026285512
INFO:logs/DIP_log_model_gaussian_kernel=128_sigma=3.log:train PSNR: 25.071493860272277
INFO:logs/DIP_log_model_gaussian_kernel=128_sigma=3.log:test PSNR: 25.627870770086858
INFO:logs/DIP_log_model_gaussian_kernel=128_sigma=3.log:train PSNR: 25.692844531700793
INFO:logs/DIP_log_model_gaussian_kernel=128_sigma=3.log:test PSNR: 24.94350454065713
INFO:logs/DIP_log_model_gaussian_kernel=128_sigma=3.log:train PSNR: 24.81805474574339
INFO:logs/DIP_log_model_gaussian_kernel=128_sigma=3.log:test PSNR: 25.4617382761342
INFO:logs/DIP_log_model_gaussian_kernel=128_sigma=3.log:train PSNR: 25.493319878993987
INFO:logs/DIP_log_model_gaussian_kernel=128_sigma=3.log:test PSNR: 25.576999276745866
INFO:logs/DIP_log_model_gaussian_kernel=128_sigma=3.log:train PSNR: 25.66054930521648
INFO:logs/DIP_log_model_gaussian_kernel=128_sigma=3.log:test PSNR: 25.818044566007895
INFO:logs/DIP_log_model_gaussian_kernel=128_sigma=3.log:train PSNR: 25.72092421807765
INFO:logs/DIP_log_model_gaussian_kernel=128_sigma=3.log:test PSNR: 25.42994650809639
INFO:logs/DIP_log_model_gaussian_kernel=128_sigma=3.log:train PSNR: 25.92301014519725
INFO:logs/DIP_log_model_gaussian_kernel=128_sigma=3.log:test PSNR: 25.85688738319702
INFO:logs/DIP_log_model_gaussian_kernel=128_sigma=3.log:train PSNR: 25.70011879882325
INFO:logs/DIP_log_model_gaussian_kernel=128_sigma=3.log:test PSNR: 26.056606620083876
INFO:logs/DIP_log_model_gaussian_kernel=128_sigma=3.log:train PSNR: 25.664508921261643
INFO:logs/DIP_log_model_gaussian_kernel=128_sigma=3.log:test PSNR: 25.880972333797303
INFO:logs/DIP_log_model_gaussian_kernel=128_sigma=3.log:train PSNR: 26.000410991064182
INFO:logs/DIP_log_model_gaussian_kernel=128_sigma=3.log:test PSNR: 26.18411149216386
INFO:logs/DIP_log_model_gaussian_kernel=128_sigma=3.log:train PSNR: 25.930996420589064
INFO:logs/DIP_log_model_gaussian_kernel=128_sigma=3.log:test PSNR: 26.192047841657462
INFO:logs/DIP_log_model_gaussian_kernel=128_sigma=3.log:train PSNR: 25.8289691108305
INFO:logs/DIP_log_model_gaussian_kernel=128_sigma=3.log:test PSNR: 25.825927832868153
INFO:logs/DIP_log_model_gaussian_kernel=128_sigma=3.log:train PSNR: 25.787672729671083
INFO:logs/DIP_log_model_gaussian_kernel=128_sigma=3.log:test PSNR: 24.90975049986495
INFO:logs/DIP_log_model_gaussian_kernel=128_sigma=3.log:train PSNR: 25.886840551631586
INFO:logs/DIP_log_model_gaussian_kernel=128_sigma=3.log:test PSNR: 26.258823982908677
INFO:logs/DIP_log_model_gaussian_kernel=128_sigma=3.log:train PSNR: 26.107337775440126
INFO:logs/DIP_log_model_gaussian_kernel=128_sigma=3.log:test PSNR: 26.369871746642133
INFO:logs/DIP_log_model_gaussian_kernel=128_sigma=3.log:train PSNR: 26.178680637288988
INFO:logs/DIP_log_model_gaussian_kernel=128_sigma=3.log:test PSNR: 26.462613287852626
INFO:logs/DIP_log_model_gaussian_kernel=128_sigma=3.log:train PSNR: 26.305840160751753
INFO:logs/DIP_log_model_gaussian_kernel=128_sigma=3.log:test PSNR: 26.482028831116967
INFO:logs/DIP_log_model_gaussian_kernel=128_sigma=3.log:train PSNR: 26.495389447757987
INFO:logs/DIP_log_model_gaussian_kernel=128_sigma=3.log:test PSNR: 26.550476073421486
INFO:logs/DIP_log_model_gaussian_kernel=128_sigma=3.log:train PSNR: 26.5768979732483
INFO:logs/DIP_log_model_gaussian_kernel=128_sigma=3.log:test PSNR: 26.529997585949452
INFO:logs/DIP_log_model_gaussian_kernel=128_sigma=3.log:train PSNR: 26.47079451592007
INFO:logs/DIP_log_model_gaussian_kernel=128_sigma=3.log:test PSNR: 26.59533842515124
INFO:logs/DIP_log_model_gaussian_kernel=128_sigma=3.log:train PSNR: 26.646041460884508
INFO:logs/DIP_log_model_gaussian_kernel=128_sigma=3.log:test PSNR: 26.612026478097018
INFO:logs/DIP_log_model_gaussian_kernel=128_sigma=3.log:train PSNR: 26.706478384797126
INFO:logs/DIP_log_model_gaussian_kernel=128_sigma=3.log:test PSNR: 26.640241554901078
INFO:logs/DIP_log_model_gaussian_kernel=128_sigma=3.log:train PSNR: 26.59465393826724
INFO:logs/DIP_log_model_gaussian_kernel=128_sigma=3.log:test PSNR: 25.00041112404245
INFO:logs/DIP_log_model_gaussian_kernel=128_sigma=3.log:train PSNR: 26.3634796548233
INFO:logs/DIP_log_model_gaussian_kernel=128_sigma=3.log:test PSNR: 26.664059204932062
INFO:logs/DIP_log_model_gaussian_kernel=128_sigma=3.log:train PSNR: 26.657220841554004
INFO:logs/DIP_log_model_gaussian_kernel=128_sigma=3.log:test PSNR: 26.654018705207086
INFO:logs/DIP_log_model_gaussian_kernel=128_sigma=3.log:train PSNR: 26.76777522845692
INFO:logs/DIP_log_model_gaussian_kernel=128_sigma=3.log:test PSNR: 26.706325819033673
INFO:logs/DIP_log_model_gaussian_kernel=128_sigma=3.log:train PSNR: 26.60103765779528
INFO:logs/DIP_log_model_gaussian_kernel=128_sigma=3.log:test PSNR: 26.73522677407594
INFO:logs/DIP_log_model_gaussian_kernel=128_sigma=3.log:train PSNR: 26.139803245109018
INFO:logs/DIP_log_model_gaussian_kernel=128_sigma=3.log:test PSNR: 26.453311986390638
INFO:logs/DIP_log_model_gaussian_kernel=128_sigma=3.log:train PSNR: 26.602288829615034
INFO:logs/DIP_log_model_gaussian_kernel=128_sigma=3.log:test PSNR: 26.660349473904535
INFO:logs/DIP_log_model_gaussian_kernel=128_sigma=3.log:train PSNR: 27.052738915900274
INFO:logs/DIP_log_model_gaussian_kernel=128_sigma=3.log:test PSNR: 26.72360246138495
INFO:logs/DIP_log_model_gaussian_kernel=128_sigma=3.log:train PSNR: 26.951633356338846
INFO:logs/DIP_log_model_gaussian_kernel=128_sigma=3.log:test PSNR: 26.734076379542774
INFO:logs/DIP_log_model_gaussian_kernel=128_sigma=3.log:train PSNR: 26.906969681947007
INFO:logs/DIP_log_model_gaussian_kernel=128_sigma=3.log:test PSNR: 26.748233774184655
INFO:logs/DIP_log_model_gaussian_kernel=128_sigma=3.log:train PSNR: 26.793962833959274
INFO:logs/DIP_log_model_gaussian_kernel=128_sigma=3.log:test PSNR: 26.775585224028116
INFO:logs/DIP_log_model_gaussian_kernel=128_sigma=3.log:train PSNR: 26.69744481282042
INFO:logs/DIP_log_model_gaussian_kernel=128_sigma=3.log:test PSNR: 26.71705737062932
INFO:logs/DIP_log_model_gaussian_kernel=128_sigma=3.log:train PSNR: 26.71034035865172
INFO:logs/DIP_log_model_gaussian_kernel=128_sigma=3.log:test PSNR: 26.788101826827926
INFO:logs/DIP_log_model_gaussian_kernel=128_sigma=3.log:train PSNR: 26.63131781444314
INFO:logs/DIP_log_model_gaussian_kernel=128_sigma=3.log:test PSNR: 26.790559774269624
INFO:logs/DIP_log_model_gaussian_kernel=128_sigma=3.log:train PSNR: 26.99678150793203
INFO:logs/DIP_log_model_gaussian_kernel=128_sigma=3.log:test PSNR: 26.840609519135917
INFO:logs/DIP_log_model_gaussian_kernel=128_sigma=3.log:train PSNR: 26.909814701713838
INFO:logs/DIP_log_model_gaussian_kernel=128_sigma=3.log:test PSNR: 26.812495472953124
INFO:logs/DIP_log_model_gaussian_kernel=128_sigma=3.log:train PSNR: 27.085530523771816
INFO:logs/DIP_log_model_gaussian_kernel=128_sigma=3.log:test PSNR: 26.823312520464807
INFO:logs/DIP_log_model_gaussian_kernel=128_sigma=3.log:train PSNR: 26.937551989786563
INFO:logs/DIP_log_model_gaussian_kernel=128_sigma=3.log:test PSNR: 26.88576724069962
INFO:logs/DIP_log_model_gaussian_kernel=128_sigma=3.log:train PSNR: 26.767299328889425
INFO:logs/DIP_log_model_gaussian_kernel=128_sigma=3.log:test PSNR: 26.84216637146756
INFO:logs/DIP_log_model_gaussian_kernel=128_sigma=3.log:train PSNR: 26.71572036130708
INFO:logs/DIP_log_model_gaussian_kernel=128_sigma=3.log:test PSNR: 26.78712208976847
INFO:logs/DIP_log_model_gaussian_kernel=128_sigma=3.log:train PSNR: 27.188118672534696
INFO:logs/DIP_log_model_gaussian_kernel=128_sigma=3.log:test PSNR: 26.867939855619394
INFO:logs/DIP_log_model_gaussian_kernel=128_sigma=3.log:train PSNR: 27.073811710983062
INFO:logs/DIP_log_model_gaussian_kernel=128_sigma=3.log:test PSNR: 26.894247336681627
INFO:logs/DIP_log_model_gaussian_kernel=128_sigma=3.log:train PSNR: 27.079873012799393
INFO:logs/DIP_log_model_gaussian_kernel=128_sigma=3.log:test PSNR: 26.899371286516445
INFO:logs/DIP_log_model_gaussian_kernel=128_sigma=3.log:train PSNR: 26.88998277459353
INFO:logs/DIP_log_model_gaussian_kernel=128_sigma=3.log:test PSNR: 26.907586352265895
INFO:logs/DIP_log_model_gaussian_kernel=128_sigma=3.log:train PSNR: 26.89481297616078
INFO:logs/DIP_log_model_gaussian_kernel=128_sigma=3.log:test PSNR: 26.890493320913556
INFO:logs/DIP_log_model_gaussian_kernel=128_sigma=3.log:train PSNR: 27.20955279096674
INFO:logs/DIP_log_model_gaussian_kernel=128_sigma=3.log:test PSNR: 26.885434311837034
INFO:logs/DIP_log_model_gaussian_kernel=128_sigma=3.log:train PSNR: 27.09813852041473
INFO:logs/DIP_log_model_gaussian_kernel=128_sigma=3.log:test PSNR: 26.904027987128455
INFO:logs/DIP_log_model_gaussian_kernel=128_sigma=3.log:train PSNR: 27.109939494455258
INFO:logs/DIP_log_model_gaussian_kernel=128_sigma=3.log:test PSNR: 26.906150817765816
INFO:logs/DIP_log_model_gaussian_kernel=128_sigma=3.log:train PSNR: 27.208712371368215
INFO:logs/DIP_log_model_gaussian_kernel=128_sigma=3.log:test PSNR: 26.900541330827863
INFO:logs/DIP_log_model_gaussian_kernel=128_sigma=3.log:train PSNR: 26.951983777912144
INFO:logs/DIP_log_model_gaussian_kernel=128_sigma=3.log:test PSNR: 26.92137389842182
INFO:logs/DIP_log_model_gaussian_kernel=128_sigma=3.log:train PSNR: 27.191797011122798
INFO:logs/DIP_log_model_gaussian_kernel=128_sigma=3.log:test PSNR: 26.924341258470314
INFO:logs/DIP_log_model_gaussian_kernel=128_sigma=3.log:train PSNR: 26.99951385140796
INFO:logs/DIP_log_model_gaussian_kernel=128_sigma=3.log:test PSNR: 26.921003424778768
INFO:logs/DIP_log_model_gaussian_kernel=128_sigma=3.log:train PSNR: 27.138413977089378
INFO:logs/DIP_log_model_gaussian_kernel=128_sigma=3.log:test PSNR: 26.933846068888393
INFO:logs/DIP_log_model_gaussian_kernel=128_sigma=3.log:train PSNR: 27.02030827108264
INFO:logs/DIP_log_model_gaussian_kernel=128_sigma=3.log:test PSNR: 26.961807901984983
INFO:logs/DIP_log_model_gaussian_kernel=128_sigma=3.log:train PSNR: 26.933561896873552
INFO:logs/DIP_log_model_gaussian_kernel=128_sigma=3.log:test PSNR: 26.931363097330244
INFO:logs/DIP_log_model_gaussian_kernel=128_sigma=3.log:train PSNR: 27.13817689078624
INFO:logs/DIP_log_model_gaussian_kernel=128_sigma=3.log:test PSNR: 26.97422976750898
INFO:logs/DIP_log_model_gaussian_kernel=128_sigma=3.log:train PSNR: 27.106724527589638
INFO:logs/DIP_log_model_gaussian_kernel=128_sigma=3.log:test PSNR: 26.952962842713987
INFO:logs/DIP_log_model_gaussian_kernel=128_sigma=3.log:train PSNR: 27.258366252498814
INFO:logs/DIP_log_model_gaussian_kernel=128_sigma=3.log:test PSNR: 26.935648423464407
INFO:logs/DIP_log_model_gaussian_kernel=128_sigma=3.log:train PSNR: 27.248317116020324
INFO:logs/DIP_log_model_gaussian_kernel=128_sigma=3.log:test PSNR: 26.96740523651988
INFO:logs/DIP_log_model_gaussian_kernel=128_sigma=3.log:train PSNR: 27.297907159115145
INFO:logs/DIP_log_model_gaussian_kernel=128_sigma=3.log:test PSNR: 26.9565297070383
INFO:logs/DIP_log_model_gaussian_kernel=128_sigma=3.log:train PSNR: 27.00621700517454
INFO:logs/DIP_log_model_gaussian_kernel=128_sigma=3.log:test PSNR: 26.96778942590022
INFO:logs/DIP_log_model_gaussian_kernel=128_sigma=3.log:train PSNR: 27.17013986630221
INFO:logs/DIP_log_model_gaussian_kernel=128_sigma=3.log:test PSNR: 26.976262540164637
INFO:logs/DIP_log_model_gaussian_kernel=128_sigma=3.log:train PSNR: 27.018385221829895
INFO:logs/DIP_log_model_gaussian_kernel=128_sigma=3.log:test PSNR: 26.992733306112516
INFO:logs/DIP_log_model_gaussian_kernel=128_sigma=3.log:train PSNR: 26.854208134785264
INFO:logs/DIP_log_model_gaussian_kernel=128_sigma=3.log:test PSNR: 26.957685403608398
INFO:logs/DIP_log_model_gaussian_kernel=128_sigma=3.log:train PSNR: 26.945680483865736
INFO:logs/DIP_log_model_gaussian_kernel=128_sigma=3.log:test PSNR: 26.97238161467407
INFO:logs/DIP_log_model_gaussian_kernel=128_sigma=3.log:train PSNR: 26.952663261879078
INFO:logs/DIP_log_model_gaussian_kernel=128_sigma=3.log:test PSNR: 26.992816684551148
INFO:logs/DIP_log_model_gaussian_kernel=128_sigma=3.log:train PSNR: 27.302540929262946
INFO:logs/DIP_log_model_gaussian_kernel=128_sigma=3.log:test PSNR: 26.99705903138473
INFO:logs/DIP_log_model_gaussian_kernel=128_sigma=3.log:train PSNR: 27.175054940935976
INFO:logs/DIP_log_model_gaussian_kernel=128_sigma=3.log:test PSNR: 27.003566252464214
INFO:logs/DIP_log_model_gaussian_kernel=128_sigma=3.log:train PSNR: 27.16701306661237
INFO:logs/DIP_log_model_gaussian_kernel=128_sigma=3.log:test PSNR: 27.001336750381938
INFO:logs/DIP_log_model_gaussian_kernel=128_sigma=3.log:train PSNR: 27.185842058538
INFO:logs/DIP_log_model_gaussian_kernel=128_sigma=3.log:test PSNR: 27.000468688334937
INFO:logs/DIP_log_model_gaussian_kernel=128_sigma=3.log:train PSNR: 27.310920539510526
INFO:logs/DIP_log_model_gaussian_kernel=128_sigma=3.log:test PSNR: 27.011295377320206
INFO:logs/DIP_log_model_gaussian_kernel=128_sigma=3.log:train PSNR: 27.267118890022566
INFO:logs/DIP_log_model_gaussian_kernel=128_sigma=3.log:test PSNR: 27.01008518228589
INFO:logs/DIP_log_model_gaussian_kernel=128_sigma=3.log:train PSNR: 27.068743848593012
INFO:logs/DIP_log_model_gaussian_kernel=128_sigma=3.log:test PSNR: 27.00466638060712
INFO:logs/DIP_log_model_gaussian_kernel=128_sigma=3.log:train PSNR: 27.163332868489395
INFO:logs/DIP_log_model_gaussian_kernel=128_sigma=3.log:test PSNR: 27.016963967767676
INFO:logs/DIP_log_model_gaussian_kernel=128_sigma=3.log:train PSNR: 27.06688205168707
INFO:logs/DIP_log_model_gaussian_kernel=128_sigma=3.log:test PSNR: 26.994301558220865
INFO:logs/DIP_log_model_gaussian_kernel=128_sigma=3.log:train PSNR: 27.17221881900972
INFO:logs/DIP_log_model_gaussian_kernel=128_sigma=3.log:test PSNR: 27.01547334823107
INFO:logs/DIP_log_model_gaussian_kernel=128_sigma=3.log:train PSNR: 27.09268791701309
INFO:logs/DIP_log_model_gaussian_kernel=128_sigma=3.log:test PSNR: 27.01712914677667
INFO:logs/DIP_log_model_gaussian_kernel=128_sigma=3.log:train PSNR: 27.21544182644379
INFO:logs/DIP_log_model_gaussian_kernel=128_sigma=3.log:test PSNR: 27.00384096191145
INFO:logs/DIP_log_model_gaussian_kernel=128_sigma=3.log:train PSNR: 27.06946162607295
INFO:logs/DIP_log_model_gaussian_kernel=128_sigma=3.log:test PSNR: 27.02627254934912
INFO:logs/DIP_log_model_gaussian_kernel=128_sigma=3.log:train PSNR: 26.967658998901292
INFO:logs/DIP_log_model_gaussian_kernel=128_sigma=3.log:test PSNR: 27.008686521026455
INFO:logs/DIP_log_model_gaussian_kernel=128_sigma=3.log:train PSNR: 27.308929382645793
INFO:logs/DIP_log_model_gaussian_kernel=128_sigma=3.log:test PSNR: 27.00299794183938
INFO:logs/DIP_log_model_gaussian_kernel=128_sigma=3.log:train PSNR: 27.155796734410902
INFO:logs/DIP_log_model_gaussian_kernel=128_sigma=3.log:test PSNR: 27.017367585856896
INFO:logs/DIP_log_model_gaussian_kernel=128_sigma=3.log:train PSNR: 27.26822130383561
INFO:logs/DIP_log_model_gaussian_kernel=128_sigma=3.log:test PSNR: 27.015913794132594
INFO:logs/DIP_log_model_gaussian_kernel=128_sigma=3.log:train PSNR: 27.23585811213439
INFO:logs/DIP_log_model_gaussian_kernel=128_sigma=3.log:test PSNR: 27.017311935508953
INFO:logs/DIP_log_model_gaussian_kernel=128_sigma=3.log:train PSNR: 26.848973122871634
INFO:logs/DIP_log_model_gaussian_kernel=128_sigma=3.log:test PSNR: 27.01609409075719
INFO:logs/DIP_log_model_gaussian_kernel=128_sigma=3.log:train PSNR: 27.384912258809564
INFO:logs/DIP_log_model_gaussian_kernel=128_sigma=3.log:test PSNR: 27.021134183085014
INFO:logs/DIP_log_model_gaussian_kernel=128_sigma=3.log:train PSNR: 27.359897962285444
INFO:logs/DIP_log_model_gaussian_kernel=128_sigma=3.log:test PSNR: 27.02170213881569
INFO:logs/DIP_log_model_gaussian_kernel=128_sigma=3.log:train PSNR: 27.157304579760602
INFO:logs/DIP_log_model_gaussian_kernel=128_sigma=3.log:test PSNR: 27.015431425118685
INFO:logs/DIP_log_model_gaussian_kernel=128_sigma=3.log:train PSNR: 27.24087307774239
INFO:logs/DIP_log_model_gaussian_kernel=128_sigma=3.log:test PSNR: 27.02956734767868
INFO:logs/DIP_log_model_gaussian_kernel=128_sigma=3.log:train PSNR: 27.25642961417939
INFO:logs/DIP_log_model_gaussian_kernel=128_sigma=3.log:test PSNR: 27.034220423252982
INFO:logs/DIP_log_model_gaussian_kernel=128_sigma=3.log:train PSNR: 27.347432340971373
INFO:logs/DIP_log_model_gaussian_kernel=128_sigma=3.log:test PSNR: 27.03486792947938
INFO:logs/DIP_log_model_gaussian_kernel=128_sigma=3.log:train PSNR: 27.473301349728008
INFO:logs/DIP_log_model_gaussian_kernel=128_sigma=3.log:test PSNR: 27.034122572137967
INFO:logs/DIP_log_model_gaussian_kernel=128_sigma=3.log:train PSNR: 27.538353642488772
INFO:logs/DIP_log_model_gaussian_kernel=128_sigma=3.log:test PSNR: 27.03730964027862
INFO:logs/DIP_log_model_gaussian_kernel=128_sigma=3.log:train PSNR: 27.037868620625147
INFO:logs/DIP_log_model_gaussian_kernel=128_sigma=3.log:test PSNR: 27.03475112698918
INFO:logs/DIP_log_model_gaussian_kernel=128_sigma=3.log:train PSNR: 27.243258460780936
INFO:logs/DIP_log_model_gaussian_kernel=128_sigma=3.log:test PSNR: 27.039336014450722
INFO:logs/DIP_log_model_gaussian_kernel=128_sigma=3.log:train PSNR: 27.153704379419047
INFO:logs/DIP_log_model_gaussian_kernel=128_sigma=3.log:test PSNR: 27.03323112098488
INFO:logs/DIP_log_model_gaussian_kernel=128_sigma=3.log:train PSNR: 27.230746083859334
INFO:logs/DIP_log_model_gaussian_kernel=128_sigma=3.log:test PSNR: 27.03053568466867
INFO:logs/DIP_log_model_gaussian_kernel=128_sigma=3.log:train PSNR: 27.458167446218017
INFO:logs/DIP_log_model_gaussian_kernel=128_sigma=3.log:test PSNR: 27.03588497537424
INFO:logs/DIP_log_model_gaussian_kernel=128_sigma=3.log:train PSNR: 27.299760830165827
INFO:logs/DIP_log_model_gaussian_kernel=128_sigma=3.log:test PSNR: 27.038685169234714
INFO:logs/DIP_log_model_gaussian_kernel=128_sigma=3.log:train PSNR: 27.314231809132686
INFO:logs/DIP_log_model_gaussian_kernel=128_sigma=3.log:test PSNR: 27.042750870172007
INFO:logs/DIP_log_model_gaussian_kernel=128_sigma=3.log:train PSNR: 27.353177760903247
INFO:logs/DIP_log_model_gaussian_kernel=128_sigma=3.log:test PSNR: 27.03200839030581
INFO:logs/DIP_log_model_gaussian_kernel=128_sigma=3.log:train PSNR: 27.318094103332637
INFO:logs/DIP_log_model_gaussian_kernel=128_sigma=3.log:test PSNR: 27.036783624931097
INFO:logs/DIP_log_model_gaussian_kernel=128_sigma=3.log:train PSNR: 27.08154035404938
INFO:logs/DIP_log_model_gaussian_kernel=128_sigma=3.log:test PSNR: 27.04072380791847
INFO:logs/DIP_log_model_gaussian_kernel=128_sigma=3.log:train PSNR: 27.560476606168194
INFO:logs/DIP_log_model_gaussian_kernel=128_sigma=3.log:test PSNR: 27.04243912979186
INFO:logs/DIP_log_model_gaussian_kernel=128_sigma=3.log:train PSNR: 27.16390584717004
INFO:logs/DIP_log_model_gaussian_kernel=128_sigma=3.log:test PSNR: 27.04014517650543
INFO:logs/DIP_log_model_gaussian_kernel=128_sigma=3.log:train PSNR: 27.53987099273963
INFO:logs/DIP_log_model_gaussian_kernel=128_sigma=3.log:test PSNR: 27.0372703805445
INFO:logs/DIP_log_model_gaussian_kernel=128_sigma=3.log:train PSNR: 27.143506642399668
INFO:logs/DIP_log_model_gaussian_kernel=128_sigma=3.log:test PSNR: 27.04273051315047
INFO:logs/DIP_log_model_gaussian_kernel=128_sigma=3.log:train PSNR: 27.035126067595627
INFO:logs/DIP_log_model_gaussian_kernel=128_sigma=3.log:test PSNR: 27.038943862215284
INFO:logs/DIP_log_model_gaussian_kernel=128_sigma=3.log:train PSNR: 27.345200231312152
INFO:logs/DIP_log_model_gaussian_kernel=128_sigma=3.log:test PSNR: 27.045660669305096
INFO:logs/DIP_log_model_gaussian_kernel=128_sigma=3.log:train PSNR: 27.035965569245356
INFO:logs/DIP_log_model_gaussian_kernel=128_sigma=3.log:test PSNR: 27.03911543937873
INFO:logs/DIP_log_model_gaussian_kernel=128_sigma=3.log:train PSNR: 27.10761968296303
INFO:logs/DIP_log_model_gaussian_kernel=128_sigma=3.log:test PSNR: 27.045738511434532
INFO:logs/DIP_log_model_gaussian_kernel=128_sigma=3.log:train PSNR: 27.361749584075337
INFO:logs/DIP_log_model_gaussian_kernel=128_sigma=3.log:test PSNR: 27.035866001907657
INFO:logs/DIP_log_model_gaussian_kernel=128_sigma=3.log:train PSNR: 27.184486377484788
INFO:logs/DIP_log_model_gaussian_kernel=128_sigma=3.log:test PSNR: 27.046542811772177
INFO:logs/DIP_log_model_gaussian_kernel=128_sigma=3.log:train PSNR: 27.41746843915654
INFO:logs/DIP_log_model_gaussian_kernel=128_sigma=3.log:test PSNR: 27.040600273186712
INFO:logs/DIP_log_model_gaussian_kernel=128_sigma=3.log:train PSNR: 27.254768126384565
INFO:logs/DIP_log_model_gaussian_kernel=128_sigma=3.log:test PSNR: 27.041351672253327
INFO:logs/DIP_log_model_gaussian_kernel=128_sigma=3.log:train PSNR: 27.308919448720637
INFO:logs/DIP_log_model_gaussian_kernel=128_sigma=3.log:test PSNR: 27.040033834737077
INFO:logs/DIP_log_model_gaussian_kernel=128_sigma=3.log:train PSNR: 27.39647040044706
INFO:logs/DIP_log_model_gaussian_kernel=128_sigma=3.log:test PSNR: 27.04594355951436
INFO:logs/DIP_log_model_gaussian_kernel=128_sigma=3.log:train PSNR: 27.646602306697865
INFO:logs/DIP_log_model_gaussian_kernel=128_sigma=3.log:test PSNR: 27.045746032722402
INFO:logs/DIP_log_model_gaussian_kernel=128_sigma=3.log:train PSNR: 26.889805973751823
INFO:logs/DIP_log_model_gaussian_kernel=128_sigma=3.log:test PSNR: 27.04925810759474
INFO:logs/DIP_log_model_gaussian_kernel=128_sigma=3.log:train PSNR: 27.3374080062554
INFO:logs/DIP_log_model_gaussian_kernel=128_sigma=3.log:test PSNR: 27.031695849063496
INFO:logs/DIP_log_model_gaussian_kernel=128_sigma=3.log:train PSNR: 27.249829742931123
INFO:logs/DIP_log_model_gaussian_kernel=128_sigma=3.log:test PSNR: 27.052671481289924
INFO:logs/DIP_log_model_gaussian_kernel=128_sigma=3.log:train PSNR: 27.525102421860424
INFO:logs/DIP_log_model_gaussian_kernel=128_sigma=3.log:test PSNR: 27.046970704817483
INFO:logs/DIP_log_model_gaussian_kernel=128_sigma=3.log:train PSNR: 26.96040875265692
INFO:logs/DIP_log_model_gaussian_kernel=128_sigma=3.log:test PSNR: 27.044908633317313
INFO:logs/DIP_log_model_gaussian_kernel=128_sigma=3.log:train PSNR: 27.192642755153692
INFO:logs/DIP_log_model_gaussian_kernel=128_sigma=3.log:test PSNR: 27.04822475964991
INFO:logs/DIP_log_model_gaussian_kernel=128_sigma=3.log:train PSNR: 27.303087876520447
INFO:logs/DIP_log_model_gaussian_kernel=128_sigma=3.log:test PSNR: 27.04786110275782
INFO:logs/DIP_log_model_gaussian_kernel=128_sigma=3.log:train PSNR: 27.25388234378034
INFO:logs/DIP_log_model_gaussian_kernel=128_sigma=3.log:test PSNR: 27.047107560098294
INFO:logs/DIP_log_model_gaussian_kernel=128_sigma=3.log:train PSNR: 27.255642029757833
INFO:logs/DIP_log_model_gaussian_kernel=128_sigma=3.log:test PSNR: 27.04759578303909
INFO:logs/DIP_log_model_gaussian_kernel=128_sigma=3.log:train PSNR: 27.246637138903672
INFO:logs/DIP_log_model_gaussian_kernel=128_sigma=3.log:test PSNR: 27.044447193848438
INFO:logs/DIP_log_model_gaussian_kernel=128_sigma=3.log:train PSNR: 27.140968924452086
INFO:logs/DIP_log_model_gaussian_kernel=128_sigma=3.log:test PSNR: 27.046977560484848
INFO:logs/DIP_log_model_gaussian_kernel=128_sigma=3.log:train PSNR: 27.38396339346539
INFO:logs/DIP_log_model_gaussian_kernel=128_sigma=3.log:test PSNR: 27.049372133700224
INFO:logs/DIP_log_model_gaussian_kernel=128_sigma=3.log:train PSNR: 27.18573309335954
INFO:logs/DIP_log_model_gaussian_kernel=128_sigma=3.log:test PSNR: 27.05208448089959
INFO:logs/DIP_log_model_gaussian_kernel=128_sigma=3.log:train PSNR: 27.24287121546668
INFO:logs/DIP_log_model_gaussian_kernel=128_sigma=3.log:test PSNR: 27.049217732677672
INFO:logs/DIP_log_model_gaussian_kernel=128_sigma=3.log:train PSNR: 27.134929824693394
INFO:logs/DIP_log_model_gaussian_kernel=128_sigma=3.log:test PSNR: 27.049760448317528
INFO:logs/DIP_log_model_gaussian_kernel=128_sigma=3.log:train PSNR: 27.49286764997575
INFO:logs/DIP_log_model_gaussian_kernel=128_sigma=3.log:test PSNR: 27.05367284742255
INFO:logs/DIP_log_model_gaussian_kernel=128_sigma=3.log:train PSNR: 26.970312912254244
INFO:logs/DIP_log_model_gaussian_kernel=128_sigma=3.log:test PSNR: 27.046491879282758
INFO:logs/DIP_log_model_gaussian_kernel=128_sigma=3.log:train PSNR: 27.42976247947393
INFO:logs/DIP_log_model_gaussian_kernel=128_sigma=3.log:test PSNR: 27.049922605211126
INFO:logs/DIP_log_model_gaussian_kernel=128_sigma=3.log:train PSNR: 27.16479970326246
INFO:logs/DIP_log_model_gaussian_kernel=128_sigma=3.log:test PSNR: 27.053031115549874
INFO:logs/DIP_log_model_gaussian_kernel=128_sigma=3.log:train PSNR: 27.29427269674263
INFO:logs/DIP_log_model_gaussian_kernel=128_sigma=3.log:test PSNR: 27.05532881433653
INFO:logs/DIP_log_model_gaussian_kernel=128_sigma=3.log:train PSNR: 26.97364484399199
INFO:logs/DIP_log_model_gaussian_kernel=128_sigma=3.log:test PSNR: 27.049860141548344
INFO:logs/DIP_log_model_gaussian_kernel=128_sigma=3.log:train PSNR: 27.499430011604268
INFO:logs/DIP_log_model_gaussian_kernel=128_sigma=3.log:test PSNR: 27.051144947274263
INFO:logs/DIP_log_model_gaussian_kernel=128_sigma=3.log:train PSNR: 27.173572963115014
INFO:logs/DIP_log_model_gaussian_kernel=128_sigma=3.log:test PSNR: 27.05042513157479
INFO:logs/DIP_log_model_gaussian_kernel=128_sigma=3.log:train PSNR: 27.353762381493254
INFO:logs/DIP_log_model_gaussian_kernel=128_sigma=3.log:test PSNR: 27.04788126786484
INFO:logs/DIP_log_model_gaussian_kernel=128_sigma=3.log:train PSNR: 27.282734145574583
INFO:logs/DIP_log_model_gaussian_kernel=128_sigma=3.log:test PSNR: 27.04988771943934
INFO:logs/DIP_log_model_gaussian_kernel=128_sigma=3.log:train PSNR: 27.306532177829467
INFO:logs/DIP_log_model_gaussian_kernel=128_sigma=3.log:test PSNR: 27.051139234319194
INFO:logs/DIP_log_model_gaussian_kernel=128_sigma=3.log:train PSNR: 27.149927330351645
INFO:logs/DIP_log_model_gaussian_kernel=128_sigma=3.log:test PSNR: 27.04873865662128
INFO:logs/DIP_log_model_gaussian_kernel=128_sigma=3.log:train PSNR: 27.27013942279276
INFO:logs/DIP_log_model_gaussian_kernel=128_sigma=3.log:test PSNR: 27.04706749851601
INFO:logs/DIP_log_model_gaussian_kernel=128_sigma=3.log:train PSNR: 27.289053262924128
INFO:logs/DIP_log_model_gaussian_kernel=128_sigma=3.log:test PSNR: 27.050599243753624
INFO:logs/DIP_log_model_gaussian_kernel=128_sigma=3.log:train PSNR: 27.082395474017655
INFO:logs/DIP_log_model_gaussian_kernel=128_sigma=3.log:test PSNR: 27.052617071980055
INFO:logs/DIP_log_model_gaussian_kernel=128_sigma=3.log:train PSNR: 27.285297694392526
INFO:logs/DIP_log_model_gaussian_kernel=128_sigma=3.log:test PSNR: 27.048647339852963
INFO:logs/DIP_log_model_gaussian_kernel=128_sigma=3.log:train PSNR: 27.36140186875556
INFO:logs/DIP_log_model_gaussian_kernel=128_sigma=3.log:test PSNR: 27.04926923055121
INFO:logs/DIP_log_model_gaussian_kernel=128_sigma=3.log:train PSNR: 27.142581972701855
INFO:logs/DIP_log_model_gaussian_kernel=128_sigma=3.log:test PSNR: 27.051282018078677
INFO:logs/DIP_log_model_gaussian_kernel=128_sigma=3.log:train PSNR: 27.116957794176926
INFO:logs/DIP_log_model_gaussian_kernel=128_sigma=3.log:test PSNR: 27.05287624727298
INFO:logs/DIP_log_model_gaussian_kernel=128_sigma=3.log:train PSNR: 27.412938356486162
INFO:logs/DIP_log_model_gaussian_kernel=128_sigma=3.log:test PSNR: 27.05107614509129
INFO:logs/DIP_log_model_gaussian_kernel=128_sigma=3.log:train PSNR: 27.296857904804522
INFO:logs/DIP_log_model_gaussian_kernel=128_sigma=3.log:test PSNR: 27.051428743875263
INFO:logs/DIP_log_model_gaussian_kernel=128_sigma=3.log:train PSNR: 27.62762395612085
INFO:logs/DIP_log_model_gaussian_kernel=128_sigma=3.log:test PSNR: 27.054056388825508
INFO:logs/DIP_log_model_gaussian_kernel=128_sigma=3.log:train PSNR: 27.348176109804857
INFO:logs/DIP_log_model_gaussian_kernel=128_sigma=3.log:test PSNR: 27.050252861198363
INFO:logs/DIP_log_model_gaussian_kernel=128_sigma=3.log:train PSNR: 27.522505920735938
INFO:logs/DIP_log_model_gaussian_kernel=128_sigma=3.log:test PSNR: 27.051987794103372
INFO:logs/DIP_log_model_gaussian_kernel=128_sigma=3.log:train PSNR: 27.56503640824
INFO:logs/DIP_log_model_gaussian_kernel=128_sigma=3.log:test PSNR: 27.05081784847924
INFO:logs/DIP_log_model_gaussian_kernel=128_sigma=3.log:train PSNR: 27.391694210083337
INFO:logs/DIP_log_model_gaussian_kernel=128_sigma=3.log:test PSNR: 27.04964683230378
INFO:logs/DIP_log_model_gaussian_kernel=128_sigma=3.log:train PSNR: 27.29628255492219
INFO:logs/DIP_log_model_gaussian_kernel=128_sigma=3.log:test PSNR: 27.052475571618988
INFO:logs/DIP_log_model_gaussian_kernel=128_sigma=3.log:train PSNR: 27.0443233183937
INFO:logs/DIP_log_model_gaussian_kernel=128_sigma=3.log:test PSNR: 27.050628102455498
INFO:logs/DIP_log_model_gaussian_kernel=128_sigma=3.log:train PSNR: 27.372472664159247
INFO:logs/DIP_log_model_gaussian_kernel=128_sigma=3.log:test PSNR: 27.05458535692325
INFO:logs/DIP_log_model_gaussian_kernel=128_sigma=3.log:train PSNR: 27.440594035131834
INFO:logs/DIP_log_model_gaussian_kernel=128_sigma=3.log:test PSNR: 27.050392944236666
INFO:logs/DIP_log_model_gaussian_kernel=128_sigma=3.log:train PSNR: 27.224627159702262
INFO:logs/DIP_log_model_gaussian_kernel=128_sigma=3.log:test PSNR: 27.05285479451532
INFO:logs/DIP_log_model_gaussian_kernel=128_sigma=3.log:train PSNR: 27.241820182004922
INFO:logs/DIP_log_model_gaussian_kernel=128_sigma=3.log:test PSNR: 27.049428627967966
INFO:logs/DIP_log_model_gaussian_kernel=128_sigma=3.log:train PSNR: 27.0723714312709
INFO:logs/DIP_log_model_gaussian_kernel=128_sigma=3.log:test PSNR: 27.0515246549955
INFO:logs/DIP_log_model_gaussian_kernel=128_sigma=3.log:train PSNR: 27.322864436847414
INFO:logs/DIP_log_model_gaussian_kernel=128_sigma=3.log:test PSNR: 27.052111885241
INFO:logs/DIP_log_model_gaussian_kernel=128_sigma=3.log:train PSNR: 27.229723254501916
INFO:logs/DIP_log_model_gaussian_kernel=128_sigma=3.log:test PSNR: 27.051313534263766
INFO:logs/DIP_log_model_gaussian_kernel=128_sigma=3.log:train PSNR: 27.390133657472788
INFO:logs/DIP_log_model_gaussian_kernel=128_sigma=3.log:test PSNR: 27.05081077484082
INFO:logs/DIP_log_model_gaussian_kernel=128_sigma=3.log:train PSNR: 27.32894609543958
INFO:logs/DIP_log_model_gaussian_kernel=128_sigma=3.log:test PSNR: 27.050923233102456
INFO:logs/DIP_log_model_gaussian_kernel=128_sigma=3.log:train PSNR: 27.08758892340235
INFO:logs/DIP_log_model_gaussian_kernel=128_sigma=3.log:test PSNR: 27.052360885800233
INFO:logs/DIP_log_model_gaussian_kernel=128_sigma=3.log:train PSNR: 27.36550308592661
INFO:logs/DIP_log_model_gaussian_kernel=128_sigma=3.log:test PSNR: 27.05198247274631
INFO:logs/DIP_log_model_gaussian_kernel=128_sigma=3.log:train PSNR: 27.158720239759347
INFO:logs/DIP_log_model_gaussian_kernel=128_sigma=3.log:test PSNR: 27.05299502214444
INFO:logs/DIP_log_model_gaussian_kernel=128_sigma=3.log:train PSNR: 27.655627891060107
INFO:logs/DIP_log_model_gaussian_kernel=128_sigma=3.log:test PSNR: 27.053614889675814
INFO:logs/DIP_log_model_gaussian_kernel=128_sigma=3.log:train PSNR: 27.3688900647998
INFO:logs/DIP_log_model_gaussian_kernel=128_sigma=3.log:test PSNR: 27.053633807912895
INFO:logs/DIP_log_model_gaussian_kernel=128_sigma=3.log:train PSNR: 27.22039778498547
INFO:logs/DIP_log_model_gaussian_kernel=128_sigma=3.log:test PSNR: 27.053153491153836
INFO:logs/DIP_log_model_gaussian_kernel=128_sigma=3.log:train PSNR: 27.3176640379989
INFO:logs/DIP_log_model_gaussian_kernel=128_sigma=3.log:test PSNR: 27.052310017800412
INFO:logs/DIP_log_model_gaussian_kernel=128_sigma=3.log:train PSNR: 27.276287364804833
INFO:logs/DIP_log_model_gaussian_kernel=128_sigma=3.log:test PSNR: 27.05257102980544
INFO:logs/DIP_log_model_gaussian_kernel=128_sigma=3.log:train PSNR: 27.16989391487505
INFO:logs/DIP_log_model_gaussian_kernel=128_sigma=3.log:test PSNR: 27.05369897588303
INFO:logs/DIP_log_model_gaussian_kernel=128_sigma=3.log:train PSNR: 27.13320812155952
INFO:logs/DIP_log_model_gaussian_kernel=128_sigma=3.log:test PSNR: 27.05319101744644
INFO:logs/DIP_log_model_gaussian_kernel=128_sigma=3.log:train PSNR: 27.476258138628793
INFO:logs/DIP_log_model_gaussian_kernel=128_sigma=3.log:test PSNR: 27.052807070387647
INFO:logs/DIP_log_model_gaussian_kernel=128_sigma=3.log:train PSNR: 27.234454595811506
INFO:logs/DIP_log_model_gaussian_kernel=128_sigma=3.log:test PSNR: 27.053219530758874
INFO:logs/DIP_log_model_gaussian_kernel=128_sigma=3.log:train PSNR: 27.031481432696967
INFO:logs/DIP_log_model_gaussian_kernel=128_sigma=3.log:test PSNR: 27.05350564037264
INFO:logs/DIP_log_model_gaussian_kernel=128_sigma=3.log:train PSNR: 27.24646516488881
INFO:logs/DIP_log_model_gaussian_kernel=128_sigma=3.log:test PSNR: 27.054907654126783
INFO:logs/DIP_log_model_gaussian_kernel=128_sigma=3.log:train PSNR: 27.289566375162572
INFO:logs/DIP_log_model_gaussian_kernel=128_sigma=3.log:test PSNR: 27.053768212474182
INFO:logs/DIP_log_model_gaussian_kernel=128_sigma=3.log:train PSNR: 27.241798729160553
INFO:logs/DIP_log_model_gaussian_kernel=128_sigma=3.log:test PSNR: 27.05293290727177
INFO:logs/DIP_log_model_gaussian_kernel=128_sigma=3.log:train PSNR: 27.241641561537303
INFO:logs/DIP_log_model_gaussian_kernel=128_sigma=3.log:test PSNR: 27.05359574672447
INFO:logs/DIP_log_model_gaussian_kernel=128_sigma=3.log:train PSNR: 27.368770146537212
INFO:logs/DIP_log_model_gaussian_kernel=128_sigma=3.log:test PSNR: 27.05409465527285
INFO:logs/DIP_log_model_gaussian_kernel=128_sigma=3.log:train PSNR: 27.311992790555745
INFO:logs/DIP_log_model_gaussian_kernel=128_sigma=3.log:test PSNR: 27.05454684628225
INFO:logs/DIP_log_model_gaussian_kernel=128_sigma=3.log:train PSNR: 27.177309582082614
INFO:logs/DIP_log_model_gaussian_kernel=128_sigma=3.log:test PSNR: 27.053359254368168
INFO:logs/DIP_log_model_gaussian_kernel=128_sigma=3.log:train PSNR: 27.414293861523856
INFO:logs/DIP_log_model_gaussian_kernel=128_sigma=3.log:test PSNR: 27.053491235218004
INFO:logs/DIP_log_model_gaussian_kernel=128_sigma=3.log:train PSNR: 27.117883113851597
INFO:logs/DIP_log_model_gaussian_kernel=128_sigma=3.log:test PSNR: 27.053747397710687
INFO:logs/DIP_log_model_gaussian_kernel=128_sigma=3.log:train PSNR: 27.16955877473235
INFO:logs/DIP_log_model_gaussian_kernel=128_sigma=3.log:test PSNR: 27.05342619530366
INFO:logs/DIP_log_model_gaussian_kernel=128_sigma=3.log:train PSNR: 27.293317188824915
INFO:logs/DIP_log_model_gaussian_kernel=128_sigma=3.log:test PSNR: 27.053002828557148
INFO:logs/DIP_log_model_gaussian_kernel=128_sigma=3.log:train PSNR: 27.214917935831473
INFO:logs/DIP_log_model_gaussian_kernel=128_sigma=3.log:test PSNR: 27.053643785464192
INFO:logs/DIP_log_model_gaussian_kernel=128_sigma=3.log:train PSNR: 27.46527016622437
INFO:logs/DIP_log_model_gaussian_kernel=128_sigma=3.log:test PSNR: 27.053659103045987
INFO:logs/DIP_log_model_gaussian_kernel=128_sigma=3.log:train PSNR: 27.249845473740283
INFO:logs/DIP_log_model_gaussian_kernel=128_sigma=3.log:test PSNR: 27.053106961225495
INFO:logs/DIP_log_model_gaussian_kernel=128_sigma=3.log:train PSNR: 26.983752874756803
INFO:logs/DIP_log_model_gaussian_kernel=128_sigma=3.log:test PSNR: 27.05277857504421
INFO:logs/DIP_log_model_gaussian_kernel=128_sigma=3.log:train PSNR: 27.268964102771204
INFO:logs/DIP_log_model_gaussian_kernel=128_sigma=3.log:test PSNR: 27.053050183953406
INFO:logs/DIP_log_model_gaussian_kernel=128_sigma=3.log:train PSNR: 27.078866006829934
INFO:logs/DIP_log_model_gaussian_kernel=128_sigma=3.log:test PSNR: 27.053014795236393
INFO:logs/DIP_log_model_gaussian_kernel=128_sigma=3.log:train PSNR: 27.318224917096767
INFO:logs/DIP_log_model_gaussian_kernel=128_sigma=3.log:test PSNR: 27.053104001011132
INFO:logs/DIP_log_model_gaussian_kernel=128_sigma=3.log:train PSNR: 27.256892093540046
INFO:logs/DIP_log_model_gaussian_kernel=128_sigma=3.log:test PSNR: 27.05316197465036
INFO:logs/DIP_log_model_gaussian_kernel=128_sigma=3.log:train PSNR: 27.70159847396001
INFO:logs/DIP_log_model_gaussian_kernel=128_sigma=3.log:test PSNR: 27.052519800124802
INFO:logs/DIP_log_model_gaussian_kernel=128_sigma=3.log:train PSNR: 27.390175338921672
INFO:logs/DIP_log_model_gaussian_kernel=128_sigma=3.log:test PSNR: 27.05344516694068
INFO:logs/DIP_log_model_gaussian_kernel=128_sigma=3.log:train PSNR: 27.395030778085754
INFO:logs/DIP_log_model_gaussian_kernel=128_sigma=3.log:test PSNR: 27.052401407746686
INFO:logs/DIP_log_model_gaussian_kernel=128_sigma=3.log:train PSNR: 27.441265504640207
INFO:logs/DIP_log_model_gaussian_kernel=128_sigma=3.log:test PSNR: 27.052299850908504
INFO:logs/DIP_log_model_gaussian_kernel=128_sigma=3.log:train PSNR: 27.38128129650024
INFO:logs/DIP_log_model_gaussian_kernel=128_sigma=3.log:test PSNR: 27.052599321134075
INFO:logs/DIP_log_model_gaussian_kernel=128_sigma=3.log:train PSNR: 27.320174823503454
INFO:logs/DIP_log_model_gaussian_kernel=128_sigma=3.log:test PSNR: 27.0528795889063
INFO:logs/DIP_log_model_gaussian_kernel=128_sigma=3.log:train PSNR: 27.1679658757739
INFO:logs/DIP_log_model_gaussian_kernel=128_sigma=3.log:test PSNR: 27.05307835390959
INFO:logs/DIP_log_model_gaussian_kernel=128_sigma=3.log:train PSNR: 27.237122330611953
INFO:logs/DIP_log_model_gaussian_kernel=128_sigma=3.log:test PSNR: 27.052854041383494
INFO:logs/DIP_log_model_gaussian_kernel=128_sigma=3.log:train PSNR: 27.106207153516483
INFO:logs/DIP_log_model_gaussian_kernel=128_sigma=3.log:test PSNR: 27.05216307549939
INFO:logs/DIP_log_model_gaussian_kernel=128_sigma=3.log:train PSNR: 27.15502369421395
INFO:logs/DIP_log_model_gaussian_kernel=128_sigma=3.log:test PSNR: 27.052701216123417
INFO:logs/DIP_log_model_gaussian_kernel=128_sigma=3.log:train PSNR: 27.253575791255948
INFO:logs/DIP_log_model_gaussian_kernel=128_sigma=3.log:test PSNR: 27.05205357086065
INFO:logs/DIP_log_model_gaussian_kernel=128_sigma=3.log:train PSNR: 27.21106779909037
INFO:logs/DIP_log_model_gaussian_kernel=128_sigma=3.log:test PSNR: 27.052707017357264
INFO:logs/DIP_log_model_gaussian_kernel=128_sigma=3.log:train PSNR: 27.228462617342892
INFO:logs/DIP_log_model_gaussian_kernel=128_sigma=3.log:test PSNR: 27.05300638172233
INFO:logs/DIP_log_model_gaussian_kernel=128_sigma=3.log:train PSNR: 27.37549173620841
INFO:logs/DIP_log_model_gaussian_kernel=128_sigma=3.log:test PSNR: 27.052961729975692
INFO:logs/DIP_log_model_gaussian_kernel=128_sigma=3.log:train PSNR: 27.295799762352956
INFO:logs/DIP_log_model_gaussian_kernel=128_sigma=3.log:test PSNR: 27.052841528560094
INFO:logs/DIP_log_model_gaussian_kernel=128_sigma=3.log:train PSNR: 27.478956383595232
INFO:logs/DIP_log_model_gaussian_kernel=128_sigma=3.log:test PSNR: 27.052980001429404
INFO:logs/DIP_log_model_gaussian_kernel=128_sigma=3.log:train PSNR: 27.45375136685235
INFO:logs/DIP_log_model_gaussian_kernel=128_sigma=3.log:test PSNR: 27.052984726705734
INFO:logs/DIP_log_model_gaussian_kernel=128_sigma=3.log:train PSNR: 27.47004117688778
INFO:logs/DIP_log_model_gaussian_kernel=128_sigma=3.log:test PSNR: 27.052808860693137
INFO:logs/DIP_log_model_gaussian_kernel=128_sigma=3.log:train PSNR: 27.438380180118898
INFO:logs/DIP_log_model_gaussian_kernel=128_sigma=3.log:test PSNR: 27.052865372645105
INFO:logs/DIP_log_model_gaussian_kernel=128_sigma=3.log:train PSNR: 27.251891431328016
INFO:logs/DIP_log_model_gaussian_kernel=128_sigma=3.log:test PSNR: 27.053017070958763
INFO:logs/DIP_log_model_gaussian_kernel=128_sigma=3.log:train PSNR: 27.23906273998578
INFO:logs/DIP_log_model_gaussian_kernel=128_sigma=3.log:test PSNR: 27.053057057243315
INFO:logs/DIP_log_model_gaussian_kernel=128_sigma=3.log:train PSNR: 27.493463381277618
INFO:logs/DIP_log_model_gaussian_kernel=128_sigma=3.log:test PSNR: 27.05279350520663
INFO:logs/DIP_log_model_gaussian_kernel=128_sigma=3.log:train PSNR: 27.391660965811155
INFO:logs/DIP_log_model_gaussian_kernel=128_sigma=3.log:test PSNR: 27.052789407130952
INFO:logs/DIP_log_model_gaussian_kernel=128_sigma=3.log:train PSNR: 27.23708750822567
INFO:logs/DIP_log_model_gaussian_kernel=128_sigma=3.log:test PSNR: 27.05289588545537
INFO:logs/DIP_log_model_gaussian_kernel=128_sigma=3.log:train PSNR: 27.292282175837524
INFO:logs/DIP_log_model_gaussian_kernel=128_sigma=3.log:test PSNR: 27.052859861006723
INFO:logs/DIP_log_model_gaussian_kernel=128_sigma=3.log:train PSNR: 27.344709027632923
INFO:logs/DIP_log_model_gaussian_kernel=128_sigma=3.log:test PSNR: 27.052891247364453
INFO:logs/DIP_log_model_gaussian_kernel=128_sigma=3.log:train PSNR: 27.111760661201195
INFO:logs/DIP_log_model_gaussian_kernel=128_sigma=3.log:test PSNR: 27.052800601160424
INFO:logs/DIP_log_model_gaussian_kernel=128_sigma=3.log:train PSNR: 27.077538212933028
INFO:logs/DIP_log_model_gaussian_kernel=128_sigma=3.log:test PSNR: 27.053010755081797
INFO:logs/DIP_log_model_gaussian_kernel=128_sigma=3.log:train PSNR: 27.522052770900885
INFO:logs/DIP_log_model_gaussian_kernel=128_sigma=3.log:test PSNR: 27.052959400592524
INFO:logs/DIP_log_model_gaussian_kernel=128_sigma=3.log:train PSNR: 27.513416206912787
INFO:logs/DIP_log_model_gaussian_kernel=128_sigma=3.log:test PSNR: 27.05296513547056
INFO:logs/DIP_log_model_gaussian_kernel=128_sigma=3.log:train PSNR: 27.261308881916342
INFO:logs/DIP_log_model_gaussian_kernel=128_sigma=3.log:test PSNR: 27.052785929846696
INFO:logs/DIP_log_model_gaussian_kernel=128_sigma=3.log:train PSNR: 26.813291923744952
INFO:logs/DIP_log_model_gaussian_kernel=128_sigma=3.log:test PSNR: 27.05264999136613
INFO:logs/DIP_log_model_gaussian_kernel=128_sigma=3.log:train PSNR: 27.432640873142734
INFO:logs/DIP_log_model_gaussian_kernel=128_sigma=3.log:test PSNR: 27.052590746536765
INFO:logs/DIP_log_model_gaussian_kernel=128_sigma=3.log:train PSNR: 27.212579715407387
INFO:logs/DIP_log_model_gaussian_kernel=128_sigma=3.log:test PSNR: 27.052341622686747
INFO:logs/DIP_log_model_gaussian_kernel=128_sigma=3.log:train PSNR: 27.29626151853302
INFO:logs/DIP_log_model_gaussian_kernel=128_sigma=3.log:test PSNR: 27.052322961809757
INFO:logs/DIP_log_model_gaussian_kernel=128_sigma=3.log:train PSNR: 27.199607787428274
INFO:logs/DIP_log_model_gaussian_kernel=128_sigma=3.log:test PSNR: 27.052686140655588
INFO:logs/DIP_log_model_gaussian_kernel=128_sigma=3.log:train PSNR: 27.256603001587496
INFO:logs/DIP_log_model_gaussian_kernel=128_sigma=3.log:test PSNR: 27.052689099466654
INFO:logs/DIP_log_model_gaussian_kernel=128_sigma=3.log:train PSNR: 27.128454364993807
INFO:logs/DIP_log_model_gaussian_kernel=128_sigma=3.log:test PSNR: 27.052816595794184
