INFO:logs/DIP_log_model_gaussian_kernel=128_sigma=2.log_model:first model = 
ConvLista_T(
  (apply_A): ConvTranspose2d(175, 1, kernel_size=(11, 11), stride=(8, 8), bias=False)
  (apply_B): Conv2d(1, 175, kernel_size=(11, 11), stride=(8, 8), bias=False)
  (apply_C): Sequential(
    (0): ConvTranspose2d(175, 1, kernel_size=(11, 11), stride=(8, 8))
  )
  (soft_threshold): SoftThreshold()
)

INFO:logs/DIP_log_model_gaussian_kernel=128_sigma=2.log_model:config_dict = {'uuid': 'DIP_project_gaussian_kernel=128_sigma=2', 'kernel_size': 11, 'stride': 8, 'num_filters': 175, 'lr': 0.0002, 'unfoldings': 12, 'lr_decay': 0.35, 'patch_size': 128, 'num_epochs': 250, 'lr_step': 50, 'eps': 0.001, 'threshold': 0.01, 'noise_std': 0.09803921568627451, 'gaussian_size': 128, 'gaussian_sigma': 2}

INFO:logs/DIP_log_model_gaussian_kernel=128_sigma=2.log:Training model...
INFO:logs/DIP_log_model_gaussian_kernel=128_sigma=2.log:train PSNR: 23.983544562673377
INFO:logs/DIP_log_model_gaussian_kernel=128_sigma=2.log:test PSNR: 25.191129923182423
INFO:logs/DIP_log_model_gaussian_kernel=128_sigma=2.log:train PSNR: 24.920518860136333
INFO:logs/DIP_log_model_gaussian_kernel=128_sigma=2.log:test PSNR: 25.612579216139853
INFO:logs/DIP_log_model_gaussian_kernel=128_sigma=2.log:train PSNR: 25.214993616225648
INFO:logs/DIP_log_model_gaussian_kernel=128_sigma=2.log:test PSNR: 26.11709400264929
INFO:logs/DIP_log_model_gaussian_kernel=128_sigma=2.log:train PSNR: 25.729568614538575
INFO:logs/DIP_log_model_gaussian_kernel=128_sigma=2.log:test PSNR: 26.48362024210485
INFO:logs/DIP_log_model_gaussian_kernel=128_sigma=2.log:train PSNR: 26.400266776031216
INFO:logs/DIP_log_model_gaussian_kernel=128_sigma=2.log:test PSNR: 26.854878264098613
INFO:logs/DIP_log_model_gaussian_kernel=128_sigma=2.log:train PSNR: 26.607246096696056
INFO:logs/DIP_log_model_gaussian_kernel=128_sigma=2.log:test PSNR: 27.140252478326698
INFO:logs/DIP_log_model_gaussian_kernel=128_sigma=2.log:train PSNR: 27.0414551606369
INFO:logs/DIP_log_model_gaussian_kernel=128_sigma=2.log:test PSNR: 27.323554142788595
INFO:logs/DIP_log_model_gaussian_kernel=128_sigma=2.log:train PSNR: 27.570459879665165
INFO:logs/DIP_log_model_gaussian_kernel=128_sigma=2.log:test PSNR: 27.45649666887384
INFO:logs/DIP_log_model_gaussian_kernel=128_sigma=2.log:train PSNR: 27.570510825537315
INFO:logs/DIP_log_model_gaussian_kernel=128_sigma=2.log:test PSNR: 27.899289250866133
INFO:logs/DIP_log_model_gaussian_kernel=128_sigma=2.log:train PSNR: 27.659530983444228
INFO:logs/DIP_log_model_gaussian_kernel=128_sigma=2.log:test PSNR: 28.098822793656783
INFO:logs/DIP_log_model_gaussian_kernel=128_sigma=2.log:train PSNR: 27.819041788172214
INFO:logs/DIP_log_model_gaussian_kernel=128_sigma=2.log:test PSNR: 23.719553395737613
INFO:logs/DIP_log_model_gaussian_kernel=128_sigma=2.log:train PSNR: 27.604836329213697
INFO:logs/DIP_log_model_gaussian_kernel=128_sigma=2.log:test PSNR: 28.19660869512439
INFO:logs/DIP_log_model_gaussian_kernel=128_sigma=2.log:train PSNR: 28.146246445329023
INFO:logs/DIP_log_model_gaussian_kernel=128_sigma=2.log:test PSNR: 28.297210884781936
INFO:logs/DIP_log_model_gaussian_kernel=128_sigma=2.log:train PSNR: 28.10380097771791
INFO:logs/DIP_log_model_gaussian_kernel=128_sigma=2.log:test PSNR: 28.41582049584289
INFO:logs/DIP_log_model_gaussian_kernel=128_sigma=2.log:train PSNR: 27.596050258759153
INFO:logs/DIP_log_model_gaussian_kernel=128_sigma=2.log:test PSNR: 28.324323465305866
INFO:logs/DIP_log_model_gaussian_kernel=128_sigma=2.log:train PSNR: 28.475151599365226
INFO:logs/DIP_log_model_gaussian_kernel=128_sigma=2.log:test PSNR: 28.495951648212014
INFO:logs/DIP_log_model_gaussian_kernel=128_sigma=2.log:train PSNR: 28.48823129296101
INFO:logs/DIP_log_model_gaussian_kernel=128_sigma=2.log:test PSNR: 28.521148696257256
INFO:logs/DIP_log_model_gaussian_kernel=128_sigma=2.log:train PSNR: 28.28663854035032
INFO:logs/DIP_log_model_gaussian_kernel=128_sigma=2.log:test PSNR: 28.633498675422263
INFO:logs/DIP_log_model_gaussian_kernel=128_sigma=2.log:train PSNR: 28.537416896901686
INFO:logs/DIP_log_model_gaussian_kernel=128_sigma=2.log:test PSNR: 28.541858905799195
INFO:logs/DIP_log_model_gaussian_kernel=128_sigma=2.log:train PSNR: 27.76076470165231
INFO:logs/DIP_log_model_gaussian_kernel=128_sigma=2.log:test PSNR: 28.537739578959417
INFO:logs/DIP_log_model_gaussian_kernel=128_sigma=2.log:train PSNR: 28.533961187473246
INFO:logs/DIP_log_model_gaussian_kernel=128_sigma=2.log:test PSNR: 28.697701567023586
INFO:logs/DIP_log_model_gaussian_kernel=128_sigma=2.log:train PSNR: 28.407785542678717
INFO:logs/DIP_log_model_gaussian_kernel=128_sigma=2.log:test PSNR: 28.841210715656782
INFO:logs/DIP_log_model_gaussian_kernel=128_sigma=2.log:train PSNR: 27.313779789833276
INFO:logs/DIP_log_model_gaussian_kernel=128_sigma=2.log:test PSNR: 28.18225543380709
INFO:logs/DIP_log_model_gaussian_kernel=128_sigma=2.log:train PSNR: 28.45936521135627
INFO:logs/DIP_log_model_gaussian_kernel=128_sigma=2.log:test PSNR: 28.630355461515478
INFO:logs/DIP_log_model_gaussian_kernel=128_sigma=2.log:train PSNR: 28.528263877125692
INFO:logs/DIP_log_model_gaussian_kernel=128_sigma=2.log:test PSNR: 28.767099482020196
INFO:logs/DIP_log_model_gaussian_kernel=128_sigma=2.log:train PSNR: 28.979999978575293
INFO:logs/DIP_log_model_gaussian_kernel=128_sigma=2.log:test PSNR: 28.8686747258559
INFO:logs/DIP_log_model_gaussian_kernel=128_sigma=2.log:train PSNR: 28.85057190950228
INFO:logs/DIP_log_model_gaussian_kernel=128_sigma=2.log:test PSNR: 28.921001029261433
INFO:logs/DIP_log_model_gaussian_kernel=128_sigma=2.log:train PSNR: 28.756472325496528
INFO:logs/DIP_log_model_gaussian_kernel=128_sigma=2.log:test PSNR: 28.963251381542506
INFO:logs/DIP_log_model_gaussian_kernel=128_sigma=2.log:train PSNR: 28.665356418862462
INFO:logs/DIP_log_model_gaussian_kernel=128_sigma=2.log:test PSNR: 29.01461149491909
INFO:logs/DIP_log_model_gaussian_kernel=128_sigma=2.log:train PSNR: 29.247864490088812
INFO:logs/DIP_log_model_gaussian_kernel=128_sigma=2.log:test PSNR: 28.9457010027693
INFO:logs/DIP_log_model_gaussian_kernel=128_sigma=2.log:train PSNR: 28.933555654553928
INFO:logs/DIP_log_model_gaussian_kernel=128_sigma=2.log:test PSNR: 29.05388877621219
INFO:logs/DIP_log_model_gaussian_kernel=128_sigma=2.log:train PSNR: 28.621593758229615
INFO:logs/DIP_log_model_gaussian_kernel=128_sigma=2.log:test PSNR: 29.08476072893265
INFO:logs/DIP_log_model_gaussian_kernel=128_sigma=2.log:train PSNR: 29.10302350475027
INFO:logs/DIP_log_model_gaussian_kernel=128_sigma=2.log:test PSNR: 29.100995297167497
INFO:logs/DIP_log_model_gaussian_kernel=128_sigma=2.log:train PSNR: 28.93063036878708
INFO:logs/DIP_log_model_gaussian_kernel=128_sigma=2.log:test PSNR: 29.116522706662735
INFO:logs/DIP_log_model_gaussian_kernel=128_sigma=2.log:train PSNR: 28.956752337013356
INFO:logs/DIP_log_model_gaussian_kernel=128_sigma=2.log:test PSNR: 29.0932722631567
INFO:logs/DIP_log_model_gaussian_kernel=128_sigma=2.log:train PSNR: 29.242453647492944
INFO:logs/DIP_log_model_gaussian_kernel=128_sigma=2.log:test PSNR: 29.14581250353311
INFO:logs/DIP_log_model_gaussian_kernel=128_sigma=2.log:train PSNR: 28.96037163735068
INFO:logs/DIP_log_model_gaussian_kernel=128_sigma=2.log:test PSNR: 28.890756767806604
INFO:logs/DIP_log_model_gaussian_kernel=128_sigma=2.log:train PSNR: 28.934093191908012
INFO:logs/DIP_log_model_gaussian_kernel=128_sigma=2.log:test PSNR: 29.23994383881888
INFO:logs/DIP_log_model_gaussian_kernel=128_sigma=2.log:train PSNR: 29.258396941118864
INFO:logs/DIP_log_model_gaussian_kernel=128_sigma=2.log:test PSNR: 29.2574186947742
INFO:logs/DIP_log_model_gaussian_kernel=128_sigma=2.log:train PSNR: 28.989378786580218
INFO:logs/DIP_log_model_gaussian_kernel=128_sigma=2.log:test PSNR: 29.264057403372153
INFO:logs/DIP_log_model_gaussian_kernel=128_sigma=2.log:train PSNR: 29.46880083143141
INFO:logs/DIP_log_model_gaussian_kernel=128_sigma=2.log:test PSNR: 29.290813731233776
INFO:logs/DIP_log_model_gaussian_kernel=128_sigma=2.log:train PSNR: 29.397685202296547
INFO:logs/DIP_log_model_gaussian_kernel=128_sigma=2.log:test PSNR: 29.3035272295596
INFO:logs/DIP_log_model_gaussian_kernel=128_sigma=2.log:train PSNR: 28.878857403678772
INFO:logs/DIP_log_model_gaussian_kernel=128_sigma=2.log:test PSNR: 29.217360229348945
INFO:logs/DIP_log_model_gaussian_kernel=128_sigma=2.log:train PSNR: 29.22654133894704
INFO:logs/DIP_log_model_gaussian_kernel=128_sigma=2.log:test PSNR: 29.306946302288182
INFO:logs/DIP_log_model_gaussian_kernel=128_sigma=2.log:train PSNR: 29.32790611511189
INFO:logs/DIP_log_model_gaussian_kernel=128_sigma=2.log:test PSNR: 29.36434489101889
INFO:logs/DIP_log_model_gaussian_kernel=128_sigma=2.log:train PSNR: 29.160624616415827
INFO:logs/DIP_log_model_gaussian_kernel=128_sigma=2.log:test PSNR: 29.36212640183051
INFO:logs/DIP_log_model_gaussian_kernel=128_sigma=2.log:train PSNR: 29.16535253536504
INFO:logs/DIP_log_model_gaussian_kernel=128_sigma=2.log:test PSNR: 29.35296744224749
INFO:logs/DIP_log_model_gaussian_kernel=128_sigma=2.log:train PSNR: 29.257943181653413
INFO:logs/DIP_log_model_gaussian_kernel=128_sigma=2.log:test PSNR: 29.413319563145723
INFO:logs/DIP_log_model_gaussian_kernel=128_sigma=2.log:train PSNR: 29.209360459766252
INFO:logs/DIP_log_model_gaussian_kernel=128_sigma=2.log:test PSNR: 29.34641541709074
INFO:logs/DIP_log_model_gaussian_kernel=128_sigma=2.log:train PSNR: 29.448929649893117
INFO:logs/DIP_log_model_gaussian_kernel=128_sigma=2.log:test PSNR: 29.316410185945415
INFO:logs/DIP_log_model_gaussian_kernel=128_sigma=2.log:train PSNR: 29.45885206645187
INFO:logs/DIP_log_model_gaussian_kernel=128_sigma=2.log:test PSNR: 29.501575230843414
INFO:logs/DIP_log_model_gaussian_kernel=128_sigma=2.log:train PSNR: 29.568458872666866
INFO:logs/DIP_log_model_gaussian_kernel=128_sigma=2.log:test PSNR: 29.488090417765395
INFO:logs/DIP_log_model_gaussian_kernel=128_sigma=2.log:train PSNR: 29.638449254737083
INFO:logs/DIP_log_model_gaussian_kernel=128_sigma=2.log:test PSNR: 29.489874116772135
INFO:logs/DIP_log_model_gaussian_kernel=128_sigma=2.log:train PSNR: 29.388671289209146
INFO:logs/DIP_log_model_gaussian_kernel=128_sigma=2.log:test PSNR: 29.50185694457083
INFO:logs/DIP_log_model_gaussian_kernel=128_sigma=2.log:train PSNR: 29.46775145902204
INFO:logs/DIP_log_model_gaussian_kernel=128_sigma=2.log:test PSNR: 29.49425798271177
INFO:logs/DIP_log_model_gaussian_kernel=128_sigma=2.log:train PSNR: 29.847944833204593
INFO:logs/DIP_log_model_gaussian_kernel=128_sigma=2.log:test PSNR: 29.474548937409093
INFO:logs/DIP_log_model_gaussian_kernel=128_sigma=2.log:train PSNR: 29.72516313478522
INFO:logs/DIP_log_model_gaussian_kernel=128_sigma=2.log:test PSNR: 29.482667782852708
INFO:logs/DIP_log_model_gaussian_kernel=128_sigma=2.log:train PSNR: 29.757243971042634
INFO:logs/DIP_log_model_gaussian_kernel=128_sigma=2.log:test PSNR: 29.556440275691706
INFO:logs/DIP_log_model_gaussian_kernel=128_sigma=2.log:train PSNR: 29.524228206601162
INFO:logs/DIP_log_model_gaussian_kernel=128_sigma=2.log:test PSNR: 29.509001430605082
INFO:logs/DIP_log_model_gaussian_kernel=128_sigma=2.log:train PSNR: 29.393054904777774
INFO:logs/DIP_log_model_gaussian_kernel=128_sigma=2.log:test PSNR: 29.546687607175077
INFO:logs/DIP_log_model_gaussian_kernel=128_sigma=2.log:train PSNR: 29.636229551327446
INFO:logs/DIP_log_model_gaussian_kernel=128_sigma=2.log:test PSNR: 29.568898744410177
INFO:logs/DIP_log_model_gaussian_kernel=128_sigma=2.log:train PSNR: 29.72866654534257
INFO:logs/DIP_log_model_gaussian_kernel=128_sigma=2.log:test PSNR: 29.577276183557807
INFO:logs/DIP_log_model_gaussian_kernel=128_sigma=2.log:train PSNR: 29.66157804921129
INFO:logs/DIP_log_model_gaussian_kernel=128_sigma=2.log:test PSNR: 29.60178366487137
INFO:logs/DIP_log_model_gaussian_kernel=128_sigma=2.log:train PSNR: 29.616008122290346
INFO:logs/DIP_log_model_gaussian_kernel=128_sigma=2.log:test PSNR: 29.607972603116963
INFO:logs/DIP_log_model_gaussian_kernel=128_sigma=2.log:train PSNR: 29.795948303831725
INFO:logs/DIP_log_model_gaussian_kernel=128_sigma=2.log:test PSNR: 29.60626209881894
INFO:logs/DIP_log_model_gaussian_kernel=128_sigma=2.log:train PSNR: 29.79849511849263
INFO:logs/DIP_log_model_gaussian_kernel=128_sigma=2.log:test PSNR: 29.636922923779906
INFO:logs/DIP_log_model_gaussian_kernel=128_sigma=2.log:train PSNR: 29.83698256122392
INFO:logs/DIP_log_model_gaussian_kernel=128_sigma=2.log:test PSNR: 29.655405738585472
INFO:logs/DIP_log_model_gaussian_kernel=128_sigma=2.log:train PSNR: 29.440360747205972
INFO:logs/DIP_log_model_gaussian_kernel=128_sigma=2.log:test PSNR: 29.63904595860566
INFO:logs/DIP_log_model_gaussian_kernel=128_sigma=2.log:train PSNR: 29.43636309783616
INFO:logs/DIP_log_model_gaussian_kernel=128_sigma=2.log:test PSNR: 29.671109562438772
INFO:logs/DIP_log_model_gaussian_kernel=128_sigma=2.log:train PSNR: 29.885769936353515
INFO:logs/DIP_log_model_gaussian_kernel=128_sigma=2.log:test PSNR: 29.677351234996376
INFO:logs/DIP_log_model_gaussian_kernel=128_sigma=2.log:train PSNR: 29.663930025321694
INFO:logs/DIP_log_model_gaussian_kernel=128_sigma=2.log:test PSNR: 29.66616728453586
INFO:logs/DIP_log_model_gaussian_kernel=128_sigma=2.log:train PSNR: 29.62160388846804
INFO:logs/DIP_log_model_gaussian_kernel=128_sigma=2.log:test PSNR: 29.676407146094775
INFO:logs/DIP_log_model_gaussian_kernel=128_sigma=2.log:train PSNR: 29.532307956432877
INFO:logs/DIP_log_model_gaussian_kernel=128_sigma=2.log:test PSNR: 29.61377175568521
INFO:logs/DIP_log_model_gaussian_kernel=128_sigma=2.log:train PSNR: 29.511721398603157
INFO:logs/DIP_log_model_gaussian_kernel=128_sigma=2.log:test PSNR: 29.667837017222215
INFO:logs/DIP_log_model_gaussian_kernel=128_sigma=2.log:train PSNR: 29.778639421385638
INFO:logs/DIP_log_model_gaussian_kernel=128_sigma=2.log:test PSNR: 29.586858360943253
INFO:logs/DIP_log_model_gaussian_kernel=128_sigma=2.log:train PSNR: 29.862921665072275
INFO:logs/DIP_log_model_gaussian_kernel=128_sigma=2.log:test PSNR: 29.721465816532778
INFO:logs/DIP_log_model_gaussian_kernel=128_sigma=2.log:train PSNR: 29.812897715697154
INFO:logs/DIP_log_model_gaussian_kernel=128_sigma=2.log:test PSNR: 29.70201096403171
INFO:logs/DIP_log_model_gaussian_kernel=128_sigma=2.log:train PSNR: 29.669518065198663
INFO:logs/DIP_log_model_gaussian_kernel=128_sigma=2.log:test PSNR: 29.72331508409515
INFO:logs/DIP_log_model_gaussian_kernel=128_sigma=2.log:train PSNR: 29.888165695453218
INFO:logs/DIP_log_model_gaussian_kernel=128_sigma=2.log:test PSNR: 29.73958900681307
INFO:logs/DIP_log_model_gaussian_kernel=128_sigma=2.log:train PSNR: 29.964269455685162
INFO:logs/DIP_log_model_gaussian_kernel=128_sigma=2.log:test PSNR: 29.747305766754074
INFO:logs/DIP_log_model_gaussian_kernel=128_sigma=2.log:train PSNR: 30.060658269742735
INFO:logs/DIP_log_model_gaussian_kernel=128_sigma=2.log:test PSNR: 29.73672799875323
INFO:logs/DIP_log_model_gaussian_kernel=128_sigma=2.log:train PSNR: 29.90943885076524
INFO:logs/DIP_log_model_gaussian_kernel=128_sigma=2.log:test PSNR: 29.755686049163312
INFO:logs/DIP_log_model_gaussian_kernel=128_sigma=2.log:train PSNR: 29.62556204613247
INFO:logs/DIP_log_model_gaussian_kernel=128_sigma=2.log:test PSNR: 29.737129355198647
INFO:logs/DIP_log_model_gaussian_kernel=128_sigma=2.log:train PSNR: 29.593285081175875
INFO:logs/DIP_log_model_gaussian_kernel=128_sigma=2.log:test PSNR: 29.723184120891517
INFO:logs/DIP_log_model_gaussian_kernel=128_sigma=2.log:train PSNR: 29.939920769595304
INFO:logs/DIP_log_model_gaussian_kernel=128_sigma=2.log:test PSNR: 29.77497700742635
INFO:logs/DIP_log_model_gaussian_kernel=128_sigma=2.log:train PSNR: 30.004338848959936
INFO:logs/DIP_log_model_gaussian_kernel=128_sigma=2.log:test PSNR: 29.7667749147561
INFO:logs/DIP_log_model_gaussian_kernel=128_sigma=2.log:train PSNR: 29.625504916813266
INFO:logs/DIP_log_model_gaussian_kernel=128_sigma=2.log:test PSNR: 29.78156286918332
INFO:logs/DIP_log_model_gaussian_kernel=128_sigma=2.log:train PSNR: 29.85605441933631
INFO:logs/DIP_log_model_gaussian_kernel=128_sigma=2.log:test PSNR: 29.775373470767388
INFO:logs/DIP_log_model_gaussian_kernel=128_sigma=2.log:train PSNR: 29.91621481103836
INFO:logs/DIP_log_model_gaussian_kernel=128_sigma=2.log:test PSNR: 29.78749919926606
INFO:logs/DIP_log_model_gaussian_kernel=128_sigma=2.log:train PSNR: 30.013205616069598
INFO:logs/DIP_log_model_gaussian_kernel=128_sigma=2.log:test PSNR: 29.786949000558547
INFO:logs/DIP_log_model_gaussian_kernel=128_sigma=2.log:train PSNR: 29.72475946355724
INFO:logs/DIP_log_model_gaussian_kernel=128_sigma=2.log:test PSNR: 29.79871577553118
INFO:logs/DIP_log_model_gaussian_kernel=128_sigma=2.log:train PSNR: 29.934900412409142
INFO:logs/DIP_log_model_gaussian_kernel=128_sigma=2.log:test PSNR: 29.79687739501813
INFO:logs/DIP_log_model_gaussian_kernel=128_sigma=2.log:train PSNR: 30.03933750952447
INFO:logs/DIP_log_model_gaussian_kernel=128_sigma=2.log:test PSNR: 29.795763519032732
INFO:logs/DIP_log_model_gaussian_kernel=128_sigma=2.log:train PSNR: 29.98886256800669
INFO:logs/DIP_log_model_gaussian_kernel=128_sigma=2.log:test PSNR: 29.80172981718885
INFO:logs/DIP_log_model_gaussian_kernel=128_sigma=2.log:train PSNR: 29.706980835512642
INFO:logs/DIP_log_model_gaussian_kernel=128_sigma=2.log:test PSNR: 29.81012394835655
INFO:logs/DIP_log_model_gaussian_kernel=128_sigma=2.log:train PSNR: 30.076316852477014
INFO:logs/DIP_log_model_gaussian_kernel=128_sigma=2.log:test PSNR: 29.747266878869855
INFO:logs/DIP_log_model_gaussian_kernel=128_sigma=2.log:train PSNR: 30.059943053052773
INFO:logs/DIP_log_model_gaussian_kernel=128_sigma=2.log:test PSNR: 29.79605115064868
INFO:logs/DIP_log_model_gaussian_kernel=128_sigma=2.log:train PSNR: 29.948331614321635
INFO:logs/DIP_log_model_gaussian_kernel=128_sigma=2.log:test PSNR: 29.822573763276193
INFO:logs/DIP_log_model_gaussian_kernel=128_sigma=2.log:train PSNR: 29.896224120939124
INFO:logs/DIP_log_model_gaussian_kernel=128_sigma=2.log:test PSNR: 29.756125528365946
INFO:logs/DIP_log_model_gaussian_kernel=128_sigma=2.log:train PSNR: 30.07929552240037
INFO:logs/DIP_log_model_gaussian_kernel=128_sigma=2.log:test PSNR: 29.834663982319423
INFO:logs/DIP_log_model_gaussian_kernel=128_sigma=2.log:train PSNR: 29.84098923989025
INFO:logs/DIP_log_model_gaussian_kernel=128_sigma=2.log:test PSNR: 29.84479338944235
INFO:logs/DIP_log_model_gaussian_kernel=128_sigma=2.log:train PSNR: 29.730058601487737
INFO:logs/DIP_log_model_gaussian_kernel=128_sigma=2.log:test PSNR: 29.839670897305226
INFO:logs/DIP_log_model_gaussian_kernel=128_sigma=2.log:train PSNR: 29.875499185515732
INFO:logs/DIP_log_model_gaussian_kernel=128_sigma=2.log:test PSNR: 29.793146814161723
INFO:logs/DIP_log_model_gaussian_kernel=128_sigma=2.log:train PSNR: 30.21391411929453
INFO:logs/DIP_log_model_gaussian_kernel=128_sigma=2.log:test PSNR: 29.749623600963737
INFO:logs/DIP_log_model_gaussian_kernel=128_sigma=2.log:train PSNR: 30.054433564096133
INFO:logs/DIP_log_model_gaussian_kernel=128_sigma=2.log:test PSNR: 29.832691668509455
INFO:logs/DIP_log_model_gaussian_kernel=128_sigma=2.log:train PSNR: 30.071044749701613
INFO:logs/DIP_log_model_gaussian_kernel=128_sigma=2.log:test PSNR: 29.845358962503152
INFO:logs/DIP_log_model_gaussian_kernel=128_sigma=2.log:train PSNR: 29.738381293499124
INFO:logs/DIP_log_model_gaussian_kernel=128_sigma=2.log:test PSNR: 29.83774144354815
INFO:logs/DIP_log_model_gaussian_kernel=128_sigma=2.log:train PSNR: 29.962444625885993
INFO:logs/DIP_log_model_gaussian_kernel=128_sigma=2.log:test PSNR: 29.854580386373403
INFO:logs/DIP_log_model_gaussian_kernel=128_sigma=2.log:train PSNR: 29.876998575080524
INFO:logs/DIP_log_model_gaussian_kernel=128_sigma=2.log:test PSNR: 29.83383486743778
INFO:logs/DIP_log_model_gaussian_kernel=128_sigma=2.log:train PSNR: 29.86687065860994
INFO:logs/DIP_log_model_gaussian_kernel=128_sigma=2.log:test PSNR: 29.852042647943204
INFO:logs/DIP_log_model_gaussian_kernel=128_sigma=2.log:train PSNR: 29.716350373684794
INFO:logs/DIP_log_model_gaussian_kernel=128_sigma=2.log:test PSNR: 29.840318145997784
INFO:logs/DIP_log_model_gaussian_kernel=128_sigma=2.log:train PSNR: 30.057927306718586
INFO:logs/DIP_log_model_gaussian_kernel=128_sigma=2.log:test PSNR: 29.85721936015547
INFO:logs/DIP_log_model_gaussian_kernel=128_sigma=2.log:train PSNR: 29.65916931827523
INFO:logs/DIP_log_model_gaussian_kernel=128_sigma=2.log:test PSNR: 29.866334439817372
INFO:logs/DIP_log_model_gaussian_kernel=128_sigma=2.log:train PSNR: 29.831544415516653
INFO:logs/DIP_log_model_gaussian_kernel=128_sigma=2.log:test PSNR: 29.85259735183372
INFO:logs/DIP_log_model_gaussian_kernel=128_sigma=2.log:train PSNR: 29.91808689573352
INFO:logs/DIP_log_model_gaussian_kernel=128_sigma=2.log:test PSNR: 29.86793831786744
INFO:logs/DIP_log_model_gaussian_kernel=128_sigma=2.log:train PSNR: 30.054057806168046
INFO:logs/DIP_log_model_gaussian_kernel=128_sigma=2.log:test PSNR: 29.86566956023034
INFO:logs/DIP_log_model_gaussian_kernel=128_sigma=2.log:train PSNR: 29.786343975063573
INFO:logs/DIP_log_model_gaussian_kernel=128_sigma=2.log:test PSNR: 29.866332584032847
INFO:logs/DIP_log_model_gaussian_kernel=128_sigma=2.log:train PSNR: 29.709897481995036
INFO:logs/DIP_log_model_gaussian_kernel=128_sigma=2.log:test PSNR: 29.86485789142585
INFO:logs/DIP_log_model_gaussian_kernel=128_sigma=2.log:train PSNR: 29.92242998255551
INFO:logs/DIP_log_model_gaussian_kernel=128_sigma=2.log:test PSNR: 29.8711244460232
INFO:logs/DIP_log_model_gaussian_kernel=128_sigma=2.log:train PSNR: 29.932658493962663
INFO:logs/DIP_log_model_gaussian_kernel=128_sigma=2.log:test PSNR: 29.868065484597786
INFO:logs/DIP_log_model_gaussian_kernel=128_sigma=2.log:train PSNR: 30.004852854727798
INFO:logs/DIP_log_model_gaussian_kernel=128_sigma=2.log:test PSNR: 29.87669129431743
INFO:logs/DIP_log_model_gaussian_kernel=128_sigma=2.log:train PSNR: 29.874882856230744
INFO:logs/DIP_log_model_gaussian_kernel=128_sigma=2.log:test PSNR: 29.864390107788743
INFO:logs/DIP_log_model_gaussian_kernel=128_sigma=2.log:train PSNR: 29.802555718499093
INFO:logs/DIP_log_model_gaussian_kernel=128_sigma=2.log:test PSNR: 29.87552639629531
INFO:logs/DIP_log_model_gaussian_kernel=128_sigma=2.log:train PSNR: 29.720529008111466
INFO:logs/DIP_log_model_gaussian_kernel=128_sigma=2.log:test PSNR: 29.888092374041268
INFO:logs/DIP_log_model_gaussian_kernel=128_sigma=2.log:train PSNR: 29.90602641834167
INFO:logs/DIP_log_model_gaussian_kernel=128_sigma=2.log:test PSNR: 29.87538634832123
INFO:logs/DIP_log_model_gaussian_kernel=128_sigma=2.log:train PSNR: 29.882182032152784
INFO:logs/DIP_log_model_gaussian_kernel=128_sigma=2.log:test PSNR: 29.888136077087925
INFO:logs/DIP_log_model_gaussian_kernel=128_sigma=2.log:train PSNR: 30.005757665971228
INFO:logs/DIP_log_model_gaussian_kernel=128_sigma=2.log:test PSNR: 29.88304327919391
INFO:logs/DIP_log_model_gaussian_kernel=128_sigma=2.log:train PSNR: 29.944048608581795
INFO:logs/DIP_log_model_gaussian_kernel=128_sigma=2.log:test PSNR: 29.8848227880075
INFO:logs/DIP_log_model_gaussian_kernel=128_sigma=2.log:train PSNR: 29.639835092722873
INFO:logs/DIP_log_model_gaussian_kernel=128_sigma=2.log:test PSNR: 29.880579468275272
INFO:logs/DIP_log_model_gaussian_kernel=128_sigma=2.log:train PSNR: 29.86282792122947
INFO:logs/DIP_log_model_gaussian_kernel=128_sigma=2.log:test PSNR: 29.887388807402292
INFO:logs/DIP_log_model_gaussian_kernel=128_sigma=2.log:train PSNR: 29.944923850979766
INFO:logs/DIP_log_model_gaussian_kernel=128_sigma=2.log:test PSNR: 29.884089349267867
INFO:logs/DIP_log_model_gaussian_kernel=128_sigma=2.log:train PSNR: 29.863116932377892
INFO:logs/DIP_log_model_gaussian_kernel=128_sigma=2.log:test PSNR: 29.889243058103794
INFO:logs/DIP_log_model_gaussian_kernel=128_sigma=2.log:train PSNR: 29.8544789530422
INFO:logs/DIP_log_model_gaussian_kernel=128_sigma=2.log:test PSNR: 29.890998260550873
INFO:logs/DIP_log_model_gaussian_kernel=128_sigma=2.log:train PSNR: 29.764178675043958
INFO:logs/DIP_log_model_gaussian_kernel=128_sigma=2.log:test PSNR: 29.893541633927413
INFO:logs/DIP_log_model_gaussian_kernel=128_sigma=2.log:train PSNR: 29.929001794069663
INFO:logs/DIP_log_model_gaussian_kernel=128_sigma=2.log:test PSNR: 29.891636200977064
INFO:logs/DIP_log_model_gaussian_kernel=128_sigma=2.log:train PSNR: 29.996962154612095
INFO:logs/DIP_log_model_gaussian_kernel=128_sigma=2.log:test PSNR: 29.891988122277724
INFO:logs/DIP_log_model_gaussian_kernel=128_sigma=2.log:train PSNR: 29.80057211322618
INFO:logs/DIP_log_model_gaussian_kernel=128_sigma=2.log:test PSNR: 29.893195841843117
INFO:logs/DIP_log_model_gaussian_kernel=128_sigma=2.log:train PSNR: 29.860355795158355
INFO:logs/DIP_log_model_gaussian_kernel=128_sigma=2.log:test PSNR: 29.888691273407915
INFO:logs/DIP_log_model_gaussian_kernel=128_sigma=2.log:train PSNR: 29.847071642599417
INFO:logs/DIP_log_model_gaussian_kernel=128_sigma=2.log:test PSNR: 29.89112024423974
INFO:logs/DIP_log_model_gaussian_kernel=128_sigma=2.log:train PSNR: 30.1516768324314
INFO:logs/DIP_log_model_gaussian_kernel=128_sigma=2.log:test PSNR: 29.892942019620524
INFO:logs/DIP_log_model_gaussian_kernel=128_sigma=2.log:train PSNR: 30.22183891229126
INFO:logs/DIP_log_model_gaussian_kernel=128_sigma=2.log:test PSNR: 29.898985500979933
INFO:logs/DIP_log_model_gaussian_kernel=128_sigma=2.log:train PSNR: 29.925906209431222
INFO:logs/DIP_log_model_gaussian_kernel=128_sigma=2.log:test PSNR: 29.89255029570684
INFO:logs/DIP_log_model_gaussian_kernel=128_sigma=2.log:train PSNR: 29.903034245194483
INFO:logs/DIP_log_model_gaussian_kernel=128_sigma=2.log:test PSNR: 29.895780046768692
INFO:logs/DIP_log_model_gaussian_kernel=128_sigma=2.log:train PSNR: 30.035814197632792
INFO:logs/DIP_log_model_gaussian_kernel=128_sigma=2.log:test PSNR: 29.8963643318612
INFO:logs/DIP_log_model_gaussian_kernel=128_sigma=2.log:train PSNR: 30.081332358058404
INFO:logs/DIP_log_model_gaussian_kernel=128_sigma=2.log:test PSNR: 29.896908587185084
INFO:logs/DIP_log_model_gaussian_kernel=128_sigma=2.log:train PSNR: 30.003393708750902
INFO:logs/DIP_log_model_gaussian_kernel=128_sigma=2.log:test PSNR: 29.89707608458065
INFO:logs/DIP_log_model_gaussian_kernel=128_sigma=2.log:train PSNR: 30.131622332602713
INFO:logs/DIP_log_model_gaussian_kernel=128_sigma=2.log:test PSNR: 29.902556041706877
INFO:logs/DIP_log_model_gaussian_kernel=128_sigma=2.log:train PSNR: 30.00631456492679
INFO:logs/DIP_log_model_gaussian_kernel=128_sigma=2.log:test PSNR: 29.898184718872763
INFO:logs/DIP_log_model_gaussian_kernel=128_sigma=2.log:train PSNR: 30.253691503708453
INFO:logs/DIP_log_model_gaussian_kernel=128_sigma=2.log:test PSNR: 29.901065413690418
INFO:logs/DIP_log_model_gaussian_kernel=128_sigma=2.log:train PSNR: 29.913481472032746
INFO:logs/DIP_log_model_gaussian_kernel=128_sigma=2.log:test PSNR: 29.89835817312447
INFO:logs/DIP_log_model_gaussian_kernel=128_sigma=2.log:train PSNR: 29.83410270879442
INFO:logs/DIP_log_model_gaussian_kernel=128_sigma=2.log:test PSNR: 29.900059274329916
INFO:logs/DIP_log_model_gaussian_kernel=128_sigma=2.log:train PSNR: 29.913217400942752
INFO:logs/DIP_log_model_gaussian_kernel=128_sigma=2.log:test PSNR: 29.901078362493276
INFO:logs/DIP_log_model_gaussian_kernel=128_sigma=2.log:train PSNR: 30.06809482068662
INFO:logs/DIP_log_model_gaussian_kernel=128_sigma=2.log:test PSNR: 29.900471661373718
INFO:logs/DIP_log_model_gaussian_kernel=128_sigma=2.log:train PSNR: 30.057105170681332
INFO:logs/DIP_log_model_gaussian_kernel=128_sigma=2.log:test PSNR: 29.9027999826386
INFO:logs/DIP_log_model_gaussian_kernel=128_sigma=2.log:train PSNR: 29.884331831846225
INFO:logs/DIP_log_model_gaussian_kernel=128_sigma=2.log:test PSNR: 29.89920801054339
INFO:logs/DIP_log_model_gaussian_kernel=128_sigma=2.log:train PSNR: 29.877504290501747
INFO:logs/DIP_log_model_gaussian_kernel=128_sigma=2.log:test PSNR: 29.900136250036464
INFO:logs/DIP_log_model_gaussian_kernel=128_sigma=2.log:train PSNR: 29.970491579297708
INFO:logs/DIP_log_model_gaussian_kernel=128_sigma=2.log:test PSNR: 29.899727361876295
INFO:logs/DIP_log_model_gaussian_kernel=128_sigma=2.log:train PSNR: 29.871524510022997
INFO:logs/DIP_log_model_gaussian_kernel=128_sigma=2.log:test PSNR: 29.900247959435337
INFO:logs/DIP_log_model_gaussian_kernel=128_sigma=2.log:train PSNR: 29.880804332076146
INFO:logs/DIP_log_model_gaussian_kernel=128_sigma=2.log:test PSNR: 29.90087920266897
INFO:logs/DIP_log_model_gaussian_kernel=128_sigma=2.log:train PSNR: 30.21452973559251
INFO:logs/DIP_log_model_gaussian_kernel=128_sigma=2.log:test PSNR: 29.90370821246088
INFO:logs/DIP_log_model_gaussian_kernel=128_sigma=2.log:train PSNR: 30.149596393559136
INFO:logs/DIP_log_model_gaussian_kernel=128_sigma=2.log:test PSNR: 29.902328616304573
INFO:logs/DIP_log_model_gaussian_kernel=128_sigma=2.log:train PSNR: 29.876459879403036
INFO:logs/DIP_log_model_gaussian_kernel=128_sigma=2.log:test PSNR: 29.902217567200612
INFO:logs/DIP_log_model_gaussian_kernel=128_sigma=2.log:train PSNR: 29.95822322810791
INFO:logs/DIP_log_model_gaussian_kernel=128_sigma=2.log:test PSNR: 29.903704843499796
INFO:logs/DIP_log_model_gaussian_kernel=128_sigma=2.log:train PSNR: 29.99883495007957
INFO:logs/DIP_log_model_gaussian_kernel=128_sigma=2.log:test PSNR: 29.90342779094638
INFO:logs/DIP_log_model_gaussian_kernel=128_sigma=2.log:train PSNR: 29.920096255115368
INFO:logs/DIP_log_model_gaussian_kernel=128_sigma=2.log:test PSNR: 29.904588909449757
INFO:logs/DIP_log_model_gaussian_kernel=128_sigma=2.log:train PSNR: 30.09339019890377
INFO:logs/DIP_log_model_gaussian_kernel=128_sigma=2.log:test PSNR: 29.904258272582275
INFO:logs/DIP_log_model_gaussian_kernel=128_sigma=2.log:train PSNR: 29.992692858138902
INFO:logs/DIP_log_model_gaussian_kernel=128_sigma=2.log:test PSNR: 29.904994253625464
INFO:logs/DIP_log_model_gaussian_kernel=128_sigma=2.log:train PSNR: 29.66292357088128
INFO:logs/DIP_log_model_gaussian_kernel=128_sigma=2.log:test PSNR: 29.905969491423928
INFO:logs/DIP_log_model_gaussian_kernel=128_sigma=2.log:train PSNR: 29.8334581986391
INFO:logs/DIP_log_model_gaussian_kernel=128_sigma=2.log:test PSNR: 29.905203920284887
INFO:logs/DIP_log_model_gaussian_kernel=128_sigma=2.log:train PSNR: 29.911140095769408
INFO:logs/DIP_log_model_gaussian_kernel=128_sigma=2.log:test PSNR: 29.90686912148803
INFO:logs/DIP_log_model_gaussian_kernel=128_sigma=2.log:train PSNR: 29.968338965506813
INFO:logs/DIP_log_model_gaussian_kernel=128_sigma=2.log:test PSNR: 29.90423593663022
INFO:logs/DIP_log_model_gaussian_kernel=128_sigma=2.log:train PSNR: 29.840856846276036
INFO:logs/DIP_log_model_gaussian_kernel=128_sigma=2.log:test PSNR: 29.908721664768137
INFO:logs/DIP_log_model_gaussian_kernel=128_sigma=2.log:train PSNR: 30.04614363299263
INFO:logs/DIP_log_model_gaussian_kernel=128_sigma=2.log:test PSNR: 29.90743058626748
INFO:logs/DIP_log_model_gaussian_kernel=128_sigma=2.log:train PSNR: 29.990620426371823
INFO:logs/DIP_log_model_gaussian_kernel=128_sigma=2.log:test PSNR: 29.90658041619866
INFO:logs/DIP_log_model_gaussian_kernel=128_sigma=2.log:train PSNR: 29.91662793638041
INFO:logs/DIP_log_model_gaussian_kernel=128_sigma=2.log:test PSNR: 29.908319087231718
INFO:logs/DIP_log_model_gaussian_kernel=128_sigma=2.log:train PSNR: 29.948004507861064
INFO:logs/DIP_log_model_gaussian_kernel=128_sigma=2.log:test PSNR: 29.909701788634656
INFO:logs/DIP_log_model_gaussian_kernel=128_sigma=2.log:train PSNR: 29.873328244878543
INFO:logs/DIP_log_model_gaussian_kernel=128_sigma=2.log:test PSNR: 29.9096155023263
INFO:logs/DIP_log_model_gaussian_kernel=128_sigma=2.log:train PSNR: 29.736887969215914
INFO:logs/DIP_log_model_gaussian_kernel=128_sigma=2.log:test PSNR: 29.90992508139138
INFO:logs/DIP_log_model_gaussian_kernel=128_sigma=2.log:train PSNR: 29.988864715483356
INFO:logs/DIP_log_model_gaussian_kernel=128_sigma=2.log:test PSNR: 29.910566957294062
INFO:logs/DIP_log_model_gaussian_kernel=128_sigma=2.log:train PSNR: 29.85340450485558
INFO:logs/DIP_log_model_gaussian_kernel=128_sigma=2.log:test PSNR: 29.909717371305778
INFO:logs/DIP_log_model_gaussian_kernel=128_sigma=2.log:train PSNR: 30.141198695243602
INFO:logs/DIP_log_model_gaussian_kernel=128_sigma=2.log:test PSNR: 29.909612077991046
INFO:logs/DIP_log_model_gaussian_kernel=128_sigma=2.log:train PSNR: 29.976271274117554
INFO:logs/DIP_log_model_gaussian_kernel=128_sigma=2.log:test PSNR: 29.909041393839836
INFO:logs/DIP_log_model_gaussian_kernel=128_sigma=2.log:train PSNR: 30.13440921829175
INFO:logs/DIP_log_model_gaussian_kernel=128_sigma=2.log:test PSNR: 29.907486612886277
INFO:logs/DIP_log_model_gaussian_kernel=128_sigma=2.log:train PSNR: 30.003858413322355
INFO:logs/DIP_log_model_gaussian_kernel=128_sigma=2.log:test PSNR: 29.909098193087885
INFO:logs/DIP_log_model_gaussian_kernel=128_sigma=2.log:train PSNR: 29.805656522089663
INFO:logs/DIP_log_model_gaussian_kernel=128_sigma=2.log:test PSNR: 29.910026486490136
INFO:logs/DIP_log_model_gaussian_kernel=128_sigma=2.log:train PSNR: 30.079727667096638
INFO:logs/DIP_log_model_gaussian_kernel=128_sigma=2.log:test PSNR: 29.908931098801936
INFO:logs/DIP_log_model_gaussian_kernel=128_sigma=2.log:train PSNR: 30.175766996828763
INFO:logs/DIP_log_model_gaussian_kernel=128_sigma=2.log:test PSNR: 29.908456792793146
INFO:logs/DIP_log_model_gaussian_kernel=128_sigma=2.log:train PSNR: 29.381475491130377
INFO:logs/DIP_log_model_gaussian_kernel=128_sigma=2.log:test PSNR: 29.909121843512914
INFO:logs/DIP_log_model_gaussian_kernel=128_sigma=2.log:train PSNR: 30.033390642392185
INFO:logs/DIP_log_model_gaussian_kernel=128_sigma=2.log:test PSNR: 29.90911510398312
INFO:logs/DIP_log_model_gaussian_kernel=128_sigma=2.log:train PSNR: 30.08156986138532
INFO:logs/DIP_log_model_gaussian_kernel=128_sigma=2.log:test PSNR: 29.90987947832045
INFO:logs/DIP_log_model_gaussian_kernel=128_sigma=2.log:train PSNR: 30.08774423364273
INFO:logs/DIP_log_model_gaussian_kernel=128_sigma=2.log:test PSNR: 29.909245116511222
INFO:logs/DIP_log_model_gaussian_kernel=128_sigma=2.log:train PSNR: 30.185757148029737
INFO:logs/DIP_log_model_gaussian_kernel=128_sigma=2.log:test PSNR: 29.90753794756811
INFO:logs/DIP_log_model_gaussian_kernel=128_sigma=2.log:train PSNR: 29.54154458140129
INFO:logs/DIP_log_model_gaussian_kernel=128_sigma=2.log:test PSNR: 29.90872770538083
INFO:logs/DIP_log_model_gaussian_kernel=128_sigma=2.log:train PSNR: 29.83357684773844
INFO:logs/DIP_log_model_gaussian_kernel=128_sigma=2.log:test PSNR: 29.90986081193466
INFO:logs/DIP_log_model_gaussian_kernel=128_sigma=2.log:train PSNR: 29.862235893265037
INFO:logs/DIP_log_model_gaussian_kernel=128_sigma=2.log:test PSNR: 29.90985540758853
INFO:logs/DIP_log_model_gaussian_kernel=128_sigma=2.log:train PSNR: 30.250388841390997
INFO:logs/DIP_log_model_gaussian_kernel=128_sigma=2.log:test PSNR: 29.90878368483993
INFO:logs/DIP_log_model_gaussian_kernel=128_sigma=2.log:train PSNR: 30.3159818642063
INFO:logs/DIP_log_model_gaussian_kernel=128_sigma=2.log:test PSNR: 29.90925898770113
INFO:logs/DIP_log_model_gaussian_kernel=128_sigma=2.log:train PSNR: 30.041773812613105
INFO:logs/DIP_log_model_gaussian_kernel=128_sigma=2.log:test PSNR: 29.90923667441032
INFO:logs/DIP_log_model_gaussian_kernel=128_sigma=2.log:train PSNR: 30.084209707996635
INFO:logs/DIP_log_model_gaussian_kernel=128_sigma=2.log:test PSNR: 29.908815768763013
INFO:logs/DIP_log_model_gaussian_kernel=128_sigma=2.log:train PSNR: 29.966461715542586
INFO:logs/DIP_log_model_gaussian_kernel=128_sigma=2.log:test PSNR: 29.909823920523205
INFO:logs/DIP_log_model_gaussian_kernel=128_sigma=2.log:train PSNR: 29.89972927086811
INFO:logs/DIP_log_model_gaussian_kernel=128_sigma=2.log:test PSNR: 29.91025928388487
INFO:logs/DIP_log_model_gaussian_kernel=128_sigma=2.log:train PSNR: 30.060166921123194
INFO:logs/DIP_log_model_gaussian_kernel=128_sigma=2.log:test PSNR: 29.91020968960492
INFO:logs/DIP_log_model_gaussian_kernel=128_sigma=2.log:train PSNR: 29.925924826516102
INFO:logs/DIP_log_model_gaussian_kernel=128_sigma=2.log:test PSNR: 29.910352566550074
INFO:logs/DIP_log_model_gaussian_kernel=128_sigma=2.log:train PSNR: 29.71114769040269
INFO:logs/DIP_log_model_gaussian_kernel=128_sigma=2.log:test PSNR: 29.910817178894924
INFO:logs/DIP_log_model_gaussian_kernel=128_sigma=2.log:train PSNR: 29.792361400110057
INFO:logs/DIP_log_model_gaussian_kernel=128_sigma=2.log:test PSNR: 29.909702080803754
INFO:logs/DIP_log_model_gaussian_kernel=128_sigma=2.log:train PSNR: 29.908540945113028
INFO:logs/DIP_log_model_gaussian_kernel=128_sigma=2.log:test PSNR: 29.910129745305152
INFO:logs/DIP_log_model_gaussian_kernel=128_sigma=2.log:train PSNR: 30.025389683977014
INFO:logs/DIP_log_model_gaussian_kernel=128_sigma=2.log:test PSNR: 29.910453103147724
INFO:logs/DIP_log_model_gaussian_kernel=128_sigma=2.log:train PSNR: 29.975347841987816
INFO:logs/DIP_log_model_gaussian_kernel=128_sigma=2.log:test PSNR: 29.910711182463658
INFO:logs/DIP_log_model_gaussian_kernel=128_sigma=2.log:train PSNR: 30.112897540867866
INFO:logs/DIP_log_model_gaussian_kernel=128_sigma=2.log:test PSNR: 29.909632282292026
INFO:logs/DIP_log_model_gaussian_kernel=128_sigma=2.log:train PSNR: 30.02680540863953
INFO:logs/DIP_log_model_gaussian_kernel=128_sigma=2.log:test PSNR: 29.91015321390374
INFO:logs/DIP_log_model_gaussian_kernel=128_sigma=2.log:train PSNR: 30.161924701350525
INFO:logs/DIP_log_model_gaussian_kernel=128_sigma=2.log:test PSNR: 29.910827984890123
INFO:logs/DIP_log_model_gaussian_kernel=128_sigma=2.log:train PSNR: 30.097246196241937
INFO:logs/DIP_log_model_gaussian_kernel=128_sigma=2.log:test PSNR: 29.910822805423873
INFO:logs/DIP_log_model_gaussian_kernel=128_sigma=2.log:train PSNR: 30.407825614716092
INFO:logs/DIP_log_model_gaussian_kernel=128_sigma=2.log:test PSNR: 29.91049101051013
INFO:logs/DIP_log_model_gaussian_kernel=128_sigma=2.log:train PSNR: 30.326850433836256
INFO:logs/DIP_log_model_gaussian_kernel=128_sigma=2.log:test PSNR: 29.91072841110962
INFO:logs/DIP_log_model_gaussian_kernel=128_sigma=2.log:train PSNR: 30.389479687175346
INFO:logs/DIP_log_model_gaussian_kernel=128_sigma=2.log:test PSNR: 29.91047659130818
INFO:logs/DIP_log_model_gaussian_kernel=128_sigma=2.log:train PSNR: 30.044302060854452
INFO:logs/DIP_log_model_gaussian_kernel=128_sigma=2.log:test PSNR: 29.910293242808496
INFO:logs/DIP_log_model_gaussian_kernel=128_sigma=2.log:train PSNR: 29.778756350007978
INFO:logs/DIP_log_model_gaussian_kernel=128_sigma=2.log:test PSNR: 29.911109606764207
INFO:logs/DIP_log_model_gaussian_kernel=128_sigma=2.log:train PSNR: 29.817969252262458
INFO:logs/DIP_log_model_gaussian_kernel=128_sigma=2.log:test PSNR: 29.911230301104695
INFO:logs/DIP_log_model_gaussian_kernel=128_sigma=2.log:train PSNR: 30.094081310874365
INFO:logs/DIP_log_model_gaussian_kernel=128_sigma=2.log:test PSNR: 29.910926804752833
INFO:logs/DIP_log_model_gaussian_kernel=128_sigma=2.log:train PSNR: 29.811762470969217
INFO:logs/DIP_log_model_gaussian_kernel=128_sigma=2.log:test PSNR: 29.911059611732547
INFO:logs/DIP_log_model_gaussian_kernel=128_sigma=2.log:train PSNR: 30.22316060647801
INFO:logs/DIP_log_model_gaussian_kernel=128_sigma=2.log:test PSNR: 29.911244010538155
INFO:logs/DIP_log_model_gaussian_kernel=128_sigma=2.log:train PSNR: 30.16821905423555
INFO:logs/DIP_log_model_gaussian_kernel=128_sigma=2.log:test PSNR: 29.910585418843876
INFO:logs/DIP_log_model_gaussian_kernel=128_sigma=2.log:train PSNR: 29.916254941076986
INFO:logs/DIP_log_model_gaussian_kernel=128_sigma=2.log:test PSNR: 29.91144778892985
INFO:logs/DIP_log_model_gaussian_kernel=128_sigma=2.log:train PSNR: 29.86585110747353
INFO:logs/DIP_log_model_gaussian_kernel=128_sigma=2.log:test PSNR: 29.910873159742966
INFO:logs/DIP_log_model_gaussian_kernel=128_sigma=2.log:train PSNR: 30.151581145872896
INFO:logs/DIP_log_model_gaussian_kernel=128_sigma=2.log:test PSNR: 29.91004462861694
INFO:logs/DIP_log_model_gaussian_kernel=128_sigma=2.log:train PSNR: 30.043400075782376
INFO:logs/DIP_log_model_gaussian_kernel=128_sigma=2.log:test PSNR: 29.91072495014437
INFO:logs/DIP_log_model_gaussian_kernel=128_sigma=2.log:train PSNR: 30.391061168728598
INFO:logs/DIP_log_model_gaussian_kernel=128_sigma=2.log:test PSNR: 29.91058447970525
INFO:logs/DIP_log_model_gaussian_kernel=128_sigma=2.log:train PSNR: 30.042592942645122
INFO:logs/DIP_log_model_gaussian_kernel=128_sigma=2.log:test PSNR: 29.91079666212591
INFO:logs/DIP_log_model_gaussian_kernel=128_sigma=2.log:train PSNR: 29.9964470170594
INFO:logs/DIP_log_model_gaussian_kernel=128_sigma=2.log:test PSNR: 29.910985361324165
INFO:logs/DIP_log_model_gaussian_kernel=128_sigma=2.log:train PSNR: 29.96208504103846
INFO:logs/DIP_log_model_gaussian_kernel=128_sigma=2.log:test PSNR: 29.91080459375773
INFO:logs/DIP_log_model_gaussian_kernel=128_sigma=2.log:train PSNR: 29.91915265014532
INFO:logs/DIP_log_model_gaussian_kernel=128_sigma=2.log:test PSNR: 29.910630921654846
INFO:logs/DIP_log_model_gaussian_kernel=128_sigma=2.log:train PSNR: 30.068623708355844
INFO:logs/DIP_log_model_gaussian_kernel=128_sigma=2.log:test PSNR: 29.910799124051255
INFO:logs/DIP_log_model_gaussian_kernel=128_sigma=2.log:train PSNR: 30.164186624926806
INFO:logs/DIP_log_model_gaussian_kernel=128_sigma=2.log:test PSNR: 29.910923688991193
INFO:logs/DIP_log_model_gaussian_kernel=128_sigma=2.log:train PSNR: 29.77081432667169
INFO:logs/DIP_log_model_gaussian_kernel=128_sigma=2.log:test PSNR: 29.910885309974518
INFO:logs/DIP_log_model_gaussian_kernel=128_sigma=2.log:train PSNR: 30.209803703863358
INFO:logs/DIP_log_model_gaussian_kernel=128_sigma=2.log:test PSNR: 29.910585584862933
INFO:logs/DIP_log_model_gaussian_kernel=128_sigma=2.log:train PSNR: 29.95389685348217
INFO:logs/DIP_log_model_gaussian_kernel=128_sigma=2.log:test PSNR: 29.910854991860305
INFO:logs/DIP_log_model_gaussian_kernel=128_sigma=2.log:train PSNR: 30.038429787547084
INFO:logs/DIP_log_model_gaussian_kernel=128_sigma=2.log:test PSNR: 29.91086749052024
INFO:logs/DIP_log_model_gaussian_kernel=128_sigma=2.log:train PSNR: 29.84882078132984
INFO:logs/DIP_log_model_gaussian_kernel=128_sigma=2.log:test PSNR: 29.91083919584212
INFO:logs/DIP_log_model_gaussian_kernel=128_sigma=2.log:train PSNR: 29.882328052137954
INFO:logs/DIP_log_model_gaussian_kernel=128_sigma=2.log:test PSNR: 29.91063293486596
INFO:logs/DIP_log_model_gaussian_kernel=128_sigma=2.log:train PSNR: 29.815328331674742
INFO:logs/DIP_log_model_gaussian_kernel=128_sigma=2.log:test PSNR: 29.91083333131032
INFO:logs/DIP_log_model_gaussian_kernel=128_sigma=2.log:train PSNR: 30.050361158476687
INFO:logs/DIP_log_model_gaussian_kernel=128_sigma=2.log:test PSNR: 29.91057148763765
INFO:logs/DIP_log_model_gaussian_kernel=128_sigma=2.log:train PSNR: 29.896375858997153
INFO:logs/DIP_log_model_gaussian_kernel=128_sigma=2.log:test PSNR: 29.910944427784973
INFO:logs/DIP_log_model_gaussian_kernel=128_sigma=2.log:train PSNR: 30.0992185301075
INFO:logs/DIP_log_model_gaussian_kernel=128_sigma=2.log:test PSNR: 29.91080004570284
INFO:logs/DIP_log_model_gaussian_kernel=128_sigma=2.log:train PSNR: 29.84591056354239
INFO:logs/DIP_log_model_gaussian_kernel=128_sigma=2.log:test PSNR: 29.91088633198246
INFO:logs/DIP_log_model_gaussian_kernel=128_sigma=2.log:train PSNR: 29.814815549562713
INFO:logs/DIP_log_model_gaussian_kernel=128_sigma=2.log:test PSNR: 29.910618056305537
INFO:logs/DIP_log_model_gaussian_kernel=128_sigma=2.log:train PSNR: 30.0495785931829
INFO:logs/DIP_log_model_gaussian_kernel=128_sigma=2.log:test PSNR: 29.910842261117185
INFO:logs/DIP_log_model_gaussian_kernel=128_sigma=2.log:train PSNR: 29.83133205276939
INFO:logs/DIP_log_model_gaussian_kernel=128_sigma=2.log:test PSNR: 29.911054816755886
INFO:logs/DIP_log_model_gaussian_kernel=128_sigma=2.log:train PSNR: 29.780577212405785
INFO:logs/DIP_log_model_gaussian_kernel=128_sigma=2.log:test PSNR: 29.91086760288065
INFO:logs/DIP_log_model_gaussian_kernel=128_sigma=2.log:train PSNR: 29.87747024305672
INFO:logs/DIP_log_model_gaussian_kernel=128_sigma=2.log:test PSNR: 29.910752494147122
INFO:logs/DIP_log_model_gaussian_kernel=128_sigma=2.log:train PSNR: 29.899177719552437
INFO:logs/DIP_log_model_gaussian_kernel=128_sigma=2.log:test PSNR: 29.9110146282417
